# MEAN_SAMPLE_SIZE = 19644
# TOTAL_GENES = 17367
# TEST_DIRECTION = one-sided, positive (set), one-sided, positive (covar)
# CONDITIONED_INTERNAL = gene size, gene density, inverse mac, log(gene size), log(gene density), log(inverse mac)
# CONDITIONED_HIDDEN = Average (covar)
VARIABLE                             TYPE  NGENES         BETA     BETA_STD           SE            P FULL_NAME
Adipose_Subcutaneous                COVAR   17367     0.010118      0.02021     0.010174         0.16 Adipose_Subcutaneous
Adipose_Visceral_Omentum            COVAR   17367    0.0067284     0.013079     0.010489      0.26061 Adipose_Visceral_Omentum
Adrenal_Gland                       COVAR   17367   -0.0084826    -0.016386    0.0094516      0.81526 Adrenal_Gland
Artery_Aorta                        COVAR   17367     0.020559     0.041983    0.0099617      0.01953 Artery_Aorta
Artery_Coronary                     COVAR   17367     0.020337     0.040515     0.011492     0.038407 Artery_Coronary
Artery_Tibial                       COVAR   17367     0.025931     0.053424    0.0096932    0.0037397 Artery_Tibial
Bladder                             COVAR   17367    0.0036276     0.007077     0.012436      0.38526 Bladder
Brain_Amygdala                      COVAR   17367    0.0074283     0.012665    0.0075613      0.16296 Brain_Amygdala
Brain_Anterior_cingulate_cor...     COVAR   17367    0.0036924    0.0065274     0.006982      0.29846 Brain_Anterior_cingulate_cortex_BA24
Brain_Caudate_basal_ganglia         COVAR   17367     0.007698     0.013308     0.007564      0.15442 Brain_Caudate_basal_ganglia
Brain_Cerebellar_Hemisphere         COVAR   17367     0.007343     0.014746     0.005861      0.10514 Brain_Cerebellar_Hemisphere
Brain_Cerebellum                    COVAR   17367    0.0084276     0.016743    0.0060395     0.081461 Brain_Cerebellum
Brain_Cortex                        COVAR   17367    0.0035557    0.0064897    0.0068555        0.302 Brain_Cortex
Brain_Frontal_Cortex_BA9            COVAR   17367    0.0032489    0.0059915    0.0066159      0.31169 Brain_Frontal_Cortex_BA9
Brain_Hippocampus                   COVAR   17367     0.007431     0.012594    0.0076415      0.16542 Brain_Hippocampus
Brain_Hypothalamus                  COVAR   17367  -0.00052474  -0.00090415    0.0077811      0.52688 Brain_Hypothalamus
Brain_Nucleus_accumbens_basa...     COVAR   17367    0.0050525    0.0087734    0.0073201      0.24503 Brain_Nucleus_accumbens_basal_ganglia
Brain_Putamen_basal_ganglia         COVAR   17367    0.0072546     0.012353    0.0076496      0.17148 Brain_Putamen_basal_ganglia
Brain_Spinal_cord_cervical_c...     COVAR   17367    0.0072291     0.013005    0.0081395      0.18724 Brain_Spinal_cord_cervical_c-1
Brain_Substantia_nigra              COVAR   17367      0.00453    0.0078046    0.0081848      0.28998 Brain_Substantia_nigra
Breast_Mammary_Tissue               COVAR   17367    0.0070611     0.013591     0.011914       0.2767 Breast_Mammary_Tissue
Cells_Cultured_fibroblasts          COVAR   17367     0.013816     0.029619    0.0062998     0.014157 Cells_Cultured_fibroblasts
Cells_EBV-transformed_lympho...     COVAR   17367    -0.010907    -0.023804    0.0046625      0.99034 Cells_EBV-transformed_lymphocytes
Cervix_Ectocervix                   COVAR   17367    0.0039484    0.0077457     0.011576      0.36652 Cervix_Ectocervix
Cervix_Endocervix                   COVAR   17367    0.0042068    0.0083362      0.01101       0.3512 Cervix_Endocervix
Colon_Sigmoid                       COVAR   17367    0.0038857    0.0076085     0.011817      0.37115 Colon_Sigmoid
Colon_Transverse                    COVAR   17367    -0.019205    -0.035342     0.011126      0.95783 Colon_Transverse
Esophagus_Gastroesophageal_J...     COVAR   17367     0.020035     0.039472     0.012285     0.051466 Esophagus_Gastroesophageal_Junction
Esophagus_Mucosa                    COVAR   17367   -0.0092895     -0.01797     0.007455      0.89362 Esophagus_Mucosa
Esophagus_Muscularis                COVAR   17367     0.019797     0.039081     0.011906     0.048193 Esophagus_Muscularis
Fallopian_Tube                      COVAR   17367    0.0075323     0.014628     0.011227      0.25114 Fallopian_Tube
Heart_Atrial_Appendage              COVAR   17367    0.0077663     0.013952    0.0092106      0.19957 Heart_Atrial_Appendage
Heart_Left_Ventricle                COVAR   17367    0.0041109    0.0068652    0.0088641      0.32141 Heart_Left_Ventricle
Kidney_Cortex                       COVAR   17367    -0.010092    -0.017746    0.0084625      0.88346 Kidney_Cortex
Kidney_Medulla                      COVAR   17367    -0.010581    -0.019582     0.008764      0.88634 Kidney_Medulla
Liver                               COVAR   17367    -0.004316   -0.0077746    0.0060977      0.76046 Liver
Lung                                COVAR   17367   -0.0088965    -0.017217    0.0087878      0.84431 Lung
Minor_Salivary_Gland                COVAR   17367    -0.014426     -0.02687    0.0092941      0.93968 Minor_Salivary_Gland
Muscle_Skeletal                     COVAR   17367    -0.001313   -0.0024844    0.0067281      0.57736 Muscle_Skeletal
Nerve_Tibial                        COVAR   17367     0.012003     0.024182    0.0097448      0.10903 Nerve_Tibial
Ovary                               COVAR   17367    0.0056854     0.011533    0.0091481      0.26715 Ovary
Pancreas                            COVAR   17367   -0.0094883    -0.015875    0.0081352      0.87825 Pancreas
Pituitary                           COVAR   17367   -0.0090591    -0.016908    0.0087016      0.85107 Pituitary
Prostate                            COVAR   17367    -0.012927     -0.02455     0.011384      0.87192 Prostate
Skin_Not_Sun_Exposed_Suprapu...     COVAR   17367    -0.013988    -0.026996    0.0074779      0.96929 Skin_Not_Sun_Exposed_Suprapubic
Skin_Sun_Exposed_Lower_leg          COVAR   17367    -0.010632    -0.020647    0.0075066      0.92165 Skin_Sun_Exposed_Lower_leg
Small_Intestine_Terminal_Ile...     COVAR   17367    -0.016154    -0.029734     0.009206      0.96034 Small_Intestine_Terminal_Ileum
Spleen                              COVAR   17367    -0.020896    -0.041435    0.0070425      0.99849 Spleen
Stomach                             COVAR   17367   -0.0042931   -0.0078059     0.011544        0.645 Stomach
Testis                              COVAR   17367     0.001593    0.0027528    0.0053885      0.38376 Testis
Thyroid                             COVAR   17367    0.0054979     0.010898    0.0091927       0.2749 Thyroid
Uterus                              COVAR   17367    0.0087059     0.017753     0.010393      0.20112 Uterus
Vagina                              COVAR   17367   -0.0088427    -0.016925     0.010736      0.79492 Vagina
Whole_Blood                         COVAR   17367    -0.014442    -0.026104    0.0054747      0.99582 Whole_Blood
