*********************************************************************
* LD Score Regression (LDSC)
* Version 1.0.1
* (C) 2014-2019 Brendan Bulik-Sullivan and Hilary Finucane
* Broad Institute of MIT and Harvard / MIT Department of Mathematics
* GNU General Public License v3
*********************************************************************
Call: 
./munge_sumstats.py \
--signed-sumstats ChiScore,1 \
--delim , \
--out v1/MUNGE_OUTPUT2 \
--n-min 19644.0 \
--snp rsID \
--sumstats data.csv \
--p P-value \
--no-alleles  

Interpreting column names as follows:
rsID:	Variant ID (e.g., rs number)
P-value:	p-Value
ChiScore:	Directional summary statistic as specified by --signed-sumstats.
N:	Sample size

Reading sumstats from data.csv into memory 5000000 SNPs at a time.
Read 8337864 SNPs from --sumstats file.
Removed 0 SNPs with missing values.
Removed 0 SNPs with INFO <= 0.9.
Removed 0 SNPs with MAF <= 0.01.
Removed 0 SNPs with out-of-bounds p-values.
Removed 0 variants that were not SNPs or were strand-ambiguous.
8337864 SNPs remain.
Removed 4355 SNPs with duplicated rs numbers (8333509 SNPs remain).
Removed 0 SNPs with N < 19644.0 (8333509 SNPs remain).

ERROR converting summary statistics:

Traceback (most recent call last):
  File "./ldsc/munge_sumstats.py", line 703, in munge_sumstats
    check_median(dat.SIGNED_SUMSTAT, signed_sumstat_null, 0.1, sign_cname))
  File "./ldsc/munge_sumstats.py", line 373, in check_median
    raise ValueError(msg.format(F=name, M=expected_median, V=round(m, 2)))
ValueError: WARNING: median value of SIGNED_SUMSTATS is 0.0 (should be close to 1.0). This column may be mislabeled.


Conversion finished at Wed Feb 16 20:38:08 2022
Total time elapsed: 49.44s
