This is pdfTeX, Version 3.141592653-2.6-1.40.23 (TeX Live 2021) (preloaded format=pdflatex 2022.3.22)  18 APR 2022 23:38
entering extended mode
 \write18 enabled.
 %&-line parsing enabled.
**main.tex
(./main.tex
LaTeX2e <2021-11-15> patch level 1
L3 programming layer <2022-02-24>
(/usr/local/texlive/texmf-local/tex/latex/kulemt/kulemt.cls
Document Class: kulemt 2021/09/11 v1.12 KU Leuven engineering master's thesis d
ocument class
(/usr/local/texlive/2021/texmf-dist/tex/latex/graphics/keyval.sty
Package: keyval 2014/10/28 v1.15 key=value parser (DPC)
\KV@toks@=\toks16
)
\kulemt@bind=\dimen138

(/usr/local/texlive/2021/texmf-dist/tex/latex/base/inputenc.sty
Package: inputenc 2021/02/14 v1.3d Input encoding file
\inpenc@prehook=\toks17
\inpenc@posthook=\toks18

(/usr/local/texlive/2021/texmf-dist/tex/latex/base/ascii.def
File: ascii.def 2021/02/14 v1.3d Input encoding file
))
\kulemt@facnum=\count185

(/usr/local/texlive/texmf-local/tex/latex/kulemt/kulemt.cfg
File: kulemt.cfg 2021/03/11
)
(/usr/local/texlive/2021/texmf-dist/tex/latex/memoir/memoir.cls
Document Class: memoir 2022/02/20 v3.7q configurable book, report, article docu
ment class
(/usr/local/texlive/2021/texmf-dist/tex/latex/etoolbox/etoolbox.sty
Package: etoolbox 2020/10/05 v2.5k e-TeX tools for LaTeX (JAW)
\etb@tempcnta=\count186
)
\onelineskip=\skip47
\lxvchars=\skip48
\xlvchars=\skip49
\@memcnta=\count187
\c@@memmarkcntra=\count188

(/usr/local/texlive/2021/texmf-dist/tex/generic/iftex/iftex.sty
Package: iftex 2022/02/03 v1.0f TeX engine tests
)
\stockheight=\skip50
\stockwidth=\skip51
\trimtop=\skip52
\trimedge=\skip53

(/usr/local/texlive/2021/texmf-dist/tex/latex/memoir/mem11.clo
File: mem11.clo 2008/01/30 v0.3 memoir class 11pt size option
)
\binding=\skip54
\spinemargin=\skip55
\foremargin=\skip56
\uppermargin=\skip57
\lowermargin=\skip58
\headdrop=\skip59
\normalrulethickness=\skip60
\mem@maxheadheight=\skip61
\mem@maxfootheight=\skip62
\headwidth=\skip63
\c@storedpagenumber=\count189
\memPD=\dimen139
\m@mabparskip=\skip64
\thanksmarkwidth=\skip65
\thanksmarksep=\skip66
\droptitle=\skip67
\c@book=\count190
\c@part=\count191
\c@chapter=\count192
\c@section=\count193
\c@subsection=\count194
\c@subsubsection=\count195
\c@paragraph=\count196
\c@subparagraph=\count197
\beforechapskip=\skip68
\midchapskip=\skip69
\afterchapskip=\skip70
\chapindent=\skip71
\bottomsectionskip=\skip72
\secindent=\skip73
\beforesecskip=\skip74
\aftersecskip=\skip75
\subsecindent=\skip76
\beforesubsecskip=\skip77
\aftersubsecskip=\skip78
\subsubsecindent=\skip79
\beforesubsubsecskip=\skip80
\aftersubsubsecskip=\skip81
\paraindent=\skip82
\beforeparaskip=\skip83
\afterparaskip=\skip84
\subparaindent=\skip85
\beforesubparaskip=\skip86
\aftersubparaskip=\skip87
\pfbreakskip=\skip88
\c@@ppsavesec=\count198
\c@@ppsaveapp=\count199
\ragrparindent=\dimen140
\everylistparindent=\dimen141
\parsepi=\skip89
\topsepi=\skip90
\itemsepi=\skip91
\parsepii=\skip92
\topsepii=\skip93
\topsepiii=\skip94
\itemsepii=\skip95
\itemsepiii=\skip96
\partopsepii=\skip97
\partopsepiii=\skip98
\m@msavetopsep=\skip99
\m@msavepartopsep=\skip100
\@enLab=\toks19
\abstitleskip=\skip101
\absleftindent=\skip102
\abs@leftindent=\dimen142
\absrightindent=\skip103
\absparindent=\skip104
\absparsep=\skip105
\c@vslineno=\count266
\c@poemline=\count267
\c@modulo@vs=\count268
\c@memfvsline=\count269
\vleftskip=\skip106
\vrightskip=\skip107
\stanzaskip=\skip108
\versewidth=\skip109
\vgap=\skip110
\vindent=\skip111
\vleftmargin=\dimen143
\c@verse=\count270
\c@chrsinstr=\count271
\beforepoemtitleskip=\skip112
\afterpoemtitleskip=\skip113
\c@poem=\count272
\beforePoemTitleskip=\skip114
\midPoemTitleskip=\skip115
\afterPoemTitleskip=\skip116

(/usr/local/texlive/2021/texmf-dist/tex/latex/tools/array.sty
Package: array 2021/10/04 v2.5f Tabular extension package (FMi)
\col@sep=\dimen144
\ar@mcellbox=\box50
\extrarowheight=\dimen145
\NC@list=\toks20
\extratabsurround=\skip117
\backup@length=\skip118
\ar@cellbox=\box51
)
(/usr/local/texlive/2021/texmf-dist/tex/latex/tools/dcolumn.sty
Package: dcolumn 2014/10/28 v1.06 decimal alignment package (DPC)
)
(/usr/local/texlive/2021/texmf-dist/tex/latex/tools/delarray.sty
Package: delarray 2014/10/28 v1.01 array delimiter package (DPC)
)
(/usr/local/texlive/2021/texmf-dist/tex/latex/tools/tabularx.sty
Package: tabularx 2020/01/15 v2.11c `tabularx' package (DPC)
\TX@col@width=\dimen146
\TX@old@table=\dimen147
\TX@old@col=\dimen148
\TX@target=\dimen149
\TX@delta=\dimen150
\TX@cols=\count273
\TX@ftn=\toks21
)
\heavyrulewidth=\dimen151
\lightrulewidth=\dimen152
\cmidrulewidth=\dimen153
\belowrulesep=\dimen154
\belowbottomsep=\dimen155
\aboverulesep=\dimen156
\abovetopsep=\dimen157
\cmidrulesep=\dimen158
\cmidrulekern=\dimen159
\defaultaddspace=\dimen160
\@cmidla=\count274
\@cmidlb=\count275
\@aboverulesep=\dimen161
\@belowrulesep=\dimen162
\@thisruleclass=\count276
\@lastruleclass=\count277
\@thisrulewidth=\dimen163
\ctableftskip=\skip119
\ctabrightskip=\skip120
\abovecolumnspenalty=\count278
\@linestogo=\count279
\@cellstogo=\count280
\@cellsincolumn=\count281
\crtok=\toks22
\@mincolumnwidth=\dimen164
\c@newflo@tctr=\count282
\mem@margin@floatbox=\box52
\@contcwidth=\skip121
\@contindw=\skip122
\abovecaptionskip=\skip123
\belowcaptionskip=\skip124
\subfloattopskip=\skip125
\subfloatcapskip=\skip126
\subfloatcaptopadj=\skip127
\subfloatbottomskip=\skip128
\subfloatlabelskip=\skip129
\subfloatcapmargin=\dimen165
\c@@contsubnum=\count283
\m@mscap@capbox=\box53
\m@mscap@fbox=\box54
\sidecapsep=\dimen166
\sidecapwidth=\dimen167
\m@m@tempdima=\dimen168
\m@mscapraise=\dimen169
\sidecapraise=\dimen170
\m@mscapmainwidth=\dimen171
\m@mscaplkern=\dimen172
\beforeepigraphskip=\skip130
\afterepigraphskip=\skip131
\epigraphwidth=\skip132
\epigraphrule=\skip133
LaTeX Info: Redefining \em on input line 7655.
LaTeX Info: Redefining \emph on input line 7663.
\tocentryskip=\skip134
\tocbaseline=\skip135
\cftparskip=\skip136
\cftbeforebookskip=\skip137
\cftbookindent=\dimen173
\cftbooknumwidth=\dimen174
\cftbeforepartskip=\skip138
\cftpartindent=\skip139
\cftpartnumwidth=\skip140
\cftbeforechapterskip=\skip141
\cftchapterindent=\skip142
\cftchapternumwidth=\skip143
\cftbeforesectionskip=\skip144
\cftsectionindent=\skip145
\cftsectionnumwidth=\skip146
\cftbeforesubsectionskip=\skip147
\cftsubsectionindent=\skip148
\cftsubsectionnumwidth=\skip149
\cftbeforesubsubsectionskip=\skip150
\cftsubsubsectionindent=\skip151
\cftsubsubsectionnumwidth=\skip152
\cftbeforeparagraphskip=\skip153
\cftparagraphindent=\skip154
\cftparagraphnumwidth=\skip155
\cftbeforesubparagraphskip=\skip156
\cftsubparagraphindent=\skip157
\cftsubparagraphnumwidth=\skip158
\prechapterprecisshift=\dimen175
\c@maxsecnumdepth=\count284
\bibindent=\dimen176
\bibitemsep=\skip159
\indexcolsep=\skip160
\indexrule=\skip161
\indexmarkstyle=\toks23
\@indexbox=\insert252
\glossarycolsep=\dimen177
\glossaryrule=\dimen178
\sideparvshift=\skip162
\sideins=\insert251
\sidebartopsep=\skip163
\sidebarhsep=\skip164
\sidebarvsep=\skip165
\sidebarwidth=\skip166
\footmarkwidth=\skip167
\footmarksep=\skip168
\footparindent=\skip169
\footinsdim=\skip170
\footinsv@r=\insert250
\@mpfootinsv@r=\insert249
\m@m@k=\count285
\m@m@h=\dimen179
\m@mipn@skip=\skip171
\sidefootins=\insert248
\sidefootadjust=\skip172
\sidefootheight=\skip173
\sidefoothsep=\skip174
\sidefootvsep=\skip175
\sidefootwidth=\skip176
\m@mdownsf=\skip177
\c@sidefootnote=\count286
\sidefootmarkwidth=\skip178
\sidefootmarksep=\skip179
\sidefootparindent=\skip180
\c@pagenote=\count287
\c@pagenoteshadow=\count288
\mem@pn@lastkern=\skip181
\every@verbatim=\toks24
\afterevery@verbatim=\toks25
\verbatim@line=\toks26
\tab@position=\count289
\verbatim@in@stream=\read2
\verbatimindent=\skip182
\verbatim@out=\write3
\bvboxsep=\skip183
\c@memfbvline=\count290
\c@bvlinectr=\count291
\bvnumlength=\skip184
\fb@frw=\dimen180
\fb@frh=\dimen181
\FrameRule=\dimen182
\FrameSep=\dimen183
\c@cp@cntr=\count292
\c@ism@mctr=\count293
\c@xsm@mctr=\count294
\c@csm@mctr=\count295
\c@ksm@mctr=\count296
\c@xksm@mctr=\count297
\c@cksm@mctr=\count298
\c@msm@mctr=\count299
\c@xmsm@mctr=\count300
\c@cmsm@mctr=\count301
\c@bsm@mctr=\count302
\c@workm@mctr=\count303
\c@sheetsequence=\count304
\c@lastsheet=\count305
\c@lastpage=\count306

(/usr/local/texlive/2021/texmf-dist/tex/latex/textcase/textcase.sty
Package: textcase 2019/09/14 v1.00 Text only upper/lower case changing (DPC)
)
\c@figure=\count307
\c@lofdepth=\count308
\cftbeforefigureskip=\skip185
\cftfigureindent=\skip186
\cftfigurenumwidth=\skip187
\c@table=\count309
\c@lotdepth=\count310
\cftbeforetableskip=\skip188
\cfttableindent=\skip189
\cfttablenumwidth=\skip190
Package abstract [2008/07/23] emulated by memoir.
Package appendix [2008/07/23] emulated by memoir.
Package booktabs [2016/05/16] emulated by memoir.
Package ccaption [2008/07/23] emulated by memoir.
Package changepage [2008/07/23] emulated by memoir.
Package chngcntr [2008/07/23] emulated by memoir.
Package chngpage [2008/07/23] emulated by memoir.
Package crop emulated by memoir.
Package enumerate [2008/07/23] emulated by memoir.
Package epigraph [2008/07/23] emulated by memoir.
Package ifmtarg [2008/07/23] emulated by memoir.
Package index [2008/07/23] emulated by memoir.
Package makeidx [2008/07/23] emulated by memoir.
Package moreverb [2008/07/23] emulated by memoir.
Package needspace [2008/07/23] emulated by memoir.
Package newfile [2008/07/23] emulated by memoir.
Package nextpage [2008/07/23] emulated by memoir.
Package pagenote [2008/07/23] emulated by memoir.
Package parskip [2008/07/23] emulated by memoir.
Package patchcmd [2008/07/23] emulated by memoir.
Package setspace [2008/07/23] emulated by memoir.
Package shortvrb [2008/07/23] emulated by memoir.
Package showidx [2008/07/23] emulated by memoir.
Package titleref [2008/07/23] emulated by memoir.
Package titling [2008/07/23] emulated by memoir.
Package tocbibind [2008/07/23] emulated by memoir.
Package tocloft [2008/07/23] emulated by memoir.
Package tocvsec2 [2008/07/23] emulated by memoir.
Package verbatim [2008/07/23] emulated by memoir.
Package verse [2008/07/23] emulated by memoir.
)
(/usr/local/texlive/2021/texmf-dist/tex/generic/babel/babel.sty
Package: babel 2022/02/26 3.73 The Babel package
\babel@savecnt=\count311
\U@D=\dimen184
\l@unhyphenated=\language87

(/usr/local/texlive/2021/texmf-dist/tex/generic/babel/txtbabel.def)
\bbl@readstream=\read3
\bbl@dirlevel=\count312

(/usr/local/texlive/2021/texmf-dist/tex/generic/babel-english/english.ldf
Language: english 2017/06/06 v3.3r English support from the babel system
Package babel Info: Hyphen rules for 'canadian' set to \l@english
(babel)             (\language0). Reported on input line 102.
Package babel Info: Hyphen rules for 'australian' set to \l@ukenglish
(babel)             (\language21). Reported on input line 105.
Package babel Info: Hyphen rules for 'newzealand' set to \l@ukenglish
(babel)             (\language21). Reported on input line 108.
)
(/usr/local/texlive/2021/texmf-dist/tex/generic/babel-dutch/dutch.ldf
Language: dutch 2021/08/29 v3.8l Dutch support from the babel system
Package babel Info: Making " an active character on input line 127.
))
(/usr/local/texlive/2021/texmf-dist/tex/latex/graphics/graphicx.sty
Package: graphicx 2021/09/16 v1.2d Enhanced LaTeX Graphics (DPC,SPQR)

(/usr/local/texlive/2021/texmf-dist/tex/latex/graphics/graphics.sty
Package: graphics 2021/03/04 v1.4d Standard LaTeX Graphics (DPC,SPQR)

(/usr/local/texlive/2021/texmf-dist/tex/latex/graphics/trig.sty
Package: trig 2021/08/11 v1.11 sin cos tan (DPC)
)
(/usr/local/texlive/2021/texmf-dist/tex/latex/graphics-cfg/graphics.cfg
File: graphics.cfg 2016/06/04 v1.11 sample graphics configuration
)
Package graphics Info: Driver file: pdftex.def on input line 107.

(/usr/local/texlive/2021/texmf-dist/tex/latex/graphics-def/pdftex.def
File: pdftex.def 2020/10/05 v1.2a Graphics/color driver for pdftex
))
\Gin@req@height=\dimen185
\Gin@req@width=\dimen186
)
(/usr/local/texlive/2021/texmf-dist/tex/latex/graphics/color.sty
Package: color 2021/12/07 v1.3c Standard LaTeX Color (DPC)

(/usr/local/texlive/2021/texmf-dist/tex/latex/graphics-cfg/color.cfg
File: color.cfg 2016/01/02 v1.6 sample color configuration
)
Package color Info: Driver file: pdftex.def on input line 149.
)
(/usr/local/texlive/2021/texmf-dist/tex/latex/base/fontenc.sty
Package: fontenc 2021/04/29 v2.0v Standard LaTeX package
))

Class kulemt Warning: The key `bind' can only be used as a class option.
(kulemt)              It is ignored on input line 2.

(/usr/local/texlive/2021/texmf-dist/tex/latex/base/utf8.def
File: utf8.def 2021/06/21 v1.2n UTF-8 support
Now handling font encoding OML ...
... no UTF-8 mapping file for font encoding OML
Now handling font encoding OMS ...
... processing UTF-8 mapping file for font encoding OMS

(/usr/local/texlive/2021/texmf-dist/tex/latex/base/omsenc.dfu
File: omsenc.dfu 2021/06/21 v1.2n UTF-8 support
   defining Unicode char U+00A7 (decimal 167)
   defining Unicode char U+00B6 (decimal 182)
   defining Unicode char U+00B7 (decimal 183)
   defining Unicode char U+2020 (decimal 8224)
   defining Unicode char U+2021 (decimal 8225)
   defining Unicode char U+2022 (decimal 8226)
)
Now handling font encoding OT1 ...
... processing UTF-8 mapping file for font encoding OT1

(/usr/local/texlive/2021/texmf-dist/tex/latex/base/ot1enc.dfu
File: ot1enc.dfu 2021/06/21 v1.2n UTF-8 support
   defining Unicode char U+00A0 (decimal 160)
   defining Unicode char U+00A1 (decimal 161)
   defining Unicode char U+00A3 (decimal 163)
   defining Unicode char U+00AD (decimal 173)
   defining Unicode char U+00B8 (decimal 184)
   defining Unicode char U+00BF (decimal 191)
   defining Unicode char U+00C5 (decimal 197)
   defining Unicode char U+00C6 (decimal 198)
   defining Unicode char U+00D8 (decimal 216)
   defining Unicode char U+00DF (decimal 223)
   defining Unicode char U+00E6 (decimal 230)
   defining Unicode char U+00EC (decimal 236)
   defining Unicode char U+00ED (decimal 237)
   defining Unicode char U+00EE (decimal 238)
   defining Unicode char U+00EF (decimal 239)
   defining Unicode char U+00F8 (decimal 248)
   defining Unicode char U+0131 (decimal 305)
   defining Unicode char U+0141 (decimal 321)
   defining Unicode char U+0142 (decimal 322)
   defining Unicode char U+0152 (decimal 338)
   defining Unicode char U+0153 (decimal 339)
   defining Unicode char U+0174 (decimal 372)
   defining Unicode char U+0175 (decimal 373)
   defining Unicode char U+0176 (decimal 374)
   defining Unicode char U+0177 (decimal 375)
   defining Unicode char U+0218 (decimal 536)
   defining Unicode char U+0219 (decimal 537)
   defining Unicode char U+021A (decimal 538)
   defining Unicode char U+021B (decimal 539)
   defining Unicode char U+0237 (decimal 567)
   defining Unicode char U+2013 (decimal 8211)
   defining Unicode char U+2014 (decimal 8212)
   defining Unicode char U+2018 (decimal 8216)
   defining Unicode char U+2019 (decimal 8217)
   defining Unicode char U+201C (decimal 8220)
   defining Unicode char U+201D (decimal 8221)
   defining Unicode char U+FB00 (decimal 64256)
   defining Unicode char U+FB01 (decimal 64257)
   defining Unicode char U+FB02 (decimal 64258)
   defining Unicode char U+FB03 (decimal 64259)
   defining Unicode char U+FB04 (decimal 64260)
   defining Unicode char U+FB05 (decimal 64261)
   defining Unicode char U+FB06 (decimal 64262)
)
Now handling font encoding T1 ...
... processing UTF-8 mapping file for font encoding T1

(/usr/local/texlive/2021/texmf-dist/tex/latex/base/t1enc.dfu
File: t1enc.dfu 2021/06/21 v1.2n UTF-8 support
   defining Unicode char U+00A0 (decimal 160)
   defining Unicode char U+00A1 (decimal 161)
   defining Unicode char U+00A3 (decimal 163)
   defining Unicode char U+00AB (decimal 171)
   defining Unicode char U+00AD (decimal 173)
   defining Unicode char U+00BB (decimal 187)
   defining Unicode char U+00BF (decimal 191)
   defining Unicode char U+00C0 (decimal 192)
   defining Unicode char U+00C1 (decimal 193)
   defining Unicode char U+00C2 (decimal 194)
   defining Unicode char U+00C3 (decimal 195)
   defining Unicode char U+00C4 (decimal 196)
   defining Unicode char U+00C5 (decimal 197)
   defining Unicode char U+00C6 (decimal 198)
   defining Unicode char U+00C7 (decimal 199)
   defining Unicode char U+00C8 (decimal 200)
   defining Unicode char U+00C9 (decimal 201)
   defining Unicode char U+00CA (decimal 202)
   defining Unicode char U+00CB (decimal 203)
   defining Unicode char U+00CC (decimal 204)
   defining Unicode char U+00CD (decimal 205)
   defining Unicode char U+00CE (decimal 206)
   defining Unicode char U+00CF (decimal 207)
   defining Unicode char U+00D0 (decimal 208)
   defining Unicode char U+00D1 (decimal 209)
   defining Unicode char U+00D2 (decimal 210)
   defining Unicode char U+00D3 (decimal 211)
   defining Unicode char U+00D4 (decimal 212)
   defining Unicode char U+00D5 (decimal 213)
   defining Unicode char U+00D6 (decimal 214)
   defining Unicode char U+00D8 (decimal 216)
   defining Unicode char U+00D9 (decimal 217)
   defining Unicode char U+00DA (decimal 218)
   defining Unicode char U+00DB (decimal 219)
   defining Unicode char U+00DC (decimal 220)
   defining Unicode char U+00DD (decimal 221)
   defining Unicode char U+00DE (decimal 222)
   defining Unicode char U+00DF (decimal 223)
   defining Unicode char U+00E0 (decimal 224)
   defining Unicode char U+00E1 (decimal 225)
   defining Unicode char U+00E2 (decimal 226)
   defining Unicode char U+00E3 (decimal 227)
   defining Unicode char U+00E4 (decimal 228)
   defining Unicode char U+00E5 (decimal 229)
   defining Unicode char U+00E6 (decimal 230)
   defining Unicode char U+00E7 (decimal 231)
   defining Unicode char U+00E8 (decimal 232)
   defining Unicode char U+00E9 (decimal 233)
   defining Unicode char U+00EA (decimal 234)
   defining Unicode char U+00EB (decimal 235)
   defining Unicode char U+00EC (decimal 236)
   defining Unicode char U+00ED (decimal 237)
   defining Unicode char U+00EE (decimal 238)
   defining Unicode char U+00EF (decimal 239)
   defining Unicode char U+00F0 (decimal 240)
   defining Unicode char U+00F1 (decimal 241)
   defining Unicode char U+00F2 (decimal 242)
   defining Unicode char U+00F3 (decimal 243)
   defining Unicode char U+00F4 (decimal 244)
   defining Unicode char U+00F5 (decimal 245)
   defining Unicode char U+00F6 (decimal 246)
   defining Unicode char U+00F8 (decimal 248)
   defining Unicode char U+00F9 (decimal 249)
   defining Unicode char U+00FA (decimal 250)
   defining Unicode char U+00FB (decimal 251)
   defining Unicode char U+00FC (decimal 252)
   defining Unicode char U+00FD (decimal 253)
   defining Unicode char U+00FE (decimal 254)
   defining Unicode char U+00FF (decimal 255)
   defining Unicode char U+0100 (decimal 256)
   defining Unicode char U+0101 (decimal 257)
   defining Unicode char U+0102 (decimal 258)
   defining Unicode char U+0103 (decimal 259)
   defining Unicode char U+0104 (decimal 260)
   defining Unicode char U+0105 (decimal 261)
   defining Unicode char U+0106 (decimal 262)
   defining Unicode char U+0107 (decimal 263)
   defining Unicode char U+0108 (decimal 264)
   defining Unicode char U+0109 (decimal 265)
   defining Unicode char U+010A (decimal 266)
   defining Unicode char U+010B (decimal 267)
   defining Unicode char U+010C (decimal 268)
   defining Unicode char U+010D (decimal 269)
   defining Unicode char U+010E (decimal 270)
   defining Unicode char U+010F (decimal 271)
   defining Unicode char U+0110 (decimal 272)
   defining Unicode char U+0111 (decimal 273)
   defining Unicode char U+0112 (decimal 274)
   defining Unicode char U+0113 (decimal 275)
   defining Unicode char U+0114 (decimal 276)
   defining Unicode char U+0115 (decimal 277)
   defining Unicode char U+0116 (decimal 278)
   defining Unicode char U+0117 (decimal 279)
   defining Unicode char U+0118 (decimal 280)
   defining Unicode char U+0119 (decimal 281)
   defining Unicode char U+011A (decimal 282)
   defining Unicode char U+011B (decimal 283)
   defining Unicode char U+011C (decimal 284)
   defining Unicode char U+011D (decimal 285)
   defining Unicode char U+011E (decimal 286)
   defining Unicode char U+011F (decimal 287)
   defining Unicode char U+0120 (decimal 288)
   defining Unicode char U+0121 (decimal 289)
   defining Unicode char U+0122 (decimal 290)
   defining Unicode char U+0123 (decimal 291)
   defining Unicode char U+0124 (decimal 292)
   defining Unicode char U+0125 (decimal 293)
   defining Unicode char U+0128 (decimal 296)
   defining Unicode char U+0129 (decimal 297)
   defining Unicode char U+012A (decimal 298)
   defining Unicode char U+012B (decimal 299)
   defining Unicode char U+012C (decimal 300)
   defining Unicode char U+012D (decimal 301)
   defining Unicode char U+012E (decimal 302)
   defining Unicode char U+012F (decimal 303)
   defining Unicode char U+0130 (decimal 304)
   defining Unicode char U+0131 (decimal 305)
   defining Unicode char U+0132 (decimal 306)
   defining Unicode char U+0133 (decimal 307)
   defining Unicode char U+0134 (decimal 308)
   defining Unicode char U+0135 (decimal 309)
   defining Unicode char U+0136 (decimal 310)
   defining Unicode char U+0137 (decimal 311)
   defining Unicode char U+0139 (decimal 313)
   defining Unicode char U+013A (decimal 314)
   defining Unicode char U+013B (decimal 315)
   defining Unicode char U+013C (decimal 316)
   defining Unicode char U+013D (decimal 317)
   defining Unicode char U+013E (decimal 318)
   defining Unicode char U+0141 (decimal 321)
   defining Unicode char U+0142 (decimal 322)
   defining Unicode char U+0143 (decimal 323)
   defining Unicode char U+0144 (decimal 324)
   defining Unicode char U+0145 (decimal 325)
   defining Unicode char U+0146 (decimal 326)
   defining Unicode char U+0147 (decimal 327)
   defining Unicode char U+0148 (decimal 328)
   defining Unicode char U+014A (decimal 330)
   defining Unicode char U+014B (decimal 331)
   defining Unicode char U+014C (decimal 332)
   defining Unicode char U+014D (decimal 333)
   defining Unicode char U+014E (decimal 334)
   defining Unicode char U+014F (decimal 335)
   defining Unicode char U+0150 (decimal 336)
   defining Unicode char U+0151 (decimal 337)
   defining Unicode char U+0152 (decimal 338)
   defining Unicode char U+0153 (decimal 339)
   defining Unicode char U+0154 (decimal 340)
   defining Unicode char U+0155 (decimal 341)
   defining Unicode char U+0156 (decimal 342)
   defining Unicode char U+0157 (decimal 343)
   defining Unicode char U+0158 (decimal 344)
   defining Unicode char U+0159 (decimal 345)
   defining Unicode char U+015A (decimal 346)
   defining Unicode char U+015B (decimal 347)
   defining Unicode char U+015C (decimal 348)
   defining Unicode char U+015D (decimal 349)
   defining Unicode char U+015E (decimal 350)
   defining Unicode char U+015F (decimal 351)
   defining Unicode char U+0160 (decimal 352)
   defining Unicode char U+0161 (decimal 353)
   defining Unicode char U+0162 (decimal 354)
   defining Unicode char U+0163 (decimal 355)
   defining Unicode char U+0164 (decimal 356)
   defining Unicode char U+0165 (decimal 357)
   defining Unicode char U+0168 (decimal 360)
   defining Unicode char U+0169 (decimal 361)
   defining Unicode char U+016A (decimal 362)
   defining Unicode char U+016B (decimal 363)
   defining Unicode char U+016C (decimal 364)
   defining Unicode char U+016D (decimal 365)
   defining Unicode char U+016E (decimal 366)
   defining Unicode char U+016F (decimal 367)
   defining Unicode char U+0170 (decimal 368)
   defining Unicode char U+0171 (decimal 369)
   defining Unicode char U+0172 (decimal 370)
   defining Unicode char U+0173 (decimal 371)
   defining Unicode char U+0174 (decimal 372)
   defining Unicode char U+0175 (decimal 373)
   defining Unicode char U+0176 (decimal 374)
   defining Unicode char U+0177 (decimal 375)
   defining Unicode char U+0178 (decimal 376)
   defining Unicode char U+0179 (decimal 377)
   defining Unicode char U+017A (decimal 378)
   defining Unicode char U+017B (decimal 379)
   defining Unicode char U+017C (decimal 380)
   defining Unicode char U+017D (decimal 381)
   defining Unicode char U+017E (decimal 382)
   defining Unicode char U+01CD (decimal 461)
   defining Unicode char U+01CE (decimal 462)
   defining Unicode char U+01CF (decimal 463)
   defining Unicode char U+01D0 (decimal 464)
   defining Unicode char U+01D1 (decimal 465)
   defining Unicode char U+01D2 (decimal 466)
   defining Unicode char U+01D3 (decimal 467)
   defining Unicode char U+01D4 (decimal 468)
   defining Unicode char U+01E2 (decimal 482)
   defining Unicode char U+01E3 (decimal 483)
   defining Unicode char U+01E6 (decimal 486)
   defining Unicode char U+01E7 (decimal 487)
   defining Unicode char U+01E8 (decimal 488)
   defining Unicode char U+01E9 (decimal 489)
   defining Unicode char U+01EA (decimal 490)
   defining Unicode char U+01EB (decimal 491)
   defining Unicode char U+01F0 (decimal 496)
   defining Unicode char U+01F4 (decimal 500)
   defining Unicode char U+01F5 (decimal 501)
   defining Unicode char U+0218 (decimal 536)
   defining Unicode char U+0219 (decimal 537)
   defining Unicode char U+021A (decimal 538)
   defining Unicode char U+021B (decimal 539)
   defining Unicode char U+0232 (decimal 562)
   defining Unicode char U+0233 (decimal 563)
   defining Unicode char U+0237 (decimal 567)
   defining Unicode char U+02D9 (decimal 729)
   defining Unicode char U+02DB (decimal 731)
   defining Unicode char U+1E02 (decimal 7682)
   defining Unicode char U+1E03 (decimal 7683)
   defining Unicode char U+1E0D (decimal 7693)
   defining Unicode char U+1E1E (decimal 7710)
   defining Unicode char U+1E1F (decimal 7711)
   defining Unicode char U+1E25 (decimal 7717)
   defining Unicode char U+1E30 (decimal 7728)
   defining Unicode char U+1E31 (decimal 7729)
   defining Unicode char U+1E37 (decimal 7735)
   defining Unicode char U+1E8E (decimal 7822)
   defining Unicode char U+1E8F (decimal 7823)
   defining Unicode char U+1E43 (decimal 7747)
   defining Unicode char U+1E45 (decimal 7749)
   defining Unicode char U+1E47 (decimal 7751)
   defining Unicode char U+1E5B (decimal 7771)
   defining Unicode char U+1E63 (decimal 7779)
   defining Unicode char U+1E6D (decimal 7789)
   defining Unicode char U+1E90 (decimal 7824)
   defining Unicode char U+1E91 (decimal 7825)
   defining Unicode char U+1E9E (decimal 7838)
   defining Unicode char U+1EF2 (decimal 7922)
   defining Unicode char U+1EF3 (decimal 7923)
   defining Unicode char U+200C (decimal 8204)
   defining Unicode char U+2010 (decimal 8208)
   defining Unicode char U+2011 (decimal 8209)
   defining Unicode char U+2012 (decimal 8210)
   defining Unicode char U+2013 (decimal 8211)
   defining Unicode char U+2014 (decimal 8212)
   defining Unicode char U+2015 (decimal 8213)
   defining Unicode char U+2018 (decimal 8216)
   defining Unicode char U+2019 (decimal 8217)
   defining Unicode char U+201A (decimal 8218)
   defining Unicode char U+201C (decimal 8220)
   defining Unicode char U+201D (decimal 8221)
   defining Unicode char U+201E (decimal 8222)
   defining Unicode char U+2030 (decimal 8240)
   defining Unicode char U+2031 (decimal 8241)
   defining Unicode char U+2039 (decimal 8249)
   defining Unicode char U+203A (decimal 8250)
   defining Unicode char U+2423 (decimal 9251)
   defining Unicode char U+1E20 (decimal 7712)
   defining Unicode char U+1E21 (decimal 7713)
   defining Unicode char U+FB00 (decimal 64256)
   defining Unicode char U+FB01 (decimal 64257)
   defining Unicode char U+FB02 (decimal 64258)
   defining Unicode char U+FB03 (decimal 64259)
   defining Unicode char U+FB04 (decimal 64260)
   defining Unicode char U+FB05 (decimal 64261)
   defining Unicode char U+FB06 (decimal 64262)
)
Now handling font encoding TS1 ...
... processing UTF-8 mapping file for font encoding TS1

(/usr/local/texlive/2021/texmf-dist/tex/latex/base/ts1enc.dfu
File: ts1enc.dfu 2021/06/21 v1.2n UTF-8 support
   defining Unicode char U+00A2 (decimal 162)
   defining Unicode char U+00A3 (decimal 163)
   defining Unicode char U+00A4 (decimal 164)
   defining Unicode char U+00A5 (decimal 165)
   defining Unicode char U+00A6 (decimal 166)
   defining Unicode char U+00A7 (decimal 167)
   defining Unicode char U+00A8 (decimal 168)
   defining Unicode char U+00A9 (decimal 169)
   defining Unicode char U+00AA (decimal 170)
   defining Unicode char U+00AC (decimal 172)
   defining Unicode char U+00AE (decimal 174)
   defining Unicode char U+00AF (decimal 175)
   defining Unicode char U+00B0 (decimal 176)
   defining Unicode char U+00B1 (decimal 177)
   defining Unicode char U+00B2 (decimal 178)
   defining Unicode char U+00B3 (decimal 179)
   defining Unicode char U+00B4 (decimal 180)
   defining Unicode char U+00B5 (decimal 181)
   defining Unicode char U+00B6 (decimal 182)
   defining Unicode char U+00B7 (decimal 183)
   defining Unicode char U+00B9 (decimal 185)
   defining Unicode char U+00BA (decimal 186)
   defining Unicode char U+00BC (decimal 188)
   defining Unicode char U+00BD (decimal 189)
   defining Unicode char U+00BE (decimal 190)
   defining Unicode char U+00D7 (decimal 215)
   defining Unicode char U+00F7 (decimal 247)
   defining Unicode char U+0192 (decimal 402)
   defining Unicode char U+02C7 (decimal 711)
   defining Unicode char U+02D8 (decimal 728)
   defining Unicode char U+02DD (decimal 733)
   defining Unicode char U+0E3F (decimal 3647)
   defining Unicode char U+2016 (decimal 8214)
   defining Unicode char U+2020 (decimal 8224)
   defining Unicode char U+2021 (decimal 8225)
   defining Unicode char U+2022 (decimal 8226)
   defining Unicode char U+2030 (decimal 8240)
   defining Unicode char U+2031 (decimal 8241)
   defining Unicode char U+203B (decimal 8251)
   defining Unicode char U+203D (decimal 8253)
   defining Unicode char U+2044 (decimal 8260)
   defining Unicode char U+204E (decimal 8270)
   defining Unicode char U+2052 (decimal 8274)
   defining Unicode char U+20A1 (decimal 8353)
   defining Unicode char U+20A4 (decimal 8356)
   defining Unicode char U+20A6 (decimal 8358)
   defining Unicode char U+20A9 (decimal 8361)
   defining Unicode char U+20AB (decimal 8363)
   defining Unicode char U+20AC (decimal 8364)
   defining Unicode char U+20B1 (decimal 8369)
   defining Unicode char U+2103 (decimal 8451)
   defining Unicode char U+2116 (decimal 8470)
   defining Unicode char U+2117 (decimal 8471)
   defining Unicode char U+211E (decimal 8478)
   defining Unicode char U+2120 (decimal 8480)
   defining Unicode char U+2122 (decimal 8482)
   defining Unicode char U+2126 (decimal 8486)
   defining Unicode char U+2127 (decimal 8487)
   defining Unicode char U+212E (decimal 8494)
   defining Unicode char U+2190 (decimal 8592)
   defining Unicode char U+2191 (decimal 8593)
   defining Unicode char U+2192 (decimal 8594)
   defining Unicode char U+2193 (decimal 8595)
   defining Unicode char U+2329 (decimal 9001)
   defining Unicode char U+232A (decimal 9002)
   defining Unicode char U+2422 (decimal 9250)
   defining Unicode char U+25E6 (decimal 9702)
   defining Unicode char U+25EF (decimal 9711)
   defining Unicode char U+266A (decimal 9834)
   defining Unicode char U+27E8 (decimal 10216)
   defining Unicode char U+27E9 (decimal 10217)
   defining Unicode char U+FEFF (decimal 65279)
)
Now handling font encoding OMX ...
... no UTF-8 mapping file for font encoding OMX
Now handling font encoding U ...
... no UTF-8 mapping file for font encoding U
   defining Unicode char U+00A9 (decimal 169)
   defining Unicode char U+00AA (decimal 170)
   defining Unicode char U+00AE (decimal 174)
   defining Unicode char U+00BA (decimal 186)
   defining Unicode char U+02C6 (decimal 710)
   defining Unicode char U+02DC (decimal 732)
   defining Unicode char U+200C (decimal 8204)
   defining Unicode char U+2026 (decimal 8230)
   defining Unicode char U+2122 (decimal 8482)
   defining Unicode char U+2423 (decimal 9251)
   defining Unicode char U+FEFF (decimal 65279)
)
(/usr/local/texlive/2021/texmf-dist/tex/latex/base/fontenc.sty
Package: fontenc 2021/04/29 v2.0v Standard LaTeX package
)
(/usr/local/texlive/2021/texmf-dist/tex/latex/lm/lmodern.sty
Package: lmodern 2015/05/01 v1.6.1 Latin Modern Fonts
LaTeX Font Info:    Overwriting symbol font `operators' in version `normal'
(Font)                  OT1/cmr/m/n --> OT1/lmr/m/n on input line 22.
LaTeX Font Info:    Overwriting symbol font `letters' in version `normal'
(Font)                  OML/cmm/m/it --> OML/lmm/m/it on input line 23.
LaTeX Font Info:    Overwriting symbol font `symbols' in version `normal'
(Font)                  OMS/cmsy/m/n --> OMS/lmsy/m/n on input line 24.
LaTeX Font Info:    Overwriting symbol font `largesymbols' in version `normal'
(Font)                  OMX/cmex/m/n --> OMX/lmex/m/n on input line 25.
LaTeX Font Info:    Overwriting symbol font `operators' in version `bold'
(Font)                  OT1/cmr/bx/n --> OT1/lmr/bx/n on input line 26.
LaTeX Font Info:    Overwriting symbol font `letters' in version `bold'
(Font)                  OML/cmm/b/it --> OML/lmm/b/it on input line 27.
LaTeX Font Info:    Overwriting symbol font `symbols' in version `bold'
(Font)                  OMS/cmsy/b/n --> OMS/lmsy/b/n on input line 28.
LaTeX Font Info:    Overwriting symbol font `largesymbols' in version `bold'
(Font)                  OMX/cmex/m/n --> OMX/lmex/m/n on input line 29.
LaTeX Font Info:    Overwriting math alphabet `\mathbf' in version `normal'
(Font)                  OT1/cmr/bx/n --> OT1/lmr/bx/n on input line 31.
LaTeX Font Info:    Overwriting math alphabet `\mathsf' in version `normal'
(Font)                  OT1/cmss/m/n --> OT1/lmss/m/n on input line 32.
LaTeX Font Info:    Overwriting math alphabet `\mathit' in version `normal'
(Font)                  OT1/cmr/m/it --> OT1/lmr/m/it on input line 33.
LaTeX Font Info:    Overwriting math alphabet `\mathtt' in version `normal'
(Font)                  OT1/cmtt/m/n --> OT1/lmtt/m/n on input line 34.
LaTeX Font Info:    Overwriting math alphabet `\mathbf' in version `bold'
(Font)                  OT1/cmr/bx/n --> OT1/lmr/bx/n on input line 35.
LaTeX Font Info:    Overwriting math alphabet `\mathsf' in version `bold'
(Font)                  OT1/cmss/bx/n --> OT1/lmss/bx/n on input line 36.
LaTeX Font Info:    Overwriting math alphabet `\mathit' in version `bold'
(Font)                  OT1/cmr/bx/it --> OT1/lmr/bx/it on input line 37.
LaTeX Font Info:    Overwriting math alphabet `\mathtt' in version `bold'
(Font)                  OT1/cmtt/m/n --> OT1/lmtt/m/n on input line 38.
)
(/usr/local/texlive/2021/texmf-dist/tex/latex/microtype/microtype.sty
Package: microtype 2022/03/14 v3.0d Micro-typographical refinements (RS)
\MT@toks=\toks27
\MT@tempbox=\box55
\MT@count=\count313
LaTeX Info: Redefining \noprotrusionifhmode on input line 1027.
LaTeX Info: Redefining \leftprotrusion on input line 1028.
LaTeX Info: Redefining \rightprotrusion on input line 1036.
LaTeX Info: Redefining \textls on input line 1195.
\MT@outer@kern=\dimen187
LaTeX Info: Redefining \textmicrotypecontext on input line 1781.
\MT@listname@count=\count314

(/usr/local/texlive/2021/texmf-dist/tex/latex/microtype/microtype-pdftex.def
File: microtype-pdftex.def 2022/03/14 v3.0d Definitions specific to pdftex (RS)

LaTeX Info: Redefining \lsstyle on input line 900.
LaTeX Info: Redefining \lslig on input line 900.
\MT@outer@space=\skip191
)
Package microtype Info: Loading configuration file microtype.cfg.

(/usr/local/texlive/2021/texmf-dist/tex/latex/microtype/microtype.cfg
File: microtype.cfg 2022/03/14 v3.0d microtype main configuration file (RS)
))
(/usr/local/texlive/2021/texmf-dist/tex/latex/float/float.sty
Package: float 2001/11/08 v1.3d Float enhancements (AL)
\c@float@type=\count315
\float@exts=\toks28
\float@box=\box56
\@float@everytoks=\toks29
\@floatcapt=\box57
)
(/usr/local/texlive/2021/texmf-dist/tex/latex/svg/svg.sty
Package: svg 2020/11/26 v2.02k (include SVG pictures)

(/usr/local/texlive/2021/texmf-dist/tex/latex/koma-script/scrbase.sty
Package: scrbase 2021/11/13 v3.35 KOMA-Script package (KOMA-Script-independent 
basics and keyval usage)

(/usr/local/texlive/2021/texmf-dist/tex/latex/koma-script/scrlfile.sty
Package: scrlfile 2021/11/13 v3.35 KOMA-Script package (file load hooks)

(/usr/local/texlive/2021/texmf-dist/tex/latex/koma-script/scrlfile-hook.sty
Package: scrlfile-hook 2021/11/13 v3.35 KOMA-Script package (using LaTeX hooks)


(/usr/local/texlive/2021/texmf-dist/tex/latex/koma-script/scrlogo.sty
Package: scrlogo 2021/11/13 v3.35 KOMA-Script package (logo)
)))
Applying: [2021/05/01] Usage of raw or classic option list on input line 252.
Already applied: [0000/00/00] Usage of raw or classic option list on input line
 368.
)
(/usr/local/texlive/2021/texmf-dist/tex/generic/pdftexcmds/pdftexcmds.sty
Package: pdftexcmds 2020-06-27 v0.33 Utility functions of pdfTeX for LuaTeX (HO
)

(/usr/local/texlive/2021/texmf-dist/tex/generic/infwarerr/infwarerr.sty
Package: infwarerr 2019/12/03 v1.5 Providing info/warning/error messages (HO)
)
(/usr/local/texlive/2021/texmf-dist/tex/generic/ltxcmds/ltxcmds.sty
Package: ltxcmds 2020-05-10 v1.25 LaTeX kernel commands for general use (HO)
)
Package pdftexcmds Info: \pdf@primitive is available.
Package pdftexcmds Info: \pdf@ifprimitive is available.
Package pdftexcmds Info: \pdfdraftmode found.
)
(/usr/local/texlive/2021/texmf-dist/tex/latex/trimspaces/trimspaces.sty
Package: trimspaces 2009/09/17 v1.1 Trim spaces around a token list
)
(/usr/local/texlive/2021/texmf-dist/tex/latex/tools/shellesc.sty
Package: shellesc 2019/11/08 v1.0c unified shell escape interface for LaTeX
Package shellesc Info: Unrestricted shell escape enabled on input line 75.
)
(/usr/local/texlive/2021/texmf-dist/tex/latex/ifplatform/ifplatform.sty
Package: ifplatform 2017/10/13 v0.4a Testing for the operating system

(/usr/local/texlive/2021/texmf-dist/tex/generic/catchfile/catchfile.sty
Package: catchfile 2019/12/09 v1.8 Catch the contents of a file (HO)

(/usr/local/texlive/2021/texmf-dist/tex/generic/etexcmds/etexcmds.sty
Package: etexcmds 2019/12/15 v1.7 Avoid name clashes with e-TeX commands (HO)
))
(/usr/local/texlive/2021/texmf-dist/tex/generic/iftex/ifluatex.sty
Package: ifluatex 2019/10/25 v1.5 ifluatex legacy package. Use iftex instead.
)
runsystem(uname -s > "main.w18")...executed.

 (./main.w18)
runsystem(rm -- "main.w18")...executed.

)
\c@svg@param@lastpage=\count316
\svg@box=\box58
\c@svg@param@currpage=\count317
) (/usr/local/texlive/2021/texmf-dist/tex/latex/xcolor/xcolor.sty
Package: xcolor 2021/10/31 v2.13 LaTeX color extensions (UK)

(/usr/local/texlive/2021/texmf-dist/tex/latex/graphics-cfg/color.cfg
File: color.cfg 2016/01/02 v1.6 sample color configuration
)
Package xcolor Info: Driver file: pdftex.def on input line 227.
LaTeX Info: Redefining \color on input line 711.
Package xcolor Info: Model `cmy' substituted by `cmy0' on input line 1352.
Package xcolor Info: Model `hsb' substituted by `rgb' on input line 1356.
Package xcolor Info: Model `RGB' extended on input line 1368.
Package xcolor Info: Model `HTML' substituted by `rgb' on input line 1370.
Package xcolor Info: Model `Hsb' substituted by `hsb' on input line 1371.
Package xcolor Info: Model `tHsb' substituted by `hsb' on input line 1372.
Package xcolor Info: Model `HSB' substituted by `hsb' on input line 1373.
Package xcolor Info: Model `Gray' substituted by `gray' on input line 1374.
Package xcolor Info: Model `wave' substituted by `hsb' on input line 1375.
)
(/usr/local/texlive/2021/texmf-dist/tex/latex/transparent/transparent.sty
Package: transparent 2019/11/29 v1.4 Transparency via pdfTeX's color stack (HO)


(/usr/local/texlive/2021/texmf-dist/tex/latex/auxhook/auxhook.sty
Package: auxhook 2019-12-17 v1.6 Hooks for auxiliary files (HO)
))
(/usr/local/texlive/2021/texmf-dist/tex/latex/pgf/systemlayer/pgfsys.sty
(/usr/local/texlive/2021/texmf-dist/tex/latex/pgf/utilities/pgfrcs.sty
(/usr/local/texlive/2021/texmf-dist/tex/generic/pgf/utilities/pgfutil-common.te
x
\pgfutil@everybye=\toks30
\pgfutil@tempdima=\dimen188
\pgfutil@tempdimb=\dimen189

(/usr/local/texlive/2021/texmf-dist/tex/generic/pgf/utilities/pgfutil-common-li
sts.tex))
(/usr/local/texlive/2021/texmf-dist/tex/generic/pgf/utilities/pgfutil-latex.def
\pgfutil@abb=\box59
) (/usr/local/texlive/2021/texmf-dist/tex/generic/pgf/utilities/pgfrcs.code.tex
(/usr/local/texlive/2021/texmf-dist/tex/generic/pgf/pgf.revision.tex)
Package: pgfrcs 2021/05/15 v3.1.9a (3.1.9a)
))
(/usr/local/texlive/2021/texmf-dist/tex/generic/pgf/systemlayer/pgfsys.code.tex
Package: pgfsys 2021/05/15 v3.1.9a (3.1.9a)
(/usr/local/texlive/2021/texmf-dist/tex/generic/pgf/utilities/pgfkeys.code.tex
\pgfkeys@pathtoks=\toks31
\pgfkeys@temptoks=\toks32

(/usr/local/texlive/2021/texmf-dist/tex/generic/pgf/utilities/pgfkeysfiltered.c
ode.tex
\pgfkeys@tmptoks=\toks33
))
\pgf@x=\dimen190
\pgf@y=\dimen191
\pgf@xa=\dimen192
\pgf@ya=\dimen193
\pgf@xb=\dimen194
\pgf@yb=\dimen195
\pgf@xc=\dimen196
\pgf@yc=\dimen197
\pgf@xd=\dimen198
\pgf@yd=\dimen199
\w@pgf@writea=\write4
\r@pgf@reada=\read4
\c@pgf@counta=\count318
\c@pgf@countb=\count319
\c@pgf@countc=\count320
\c@pgf@countd=\count321
\t@pgf@toka=\toks34
\t@pgf@tokb=\toks35
\t@pgf@tokc=\toks36
\pgf@sys@id@count=\count322

(/usr/local/texlive/2021/texmf-dist/tex/generic/pgf/systemlayer/pgf.cfg
File: pgf.cfg 2021/05/15 v3.1.9a (3.1.9a)
)
Driver file for pgf: pgfsys-pdftex.def

(/usr/local/texlive/2021/texmf-dist/tex/generic/pgf/systemlayer/pgfsys-pdftex.d
ef
File: pgfsys-pdftex.def 2021/05/15 v3.1.9a (3.1.9a)

(/usr/local/texlive/2021/texmf-dist/tex/generic/pgf/systemlayer/pgfsys-common-p
df.def
File: pgfsys-common-pdf.def 2021/05/15 v3.1.9a (3.1.9a)
)))
(/usr/local/texlive/2021/texmf-dist/tex/generic/pgf/systemlayer/pgfsyssoftpath.
code.tex
File: pgfsyssoftpath.code.tex 2021/05/15 v3.1.9a (3.1.9a)
\pgfsyssoftpath@smallbuffer@items=\count323
\pgfsyssoftpath@bigbuffer@items=\count324
)
(/usr/local/texlive/2021/texmf-dist/tex/generic/pgf/systemlayer/pgfsysprotocol.
code.tex
File: pgfsysprotocol.code.tex 2021/05/15 v3.1.9a (3.1.9a)
)) (/usr/local/texlive/2021/texmf-dist/tex/latex/hyperref/hyperref.sty
Package: hyperref 2022-02-21 v7.00n Hypertext links for LaTeX

(/usr/local/texlive/2021/texmf-dist/tex/generic/kvsetkeys/kvsetkeys.sty
Package: kvsetkeys 2019/12/15 v1.18 Key value parser (HO)
)
(/usr/local/texlive/2021/texmf-dist/tex/generic/kvdefinekeys/kvdefinekeys.sty
Package: kvdefinekeys 2019-12-19 v1.6 Define keys (HO)
)
(/usr/local/texlive/2021/texmf-dist/tex/generic/pdfescape/pdfescape.sty
Package: pdfescape 2019/12/09 v1.15 Implements pdfTeX's escape features (HO)
)
(/usr/local/texlive/2021/texmf-dist/tex/latex/hycolor/hycolor.sty
Package: hycolor 2020-01-27 v1.10 Color options for hyperref/bookmark (HO)
)
(/usr/local/texlive/2021/texmf-dist/tex/latex/letltxmacro/letltxmacro.sty
Package: letltxmacro 2019/12/03 v1.6 Let assignment for LaTeX macros (HO)
)
(/usr/local/texlive/2021/texmf-dist/tex/latex/kvoptions/kvoptions.sty
Package: kvoptions 2020-10-07 v3.14 Key value format for package options (HO)
)
\@linkdim=\dimen256
\Hy@linkcounter=\count325
\Hy@pagecounter=\count326

(/usr/local/texlive/2021/texmf-dist/tex/latex/hyperref/pd1enc.def
File: pd1enc.def 2022-02-21 v7.00n Hyperref: PDFDocEncoding definition (HO)
Now handling font encoding PD1 ...
... no UTF-8 mapping file for font encoding PD1
)
(/usr/local/texlive/2021/texmf-dist/tex/generic/intcalc/intcalc.sty
Package: intcalc 2019/12/15 v1.3 Expandable calculations with integers (HO)
)
\Hy@SavedSpaceFactor=\count327

(/usr/local/texlive/2021/texmf-dist/tex/latex/hyperref/puenc.def
File: puenc.def 2022-02-21 v7.00n Hyperref: PDF Unicode definition (HO)
Now handling font encoding PU ...
... no UTF-8 mapping file for font encoding PU
)
Package hyperref Info: Option `pdfusetitle' set `true' on input line 4018.
Package hyperref Info: Option `plainpages' set `false' on input line 4018.
Package hyperref Info: Hyper figures OFF on input line 4137.
Package hyperref Info: Link nesting OFF on input line 4142.
Package hyperref Info: Hyper index ON on input line 4145.
Package hyperref Info: Plain pages OFF on input line 4152.
Package hyperref Info: Backreferencing OFF on input line 4157.
Package hyperref Info: Implicit mode ON; LaTeX internals redefined.
Package hyperref Info: Bookmarks ON on input line 4390.
\c@Hy@tempcnt=\count328

(/usr/local/texlive/2021/texmf-dist/tex/latex/url/url.sty
\Urlmuskip=\muskip16
Package: url 2013/09/16  ver 3.4  Verb mode for urls, etc.
)
LaTeX Info: Redefining \url on input line 4749.
\XeTeXLinkMargin=\dimen257

(/usr/local/texlive/2021/texmf-dist/tex/generic/bitset/bitset.sty
Package: bitset 2019/12/09 v1.3 Handle bit-vector datatype (HO)

(/usr/local/texlive/2021/texmf-dist/tex/generic/bigintcalc/bigintcalc.sty
Package: bigintcalc 2019/12/15 v1.5 Expandable calculations on big integers (HO
)
))
\Fld@menulength=\count329
\Field@Width=\dimen258
\Fld@charsize=\dimen259
Package hyperref Info: Hyper figures OFF on input line 6027.
Package hyperref Info: Link nesting OFF on input line 6032.
Package hyperref Info: Hyper index ON on input line 6035.
Package hyperref Info: backreferencing OFF on input line 6042.
Package hyperref Info: Link coloring OFF on input line 6047.
Package hyperref Info: Link coloring with OCG OFF on input line 6052.
Package hyperref Info: PDF/A mode OFF on input line 6057.
LaTeX Info: Redefining \ref on input line 6097.
LaTeX Info: Redefining \pageref on input line 6101.

(/usr/local/texlive/2021/texmf-dist/tex/latex/base/atbegshi-ltx.sty
Package: atbegshi-ltx 2021/01/10 v1.0c Emulation of the original atbegshi
package with kernel methods
)
\Hy@abspage=\count330
\c@Item=\count331
\c@Hfootnote=\count332
)
(/usr/local/texlive/2021/texmf-dist/tex/latex/memoir/memhfixc.sty
Package: memhfixc 2021/06/16 v1.19 nameref/hyperref package fixes for memoir cl
ass
\c@memhycontfloat=\count333
\c@Hpagenote=\count334
)
Package hyperref Info: Driver (autodetected): hpdftex.

(/usr/local/texlive/2021/texmf-dist/tex/latex/hyperref/hpdftex.def
File: hpdftex.def 2022-02-21 v7.00n Hyperref driver for pdfTeX

(/usr/local/texlive/2021/texmf-dist/tex/latex/base/atveryend-ltx.sty
Package: atveryend-ltx 2020/08/19 v1.0a Emulation of the original atveryend pac
kage
with kernel methods
)
\Fld@listcount=\count335
\c@bookmark@seq@number=\count336

(/usr/local/texlive/2021/texmf-dist/tex/latex/rerunfilecheck/rerunfilecheck.sty
Package: rerunfilecheck 2019/12/05 v1.9 Rerun checks for auxiliary files (HO)

(/usr/local/texlive/2021/texmf-dist/tex/generic/uniquecounter/uniquecounter.sty
Package: uniquecounter 2019/12/15 v1.4 Provide unlimited unique counter (HO)
)
Package uniquecounter Info: New unique counter `rerunfilecheck' on input line 2
86.
)
\Hy@SectionHShift=\skip192
) (/usr/local/texlive/2021/texmf-dist/tex/latex/algorithms/algorithm.sty
Package: algorithm 2009/08/24 v0.1 Document Style `algorithm' - floating enviro
nment

(/usr/local/texlive/2021/texmf-dist/tex/latex/base/ifthen.sty
Package: ifthen 2020/11/24 v1.1c Standard LaTeX ifthen package (DPC)
)
\@float@every@algorithm=\toks37
\c@algorithm=\count337
)
(/usr/local/texlive/2021/texmf-dist/tex/latex/algorithmicx/algpseudocode.sty
Package: algpseudocode 

(/usr/local/texlive/2021/texmf-dist/tex/latex/algorithmicx/algorithmicx.sty
Package: algorithmicx 2005/04/27 v1.2 Algorithmicx

Document Style algorithmicx 1.2 - a greatly improved `algorithmic' style
\c@ALG@line=\count338
\c@ALG@rem=\count339
\c@ALG@nested=\count340
\ALG@tlm=\skip193
\ALG@thistlm=\skip194
\c@ALG@Lnr=\count341
\c@ALG@blocknr=\count342
\c@ALG@storecount=\count343
\c@ALG@tmpcounter=\count344
\ALG@tmplength=\skip195
)
Document Style - pseudocode environments for use with the `algorithmicx' style
) (/usr/local/texlive/2021/texmf-dist/tex/latex/caption/subcaption.sty
Package: subcaption 2022/01/07 v1.5 Sub-captions (AR)

(/usr/local/texlive/2021/texmf-dist/tex/latex/caption/caption.sty
Package: caption 2022/03/01 v3.6b Customizing captions (AR)

(/usr/local/texlive/2021/texmf-dist/tex/latex/caption/caption3.sty
Package: caption3 2022/03/17 v2.3b caption3 kernel (AR)
\caption@tempdima=\dimen260
\captionmargin=\dimen261
\caption@leftmargin=\dimen262
\caption@rightmargin=\dimen263
\caption@width=\dimen264
\caption@indent=\dimen265
\caption@parindent=\dimen266
\caption@hangindent=\dimen267
Package caption Info: memoir document class detected.

(/usr/local/texlive/2021/texmf-dist/tex/latex/caption/caption-memoir.sto
File: caption-memoir.sto 2022/03/02 v2.2b Adaption of the caption package to th
e memoir document class (AR)
))
\c@caption@flags=\count345
\c@continuedfloat=\count346
Package caption Info: changepage package is loaded.
\caption@adjustwidth@hsize=\dimen268
\caption@adjustwidth@linewidth=\dimen269
Package caption Info: float package is loaded.
Package caption Info: hyperref package is loaded.
)
\c@subfigure=\count347
\c@subtable=\count348
)
(/usr/local/texlive/2021/texmf-dist/tex/latex/natbib/natbib.sty
Package: natbib 2010/09/13 8.31b (PWD, AO)
\bibhang=\skip196
\bibsep=\skip197
LaTeX Info: Redefining \cite on input line 694.
\c@NAT@ctr=\count349
)
(./abbreviations.tex
(/usr/local/texlive/2021/texmf-dist/tex/latex/acro/acro.sty
(/usr/local/texlive/2021/texmf-dist/tex/latex/l3packages/l3keys2e/l3keys2e.sty
(/usr/local/texlive/2021/texmf-dist/tex/latex/l3kernel/expl3.sty
Package: expl3 2022-02-24 L3 programming layer (loader) 

(/usr/local/texlive/2021/texmf-dist/tex/latex/l3backend/l3backend-pdftex.def
File: l3backend-pdftex.def 2022-02-07 L3 backend support: PDF output (pdfTeX)
\l__color_backend_stack_int=\count350
\l__pdf_internal_box=\box60
))
Package: l3keys2e 2022-01-12 LaTeX2e option processing using LaTeX3 keys
)
Package: acro 2022/01/27 v3.7 typeset acronyms and other abbreviations (CN)
\g__acro_version_int=\count351
\l__acro_tmpa_int=\count352
\l__acro_tmpb_int=\count353
\l__acro_tmpc_int=\count354
\l__acro_tmpd_int=\count355
Loading module `base' ...
Loading module `interface' ...
Loading module `aux' ...
Loading module `properties' ...
Loading module `acronyms' ...
Loading module `formatting' ...
Loading module `ppfixes' ...
Loading module `tools' ...
\l__acro_minimal_usage_int=\count356
\l__acro_nest_int=\count357
\g_acro_barrier_int=\count358
\g_acro_barrier_total_int=\count359
Loading module `commands' ...
Loading module `templates' ...
Loading module `list' ...
Loading module `pages' ...
\l__acro_pages_seq_threshold_int=\count360
Loading module `locale' ...
(/usr/local/texlive/2021/texmf-dist/tex/latex/translations/translations.sty
Package: translations 2022/02/05 v1.12 internationalization of LaTeX2e packages
 (CN)
)
Loading module `pdfsupport' ...
Loading module `patch' ...
Loading module `definitions' ...
Loading module `upgrade' ...
)
\g__acro_gwas_int=\count361
\g__acro_mvgwas_int=\count362
\g__acro_da_int=\count363
\g__acro_mri_int=\count364
\g__acro_snp_int=\count365
\g__acro_hsc_int=\count366
\g__acro_cca_int=\count367
\g__acro_ld_int=\count368
\g__acro_fa_int=\count369
\g__acro_anova_int=\count370
\g__acro_rss_int=\count371
\g__acro_dof_int=\count372
\g__acro_dna_int=\count373
\g__acro_rna_int=\count374
\g__acro_cns_int=\count375
\g__acro_rc_int=\count376
\g__acro_dv_int=\count377
\g__acro_lr_int=\count378
\g__acro_rgc_int=\count379
\g__acro_npc_int=\count380
\g__acro_3d_int=\count381
\g__acro_dk_int=\count382
\g__acro_adhd_int=\count383
\g__acro_gpa_int=\count384
\g__acro_maf_int=\count385
\g__acro_tf_int=\count386
\g__acro_glm_int=\count387
\g__acro_fdr_int=\count388
\g__acro_ml_int=\count389
\g__acro_ldsc_int=\count390
\g__acro_gsea_int=\count391
\g__acro_grm_int=\count392
\g__acro_go_int=\count393
\g__acro_ai_int=\count394
\g__acro_asd_int=\count395
\g__acro_ad_int=\count396
\g__acro_hcp_int=\count397
)
LaTeX Font Info:    Trying to load font information for T1+lmr on input line 23
.

(/usr/local/texlive/2021/texmf-dist/tex/latex/lm/t1lmr.fd
File: t1lmr.fd 2015/05/01 v1.6.1 Font defs for Latin Modern
) (./main.aux
(./introduction.aux) (./mat_and_methods.aux) (./results.aux) (./discussion.aux)
)
\openout1 = `main.aux'.

LaTeX Font Info:    Checking defaults for OML/cmm/m/it on input line 23.
LaTeX Font Info:    ... okay on input line 23.
LaTeX Font Info:    Checking defaults for OMS/cmsy/m/n on input line 23.
LaTeX Font Info:    ... okay on input line 23.
LaTeX Font Info:    Checking defaults for OT1/cmr/m/n on input line 23.
LaTeX Font Info:    ... okay on input line 23.
LaTeX Font Info:    Checking defaults for T1/cmr/m/n on input line 23.
LaTeX Font Info:    ... okay on input line 23.
LaTeX Font Info:    Checking defaults for TS1/cmr/m/n on input line 23.
LaTeX Font Info:    ... okay on input line 23.
LaTeX Font Info:    Checking defaults for OMX/cmex/m/n on input line 23.
LaTeX Font Info:    ... okay on input line 23.
LaTeX Font Info:    Checking defaults for U/cmr/m/n on input line 23.
LaTeX Font Info:    ... okay on input line 23.
LaTeX Font Info:    Checking defaults for PD1/pdf/m/n on input line 23.
LaTeX Font Info:    ... okay on input line 23.
LaTeX Font Info:    Checking defaults for PU/pdf/m/n on input line 23.
LaTeX Font Info:    ... okay on input line 23.


******************************************************
Stock height and width: 845.04684pt by 597.50787pt
Top and edge trims: 0pt and 0pt
Page height and width: 845.04684pt by 597.50787pt
Text height and width: 609.40027pt by 398pt
Spine and edge margins: 79.6665pt and 119.50279pt
Upper and lower margins: 106.09436pt and 129.55222pt
Headheight and headsep: 13.6pt and 19.8738pt
Footskip: 27.46295pt
Columnsep and columnseprule: 10pt and 0pt
Marginparsep and marginparwidth: 16.31996pt and 86.86287pt
Sidecapsep and sidecapwidth: 7pt and 101pt
Sidebarhsep and sidebarwidth: 7pt and 101pt
Sidebarvsep and sidebartopsep: 13.6pt and 0pt
Sidebarheight: 594.32022pt
Sidefoothsep and sidefootwidth: 7pt and 101pt
Sidefootvsep and sidefootheight: 13.6pt and 594.32022pt
******************************************************

(/usr/local/texlive/2021/texmf-dist/tex/context/base/mkii/supp-pdf.mkii
[Loading MPS to PDF converter (version 2006.09.02).]
\scratchcounter=\count398
\scratchdimen=\dimen270
\scratchbox=\box61
\nofMPsegments=\count399
\nofMParguments=\count400
\everyMPshowfont=\toks38
\MPscratchCnt=\count401
\MPscratchDim=\dimen271
\MPnumerator=\count402
\makeMPintoPDFobject=\count403
\everyMPtoPDFconversion=\toks39
) (/usr/local/texlive/2021/texmf-dist/tex/latex/epstopdf-pkg/epstopdf-base.sty
Package: epstopdf-base 2020-01-24 v2.11 Base part for package epstopdf
Package epstopdf-base Info: Redefining graphics rule for `.eps' on input line 4
85.

(/usr/local/texlive/2021/texmf-dist/tex/latex/latexconfig/epstopdf-sys.cfg
File: epstopdf-sys.cfg 2010/07/13 v1.3 Configuration of (r)epstopdf for TeX Liv
e
))
LaTeX Info: Redefining \microtypecontext on input line 23.
Package microtype Info: Applying patch `item' on input line 23.
Package microtype Info: Applying patch `toc' on input line 23.
Package microtype Info: Applying patch `eqnum' on input line 23.
Package microtype Info: Applying patch `footnote' on input line 23.
Package microtype Info: Generating PDF output.
Package microtype Info: Character protrusion enabled (level 2).
Package microtype Info: Using default protrusion set `alltext'.
Package microtype Info: Automatic font expansion enabled (level 2),
(microtype)             stretch: 20, shrink: 20, step: 1, non-selected.
Package microtype Info: Using default expansion set `alltext-nott'.
LaTeX Info: Redefining \showhyphens on input line 23.
Package microtype Info: No adjustment of tracking.
Package microtype Info: No adjustment of interword spacing.
Package microtype Info: No adjustment of character kerning.

(/usr/local/texlive/2021/texmf-dist/tex/latex/microtype/mt-cmr.cfg
File: mt-cmr.cfg 2013/05/19 v2.2 microtype config. file: Computer Modern Roman 
(RS)
)
Package hyperref Info: Link coloring OFF on input line 23.

(/usr/local/texlive/2021/texmf-dist/tex/latex/hyperref/nameref.sty
Package: nameref 2021-04-02 v2.47 Cross-referencing by name of section

(/usr/local/texlive/2021/texmf-dist/tex/latex/refcount/refcount.sty
Package: refcount 2019/12/15 v3.6 Data extraction from label references (HO)
)
(/usr/local/texlive/2021/texmf-dist/tex/generic/gettitlestring/gettitlestring.s
ty
Package: gettitlestring 2019/12/15 v1.6 Cleanup title references (HO)
)
\c@section@level=\count404
)
Redoing nameref's sectioning
Redoing nameref's label
LaTeX Info: Redefining \nameref on input line 23.
LaTeX Info: Redefining \ref on input line 23.
LaTeX Info: Redefining \pageref on input line 23.
LaTeX Info: Redefining \nameref on input line 23.
(./main.out) (./main.out)
\@outlinefile=\write5
\openout5 = `main.out'.

Package caption Info: Begin \AtBeginDocument code.
Package caption Info: End \AtBeginDocument code.

(/usr/local/texlive/2021/texmf-dist/tex/latex/translations/translations-basic-d
ictionary-dutch.trsl
File: translations-basic-dictionary-dutch.trsl (dutch translation file `transla
tions-basic-dictionary')
)
Package translations Info: loading dictionary `translations-basic-dictionary' f
or `dutch'. on input line 23.

(/usr/local/texlive/2021/texmf-dist/tex/latex/translations/translations-basic-d
ictionary-english.trsl
File: translations-basic-dictionary-english.trsl (english translation file `tra
nslations-basic-dictionary')
)
Package translations Info: loading dictionary `translations-basic-dictionary' f
or `english'. on input line 23.
Package microtype Info: Loading generic protrusion settings for font family
(microtype)             `kulemtfpf' (encoding: T1).
(microtype)             For optimal results, create family-specific settings.
(microtype)             See the microtype manual for details.
<logokul.pdf, id=70, 159.33528pt x 56.90298pt>
File: logokul.pdf Graphic file (type pdf)
<use logokul.pdf>
Package pdftex.def Info: logokul.pdf  used on input line 23.
(pdftex.def)             Requested size: 159.33487pt x 56.90283pt.
LaTeX Font Info:    Font shape `T1/kulemtfpf/b/n' in size <12> not available
(Font)              Font shape `T1/kulemtfpf/bx/n' tried instead on input line 
23.
LaTeX Font Info:    Font shape `T1/kulemtfpf/b/n' in size <14.4> not available
(Font)              Font shape `T1/kulemtfpf/bx/n' tried instead on input line 
23.
 [-1


{/usr/local/texlive/2021/texmf-var/fonts/map/pdftex/updmap/pdftex.map} </usr/lo
cal/texlive/texmf-local/tex/latex/kulemt/logokul.pdf>]
LaTeX Font Info:    Trying to load font information for TS1+lmr on input line 2
3.
 (/usr/local/texlive/2021/texmf-dist/tex/latex/lm/ts1lmr.fd
File: ts1lmr.fd 2015/05/01 v1.6.1 Font defs for Latin Modern
) [0


] [1



]
(./main.toc
LaTeX Font Info:    Trying to load font information for OT1+lmr on input line 9
.
 (/usr/local/texlive/2021/texmf-dist/tex/latex/lm/ot1lmr.fd
File: ot1lmr.fd 2015/05/01 v1.6.1 Font defs for Latin Modern
)
LaTeX Font Info:    Trying to load font information for OML+lmm on input line 9
.

(/usr/local/texlive/2021/texmf-dist/tex/latex/lm/omllmm.fd
File: omllmm.fd 2015/05/01 v1.6.1 Font defs for Latin Modern
)
LaTeX Font Info:    Trying to load font information for OMS+lmsy on input line 
9.

(/usr/local/texlive/2021/texmf-dist/tex/latex/lm/omslmsy.fd
File: omslmsy.fd 2015/05/01 v1.6.1 Font defs for Latin Modern
)
LaTeX Font Info:    Trying to load font information for OMX+lmex on input line 
9.

(/usr/local/texlive/2021/texmf-dist/tex/latex/lm/omxlmex.fd
File: omxlmex.fd 2015/05/01 v1.6.1 Font defs for Latin Modern
)
LaTeX Font Info:    External font `lmex10' loaded for size
(Font)              <10.95> on input line 9.
LaTeX Font Info:    External font `lmex10' loaded for size
(Font)              <8> on input line 9.
LaTeX Font Info:    External font `lmex10' loaded for size
(Font)              <6> on input line 9.
) [2


] (./main.lof)
[3


] (./main.lot) [4

] [5


]
Package microtype Info: Character `029' is missing
(microtype)             in font `T1/lmr/m/sc/10.95'.
(microtype)             Ignoring protrusion settings for this character.
 [6] [7

] [8


]
\openout2 = `introduction.aux'.

 (./introduction.tex [1


]
<graphics/bilateria_phylum.jpg, id=241, 328.68396pt x 278.09496pt>
File: graphics/bilateria_phylum.jpg Graphic file (type jpg)
<use graphics/bilateria_phylum.jpg>
Package pdftex.def Info: graphics/bilateria_phylum.jpg  used on input line 11.
(pdftex.def)             Requested size: 358.19757pt x 303.08778pt.
 [2 <./graphics/bilateria_phylum.jpg>]
Package svg Info: Last page of `./svg-inkscape/da_visualization_svg-tex.pdf' is
 1 on input line 22.
 (./svg-inkscape/da_visualization_svg-tex.pdf_tex
<./svg-inkscape/da_visualization_svg-tex.pdf, id=267, page=1, 722.7pt x 406.518
75pt>
File: ./svg-inkscape/da_visualization_svg-tex.pdf Graphic file (type pdf)
<use ./svg-inkscape/da_visualization_svg-tex.pdf, page 1>
Package pdftex.def Info: ./svg-inkscape/da_visualization_svg-tex.pdf , page1 us
ed on input line 56.
(pdftex.def)             Requested size: 358.19757pt x 201.48482pt.
)

LaTeX Warning: Reference `sec:phenotype_intro' on page 3 undefined on input lin
e 23.


LaTeX Warning: Reference `sec:phenotype_intro' on page 3 undefined on input lin
e 23.


Underfull \vbox (badness 10000) has occurred while \output is active []

 [3]
[4 <./svg-inkscape/da_visualization_svg-tex.pdf>]
<graphics/rg_cells_division.png, id=363, 570.13pt x 508.90125pt>
File: graphics/rg_cells_division.png Graphic file (type png)
<use graphics/rg_cells_division.png>
Package pdftex.def Info: graphics/rg_cells_division.png  used on input line 32.

(pdftex.def)             Requested size: 318.40121pt x 284.20624pt.

Underfull \vbox (badness 10000) has occurred while \output is active []

 [5]
[6 <./graphics/rg_cells_division.png>]
<graphics/coronal_section.png, id=399, 749.80125pt x 716.6775pt>
File: graphics/coronal_section.png Graphic file (type png)
<use graphics/coronal_section.png>
Package pdftex.def Info: graphics/coronal_section.png  used on input line 46.
(pdftex.def)             Requested size: 89.80106pt x 85.83356pt.
Package microtype Info: Character `029' is missing
(microtype)             in font `T1/lmr/m/sc/10'.
(microtype)             Ignoring protrusion settings for this character.
<graphics/axial_section.png, id=400, 650.43pt x 750.805pt>
File: graphics/axial_section.png Graphic file (type png)
<use graphics/axial_section.png>
Package pdftex.def Info: graphics/axial_section.png  used on input line 55.
(pdftex.def)             Requested size: 89.80106pt x 103.65703pt.
<graphics/3d_sections.png, id=401, 684.5575pt x 728.7225pt>
File: graphics/3d_sections.png Graphic file (type png)
<use graphics/3d_sections.png>
Package pdftex.def Info: graphics/3d_sections.png  used on input line 63.
(pdftex.def)             Requested size: 89.80106pt x 95.59344pt.
<graphics/1280px-Lobes_of_the_brain_NL.svg.png, id=406, 1501.61pt x 1088.065pt>

File: graphics/1280px-Lobes_of_the_brain_NL.svg.png Graphic file (type png)
<use graphics/1280px-Lobes_of_the_brain_NL.svg.png>
Package pdftex.def Info: graphics/1280px-Lobes_of_the_brain_NL.svg.png  used on
 input line 75.
(pdftex.def)             Requested size: 318.40121pt x 230.70853pt.

Underfull \vbox (badness 10000) has occurred while \output is active []

 [7 <./graphics/coronal_section.png> <./graphics/axial_section.png> <./graphics
/3d_sections.png>]
<graphics/brodmann_medial.png, id=414, 352.6776pt x 248.3679pt>
File: graphics/brodmann_medial.png Graphic file (type png)
<use graphics/brodmann_medial.png>
Package pdftex.def Info: graphics/brodmann_medial.png  used on input line 86.
(pdftex.def)             Requested size: 179.09879pt x 126.12779pt.
<graphics/brodmann_lateral.png, id=415, 359.6637pt x 269.5671pt>
File: graphics/brodmann_lateral.png Graphic file (type png)
<use graphics/brodmann_lateral.png>
Package pdftex.def Info: graphics/brodmann_lateral.png  used on input line 93.
(pdftex.def)             Requested size: 179.09879pt x 134.23615pt.
 [8 <./graphics/1280px-Lobes_of_the_brain_NL.svg.png> <./graphics/brodmann_medi
al.png> <./graphics/brodmann_lateral.png>] [9]
Package svg Info: Last page of `./svg-inkscape/dk_left_svg-tex.pdf' is 1 on inp
ut line 132.

(./svg-inkscape/dk_left_svg-tex.pdf_tex
<./svg-inkscape/dk_left_svg-tex.pdf, id=441, page=1, 301.1617pt x 150.58084pt>
File: ./svg-inkscape/dk_left_svg-tex.pdf Graphic file (type pdf)
<use ./svg-inkscape/dk_left_svg-tex.pdf, page 1>
Package pdftex.def Info: ./svg-inkscape/dk_left_svg-tex.pdf , page1 used on inp
ut line 56.
(pdftex.def)             Requested size: 318.40121pt x 159.20132pt.
)
Underfull \vbox (badness 10000) has occurred while \output is active []

 [10 <./svg-inkscape/dk_left_svg-tex.pdf>]
<graphics/yakovlevian_external.jpg, id=523, 421.59914pt x 155.69188pt>
File: graphics/yakovlevian_external.jpg Graphic file (type jpg)
<use graphics/yakovlevian_external.jpg>
Package pdftex.def Info: graphics/yakovlevian_external.jpg  used on input line 
163.
(pdftex.def)             Requested size: 398.0pt x 146.97754pt.

Underfull \vbox (badness 2035) has occurred while \output is active []

 [11]
[12 <./graphics/yakovlevian_external.jpg>] [13]
<graphics/gwas_2005.png, id=624, 524.96124pt x 373.395pt>
File: graphics/gwas_2005.png Graphic file (type png)
<use graphics/gwas_2005.png>
Package pdftex.def Info: graphics/gwas_2005.png  used on input line 202.
(pdftex.def)             Requested size: 161.1878pt x 114.64592pt.
Package svg Info: Last page of `./svg-inkscape/gwas_svg-tex.pdf' is 1 on input 
line 209.

(./svg-inkscape/gwas_svg-tex.pdf_tex
<./svg-inkscape/gwas_svg-tex.pdf, id=626, page=1, 903.48515pt x 451.74257pt>
File: ./svg-inkscape/gwas_svg-tex.pdf Graphic file (type pdf)
<use ./svg-inkscape/gwas_svg-tex.pdf, page 1>
Package pdftex.def Info: ./svg-inkscape/gwas_svg-tex.pdf , page1 used on input 
line 56.
(pdftex.def)             Requested size: 214.92072pt x 107.4554pt.
)
Overfull \hbox (22.33455pt too wide) in paragraph at lines 200--213
[][]  [] 
 []


Underfull \vbox (badness 10000) has occurred while \output is active []

 [14]
[15 <./graphics/gwas_2005.png> <./svg-inkscape/gwas_svg-tex.pdf>] [16] [17]
[18] [19] [20]) [21]
\openout2 = `mat_and_methods.aux'.

 (./mat_and_methods.tex [22




]

LaTeX Warning: Reference `' on page 23 undefined on input line 2.

[23]
Package svg Info: Last page of `./svg-inkscape/reduction_svg-tex.pdf' is 1 on i
nput line 27.
 (./svg-inkscape/reduction_svg-tex.pdf_tex
<./svg-inkscape/reduction_svg-tex.pdf, id=1000, page=1, 770.88pt x 289.08636pt>

File: ./svg-inkscape/reduction_svg-tex.pdf Graphic file (type pdf)
<use ./svg-inkscape/reduction_svg-tex.pdf, page 1>
Package pdftex.def Info: ./svg-inkscape/reduction_svg-tex.pdf , page1 used on i
nput line 56.
(pdftex.def)             Requested size: 398.0pt x 149.25386pt.
) [24] [25 <./svg-inkscape/reduction_svg-tex.pdf>] [26]) [27] [28]
\openout2 = `results.aux'.

 (./results.tex) [29




]
\openout2 = `discussion.aux'.

 (./discussion.tex
[30




]) [31] [32



] (./main.bbl
LaTeX Font Info:    Trying to load font information for T1+lmtt on input line 3
0.

(/usr/local/texlive/2021/texmf-dist/tex/latex/lm/t1lmtt.fd
File: t1lmtt.fd 2015/05/01 v1.6.1 Font defs for Latin Modern
)
Package microtype Info: Loading generic protrusion settings for font family
(microtype)             `lmtt' (encoding: T1).
(microtype)             For optimal results, create family-specific settings.
(microtype)             See the microtype manual for details.

Underfull \hbox (badness 1852) in paragraph at lines 20--31
[]\T1/lmr/m/n/10.95 (+20) R. S. Abu-Rustum, M. F. Zi-ade, and S. E. Abu-Rustum.
  Ref-er-
 []


Underfull \hbox (badness 1412) in paragraph at lines 20--31
\T1/lmr/m/n/10.95 (+20) ence Val-ues for the Right and Left Fe-tal Choroid Plex
us at 11 to
 []


Underfull \hbox (badness 1062) in paragraph at lines 20--31
\T1/lmr/m/n/10.95 (+20) 13 Weeks.  \T1/lmr/m/it/10.95 (+20) Jour-nal of Ul-tra-
sound in Medicine\T1/lmr/m/n/10.95 (+20) , 32(9):1623--1629, sep
 []


Underfull \hbox (badness 10000) in paragraph at lines 20--31
\T1/lmtt/m/n/10.95 / / onlinelibrary . wiley . com / doi / full / 10 . 7863 / u
ltra . 32 . 9 . 1623https :
 []


Underfull \hbox (badness 10000) in paragraph at lines 20--31
\T1/lmtt/m/n/10.95 / / onlinelibrary . wiley . com / doi / abs / 10 . 7863 / ul
tra . 32 . 9 . 1623https :
 []


Underfull \hbox (badness 5563) in paragraph at lines 43--52
[]\T1/lmr/m/n/10.95 (+20) M. J. An-der-son.  A new method for non-parametric mu
l-ti-vari-
 []


Underfull \hbox (badness 3525) in paragraph at lines 43--52
\T1/lmr/m/n/10.95 (+20) ate anal-y-sis of vari-ance.  \T1/lmr/m/it/10.95 (+20) 
Aus-tral Ecol-ogy\T1/lmr/m/n/10.95 (+20) , 26(1):32--46, feb 2001.
 []


Underfull \hbox (badness 2197) in paragraph at lines 43--52
\T1/lmr/m/n/10.95 (+20) ISSN 1442-9993.  doi: $10 . 1111 / J . 1442-[]9993 . 20
01 . 01070 . PP . X$.  URL
 []


Underfull \hbox (badness 10000) in paragraph at lines 43--52
[]$\T1/lmtt/m/n/10.95 https : / / onlinelibrary . wiley . com / doi / full / 10
 . 1111 / j . 1442-[]9993 .
 []


Underfull \hbox (badness 10000) in paragraph at lines 43--52
\T1/lmtt/m/n/10.95 2001 . 01070 . pp . xhttps : / / onlinelibrary . wiley . com
 / doi / abs / 10 . 1111 / j .
 []


Underfull \hbox (badness 10000) in paragraph at lines 43--52
\T1/lmtt/m/n/10.95 1442-[]9993 . 2001 . 01070 . pp . xhttps : / / onlinelibrary
 . wiley . com / doi / 10 .
 []


Underfull \hbox (badness 10000) in paragraph at lines 57--65
\T1/lmr/m/n/10.95 (+20) URL []$\T1/lmtt/m/n/10.95 /pmc / articles / PMC3037419 
/ /pmc / articles / PMC3037419 / ?report =
 []

[33

] [34]
Underfull \hbox (badness 1681) in paragraph at lines 291--300
[]\T1/lmr/m/n/10.95 (+20) M. R. Corces et al.  Single-cell epige-nomic anal-y-s
es im-pli-cate can-
 []


Underfull \hbox (badness 5331) in paragraph at lines 291--300
\T1/lmr/m/n/10.95 (+20) di-date causal vari-ants at in-her-ited risk loci for A
lzheimer's and
 []


Underfull \hbox (badness 1297) in paragraph at lines 291--300
\T1/lmr/m/n/10.95 (+20) 15461718.  doi: $10 . 1038 / S41588-[]020-[]00721-[]X$.
  URL []$\T1/lmtt/m/n/10.95 /pmc / articles /
 []


Underfull \hbox (badness 10000) in paragraph at lines 291--300
\T1/lmtt/m/n/10.95 PMC7606627 / /pmc / articles / PMC7606627 / ?report = abstra
cthttps :
 []

[35]
Underfull \hbox (badness 1205) in paragraph at lines 341--352
\T1/lmr/m/n/10.95 (+20) a-ran, N. Calarco, J. D. Vi-viano, M. F. Glasser, D. C.
 Van Es-sen,
 []


Underfull \hbox (badness 1320) in paragraph at lines 341--352
\T1/lmr/m/n/10.95 (+20) and A. N. Voineskos.  ciftify: A frame-work for surface
-based anal-
 []


Underfull \hbox (badness 3449) in paragraph at lines 341--352
\T1/lmr/m/n/10.95 (+20) y-sis of legacy MR ac-qui-si-tions.  \T1/lmr/m/it/10.95
 (+20) Neu-roIm-age\T1/lmr/m/n/10.95 (+20) , 197:818, aug 2019.
 []


Underfull \hbox (badness 2020) in paragraph at lines 341--352
\T1/lmr/m/n/10.95 (+20) ISSN 10959572.  doi: $10 . 1016 / J . NEUROIMAGE . 2019
 . 04 . 078$.  URL
 []


Underfull \hbox (badness 10000) in paragraph at lines 341--352
[]$\T1/lmtt/m/n/10.95 /pmc / articles / PMC6675413 / /pmc / articles / PMC66754
13 / ?report =
 []


Underfull \hbox (badness 1931) in paragraph at lines 427--436
[]\T1/lmr/m/n/10.95 (+20) L. I. Dyck and E. M. Mor-row.  Ge-netic con-trol of p
ost-na-tal hu-
 []


Underfull \hbox (badness 1960) in paragraph at lines 427--436
\T1/lmr/m/n/10.95 (+20) man brain growth.  \T1/lmr/m/it/10.95 (+20) Cur-rent op
in-ion in neu-rol-ogy\T1/lmr/m/n/10.95 (+20) , 30(1):114, 2017.
 []


Underfull \hbox (badness 10000) in paragraph at lines 427--436
\T1/lmr/m/n/10.95 (+20) ISSN 14736551.  doi: $10 . 1097 / WCO . 000000000000040
5$.  URL
 []


Underfull \hbox (badness 10000) in paragraph at lines 427--436
[]$\T1/lmtt/m/n/10.95 /pmc / articles / PMC5340196 / /pmc / articles / PMC53401
96 / ?report =
 []


Underfull \hbox (badness 4096) in paragraph at lines 438--446
[]\T1/lmr/m/n/10.95 (+20) A. Ernst and J. Frisn.  Adult Neu-ro-ge-n-e-sis in H
umans- Com-
 []


Underfull \hbox (badness 1990) in paragraph at lines 438--446
\T1/lmr/m/n/10.95 (+20) mon and Unique Traits in Mam-mals.  \T1/lmr/m/it/10.95 
(+20) PLoS Bi-ol-ogy\T1/lmr/m/n/10.95 (+20) , 13(1), 2015.
 []


Underfull \hbox (badness 6094) in paragraph at lines 438--446
\T1/lmr/m/n/10.95 (+20) ISSN 15457885.  doi: $10 . 1371 / JOURNAL . PBIO . 1002
045$.  URL
 []


Underfull \hbox (badness 10000) in paragraph at lines 438--446
[]$\T1/lmtt/m/n/10.95 /pmc / articles / PMC4306487 / /pmc / articles / PMC43064
87 / ?report =
 []

[36]
Underfull \hbox (badness 1112) in paragraph at lines 538--548
\T1/lmr/m/n/10.95 (+20) eas In Vivo Based on Myelin Con-tent as Re-vealed by T1
- and T2-
 []


Underfull \hbox (badness 3965) in paragraph at lines 538--548
\T1/lmr/m/n/10.95 (+20) Weighted MRI.  \T1/lmr/m/it/10.95 (+20) The Jour-nal of
 Neu-ro-science\T1/lmr/m/n/10.95 (+20) , 31(32):11597, aug
 []


Underfull \hbox (badness 10000) in paragraph at lines 538--548
[]$\T1/lmtt/m/n/10.95 /pmc / articles / PMC3167149 / /pmc / articles / PMC31671
49 / ?report =
 []

[37]
Underfull \hbox (badness 1024) in paragraph at lines 568--578
\T1/lmr/m/n/10.95 (+20) (9):616, sep 2017.  ISSN 13624555.  doi: $10 . 1016 / J
 . TIG . 2017 . 06 . 004$.
 []


Underfull \hbox (badness 10000) in paragraph at lines 568--578
\T1/lmr/m/n/10.95 (+20) URL []$\T1/lmtt/m/n/10.95 /pmc / articles / PMC5764106 
/ /pmc / articles / PMC5764106 / ?report =
 []


Underfull \hbox (badness 7486) in paragraph at lines 642--651
[]\T1/lmr/m/n/10.95 (+20) D. Jack-son, R. Ri-ley, and I. R. White.  Mul-ti-vari
-ate meta-
 []


Underfull \hbox (badness 4120) in paragraph at lines 642--651
\T1/lmr/m/n/10.95 (+20) analysis: Po-ten-tial and promise.  \T1/lmr/m/it/10.95 
(+20) Statis-tics in Medicine\T1/lmr/m/n/10.95 (+20) , 30(20):
 []


Underfull \hbox (badness 1838) in paragraph at lines 642--651
\T1/lmr/m/n/10.95 (+20) 2481, sep 2011.  ISSN 02776715.  doi: $10 . 1002 / SIM 
. 4172$.  URL
 []


Underfull \hbox (badness 10000) in paragraph at lines 642--651
[]$\T1/lmtt/m/n/10.95 /pmc / articles / PMC3470931 / /pmc / articles / PMC34709
31 / ?report =
 []

[38]
Underfull \hbox (badness 1939) in paragraph at lines 710--720
[]\T1/lmr/m/n/10.95 (+20) C. P. Klin-gen-berg and G. S. Mcin-tyre.  GE-O-MET-RI
C MOR-PHO-
 []


Underfull \hbox (badness 10000) in paragraph at lines 710--720
\T1/lmr/m/n/10.95 (+20) MET-RICS OF DE-VEL-OP-MEN-TAL IN-STA-BIL-ITY: AN-A-LYZ-
ING
 []


Underfull \hbox (badness 10000) in paragraph at lines 710--720
\T1/lmr/m/n/10.95 (+20) PAT-TERNS OF FLUC-TU-AT-ING ASYM-ME-TRY WITH PRO-
 []


Underfull \hbox (badness 10000) in paragraph at lines 710--720
\T1/lmr/m/n/10.95 (+20) CRUSTES METH-ODS.  \T1/lmr/m/it/10.95 (+20) Evo-lu-tion
\T1/lmr/m/n/10.95 (+20) , 52(5):1363--1375, oct 1998.
 []


Underfull \hbox (badness 2409) in paragraph at lines 710--720
\T1/lmr/m/n/10.95 (+20) ISSN 1558-5646.  doi: $10 . 1111 / J . 1558-[]5646 . 19
98 . TB02018 . X$.  URL
 []


Underfull \hbox (badness 10000) in paragraph at lines 710--720
[]$\T1/lmtt/m/n/10.95 https : / / onlinelibrary . wiley . com / doi / full / 10
 . 1111 / j . 1558-[]5646 .
 []


Underfull \hbox (badness 10000) in paragraph at lines 710--720
\T1/lmtt/m/n/10.95 1998 . tb02018 . xhttps : / / onlinelibrary . wiley . com / 
doi / abs / 10 . 1111 / j .
 []


Underfull \hbox (badness 10000) in paragraph at lines 710--720
\T1/lmtt/m/n/10.95 1558-[]5646 . 1998 . tb02018 . xhttps : / / onlinelibrary . 
wiley . com / doi / 10 .
 []

[39]
Underfull \hbox (badness 10000) in paragraph at lines 787--798
\T1/lmr/m/n/10.95 (+20) URL []$\T1/lmtt/m/n/10.95 /pmc / articles / PMC8328207 
/ /pmc / articles / PMC8328207 / ?report =
 []

[40]
Underfull \hbox (badness 10000) in paragraph at lines 914--922
\T1/lmr/m/n/10.95 (+20) URL []$\T1/lmtt/m/n/10.95 /pmc / articles / PMC6704245 
/ /pmc / articles / PMC6704245 / ?report =
 []

[41]
Underfull \hbox (badness 1577) in paragraph at lines 985--995
\T1/lmr/m/n/10.95 (+20) stein.  Trans-for-ma-tion of the Ra-dial Glia Scaf-fold
 De-mar-cates Two
 []


Underfull \hbox (badness 4492) in paragraph at lines 985--995
\T1/lmr/m/n/10.95 (+20) URL []$\T1/lmtt/m/n/10.95 http : / / www . cell . com /
 article / S0896627316305645 / fulltexthttp :
 []


Underfull \hbox (badness 10000) in paragraph at lines 985--995
\T1/lmtt/m/n/10.95 / / www . cell . com / article / S0896627316305645 / abstrac
thttps : / / www .
 []


Underfull \hbox (badness 1496) in paragraph at lines 1006--1015
\T1/lmr/m/n/10.95 (+20) Cor-tex in Pain Pro-cess-ing.  \T1/lmr/m/it/10.95 (+20)
 Molec-u-lar Neu-ro-bi-ol-ogy\T1/lmr/m/n/10.95 (+20) , 56(2):1137, feb
 []


Underfull \hbox (badness 3482) in paragraph at lines 1006--1015
\T1/lmr/m/n/10.95 (+20) 2019.  ISSN 15591182.  doi: $10 . 1007 / S12035-[]018-[
]1130-[]9$.  URL
 []


Underfull \hbox (badness 10000) in paragraph at lines 1006--1015
[]$\T1/lmtt/m/n/10.95 /pmc / articles / PMC6400876 / /pmc / articles / PMC64008
76 / ?report =
 []


Underfull \hbox (badness 1424) in paragraph at lines 1018--1028
[]\T1/lmr/m/n/10.95 (+20) M. A. Pur-nell, P. J. Donoghue, S. E. Gab-bott, M. E.
 Mc-Na-mara,
 []


Underfull \hbox (badness 2181) in paragraph at lines 1018--1028
\T1/lmr/m/n/10.95 (+20) fos-siliza-tion: open-ing the black box.  \T1/lmr/m/it/
10.95 (+20) Palaeon-tol-ogy\T1/lmr/m/n/10.95 (+20) , 61(3):317--323,
 []


Underfull \hbox (badness 10000) in paragraph at lines 1018--1028
\T1/lmtt/m/n/10.95 / / onlinelibrary . wiley . com / doi / full / 10 . 1111 / p
ala . 12360https :
 []


Underfull \hbox (badness 10000) in paragraph at lines 1018--1028
\T1/lmtt/m/n/10.95 / / onlinelibrary . wiley . com / doi / abs / 10 . 1111 / pa
la . 12360https :
 []

[42]
Underfull \hbox (badness 10000) in paragraph at lines 1058--1067
\T1/lmr/m/n/10.95 (+20) URL []$\T1/lmtt/m/n/10.95 /pmc / articles / PMC3389460 
/ /pmc / articles / PMC3389460 / ?report =
 []

[43] [44] [45]) [46]
\tf@toc=\write6
\openout6 = `main.toc'.

\tf@lof=\write7
\openout7 = `main.lof'.

\tf@lot=\write8
\openout8 = `main.lot'.

 (./main.aux (./introduction.aux) (./mat_and_methods.aux)
(./results.aux) (./discussion.aux))

LaTeX Warning: There were undefined references.

Package rerunfilecheck Info: File `main.out' has not changed.
(rerunfilecheck)             Checksum: AEDA248CECAFC2D5C6F7CB3A37ED5CE7;2246.
 ) 
Here is how much of TeX's memory you used:
 28945 strings out of 478276
 620917 string characters out of 5846504
 966270 words of memory out of 5000000
 46150 multiletter control sequences out of 15000+600000
 571897 words of font info for 243 fonts, out of 8000000 for 9000
 1141 hyphenation exceptions out of 8191
 94i,12n,92p,4100b,761s stack positions out of 5000i,500n,10000p,200000b,80000s
{/usr/local/texlive/2021/texmf-dist/fonts/enc/dvips/lm/lm-ec.enc}{/usr/local/
texlive/2021/texmf-dist/fonts/enc/dvips/lm/lm-rm.enc}{/usr/local/texlive/2021/t
exmf-dist/fonts/enc/dvips/lm/lm-mathsy.enc}{/usr/local/texlive/2021/texmf-dist/
fonts/enc/dvips/lm/lm-mathit.enc}{/usr/local/texlive/2021/texmf-dist/fonts/enc/
dvips/lm/lm-mathex.enc}{/usr/local/texlive/2021/texmf-dist/fonts/enc/dvips/lm/l
m-ts1.enc}{/usr/local/texlive/2021/texmf-dist/fonts/enc/dvips/base/8r.enc}</usr
/local/texlive/2021/texmf-dist/fonts/type1/public/lm/lmbx10.pfb></usr/local/tex
live/2021/texmf-dist/fonts/type1/public/lm/lmbx12.pfb></usr/local/texlive/2021/
texmf-dist/fonts/type1/public/lm/lmbx6.pfb></usr/local/texlive/2021/texmf-dist/
fonts/type1/public/lm/lmbx8.pfb></usr/local/texlive/2021/texmf-dist/fonts/type1
/public/lm/lmcsc10.pfb></usr/local/texlive/2021/texmf-dist/fonts/type1/public/l
m/lmex10.pfb></usr/local/texlive/2021/texmf-dist/fonts/type1/public/lm/lmmi10.p
fb></usr/local/texlive/2021/texmf-dist/fonts/type1/public/lm/lmmi6.pfb></usr/lo
cal/texlive/2021/texmf-dist/fonts/type1/public/lm/lmmi8.pfb></usr/local/texlive
/2021/texmf-dist/fonts/type1/public/lm/lmr10.pfb></usr/local/texlive/2021/texmf
-dist/fonts/type1/public/lm/lmr6.pfb></usr/local/texlive/2021/texmf-dist/fonts/
type1/public/lm/lmr8.pfb></usr/local/texlive/2021/texmf-dist/fonts/type1/public
/lm/lmri10.pfb></usr/local/texlive/2021/texmf-dist/fonts/type1/public/lm/lmsy10
.pfb></usr/local/texlive/2021/texmf-dist/fonts/type1/public/lm/lmsy6.pfb></usr/
local/texlive/2021/texmf-dist/fonts/type1/public/lm/lmsy8.pfb></usr/local/texli
ve/2021/texmf-dist/fonts/type1/public/lm/lmtt10.pfb></usr/local/texlive/2021/te
xmf-dist/fonts/type1/urw/helvetic/uhvb8a.pfb></usr/local/texlive/2021/texmf-dis
t/fonts/type1/urw/helvetic/uhvr8a.pfb>
Output written on main.pdf (56 pages, 6560934 bytes).
PDF statistics:
 1520 PDF objects out of 1728 (max. 8388607)
 1291 compressed objects within 13 object streams
 267 named destinations out of 1000 (max. 500000)
 46316 words of extra memory for PDF output out of 51595 (max. 10000000)

