*********************************************************************
* LD Score Regression (LDSC)
* Version 1.0.1
* (C) 2014-2019 Brendan Bulik-Sullivan and Hilary Finucane
* Broad Institute of MIT and Harvard / MIT Department of Mathematics
* GNU General Public License v3
*********************************************************************
Call: 
./ldsc.py \
--ref-ld-chr ../SAMPLE_DATA/eur_w_ld_chr/ \
--out ../results/ldsc/STAGE00DATA/mean_imputed/not_subsampled/rg/par03 \
--rg ../results/ldsc/STAGE00DATA/mean_imputed/not_subsampled/munged/par03.sumstats.gz,../results/ldsc/STAGE00DATA/mean_imputed/not_subsampled/munged/par04.sumstats.gz,../results/ldsc/STAGE00DATA/mean_imputed/not_subsampled/munged/par05.sumstats.gz,../results/ldsc/STAGE00DATA/mean_imputed/not_subsampled/munged/par06.sumstats.gz,../results/ldsc/STAGE00DATA/mean_imputed/not_subsampled/munged/par07.sumstats.gz,../results/ldsc/STAGE00DATA/mean_imputed/not_subsampled/munged/par08.sumstats.gz,../results/ldsc/STAGE00DATA/mean_imputed/not_subsampled/munged/par09.sumstats.gz,../results/ldsc/STAGE00DATA/mean_imputed/not_subsampled/munged/par10.sumstats.gz,../results/ldsc/STAGE00DATA/mean_imputed/not_subsampled/munged/par11.sumstats.gz,../results/ldsc/STAGE00DATA/mean_imputed/not_subsampled/munged/par12.sumstats.gz,../results/ldsc/STAGE00DATA/mean_imputed/not_subsampled/munged/par13.sumstats.gz,../results/ldsc/STAGE00DATA/mean_imputed/not_subsampled/munged/par14.sumstats.gz,../results/ldsc/STAGE00DATA/mean_imputed/not_subsampled/munged/par15.sumstats.gz,../results/ldsc/STAGE00DATA/mean_imputed/not_subsampled/munged/par16.sumstats.gz,../results/ldsc/STAGE00DATA/mean_imputed/not_subsampled/munged/par17.sumstats.gz,../results/ldsc/STAGE00DATA/mean_imputed/not_subsampled/munged/par18.sumstats.gz,../results/ldsc/STAGE00DATA/mean_imputed/not_subsampled/munged/par19.sumstats.gz,../results/ldsc/STAGE00DATA/mean_imputed/not_subsampled/munged/par20.sumstats.gz,../results/ldsc/STAGE00DATA/mean_imputed/not_subsampled/munged/par21.sumstats.gz,../results/ldsc/STAGE00DATA/mean_imputed/not_subsampled/munged/par22.sumstats.gz,../results/ldsc/STAGE00DATA/mean_imputed/not_subsampled/munged/par23.sumstats.gz,../results/ldsc/STAGE00DATA/mean_imputed/not_subsampled/munged/par24.sumstats.gz,../results/ldsc/STAGE00DATA/mean_imputed/not_subsampled/munged/par25.sumstats.gz,../results/ldsc/STAGE00DATA/mean_imputed/not_subsampled/munged/par26.sumstats.gz,../results/ldsc/STAGE00DATA/mean_imputed/not_subsampled/munged/par27.sumstats.gz,../results/ldsc/STAGE00DATA/mean_imputed/not_subsampled/munged/par28.sumstats.gz,../results/ldsc/STAGE00DATA/mean_imputed/not_subsampled/munged/par29.sumstats.gz,../results/ldsc/STAGE00DATA/mean_imputed/not_subsampled/munged/par30.sumstats.gz,../results/ldsc/STAGE00DATA/mean_imputed/not_subsampled/munged/par31.sumstats.gz \
--w-ld-chr ../SAMPLE_DATA/eur_w_ld_chr/ 

Beginning analysis at Tue Mar 22 12:41:46 2022
Reading summary statistics from ../results/ldsc/STAGE00DATA/mean_imputed/not_subsampled/munged/par03.sumstats.gz ...
Read summary statistics for 1180716 SNPs.
Reading reference panel LD Score from ../SAMPLE_DATA/eur_w_ld_chr/[1-22] ... (ldscore_fromlist)
Read reference panel LD Scores for 1290028 SNPs.
Removing partitioned LD Scores with zero variance.
Reading regression weight LD Score from ../SAMPLE_DATA/eur_w_ld_chr/[1-22] ... (ldscore_fromlist)
Read regression weight LD Scores for 1290028 SNPs.
After merging with reference panel LD, 1174407 SNPs remain.
After merging with regression SNP LD, 1174407 SNPs remain.
Computing rg for phenotype 2/29
Reading summary statistics from ../results/ldsc/STAGE00DATA/mean_imputed/not_subsampled/munged/par04.sumstats.gz ...
Read summary statistics for 1217311 SNPs.
After merging with summary statistics, 1174407 SNPs remain.
1174407 SNPs with valid alleles.

Heritability of phenotype 1
---------------------------
Total Observed scale h2: 0.1666 (0.0242)
Lambda GC: 1.071
Mean Chi^2: 1.0521
Intercept: 0.989 (0.0059)
Ratio < 0 (usually indicates GC correction).

Heritability of phenotype 2/29
------------------------------
Total Observed scale h2: 0.1951 (0.0262)
Lambda GC: 1.0926
Mean Chi^2: 1.0658
Intercept: 0.9913 (0.0061)
Ratio < 0 (usually indicates GC correction).

Genetic Covariance
------------------
Total Observed scale gencov: 0.1169 (0.0153)
Mean z1*z2: 0.2061
Intercept: 0.1604 (0.0034)

Genetic Correlation
-------------------
Genetic Correlation: 0.6484 (0.0559)
Z-score: 11.5918
P: 4.5334e-31

Computing rg for phenotype 3/29
Reading summary statistics from ../results/ldsc/STAGE00DATA/mean_imputed/not_subsampled/munged/par05.sumstats.gz ...
Read summary statistics for 1217311 SNPs.
After merging with summary statistics, 1174407 SNPs remain.
1174407 SNPs with valid alleles.

Heritability of phenotype 3/29
------------------------------
Total Observed scale h2: 0.2173 (0.0318)
Lambda GC: 1.0957
Mean Chi^2: 1.0807
Intercept: 0.998 (0.0065)
Ratio < 0 (usually indicates GC correction).

Genetic Covariance
------------------
Total Observed scale gencov: 0.1225 (0.0172)
Mean z1*z2: 0.1923
Intercept: 0.1447 (0.0039)

Genetic Correlation
-------------------
Genetic Correlation: 0.6437 (0.0553)
Z-score: 11.6363
P: 2.6948e-31

Computing rg for phenotype 4/29
Reading summary statistics from ../results/ldsc/STAGE00DATA/mean_imputed/not_subsampled/munged/par06.sumstats.gz ...
Read summary statistics for 1217311 SNPs.
After merging with summary statistics, 1174407 SNPs remain.
1174407 SNPs with valid alleles.

Heritability of phenotype 4/29
------------------------------
Total Observed scale h2: 0.1026 (0.0229)
Lambda GC: 1.0496
Mean Chi^2: 1.0322
Intercept: 0.9931 (0.0057)
Ratio < 0 (usually indicates GC correction).

Genetic Covariance
------------------
Total Observed scale gencov: 0.1236 (0.0211)
Mean z1*z2: 0.6971
Intercept: 0.65 (0.005)

Genetic Correlation
-------------------
Genetic Correlation: 0.9456 (0.0505)
Z-score: 18.7409
P: 2.2962e-78

Computing rg for phenotype 5/29
Reading summary statistics from ../results/ldsc/STAGE00DATA/mean_imputed/not_subsampled/munged/par07.sumstats.gz ...
Read summary statistics for 1217311 SNPs.
After merging with summary statistics, 1174407 SNPs remain.
1174407 SNPs with valid alleles.

Heritability of phenotype 5/29
------------------------------
Total Observed scale h2: 0.1397 (0.0248)
Lambda GC: 1.0496
Mean Chi^2: 1.0478
Intercept: 0.9943 (0.0063)
Ratio < 0 (usually indicates GC correction).

Genetic Covariance
------------------
Total Observed scale gencov: 0.1289 (0.0206)
Mean z1*z2: 0.5235
Intercept: 0.4742 (0.0053)

Genetic Correlation
-------------------
Genetic Correlation: 0.8448 (0.0609)
Z-score: 13.8713
P: 9.4612e-44

Computing rg for phenotype 6/29
Reading summary statistics from ../results/ldsc/STAGE00DATA/mean_imputed/not_subsampled/munged/par08.sumstats.gz ...
Read summary statistics for 1217311 SNPs.
After merging with summary statistics, 1174407 SNPs remain.
1174407 SNPs with valid alleles.

Heritability of phenotype 6/29
------------------------------
Total Observed scale h2: 0.1825 (0.0248)
Lambda GC: 1.0802
Mean Chi^2: 1.0627
Intercept: 0.9941 (0.0059)
Ratio < 0 (usually indicates GC correction).

Genetic Covariance
------------------
Total Observed scale gencov: 0.094 (0.0145)
Mean z1*z2: 0.1875
Intercept: 0.151 (0.0033)

Genetic Correlation
-------------------
Genetic Correlation: 0.539 (0.0638)
Z-score: 8.447
P: 2.9878e-17

Computing rg for phenotype 7/29
Reading summary statistics from ../results/ldsc/STAGE00DATA/mean_imputed/not_subsampled/munged/par09.sumstats.gz ...
Read summary statistics for 1217311 SNPs.
After merging with summary statistics, 1174407 SNPs remain.
1174407 SNPs with valid alleles.

Heritability of phenotype 7/29
------------------------------
Total Observed scale h2: 0.0813 (0.0242)
Lambda GC: 1.0436
Mean Chi^2: 1.0305
Intercept: 0.9995 (0.0062)
Ratio < 0 (usually indicates GC correction).

Genetic Covariance
------------------
Total Observed scale gencov: 0.0812 (0.0149)
Mean z1*z2: 0.2014
Intercept: 0.1699 (0.0036)

Genetic Correlation
-------------------
Genetic Correlation: 0.6978 (0.1074)
Z-score: 6.4989
P: 8.0905e-11

Computing rg for phenotype 8/29
Reading summary statistics from ../results/ldsc/STAGE00DATA/mean_imputed/not_subsampled/munged/par10.sumstats.gz ...
Read summary statistics for 1217311 SNPs.
After merging with summary statistics, 1174407 SNPs remain.
1174407 SNPs with valid alleles.

Heritability of phenotype 8/29
------------------------------
Total Observed scale h2: 0.1719 (0.0295)
Lambda GC: 1.071
Mean Chi^2: 1.0608
Intercept: 0.9954 (0.0065)
Ratio < 0 (usually indicates GC correction).

Genetic Covariance
------------------
Total Observed scale gencov: 0.0972 (0.016)
Mean z1*z2: 0.1778
Intercept: 0.1398 (0.0038)

Genetic Correlation
-------------------
Genetic Correlation: 0.5745 (0.0626)
Z-score: 9.1759
P: 4.4793e-20

Computing rg for phenotype 9/29
Reading summary statistics from ../results/ldsc/STAGE00DATA/mean_imputed/not_subsampled/munged/par11.sumstats.gz ...
Read summary statistics for 1217311 SNPs.
After merging with summary statistics, 1174407 SNPs remain.
1174407 SNPs with valid alleles.

Heritability of phenotype 9/29
------------------------------
Total Observed scale h2: 0.1463 (0.0264)
Lambda GC: 1.0772
Mean Chi^2: 1.0599
Intercept: 1.0044 (0.006)
Ratio: 0.073 (0.1009)

Genetic Covariance
------------------
Total Observed scale gencov: 0.1073 (0.0165)
Mean z1*z2: 0.2117
Intercept: 0.1701 (0.0037)

Genetic Correlation
-------------------
Genetic Correlation: 0.6876 (0.0658)
Z-score: 10.4475
P: 1.5043e-25

Computing rg for phenotype 10/29
Reading summary statistics from ../results/ldsc/STAGE00DATA/mean_imputed/not_subsampled/munged/par12.sumstats.gz ...
Read summary statistics for 1217311 SNPs.
After merging with summary statistics, 1174407 SNPs remain.
1174407 SNPs with valid alleles.

Heritability of phenotype 10/29
-------------------------------
Total Observed scale h2: 0.117 (0.0254)
Lambda GC: 1.0436
Mean Chi^2: 1.0379
Intercept: 0.9928 (0.0062)
Ratio < 0 (usually indicates GC correction).

Genetic Covariance
------------------
Total Observed scale gencov: 0.1323 (0.0197)
Mean z1*z2: 0.52
Intercept: 0.4694 (0.0048)

Genetic Correlation
-------------------
Genetic Correlation: 0.9477 (0.0698)
Z-score: 13.5687
P: 6.1427e-42

Computing rg for phenotype 11/29
Reading summary statistics from ../results/ldsc/STAGE00DATA/mean_imputed/not_subsampled/munged/par13.sumstats.gz ...
Read summary statistics for 1217311 SNPs.
After merging with summary statistics, 1174407 SNPs remain.
1174407 SNPs with valid alleles.

Heritability of phenotype 11/29
-------------------------------
Total Observed scale h2: 0.0356 (0.0229)
Lambda GC: 1.0225
Mean Chi^2: 1.0136
Intercept: 1.0002 (0.0056)
Ratio: 0.0112 (0.4124)

Genetic Covariance
------------------
Total Observed scale gencov: 0.0724 (0.017)
Mean z1*z2: 0.4323
Intercept: 0.4046 (0.0043)

Genetic Correlation
-------------------
Genetic Correlation: 0.94 (0.2221)
Z-score: 4.2327
P: 2.3095e-05

Computing rg for phenotype 12/29
Reading summary statistics from ../results/ldsc/STAGE00DATA/mean_imputed/not_subsampled/munged/par14.sumstats.gz ...
Read summary statistics for 1217311 SNPs.
After merging with summary statistics, 1174407 SNPs remain.
1174407 SNPs with valid alleles.

Heritability of phenotype 12/29
-------------------------------
Total Observed scale h2: 0.1238 (0.0242)
Lambda GC: 1.0527
Mean Chi^2: 1.0415
Intercept: 0.9943 (0.0065)
Ratio < 0 (usually indicates GC correction).

Genetic Covariance
------------------
Total Observed scale gencov: 0.1305 (0.019)
Mean z1*z2: 0.4608
Intercept: 0.4108 (0.0049)

Genetic Correlation
-------------------
Genetic Correlation: 0.909 (0.068)
Z-score: 13.364
P: 9.8111e-41

Computing rg for phenotype 13/29
Reading summary statistics from ../results/ldsc/STAGE00DATA/mean_imputed/not_subsampled/munged/par15.sumstats.gz ...
Read summary statistics for 1217311 SNPs.
After merging with summary statistics, 1174407 SNPs remain.
1174407 SNPs with valid alleles.

Heritability of phenotype 13/29
-------------------------------
Total Observed scale h2: 0.0572 (0.0217)
Lambda GC: 1.0225
Mean Chi^2: 1.0237
Intercept: 1.0021 (0.0061)
Ratio: 0.0893 (0.2559)

Genetic Covariance
------------------
Total Observed scale gencov: 0.088 (0.0174)
Mean z1*z2: 0.3434
Intercept: 0.3097 (0.0048)

Genetic Correlation
-------------------
Genetic Correlation: 0.9012 (0.1339)
Z-score: 6.7282
P: 1.7174e-11

Computing rg for phenotype 14/29
Reading summary statistics from ../results/ldsc/STAGE00DATA/mean_imputed/not_subsampled/munged/par16.sumstats.gz ...
Read summary statistics for 1217311 SNPs.
After merging with summary statistics, 1174407 SNPs remain.
1174407 SNPs with valid alleles.

Heritability of phenotype 14/29
-------------------------------
Total Observed scale h2: 0.1501 (0.0233)
Lambda GC: 1.0679
Mean Chi^2: 1.0505
Intercept: 0.9942 (0.0063)
Ratio < 0 (usually indicates GC correction).

Genetic Covariance
------------------
Total Observed scale gencov: 0.0762 (0.0135)
Mean z1*z2: 0.1785
Intercept: 0.1489 (0.0033)

Genetic Correlation
-------------------
Genetic Correlation: 0.4821 (0.0641)
Z-score: 7.5215
P: 5.4163e-14

Computing rg for phenotype 15/29
Reading summary statistics from ../results/ldsc/STAGE00DATA/mean_imputed/not_subsampled/munged/par17.sumstats.gz ...
Read summary statistics for 1217311 SNPs.
After merging with summary statistics, 1174407 SNPs remain.
1174407 SNPs with valid alleles.

Heritability of phenotype 15/29
-------------------------------
Total Observed scale h2: 0.187 (0.0284)
Lambda GC: 1.0957
Mean Chi^2: 1.0788
Intercept: 1.0076 (0.0067)
Ratio: 0.0958 (0.0854)

Genetic Covariance
------------------
Total Observed scale gencov: 0.1179 (0.0158)
Mean z1*z2: 0.2029
Intercept: 0.1574 (0.0037)

Genetic Correlation
-------------------
Genetic Correlation: 0.6681 (0.0627)
Z-score: 10.6481
P: 1.7797e-26

Computing rg for phenotype 16/29
Reading summary statistics from ../results/ldsc/STAGE00DATA/mean_imputed/not_subsampled/munged/par18.sumstats.gz ...
Read summary statistics for 1217311 SNPs.
After merging with summary statistics, 1174407 SNPs remain.
1174407 SNPs with valid alleles.

Heritability of phenotype 16/29
-------------------------------
Total Observed scale h2: 0.0783 (0.0215)
Lambda GC: 1.0436
Mean Chi^2: 1.0289
Intercept: 0.9992 (0.0059)
Ratio < 0 (usually indicates GC correction).

Genetic Covariance
------------------
Total Observed scale gencov: 0.0716 (0.0131)
Mean z1*z2: 0.1849
Intercept: 0.1572 (0.0033)

Genetic Correlation
-------------------
Genetic Correlation: 0.627 (0.0977)
Z-score: 6.4187
P: 1.3748e-10

Computing rg for phenotype 17/29
Reading summary statistics from ../results/ldsc/STAGE00DATA/mean_imputed/not_subsampled/munged/par19.sumstats.gz ...
Read summary statistics for 1217311 SNPs.
After merging with summary statistics, 1174407 SNPs remain.
1174407 SNPs with valid alleles.

Heritability of phenotype 17/29
-------------------------------
Total Observed scale h2: 0.0459 (0.0243)
Lambda GC: 1.0195
Mean Chi^2: 1.0204
Intercept: 1.003 (0.006)
Ratio: 0.1473 (0.2935)

Genetic Covariance
------------------
Total Observed scale gencov: 0.067 (0.0137)
Mean z1*z2: 0.1947
Intercept: 0.1686 (0.0037)

Genetic Correlation
-------------------
Genetic Correlation: 0.7657 (0.1659)
Z-score: 4.6162
P: 3.9088e-06

Computing rg for phenotype 18/29
Reading summary statistics from ../results/ldsc/STAGE00DATA/mean_imputed/not_subsampled/munged/par20.sumstats.gz ...
Read summary statistics for 1217311 SNPs.
After merging with summary statistics, 1174407 SNPs remain.
1174407 SNPs with valid alleles.

Heritability of phenotype 18/29
-------------------------------
Total Observed scale h2: 0.1787 (0.028)
Lambda GC: 1.0741
Mean Chi^2: 1.0689
Intercept: 1.0006 (0.0062)
Ratio: 0.0086 (0.0907)

Genetic Covariance
------------------
Total Observed scale gencov: 0.0932 (0.0155)
Mean z1*z2: 0.187
Intercept: 0.1502 (0.0037)

Genetic Correlation
-------------------
Genetic Correlation: 0.5399 (0.0581)
Z-score: 9.2901
P: 1.5412e-20

Computing rg for phenotype 19/29
Reading summary statistics from ../results/ldsc/STAGE00DATA/mean_imputed/not_subsampled/munged/par21.sumstats.gz ...
Read summary statistics for 1217311 SNPs.
After merging with summary statistics, 1174407 SNPs remain.
1174407 SNPs with valid alleles.

Heritability of phenotype 19/29
-------------------------------
Total Observed scale h2: 0.0828 (0.0246)
Lambda GC: 1.0345
Mean Chi^2: 1.0258
Intercept: 0.9944 (0.0061)
Ratio < 0 (usually indicates GC correction).

Genetic Covariance
------------------
Total Observed scale gencov: 0.0701 (0.0142)
Mean z1*z2: 0.1668
Intercept: 0.14 (0.0036)

Genetic Correlation
-------------------
Genetic Correlation: 0.5966 (0.0891)
Z-score: 6.6943
P: 2.1674e-11

Computing rg for phenotype 20/29
Reading summary statistics from ../results/ldsc/STAGE00DATA/mean_imputed/not_subsampled/munged/par22.sumstats.gz ...
Read summary statistics for 1217311 SNPs.
After merging with summary statistics, 1174407 SNPs remain.
1174407 SNPs with valid alleles.

Heritability of phenotype 20/29
-------------------------------
Total Observed scale h2: 0.1845 (0.0249)
Lambda GC: 1.0988
Mean Chi^2: 1.0809
Intercept: 1.011 (0.0062)
Ratio: 0.1358 (0.076)

Genetic Covariance
------------------
Total Observed scale gencov: 0.1298 (0.0163)
Mean z1*z2: 0.1986
Intercept: 0.1483 (0.0037)

Genetic Correlation
-------------------
Genetic Correlation: 0.7403 (0.0621)
Z-score: 11.9167
P: 9.6889e-33

Computing rg for phenotype 21/29
Reading summary statistics from ../results/ldsc/STAGE00DATA/mean_imputed/not_subsampled/munged/par23.sumstats.gz ...
Read summary statistics for 1217311 SNPs.
After merging with summary statistics, 1174407 SNPs remain.
1174407 SNPs with valid alleles.

Heritability of phenotype 21/29
-------------------------------
Total Observed scale h2: 0.0484 (0.025)
Lambda GC: 1.0255
Mean Chi^2: 1.0208
Intercept: 1.0023 (0.0062)
Ratio: 0.1105 (0.3001)

Genetic Covariance
------------------
Total Observed scale gencov: 0.0654 (0.0154)
Mean z1*z2: 0.1987
Intercept: 0.1736 (0.0036)

Genetic Correlation
-------------------
Genetic Correlation: 0.7288 (0.1576)
Z-score: 4.6254
P: 3.7382e-06

Computing rg for phenotype 22/29
Reading summary statistics from ../results/ldsc/STAGE00DATA/mean_imputed/not_subsampled/munged/par24.sumstats.gz ...
Read summary statistics for 1217311 SNPs.
After merging with summary statistics, 1174407 SNPs remain.
1174407 SNPs with valid alleles.

Heritability of phenotype 22/29
-------------------------------
Total Observed scale h2: 0.1396 (0.0273)
Lambda GC: 1.0557
Mean Chi^2: 1.0477
Intercept: 0.993 (0.0064)
Ratio < 0 (usually indicates GC correction).

Genetic Covariance
------------------
Total Observed scale gencov: 0.1211 (0.0183)
Mean z1*z2: 0.3956
Intercept: 0.3486 (0.0045)

Genetic Correlation
-------------------
Genetic Correlation: 0.794 (0.0616)
Z-score: 12.8871
P: 5.3238e-38

Computing rg for phenotype 23/29
Reading summary statistics from ../results/ldsc/STAGE00DATA/mean_imputed/not_subsampled/munged/par25.sumstats.gz ...
Read summary statistics for 1217311 SNPs.
After merging with summary statistics, 1174407 SNPs remain.
1174407 SNPs with valid alleles.

Heritability of phenotype 23/29
-------------------------------
Total Observed scale h2: 0.0502 (0.0231)
Lambda GC: 1.0195
Mean Chi^2: 1.0137
Intercept: 0.9947 (0.0061)
Ratio < 0 (usually indicates GC correction).

Genetic Covariance
------------------
Total Observed scale gencov: 0.099 (0.0172)
Mean z1*z2: 0.4488
Intercept: 0.4111 (0.0044)

Genetic Correlation
-------------------
Genetic Correlation: 1.0824 (0.164)
Z-score: 6.5996
P: 4.1227e-11

Computing rg for phenotype 24/29
Reading summary statistics from ../results/ldsc/STAGE00DATA/mean_imputed/not_subsampled/munged/par26.sumstats.gz ...
Read summary statistics for 1217311 SNPs.
After merging with summary statistics, 1174407 SNPs remain.
1174407 SNPs with valid alleles.

Heritability of phenotype 24/29
-------------------------------
Total Observed scale h2: 0.0097 (0.0202)
Lambda GC: 1.0046
Mean Chi^2: 1.004
Intercept: 1.0003 (0.0054)
Ratio: 0.0858 (1.3416)

Genetic Covariance
------------------
Total Observed scale gencov: 0.0607 (0.0155)
Mean z1*z2: 0.3746
Intercept: 0.3514 (0.0038)

Genetic Correlation
-------------------
Genetic Correlation: nan (nan) (rg out of bounds) 
Z-score: nan (nan) (rg out of bounds)
P: nan (nan) (rg out of bounds)
WARNING: rg was out of bounds.
This often means that h2 is not significantly different from zero.

Computing rg for phenotype 25/29
Reading summary statistics from ../results/ldsc/STAGE00DATA/mean_imputed/not_subsampled/munged/par27.sumstats.gz ...
Read summary statistics for 1217311 SNPs.
After merging with summary statistics, 1174407 SNPs remain.
1174407 SNPs with valid alleles.

Heritability of phenotype 25/29
-------------------------------
Total Observed scale h2: 0.0141 (0.024)
Lambda GC: 1.0165
Mean Chi^2: 1.0116
Intercept: 1.0064 (0.0061)
Ratio: 0.5476 (0.5221)

Genetic Covariance
------------------
Total Observed scale gencov: 0.0664 (0.0161)
Mean z1*z2: 0.3122
Intercept: 0.2868 (0.0041)

Genetic Correlation
-------------------
Genetic Correlation: nan (nan) (rg out of bounds) 
Z-score: nan (nan) (rg out of bounds)
P: nan (nan) (rg out of bounds)
WARNING: rg was out of bounds.
This often means that h2 is not significantly different from zero.

Computing rg for phenotype 26/29
Reading summary statistics from ../results/ldsc/STAGE00DATA/mean_imputed/not_subsampled/munged/par28.sumstats.gz ...
Read summary statistics for 1217311 SNPs.
After merging with summary statistics, 1174407 SNPs remain.
1174407 SNPs with valid alleles.

Heritability of phenotype 26/29
-------------------------------
Total Observed scale h2: 0.0992 (0.0248)
Lambda GC: 1.0405
Mean Chi^2: 1.0331
Intercept: 0.9946 (0.0064)
Ratio < 0 (usually indicates GC correction).

Genetic Covariance
------------------
Total Observed scale gencov: 0.1082 (0.017)
Mean z1*z2: 0.3609
Intercept: 0.3191 (0.0046)

Genetic Correlation
-------------------
Genetic Correlation: 0.8413 (0.0797)
Z-score: 10.5614
P: 4.4969e-26

Computing rg for phenotype 27/29
Reading summary statistics from ../results/ldsc/STAGE00DATA/mean_imputed/not_subsampled/munged/par29.sumstats.gz ...
Read summary statistics for 1217311 SNPs.
After merging with summary statistics, 1174407 SNPs remain.
1174407 SNPs with valid alleles.

Heritability of phenotype 27/29
-------------------------------
Total Observed scale h2: 0.065 (0.0232)
Lambda GC: 1.0315
Mean Chi^2: 1.0267
Intercept: 1.002 (0.0065)
Ratio: 0.0763 (0.2432)

Genetic Covariance
------------------
Total Observed scale gencov: 0.0951 (0.0162)
Mean z1*z2: 0.3737
Intercept: 0.3374 (0.0045)

Genetic Correlation
-------------------
Genetic Correlation: 0.9143 (0.131)
Z-score: 6.9775
P: 3.0045e-12

Computing rg for phenotype 28/29
Reading summary statistics from ../results/ldsc/STAGE00DATA/mean_imputed/not_subsampled/munged/par30.sumstats.gz ...
Read summary statistics for 1217311 SNPs.
After merging with summary statistics, 1174407 SNPs remain.
1174407 SNPs with valid alleles.

Heritability of phenotype 28/29
-------------------------------
Total Observed scale h2: 0.0181 (0.0224)
Lambda GC: 1.0046
Mean Chi^2: 1.0046
Intercept: 0.9977 (0.006)
Ratio < 0 (usually indicates GC correction).

Genetic Covariance
------------------
Total Observed scale gencov: 0.0642 (0.0164)
Mean z1*z2: 0.2974
Intercept: 0.2728 (0.0044)

Genetic Correlation
-------------------
Genetic Correlation: 1.1699 (0.605)
Z-score: 1.9337
P: 0.0532

Computing rg for phenotype 29/29
Reading summary statistics from ../results/ldsc/STAGE00DATA/mean_imputed/not_subsampled/munged/par31.sumstats.gz ...
Read summary statistics for 1217311 SNPs.
After merging with summary statistics, 1174407 SNPs remain.
1174407 SNPs with valid alleles.

Heritability of phenotype 29/29
-------------------------------
Total Observed scale h2: 0.0248 (0.0204)
Lambda GC: 1.0195
Mean Chi^2: 1.0223
Intercept: 1.013 (0.0061)
Ratio: 0.5825 (0.2723)

Genetic Covariance
------------------
Total Observed scale gencov: 0.0764 (0.0151)
Mean z1*z2: 0.2736
Intercept: 0.2445 (0.0041)

Genetic Correlation
-------------------
Genetic Correlation: 1.1877 (0.4133)
Z-score: 2.8739
P: 0.0041


Summary of Genetic Correlation Results
                                                                               p1                                                                                p2      rg      se        z           p  h2_obs  h2_obs_se  h2_int  h2_int_se  gcov_int  gcov_int_se
 ../results/ldsc/STAGE00DATA/mean_imputed/not_subsampled/munged/par03.sumstats.gz  ../results/ldsc/STAGE00DATA/mean_imputed/not_subsampled/munged/par04.sumstats.gz  0.6484  0.0559  11.5918  4.5334e-31  0.1951     0.0262  0.9913     0.0061    0.1604       0.0034
 ../results/ldsc/STAGE00DATA/mean_imputed/not_subsampled/munged/par03.sumstats.gz  ../results/ldsc/STAGE00DATA/mean_imputed/not_subsampled/munged/par05.sumstats.gz  0.6437  0.0553  11.6363  2.6948e-31  0.2173     0.0318  0.9980     0.0065    0.1447       0.0039
 ../results/ldsc/STAGE00DATA/mean_imputed/not_subsampled/munged/par03.sumstats.gz  ../results/ldsc/STAGE00DATA/mean_imputed/not_subsampled/munged/par06.sumstats.gz  0.9456  0.0505  18.7409  2.2962e-78  0.1026     0.0229  0.9931     0.0057    0.6500       0.0050
 ../results/ldsc/STAGE00DATA/mean_imputed/not_subsampled/munged/par03.sumstats.gz  ../results/ldsc/STAGE00DATA/mean_imputed/not_subsampled/munged/par07.sumstats.gz  0.8448  0.0609  13.8713  9.4612e-44  0.1397     0.0248  0.9943     0.0063    0.4742       0.0053
 ../results/ldsc/STAGE00DATA/mean_imputed/not_subsampled/munged/par03.sumstats.gz  ../results/ldsc/STAGE00DATA/mean_imputed/not_subsampled/munged/par08.sumstats.gz  0.5390  0.0638   8.4470  2.9878e-17  0.1825     0.0248  0.9941     0.0059    0.1510       0.0033
 ../results/ldsc/STAGE00DATA/mean_imputed/not_subsampled/munged/par03.sumstats.gz  ../results/ldsc/STAGE00DATA/mean_imputed/not_subsampled/munged/par09.sumstats.gz  0.6978  0.1074   6.4989  8.0905e-11  0.0813     0.0242  0.9995     0.0062    0.1699       0.0036
 ../results/ldsc/STAGE00DATA/mean_imputed/not_subsampled/munged/par03.sumstats.gz  ../results/ldsc/STAGE00DATA/mean_imputed/not_subsampled/munged/par10.sumstats.gz  0.5745  0.0626   9.1759  4.4793e-20  0.1719     0.0295  0.9954     0.0065    0.1398       0.0038
 ../results/ldsc/STAGE00DATA/mean_imputed/not_subsampled/munged/par03.sumstats.gz  ../results/ldsc/STAGE00DATA/mean_imputed/not_subsampled/munged/par11.sumstats.gz  0.6876  0.0658  10.4475  1.5043e-25  0.1463     0.0264  1.0044     0.0060    0.1701       0.0037
 ../results/ldsc/STAGE00DATA/mean_imputed/not_subsampled/munged/par03.sumstats.gz  ../results/ldsc/STAGE00DATA/mean_imputed/not_subsampled/munged/par12.sumstats.gz  0.9477  0.0698  13.5687  6.1427e-42  0.1170     0.0254  0.9928     0.0062    0.4694       0.0048
 ../results/ldsc/STAGE00DATA/mean_imputed/not_subsampled/munged/par03.sumstats.gz  ../results/ldsc/STAGE00DATA/mean_imputed/not_subsampled/munged/par13.sumstats.gz  0.9400  0.2221   4.2327  2.3095e-05  0.0356     0.0229  1.0002     0.0056    0.4046       0.0043
 ../results/ldsc/STAGE00DATA/mean_imputed/not_subsampled/munged/par03.sumstats.gz  ../results/ldsc/STAGE00DATA/mean_imputed/not_subsampled/munged/par14.sumstats.gz  0.9090  0.0680  13.3640  9.8111e-41  0.1238     0.0242  0.9943     0.0065    0.4108       0.0049
 ../results/ldsc/STAGE00DATA/mean_imputed/not_subsampled/munged/par03.sumstats.gz  ../results/ldsc/STAGE00DATA/mean_imputed/not_subsampled/munged/par15.sumstats.gz  0.9012  0.1339   6.7282  1.7174e-11  0.0572     0.0217  1.0021     0.0061    0.3097       0.0048
 ../results/ldsc/STAGE00DATA/mean_imputed/not_subsampled/munged/par03.sumstats.gz  ../results/ldsc/STAGE00DATA/mean_imputed/not_subsampled/munged/par16.sumstats.gz  0.4821  0.0641   7.5215  5.4163e-14  0.1501     0.0233  0.9942     0.0063    0.1489       0.0033
 ../results/ldsc/STAGE00DATA/mean_imputed/not_subsampled/munged/par03.sumstats.gz  ../results/ldsc/STAGE00DATA/mean_imputed/not_subsampled/munged/par17.sumstats.gz  0.6681  0.0627  10.6481  1.7797e-26  0.1870     0.0284  1.0076     0.0067    0.1574       0.0037
 ../results/ldsc/STAGE00DATA/mean_imputed/not_subsampled/munged/par03.sumstats.gz  ../results/ldsc/STAGE00DATA/mean_imputed/not_subsampled/munged/par18.sumstats.gz  0.6270  0.0977   6.4187  1.3748e-10  0.0783     0.0215  0.9992     0.0059    0.1572       0.0033
 ../results/ldsc/STAGE00DATA/mean_imputed/not_subsampled/munged/par03.sumstats.gz  ../results/ldsc/STAGE00DATA/mean_imputed/not_subsampled/munged/par19.sumstats.gz  0.7657  0.1659   4.6162  3.9088e-06  0.0459     0.0243  1.0030     0.0060    0.1686       0.0037
 ../results/ldsc/STAGE00DATA/mean_imputed/not_subsampled/munged/par03.sumstats.gz  ../results/ldsc/STAGE00DATA/mean_imputed/not_subsampled/munged/par20.sumstats.gz  0.5399  0.0581   9.2901  1.5412e-20  0.1787     0.0280  1.0006     0.0062    0.1502       0.0037
 ../results/ldsc/STAGE00DATA/mean_imputed/not_subsampled/munged/par03.sumstats.gz  ../results/ldsc/STAGE00DATA/mean_imputed/not_subsampled/munged/par21.sumstats.gz  0.5966  0.0891   6.6943  2.1674e-11  0.0828     0.0246  0.9944     0.0061    0.1400       0.0036
 ../results/ldsc/STAGE00DATA/mean_imputed/not_subsampled/munged/par03.sumstats.gz  ../results/ldsc/STAGE00DATA/mean_imputed/not_subsampled/munged/par22.sumstats.gz  0.7403  0.0621  11.9167  9.6889e-33  0.1845     0.0249  1.0110     0.0062    0.1483       0.0037
 ../results/ldsc/STAGE00DATA/mean_imputed/not_subsampled/munged/par03.sumstats.gz  ../results/ldsc/STAGE00DATA/mean_imputed/not_subsampled/munged/par23.sumstats.gz  0.7288  0.1576   4.6254  3.7382e-06  0.0484     0.0250  1.0023     0.0062    0.1736       0.0036
 ../results/ldsc/STAGE00DATA/mean_imputed/not_subsampled/munged/par03.sumstats.gz  ../results/ldsc/STAGE00DATA/mean_imputed/not_subsampled/munged/par24.sumstats.gz  0.7940  0.0616  12.8871  5.3238e-38  0.1396     0.0273  0.9930     0.0064    0.3486       0.0045
 ../results/ldsc/STAGE00DATA/mean_imputed/not_subsampled/munged/par03.sumstats.gz  ../results/ldsc/STAGE00DATA/mean_imputed/not_subsampled/munged/par25.sumstats.gz  1.0824  0.1640   6.5996  4.1227e-11  0.0502     0.0231  0.9947     0.0061    0.4111       0.0044
 ../results/ldsc/STAGE00DATA/mean_imputed/not_subsampled/munged/par03.sumstats.gz  ../results/ldsc/STAGE00DATA/mean_imputed/not_subsampled/munged/par26.sumstats.gz  1.5079  1.5219   0.9908  3.2179e-01  0.0097     0.0202  1.0003     0.0054    0.3514       0.0038
 ../results/ldsc/STAGE00DATA/mean_imputed/not_subsampled/munged/par03.sumstats.gz  ../results/ldsc/STAGE00DATA/mean_imputed/not_subsampled/munged/par27.sumstats.gz  1.3695  1.0066   1.3604  1.7369e-01  0.0141     0.0240  1.0064     0.0061    0.2868       0.0041
 ../results/ldsc/STAGE00DATA/mean_imputed/not_subsampled/munged/par03.sumstats.gz  ../results/ldsc/STAGE00DATA/mean_imputed/not_subsampled/munged/par28.sumstats.gz  0.8413  0.0797  10.5614  4.4969e-26  0.0992     0.0248  0.9946     0.0064    0.3191       0.0046
 ../results/ldsc/STAGE00DATA/mean_imputed/not_subsampled/munged/par03.sumstats.gz  ../results/ldsc/STAGE00DATA/mean_imputed/not_subsampled/munged/par29.sumstats.gz  0.9143  0.1310   6.9775  3.0045e-12  0.0650     0.0232  1.0020     0.0065    0.3374       0.0045
 ../results/ldsc/STAGE00DATA/mean_imputed/not_subsampled/munged/par03.sumstats.gz  ../results/ldsc/STAGE00DATA/mean_imputed/not_subsampled/munged/par30.sumstats.gz  1.1699  0.6050   1.9337  5.3151e-02  0.0181     0.0224  0.9977     0.0060    0.2728       0.0044
 ../results/ldsc/STAGE00DATA/mean_imputed/not_subsampled/munged/par03.sumstats.gz  ../results/ldsc/STAGE00DATA/mean_imputed/not_subsampled/munged/par31.sumstats.gz  1.1877  0.4133   2.8739  4.0541e-03  0.0248     0.0204  1.0130     0.0061    0.2445       0.0041

Analysis finished at Tue Mar 22 12:44:32 2022
Total time elapsed: 2.0m:45.99s
