*********************************************************************
* LD Score Regression (LDSC)
* Version 1.0.1
* (C) 2014-2019 Brendan Bulik-Sullivan and Hilary Finucane
* Broad Institute of MIT and Harvard / MIT Department of Mathematics
* GNU General Public License v3
*********************************************************************
Call: 
./ldsc.py \
--ref-ld-chr ../SAMPLE_DATA/eur_w_ld_chr/ \
--out ../results/ldsc/STAGE00DATA/mean_imputed/not_subsampled/rg/par05 \
--rg ../results/ldsc/STAGE00DATA/mean_imputed/not_subsampled/munged/par05.sumstats.gz,../results/ldsc/STAGE00DATA/mean_imputed/not_subsampled/munged/par06.sumstats.gz,../results/ldsc/STAGE00DATA/mean_imputed/not_subsampled/munged/par07.sumstats.gz,../results/ldsc/STAGE00DATA/mean_imputed/not_subsampled/munged/par08.sumstats.gz,../results/ldsc/STAGE00DATA/mean_imputed/not_subsampled/munged/par09.sumstats.gz,../results/ldsc/STAGE00DATA/mean_imputed/not_subsampled/munged/par10.sumstats.gz,../results/ldsc/STAGE00DATA/mean_imputed/not_subsampled/munged/par11.sumstats.gz,../results/ldsc/STAGE00DATA/mean_imputed/not_subsampled/munged/par12.sumstats.gz,../results/ldsc/STAGE00DATA/mean_imputed/not_subsampled/munged/par13.sumstats.gz,../results/ldsc/STAGE00DATA/mean_imputed/not_subsampled/munged/par14.sumstats.gz,../results/ldsc/STAGE00DATA/mean_imputed/not_subsampled/munged/par15.sumstats.gz,../results/ldsc/STAGE00DATA/mean_imputed/not_subsampled/munged/par16.sumstats.gz,../results/ldsc/STAGE00DATA/mean_imputed/not_subsampled/munged/par17.sumstats.gz,../results/ldsc/STAGE00DATA/mean_imputed/not_subsampled/munged/par18.sumstats.gz,../results/ldsc/STAGE00DATA/mean_imputed/not_subsampled/munged/par19.sumstats.gz,../results/ldsc/STAGE00DATA/mean_imputed/not_subsampled/munged/par20.sumstats.gz,../results/ldsc/STAGE00DATA/mean_imputed/not_subsampled/munged/par21.sumstats.gz,../results/ldsc/STAGE00DATA/mean_imputed/not_subsampled/munged/par22.sumstats.gz,../results/ldsc/STAGE00DATA/mean_imputed/not_subsampled/munged/par23.sumstats.gz,../results/ldsc/STAGE00DATA/mean_imputed/not_subsampled/munged/par24.sumstats.gz,../results/ldsc/STAGE00DATA/mean_imputed/not_subsampled/munged/par25.sumstats.gz,../results/ldsc/STAGE00DATA/mean_imputed/not_subsampled/munged/par26.sumstats.gz,../results/ldsc/STAGE00DATA/mean_imputed/not_subsampled/munged/par27.sumstats.gz,../results/ldsc/STAGE00DATA/mean_imputed/not_subsampled/munged/par28.sumstats.gz,../results/ldsc/STAGE00DATA/mean_imputed/not_subsampled/munged/par29.sumstats.gz,../results/ldsc/STAGE00DATA/mean_imputed/not_subsampled/munged/par30.sumstats.gz,../results/ldsc/STAGE00DATA/mean_imputed/not_subsampled/munged/par31.sumstats.gz \
--w-ld-chr ../SAMPLE_DATA/eur_w_ld_chr/ 

Beginning analysis at Thu Mar 17 01:31:20 2022
Reading summary statistics from ../results/ldsc/STAGE00DATA/mean_imputed/not_subsampled/munged/par05.sumstats.gz ...
Read summary statistics for 7033675 SNPs.
Reading reference panel LD Score from ../SAMPLE_DATA/eur_w_ld_chr/[1-22] ... (ldscore_fromlist)
Read reference panel LD Scores for 1290028 SNPs.
Removing partitioned LD Scores with zero variance.
Reading regression weight LD Score from ../SAMPLE_DATA/eur_w_ld_chr/[1-22] ... (ldscore_fromlist)
Read regression weight LD Scores for 1290028 SNPs.
After merging with reference panel LD, 1174774 SNPs remain.
After merging with regression SNP LD, 1174774 SNPs remain.
Computing rg for phenotype 2/27
Reading summary statistics from ../results/ldsc/STAGE00DATA/mean_imputed/not_subsampled/munged/par06.sumstats.gz ...
Read summary statistics for 7033675 SNPs.
After merging with summary statistics, 1174774 SNPs remain.
1174774 SNPs with valid alleles.

Heritability of phenotype 1
---------------------------
Total Observed scale h2: 0.2174 (0.0319)
Lambda GC: 1.0957
Mean Chi^2: 1.0807
Intercept: 0.998 (0.0066)
Ratio < 0 (usually indicates GC correction).

Heritability of phenotype 2/27
------------------------------
Total Observed scale h2: 0.1028 (0.0229)
Lambda GC: 1.0496
Mean Chi^2: 1.0322
Intercept: 0.993 (0.0057)
Ratio < 0 (usually indicates GC correction).

Genetic Covariance
------------------
Total Observed scale gencov: 0.0952 (0.0157)
Mean z1*z2: 0.1862
Intercept: 0.1495 (0.0038)

Genetic Correlation
-------------------
Genetic Correlation: 0.6364 (0.076)
Z-score: 8.3747
P: 5.5354e-17

Computing rg for phenotype 3/27
Reading summary statistics from ../results/ldsc/STAGE00DATA/mean_imputed/not_subsampled/munged/par07.sumstats.gz ...
Read summary statistics for 7033675 SNPs.
After merging with summary statistics, 1174774 SNPs remain.
1174774 SNPs with valid alleles.

Heritability of phenotype 3/27
------------------------------
Total Observed scale h2: 0.14 (0.0248)
Lambda GC: 1.0496
Mean Chi^2: 1.0477
Intercept: 0.9942 (0.0063)
Ratio < 0 (usually indicates GC correction).

Genetic Covariance
------------------
Total Observed scale gencov: 0.1323 (0.0168)
Mean z1*z2: 0.2453
Intercept: 0.1946 (0.0039)

Genetic Correlation
-------------------
Genetic Correlation: 0.7585 (0.0645)
Z-score: 11.7593
P: 6.3279e-32

Computing rg for phenotype 4/27
Reading summary statistics from ../results/ldsc/STAGE00DATA/mean_imputed/not_subsampled/munged/par08.sumstats.gz ...
Read summary statistics for 7033675 SNPs.
After merging with summary statistics, 1174774 SNPs remain.
1174774 SNPs with valid alleles.

Heritability of phenotype 4/27
------------------------------
Total Observed scale h2: 0.1826 (0.0249)
Lambda GC: 1.0802
Mean Chi^2: 1.0627
Intercept: 0.994 (0.0059)
Ratio < 0 (usually indicates GC correction).

Genetic Covariance
------------------
Total Observed scale gencov: 0.1357 (0.0171)
Mean z1*z2: 0.2601
Intercept: 0.2079 (0.0039)

Genetic Correlation
-------------------
Genetic Correlation: 0.6811 (0.0504)
Z-score: 13.5172
P: 1.2386e-41

Computing rg for phenotype 5/27
Reading summary statistics from ../results/ldsc/STAGE00DATA/mean_imputed/not_subsampled/munged/par09.sumstats.gz ...
Read summary statistics for 7033675 SNPs.
After merging with summary statistics, 1174774 SNPs remain.
1174774 SNPs with valid alleles.

Heritability of phenotype 5/27
------------------------------
Total Observed scale h2: 0.0812 (0.0242)
Lambda GC: 1.0436
Mean Chi^2: 1.0305
Intercept: 0.9995 (0.0062)
Ratio < 0 (usually indicates GC correction).

Genetic Covariance
------------------
Total Observed scale gencov: 0.0981 (0.0172)
Mean z1*z2: 0.2569
Intercept: 0.2185 (0.0042)

Genetic Correlation
-------------------
Genetic Correlation: 0.7387 (0.1022)
Z-score: 7.2253
P: 5.0010e-13

Computing rg for phenotype 6/27
Reading summary statistics from ../results/ldsc/STAGE00DATA/mean_imputed/not_subsampled/munged/par10.sumstats.gz ...
Read summary statistics for 7033675 SNPs.
After merging with summary statistics, 1174774 SNPs remain.
1174774 SNPs with valid alleles.

Heritability of phenotype 6/27
------------------------------
Total Observed scale h2: 0.1718 (0.0295)
Lambda GC: 1.071
Mean Chi^2: 1.0608
Intercept: 0.9954 (0.0065)
Ratio < 0 (usually indicates GC correction).

Genetic Covariance
------------------
Total Observed scale gencov: 0.1811 (0.0288)
Mean z1*z2: 0.7348
Intercept: 0.6653 (0.0063)

Genetic Correlation
-------------------
Genetic Correlation: 0.9372 (0.0325)
Z-score: 28.8172
P: 1.3073e-182

Computing rg for phenotype 7/27
Reading summary statistics from ../results/ldsc/STAGE00DATA/mean_imputed/not_subsampled/munged/par11.sumstats.gz ...
Read summary statistics for 7033675 SNPs.
After merging with summary statistics, 1174774 SNPs remain.
1174774 SNPs with valid alleles.

Heritability of phenotype 7/27
------------------------------
Total Observed scale h2: 0.1466 (0.0264)
Lambda GC: 1.0772
Mean Chi^2: 1.0599
Intercept: 1.0042 (0.0061)
Ratio: 0.0709 (0.1015)

Genetic Covariance
------------------
Total Observed scale gencov: 0.1679 (0.0264)
Mean z1*z2: 0.5988
Intercept: 0.535 (0.0057)

Genetic Correlation
-------------------
Genetic Correlation: 0.9403 (0.0468)
Z-score: 20.0838
P: 1.0230e-89

Computing rg for phenotype 8/27
Reading summary statistics from ../results/ldsc/STAGE00DATA/mean_imputed/not_subsampled/munged/par12.sumstats.gz ...
Read summary statistics for 7033675 SNPs.
After merging with summary statistics, 1174774 SNPs remain.
1174774 SNPs with valid alleles.

Heritability of phenotype 8/27
------------------------------
Total Observed scale h2: 0.1172 (0.0254)
Lambda GC: 1.0436
Mean Chi^2: 1.0379
Intercept: 0.9927 (0.0062)
Ratio < 0 (usually indicates GC correction).

Genetic Covariance
------------------
Total Observed scale gencov: 0.1056 (0.0151)
Mean z1*z2: 0.1957
Intercept: 0.1547 (0.0036)

Genetic Correlation
-------------------
Genetic Correlation: 0.6617 (0.0724)
Z-score: 9.1428
P: 6.0871e-20

Computing rg for phenotype 9/27
Reading summary statistics from ../results/ldsc/STAGE00DATA/mean_imputed/not_subsampled/munged/par13.sumstats.gz ...
Read summary statistics for 7033675 SNPs.
After merging with summary statistics, 1174774 SNPs remain.
1174774 SNPs with valid alleles.

Heritability of phenotype 9/27
------------------------------
Total Observed scale h2: 0.0357 (0.0229)
Lambda GC: 1.0225
Mean Chi^2: 1.0136
Intercept: 1.0001 (0.0056)
Ratio: 0.011 (0.4116)

Genetic Covariance
------------------
Total Observed scale gencov: 0.0629 (0.0145)
Mean z1*z2: 0.195
Intercept: 0.1707 (0.0035)

Genetic Correlation
-------------------
Genetic Correlation: 0.7136 (0.1931)
Z-score: 3.6952
P: 0.0002

Computing rg for phenotype 10/27
Reading summary statistics from ../results/ldsc/STAGE00DATA/mean_imputed/not_subsampled/munged/par14.sumstats.gz ...
Read summary statistics for 7033675 SNPs.
After merging with summary statistics, 1174774 SNPs remain.
1174774 SNPs with valid alleles.

Heritability of phenotype 10/27
-------------------------------
Total Observed scale h2: 0.124 (0.0242)
Lambda GC: 1.0527
Mean Chi^2: 1.0415
Intercept: 0.9942 (0.0065)
Ratio < 0 (usually indicates GC correction).

Genetic Covariance
------------------
Total Observed scale gencov: 0.111 (0.0161)
Mean z1*z2: 0.2497
Intercept: 0.2073 (0.0038)

Genetic Correlation
-------------------
Genetic Correlation: 0.6757 (0.0666)
Z-score: 10.1421
P: 3.5922e-24

Computing rg for phenotype 11/27
Reading summary statistics from ../results/ldsc/STAGE00DATA/mean_imputed/not_subsampled/munged/par15.sumstats.gz ...
Read summary statistics for 7033675 SNPs.
After merging with summary statistics, 1174774 SNPs remain.
1174774 SNPs with valid alleles.

Heritability of phenotype 11/27
-------------------------------
Total Observed scale h2: 0.0574 (0.0217)
Lambda GC: 1.0225
Mean Chi^2: 1.0237
Intercept: 1.0021 (0.0061)
Ratio: 0.0867 (0.2557)

Genetic Covariance
------------------
Total Observed scale gencov: 0.0866 (0.0152)
Mean z1*z2: 0.2024
Intercept: 0.169 (0.0036)

Genetic Correlation
-------------------
Genetic Correlation: 0.7757 (0.1359)
Z-score: 5.7088
P: 1.1375e-08

Computing rg for phenotype 12/27
Reading summary statistics from ../results/ldsc/STAGE00DATA/mean_imputed/not_subsampled/munged/par16.sumstats.gz ...
Read summary statistics for 7033675 SNPs.
After merging with summary statistics, 1174774 SNPs remain.
1174774 SNPs with valid alleles.

Heritability of phenotype 12/27
-------------------------------
Total Observed scale h2: 0.1502 (0.0233)
Lambda GC: 1.0679
Mean Chi^2: 1.0505
Intercept: 0.9942 (0.0063)
Ratio < 0 (usually indicates GC correction).

Genetic Covariance
------------------
Total Observed scale gencov: 0.1189 (0.0157)
Mean z1*z2: 0.2582
Intercept: 0.2129 (0.0039)

Genetic Correlation
-------------------
Genetic Correlation: 0.658 (0.0536)
Z-score: 12.2654
P: 1.3884e-34

Computing rg for phenotype 13/27
Reading summary statistics from ../results/ldsc/STAGE00DATA/mean_imputed/not_subsampled/munged/par17.sumstats.gz ...
Read summary statistics for 7033675 SNPs.
After merging with summary statistics, 1174774 SNPs remain.
1174774 SNPs with valid alleles.

Heritability of phenotype 13/27
-------------------------------
Total Observed scale h2: 0.1869 (0.0284)
Lambda GC: 1.0957
Mean Chi^2: 1.0788
Intercept: 1.0076 (0.0067)
Ratio: 0.0963 (0.0856)

Genetic Covariance
------------------
Total Observed scale gencov: 0.1437 (0.0186)
Mean z1*z2: 0.2388
Intercept: 0.1831 (0.0041)

Genetic Correlation
-------------------
Genetic Correlation: 0.7127 (0.0547)
Z-score: 13.0376
P: 7.4818e-39

Computing rg for phenotype 14/27
Reading summary statistics from ../results/ldsc/STAGE00DATA/mean_imputed/not_subsampled/munged/par18.sumstats.gz ...
Read summary statistics for 7033675 SNPs.
After merging with summary statistics, 1174774 SNPs remain.
1174774 SNPs with valid alleles.

Heritability of phenotype 14/27
-------------------------------
Total Observed scale h2: 0.0782 (0.0215)
Lambda GC: 1.0436
Mean Chi^2: 1.0289
Intercept: 0.9992 (0.0059)
Ratio < 0 (usually indicates GC correction).

Genetic Covariance
------------------
Total Observed scale gencov: 0.1081 (0.0159)
Mean z1*z2: 0.2462
Intercept: 0.2041 (0.0041)

Genetic Correlation
-------------------
Genetic Correlation: 0.8291 (0.1034)
Z-score: 8.0174
P: 1.0801e-15

Computing rg for phenotype 15/27
Reading summary statistics from ../results/ldsc/STAGE00DATA/mean_imputed/not_subsampled/munged/par19.sumstats.gz ...
Read summary statistics for 7033675 SNPs.
After merging with summary statistics, 1174774 SNPs remain.
1174774 SNPs with valid alleles.

Heritability of phenotype 15/27
-------------------------------
Total Observed scale h2: 0.0457 (0.0242)
Lambda GC: 1.0195
Mean Chi^2: 1.0204
Intercept: 1.0031 (0.006)
Ratio: 0.1509 (0.2938)

Genetic Covariance
------------------
Total Observed scale gencov: 0.0781 (0.0173)
Mean z1*z2: 0.2322
Intercept: 0.202 (0.0042)

Genetic Correlation
-------------------
Genetic Correlation: 0.783 (0.1688)
Z-score: 4.6374
P: 3.5283e-06

Computing rg for phenotype 16/27
Reading summary statistics from ../results/ldsc/STAGE00DATA/mean_imputed/not_subsampled/munged/par20.sumstats.gz ...
Read summary statistics for 7033675 SNPs.
After merging with summary statistics, 1174774 SNPs remain.
1174774 SNPs with valid alleles.

Heritability of phenotype 16/27
-------------------------------
Total Observed scale h2: 0.1785 (0.0281)
Lambda GC: 1.0741
Mean Chi^2: 1.0689
Intercept: 1.0007 (0.0063)
Ratio: 0.01 (0.0911)

Genetic Covariance
------------------
Total Observed scale gencov: 0.1622 (0.0259)
Mean z1*z2: 0.52
Intercept: 0.4575 (0.0054)

Genetic Correlation
-------------------
Genetic Correlation: 0.8236 (0.0461)
Z-score: 17.8484
P: 2.9767e-71

Computing rg for phenotype 17/27
Reading summary statistics from ../results/ldsc/STAGE00DATA/mean_imputed/not_subsampled/munged/par21.sumstats.gz ...
Read summary statistics for 7033675 SNPs.
After merging with summary statistics, 1174774 SNPs remain.
1174774 SNPs with valid alleles.

Heritability of phenotype 17/27
-------------------------------
Total Observed scale h2: 0.0827 (0.0246)
Lambda GC: 1.0345
Mean Chi^2: 1.0258
Intercept: 0.9944 (0.0061)
Ratio < 0 (usually indicates GC correction).

Genetic Covariance
------------------
Total Observed scale gencov: 0.1241 (0.0238)
Mean z1*z2: 0.5463
Intercept: 0.4986 (0.0055)

Genetic Correlation
-------------------
Genetic Correlation: 0.9253 (0.0686)
Z-score: 13.482
P: 1.9956e-41

Computing rg for phenotype 18/27
Reading summary statistics from ../results/ldsc/STAGE00DATA/mean_imputed/not_subsampled/munged/par22.sumstats.gz ...
Read summary statistics for 7033675 SNPs.
After merging with summary statistics, 1174774 SNPs remain.
1174774 SNPs with valid alleles.

Heritability of phenotype 18/27
-------------------------------
Total Observed scale h2: 0.1848 (0.0249)
Lambda GC: 1.0988
Mean Chi^2: 1.0809
Intercept: 1.0109 (0.0061)
Ratio: 0.1343 (0.0757)

Genetic Covariance
------------------
Total Observed scale gencov: 0.1763 (0.021)
Mean z1*z2: 0.4035
Intercept: 0.3363 (0.0047)

Genetic Correlation
-------------------
Genetic Correlation: 0.8795 (0.0497)
Z-score: 17.6891
P: 5.0914e-70

Computing rg for phenotype 19/27
Reading summary statistics from ../results/ldsc/STAGE00DATA/mean_imputed/not_subsampled/munged/par23.sumstats.gz ...
Read summary statistics for 7033675 SNPs.
After merging with summary statistics, 1174774 SNPs remain.
1174774 SNPs with valid alleles.

Heritability of phenotype 19/27
-------------------------------
Total Observed scale h2: 0.0487 (0.0251)
Lambda GC: 1.0255
Mean Chi^2: 