*********************************************************************
* LD Score Regression (LDSC)
* Version 1.0.1
* (C) 2014-2019 Brendan Bulik-Sullivan and Hilary Finucane
* Broad Institute of MIT and Harvard / MIT Department of Mathematics
* GNU General Public License v3
*********************************************************************
Call: 
./ldsc.py \
--ref-ld-chr ../SAMPLE_DATA/eur_w_ld_chr/ \
--out ../results/ldsc/STAGE00DATA/mean_imputed/not_subsampled/rg/par04 \
--rg ../results/ldsc/STAGE00DATA/mean_imputed/not_subsampled/munged/par04.sumstats.gz,../results/ldsc/STAGE00DATA/mean_imputed/not_subsampled/munged/par05.sumstats.gz,../results/ldsc/STAGE00DATA/mean_imputed/not_subsampled/munged/par06.sumstats.gz,../results/ldsc/STAGE00DATA/mean_imputed/not_subsampled/munged/par07.sumstats.gz,../results/ldsc/STAGE00DATA/mean_imputed/not_subsampled/munged/par08.sumstats.gz,../results/ldsc/STAGE00DATA/mean_imputed/not_subsampled/munged/par09.sumstats.gz,../results/ldsc/STAGE00DATA/mean_imputed/not_subsampled/munged/par10.sumstats.gz,../results/ldsc/STAGE00DATA/mean_imputed/not_subsampled/munged/par11.sumstats.gz,../results/ldsc/STAGE00DATA/mean_imputed/not_subsampled/munged/par12.sumstats.gz,../results/ldsc/STAGE00DATA/mean_imputed/not_subsampled/munged/par13.sumstats.gz,../results/ldsc/STAGE00DATA/mean_imputed/not_subsampled/munged/par14.sumstats.gz,../results/ldsc/STAGE00DATA/mean_imputed/not_subsampled/munged/par15.sumstats.gz,../results/ldsc/STAGE00DATA/mean_imputed/not_subsampled/munged/par16.sumstats.gz,../results/ldsc/STAGE00DATA/mean_imputed/not_subsampled/munged/par17.sumstats.gz,../results/ldsc/STAGE00DATA/mean_imputed/not_subsampled/munged/par18.sumstats.gz,../results/ldsc/STAGE00DATA/mean_imputed/not_subsampled/munged/par19.sumstats.gz,../results/ldsc/STAGE00DATA/mean_imputed/not_subsampled/munged/par20.sumstats.gz,../results/ldsc/STAGE00DATA/mean_imputed/not_subsampled/munged/par21.sumstats.gz,../results/ldsc/STAGE00DATA/mean_imputed/not_subsampled/munged/par22.sumstats.gz,../results/ldsc/STAGE00DATA/mean_imputed/not_subsampled/munged/par23.sumstats.gz,../results/ldsc/STAGE00DATA/mean_imputed/not_subsampled/munged/par24.sumstats.gz,../results/ldsc/STAGE00DATA/mean_imputed/not_subsampled/munged/par25.sumstats.gz,../results/ldsc/STAGE00DATA/mean_imputed/not_subsampled/munged/par26.sumstats.gz,../results/ldsc/STAGE00DATA/mean_imputed/not_subsampled/munged/par27.sumstats.gz,../results/ldsc/STAGE00DATA/mean_imputed/not_subsampled/munged/par28.sumstats.gz,../results/ldsc/STAGE00DATA/mean_imputed/not_subsampled/munged/par29.sumstats.gz,../results/ldsc/STAGE00DATA/mean_imputed/not_subsampled/munged/par30.sumstats.gz,../results/ldsc/STAGE00DATA/mean_imputed/not_subsampled/munged/par31.sumstats.gz \
--w-ld-chr ../SAMPLE_DATA/eur_w_ld_chr/ 

Beginning analysis at Thu Mar 17 01:19:36 2022
Reading summary statistics from ../results/ldsc/STAGE00DATA/mean_imputed/not_subsampled/munged/par04.sumstats.gz ...
Read summary statistics for 7033675 SNPs.
Reading reference panel LD Score from ../SAMPLE_DATA/eur_w_ld_chr/[1-22] ... (ldscore_fromlist)
Read reference panel LD Scores for 1290028 SNPs.
Removing partitioned LD Scores with zero variance.
Reading regression weight LD Score from ../SAMPLE_DATA/eur_w_ld_chr/[1-22] ... (ldscore_fromlist)
Read regression weight LD Scores for 1290028 SNPs.
After merging with reference panel LD, 1174774 SNPs remain.
After merging with regression SNP LD, 1174774 SNPs remain.
Computing rg for phenotype 2/28
Reading summary statistics from ../results/ldsc/STAGE00DATA/mean_imputed/not_subsampled/munged/par05.sumstats.gz ...
Read summary statistics for 7033675 SNPs.
After merging with summary statistics, 1174774 SNPs remain.
1174774 SNPs with valid alleles.

Heritability of phenotype 1
---------------------------
Total Observed scale h2: 0.1951 (0.0262)
Lambda GC: 1.0926
Mean Chi^2: 1.0658
Intercept: 0.9914 (0.0061)
Ratio < 0 (usually indicates GC correction).

Heritability of phenotype 2/28
------------------------------
Total Observed scale h2: 0.2174 (0.0319)
Lambda GC: 1.0957
Mean Chi^2: 1.0807
Intercept: 0.998 (0.0066)
Ratio < 0 (usually indicates GC correction).

Genetic Covariance
------------------
Total Observed scale gencov: 0.154 (0.0183)
Mean z1*z2: 0.2789
Intercept: 0.2192 (0.004)

Genetic Correlation
-------------------
Genetic Correlation: 0.7478 (0.0506)
Z-score: 14.7818
P: 1.9187e-49

Computing rg for phenotype 3/28
Reading summary statistics from ../results/ldsc/STAGE00DATA/mean_imputed/not_subsampled/munged/par06.sumstats.gz ...
Read summary statistics for 7033675 SNPs.
After merging with summary statistics, 1174774 SNPs remain.
1174774 SNPs with valid alleles.

Heritability of phenotype 3/28
------------------------------
Total Observed scale h2: 0.1028 (0.0229)
Lambda GC: 1.0496
Mean Chi^2: 1.0322
Intercept: 0.993 (0.0057)
Ratio < 0 (usually indicates GC correction).

Genetic Covariance
------------------
Total Observed scale gencov: 0.0995 (0.0139)
Mean z1*z2: 0.2048
Intercept: 0.1658 (0.0034)

Genetic Correlation
-------------------
Genetic Correlation: 0.7024 (0.0743)
Z-score: 9.4574
P: 3.1577e-21

Computing rg for phenotype 4/28
Reading summary statistics from ../results/ldsc/STAGE00DATA/mean_imputed/not_subsampled/munged/par07.sumstats.gz ...
Read summary statistics for 7033675 SNPs.
After merging with summary statistics, 1174774 SNPs remain.
1174774 SNPs with valid alleles.

Heritability of phenotype 4/28
------------------------------
Total Observed scale h2: 0.14 (0.0248)
Lambda GC: 1.0496
Mean Chi^2: 1.0477
Intercept: 0.9942 (0.0063)
Ratio < 0 (usually indicates GC correction).

Genetic Covariance
------------------
Total Observed scale gencov: 0.1118 (0.0156)
Mean z1*z2: 0.2518
Intercept: 0.2089 (0.0039)

Genetic Correlation
-------------------
Genetic Correlation: 0.6766 (0.064)
Z-score: 10.5735
P: 3.9566e-26

Computing rg for phenotype 5/28
Reading summary statistics from ../results/ldsc/STAGE00DATA/mean_imputed/not_subsampled/munged/par08.sumstats.gz ...
Read summary statistics for 7033675 SNPs.
After merging with summary statistics, 1174774 SNPs remain.
1174774 SNPs with valid alleles.

Heritability of phenotype 5/28
------------------------------
Total Observed scale h2: 0.1826 (0.0249)
Lambda GC: 1.0802
Mean Chi^2: 1.0627
Intercept: 0.994 (0.0059)
Ratio < 0 (usually indicates GC correction).

Genetic Covariance
------------------
Total Observed scale gencov: 0.1665 (0.0216)
Mean z1*z2: 0.6071
Intercept: 0.5436 (0.0049)

Genetic Correlation
-------------------
Genetic Correlation: 0.8821 (0.041)
Z-score: 21.5065
P: 1.3545e-102

Computing rg for phenotype 6/28
Reading summary statistics from ../results/ldsc/STAGE00DATA/mean_imputed/not_subsampled/munged/par09.sumstats.gz ...
Read summary statistics for 7033675 SNPs.
After merging with summary statistics, 1174774 SNPs remain.
1174774 SNPs with valid alleles.

Heritability of phenotype 6/28
------------------------------
Total Observed scale h2: 0.0812 (0.0242)
Lambda GC: 1.0436
Mean Chi^2: 1.0305
Intercept: 0.9995 (0.0062)
Ratio < 0 (usually indicates GC correction).

Genetic Covariance
------------------
Total Observed scale gencov: 0.1227 (0.0217)
Mean z1*z2: 0.6125
Intercept: 0.5654 (0.0056)

Genetic Correlation
-------------------
Genetic Correlation: 0.9754 (0.0714)
Z-score: 13.6674
P: 1.5905e-42

Computing rg for phenotype 7/28
Reading summary statistics from ../results/ldsc/STAGE00DATA/mean_imputed/not_subsampled/munged/par10.sumstats.gz ...
Read summary statistics for 7033675 SNPs.
After merging with summary statistics, 1174774 SNPs remain.
1174774 SNPs with valid alleles.

Heritability of phenotype 7/28
------------------------------
Total Observed scale h2: 0.1718 (0.0295)
Lambda GC: 1.071
Mean Chi^2: 1.0608
Intercept: 0.9954 (0.0065)
Ratio < 0 (usually indicates GC correction).

Genetic Covariance
------------------
Total Observed scale gencov: 0.131 (0.0173)
Mean z1*z2: 0.2682
Intercept: 0.2173 (0.0041)

Genetic Correlation
-------------------
Genetic Correlation: 0.7158 (0.0552)
Z-score: 12.9632
P: 1.9780e-38

Computing rg for phenotype 8/28
Reading summary statistics from ../results/ldsc/STAGE00DATA/mean_imputed/not_subsampled/munged/par11.sumstats.gz ...
Read summary statistics for 7033675 SNPs.
After merging with summary statistics, 1174774 SNPs remain.
1174774 SNPs with valid alleles.

Heritability of phenotype 8/28
------------------------------
Total Observed scale h2: 0.1466 (0.0264)
Lambda GC: 1.0772
Mean Chi^2: 1.0599
Intercept: 1.0042 (0.0061)
Ratio: 0.0709 (0.1015)

Genetic Covariance
------------------
Total Observed scale gencov: 0.1401 (0.0151)
Mean z1*z2: 0.2773
Intercept: 0.2237 (0.0036)

Genetic Correlation
-------------------
Genetic Correlation: 0.8285 (0.0661)
Z-score: 12.5288
P: 5.1943e-36

Computing rg for phenotype 9/28
Reading summary statistics from ../results/ldsc/STAGE00DATA/mean_imputed/not_subsampled/munged/par12.sumstats.gz ...
Read summary statistics for 7033675 SNPs.
After merging with summary statistics, 1174774 SNPs remain.
1174774 SNPs with valid alleles.

Heritability of phenotype 9/28
------------------------------
Total Observed scale h2: 0.1172 (0.0254)
Lambda GC: 1.0436
Mean Chi^2: 1.0379
Intercept: 0.9927 (0.0062)
Ratio < 0 (usually indicates GC correction).

Genetic Covariance
------------------
Total Observed scale gencov: 0.0876 (0.0152)
Mean z1*z2: 0.2033
Intercept: 0.1689 (0.004)

Genetic Correlation
-------------------
Genetic Correlation: 0.5795 (0.0791)
Z-score: 7.3253
P: 2.3831e-13

Computing rg for phenotype 10/28
Reading summary statistics from ../results/ldsc/STAGE00DATA/mean_imputed/not_subsampled/munged/par13.sumstats.gz ...
Read summary statistics for 7033675 SNPs.
After merging with summary statistics, 1174774 SNPs remain.
1174774 SNPs with valid alleles.

Heritability of phenotype 10/28
-------------------------------
Total Observed scale h2: 0.0357 (0.0229)
Lambda GC: 1.0225
Mean Chi^2: 1.0136
Intercept: 1.0001 (0.0056)
Ratio: 0.011 (0.4116)

Genetic Covariance
------------------
Total Observed scale gencov: 0.0718 (0.0128)
Mean z1*z2: 0.2171
Intercept: 0.1892 (0.003)

Genetic Correlation
-------------------
Genetic Correlation: 0.861 (0.2373)
Z-score: 3.6281
P: 0.0003

Computing rg for phenotype 11/28
Reading summary statistics from ../results/ldsc/STAGE00DATA/mean_imputed/not_subsampled/munged/par14.sumstats.gz ...
Read summary statistics for 7033675 SNPs.
After merging with summary statistics, 1174774 SNPs remain.
1174774 SNPs with valid alleles.

Heritability of phenotype 11/28
-------------------------------
Total Observed scale h2: 0.124 (0.0242)
Lambda GC: 1.0527
Mean Chi^2: 1.0415
Intercept: 0.9942 (0.0065)
Ratio < 0 (usually indicates GC correction).

Genetic Covariance
------------------
Total Observed scale gencov: 0.107 (0.0152)
Mean z1*z2: 0.2387
Intercept: 0.1976 (0.0036)

Genetic Correlation
-------------------
Genetic Correlation: 0.6879 (0.0716)
Z-score: 9.6015
P: 7.8815e-22

Computing rg for phenotype 12/28
Reading summary statistics from ../results/ldsc/STAGE00DATA/mean_imputed/not_subsampled/munged/par15.sumstats.gz ...
Read summary statistics for 7033675 SNPs.
After merging with summary statistics, 1174774 SNPs remain.
1174774 SNPs with valid alleles.

Heritability of phenotype 12/28
-------------------------------
Total Observed scale h2: 0.0574 (0.0217)
Lambda GC: 1.0225
Mean Chi^2: 1.0237
Intercept: 1.0021 (0.0061)
Ratio: 0.0867 (0.2557)

Genetic Covariance
------------------
Total Observed scale gencov: 0.0638 (0.0136)
Mean z1*z2: 0.2395
Intercept: 0.2153 (0.0039)

Genetic Correlation
-------------------
Genetic Correlation: 0.6033 (0.115)
Z-score: 5.247
P: 1.5459e-07

Computing rg for phenotype 13/28
Reading summary statistics from ../results/ldsc/STAGE00DATA/mean_imputed/not_subsampled/munged/par16.sumstats.gz ...
Read summary statistics for 7033675 SNPs.
After merging with summary statistics, 1174774 SNPs remain.
1174774 SNPs with valid alleles.

Heritability of phenotype 13/28
-------------------------------
Total Observed scale h2: 0.1502 (0.0233)
Lambda GC: 1.0679
Mean Chi^2: 1.0505
Intercept: 0.9942 (0.0063)
Ratio < 0 (usually indicates GC correction).

Genetic Covariance
------------------
Total Observed scale gencov: 0.1581 (0.0203)
Mean z1*z2: 0.6028
Intercept: 0.5427 (0.005)

Genetic Correlation
-------------------
Genetic Correlation: 0.9235 (0.0467)
Z-score: 19.7803
P: 4.3998e-87

Computing rg for phenotype 14/28
Reading summary statistics from ../results/ldsc/STAGE00DATA/mean_imputed/not_subsampled/munged/par17.sumstats.gz ...
Read summary statistics for 7033675 SNPs.
After merging with summary statistics, 1174774 SNPs remain.
1174774 SNPs with valid alleles.

Heritability of phenotype 14/28
-------------------------------
Total Observed scale h2: 0.1869 (0.0284)
Lambda GC: 1.0957
Mean Chi^2: 1.0788
Intercept: 1.0076 (0.0067)
Ratio: 0.0963 (0.0856)

Genetic Covariance
------------------
Total Observed scale gencov: 0.1542 (0.0194)
Mean z1*z2: 0.379
Intercept: 0.3197 (0.0047)

Genetic Correlation
-------------------
Genetic Correlation: 0.8075 (0.0559)
Z-score: 14.4408
P: 2.8632e-47

Computing rg for phenotype 15/28
Reading summary statistics from ../results/ldsc/STAGE00DATA/mean_imputed/not_subsampled/munged/par18.sumstats.gz ...
Read summary statistics for 7033675 SNPs.
After merging with summary statistics, 1174774 SNPs remain.
1174774 SNPs with valid alleles.

Heritability of phenotype 15/28
-------------------------------
Total Observed scale h2: 0.0782 (0.0215)
Lambda GC: 1.0436
Mean Chi^2: 1.0289
Intercept: 0.9992 (0.0059)
Ratio < 0 (usually indicates GC correction).

Genetic Covariance
------------------
Total Observed scale gencov: 0.1129 (0.0195)
Mean z1*z2: 0.5309
Intercept: 0.488 (0.0053)

Genetic Correlation
-------------------
Genetic Correlation: 0.9142 (0.0727)
Z-score: 12.5822
P: 2.6469e-36

Computing rg for phenotype 16/28
Reading summary statistics from ../results/ldsc/STAGE00DATA/mean_imputed/not_subsampled/munged/par19.sumstats.gz ...
Read summary statistics for 7033675 SNPs.
After merging with summary statistics, 1174774 SNPs remain.
1174774 SNPs with valid alleles.

Heritability of phenotype 16/28
-------------------------------
Total Observed scale h2: 0.0457 (0.0242)
Lambda GC: 1.0195
Mean Chi^2: 1.0204
Intercept: 1.0031 (0.006)
Ratio: 0.1509 (0.2938)

Genetic Covariance
------------------
Total Observed scale gencov: 0.1004 (0.019)
Mean z1*z2: 0.4393
Intercept: 0.4008 (0.0049)

Genetic Correlation
-------------------
Genetic Correlation: 1.0633 (0.1884)
Z-score: 5.6446
P: 1.6556e-08

Computing rg for phenotype 17/28
Reading summary statistics from ../results/ldsc/STAGE00DATA/mean_imputed/not_subsampled/munged/par20.sumstats.gz ...
Read summary statistics for 7033675 SNPs.
After merging with summary statistics, 1174774 SNPs remain.
1174774 SNPs with valid alleles.

Heritability of phenotype 17/28
-------------------------------
Total Observed scale h2: 0.1785 (0.0281)
Lambda GC: 1.0741
Mean Chi^2: 1.0689
Intercept: 1.0007 (0.0063)
Ratio: 0.01 (0.0911)

Genetic Covariance
------------------
Total Observed scale gencov: 0.1293 (0.0155)
Mean z1*z2: 0.2369
Intercept: 0.1865 (0.0035)

Genetic Correlation
-------------------
Genetic Correlation: 0.6929 (0.0583)
Z-score: 11.8932
P: 1.2845e-32

Computing rg for phenotype 18/28
Reading summary statistics from ../results/ldsc/STAGE00DATA/mean_imputed/not_subsampled/munged/par21.sumstats.gz ...
Read summary statistics for 7033675 SNPs.
After merging with summary statistics, 1174774 SNPs remain.
1174774 SNPs with valid alleles.

Heritability of phenotype 18/28
-------------------------------
Total Observed scale h2: 0.0827 (0.0246)
Lambda GC: 1.0345
Mean Chi^2: 1.0258
Intercept: 0.9944 (0.0061)
Ratio < 0 (usually indicates GC correction).

Genetic Covariance
------------------
Total Observed scale gencov: 0.1036 (0.0155)
Mean z1*z2: 0.2674
Intercept: 0.2276 (0.004)

Genetic Correlation
-------------------
Genetic Correlation: 0.8152 (0.0969)
Z-score: 8.4115
P: 4.0473e-17

Computing rg for phenotype 19/28
Reading summary statistics from ../results/ldsc/STAGE00DATA/mean_imputed/not_subsampled/munged/par22.sumstats.gz ...
Read summary statistics for 7033675 SNPs.
After merging with summary statistics, 1174774 SNPs remain.
1174774 SNPs with valid alleles.

Heritability of phenotype 19/28
-------------------------------
Total Observed scale h2: 0.1848 (0.0249)
Lambda GC: 1.0988
Mean Chi^2: 1.0809
Intercept: 1.0109 (0.0061)
Ratio: 0.1343 (0.0757)

Genetic Covariance
------------------
Total Observed scale gencov: 0.1462 (0.0159)
Mean z1*z2: 0.2683
Intercept: 0.2118 (0.0039)

Genetic Correlation
-------------------
Genetic Correlation: 0.7702 (0.0561)
Z-score: 13.718
P: 7.9179e-43

Computing rg for phenotype 20/28
Reading summary statistics from ../results/ldsc/STAGE00DATA/mean_imputed/not_subsampled/munged/par23.sumstats.gz ...
Read summary statistics for 7033675 SNPs.
After merging with summary statistics, 1174774 SNPs remain.
1174774 SNPs with valid alleles.

Heritability of phenotype 20/28
-------------------------------
Total Observed scale h2: 0.0487 (0.0251)
Lambda GC: 1.0255
Mean Chi^2: 1.0208
Intercept: 1.0022 (0.0063)
Ratio: 0.1053 (0.3017)

Genetic Covariance
------------------
Total Observed scale gencov: 0.0901 (0.0144)
Mean z1*z2: 0.2461
Intercept: 0.2117 (0.0035)

Genetic Correlation
-------------------
Genetic Correlation: 0.9246 (0.1888)
Z-score: 4.8966
P: 9.7492e-07

Computing rg for phenotype 21/28
Reading summary statistics from ../results/ldsc/STAGE00DATA/mean_imputed/not_subsampled/munged/par24.sumstats.gz ...
Read summary statistics for 7033675 SNPs.
After merging with summary statistics, 1174774 SNPs remain.
1174774 SNPs with valid alleles.

Heritability of phenotype 21/28
-------------------------------
Total Observed scale h2: 0.1397 (0.0273)
Lambda GC: 1.0557
Mean Chi^2: 1.0477
Intercept: 0.993 (0.0064)
Ratio < 0 (usually indicates GC correction).

Genetic Covariance
------------------
Total Observed scale gencov: 0.0951 (0.0153)
Mean z1*z2: 0.2207
Intercept: 0.1832 (0.0037)

Genetic Correlation
-------------------
Genetic Correlation: 0.5758 (0.0641)
Z-score: 8.9881
P: 2.5155e-19

Computing rg for phenotype 22/28
Reading summary statistics from ../results/ldsc/STAGE00DATA/mean_imputed/not_subsampled/munged/par25.sumstats.gz ...
Read summary statistics for 7033675 SNPs.
After merging with summary statistics, 1174774 SNPs remain.
1174774 SNPs with valid alleles.

Heritability of phenotype 22/28
-------------------------------
Total Observed scale h2: 0.0504 (0.0231)
Lambda GC: 1.0195
Mean Chi^2: 1.0136
Intercept: 0.9946 (0.0061)
Ratio < 0 (usually indicates GC correction).

Genetic Covariance
------------------
Total Observed scale gencov: 0.0734 (0.0133)
Mean z1*z2: 0.208
Intercept: 0.1796 (0.0035)

Genetic Correlation
-------------------
Genetic Correlation: 0.7408 (0.1468)
Z-score: 5.0467
P: 4.4950e-07

Computing rg for phenotype 23/28
Reading summary statistics from ../results/ldsc/STAGE00DATA/mean_imputed/not_subsampled/munged/par26.sumstats.gz ...
Read summary statistics for 7033675 SNPs.
After merging with summary statistics, 1174774 SNPs remain.
1174774 SNPs with valid alleles.

Heritability of phenotype 23/28
-------------------------------
Total Observed scale h2: 0.0097 (0.0202)
Lambda GC: 1.0046
Mean Chi^2: 1.004
Intercept: 1.0004 (0.0054)
Ratio: 0.0938 (1.3327)

Genetic Covariance
------------------
Total Observed scale gencov: 0.0665 (0.012)
Mean z1*z2: 0.2058
Intercept: 0.1802 (0.003)

Genetic Correlation
-------------------
Genetic Correlation: nan (nan) (rg out of bounds) 
Z-score: nan (nan) (rg out of bounds)
P: nan (nan) (rg out of bounds)
WARNING: rg was out of bounds.
This often means that h2 is not significantly different from zero.

Computing rg for phenotype 24/28
Reading summary statistics from ../results/ldsc/STAGE00DATA/mean_imputed/not_subsampled/munged/par27.sumstats.gz ...
Read summary statistics for 7033675 SNPs.
After merging with summary statistics, 1174774 SNPs remain.
1174774 SNPs with valid alleles.

Heritability of phenotype 24/28
-------------------------------
Total Observed scale h2: 0.0141 (0.024)
Lambda GC: 1.0165
Mean Chi^2: 1.0117
Intercept: 1.0064 (0.0061)
Ratio: 0.548 (0.5211)

Genetic Covariance
------------------
Total Observed scale gencov: 0.0676 (0.0134)
Mean z1*z2: 0.2188
Intercept: 0.1928 (0.0034)

Genetic Correlation
-------------------
Genetic Correlation: nan (nan) (rg out of bounds) 
Z-score: nan (nan) (rg out of bounds)
P: nan (nan) (rg out of bounds)
WARNING: rg was out of bounds.
This often means that h2 is not significantly different from zero.

Computing rg for phenotype 25/28
Reading summary statistics from ../results/ldsc/STAGE00DATA/mean_imputed/not_subsampled/munged/par28.sumstats.gz ...
Read summary statistics for 7033675 SNPs.
After merging with summary statistics, 1174774 SNPs remain.
1174774 SNPs with valid alleles.

Heritability of phenotype 25/28
-------------------------------
Total Observed scale h2: 0.0995 (0.0247)
Lambda GC: 1.0405
Mean Chi^2: 1.0331
Intercept: 0.9945 (0.0064)
Ratio < 0 (usually indicates GC correction).

Genetic Covariance
------------------
Total Observed scale gencov: 0.1021 (0.0138)
Mean z1*z2: 0.2193
Intercept: 0.18 (0.0034)

Genetic Correlation
-------------------
Genetic Correlation: 0.7327 (0.0803)
Z-score: 9.1305
P: 6.8154e-20

Computing rg for phenotype 26/28
Reading summary statistics from ../results/ldsc/STAGE00DATA/mean_imputed/not_subsampled/munged/par29.sumstats.gz ...
Read summary statistics for 7033675 SNPs.
After merging with summary statistics, 1174774 SNPs remain.
1174774 SNPs with valid alleles.

Heritability of phenotype 26/28
-------------------------------
Total Observed scale h2: 0.0652 (0.0233)
Lambda GC: 1.0315
Mean Chi^2: 1.0267
Intercept: 1.0019 (0.0065)
Ratio: 0.0728 (0.2444)

Genetic Covariance
------------------
Total Observed scale gencov: 0.0875 (0.0134)
Mean z1*z2: 0.2393
Intercept: 0.2058 (0.0034)

Genetic Correlation
-------------------
Genetic Correlation: 0.7757 (0.1176)
Z-score: 6.5993
P: 4.1316e-11

Computing rg for phenotype 27/28
Reading summary statistics from ../results/ldsc/STAGE00DATA/mean_imputed/not_subsampled/munged/par30.sumstats.gz ...
Read summary statistics for 7033675 SNPs.
After merging with summary statistics, 1174774 SNPs remain.
1174774 SNPs with valid alleles.

Heritability of phenotype 27/28
-------------------------------
Total Observed scale h2: 0.0181 (0.0224)
Lambda GC: 1.0046
Mean Chi^2: 1.0046
Intercept: 0.9977 (0.0061)
Ratio < 0 (usually indicates GC correction).

Genetic Covariance
------------------
Total Observed scale gencov: 0.0429 (0.0127)
Mean z1*z2: 0.2132
Intercept: 0.1968 (0.0034)

Genetic Correlation
-------------------
Genetic Correlation: 0.7205 (0.3889)
Z-score: 1.8527
P: 0.0639

Computing rg for phenotype 28/28
Reading summary statistics from ../results/ldsc/STAGE00DATA/mean_imputed/not_subsampled/munged/par31.sumstats.gz ...
Read summary statistics for 7033675 SNPs.
After merging with summary statistics, 1174774 SNPs remain.
1174774 SNPs with valid alleles.

Heritability of phenotype 28/28
-------------------------------
Total Observed scale h2: 0.0251 (0.0203)
Lambda GC: 1.0195
Mean Chi^2: 1.0223
Intercept: 1.0129 (0.0061)
Ratio: 0.5777 (0.272)

Genetic Covariance
------------------
Total Observed scale gencov: 0.0765 (0.014)
Mean z1*z2: 0.2372
Intercept: 0.2081 (0.0037)

Genetic Correlation
-------------------
Genetic Correlation: 1.093 (0.3765)
Z-score: 2.9033
P: 0.0037


Summary of Genetic Correlation Results
                                                                               p1                                                                                p2      rg      se        z            p  h2_obs  h2_obs_se  h2_int  h2_int_se  gcov_int  gcov_int_se
 ../results/ldsc/STAGE00DATA/mean_imputed/not_subsampled/munged/par04.sumstats.gz  ../results/ldsc/STAGE00DATA/mean_imputed/not_subsampled/munged/par05.sumstats.gz  0.7478  0.0506  14.7818   1.9187e-49  0.2174     0.0319  0.9980     0.0066    0.2192       0.0040
 ../results/ldsc/STAGE00DATA/mean_imputed/not_subsampled/munged/par04.sumstats.gz  ../results/ldsc/STAGE00DATA/mean_imputed/not_subsampled/munged/par06.sumstats.gz  0.7024  0.0743   9.4574   3.1577e-21  0.1028     0.0229  0.9930     0.0057    0.1658       0.0034
 ../results/ldsc/STAGE00DATA/mean_imputed/not_subsampled/munged/par04.sumstats.gz  ../results/ldsc/STAGE00DATA/mean_imputed/not_subsampled/munged/par07.sumstats.gz  0.6766  0.0640  10.5735   3.9566e-26  0.1400     0.0248  0.9942     0.0063    0.2089       0.0039
 ../results/ldsc/STAGE00DATA/mean_imputed/not_subsampled/munged/par04.sumstats.gz  ../results/ldsc/STAGE00DATA/mean_imputed/not_subsampled/munged/par08.sumstats.gz  0.8821  0.0410  21.5065  1.3545e-102  0.1826     0.0249  0.9940     0.0059    0.5436       0.0049
 ../results/ldsc/STAGE00DATA/mean_imputed/not_subsampled/munged/par04.sumstats.gz  ../results/ldsc/STAGE00DATA/mean_imputed/not_subsampled/munged/par09.sumstats.gz  0.9754  0.0714  13.6674   1.5905e-42  0.0812     0.0242  0.9995     0.0062    0.5654       0.0056
 ../results/ldsc/STAGE00DATA/mean_imputed/not_subsampled/munged/par04.sumstats.gz  ../results/ldsc/STAGE00DATA/mean_imputed/not_subsampled/munged/par10.sumstats.gz  0.7158  0.0552  12.9632   1.9780e-38  0.1718     0.0295  0.9954     0.0065    0.2173       0.0041
 ../results/ldsc/STAGE00DATA/mean_imputed/not_subsampled/munged/par04.sumstats.gz  ../results/ldsc/STAGE00DATA/mean_imputed/not_subsampled/munged/par11.sumstats.gz  0.8285  0.0661  12.5288   5.1943e-36  0.1466     0.0264  1.0042     0.0061    0.2237       0.0036
 ../results/ldsc/STAGE00DATA/mean_imputed/not_subsampled/munged/par04.sumstats.gz  ../results/ldsc/STAGE00DATA/mean_imputed/not_subsampled/munged/par12.sumstats.gz  0.5795  0.0791   7.3253   2.3831e-13  0.1172     0.0254  0.9927     0.0062    0.1689       0.0040
 ../results/ldsc/STAGE00DATA/mean_imputed/not_subsampled/munged/par04.sumstats.gz  ../results/ldsc/STAGE00DATA/mean_imputed/not_subsampled/munged/par13.sumstats.gz  0.8610  0.2373   3.6281   2.8554e-04  0.0357     0.0229  1.0001     0.0056    0.1892       0.0030
 ../results/ldsc/STAGE00DATA/mean_imputed/not_subsampled/munged/par04.sumstats.gz  ../results/ldsc/STAGE00DATA/mean_imputed/not_subsampled/munged/par14.sumstats.gz  0.6879  0.0716   9.6015   7.8815e-22  0.1240     0.0242  0.9942     0.0065    0.1976       0.0036
 ../results/ldsc/STAGE00DATA/mean_imputed/not_subsampled/munged/par04.sumstats.gz  ../results/ldsc/STAGE00DATA/mean_imputed/not_subsampled/munged/par15.sumstats.gz  0.6033  0.1150   5.2470   1.5459e-07  0.0574     0.0217  1.0021     0.0061    0.2153       0.0039
 ../results/ldsc/STAGE00DATA/mean_imputed/not_subsampled/munged/par04.sumstats.gz  ../results/ldsc/STAGE00DATA/mean_imputed/not_subsampled/munged/par16.sumstats.gz  0.9235  0.0467  19.7803   4.3998e-87  0.1502     0.0233  0.9942     0.0063    0.5427       0.0050
 ../results/ldsc/STAGE00DATA/mean_imputed/not_subsampled/munged/par04.sumstats.gz  ../results/ldsc/STAGE00DATA/mean_imputed/not_subsampled/munged/par17.sumstats.gz  0.8075  0.0559  14.4408   2.8632e-47  0.1869     0.0284  1.0076     0.0067    0.3197       0.0047
 ../results/ldsc/STAGE00DATA/mean_imputed/not_subsampled/munged/par04.sumstats.gz  ../results/ldsc/STAGE00DATA/mean_imputed/not_subsampled/munged/par18.sumstats.gz  0.9142  0.0727  12.5822   2.6469e-36  0.0782     0.0215  0.9992     0.0059    0.4880       0.0053
 ../results/ldsc/STAGE00DATA/mean_imputed/not_subsampled/munged/par04.sumstats.gz  ../results/ldsc/STAGE00DATA/mean_imputed/not_subsampled/munged/par19.sumstats.gz  1.0633  0.1884   5.6446   1.6556e-08  0.0457     0.0242  1.0031     0.0060    0.4008       0.0049
 ../results/ldsc/STAGE00DATA/mean_imputed/not_subsampled/munged/par04.sumstats.gz  ../results/ldsc/STAGE00DATA/mean_imputed/not_subsampled/munged/par20.sumstats.gz  0.6929  0.0583  11.8932   1.2845e-32  0.1785     0.0281  1.0007     0.0063    0.1865       0.0035
 ../results/ldsc/STAGE00DATA/mean_imputed/not_subsampled/munged/par04.sumstats.gz  ../results/ldsc/STAGE00DATA/mean_imputed/not_subsampled/munged/par21.sumstats.gz  0.8152  0.0969   8.4115   4.0473e-17  0.0827     0.0246  0.9944     0.0061    0.2276       0.0040
 ../results/ldsc/STAGE00DATA/mean_imputed/not_subsampled/munged/par04.sumstats.gz  ../results/ldsc/STAGE00DATA/mean_imputed/not_subsampled/munged/par22.sumstats.gz  0.7702  0.0561  13.7180   7.9179e-43  0.1848     0.0249  1.0109     0.0061    0.2118       0.0039
 ../results/ldsc/STAGE00DATA/mean_imputed/not_subsampled/munged/par04.sumstats.gz  ../results/ldsc/STAGE00DATA/mean_imputed/not_subsampled/munged/par23.sumstats.gz  0.9246  0.1888   4.8966   9.7492e-07  0.0487     0.0251  1.0022     0.0063    0.2117       0.0035
 ../results/ldsc/STAGE00DATA/mean_imputed/not_subsampled/munged/par04.sumstats.gz  ../results/ldsc/STAGE00DATA/mean_imputed/not_subsampled/munged/par24.sumstats.gz  0.5758  0.0641   8.9881   2.5155e-19  0.1397     0.0273  0.9930     0.0064    0.1832       0.0037
 ../results/ldsc/STAGE00DATA/mean_imputed/not_subsampled/munged/par04.sumstats.gz  ../results/ldsc/STAGE00DATA/mean_imputed/not_subsampled/munged/par25.sumstats.gz  0.7408  0.1468   5.0467   4.4950e-07  0.0504     0.0231  0.9946     0.0061    0.1796       0.0035
 ../results/ldsc/STAGE00DATA/mean_imputed/not_subsampled/munged/par04.sumstats.gz  ../results/ldsc/STAGE00DATA/mean_imputed/not_subsampled/munged/par26.sumstats.gz  1.5275  1.6613   0.9194   3.5786e-01  0.0097     0.0202  1.0004     0.0054    0.1802       0.0030
 ../results/ldsc/STAGE00DATA/mean_imputed/not_subsampled/munged/par04.sumstats.gz  ../results/ldsc/STAGE00DATA/mean_imputed/not_subsampled/munged/par27.sumstats.gz  1.2881  0.9766   1.3190   1.8718e-01  0.0141     0.0240  1.0064     0.0061    0.1928       0.0034
 ../results/ldsc/STAGE00DATA/mean_imputed/not_subsampled/munged/par04.sumstats.gz  ../results/ldsc/STAGE00DATA/mean_imputed/not_subsampled/munged/par28.sumstats.gz  0.7327  0.0803   9.1305   6.8154e-20  0.0995     0.0247  0.9945     0.0064    0.1800       0.0034
 ../results/ldsc/STAGE00DATA/mean_imputed/not_subsampled/munged/par04.sumstats.gz  ../results/ldsc/STAGE00DATA/mean_imputed/not_subsampled/munged/par29.sumstats.gz  0.7757  0.1176   6.5993   4.1316e-11  0.0652     0.0233  1.0019     0.0065    0.2058       0.0034
 ../results/ldsc/STAGE00DATA/mean_imputed/not_subsampled/munged/par04.sumstats.gz  ../results/ldsc/STAGE00DATA/mean_imputed/not_subsampled/munged/par30.sumstats.gz  0.7205  0.3889   1.8527   6.3923e-02  0.0181     0.0224  0.9977     0.0061    0.1968       0.0034
 ../results/ldsc/STAGE00DATA/mean_imputed/not_subsampled/munged/par04.sumstats.gz  ../results/ldsc/STAGE00DATA/mean_imputed/not_subsampled/munged/par31.sumstats.gz  1.0930  0.3765   2.9033   3.6922e-03  0.0251     0.0203  1.0129     0.0061    0.2081       0.0037

Analysis finished at Thu Mar 17 01:31:20 2022
Total time elapsed: 11.0m:43.17s
