*********************************************************************
* LD Score Regression (LDSC)
* Version 1.0.1
* (C) 2014-2019 Brendan Bulik-Sullivan and Hilary Finucane
* Broad Institute of MIT and Harvard / MIT Department of Mathematics
* GNU General Public License v3
*********************************************************************
Call: 
./ldsc.py \
--ref-ld-chr ../SAMPLE_DATA/eur_w_ld_chr/ \
--out ../results/ldsc/STAGE00DATA/mean_imputed/not_subsampled/rg/par01 \
--rg ../results/ldsc/STAGE00DATA/mean_imputed/not_subsampled/munged/par01.sumstats.gz,../results/ldsc/STAGE00DATA/mean_imputed/not_subsampled/munged/par02.sumstats.gz,../results/ldsc/STAGE00DATA/mean_imputed/not_subsampled/munged/par03.sumstats.gz,../results/ldsc/STAGE00DATA/mean_imputed/not_subsampled/munged/par04.sumstats.gz,../results/ldsc/STAGE00DATA/mean_imputed/not_subsampled/munged/par05.sumstats.gz,../results/ldsc/STAGE00DATA/mean_imputed/not_subsampled/munged/par06.sumstats.gz,../results/ldsc/STAGE00DATA/mean_imputed/not_subsampled/munged/par07.sumstats.gz,../results/ldsc/STAGE00DATA/mean_imputed/not_subsampled/munged/par08.sumstats.gz,../results/ldsc/STAGE00DATA/mean_imputed/not_subsampled/munged/par09.sumstats.gz,../results/ldsc/STAGE00DATA/mean_imputed/not_subsampled/munged/par10.sumstats.gz,../results/ldsc/STAGE00DATA/mean_imputed/not_subsampled/munged/par11.sumstats.gz,../results/ldsc/STAGE00DATA/mean_imputed/not_subsampled/munged/par12.sumstats.gz,../results/ldsc/STAGE00DATA/mean_imputed/not_subsampled/munged/par13.sumstats.gz,../results/ldsc/STAGE00DATA/mean_imputed/not_subsampled/munged/par14.sumstats.gz,../results/ldsc/STAGE00DATA/mean_imputed/not_subsampled/munged/par15.sumstats.gz,../results/ldsc/STAGE00DATA/mean_imputed/not_subsampled/munged/par16.sumstats.gz,../results/ldsc/STAGE00DATA/mean_imputed/not_subsampled/munged/par17.sumstats.gz,../results/ldsc/STAGE00DATA/mean_imputed/not_subsampled/munged/par18.sumstats.gz,../results/ldsc/STAGE00DATA/mean_imputed/not_subsampled/munged/par19.sumstats.gz,../results/ldsc/STAGE00DATA/mean_imputed/not_subsampled/munged/par20.sumstats.gz,../results/ldsc/STAGE00DATA/mean_imputed/not_subsampled/munged/par21.sumstats.gz,../results/ldsc/STAGE00DATA/mean_imputed/not_subsampled/munged/par22.sumstats.gz,../results/ldsc/STAGE00DATA/mean_imputed/not_subsampled/munged/par23.sumstats.gz,../results/ldsc/STAGE00DATA/mean_imputed/not_subsampled/munged/par24.sumstats.gz,../results/ldsc/STAGE00DATA/mean_imputed/not_subsampled/munged/par25.sumstats.gz,../results/ldsc/STAGE00DATA/mean_imputed/not_subsampled/munged/par26.sumstats.gz,../results/ldsc/STAGE00DATA/mean_imputed/not_subsampled/munged/par27.sumstats.gz,../results/ldsc/STAGE00DATA/mean_imputed/not_subsampled/munged/par28.sumstats.gz,../results/ldsc/STAGE00DATA/mean_imputed/not_subsampled/munged/par29.sumstats.gz,../results/ldsc/STAGE00DATA/mean_imputed/not_subsampled/munged/par30.sumstats.gz,../results/ldsc/STAGE00DATA/mean_imputed/not_subsampled/munged/par31.sumstats.gz \
--w-ld-chr ../SAMPLE_DATA/eur_w_ld_chr/ 

Beginning analysis at Thu Mar 17 00:44:02 2022
Reading summary statistics from ../results/ldsc/STAGE00DATA/mean_imputed/not_subsampled/munged/par01.sumstats.gz ...
Read summary statistics for 7033675 SNPs.
Reading reference panel LD Score from ../SAMPLE_DATA/eur_w_ld_chr/[1-22] ... (ldscore_fromlist)
Read reference panel LD Scores for 1290028 SNPs.
Removing partitioned LD Scores with zero variance.
Reading regression weight LD Score from ../SAMPLE_DATA/eur_w_ld_chr/[1-22] ... (ldscore_fromlist)
Read regression weight LD Scores for 1290028 SNPs.
After merging with reference panel LD, 1174774 SNPs remain.
After merging with regression SNP LD, 1174774 SNPs remain.
Computing rg for phenotype 2/31
Reading summary statistics from ../results/ldsc/STAGE00DATA/mean_imputed/not_subsampled/munged/par02.sumstats.gz ...
Read summary statistics for 7033675 SNPs.
After merging with summary statistics, 1174774 SNPs remain.
1174774 SNPs with valid alleles.

Heritability of phenotype 1
---------------------------
Total Observed scale h2: 0.315 (0.0317)
Lambda GC: 1.1333
Mean Chi^2: 1.1136
Intercept: 0.9921 (0.0064)
Ratio < 0 (usually indicates GC correction).

Heritability of phenotype 2/31
------------------------------
Total Observed scale h2: 0.2901 (0.0326)
Lambda GC: 1.1207
Mean Chi^2: 1.107
Intercept: 0.9953 (0.0069)
Ratio < 0 (usually indicates GC correction).

Genetic Covariance
------------------
Total Observed scale gencov: 0.2497 (0.0288)
Mean z1*z2: 0.5726
Intercept: 0.4746 (0.0058)

Genetic Correlation
-------------------
Genetic Correlation: 0.8258 (0.0357)
Z-score: 23.1111
P: 3.5786e-118

Computing rg for phenotype 3/31
Reading summary statistics from ../results/ldsc/STAGE00DATA/mean_imputed/not_subsampled/munged/par03.sumstats.gz ...
Read summary statistics for 7033675 SNPs.
After merging with summary statistics, 1174774 SNPs remain.
1174774 SNPs with valid alleles.

Heritability of phenotype 3/31
------------------------------
Total Observed scale h2: 0.1668 (0.0243)
Lambda GC: 1.071
Mean Chi^2: 1.0521
Intercept: 0.9889 (0.0058)
Ratio < 0 (usually indicates GC correction).

Genetic Covariance
------------------
Total Observed scale gencov: 0.2047 (0.0231)
Mean z1*z2: 0.4169
Intercept: 0.3372 (0.0052)

Genetic Correlation
-------------------
Genetic Correlation: 0.8931 (0.0519)
Z-score: 17.1965
P: 2.8194e-66

Computing rg for phenotype 4/31
Reading summary statistics from ../results/ldsc/STAGE00DATA/mean_imputed/not_subsampled/munged/par04.sumstats.gz ...
Read summary statistics for 7033675 SNPs.
After merging with summary statistics, 1174774 SNPs remain.
1174774 SNPs with valid alleles.

Heritability of phenotype 4/31
------------------------------
Total Observed scale h2: 0.1951 (0.0262)
Lambda GC: 1.0926
Mean Chi^2: 1.0658
Intercept: 0.9914 (0.0061)
Ratio < 0 (usually indicates GC correction).

Genetic Covariance
------------------
Total Observed scale gencov: 0.1875 (0.023)
Mean z1*z2: 0.3614
Intercept: 0.2879 (0.0048)

Genetic Correlation
-------------------
Genetic Correlation: 0.7563 (0.0506)
Z-score: 14.9583
P: 1.3742e-50

Computing rg for phenotype 5/31
Reading summary statistics from ../results/ldsc/STAGE00DATA/mean_imputed/not_subsampled/munged/par05.sumstats.gz ...
Read summary statistics for 7033675 SNPs.
After merging with summary statistics, 1174774 SNPs remain.
1174774 SNPs with valid alleles.

Heritability of phenotype 5/31
------------------------------
Total Observed scale h2: 0.2174 (0.0319)
Lambda GC: 1.0957
Mean Chi^2: 1.0807
Intercept: 0.998 (0.0066)
Ratio < 0 (usually indicates GC correction).

Genetic Covariance
------------------
Total Observed scale gencov: 0.209 (0.026)
Mean z1*z2: 0.4033
Intercept: 0.322 (0.0055)

Genetic Correlation
-------------------
Genetic Correlation: 0.7985 (0.0481)
Z-score: 16.5951
P: 7.5565e-62

Computing rg for phenotype 6/31
Reading summary statistics from ../results/ldsc/STAGE00DATA/mean_imputed/not_subsampled/munged/par06.sumstats.gz ...
Read summary statistics for 7033675 SNPs.
After merging with summary statistics, 1174774 SNPs remain.
1174774 SNPs with valid alleles.

Heritability of phenotype 6/31
------------------------------
Total Observed scale h2: 0.1028 (0.0229)
Lambda GC: 1.0496
Mean Chi^2: 1.0322
Intercept: 0.993 (0.0057)
Ratio < 0 (usually indicates GC correction).

Genetic Covariance
------------------
Total Observed scale gencov: 0.1591 (0.0206)
Mean z1*z2: 0.3272
Intercept: 0.2653 (0.0048)

Genetic Correlation
-------------------
Genetic Correlation: 0.8839 (0.0846)
Z-score: 10.4433
P: 1.5719e-25

Computing rg for phenotype 7/31
Reading summary statistics from ../results/ldsc/STAGE00DATA/mean_imputed/not_subsampled/munged/par07.sumstats.gz ...
Read summary statistics for 7033675 SNPs.
After merging with summary statistics, 1174774 SNPs remain.
1174774 SNPs with valid alleles.

Heritability of phenotype 7/31
------------------------------
Total Observed scale h2: 0.14 (0.0248)
Lambda GC: 1.0496
Mean Chi^2: 1.0477
Intercept: 0.9942 (0.0063)
Ratio < 0 (usually indicates GC correction).

Genetic Covariance
------------------
Total Observed scale gencov: 0.1741 (0.0197)
Mean z1*z2: 0.2672
Intercept: 0.1997 (0.0046)

Genetic Correlation
-------------------
Genetic Correlation: 0.8289 (0.066)
Z-score: 12.5504
P: 3.9554e-36

Computing rg for phenotype 8/31
Reading summary statistics from ../results/ldsc/STAGE00DATA/mean_imputed/not_subsampled/munged/par08.sumstats.gz ...
Read summary statistics for 7033675 SNPs.
After merging with summary statistics, 1174774 SNPs remain.
1174774 SNPs with valid alleles.

Heritability of phenotype 8/31
------------------------------
Total Observed scale h2: 0.1826 (0.0249)
Lambda GC: 1.0802
Mean Chi^2: 1.0627
Intercept: 0.994 (0.0059)
Ratio < 0 (usually indicates GC correction).

Genetic Covariance
------------------
Total Observed scale gencov: 0.1663 (0.0205)
Mean z1*z2: 0.2714
Intercept: 0.2066 (0.0041)

Genetic Correlation
-------------------
Genetic Correlation: 0.6935 (0.0586)
Z-score: 11.8336
P: 2.6157e-32

Computing rg for phenotype 9/31
Reading summary statistics from ../results/ldsc/STAGE00DATA/mean_imputed/not_subsampled/munged/par09.sumstats.gz ...
Read summary statistics for 7033675 SNPs.
After merging with summary statistics, 1174774 SNPs remain.
1174774 SNPs with valid alleles.

Heritability of phenotype 9/31
------------------------------
Total Observed scale h2: 0.0812 (0.0242)
Lambda GC: 1.0436
Mean Chi^2: 1.0305
Intercept: 0.9995 (0.0062)
Ratio < 0 (usually indicates GC correction).

Genetic Covariance
------------------
Total Observed scale gencov: 0.1222 (0.0207)
Mean z1*z2: 0.2372
Intercept: 0.1891 (0.0048)

Genetic Correlation
-------------------
Genetic Correlation: 0.7642 (0.1096)
Z-score: 6.9704
P: 3.1597e-12

Computing rg for phenotype 10/31
Reading summary statistics from ../results/ldsc/STAGE00DATA/mean_imputed/not_subsampled/munged/par10.sumstats.gz ...
Read summary statistics for 7033675 SNPs.
After merging with summary statistics, 1174774 SNPs remain.
1174774 SNPs with valid alleles.

Heritability of phenotype 10/31
-------------------------------
Total Observed scale h2: 0.1718 (0.0295)
Lambda GC: 1.071
Mean Chi^2: 1.0608
Intercept: 0.9954 (0.0065)
Ratio < 0 (usually indicates GC correction).

Genetic Covariance
------------------
Total Observed scale gencov: 0.1763 (0.0235)
Mean z1*z2: 0.319
Intercept: 0.2497 (0.0052)

Genetic Correlation
-------------------
Genetic Correlation: 0.7578 (0.0527)
Z-score: 14.3736
P: 7.5820e-47

Computing rg for phenotype 11/31
Reading summary statistics from ../results/ldsc/STAGE00DATA/mean_imputed/not_subsampled/munged/par11.sumstats.gz ...
Read summary statistics for 7033675 SNPs.
After merging with summary statistics, 1174774 SNPs remain.
1174774 SNPs with valid alleles.

Heritability of phenotype 11/31
-------------------------------
Total Observed scale h2: 0.1466 (0.0264)
Lambda GC: 1.0772
Mean Chi^2: 1.0599
Intercept: 1.0042 (0.0061)
Ratio: 0.0709 (0.1015)

Genetic Covariance
------------------
Total Observed scale gencov: 0.1774 (0.0224)
Mean z1*z2: 0.2645
Intercept: 0.1954 (0.0047)

Genetic Correlation
-------------------
Genetic Correlation: 0.8257 (0.0645)
Z-score: 12.8067
P: 1.5043e-37

Computing rg for phenotype 12/31
Reading summary statistics from ../results/ldsc/STAGE00DATA/mean_imputed/not_subsampled/munged/par12.sumstats.gz ...
Read summary statistics for 7033675 SNPs.
After merging with summary statistics, 1174774 SNPs remain.
1174774 SNPs with valid alleles.

Heritability of phenotype 12/31
-------------------------------
Total Observed scale h2: 0.1172 (0.0254)
Lambda GC: 1.0436
Mean Chi^2: 1.0379
Intercept: 0.9927 (0.0062)
Ratio < 0 (usually indicates GC correction).

Genetic Covariance
------------------
Total Observed scale gencov: 0.1583 (0.0195)
Mean z1*z2: 0.2458
Intercept: 0.1841 (0.0045)

Genetic Correlation
-------------------
Genetic Correlation: 0.8238 (0.0849)
Z-score: 9.7003
P: 3.0072e-22

Computing rg for phenotype 13/31
Reading summary statistics from ../results/ldsc/STAGE00DATA/mean_imputed/not_subsampled/munged/par13.sumstats.gz ...
Read summary statistics for 7033675 SNPs.
After merging with summary statistics, 1174774 SNPs remain.
1174774 SNPs with valid alleles.

Heritability of phenotype 13/31
-------------------------------
Total Observed scale h2: 0.0357 (0.0229)
Lambda GC: 1.0225
Mean Chi^2: 1.0136
Intercept: 1.0001 (0.0056)
Ratio: 0.011 (0.4116)

Genetic Covariance
------------------
Total Observed scale gencov: 0.1191 (0.0177)
Mean z1*z2: 0.224
Intercept: 0.1777 (0.0041)

Genetic Correlation
-------------------
Genetic Correlation: 1.1237 (0.3233)
Z-score: 3.4757
P: 0.0005

Computing rg for phenotype 14/31
Reading summary statistics from ../results/ldsc/STAGE00DATA/mean_imputed/not_subsampled/munged/par14.sumstats.gz ...
Read summary statistics for 7033675 SNPs.
After merging with summary statistics, 1174774 SNPs remain.
1174774 SNPs with valid alleles.

Heritability of phenotype 14/31
-------------------------------
Total Observed scale h2: 0.124 (0.0242)
Lambda GC: 1.0527
Mean Chi^2: 1.0415
Intercept: 0.9942 (0.0065)
Ratio < 0 (usually indicates GC correction).

Genetic Covariance
------------------
Total Observed scale gencov: 0.1551 (0.0182)
Mean z1*z2: 0.2293
Intercept: 0.169 (0.0041)

Genetic Correlation
-------------------
Genetic Correlation: 0.7844 (0.0756)
Z-score: 10.3738
P: 3.2631e-25

Computing rg for phenotype 15/31
Reading summary statistics from ../results/ldsc/STAGE00DATA/mean_imputed/not_subsampled/munged/par15.sumstats.gz ...
Read summary statistics for 7033675 SNPs.
After merging with summary statistics, 1174774 SNPs remain.
1174774 SNPs with valid alleles.

Heritability of phenotype 15/31
-------------------------------
Total Observed scale h2: 0.0574 (0.0217)
Lambda GC: 1.0225
Mean Chi^2: 1.0237
Intercept: 1.0021 (0.0061)
Ratio: 0.0867 (0.2557)

Genetic Covariance
------------------
Total Observed scale gencov: 0.1252 (0.0165)
Mean z1*z2: 0.1685
Intercept: 0.1203 (0.0041)

Genetic Correlation
-------------------
Genetic Correlation: 0.9311 (0.1642)
Z-score: 5.6716
P: 1.4143e-08

Computing rg for phenotype 16/31
Reading summary statistics from ../results/ldsc/STAGE00DATA/mean_imputed/not_subsampled/munged/par16.sumstats.gz ...
Read summary statistics for 7033675 SNPs.
After merging with summary statistics, 1174774 SNPs remain.
1174774 SNPs with valid alleles.

Heritability of phenotype 16/31
-------------------------------
Total Observed scale h2: 0.1502 (0.0233)
Lambda GC: 1.0679
Mean Chi^2: 1.0505
Intercept: 0.9942 (0.0063)
Ratio < 0 (usually indicates GC correction).

Genetic Covariance
------------------
Total Observed scale gencov: 0.1491 (0.019)
Mean z1*z2: 0.2483
Intercept: 0.1905 (0.0041)

Genetic Correlation
-------------------
Genetic Correlation: 0.6855 (0.0618)
Z-score: 11.0945
P: 1.3345e-28

Computing rg for phenotype 17/31
Reading summary statistics from ../results/ldsc/STAGE00DATA/mean_imputed/not_subsampled/munged/par17.sumstats.gz ...
Read summary statistics for 7033675 SNPs.
After merging with summary statistics, 1174774 SNPs remain.
1174774 SNPs with valid alleles.

Heritability of phenotype 17/31
-------------------------------
Total Observed scale h2: 0.1869 (0.0284)
Lambda GC: 1.0957
Mean Chi^2: 1.0788
Intercept: 1.0076 (0.0067)
Ratio: 0.0963 (0.0856)

Genetic Covariance
------------------
Total Observed scale gencov: 0.1622 (0.0205)
Mean z1*z2: 0.163
Intercept: 0.0995 (0.0046)

Genetic Correlation
-------------------
Genetic Correlation: 0.6687 (0.0635)
Z-score: 10.5288
P: 6.3671e-26

Computing rg for phenotype 18/31
Reading summary statistics from ../results/ldsc/STAGE00DATA/mean_imputed/not_subsampled/munged/par18.sumstats.gz ...
Read summary statistics for 7033675 SNPs.
After merging with summary statistics, 1174774 SNPs remain.
1174774 SNPs with valid alleles.

Heritability of phenotype 18/31
-------------------------------
Total Observed scale h2: 0.0782 (0.0215)
Lambda GC: 1.0436
Mean Chi^2: 1.0289
Intercept: 0.9992 (0.0059)
Ratio < 0 (usually indicates GC correction).

Genetic Covariance
------------------
Total Observed scale gencov: 0.1225 (0.019)
Mean z1*z2: 0.206
Intercept: 0.158 (0.0046)

Genetic Correlation
-------------------
Genetic Correlation: 0.7806 (0.1064)
Z-score: 7.3384
P: 2.1610e-13

Computing rg for phenotype 19/31
Reading summary statistics from ../results/ldsc/STAGE00DATA/mean_imputed/not_subsampled/munged/par19.sumstats.gz ...
Read summary statistics for 7033675 SNPs.
After merging with summary statistics, 1174774 SNPs remain.
1174774 SNPs with valid alleles.

Heritability of phenotype 19/31
-------------------------------
Total Observed scale h2: 0.0457 (0.0242)
Lambda GC: 1.0195
Mean Chi^2: 1.0204
Intercept: 1.0031 (0.006)
Ratio: 0.1509 (0.2938)

Genetic Covariance
------------------
Total Observed scale gencov: 0.1023 (0.0185)
Mean z1*z2: 0.1628
Intercept: 0.1226 (0.0044)

Genetic Correlation
-------------------
Genetic Correlation: 0.8523 (0.2065)
Z-score: 4.128
P: 3.6599e-05

Computing rg for phenotype 20/31
Reading summary statistics from ../results/ldsc/STAGE00DATA/mean_imputed/not_subsampled/munged/par20.sumstats.gz ...
Read summary statistics for 7033675 SNPs.
After merging with summary statistics, 1174774 SNPs remain.
1174774 SNPs with valid alleles.

Heritability of phenotype 20/31
-------------------------------
Total Observed scale h2: 0.1785 (0.0281)
Lambda GC: 1.0741
Mean Chi^2: 1.0689
Intercept: 1.0007 (0.0063)
Ratio: 0.01 (0.0911)

Genetic Covariance
------------------
Total Observed scale gencov: 0.1744 (0.0214)
Mean z1*z2: 0.2265
Intercept: 0.1575 (0.0047)

Genetic Correlation
-------------------
Genetic Correlation: 0.7356 (0.0513)
Z-score: 14.3348
P: 1.3256e-46

Computing rg for phenotype 21/31
Reading summary statistics from ../results/ldsc/STAGE00DATA/mean_imputed/not_subsampled/munged/par21.sumstats.gz ...
Read summary statistics for 7033675 SNPs.
After merging with summary statistics, 1174774 SNPs remain.
1174774 SNPs with valid alleles.

Heritability of phenotype 21/31
-------------------------------
Total Observed scale h2: 0.0827 (0.0246)
Lambda GC: 1.0345
Mean Chi^2: 1.0258
Intercept: 0.9944 (0.0061)
Ratio < 0 (usually indicates GC correction).

Genetic Covariance
------------------
Total Observed scale gencov: 0.1312 (0.0192)
Mean z1*z2: 0.2312
Intercept: 0.1803 (0.0044)

Genetic Correlation
-------------------
Genetic Correlation: 0.813 (0.0956)
Z-score: 8.5034
P: 1.8407e-17

Computing rg for phenotype 22/31
Reading summary statistics from ../results/ldsc/STAGE00DATA/mean_imputed/not_subsampled/munged/par22.sumstats.gz ...
Read summary statistics for 7033675 SNPs.
After merging with summary statistics, 1174774 SNPs remain.
1174774 SNPs with valid alleles.

Heritability of phenotype 22/31
-------------------------------
Total Observed scale h2: 0.1848 (0.0249)
Lambda GC: 1.0988
Mean Chi^2: 1.0809
Intercept: 1.0109 (0.0061)
Ratio: 0.1343 (0.0757)

Genetic Covariance
------------------
Total Observed scale gencov: 0.1838 (0.0201)
Mean z1*z2: 0.1816
Intercept: 0.1093 (0.0043)

Genetic Correlation
-------------------
Genetic Correlation: 0.7617 (0.0533)
Z-score: 14.2833
P: 2.7821e-46

Computing rg for phenotype 23/31
Reading summary statistics from ../results/ldsc/STAGE00DATA/mean_imputed/not_subsampled/munged/par23.sumstats.gz ...
Read summary statistics for 7033675 SNPs.
After merging with summary statistics, 1174774 SNPs remain.
1174774 SNPs with valid alleles.

Heritability of phenotype 23/31
-------------------------------
Total Observed scale h2: 0.0487 (0.0251)
Lambda GC: 1.0255
Mean Chi^2: 1.0208
Intercept: 1.0022 (0.0063)
Ratio: 0.1053 (0.3017)

Genetic Covariance
------------------
Total Observed scale gencov: 0.1213 (0.0192)
Mean z1*z2: 0.1996
Intercept: 0.1529 (0.0045)

Genetic Correlation
-------------------
Genetic Correlation: 0.9799 (0.2077)
Z-score: 4.7178
P: 2.3844e-06

Computing rg for phenotype 24/31
Reading summary statistics from ../results/ldsc/STAGE00DATA/mean_imputed/not_subsampled/munged/par24.sumstats.gz ...
Read summary statistics for 7033675 SNPs.
After merging with summary statistics, 1174774 SNPs remain.
1174774 SNPs with valid alleles.

Heritability of phenotype 24/31
-------------------------------
Total Observed scale h2: 0.1397 (0.0273)
Lambda GC: 1.0557
Mean Chi^2: 1.0477
Intercept: 0.993 (0.0064)
Ratio < 0 (usually indicates GC correction).

Genetic Covariance
------------------
Total Observed scale gencov: 0.151 (0.0191)
Mean z1*z2: 0.1889
Intercept: 0.1294 (0.0044)

Genetic Correlation
-------------------
Genetic Correlation: 0.7198 (0.0726)
Z-score: 9.9138
P: 3.6248e-23

Computing rg for phenotype 25/31
Reading summary statistics from ../results/ldsc/STAGE00DATA/mean_imputed/not_subsampled/munged/par25.sumstats.gz ...
Read summary statistics for 7033675 SNPs.
After merging with summary statistics, 1174774 SNPs remain.
1174774 SNPs with valid alleles.

Heritability of phenotype 25/31
-------------------------------
Total Observed scale h2: 0.0504 (0.0231)
Lambda GC: 1.0195
Mean Chi^2: 1.0136
Intercept: 0.9946 (0.0061)
Ratio < 0 (usually indicates GC correction).

Genetic Covariance
------------------
Total Observed scale gencov: 0.1198 (0.0168)
Mean z1*z2: 0.2109
Intercept: 0.1647 (0.0042)

Genetic Correlation
-------------------
Genetic Correlation: 0.9508 (0.1957)
Z-score: 4.8588
P: 1.1813e-06

Computing rg for phenotype 26/31
Reading summary statistics from ../results/ldsc/STAGE00DATA/mean_imputed/not_subsampled/munged/par26.sumstats.gz ...
Read summary statistics for 7033675 SNPs.
After merging with summary statistics, 1174774 SNPs remain.
1174774 SNPs with valid alleles.

Heritability of phenotype 26/31
-------------------------------
Total Observed scale h2: 0.0097 (0.0202)
Lambda GC: 1.0046
Mean Chi^2: 1.004
Intercept: 1.0004 (0.0054)
Ratio: 0.0938 (1.3327)

Genetic Covariance
------------------
Total Observed scale gencov: 0.1155 (0.0157)
Mean z1*z2: 0.1915
Intercept: 0.1471 (0.004)

Genetic Correlation
-------------------
Genetic Correlation: nan (nan) (rg out of bounds) 
Z-score: nan (nan) (rg out of bounds)
P: nan (nan) (rg out of bounds)
WARNING: rg was out of bounds.
This often means that h2 is not significantly different from zero.

Computing rg for phenotype 27/31
Reading summary statistics from ../results/ldsc/STAGE00DATA/mean_imputed/not_subsampled/munged/par27.sumstats.gz ...
Read summary statistics for 7033675 SNPs.
After merging with summary statistics, 1174774 SNPs remain.
1174774 SNPs with valid alleles.

Heritability of phenotype 27/31
-------------------------------
Total Observed scale h2: 0.0141 (0.024)
Lambda GC: 1.0165
Mean Chi^2: 1.0117
Intercept: 1.0064 (0.0061)
Ratio: 0.548 (0.5211)

Genetic Covariance
------------------
Total Observed scale gencov: 0.102 (0.016)
Mean z1*z2: 0.1449
Intercept: 0.1053 (0.0038)

Genetic Correlation
-------------------
Genetic Correlation: nan (nan) (rg out of bounds) 
Z-score: nan (nan) (rg out of bounds)
P: nan (nan) (rg out of bounds)
WARNING: rg was out of bounds.
This often means that h2 is not significantly different from zero.

Computing rg for phenotype 28/31
Reading summary statistics from ../results/ldsc/STAGE00DATA/mean_imputed/not_subsampled/munged/par28.sumstats.gz ...
Read summary statistics for 7033675 SNPs.
After merging with summary statistics, 1174774 SNPs remain.
1174774 SNPs with valid alleles.

Heritability of phenotype 28/31
-------------------------------
Total Observed scale h2: 0.0995 (0.0247)
Lambda GC: 1.0405
Mean Chi^2: 1.0331
Intercept: 0.9945 (0.0064)
Ratio < 0 (usually indicates GC correction).

Genetic Covariance
------------------
Total Observed scale gencov: 0.1417 (0.0177)
Mean z1*z2: 0.1769
Intercept: 0.1216 (0.0042)

Genetic Correlation
-------------------
Genetic Correlation: 0.8003 (0.0916)
Z-score: 8.7394
P: 2.3429e-18

Computing rg for phenotype 29/31
Reading summary statistics from ../results/ldsc/STAGE00DATA/mean_imputed/not_subsampled/munged/par29.sumstats.gz ...
Read summary statistics for 7033675 SNPs.
After merging with summary statistics, 1174774 SNPs remain.
1174774 SNPs with valid alleles.

Heritability of phenotype 29/31
-------------------------------
Total Observed scale h2: 0.0652 (0.0233)
Lambda GC: 1.0315
Mean Chi^2: 1.0267
Intercept: 1.0019 (0.0065)
Ratio: 0.0728 (0.2444)

Genetic Covariance
------------------
Total Observed scale gencov: 0.1293 (0.0163)
Mean z1*z2: 0.1865
Intercept: 0.1364 (0.0039)

Genetic Correlation
-------------------
Genetic Correlation: 0.9024 (0.1561)
Z-score: 5.7803
P: 7.4564e-09

Computing rg for phenotype 30/31
Reading summary statistics from ../results/ldsc/STAGE00DATA/mean_imputed/not_subsampled/munged/par30.sumstats.gz ...
Read summary statistics for 7033675 SNPs.
After merging with summary statistics, 1174774 SNPs remain.
1174774 SNPs with valid alleles.

Heritability of phenotype 30/31
-------------------------------
Total Observed scale h2: 0.0181 (0.0224)
Lambda GC: 1.0046
Mean Chi^2: 1.0046
Intercept: 0.9977 (0.0061)
Ratio < 0 (usually indicates GC correction).

Genetic Covariance
------------------
Total Observed scale gencov: 0.098 (0.0152)
Mean z1*z2: 0.1408
Intercept: 0.1029 (0.0039)

Genetic Correlation
-------------------
Genetic Correlation: nan (nan) (rg out of bounds) 
Z-score: nan (nan) (rg out of bounds)
P: nan (nan) (rg out of bounds)
WARNING: rg was out of bounds.
This often means that h2 is not significantly different from zero.

Computing rg for phenotype 31/31
Reading summary statistics from ../results/ldsc/STAGE00DATA/mean_imputed/not_subsampled/munged/par31.sumstats.gz ...
Read summary statistics for 7033675 SNPs.
After merging with summary statistics, 1174774 SNPs remain.
1174774 SNPs with valid alleles.

Heritability of phenotype 31/31
-------------------------------
Total Observed scale h2: 0.0251 (0.0203)
Lambda GC: 1.0195
Mean Chi^2: 1.0223
Intercept: 1.0129 (0.0061)
Ratio: 0.5777 (0.272)

Genetic Covariance
------------------
Total Observed scale gencov: 0.1079 (0.0161)
Mean z1*z2: 0.1315
Intercept: 0.0898 (0.0041)

Genetic Correlation
-------------------
Genetic Correlation: nan (nan) (rg out of bounds) 
Z-score: nan (nan) (rg out of bounds)
P: nan (nan) (rg out of bounds)
WARNING: rg was out of bounds.
This often means that h2 is not significantly different from zero.


Summary of Genetic Correlation Results
                                                                               p1                                                                                p2      rg      se        z            p  h2_obs  h2_obs_se  h2_int  h2_int_se  gcov_int  gcov_int_se
 ../results/ldsc/STAGE00DATA/mean_imputed/not_subsampled/munged/par01.sumstats.gz  ../results/ldsc/STAGE00DATA/mean_imputed/not_subsampled/munged/par02.sumstats.gz  0.8258  0.0357  23.1111  3.5786e-118  0.2901     0.0326  0.9953     0.0069    0.4746       0.0058
 ../results/ldsc/STAGE00DATA/mean_imputed/not_subsampled/munged/par01.sumstats.gz  ../results/ldsc/STAGE00DATA/mean_imputed/not_subsampled/munged/par03.sumstats.gz  0.8931  0.0519  17.1965   2.8194e-66  0.1668     0.0243  0.9889     0.0058    0.3372       0.0052
 ../results/ldsc/STAGE00DATA/mean_imputed/not_subsampled/munged/par01.sumstats.gz  ../results/ldsc/STAGE00DATA/mean_imputed/not_subsampled/munged/par04.sumstats.gz  0.7563  0.0506  14.9583   1.3742e-50  0.1951     0.0262  0.9914     0.0061    0.2879       0.0048
 ../results/ldsc/STAGE00DATA/mean_imputed/not_subsampled/munged/par01.sumstats.gz  ../results/ldsc/STAGE00DATA/mean_imputed/not_subsampled/munged/par05.sumstats.gz  0.7985  0.0481  16.5951   7.5565e-62  0.2174     0.0319  0.9980     0.0066    0.3220       0.0055
 ../results/ldsc/STAGE00DATA/mean_imputed/not_subsampled/munged/par01.sumstats.gz  ../results/ldsc/STAGE00DATA/mean_imputed/not_subsampled/munged/par06.sumstats.gz  0.8839  0.0846  10.4433   1.5719e-25  0.1028     0.0229  0.9930     0.0057    0.2653       0.0048
 ../results/ldsc/STAGE00DATA/mean_imputed/not_subsampled/munged/par01.sumstats.gz  ../results/ldsc/STAGE00DATA/mean_imputed/not_subsampled/munged/par07.sumstats.gz  0.8289  0.0660  12.5504   3.9554e-36  0.1400     0.0248  0.9942     0.0063    0.1997       0.0046
 ../results/ldsc/STAGE00DATA/mean_imputed/not_subsampled/munged/par01.sumstats.gz  ../results/ldsc/STAGE00DATA/mean_imputed/not_subsampled/munged/par08.sumstats.gz  0.6935  0.0586  11.8336   2.6157e-32  0.1826     0.0249  0.9940     0.0059    0.2066       0.0041
 ../results/ldsc/STAGE00DATA/mean_imputed/not_subsampled/munged/par01.sumstats.gz  ../results/ldsc/STAGE00DATA/mean_imputed/not_subsampled/munged/par09.sumstats.gz  0.7642  0.1096   6.9704   3.1597e-12  0.0812     0.0242  0.9995     0.0062    0.1891       0.0048
 ../results/ldsc/STAGE00DATA/mean_imputed/not_subsampled/munged/par01.sumstats.gz  ../results/ldsc/STAGE00DATA/mean_imputed/not_subsampled/munged/par10.sumstats.gz  0.7578  0.0527  14.3736   7.5820e-47  0.1718     0.0295  0.9954     0.0065    0.2497       0.0052
 ../results/ldsc/STAGE00DATA/mean_imputed/not_subsampled/munged/par01.sumstats.gz  ../results/ldsc/STAGE00DATA/mean_imputed/not_subsampled/munged/par11.sumstats.gz  0.8257  0.0645  12.8067   1.5043e-37  0.1466     0.0264  1.0042     0.0061    0.1954       0.0047
 ../results/ldsc/STAGE00DATA/mean_imputed/not_subsampled/munged/par01.sumstats.gz  ../results/ldsc/STAGE00DATA/mean_imputed/not_subsampled/munged/par12.sumstats.gz  0.8238  0.0849   9.7003   3.0072e-22  0.1172     0.0254  0.9927     0.0062    0.1841       0.0045
 ../results/ldsc/STAGE00DATA/mean_imputed/not_subsampled/munged/par01.sumstats.gz  ../results/ldsc/STAGE00DATA/mean_imputed/not_subsampled/munged/par13.sumstats.gz  1.1237  0.3233   3.4757   5.0956e-04  0.0357     0.0229  1.0001     0.0056    0.1777       0.0041
 ../results/ldsc/STAGE00DATA/mean_imputed/not_subsampled/munged/par01.sumstats.gz  ../results/ldsc/STAGE00DATA/mean_imputed/not_subsampled/munged/par14.sumstats.gz  0.7844  0.0756  10.3738   3.2631e-25  0.1240     0.0242  0.9942     0.0065    0.1690       0.0041
 ../results/ldsc/STAGE00DATA/mean_imputed/not_subsampled/munged/par01.sumstats.gz  ../results/ldsc/STAGE00DATA/mean_imputed/not_subsampled/munged/par15.sumstats.gz  0.9311  0.1642   5.6716   1.4143e-08  0.0574     0.0217  1.0021     0.0061    0.1203       0.0041
 ../results/ldsc/STAGE00DATA/mean_imputed/not_subsampled/munged/par01.sumstats.gz  ../results/ldsc/STAGE00DATA/mean_imputed/not_subsampled/munged/par16.sumstats.gz  0.6855  0.0618  11.0945   1.3345e-28  0.1502     0.0233  0.9942     0.0063    0.1905       0.0041
 ../results/ldsc/STAGE00DATA/mean_imputed/not_subsampled/munged/par01.sumstats.gz  ../results/ldsc/STAGE00DATA/mean_imputed/not_subsampled/munged/par17.sumstats.gz  0.6687  0.0635  10.5288   6.3671e-26  0.1869     0.0284  1.0076     0.0067    0.0995       0.0046
 ../results/ldsc/STAGE00DATA/mean_imputed/not_subsampled/munged/par01.sumstats.gz  ../results/ldsc/STAGE00DATA/mean_imputed/not_subsampled/munged/par18.sumstats.gz  0.7806  0.1064   7.3384   2.1610e-13  0.0782     0.0215  0.9992     0.0059    0.1580       0.0046
 ../results/ldsc/STAGE00DATA/mean_imputed/not_subsampled/munged/par01.sumstats.gz  ../results/ldsc/STAGE00DATA/mean_imputed/not_subsampled/munged/par19.sumstats.gz  0.8523  0.2065   4.1280   3.6599e-05  0.0457     0.0242  1.0031     0.0060    0.1226       0.0044
 ../results/ldsc/STAGE00DATA/mean_imputed/not_subsampled/munged/par01.sumstats.gz  ../results/ldsc/STAGE00DATA/mean_imputed/not_subsampled/munged/par20.sumstats.gz  0.7356  0.0513  14.3348   1.3256e-46  0.1785     0.0281  1.0007     0.0063    0.1575       0.0047
 ../results/ldsc/STAGE00DATA/mean_imputed/not_subsampled/munged/par01.sumstats.gz  ../results/ldsc/STAGE00DATA/mean_imputed/not_subsampled/munged/par21.sumstats.gz  0.8130  0.0956   8.5034   1.8407e-17  0.0827     0.0246  0.9944     0.0061    0.1803       0.0044
 ../results/ldsc/STAGE00DATA/mean_imputed/not_subsampled/munged/par01.sumstats.gz  ../results/ldsc/STAGE00DATA/mean_imputed/not_subsampled/munged/par22.sumstats.gz  0.7617  0.0533  14.2833   2.7821e-46  0.1848     0.0249  1.0109     0.0061    0.1093       0.0043
 ../results/ldsc/STAGE00DATA/mean_imputed/not_subsampled/munged/par01.sumstats.gz  ../results/ldsc/STAGE00DATA/mean_imputed/not_subsampled/munged/par23.sumstats.gz  0.9799  0.2077   4.7178   2.3844e-06  0.0487     0.0251  1.0022     0.0063    0.1529       0.0045
 ../results/ldsc/STAGE00DATA/mean_imputed/not_subsampled/munged/par01.sumstats.gz  ../results/ldsc/STAGE00DATA/mean_imputed/not_subsampled/munged/par24.sumstats.gz  0.7198  0.0726   9.9138   3.6248e-23  0.1397     0.0273  0.9930     0.0064    0.1294       0.0044
 ../results/ldsc/STAGE00DATA/mean_imputed/not_subsampled/munged/par01.sumstats.gz  ../results/ldsc/STAGE00DATA/mean_imputed/not_subsampled/munged/par25.sumstats.gz  0.9508  0.1957   4.8588   1.1813e-06  0.0504     0.0231  0.9946     0.0061    0.1647       0.0042
 ../results/ldsc/STAGE00DATA/mean_imputed/not_subsampled/munged/par01.sumstats.gz  ../results/ldsc/STAGE00DATA/mean_imputed/not_subsampled/munged/par26.sumstats.gz  2.0893  2.3294   0.8970   3.6974e-01  0.0097     0.0202  1.0004     0.0054    0.1471       0.0040
 ../results/ldsc/STAGE00DATA/mean_imputed/not_subsampled/munged/par01.sumstats.gz  ../results/ldsc/STAGE00DATA/mean_imputed/not_subsampled/munged/par27.sumstats.gz  1.5293  1.2286   1.2448   2.1321e-01  0.0141     0.0240  1.0064     0.0061    0.1053       0.0038
 ../results/ldsc/STAGE00DATA/mean_imputed/not_subsampled/munged/par01.sumstats.gz  ../results/ldsc/STAGE00DATA/mean_imputed/not_subsampled/munged/par28.sumstats.gz  0.8003  0.0916   8.7394   2.3429e-18  0.0995     0.0247  0.9945     0.0064    0.1216       0.0042
 ../results/ldsc/STAGE00DATA/mean_imputed/not_subsampled/munged/par01.sumstats.gz  ../results/ldsc/STAGE00DATA/mean_imputed/not_subsampled/munged/par29.sumstats.gz  0.9024  0.1561   5.7803   7.4564e-09  0.0652     0.0233  1.0019     0.0065    0.1364       0.0039
 ../results/ldsc/STAGE00DATA/mean_imputed/not_subsampled/munged/par01.sumstats.gz  ../results/ldsc/STAGE00DATA/mean_imputed/not_subsampled/munged/par30.sumstats.gz  1.2961  0.7566   1.7131   8.6692e-02  0.0181     0.0224  0.9977     0.0061    0.1029       0.0039
 ../results/ldsc/STAGE00DATA/mean_imputed/not_subsampled/munged/par01.sumstats.gz  ../results/ldsc/STAGE00DATA/mean_imputed/not_subsampled/munged/par31.sumstats.gz  1.2131  0.4527   2.6795   7.3738e-03  0.0251     0.0203  1.0129     0.0061    0.0898       0.0041

Analysis finished at Thu Mar 17 00:56:17 2022
Total time elapsed: 12.0m:15.52s
