*********************************************************************
* LD Score Regression (LDSC)
* Version 1.0.1
* (C) 2014-2019 Brendan Bulik-Sullivan and Hilary Finucane
* Broad Institute of MIT and Harvard / MIT Department of Mathematics
* GNU General Public License v3
*********************************************************************
Call: 
./ldsc.py \
--ref-ld-chr ../SAMPLE_DATA/eur_w_ld_chr/ \
--out ../results/ldsc/STAGE00DATA/mean_imputed/not_subsampled/rg/par06 \
--rg ../results/ldsc/STAGE00DATA/mean_imputed/not_subsampled/munged/par06.sumstats.gz,../results/ldsc/STAGE00DATA/mean_imputed/not_subsampled/munged/par07.sumstats.gz,../results/ldsc/STAGE00DATA/mean_imputed/not_subsampled/munged/par08.sumstats.gz,../results/ldsc/STAGE00DATA/mean_imputed/not_subsampled/munged/par09.sumstats.gz,../results/ldsc/STAGE00DATA/mean_imputed/not_subsampled/munged/par10.sumstats.gz,../results/ldsc/STAGE00DATA/mean_imputed/not_subsampled/munged/par11.sumstats.gz,../results/ldsc/STAGE00DATA/mean_imputed/not_subsampled/munged/par12.sumstats.gz,../results/ldsc/STAGE00DATA/mean_imputed/not_subsampled/munged/par13.sumstats.gz,../results/ldsc/STAGE00DATA/mean_imputed/not_subsampled/munged/par14.sumstats.gz,../results/ldsc/STAGE00DATA/mean_imputed/not_subsampled/munged/par15.sumstats.gz,../results/ldsc/STAGE00DATA/mean_imputed/not_subsampled/munged/par16.sumstats.gz,../results/ldsc/STAGE00DATA/mean_imputed/not_subsampled/munged/par17.sumstats.gz,../results/ldsc/STAGE00DATA/mean_imputed/not_subsampled/munged/par18.sumstats.gz,../results/ldsc/STAGE00DATA/mean_imputed/not_subsampled/munged/par19.sumstats.gz,../results/ldsc/STAGE00DATA/mean_imputed/not_subsampled/munged/par20.sumstats.gz,../results/ldsc/STAGE00DATA/mean_imputed/not_subsampled/munged/par21.sumstats.gz,../results/ldsc/STAGE00DATA/mean_imputed/not_subsampled/munged/par22.sumstats.gz,../results/ldsc/STAGE00DATA/mean_imputed/not_subsampled/munged/par23.sumstats.gz,../results/ldsc/STAGE00DATA/mean_imputed/not_subsampled/munged/par24.sumstats.gz,../results/ldsc/STAGE00DATA/mean_imputed/not_subsampled/munged/par25.sumstats.gz,../results/ldsc/STAGE00DATA/mean_imputed/not_subsampled/munged/par26.sumstats.gz,../results/ldsc/STAGE00DATA/mean_imputed/not_subsampled/munged/par27.sumstats.gz,../results/ldsc/STAGE00DATA/mean_imputed/not_subsampled/munged/par28.sumstats.gz,../results/ldsc/STAGE00DATA/mean_imputed/not_subsampled/munged/par29.sumstats.gz,../results/ldsc/STAGE00DATA/mean_imputed/not_subsampled/munged/par30.sumstats.gz,../results/ldsc/STAGE00DATA/mean_imputed/not_subsampled/munged/par31.sumstats.gz \
--w-ld-chr ../SAMPLE_DATA/eur_w_ld_chr/ 

Beginning analysis at Thu Mar 17 01:41:48 2022
Reading summary statistics from ../results/ldsc/STAGE00DATA/mean_imputed/not_subsampled/munged/par06.sumstats.gz ...
Read summary statistics for 7033675 SNPs.
Reading reference panel LD Score from ../SAMPLE_DATA/eur_w_ld_chr/[1-22] ... (ldscore_fromlist)
Read reference panel LD Scores for 1290028 SNPs.
Removing partitioned LD Scores with zero variance.
Reading regression weight LD Score from ../SAMPLE_DATA/eur_w_ld_chr/[1-22] ... (ldscore_fromlist)
Read regression weight LD Scores for 1290028 SNPs.
After merging with reference panel LD, 1174774 SNPs remain.
After merging with regression SNP LD, 1174774 SNPs remain.
Computing rg for phenotype 2/26
Reading summary statistics from ../results/ldsc/STAGE00DATA/mean_imputed/not_subsampled/munged/par07.sumstats.gz ...
Read summary statistics for 7033675 SNPs.
After merging with summary statistics, 1174774 SNPs remain.
1174774 SNPs with valid alleles.

Heritability of phenotype 1
---------------------------
Total Observed scale h2: 0.1028 (0.0229)
Lambda GC: 1.0496
Mean Chi^2: 1.0322
Intercept: 0.993 (0.0057)
Ratio < 0 (usually indicates GC correction).

Heritability of phenotype 2/26
------------------------------
Total Observed scale h2: 0.14 (0.0248)
Lambda GC: 1.0496
Mean Chi^2: 1.0477
Intercept: 0.9942 (0.0063)
Ratio < 0 (usually indicates GC correction).

Genetic Covariance
------------------
Total Observed scale gencov: 0.0818 (0.0142)
Mean z1*z2: 0.2424
Intercept: 0.2111 (0.0035)

Genetic Correlation
-------------------
Genetic Correlation: 0.6821 (0.0936)
Z-score: 7.2916
P: 3.0630e-13

Computing rg for phenotype 3/26
Reading summary statistics from ../results/ldsc/STAGE00DATA/mean_imputed/not_subsampled/munged/par08.sumstats.gz ...
Read summary statistics for 7033675 SNPs.
After merging with summary statistics, 1174774 SNPs remain.
1174774 SNPs with valid alleles.

Heritability of phenotype 3/26
------------------------------
Total Observed scale h2: 0.1826 (0.0249)
Lambda GC: 1.0802
Mean Chi^2: 1.0627
Intercept: 0.994 (0.0059)
Ratio < 0 (usually indicates GC correction).

Genetic Covariance
------------------
Total Observed scale gencov: 0.0864 (0.0133)
Mean z1*z2: 0.206
Intercept: 0.1722 (0.0034)

Genetic Correlation
-------------------
Genetic Correlation: 0.6304 (0.0767)
Z-score: 8.2238
P: 1.9710e-16

Computing rg for phenotype 4/26
Reading summary statistics from ../results/ldsc/STAGE00DATA/mean_imputed/not_subsampled/munged/par09.sumstats.gz ...
Read summary statistics for 7033675 SNPs.
After merging with summary statistics, 1174774 SNPs remain.
1174774 SNPs with valid alleles.

Heritability of phenotype 4/26
------------------------------
Total Observed scale h2: 0.0812 (0.0242)
Lambda GC: 1.0436
Mean Chi^2: 1.0305
Intercept: 0.9995 (0.0062)
Ratio < 0 (usually indicates GC correction).

Genetic Covariance
------------------
Total Observed scale gencov: 0.0538 (0.0132)
Mean z1*z2: 0.1937
Intercept: 0.1727 (0.0036)

Genetic Correlation
-------------------
Genetic Correlation: 0.5888 (0.1146)
Z-score: 5.1363
P: 2.8025e-07

Computing rg for phenotype 5/26
Reading summary statistics from ../results/ldsc/STAGE00DATA/mean_imputed/not_subsampled/munged/par10.sumstats.gz ...
Read summary statistics for 7033675 SNPs.
After merging with summary statistics, 1174774 SNPs remain.
1174774 SNPs with valid alleles.

Heritability of phenotype 5/26
------------------------------
Total Observed scale h2: 0.1718 (0.0295)
Lambda GC: 1.071
Mean Chi^2: 1.0608
Intercept: 0.9954 (0.0065)
Ratio < 0 (usually indicates GC correction).

Genetic Covariance
------------------
Total Observed scale gencov: 0.0851 (0.0143)
Mean z1*z2: 0.1894
Intercept: 0.1563 (0.0036)

Genetic Correlation
-------------------
Genetic Correlation: 0.6403 (0.0767)
Z-score: 8.3467
P: 7.0204e-17

Computing rg for phenotype 6/26
Reading summary statistics from ../results/ldsc/STAGE00DATA/mean_imputed/not_subsampled/munged/par11.sumstats.gz ...
Read summary statistics for 7033675 SNPs.
After merging with summary statistics, 1174774 SNPs remain.
1174774 SNPs with valid alleles.

Heritability of phenotype 6/26
------------------------------
Total Observed scale h2: 0.1466 (0.0264)
Lambda GC: 1.0772
Mean Chi^2: 1.0599
Intercept: 1.0042 (0.0061)
Ratio: 0.0709 (0.1015)

Genetic Covariance
------------------
Total Observed scale gencov: 0.0861 (0.0145)
Mean z1*z2: 0.1993
Intercept: 0.1662 (0.0035)

Genetic Correlation
-------------------
Genetic Correlation: 0.701 (0.0833)
Z-score: 8.4118
P: 4.0371e-17

Computing rg for phenotype 7/26
Reading summary statistics from ../results/ldsc/STAGE00DATA/mean_imputed/not_subsampled/munged/par12.sumstats.gz ...
Read summary statistics for 7033675 SNPs.
After merging with summary statistics, 1174774 SNPs remain.
1174774 SNPs with valid alleles.

Heritability of phenotype 7/26
------------------------------
Total Observed scale h2: 0.1172 (0.0254)
Lambda GC: 1.0436
Mean Chi^2: 1.0379
Intercept: 0.9927 (0.0062)
Ratio < 0 (usually indicates GC correction).

Genetic Covariance
------------------
Total Observed scale gencov: 0.112 (0.0217)
Mean z1*z2: 0.6435
Intercept: 0.6003 (0.0056)

Genetic Correlation
-------------------
Genetic Correlation: 1.0204 (0.0688)
Z-score: 14.8342
P: 8.8055e-50

Computing rg for phenotype 8/26
Reading summary statistics from ../results/ldsc/STAGE00DATA/mean_imputed/not_subsampled/munged/par13.sumstats.gz ...
Read summary statistics for 7033675 SNPs.
After merging with summary statistics, 1174774 SNPs remain.
1174774 SNPs with valid alleles.

Heritability of phenotype 8/26
------------------------------
Total Observed scale h2: 0.0357 (0.0229)
Lambda GC: 1.0225
Mean Chi^2: 1.0136
Intercept: 1.0001 (0.0056)
Ratio: 0.011 (0.4116)

Genetic Covariance
------------------
Total Observed scale gencov: 0.0623 (0.0176)
Mean z1*z2: 0.5111
Intercept: 0.4873 (0.0045)

Genetic Correlation
-------------------
Genetic Correlation: 1.029 (0.2162)
Z-score: 4.7598
P: 1.9380e-06

Computing rg for phenotype 9/26
Reading summary statistics from ../results/ldsc/STAGE00DATA/mean_imputed/not_subsampled/munged/par14.sumstats.gz ...
Read summary statistics for 7033675 SNPs.
After merging with summary statistics, 1174774 SNPs remain.
1174774 SNPs with valid alleles.

Heritability of phenotype 9/26
------------------------------
Total Observed scale h2: 0.124 (0.0242)
Lambda GC: 1.0527
Mean Chi^2: 1.0415
Intercept: 0.9942 (0.0065)
Ratio < 0 (usually indicates GC correction).

Genetic Covariance
------------------
Total Observed scale gencov: 0.0863 (0.0133)
Mean z1*z2: 0.2196
Intercept: 0.1866 (0.0033)

Genetic Correlation
-------------------
Genetic Correlation: 0.7643 (0.1019)
Z-score: 7.5003
P: 6.3676e-14

Computing rg for phenotype 10/26
Reading summary statistics from ../results/ldsc/STAGE00DATA/mean_imputed/not_subsampled/munged/par15.sumstats.gz ...
Read summary statistics for 7033675 SNPs.
After merging with summary statistics, 1174774 SNPs remain.
1174774 SNPs with valid alleles.

Heritability of phenotype 10/26
-------------------------------
Total Observed scale h2: 0.0574 (0.0217)
Lambda GC: 1.0225
Mean Chi^2: 1.0237
Intercept: 1.0021 (0.0061)
Ratio: 0.0867 (0.2557)

Genetic Covariance
------------------
Total Observed scale gencov: 0.0542 (0.014)
Mean z1*z2: 0.2407
Intercept: 0.22 (0.0039)

Genetic Correlation
-------------------
Genetic Correlation: 0.7056 (0.1461)
Z-score: 4.8288
P: 1.3735e-06

Computing rg for phenotype 11/26
Reading summary statistics from ../results/ldsc/STAGE00DATA/mean_imputed/not_subsampled/munged/par16.sumstats.gz ...
Read summary statistics for 7033675 SNPs.
After merging with summary statistics, 1174774 SNPs remain.
1174774 SNPs with valid alleles.

Heritability of phenotype 11/26
-------------------------------
Total Observed scale h2: 0.1502 (0.0233)
Lambda GC: 1.0679
Mean Chi^2: 1.0505
Intercept: 0.9942 (0.0063)
Ratio < 0 (usually indicates GC correction).

Genetic Covariance
------------------
Total Observed scale gencov: 0.0762 (0.0119)
Mean z1*z2: 0.1969
Intercept: 0.1672 (0.0033)

Genetic Correlation
-------------------
Genetic Correlation: 0.6129 (0.0757)
Z-score: 8.0959
P: 5.6840e-16

Computing rg for phenotype 12/26
Reading summary statistics from ../results/ldsc/STAGE00DATA/mean_imputed/not_subsampled/munged/par17.sumstats.gz ...
Read summary statistics for 7033675 SNPs.
After merging with summary statistics, 1174774 SNPs remain.
1174774 SNPs with valid alleles.

Heritability of phenotype 12/26
-------------------------------
Total Observed scale h2: 0.1869 (0.0284)
Lambda GC: 1.0957
Mean Chi^2: 1.0788
Intercept: 1.0076 (0.0067)
Ratio: 0.0963 (0.0856)

Genetic Covariance
------------------
Total Observed scale gencov: 0.1049 (0.0156)
Mean z1*z2: 0.2223
Intercept: 0.182 (0.0041)

Genetic Correlation
-------------------
Genetic Correlation: 0.7565 (0.0776)
Z-score: 9.7519
P: 1.8103e-22

Computing rg for phenotype 13/26
Reading summary statistics from ../results/ldsc/STAGE00DATA/mean_imputed/not_subsampled/munged/par18.sumstats.gz ...
Read summary statistics for 7033675 SNPs.
After merging with summary statistics, 1174774 SNPs remain.
1174774 SNPs with valid alleles.

Heritability of phenotype 13/26
-------------------------------
Total Observed scale h2: 0.0782 (0.0215)
Lambda GC: 1.0436
Mean Chi^2: 1.0289
Intercept: 0.9992 (0.0059)
Ratio < 0 (usually indicates GC correction).

Genetic Covariance
------------------
Total Observed scale gencov: 0.0476 (0.013)
Mean z1*z2: 0.1889
Intercept: 0.1704 (0.0036)

Genetic Correlation
-------------------
Genetic Correlation: 0.5308 (0.1137)
Z-score: 4.6673
P: 3.0520e-06

Computing rg for phenotype 14/26
Reading summary statistics from ../results/ldsc/STAGE00DATA/mean_imputed/not_subsampled/munged/par19.sumstats.gz ...
Read summary statistics for 7033675 SNPs.
After merging with summary statistics, 1174774 SNPs remain.
1174774 SNPs with valid alleles.

Heritability of phenotype 14/26
-------------------------------
Total Observed scale h2: 0.0457 (0.0242)
Lambda GC: 1.0195
Mean Chi^2: 1.0204
Intercept: 1.0031 (0.006)
Ratio: 0.1509 (0.2938)

Genetic Covariance
------------------
Total Observed scale gencov: 0.0468 (0.0123)
Mean z1*z2: 0.182
Intercept: 0.1637 (0.0035)

Genetic Correlation
-------------------
Genetic Correlation: 0.6831 (0.1615)
Z-score: 4.2302
P: 2.3344e-05

Computing rg for phenotype 15/26
Reading summary statistics from ../results/ldsc/STAGE00DATA/mean_imputed/not_subsampled/munged/par20.sumstats.gz ...
Read summary statistics for 7033675 SNPs.
After merging with summary statistics, 1174774 SNPs remain.
1174774 SNPs with valid alleles.

Heritability of phenotype 15/26
-------------------------------
Total Observed scale h2: 0.1785 (0.0281)
Lambda GC: 1.0741
Mean Chi^2: 1.0689
Intercept: 1.0007 (0.0063)
Ratio: 0.01 (0.0911)

Genetic Covariance
------------------
Total Observed scale gencov: 0.0729 (0.0144)
Mean z1*z2: 0.1993
Intercept: 0.1705 (0.0035)

Genetic Correlation
-------------------
Genetic Correlation: 0.5381 (0.0732)
Z-score: 7.3477
P: 2.0170e-13

Computing rg for phenotype 16/26
Reading summary statistics from ../results/ldsc/STAGE00DATA/mean_imputed/not_subsampled/munged/par21.sumstats.gz ...
Read summary statistics for 7033675 SNPs.
After merging with summary statistics, 1174774 SNPs remain.
1174774 SNPs with valid alleles.

Heritability of phenotype 16/26
-------------------------------
Total Observed scale h2: 0.0827 (0.0246)
Lambda GC: 1.0345
Mean Chi^2: 1.0258
Intercept: 0.9944 (0.0061)
Ratio < 0 (usually indicates GC correction).

Genetic Covariance
------------------
Total Observed scale gencov: 0.0624 (0.0125)
Mean z1*z2: 0.1823
Intercept: 0.1584 (0.0035)

Genetic Correlation
-------------------
Genetic Correlation: 0.676 (0.1113)
Z-score: 6.0739
P: 1.2487e-09

Computing rg for phenotype 17/26
Reading summary statistics from ../results/ldsc/STAGE00DATA/mean_imputed/not_subsampled/munged/par22.sumstats.gz ...
Read summary statistics for 7033675 SNPs.
After merging with summary statistics, 1174774 SNPs remain.
1174774 SNPs with valid alleles.

Heritability of phenotype 17/26
-------------------------------
Total Observed scale h2: 0.1848 (0.0249)
Lambda GC: 1.0988
Mean Chi^2: 1.0809
Intercept: 1.0109 (0.0061)
Ratio: 0.1343 (0.0757)

Genetic Covariance
------------------
Total Observed scale gencov: 0.1097 (0.0146)
Mean z1*z2: 0.2111
Intercept: 0.1688 (0.0032)

Genetic Correlation
-------------------
Genetic Correlation: 0.7955 (0.0885)
Z-score: 8.9926
P: 2.4154e-19

Computing rg for phenotype 18/26
Reading summary statistics from ../results/ldsc/STAGE00DATA/mean_imputed/not_subsampled/munged/par23.sumstats.gz ...
Read summary statistics for 7033675 SNPs.
After merging with summary statistics, 1174774 SNPs remain.
1174774 SNPs with valid alleles.

Heritability of phenotype 18/26
-------------------------------
Total Observed scale h2: 0.0487 (0.0251)
Lambda GC: 1.0255
Mean Chi^2: 1.0208
Intercept: 1.0022 (0.0063)
Ratio: 0.1053 (0.3017)

Genetic Covariance
------------------
Total Observed scale gencov: 0.0394 (0.0131)
Mean z1*z2: 0.1815
Intercept: 0.1665 (0.0035)

Genetic Correlation
-------------------
Genetic Correlation: 0.5565 (0.1479)
Z-score: 3.7633
P: 0.0002

Computing rg for phenotype 19/26
Reading summary statistics from ../results/ldsc/STAGE00DATA/mean_imputed/not_subsampled/munged/par24.sumstats.gz ...
Read summary statistics for 7033675 SNPs.
After merging with summary statistics, 1174774 SNPs remain.
1174774 SNPs with valid alleles.

Heritability of phenotype 19/26
-------------------------------
Total Observed scale h2: 0.1397 (0.0273)
Lambda GC: 1.0557
Mean Chi^2: 1.0477
Intercept: 0.993 (0.0064)
Ratio < 0 (usually indicates GC correction).

Genetic Covariance
------------------
Total Observed scale gencov: 0.1146 (0.0193)
Mean z1*z2: 0.4676
Intercept: 0.423 (0.0048)

Genetic Correlation
-------------------
Genetic Correlation: 0.9564 (0.0745)
Z-score: 12.8387
P: 9.9474e-38

Computing rg for phenotype 20/26
Reading summary statistics from ../results/ldsc/STAGE00DATA/mean_imputed/not_subsampled/munged/par25.sumstats.gz ...
Read summary statistics for 7033675 SNPs.
After merging with summary statistics, 1174774 SNPs remain.
1174774 SNPs with valid alleles.

Heritability of phenotype 20/26
-------------------------------
Total Observed scale h2: 0.0504 (0.0231)
Lambda GC: 1.0195
Mean Chi^2: 1.0136
Intercept: 0.9946 (0.0061)
Ratio < 0 (usually indicates GC correction).

Genetic Covariance
------------------
Total Observed scale gencov: 0.0721 (0.0192)
Mean z1*z2: 0.5427
Intercept: 0.5151 (0.0051)

Genetic Correlation
-------------------
Genetic Correlation: 1.0019 (0.1249)
Z-score: 8.0226
P: 1.0353e-15

Computing rg for phenotype 21/26
Reading summary statistics from ../results/ldsc/STAGE00DATA/mean_imputed/not_subsampled/munged/par26.sumstats.gz ...
Read summary statistics for 7033675 SNPs.
After merging with summary statistics, 1174774 SNPs remain.
1174774 SNPs with valid alleles.

Heritability of phenotype 21/26
-------------------------------
Total Observed scale h2: 0.0097 (0.0202)
Lambda GC: 1.0046
Mean Chi^2: 1.004
Intercept: 1.0004 (0.0054)
Ratio: 0.0938 (1.3327)

Genetic Covariance
------------------
Total Observed scale gencov: 0.0448 (0.0159)
Mean z1*z2: 0.439
Intercept: 0.4218 (0.0042)

Genetic Correlation
-------------------
Genetic Correlation: nan (nan) (rg out of bounds) 
Z-score: nan (nan) (rg out of bounds)
P: nan (nan) (rg out of bounds)
WARNING: rg was out of bounds.
This often means that h2 is not significantly different from zero.

Computing rg for phenotype 22/26
Reading summary statistics from ../results/ldsc/STAGE00DATA/mean_imputed/not_subsampled/munged/par27.sumstats.gz ...
Read summary statistics for 7033675 SNPs.
After merging with summary statistics, 1174774 SNPs remain.
1174774 SNPs with valid alleles.

Heritability of phenotype 22/26
-------------------------------
Total Observed scale h2: 0.0141 (0.024)
Lambda GC: 1.0165
Mean Chi^2: 1.0117
Intercept: 1.0064 (0.0061)
Ratio: 0.548 (0.5211)

Genetic Covariance
------------------
Total Observed scale gencov: 0.0511 (0.0175)
Mean z1*z2: 0.3686
Intercept: 0.349 (0.0045)

Genetic Correlation
-------------------
Genetic Correlation: nan (nan) (rg out of bounds) 
Z-score: nan (nan) (rg out of bounds)
P: nan (nan) (rg out of bounds)
WARNING: rg was out of bounds.
This often means that h2 is not significantly different from zero.

Computing rg for phenotype 23/26
Reading summary statistics from ../results/ldsc/STAGE00DATA/mean_imputed/not_subsampled/munged/par28.sumstats.gz ...
Read summary statistics for 7033675 SNPs.
After merging with summary statistics, 1174774 SNPs remain.
1174774 SNPs with valid alleles.

Heritability of phenotype 23/26
-------------------------------
Total Observed scale h2: 0.0995 (0.0247)
Lambda GC: 1.0405
Mean Chi^2: 1.0331
Intercept: 0.9945 (0.0064)
Ratio < 0 (usually indicates GC correction).

Genetic Covariance
------------------
Total Observed scale gencov: 0.0672 (0.0135)
Mean z1*z2: 0.226
Intercept: 0.2003 (0.0034)

Genetic Correlation
-------------------
Genetic Correlation: 0.6641 (0.0943)
Z-score: 7.0426
P: 1.8868e-12

Computing rg for phenotype 24/26
Reading summary statistics from ../results/ldsc/STAGE00DATA/mean_imputed/not_subsampled/munged/par29.sumstats.gz ...
Read summary statistics for 7033675 SNPs.
After merging with summary statistics, 1174774 SNPs remain.
1174774 SNPs with valid alleles.

Heritability of phenotype 24/26
-------------------------------
Total Observed scale h2: 0.0652 (0.0233)
Lambda GC: 1.0315
Mean Chi^2: 1.0267
Intercept: 1.0019 (0.0065)
Ratio: 0.0728 (0.2444)

Genetic Covariance
------------------
Total Observed scale gencov: 0.0637 (0.0116)
Mean z1*z2: 0.1902
Intercept: 0.1657 (0.0033)

Genetic Correlation
-------------------
Genetic Correlation: 0.7784 (0.1493)
Z-score: 5.2152
P: 1.8358e-07

Computing rg for phenotype 25/26
Reading summary statistics from ../results/ldsc/STAGE00DATA/mean_imputed/not_subsampled/munged/par30.sumstats.gz ...
Read summary statistics for 7033675 SNPs.
After merging with summary statistics, 1174774 SNPs remain.
1174774 SNPs with valid alleles.

Heritability of phenotype 25/26
-------------------------------
Total Observed scale h2: 0.0181 (0.0224)
Lambda GC: 1.0046
Mean Chi^2: 1.0046
Intercept: 0.9977 (0.0061)
Ratio < 0 (usually indicates GC correction).

Genetic Covariance
------------------
Total Observed scale gencov: 0.0348 (0.0133)
Mean z1*z2: 0.2188
Intercept: 0.2054 (0.0037)

Genetic Correlation
-------------------
Genetic Correlation: 0.8059 (0.4249)
Z-score: 1.8967
P: 0.0579

Computing rg for phenotype 26/26
Reading summary statistics from ../results/ldsc/STAGE00DATA/mean_imputed/not_subsampled/munged/par31.sumstats.gz ...
Read summary statistics for 7033675 SNPs.
After merging with summary statistics, 1174774 SNPs remain.
1174774 SNPs with valid alleles.

Heritability of phenotype 26/26
-------------------------------
Total Observed scale h2: 0.0251 (0.0203)
Lambda GC: 1.0195
Mean Chi^2: 1.0223
Intercept: 1.0129 (0.0061)
Ratio: 0.5777 (0.272)

Genetic Covariance
------------------
Total Observed scale gencov: 0.0453 (0.0125)
Mean z1*z2: 0.2198
Intercept: 0.2026 (0.0035)

Genetic Correlation
-------------------
Genetic Correlation: 0.8919 (0.3058)
Z-score: 2.9166
P: 0.0035


Summary of Genetic Correlation Results
                                                                               p1                                                                                p2      rg      se        z           p  h2_obs  h2_obs_se  h2_int  h2_int_se  gcov_int  gcov_int_se
 ../results/ldsc/STAGE00DATA/mean_imputed/not_subsampled/munged/par06.sumstats.gz  ../results/ldsc/STAGE00DATA/mean_imputed/not_subsampled/munged/par07.sumstats.gz  0.6821  0.0936   7.2916  3.0630e-13  0.1400     0.0248  0.9942     0.0063    0.2111       0.0035
 ../results/ldsc/STAGE00DATA/mean_imputed/not_subsampled/munged/par06.sumstats.gz  ../results/ldsc/STAGE00DATA/mean_imputed/not_subsampled/munged/par08.sumstats.gz  0.6304  0.0767   8.2238  1.9710e-16  0.1826     0.0249  0.9940     0.0059    0.1722       0.0034
 ../results/ldsc/STAGE00DATA/mean_imputed/not_subsampled/munged/par06.sumstats.gz  ../results/ldsc/STAGE00DATA/mean_imputed/not_subsampled/munged/par09.sumstats.gz  0.5888  0.1146   5.1363  2.8025e-07  0.0812     0.0242  0.9995     0.0062    0.1727       0.0036
 ../results/ldsc/STAGE00DATA/mean_imputed/not_subsampled/munged/par06.sumstats.gz  ../results/ldsc/STAGE00DATA/mean_imputed/not_subsampled/munged/par10.sumstats.gz  0.6403  0.0767   8.3467  7.0204e-17  0.1718     0.0295  0.9954     0.0065    0.1563       0.0036
 ../results/ldsc/STAGE00DATA/mean_imputed/not_subsampled/munged/par06.sumstats.gz  ../results/ldsc/STAGE00DATA/mean_imputed/not_subsampled/munged/par11.sumstats.gz  0.7010  0.0833   8.4118  4.0371e-17  0.1466     0.0264  1.0042     0.0061    0.1662       0.0035
 ../results/ldsc/STAGE00DATA/mean_imputed/not_subsampled/munged/par06.sumstats.gz  ../results/ldsc/STAGE00DATA/mean_imputed/not_subsampled/munged/par12.sumstats.gz  1.0204  0.0688  14.8342  8.8055e-50  0.1172     0.0254  0.9927     0.0062    0.6003       0.0056
 ../results/ldsc/STAGE00DATA/mean_imputed/not_subsampled/munged/par06.sumstats.gz  ../results/ldsc/STAGE00DATA/mean_imputed/not_subsampled/munged/par13.sumstats.gz  1.0290  0.2162   4.7598  1.9380e-06  0.0357     0.0229  1.0001     0.0056    0.4873       0.0045
 ../results/ldsc/STAGE00DATA/mean_imputed/not_subsampled/munged/par06.sumstats.gz  ../results/ldsc/STAGE00DATA/mean_imputed/not_subsampled/munged/par14.sumstats.gz  0.7643  0.1019   7.5003  6.3676e-14  0.1240     0.0242  0.9942     0.0065    0.1866       0.0033
 ../results/ldsc/STAGE00DATA/mean_imputed/not_subsampled/munged/par06.sumstats.gz  ../results/ldsc/STAGE00DATA/mean_imputed/not_subsampled/munged/par15.sumstats.gz  0.7056  0.1461   4.8288  1.3735e-06  0.0574     0.0217  1.0021     0.0061    0.2200       0.0039
 ../results/ldsc/STAGE00DATA/mean_imputed/not_subsampled/munged/par06.sumstats.gz  ../results/ldsc/STAGE00DATA/mean_imputed/not_subsampled/munged/par16.sumstats.gz  0.6129  0.0757   8.0959  5.6840e-16  0.1502     0.0233  0.9942     0.0063    0.1672       0.0033
 ../results/ldsc/STAGE00DATA/mean_imputed/not_subsampled/munged/par06.sumstats.gz  ../results/ldsc/STAGE00DATA/mean_imputed/not_subsampled/munged/par17.sumstats.gz  0.7565  0.0776   9.7519  1.8103e-22  0.1869     0.0284  1.0076     0.0067    0.1820       0.0041
 ../results/ldsc/STAGE00DATA/mean_imputed/not_subsampled/munged/par06.sumstats.gz  ../results/ldsc/STAGE00DATA/mean_imputed/not_subsampled/munged/par18.sumstats.gz  0.5308  0.1137   4.6673  3.0520e-06  0.0782     0.0215  0.9992     0.0059    0.1704       0.0036
 ../results/ldsc/STAGE00DATA/mean_imputed/not_subsampled/munged/par06.sumstats.gz  ../results/ldsc/STAGE00DATA/mean_imputed/not_subsampled/munged/par19.sumstats.gz  0.6831  0.1615   4.2302  2.3344e-05  0.0457     0.0242  1.0031     0.0060    0.1637       0.0035
 ../results/ldsc/STAGE00DATA/mean_imputed/not_subsampled/munged/par06.sumstats.gz  ../results/ldsc/STAGE00DATA/mean_imputed/not_subsampled/munged/par20.sumstats.gz  0.5381  0.0732   7.3477  2.0170e-13  0.1785     0.0281  1.0007     0.0063    0.1705       0.0035
 ../results/ldsc/STAGE00DATA/mean_imputed/not_subsampled/munged/par06.sumstats.gz  ../results/ldsc/STAGE00DATA/mean_imputed/not_subsampled/munged/par21.sumstats.gz  0.6760  0.1113   6.0739  1.2487e-09  0.0827     0.0246  0.9944     0.0061    0.1584       0.0035
 ../results/ldsc/STAGE00DATA/mean_imputed/not_subsampled/munged/par06.sumstats.gz  ../results/ldsc/STAGE00DATA/mean_imputed/not_subsampled/munged/par22.sumstats.gz  0.7955  0.0885   8.9926  2.4154e-19  0.1848     0.0249  1.0109     0.0061    0.1688       0.0032
 ../results/ldsc/STAGE00DATA/mean_imputed/not_subsampled/munged/par06.sumstats.gz  ../results/ldsc/STAGE00DATA/mean_imputed/not_subsampled/munged/par23.sumstats.gz  0.5565  0.1479   3.7633  1.6767e-04  0.0487     0.0251  1.0022     0.0063    0.1665       0.0035
 ../results/ldsc/STAGE00DATA/mean_imputed/not_subsampled/munged/par06.sumstats.gz  ../results/ldsc/STAGE00DATA/mean_imputed/not_subsampled/munged/par24.sumstats.gz  0.9564  0.0745  12.8387  9.9474e-38  0.1397     0.0273  0.9930     0.0064    0.4230       0.0048
 ../results/ldsc/STAGE00DATA/mean_imputed/not_subsampled/munged/par06.sumstats.gz  ../results/ldsc/STAGE00DATA/mean_imputed/not_subsampled/munged/par25.sumstats.gz  1.0019  0.1249   8.0226  1.0353e-15  0.0504     0.0231  0.9946     0.0061    0.5151       0.0051
 ../results/ldsc/STAGE00DATA/mean_imputed/not_subsampled/munged/par06.sumstats.gz  ../results/ldsc/STAGE00DATA/mean_imputed/not_subsampled/munged/par26.sumstats.gz  1.4191  1.3402   1.0589  2.8966e-01  0.0097     0.0202  1.0004     0.0054    0.4218       0.0042
 ../results/ldsc/STAGE00DATA/mean_imputed/not_subsampled/munged/par06.sumstats.gz  ../results/ldsc/STAGE00DATA/mean_imputed/not_subsampled/munged/par27.sumstats.gz  1.3421  0.8941   1.5012  1.3331e-01  0.0141     0.0240  1.0064     0.0061    0.3490       0.0045
 ../results/ldsc/STAGE00DATA/mean_imputed/not_subsampled/munged/par06.sumstats.gz  ../results/ldsc/STAGE00DATA/mean_imputed/not_subsampled/munged/par28.sumstats.gz  0.6641  0.0943   7.0426  1.8868e-12  0.0995     0.0247  0.9945     0.0064    0.2003       0.0034
 ../results/ldsc/STAGE00DATA/mean_imputed/not_subsampled/munged/par06.sumstats.gz  ../results/ldsc/STAGE00DATA/mean_imputed/not_subsampled/munged/par29.sumstats.gz  0.7784  0.1493   5.2152  1.8358e-07  0.0652     0.0233  1.0019     0.0065    0.1657       0.0033
 ../results/ldsc/STAGE00DATA/mean_imputed/not_subsampled/munged/par06.sumstats.gz  ../results/ldsc/STAGE00DATA/mean_imputed/not_subsampled/munged/par30.sumstats.gz  0.8059  0.4249   1.8967  5.7869e-02  0.0181     0.0224  0.9977     0.0061    0.2054       0.0037
 ../results/ldsc/STAGE00DATA/mean_imputed/not_subsampled/munged/par06.sumstats.gz  ../results/ldsc/STAGE00DATA/mean_imputed/not_subsampled/munged/par31.sumstats.gz  0.8919  0.3058   2.9166  3.5386e-03  0.0251     0.0203  1.0129     0.0061    0.2026       0.0035

Analysis finished at Thu Mar 17 01:51:50 2022
Total time elapsed: 10.0m:2.42s
