*********************************************************************
* LD Score Regression (LDSC)
* Version 1.0.1
* (C) 2014-2019 Brendan Bulik-Sullivan and Hilary Finucane
* Broad Institute of MIT and Harvard / MIT Department of Mathematics
* GNU General Public License v3
*********************************************************************
Call: 
./ldsc.py \
--ref-ld-chr ../SAMPLE_DATA/eur_w_ld_chr/ \
--out ../results/ldsc/STAGE00DATA/mean_imputed/not_subsampled/rg/par08 \
--rg ../results/ldsc/STAGE00DATA/mean_imputed/not_subsampled/munged/par08.sumstats.gz,../results/ldsc/STAGE00DATA/mean_imputed/not_subsampled/munged/par09.sumstats.gz,../results/ldsc/STAGE00DATA/mean_imputed/not_subsampled/munged/par10.sumstats.gz,../results/ldsc/STAGE00DATA/mean_imputed/not_subsampled/munged/par11.sumstats.gz,../results/ldsc/STAGE00DATA/mean_imputed/not_subsampled/munged/par12.sumstats.gz,../results/ldsc/STAGE00DATA/mean_imputed/not_subsampled/munged/par13.sumstats.gz,../results/ldsc/STAGE00DATA/mean_imputed/not_subsampled/munged/par14.sumstats.gz,../results/ldsc/STAGE00DATA/mean_imputed/not_subsampled/munged/par15.sumstats.gz,../results/ldsc/STAGE00DATA/mean_imputed/not_subsampled/munged/par16.sumstats.gz,../results/ldsc/STAGE00DATA/mean_imputed/not_subsampled/munged/par17.sumstats.gz,../results/ldsc/STAGE00DATA/mean_imputed/not_subsampled/munged/par18.sumstats.gz,../results/ldsc/STAGE00DATA/mean_imputed/not_subsampled/munged/par19.sumstats.gz,../results/ldsc/STAGE00DATA/mean_imputed/not_subsampled/munged/par20.sumstats.gz,../results/ldsc/STAGE00DATA/mean_imputed/not_subsampled/munged/par21.sumstats.gz,../results/ldsc/STAGE00DATA/mean_imputed/not_subsampled/munged/par22.sumstats.gz,../results/ldsc/STAGE00DATA/mean_imputed/not_subsampled/munged/par23.sumstats.gz,../results/ldsc/STAGE00DATA/mean_imputed/not_subsampled/munged/par24.sumstats.gz,../results/ldsc/STAGE00DATA/mean_imputed/not_subsampled/munged/par25.sumstats.gz,../results/ldsc/STAGE00DATA/mean_imputed/not_subsampled/munged/par26.sumstats.gz,../results/ldsc/STAGE00DATA/mean_imputed/not_subsampled/munged/par27.sumstats.gz,../results/ldsc/STAGE00DATA/mean_imputed/not_subsampled/munged/par28.sumstats.gz,../results/ldsc/STAGE00DATA/mean_imputed/not_subsampled/munged/par29.sumstats.gz,../results/ldsc/STAGE00DATA/mean_imputed/not_subsampled/munged/par30.sumstats.gz,../results/ldsc/STAGE00DATA/mean_imputed/not_subsampled/munged/par31.sumstats.gz \
--w-ld-chr ../SAMPLE_DATA/eur_w_ld_chr/ 

Beginning analysis at Thu Mar 17 02:01:08 2022
Reading summary statistics from ../results/ldsc/STAGE00DATA/mean_imputed/not_subsampled/munged/par08.sumstats.gz ...
Read summary statistics for 7033675 SNPs.
Reading reference panel LD Score from ../SAMPLE_DATA/eur_w_ld_chr/[1-22] ... (ldscore_fromlist)
Read reference panel LD Scores for 1290028 SNPs.
Removing partitioned LD Scores with zero variance.
Reading regression weight LD Score from ../SAMPLE_DATA/eur_w_ld_chr/[1-22] ... (ldscore_fromlist)
Read regression weight LD Scores for 1290028 SNPs.
After merging with reference panel LD, 1174774 SNPs remain.
After merging with regression SNP LD, 1174774 SNPs remain.
Computing rg for phenotype 2/24
Reading summary statistics from ../results/ldsc/STAGE00DATA/mean_imputed/not_subsampled/munged/par09.sumstats.gz ...
Read summary statistics for 7033675 SNPs.
After merging with summary statistics, 1174774 SNPs remain.
1174774 SNPs with valid alleles.

Heritability of phenotype 1
---------------------------
Total Observed scale h2: 0.1826 (0.0249)
Lambda GC: 1.0802
Mean Chi^2: 1.0627
Intercept: 0.994 (0.0059)
Ratio < 0 (usually indicates GC correction).

Heritability of phenotype 2/24
------------------------------
Total Observed scale h2: 0.0812 (0.0242)
Lambda GC: 1.0436
Mean Chi^2: 1.0305
Intercept: 0.9995 (0.0062)
Ratio < 0 (usually indicates GC correction).

Genetic Covariance
------------------
Total Observed scale gencov: 0.0916 (0.0152)
Mean z1*z2: 0.2706
Intercept: 0.2354 (0.0038)

Genetic Correlation
-------------------
Genetic Correlation: 0.7528 (0.0965)
Z-score: 7.7971
P: 6.3328e-15

Computing rg for phenotype 3/24
Reading summary statistics from ../results/ldsc/STAGE00DATA/mean_imputed/not_subsampled/munged/par10.sumstats.gz ...
Read summary statistics for 7033675 SNPs.
After merging with summary statistics, 1174774 SNPs remain.
1174774 SNPs with valid alleles.

Heritability of phenotype 3/24
------------------------------
Total Observed scale h2: 0.1718 (0.0295)
Lambda GC: 1.071
Mean Chi^2: 1.0608
Intercept: 0.9954 (0.0065)
Ratio < 0 (usually indicates GC correction).

Genetic Covariance
------------------
Total Observed scale gencov: 0.1236 (0.0165)
Mean z1*z2: 0.2611
Intercept: 0.2133 (0.0039)

Genetic Correlation
-------------------
Genetic Correlation: 0.6979 (0.0592)
Z-score: 11.7967
P: 4.0614e-32

Computing rg for phenotype 4/24
Reading summary statistics from ../results/ldsc/STAGE00DATA/mean_imputed/not_subsampled/munged/par11.sumstats.gz ...
Read summary statistics for 7033675 SNPs.
After merging with summary statistics, 1174774 SNPs remain.
1174774 SNPs with valid alleles.

Heritability of phenotype 4/24
------------------------------
Total Observed scale h2: 0.1466 (0.0264)
Lambda GC: 1.0772
Mean Chi^2: 1.0599
Intercept: 1.0042 (0.0061)
Ratio: 0.0709 (0.1015)

Genetic Covariance
------------------
Total Observed scale gencov: 0.1186 (0.015)
Mean z1*z2: 0.2558
Intercept: 0.2106 (0.0035)

Genetic Correlation
-------------------
Genetic Correlation: 0.7252 (0.0664)
Z-score: 10.9232
P: 8.9280e-28

Computing rg for phenotype 5/24
Reading summary statistics from ../results/ldsc/STAGE00DATA/mean_imputed/not_subsampled/munged/par12.sumstats.gz ...
Read summary statistics for 7033675 SNPs.
After merging with summary statistics, 1174774 SNPs remain.
1174774 SNPs with valid alleles.

Heritability of phenotype 5/24
------------------------------
Total Observed scale h2: 0.1172 (0.0254)
Lambda GC: 1.0436
Mean Chi^2: 1.0379
Intercept: 0.9927 (0.0062)
Ratio < 0 (usually indicates GC correction).

Genetic Covariance
------------------
Total Observed scale gencov: 0.0834 (0.0138)
Mean z1*z2: 0.2081
Intercept: 0.1756 (0.0037)

Genetic Correlation
-------------------
Genetic Correlation: 0.5699 (0.0699)
Z-score: 8.1517
P: 3.5871e-16

Computing rg for phenotype 6/24
Reading summary statistics from ../results/ldsc/STAGE00DATA/mean_imputed/not_subsampled/munged/par13.sumstats.gz ...
Read summary statistics for 7033675 SNPs.
After merging with summary statistics, 1174774 SNPs remain.
1174774 SNPs with valid alleles.

Heritability of phenotype 6/24
------------------------------
Total Observed scale h2: 0.0357 (0.0229)
Lambda GC: 1.0225
Mean Chi^2: 1.0136
Intercept: 1.0001 (0.0056)
Ratio: 0.011 (0.4116)

Genetic Covariance
------------------
Total Observed scale gencov: 0.0683 (0.0129)
Mean z1*z2: 0.2193
Intercept: 0.1928 (0.0031)

Genetic Correlation
-------------------
Genetic Correlation: 0.8457 (0.2344)
Z-score: 3.6084
P: 0.0003

Computing rg for phenotype 7/24
Reading summary statistics from ../results/ldsc/STAGE00DATA/mean_imputed/not_subsampled/munged/par14.sumstats.gz ...
Read summary statistics for 7033675 SNPs.
After merging with summary statistics, 1174774 SNPs remain.
1174774 SNPs with valid alleles.

Heritability of phenotype 7/24
------------------------------
Total Observed scale h2: 0.124 (0.0242)
Lambda GC: 1.0527
Mean Chi^2: 1.0415
Intercept: 0.9942 (0.0065)
Ratio < 0 (usually indicates GC correction).

Genetic Covariance
------------------
Total Observed scale gencov: 0.0895 (0.0143)
Mean z1*z2: 0.2182
Intercept: 0.1841 (0.0032)

Genetic Correlation
-------------------
Genetic Correlation: 0.5944 (0.0679)
Z-score: 8.7568
P: 2.0080e-18

Computing rg for phenotype 8/24
Reading summary statistics from ../results/ldsc/STAGE00DATA/mean_imputed/not_subsampled/munged/par15.sumstats.gz ...
Read summary statistics for 7033675 SNPs.
After merging with summary statistics, 1174774 SNPs remain.
1174774 SNPs with valid alleles.

Heritability of phenotype 8/24
------------------------------
Total Observed scale h2: 0.0574 (0.0217)
Lambda GC: 1.0225
Mean Chi^2: 1.0237
Intercept: 1.0021 (0.0061)
Ratio: 0.0867 (0.2557)

Genetic Covariance
------------------
Total Observed scale gencov: 0.0598 (0.0129)
Mean z1*z2: 0.2116
Intercept: 0.1891 (0.0037)

Genetic Correlation
-------------------
Genetic Correlation: 0.5839 (0.1206)
Z-score: 4.8419
P: 1.2863e-06

Computing rg for phenotype 9/24
Reading summary statistics from ../results/ldsc/STAGE00DATA/mean_imputed/not_subsampled/munged/par16.sumstats.gz ...
Read summary statistics for 7033675 SNPs.
After merging with summary statistics, 1174774 SNPs remain.
1174774 SNPs with valid alleles.

Heritability of phenotype 9/24
------------------------------
Total Observed scale h2: 0.1502 (0.0233)
Lambda GC: 1.0679
Mean Chi^2: 1.0505
Intercept: 0.9942 (0.0063)
Ratio < 0 (usually indicates GC correction).

Genetic Covariance
------------------
Total Observed scale gencov: 0.1498 (0.0222)
Mean z1*z2: 0.7735
Intercept: 0.7173 (0.0057)

Genetic Correlation
-------------------
Genetic Correlation: 0.9044 (0.0339)
Z-score: 26.7024
P: 4.4096e-157

Computing rg for phenotype 10/24
Reading summary statistics from ../results/ldsc/STAGE00DATA/mean_imputed/not_subsampled/munged/par17.sumstats.gz ...
Read summary statistics for 7033675 SNPs.
After merging with summary statistics, 1174774 SNPs remain.
1174774 SNPs with valid alleles.

Heritability of phenotype 10/24
-------------------------------
Total Observed scale h2: 0.1869 (0.0284)
Lambda GC: 1.0957
Mean Chi^2: 1.0788
Intercept: 1.0076 (0.0067)
Ratio: 0.0963 (0.0856)

Genetic Covariance
------------------
Total Observed scale gencov: 0.1589 (0.0201)
Mean z1*z2: 0.4725
Intercept: 0.4122 (0.0046)

Genetic Correlation
-------------------
Genetic Correlation: 0.86 (0.0524)
Z-score: 16.4168
P: 1.4501e-60

Computing rg for phenotype 11/24
Reading summary statistics from ../results/ldsc/STAGE00DATA/mean_imputed/not_subsampled/munged/par18.sumstats.gz ...
Read summary statistics for 7033675 SNPs.
After merging with summary statistics, 1174774 SNPs remain.
1174774 SNPs with valid alleles.

Heritability of phenotype 11/24
-------------------------------
Total Observed scale h2: 0.0782 (0.0215)
Lambda GC: 1.0436
Mean Chi^2: 1.0289
Intercept: 0.9992 (0.0059)
Ratio < 0 (usually indicates GC correction).

Genetic Covariance
------------------
Total Observed scale gencov: 0.0811 (0.0147)
Mean z1*z2: 0.2777
Intercept: 0.2466 (0.0039)

Genetic Correlation
-------------------
Genetic Correlation: 0.6785 (0.0822)
Z-score: 8.2511
P: 1.5697e-16

Computing rg for phenotype 12/24
Reading summary statistics from ../results/ldsc/STAGE00DATA/mean_imputed/not_subsampled/munged/par19.sumstats.gz ...
Read summary statistics for 7033675 SNPs.
After merging with summary statistics, 1174774 SNPs remain.
1174774 SNPs with valid alleles.

Heritability of phenotype 12/24
-------------------------------
Total Observed scale h2: 0.0457 (0.0242)
Lambda GC: 1.0195
Mean Chi^2: 1.0204
Intercept: 1.0031 (0.006)
Ratio: 0.1509 (0.2938)

Genetic Covariance
------------------
Total Observed scale gencov: 0.074 (0.0138)
Mean z1*z2: 0.2103
Intercept: 0.1819 (0.0034)

Genetic Correlation
-------------------
Genetic Correlation: 0.8103 (0.1746)
Z-score: 4.641
P: 3.4681e-06

Computing rg for phenotype 13/24
Reading summary statistics from ../results/ldsc/STAGE00DATA/mean_imputed/not_subsampled/munged/par20.sumstats.gz ...
Read summary statistics for 7033675 SNPs.
After merging with summary statistics, 1174774 SNPs remain.
1174774 SNPs with valid alleles.

Heritability of phenotype 13/24
-------------------------------
Total Observed scale h2: 0.1785 (0.0281)
Lambda GC: 1.0741
Mean Chi^2: 1.0689
Intercept: 1.0007 (0.0063)
Ratio: 0.01 (0.0911)

Genetic Covariance
------------------
Total Observed scale gencov: 0.1225 (0.0152)
Mean z1*z2: 0.237
Intercept: 0.1895 (0.0036)

Genetic Correlation
-------------------
Genetic Correlation: 0.6784 (0.0598)
Z-score: 11.3405
P: 8.2705e-30

Computing rg for phenotype 14/24
Reading summary statistics from ../results/ldsc/STAGE00DATA/mean_imputed/not_subsampled/munged/par21.sumstats.gz ...
Read summary statistics for 7033675 SNPs.
After merging with summary statistics, 1174774 SNPs remain.
1174774 SNPs with valid alleles.

Heritability of phenotype 14/24
-------------------------------
Total Observed scale h2: 0.0827 (0.0246)
Lambda GC: 1.0345
Mean Chi^2: 1.0258
Intercept: 0.9944 (0.0061)
Ratio < 0 (usually indicates GC correction).

Genetic Covariance
------------------
Total Observed scale gencov: 0.0891 (0.0147)
Mean z1*z2: 0.2602
Intercept: 0.2262 (0.0037)

Genetic Correlation
-------------------
Genetic Correlation: 0.7251 (0.0951)
Z-score: 7.6286
P: 2.3731e-14

Computing rg for phenotype 15/24
Reading summary statistics from ../results/ldsc/STAGE00DATA/mean_imputed/not_subsampled/munged/par22.sumstats.gz ...
Read summary statistics for 7033675 SNPs.
After merging with summary statistics, 1174774 SNPs remain.
1174774 SNPs with valid alleles.

Heritability of phenotype 15/24
-------------------------------
Total Observed scale h2: 0.1848 (0.0249)
Lambda GC: 1.0988
Mean Chi^2: 1.0809
Intercept: 1.0109 (0.0061)
Ratio: 0.1343 (0.0757)

Genetic Covariance
------------------
Total Observed scale gencov: 0.142 (0.0154)
Mean z1*z2: 0.287
Intercept: 0.2325 (0.0037)

Genetic Correlation
-------------------
Genetic Correlation: 0.7731 (0.055)
Z-score: 14.0688
P: 5.9095e-45

Computing rg for phenotype 16/24
Reading summary statistics from ../results/ldsc/STAGE00DATA/mean_imputed/not_subsampled/munged/par23.sumstats.gz ...
Read summary statistics for 7033675 SNPs.
After merging with summary statistics, 1174774 SNPs remain.
1174774 SNPs with valid alleles.

Heritability of phenotype 16/24
-------------------------------
Total Observed scale h2: 0.0487 (0.0251)
Lambda GC: 1.0255
Mean Chi^2: 1.0208
Intercept: 1.0022 (0.0063)
Ratio: 0.1053 (0.3017)

Genetic Covariance
------------------
Total Observed scale gencov: 0.0721 (0.0133)
Mean z1*z2: 0.2101
Intercept: 0.1827 (0.0035)

Genetic Correlation
-------------------
Genetic Correlation: 0.7648 (0.1561)
Z-score: 4.8995
P: 9.6093e-07

Computing rg for phenotype 17/24
Reading summary statistics from ../results/ldsc/STAGE00DATA/mean_imputed/not_subsampled/munged/par24.sumstats.gz ...
Read summary statistics for 7033675 SNPs.
After merging with summary statistics, 1174774 SNPs remain.
1174774 SNPs with valid alleles.

Heritability of phenotype 17/24
-------------------------------
Total Observed scale h2: 0.1397 (0.0273)
Lambda GC: 1.0557
Mean Chi^2: 1.0477
Intercept: 0.993 (0.0064)
Ratio < 0 (usually indicates GC correction).

Genetic Covariance
------------------
Total Observed scale gencov: 0.0806 (0.0132)
Mean z1*z2: 0.226
Intercept: 0.1942 (0.0034)

Genetic Correlation
-------------------
Genetic Correlation: 0.5047 (0.0589)
Z-score: 8.566
P: 1.0717e-17

Computing rg for phenotype 18/24
Reading summary statistics from ../results/ldsc/STAGE00DATA/mean_imputed/not_subsampled/munged/par25.sumstats.gz ...
Read summary statistics for 7033675 SNPs.
After merging with summary statistics, 1174774 SNPs remain.
1174774 SNPs with valid alleles.

Heritability of phenotype 18/24
-------------------------------
Total Observed scale h2: 0.0504 (0.0231)
Lambda GC: 1.0195
Mean Chi^2: 1.0136
Intercept: 0.9946 (0.0061)
Ratio < 0 (usually indicates GC correction).

Genetic Covariance
------------------
Total Observed scale gencov: 0.0749 (0.0136)
Mean z1*z2: 0.2125
Intercept: 0.184 (0.0035)

Genetic Correlation
-------------------
Genetic Correlation: 0.7815 (0.1453)
Z-score: 5.3775
P: 7.5526e-08

Computing rg for phenotype 19/24
Reading summary statistics from ../results/ldsc/STAGE00DATA/mean_imputed/not_subsampled/munged/par26.sumstats.gz ...
Read summary statistics for 7033675 SNPs.
After merging with summary statistics, 1174774 SNPs remain.
1174774 SNPs with valid alleles.

Heritability of phenotype 19/24
-------------------------------
Total Observed scale h2: 0.0097 (0.0202)
Lambda GC: 1.0046
Mean Chi^2: 1.004
Intercept: 1.0004 (0.0054)
Ratio: 0.0938 (1.3327)

Genetic Covariance
------------------
Total Observed scale gencov: 0.0593 (0.0119)
Mean z1*z2: 0.2062
Intercept: 0.1834 (0.003)

Genetic Correlation
-------------------
Genetic Correlation: nan (nan) (rg out of bounds) 
Z-score: nan (nan) (rg out of bounds)
P: nan (nan) (rg out of bounds)
WARNING: rg was out of bounds.
This often means that h2 is not significantly different from zero.

Computing rg for phenotype 20/24
Reading summary statistics from ../results/ldsc/STAGE00DATA/mean_imputed/not_subsampled/munged/par27.sumstats.gz ...
Read summary statistics for 7033675 SNPs.
After merging with summary statistics, 1174774 SNPs remain.
1174774 SNPs with valid alleles.

Heritability of phenotype 20/24
-------------------------------
Total Observed scale h2: 0.0141 (0.024)
Lambda GC: 1.0165
Mean Chi^2: 1.0117
Intercept: 1.0064 (0.0061)
Ratio: 0.548 (0.5211)

Genetic Covariance
------------------
Total Observed scale gencov: 0.0501 (0.0129)
Mean z1*z2: 0.2211
Intercept: 0.2019 (0.0033)

Genetic Correlation
-------------------
Genetic Correlation: 0.9871 (0.7309)
Z-score: 1.3505
P: 0.1769

Computing rg for phenotype 21/24
Reading summary statistics from ../results/ldsc/STAGE00DATA/mean_imputed/not_subsampled/munged/par28.sumstats.gz ...
Read summary statistics for 7033675 SNPs.
After merging with summary statistics, 1174774 SNPs remain.
1174774 SNPs with valid alleles.

Heritability of phenotype 21/24
-------------------------------
Total Observed scale h2: 0.0995 (0.0247)
Lambda GC: 1.0405
Mean Chi^2: 1.0331
Intercept: 0.9945 (0.0064)
Ratio < 0 (usually indicates GC correction).

Genetic Covariance
------------------
Total Observed scale gencov: 0.0803 (0.0135)
Mean z1*z2: 0.2152
Intercept: 0.1845 (0.0032)

Genetic Correlation
-------------------
Genetic Correlation: 0.5959 (0.0738)
Z-score: 8.0704
P: 7.0058e-16

Computing rg for phenotype 22/24
Reading summary statistics from ../results/ldsc/STAGE00DATA/mean_imputed/not_subsampled/munged/par29.sumstats.gz ...
Read summary statistics for 7033675 SNPs.
After merging with summary statistics, 1174774 SNPs remain.
1174774 SNPs with valid alleles.

Heritability of phenotype 22/24
-------------------------------
Total Observed scale h2: 0.0652 (0.0233)
Lambda GC: 1.0315
Mean Chi^2: 1.0267
Intercept: 1.0019 (0.0065)
Ratio: 0.0728 (0.2444)

Genetic Covariance
------------------
Total Observed scale gencov: 0.0707 (0.0124)
Mean z1*z2: 0.2111
Intercept: 0.1841 (0.0032)

Genetic Correlation
-------------------
Genetic Correlation: 0.6483 (0.1059)
Z-score: 6.1246
P: 9.0930e-10

Computing rg for phenotype 23/24
Reading summary statistics from ../results/ldsc/STAGE00DATA/mean_imputed/not_subsampled/munged/par30.sumstats.gz ...
Read summary statistics for 7033675 SNPs.
After merging with summary statistics, 1174774 SNPs remain.
1174774 SNPs with valid alleles.

Heritability of phenotype 23/24
-------------------------------
Total Observed scale h2: 0.0181 (0.0224)
Lambda GC: 1.0046
Mean Chi^2: 1.0046
Intercept: 0.9977 (0.0061)
Ratio < 0 (usually indicates GC correction).

Genetic Covariance
------------------
Total Observed scale gencov: 0.0304 (0.0124)
Mean z1*z2: 0.1932
Intercept: 0.1817 (0.0035)

Genetic Correlation
-------------------
Genetic Correlation: 0.5289 (0.2992)
Z-score: 1.768
P: 0.0771

Computing rg for phenotype 24/24
Reading summary statistics from ../results/ldsc/STAGE00DATA/mean_imputed/not_subsampled/munged/par31.sumstats.gz ...
Read summary statistics for 7033675 SNPs.
After merging with summary statistics, 1174774 SNPs remain.
1174774 SNPs with valid alleles.

Heritability of phenotype 24/24
-------------------------------
Total Observed scale h2: 0.0251 (0.0203)
Lambda GC: 1.0195
Mean Chi^2: 1.0223
Intercept: 1.0129 (0.0061)
Ratio: 0.5777 (0.272)

Genetic Covariance
------------------
Total Observed scale gencov: 0.063 (0.0126)
Mean z1*z2: 0.2077
Intercept: 0.1839 (0.0035)

Genetic Correlation
-------------------
Genetic Correlation: 0.9301 (0.3329)
Z-score: 2.7937
P: 0.0052


Summary of Genetic Correlation Results
                                                                               p1                                                                                p2      rg      se        z            p  h2_obs  h2_obs_se  h2_int  h2_int_se  gcov_int  gcov_int_se
 ../results/ldsc/STAGE00DATA/mean_imputed/not_subsampled/munged/par08.sumstats.gz  ../results/ldsc/STAGE00DATA/mean_imputed/not_subsampled/munged/par09.sumstats.gz  0.7528  0.0965   7.7971   6.3328e-15  0.0812     0.0242  0.9995     0.0062    0.2354       0.0038
 ../results/ldsc/STAGE00DATA/mean_imputed/not_subsampled/munged/par08.sumstats.gz  ../results/ldsc/STAGE00DATA/mean_imputed/not_subsampled/munged/par10.sumstats.gz  0.6979  0.0592  11.7967   4.0614e-32  0.1718     0.0295  0.9954     0.0065    0.2133       0.0039
 ../results/ldsc/STAGE00DATA/mean_imputed/not_subsampled/munged/par08.sumstats.gz  ../results/ldsc/STAGE00DATA/mean_imputed/not_subsampled/munged/par11.sumstats.gz  0.7252  0.0664  10.9232   8.9280e-28  0.1466     0.0264  1.0042     0.0061    0.2106       0.0035
 ../results/ldsc/STAGE00DATA/mean_imputed/not_subsampled/munged/par08.sumstats.gz  ../results/ldsc/STAGE00DATA/mean_imputed/not_subsampled/munged/par12.sumstats.gz  0.5699  0.0699   8.1517   3.5871e-16  0.1172     0.0254  0.9927     0.0062    0.1756       0.0037
 ../results/ldsc/STAGE00DATA/mean_imputed/not_subsampled/munged/par08.sumstats.gz  ../results/ldsc/STAGE00DATA/mean_imputed/not_subsampled/munged/par13.sumstats.gz  0.8457  0.2344   3.6084   3.0814e-04  0.0357     0.0229  1.0001     0.0056    0.1928       0.0031
 ../results/ldsc/STAGE00DATA/mean_imputed/not_subsampled/munged/par08.sumstats.gz  ../results/ldsc/STAGE00DATA/mean_imputed/not_subsampled/munged/par14.sumstats.gz  0.5944  0.0679   8.7568   2.0080e-18  0.1240     0.0242  0.9942     0.0065    0.1841       0.0032
 ../results/ldsc/STAGE00DATA/mean_imputed/not_subsampled/munged/par08.sumstats.gz  ../results/ldsc/STAGE00DATA/mean_imputed/not_subsampled/munged/par15.sumstats.gz  0.5839  0.1206   4.8419   1.2863e-06  0.0574     0.0217  1.0021     0.0061    0.1891       0.0037
 ../results/ldsc/STAGE00DATA/mean_imputed/not_subsampled/munged/par08.sumstats.gz  ../results/ldsc/STAGE00DATA/mean_imputed/not_subsampled/munged/par16.sumstats.gz  0.9044  0.0339  26.7024  4.4096e-157  0.1502     0.0233  0.9942     0.0063    0.7173       0.0057
 ../results/ldsc/STAGE00DATA/mean_imputed/not_subsampled/munged/par08.sumstats.gz  ../results/ldsc/STAGE00DATA/mean_imputed/not_subsampled/munged/par17.sumstats.gz  0.8600  0.0524  16.4168   1.4501e-60  0.1869     0.0284  1.0076     0.0067    0.4122       0.0046
 ../results/ldsc/STAGE00DATA/mean_imputed/not_subsampled/munged/par08.sumstats.gz  ../results/ldsc/STAGE00DATA/mean_imputed/not_subsampled/munged/par18.sumstats.gz  0.6785  0.0822   8.2511   1.5697e-16  0.0782     0.0215  0.9992     0.0059    0.2466       0.0039
 ../results/ldsc/STAGE00DATA/mean_imputed/not_subsampled/munged/par08.sumstats.gz  ../results/ldsc/STAGE00DATA/mean_imputed/not_subsampled/munged/par19.sumstats.gz  0.8103  0.1746   4.6410   3.4681e-06  0.0457     0.0242  1.0031     0.0060    0.1819       0.0034
 ../results/ldsc/STAGE00DATA/mean_imputed/not_subsampled/munged/par08.sumstats.gz  ../results/ldsc/STAGE00DATA/mean_imputed/not_subsampled/munged/par20.sumstats.gz  0.6784  0.0598  11.3405   8.2705e-30  0.1785     0.0281  1.0007     0.0063    0.1895       0.0036
 ../results/ldsc/STAGE00DATA/mean_imputed/not_subsampled/munged/par08.sumstats.gz  ../results/ldsc/STAGE00DATA/mean_imputed/not_subsampled/munged/par21.sumstats.gz  0.7251  0.0951   7.6286   2.3731e-14  0.0827     0.0246  0.9944     0.0061    0.2262       0.0037
 ../results/ldsc/STAGE00DATA/mean_imputed/not_subsampled/munged/par08.sumstats.gz  ../results/ldsc/STAGE00DATA/mean_imputed/not_subsampled/munged/par22.sumstats.gz  0.7731  0.0550  14.0688   5.9095e-45  0.1848     0.0249  1.0109     0.0061    0.2325       0.0037
 ../results/ldsc/STAGE00DATA/mean_imputed/not_subsampled/munged/par08.sumstats.gz  ../results/ldsc/STAGE00DATA/mean_imputed/not_subsampled/munged/par23.sumstats.gz  0.7648  0.1561   4.8995   9.6093e-07  0.0487     0.0251  1.0022     0.0063    0.1827       0.0035
 ../results/ldsc/STAGE00DATA/mean_imputed/not_subsampled/munged/par08.sumstats.gz  ../results/ldsc/STAGE00DATA/mean_imputed/not_subsampled/munged/par24.sumstats.gz  0.5047  0.0589   8.5660   1.0717e-17  0.1397     0.0273  0.9930     0.0064    0.1942       0.0034
 ../results/ldsc/STAGE00DATA/mean_imputed/not_subsampled/munged/par08.sumstats.gz  ../results/ldsc/STAGE00DATA/mean_imputed/not_subsampled/munged/par25.sumstats.gz  0.7815  0.1453   5.3775   7.5526e-08  0.0504     0.0231  0.9946     0.0061    0.1840       0.0035
 ../results/ldsc/STAGE00DATA/mean_imputed/not_subsampled/munged/par08.sumstats.gz  ../results/ldsc/STAGE00DATA/mean_imputed/not_subsampled/munged/par26.sumstats.gz  1.4095  1.5229   0.9255   3.5468e-01  0.0097     0.0202  1.0004     0.0054    0.1834       0.0030
 ../results/ldsc/STAGE00DATA/mean_imputed/not_subsampled/munged/par08.sumstats.gz  ../results/ldsc/STAGE00DATA/mean_imputed/not_subsampled/munged/par27.sumstats.gz  0.9871  0.7309   1.3505   1.7686e-01  0.0141     0.0240  1.0064     0.0061    0.2019       0.0033
 ../results/ldsc/STAGE00DATA/mean_imputed/not_subsampled/munged/par08.sumstats.gz  ../results/ldsc/STAGE00DATA/mean_imputed/not_subsampled/munged/par28.sumstats.gz  0.5959  0.0738   8.0704   7.0058e-16  0.0995     0.0247  0.9945     0.0064    0.1845       0.0032
 ../results/ldsc/STAGE00DATA/mean_imputed/not_subsampled/munged/par08.sumstats.gz  ../results/ldsc/STAGE00DATA/mean_imputed/not_subsampled/munged/par29.sumstats.gz  0.6483  0.1059   6.1246   9.0930e-10  0.0652     0.0233  1.0019     0.0065    0.1841       0.0032
 ../results/ldsc/STAGE00DATA/mean_imputed/not_subsampled/munged/par08.sumstats.gz  ../results/ldsc/STAGE00DATA/mean_imputed/not_subsampled/munged/par30.sumstats.gz  0.5289  0.2992   1.7680   7.7060e-02  0.0181     0.0224  0.9977     0.0061    0.1817       0.0035
 ../results/ldsc/STAGE00DATA/mean_imputed/not_subsampled/munged/par08.sumstats.gz  ../results/ldsc/STAGE00DATA/mean_imputed/not_subsampled/munged/par31.sumstats.gz  0.9301  0.3329   2.7937   5.2115e-03  0.0251     0.0203  1.0129     0.0061    0.1839       0.0035

Analysis finished at Thu Mar 17 02:10:25 2022
Total time elapsed: 9.0m:17.04s
