*********************************************************************
* LD Score Regression (LDSC)
* Version 1.0.1
* (C) 2014-2019 Brendan Bulik-Sullivan and Hilary Finucane
* Broad Institute of MIT and Harvard / MIT Department of Mathematics
* GNU General Public License v3
*********************************************************************
Call: 
./ldsc.py \
--ref-ld-chr ../SAMPLE_DATA/eur_w_ld_chr/ \
--out ../results/ldsc/STAGE00DATA/mean_imputed/not_subsampled/rg/par17 \
--rg ../results/ldsc/STAGE00DATA/mean_imputed/not_subsampled/munged/par17.sumstats.gz,../results/ldsc/face/munged/par18.sumstats.gz,../results/ldsc/face/munged/par19.sumstats.gz,../results/ldsc/face/munged/par20.sumstats.gz,../results/ldsc/face/munged/par21.sumstats.gz,../results/ldsc/face/munged/par22.sumstats.gz,../results/ldsc/face/munged/par23.sumstats.gz,../results/ldsc/face/munged/par24.sumstats.gz,../results/ldsc/face/munged/par25.sumstats.gz,../results/ldsc/face/munged/par26.sumstats.gz,../results/ldsc/face/munged/par27.sumstats.gz,../results/ldsc/face/munged/par28.sumstats.gz,../results/ldsc/face/munged/par29.sumstats.gz,../results/ldsc/face/munged/par30.sumstats.gz,../results/ldsc/face/munged/par31.sumstats.gz,../results/ldsc/face/munged/par32.sumstats.gz,../results/ldsc/face/munged/par33.sumstats.gz,../results/ldsc/face/munged/par34.sumstats.gz,../results/ldsc/face/munged/par35.sumstats.gz,../results/ldsc/face/munged/par36.sumstats.gz,../results/ldsc/face/munged/par37.sumstats.gz,../results/ldsc/face/munged/par38.sumstats.gz,../results/ldsc/face/munged/par39.sumstats.gz,../results/ldsc/face/munged/par40.sumstats.gz,../results/ldsc/face/munged/par41.sumstats.gz,../results/ldsc/face/munged/par42.sumstats.gz,../results/ldsc/face/munged/par43.sumstats.gz,../results/ldsc/face/munged/par44.sumstats.gz,../results/ldsc/face/munged/par45.sumstats.gz,../results/ldsc/face/munged/par46.sumstats.gz,../results/ldsc/face/munged/par47.sumstats.gz,../results/ldsc/face/munged/par48.sumstats.gz,../results/ldsc/face/munged/par49.sumstats.gz,../results/ldsc/face/munged/par50.sumstats.gz,../results/ldsc/face/munged/par51.sumstats.gz,../results/ldsc/face/munged/par52.sumstats.gz,../results/ldsc/face/munged/par53.sumstats.gz,../results/ldsc/face/munged/par54.sumstats.gz,../results/ldsc/face/munged/par55.sumstats.gz,../results/ldsc/face/munged/par56.sumstats.gz,../results/ldsc/face/munged/par57.sumstats.gz,../results/ldsc/face/munged/par58.sumstats.gz,../results/ldsc/face/munged/par59.sumstats.gz,../results/ldsc/face/munged/par60.sumstats.gz,../results/ldsc/face/munged/par61.sumstats.gz,../results/ldsc/face/munged/par62.sumstats.gz,../results/ldsc/face/munged/par63.sumstats.gz \
--w-ld-chr ../SAMPLE_DATA/eur_w_ld_chr/ 

Beginning analysis at Wed Mar 16 20:36:15 2022
Reading summary statistics from ../results/ldsc/STAGE00DATA/mean_imputed/not_subsampled/munged/par17.sumstats.gz ...
Read summary statistics for 7033675 SNPs.
Reading reference panel LD Score from ../SAMPLE_DATA/eur_w_ld_chr/[1-22] ... (ldscore_fromlist)
Read reference panel LD Scores for 1290028 SNPs.
Removing partitioned LD Scores with zero variance.
Reading regression weight LD Score from ../SAMPLE_DATA/eur_w_ld_chr/[1-22] ... (ldscore_fromlist)
Read regression weight LD Scores for 1290028 SNPs.
After merging with reference panel LD, 1174774 SNPs remain.
After merging with regression SNP LD, 1174774 SNPs remain.
Computing rg for phenotype 2/47
Reading summary statistics from ../results/ldsc/face/munged/par18.sumstats.gz ...
Read summary statistics for 23709 SNPs.
After merging with summary statistics, 4516 SNPs remain.
4516 SNPs with valid alleles.
WARNING: number of SNPs less than 200k; this is almost always bad.

Heritability of phenotype 1
---------------------------
Total Observed scale h2: -0.2259 (0.1791)
Lambda GC: 1.5108
Mean Chi^2: 1.4635
Intercept: 1.6437 (0.1523)
Ratio: 1.3888 (0.3287)

Heritability of phenotype 2/47
------------------------------
Total Observed scale h2: 662.2909 (343.2149)
Lambda GC: 942.1249
Mean Chi^2: 814.7267
Intercept: 597.0616 (68.1948)
Ratio: 0.7325 (0.0838)

Genetic Covariance
------------------
Total Observed scale gencov: 5.8388 (3.5991)
Mean z1*z2: -14.7665
Intercept: -17.7537 (1.8642)

Genetic Correlation
-------------------
Genetic Correlation: nan (nan) (h2  out of bounds) 
Z-score: nan (nan) (h2  out of bounds)
P: nan (nan) (h2  out of bounds)
WARNING: One of the h2's was out of bounds.
This usually indicates a data-munging error or that h2 or N is low.

Computing rg for phenotype 3/47
Reading summary statistics from ../results/ldsc/face/munged/par19.sumstats.gz ...
Read summary statistics for 23709 SNPs.
After merging with summary statistics, 4516 SNPs remain.
4516 SNPs with valid alleles.
WARNING: number of SNPs less than 200k; this is almost always bad.

Heritability of phenotype 3/47
------------------------------
Total Observed scale h2: 308.3425 (162.17)
Lambda GC: 1000.7241
Mean Chi^2: 717.1949
Intercept: 614.279 (50.8065)
Ratio: 0.8563 (0.0709)

Genetic Covariance
------------------
Total Observed scale gencov: 8.0571 (3.5867)
Mean z1*z2: -14.5195
Intercept: -18.6474 (2.0835)

Genetic Correlation
-------------------
Genetic Correlation: nan (nan) (h2  out of bounds) 
Z-score: nan (nan) (h2  out of bounds)
P: nan (nan) (h2  out of bounds)
WARNING: One of the h2's was out of bounds.
This usually indicates a data-munging error or that h2 or N is low.

Computing rg for phenotype 4/47
Reading summary statistics from ../results/ldsc/face/munged/par20.sumstats.gz ...
Read summary statistics for 23709 SNPs.
After merging with summary statistics, 4516 SNPs remain.
4516 SNPs with valid alleles.
WARNING: number of SNPs less than 200k; this is almost always bad.

Heritability of phenotype 4/47
------------------------------
Total Observed scale h2: 733.7271 (218.4007)
Lambda GC: 544.8532
Mean Chi^2: 510.7502
Intercept: 268.7327 (43.056)
Ratio: 0.5252 (0.0845)

Genetic Covariance
------------------
Total Observed scale gencov: -3.0539 (3.6085)
Mean z1*z2: -12.7177
Intercept: -11.2047 (1.3416)

Genetic Correlation
-------------------
Genetic Correlation: nan (nan) (h2  out of bounds) 
Z-score: nan (nan) (h2  out of bounds)
P: nan (nan) (h2  out of bounds)
WARNING: One of the h2's was out of bounds.
This usually indicates a data-munging error or that h2 or N is low.

Computing rg for phenotype 5/47
Reading summary statistics from ../results/ldsc/face/munged/par21.sumstats.gz ...
Read summary statistics for 23709 SNPs.
After merging with summary statistics, 4516 SNPs remain.
4516 SNPs with valid alleles.
WARNING: number of SNPs less than 200k; this is almost always bad.

Heritability of phenotype 5/47
------------------------------
Total Observed scale h2: 444.8274 (241.3115)
Lambda GC: 1131.616
Mean Chi^2: 794.2396
Intercept: 648.6425 (92.9031)
Ratio: 0.8165 (0.1171)

Genetic Covariance
------------------
Total Observed scale gencov: 6.9528 (4.1084)
Mean z1*z2: -16.3156
Intercept: -19.8641 (2.2018)

Genetic Correlation
-------------------
Genetic Correlation: nan (nan) (h2  out of bounds) 
Z-score: nan (nan) (h2  out of bounds)
P: nan (nan) (h2  out of bounds)
WARNING: One of the h2's was out of bounds.
This usually indicates a data-munging error or that h2 or N is low.

Computing rg for phenotype 6/47
Reading summary statistics from ../results/ldsc/face/munged/par22.sumstats.gz ...
Read summary statistics for 23709 SNPs.
After merging with summary statistics, 4516 SNPs remain.
4516 SNPs with valid alleles.
WARNING: number of SNPs less than 200k; this is almost always bad.

Heritability of phenotype 6/47
------------------------------
Total Observed scale h2: -826.8614 (629.1133)
Lambda GC: 3246.6051
Mean Chi^2: 2411.435
Intercept: 2684.0978 (256.1112)
Ratio: 1.1131 (0.1063)

Genetic Covariance
------------------
Total Observed scale gencov: 8.5096 (6.9392)
Mean z1*z2: -29.1683
Intercept: -33.4828 (3.4881)

Genetic Correlation
-------------------
Genetic Correlation: nan (nan) (h2  out of bounds) 
Z-score: nan (nan) (h2  out of bounds)
P: nan (nan) (h2  out of bounds)
WARNING: One of the h2's was out of bounds.
This usually indicates a data-munging error or that h2 or N is low.

Computing rg for phenotype 7/47
Reading summary statistics from ../results/ldsc/face/munged/par23.sumstats.gz ...
Read summary statistics for 23709 SNPs.
After merging with summary statistics, 4516 SNPs remain.
4516 SNPs with valid alleles.
WARNING: number of SNPs less than 200k; this is almost always bad.

Heritability of phenotype 7/47
------------------------------
Total Observed scale h2: 1151.8796 (506.0417)
Lambda GC: 848.7958
Mean Chi^2: 962.5942
Intercept: 582.7422 (88.6723)
Ratio: 0.605 (0.0922)

Genetic Covariance
------------------
Total Observed scale gencov: -4.2082 (5.243)
Mean z1*z2: -18.1019
Intercept: -15.9874 (2.0828)

Genetic Correlation
-------------------
Genetic Correlation: nan (nan) (h2  out of bounds) 
Z-score: nan (nan) (h2  out of bounds)
P: nan (nan) (h2  out of bounds)
WARNING: One of the h2's was out of bounds.
This usually indicates a data-munging error or that h2 or N is low.

Computing rg for phenotype 8/47
Reading summary statistics from ../results/ldsc/face/munged/par24.sumstats.gz ...
Read summary statistics for 23709 SNPs.
After merging with summary statistics, 4516 SNPs remain.
4516 SNPs with valid alleles.
WARNING: number of SNPs less than 200k; this is almost always bad.

Heritability of phenotype 8/47
------------------------------
Total Observed scale h2: 994.0827 (271.9749)
Lambda GC: 2048.6617
Mean Chi^2: 1183.2827
Intercept: 856.8808 (64.0079)
Ratio: 0.7239 (0.0541)

Genetic Covariance
------------------
Total Observed scale gencov: 5.5141 (4.7806)
Mean z1*z2: -19.585
Intercept: -22.3904 (2.4156)

Genetic Correlation
-------------------
Genetic Correlation: nan (nan) (h2  out of bounds) 
Z-score: nan (nan) (h2  out of bounds)
P: nan (nan) (h2  out of bounds)
WARNING: One of the h2's was out of bounds.
This usually indicates a data-munging error or that h2 or N is low.

Computing rg for phenotype 9/47
Reading summary statistics from ../results/ldsc/face/munged/par25.sumstats.gz ...
Read summary statistics for 23709 SNPs.
After merging with summary statistics, 4516 SNPs remain.
4516 SNPs with valid alleles.
WARNING: number of SNPs less than 200k; this is almost always bad.

Heritability of phenotype 9/47
------------------------------
Total Observed scale h2: 1220.427 (401.4288)
Lambda GC: 1633.7639
Mean Chi^2: 1135.0371
Intercept: 732.9049 (75.7544)
Ratio: 0.6454 (0.0668)

Genetic Covariance
------------------
Total Observed scale gencov: 3.0644 (4.6447)
Mean z1*z2: -19.5239
Intercept: -21.0676 (2.3157)

Genetic Correlation
-------------------
Genetic Correlation: nan (nan) (h2  out of bounds) 
Z-score: nan (nan) (h2  out of bounds)
P: nan (nan) (h2  out of bounds)
WARNING: One of the h2's was out of bounds.
This usually indicates a data-munging error or that h2 or N is low.

Computing rg for phenotype 10/47
Reading summary statistics from ../results/ldsc/face/munged/par26.sumstats.gz ...
Read summary statistics for 23709 SNPs.
After merging with summary statistics, 4516 SNPs remain.
4516 SNPs with valid alleles.
WARNING: number of SNPs less than 200k; this is almost always bad.

Heritability of phenotype 10/47
-------------------------------
Total Observed scale h2: 4354.4284 (1279.7852)
Lambda GC: 2366.9794
Mean Chi^2: 2138.0847
Intercept: 704.0707 (180.0066)
Ratio: 0.329 (0.0842)

Genetic Covariance
------------------
Total Observed scale gencov: 3.2652 (5.935)
Mean z1*z2: -23.9058
Intercept: -25.5195 (2.7398)

Genetic Correlation
-------------------
Genetic Correlation: nan (nan) (h2  out of bounds) 
Z-score: nan (nan) (h2  out of bounds)
P: nan (nan) (h2  out of bounds)
WARNING: One of the h2's was out of bounds.
This usually indicates a data-munging error or that h2 or N is low.

Computing rg for phenotype 11/47
Reading summary statistics from ../results/ldsc/face/munged/par27.sumstats.gz ...
Read summary statistics for 23709 SNPs.
After merging with summary statistics, 4516 SNPs remain.
4516 SNPs with valid alleles.
WARNING: number of SNPs less than 200k; this is almost always bad.

Heritability of phenotype 11/47
-------------------------------
Total Observed scale h2: 2068.0583 (868.0033)
Lambda GC: 1551.1887
Mean Chi^2: 1423.6224
Intercept: 744.1247 (148.4681)
Ratio: 0.5224 (0.1044)

Genetic Covariance
------------------
Total Observed scale gencov: 0.7297 (5.1502)
Mean z1*z2: -20.915
Intercept: -21.2543 (2.3725)

Genetic Correlation
-------------------
Genetic Correlation: nan (nan) (h2  out of bounds) 
Z-score: nan (nan) (h2  out of bounds)
P: nan (nan) (h2  out of bounds)
WARNING: One of the h2's was out of bounds.
This usually indicates a data-munging error or that h2 or N is low.

Computing rg for phenotype 12/47
Reading summary statistics from ../results/ldsc/face/munged/par28.sumstats.gz ...
Read summary statistics for 23709 SNPs.
After merging with summary statistics, 4516 SNPs remain.
4516 SNPs with valid alleles.
WARNING: number of SNPs less than 200k; this is almost always bad.

Heritability of phenotype 12/47
-------------------------------
Total Observed scale h2: 299.6879 (201.3091)
Lambda GC: 1655.9128
Mean Chi^2: 1068.7339
Intercept: 970.5004 (94.9007)
Ratio: 0.908 (0.0889)

Genetic Covariance
------------------
Total Observed scale gencov: 5.9577 (4.2522)
Mean z1*z2: -18.4712
Intercept: -21.5095 (2.3124)

Genetic Correlation
-------------------
Genetic Correlation: nan (nan) (h2  out of bounds) 
Z-score: nan (nan) (h2  out of bounds)
P: nan (nan) (h2  out of bounds)
WARNING: One of the h2's was out of bounds.
This usually indicates a data-munging error or that h2 or N is low.

Computing rg for phenotype 13/47
Reading summary statistics from ../results/ldsc/face/munged/par29.sumstats.gz ...
Read summary statistics for 23709 SNPs.
After merging with summary statistics, 4516 SNPs remain.
4516 SNPs with valid alleles.
WARNING: number of SNPs less than 200k; this is almost always bad.

Heritability of phenotype 13/47
-------------------------------
Total Observed scale h2: 671.6717 (229.7232)
Lambda GC: 1818.2769
Mean Chi^2: 1121.4462
Intercept: 901.698 (61.4245)
Ratio: 0.8039 (0.0548)

Genetic Covariance
------------------
Total Observed scale gencov: 5.9389 (4.3681)
Mean z1*z2: -18.8266
Intercept: -21.8508 (2.4071)

Genetic Correlation
-------------------
Genetic Correlation: nan (nan) (h2  out of bounds) 
Z-score: nan (nan) (h2  out of bounds)
P: nan (nan) (h2  out of bounds)
WARNING: One of the h2's was out of bounds.
This usually indicates a data-munging error or that h2 or N is low.

Computing rg for phenotype 14/47
Reading summary statistics from ../results/ldsc/face/munged/par30.sumstats.gz ...
Read summary statistics for 23709 SNPs.
After merging with summary statistics, 4516 SNPs remain.
4516 SNPs with valid alleles.
WARNING: number of SNPs less than 200k; this is almost always bad.

Heritability of phenotype 14/47
-------------------------------
Total Observed scale h2: 1490.134 (420.5297)
Lambda GC: 4215.8537
Mean Chi^2: 2406.3902
Intercept: 1916.9861 (129.7182)
Ratio: 0.7965 (0.0539)

Genetic Covariance
------------------
Total Observed scale gencov: 6.3168 (6.863)
Mean z1*z2: -29.2286
Intercept: -32.4467 (3.4929)

Genetic Correlation
-------------------
Genetic Correlation: nan (nan) (h2  out of bounds) 
Z-score: nan (nan) (h2  out of bounds)
P: nan (nan) (h2  out of bounds)
WARNING: One of the h2's was out of bounds.
This usually indicates a data-munging error or that h2 or N is low.

Computing rg for phenotype 15/47
Reading summary statistics from ../results/ldsc/face/munged/par31.sumstats.gz ...
Read summary statistics for 23709 SNPs.
After merging with summary statistics, 4516 SNPs remain.
4516 SNPs with valid alleles.
WARNING: number of SNPs less than 200k; this is almost always bad.

Heritability of phenotype 15/47
-------------------------------
Total Observed scale h2: 341.1526 (271.0225)
Lambda GC: 2135.0902
Mean Chi^2: 1317.5964
Intercept: 1206.2459 (79.3791)
Ratio: 0.9154 (0.0603)

Genetic Covariance
------------------
Total Observed scale gencov: 6.3673 (5.3423)
Mean z1*z2: -21.6884
Intercept: -24.9338 (2.9781)

Genetic Correlation
-------------------
Genetic Correlation: nan (nan) (h2  out of bounds) 
Z-score: nan (nan) (h2  out of bounds)
P: nan (nan) (h2  out of bounds)
WARNING: One of the h2's was out of bounds.
This usually indicates a data-munging error or that h2 or N is low.

Computing rg for phenotype 16/47
Reading summary statistics from ../results/ldsc/face/munged/par32.sumstats.gz ...
Read summary statistics for 23709 SNPs.
After merging with summary statistics, 4516 SNPs remain.
4516 SNPs with valid alleles.
WARNING: number of SNPs less than 200k; this is almost always bad.

Heritability of phenotype 16/47
-------------------------------
Total Observed scale h2: -132.9276 (150.9723)
Lambda GC: 232.4382
Mean Chi^2: 183.7454
Intercept: 228.0025 (64.8922)
Ratio: 1.2422 (0.3551)

Genetic Covariance
------------------
Total Observed scale gencov: 5.6275 (2.4952)
Mean z1*z2: -7.2228
Intercept: -10.1127 (1.5268)

Genetic Correlation
-------------------
Genetic Correlation: nan (nan) (h2  out of bounds) 
Z-score: nan (nan) (h2  out of bounds)
P: nan (nan) (h2  out of bounds)
WARNING: One of the h2's was out of bounds.
This usually indicates a data-munging error or that h2 or N is low.

Computing rg for phenotype 17/47
Reading summary statistics from ../results/ldsc/face/munged/par33.sumstats.gz ...
Read summary statistics for 23709 SNPs.
After merging with summary statistics, 4516 SNPs remain.
4516 SNPs with valid alleles.
WARNING: number of SNPs less than 200k; this is almost always bad.

Heritability of phenotype 17/47
-------------------------------
Total Observed scale h2: 4.9708 (35.6805)
Lambda GC: 179.8297
Mean Chi^2: 127.8738
Intercept: 126.4721 (13.1638)
Ratio: 0.989 (0.1038)

Genetic Covariance
------------------
Total Observed scale gencov: 2.1327 (1.5388)
Mean z1*z2: -6.2389
Intercept: -7.3265 (0.7933)

Genetic Correlation
-------------------
Genetic Correlation: nan (nan) (h2  out of bounds) 
Z-score: nan (nan) (h2  out of bounds)
P: nan (nan) (h2  out of bounds)
WARNING: One of the h2's was out of bounds.
This usually indicates a data-munging error or that h2 or N is low.

Computing rg for phenotype 18/47
Reading summary statistics from ../results/ldsc/face/munged/par34.sumstats.gz ...
Read summary statistics for 23709 SNPs.
After merging with summary statistics, 4516 SNPs remain.
4516 SNPs with valid alleles.
WARNING: number of SNPs less than 200k; this is almost always bad.

Heritability of phenotype 18/47
-------------------------------
Total Observed scale h2: 250.1877 (179.1948)
Lambda GC: 595.2999
Mean Chi^2: 494.6211
Intercept: 412.5015 (49.1215)
Ratio: 0.8336 (0.0995)

Genetic Covariance
------------------
Total Observed scale gencov: 1.2504 (3.4448)
Mean z1*z2: -12.6676
Intercept: -13.2852 (1.5076)

Genetic Correlation
-------------------
Genetic Correlation: nan (nan) (h2  out of bounds) 
Z-score: nan (nan) (h2  out of bounds)
P: nan (nan) (h2  out of bounds)
WARNING: One of the h2's was out of bounds.
This usually indicates a data-munging error or that h2 or N is low.

Computing rg for phenotype 19/47
Reading summary statistics from ../results/ldsc/face/munged/par35.sumstats.gz ...
Read summary statistics for 23709 SNPs.
After merging with summary statistics, 4516 SNPs remain.
4516 SNPs with valid alleles.
WARNING: number of SNPs less than 200k; this is almost always bad.

Heritability of phenotype 19/47
-------------------------------
Total Observed scale h2: 43.6295 (61.2086)
Lambda GC: 256.0601
Mean Chi^2: 191.4652
Intercept: 177.2331 (18.8755)
Ratio: 0.9253 (0.0991)

Genetic Covariance
------------------
Total Observed scale gencov: 2.4635 (2.1121)
Mean z1*z2: -8.1684
Intercept: -9.4185 (0.9556)

Genetic Correlation
-------------------
Genetic Correlation: nan (nan) (h2  out of bounds) 
Z-score: nan (nan) (h2  out of bounds)
P: nan (nan) (h2  out of bounds)
WARNING: One of the h2's was out of bounds.
This usually indicates a data-munging error or that h2 or N is low.

Computing rg for phenotype 20/47
Reading summary statistics from ../results/ldsc/face/munged/par36.sumstats.gz ...
Read summary statistics for 23709 SNPs.
After merging with summary statistics, 4516 SNPs remain.
4516 SNPs with valid alleles.
WARNING: number of SNPs less than 200k; this is almost always bad.

Heritability of phenotype 20/47
-------------------------------
Total Observed scale h2: 207.9108 (213.7603)
Lambda GC: 378.5827
Mean Chi^2: 417.5526
Intercept: 349.9741 (60.0091)
Ratio: 0.8378 (0.1441)

Genetic Covariance
------------------
Total Observed scale gencov: 4.4794 (2.8164)
Mean z1*z2: -9.9491
Intercept: -12.2428 (1.4018)

Genetic Correlation
-------------------
Genetic Correlation: nan (nan) (h2  out of bounds) 
Z-score: nan (nan) (h2  out of bounds)
P: nan (nan) (h2  out of bounds)
WARNING: One of the h2's was out of bounds.
This usually indicates a data-munging error or that h2 or N is low.

Computing rg for phenotype 21/47
Reading summary statistics from ../results/ldsc/face/munged/par37.sumstats.gz ...
Read summary statistics for 23709 SNPs.
After merging with summary statistics, 4516 SNPs remain.
4516 SNPs with valid alleles.
WARNING: number of SNPs less than 200k; this is almost always bad.

Heritability of phenotype 21/47
-------------------------------
Total Observed scale h2: 639.8179 (268.84)
Lambda GC: 688.5103
Mean Chi^2: 587.7147
Intercept: 377.477 (39.2361)
Ratio: 0.6417 (0.0669)

Genetic Covariance
------------------
Total Observed scale gencov: 5.0405 (2.8025)
Mean z1*z2: -11.7915
Intercept: -14.3637 (1.521)

Genetic Correlation
-------------------
Genetic Correlation: nan (nan) (h2  out of bounds) 
Z-score: nan (nan) (h2  out of bounds)
P: nan (nan) (h2  out of bounds)
WARNING: One of the h2's was out of bounds.
This usually indicates a data-munging error or that h2 or N is low.

Computing rg for phenotype 22/47
Reading summary statistics from ../results/ldsc/face/munged/par38.sumstats.gz ...
Read summary statistics for 23709 SNPs.
After merging with summary statistics, 4516 SNPs remain.
4516 SNPs with valid alleles.
WARNING: number of SNPs less than 200k; this is almost always bad.

Heritability of phenotype 22/47
-------------------------------
Total Observed scale h2: 313.1445 (142.6201)
Lambda GC: 613.3596
Mean Chi^2: 497.897
Intercept: 393.1703 (33.8729)
Ratio: 0.7892 (0.0682)

Genetic Covariance
------------------
Total Observed scale gencov: 6.7821 (2.5997)
Mean z1*z2: -11.0342
Intercept: -14.5062 (1.5493)

Genetic Correlation
-------------------
Genetic Correlation: nan (nan) (h2  out of bounds) 
Z-score: nan (nan) (h2  out of bounds)
P: nan (nan) (h2  out of bounds)
WARNING: One of the h2's was out of bounds.
This usually indicates a data-munging error or that h2 or N is low.

Computing rg for phenotype 23/47
Reading summary statistics from ../results/ldsc/face/munged/par39.sumstats.gz ...
Read summary statistics for 23709 SNPs.
After merging with summary statistics, 4516 SNPs remain.
4516 SNPs with valid alleles.
WARNING: number of SNPs less than 200k; this is almost always bad.

Heritability of phenotype 23/47
-------------------------------
Total Observed scale h2: -44.5454 (88.1562)
Lambda GC: 440.4853
Mean Chi^2: 296.4733
Intercept: 311.0885 (37.1111)
Ratio: 1.0495 (0.1256)

Genetic Covariance
------------------
Total Observed scale gencov: 4.8638 (2.744)
Mean z1*z2: -10.2704
Intercept: -12.7541 (1.585)

Genetic Correlation
-------------------
Genetic Correlation: nan (nan) (h2  out of bounds) 
Z-score: nan (nan) (h2  out of bounds)
P: nan (nan) (h2  out of bounds)
WARNING: One of the h2's was out of bounds.
This usually indicates a data-munging error or that h2 or N is low.

Computing rg for phenotype 24/47
Reading summary statistics from ../results/ldsc/face/munged/par40.sumstats.gz ...
Read summary statistics for 23709 SNPs.
After merging with summary statistics, 4516 SNPs remain.
4516 SNPs with valid alleles.
WARNING: number of SNPs less than 200k; this is almost always bad.

Heritability of phenotype 24/47
-------------------------------
Total Observed scale h2: 419.1778 (149.9029)
Lambda GC: 192.7874
Mean Chi^2: 273.2123
Intercept: 135.7977 (33.8777)
Ratio: 0.4952 (0.1245)

Genetic Covariance
------------------
Total Observed scale gencov: -3.1999 (2.6788)
Mean z1*z2: -8.9413
Intercept: -7.3625 (0.9503)

Genetic Correlation
-------------------
Genetic Correlation: nan (nan) (h2  out of bounds) 
Z-score: nan (nan) (h2  out of bounds)
P: nan (nan) (h2  out of bounds)
WARNING: One of the h2's was out of bounds.
This usually indicates a data-munging error or that h2 or N is low.

Computing rg for phenotype 25/47
Reading summary statistics from ../results/ldsc/face/munged/par41.sumstats.gz ...
Read summary statistics for 23709 SNPs.
After merging with summary statistics, 4516 SNPs remain.
4516 SNPs with valid alleles.
WARNING: number of SNPs less than 200k; this is almost always bad.

Heritability of phenotype 25/47
-------------------------------
Total Observed scale h2: 250.8132 (102.9214)
Lambda GC: 225.0113
Mean Chi^2: 237.2534
Intercept: 154.5146 (20.7803)
Ratio: 0.6498 (0.088)

Genetic Covariance
------------------
Total Observed scale gencov: -1.1993 (2.4899)
Mean z1*z2: -8.9099
Intercept: -8.3398 (0.9674)

Genetic Correlation
-------------------
Genetic Correlation: nan (nan) (h2  out of bounds) 
Z-score: nan (nan) (h2  out of bounds)
P: nan (nan) (h2  out of bounds)
WARNING: One of the h2's was out of bounds.
This usually indicates a data-munging error or that h2 or N is low.

Computing rg for phenotype 26/47
Reading summary statistics from ../results/ldsc/face/munged/par42.sumstats.gz ...
Read summary statistics for 23709 SNPs.
After merging with summary statistics, 4516 SNPs remain.
4516 SNPs with valid alleles.
WARNING: number of SNPs less than 200k; this is almost always bad.

Heritability of phenotype 26/47
-------------------------------
Total Observed scale h2: 472.8453 (107.5695)
Lambda GC: 498.35
Mean Chi^2: 370.1824
Intercept: 214.5643 (31.4315)
Ratio: 0.5785 (0.0851)

Genetic Covariance
------------------
Total Observed scale gencov: 3.1765 (2.7326)
Mean z1*z2: -10.6183
Intercept: -12.2147 (1.351)

Genetic Correlation
-------------------
Genetic Correlation: nan (nan) (h2  out of bounds) 
Z-score: nan (nan) (h2  out of bounds)
P: nan (nan) (h2  out of bounds)
WARNING: One of the h2's was out of bounds.
This usually indicates a data-munging error or that h2 or N is low.

Computing rg for phenotype 27/47
Reading summary statistics from ../results/ldsc/face/munged/par43.sumstats.gz ...
Read summary statistics for 23709 SNPs.
After merging with summary statistics, 4516 SNPs remain.
4516 SNPs with valid alleles.
WARNING: number of SNPs less than 200k; this is almost always bad.

Heritability of phenotype 27/47
-------------------------------
Total Observed scale h2: 292.2558 (109.8534)
Lambda GC: 484.5873
Mean Chi^2: 387.3434
Intercept: 291.4761 (31.8212)
Ratio: 0.7519 (0.0824)

Genetic Covariance
------------------
Total Observed scale gencov: 2.7516 (2.669)
Mean z1*z2: -11.0395
Intercept: -12.4243 (1.3279)

Genetic Correlation
-------------------
Genetic Correlation: nan (nan) (h2  out of bounds) 
Z-score: nan (nan) (h2  out of bounds)
P: nan (nan) (h2  out of bounds)
WARNING: One of the h2's was out of bounds.
This usually indicates a data-munging error or that h2 or N is low.

Computing rg for phenotype 28/47
Reading summary statistics from ../results/ldsc/face/munged/par44.sumstats.gz ...
Read summary statistics for 23709 SNPs.
After merging with summary statistics, 4516 SNPs remain.
4516 SNPs with valid alleles.
WARNING: number of SNPs less than 200k; this is almost always bad.

Heritability of phenotype 28/47
-------------------------------
Total Observed scale h2: -407.181 (342.9761)
Lambda GC: 1437.5461
Mean Chi^2: 1216.7137
Intercept: 1350.3777 (145.1623)
Ratio: 1.1099 (0.1194)

Genetic Covariance
------------------
Total Observed scale gencov: 3.6649 (4.7875)
Mean z1*z2: -20.235
Intercept: -22.0653 (2.2811)

Genetic Correlation
-------------------
Genetic Correlation: nan (nan) (h2  out of bounds) 
Z-score: nan (nan) (h2  out of bounds)
P: nan (nan) (h2  out of bounds)
WARNING: One of the h2's was out of bounds.
This usually indicates a data-munging error or that h2 or N is low.

Computing rg for phenotype 29/47
Reading summary statistics from ../results/ldsc/face/munged/par45.sumstats.gz ...
Read summary statistics for 23709 SNPs.
After merging with summary statistics, 4516 SNPs remain.
4516 SNPs with valid alleles.
WARNING: number of SNPs less than 200k; this is almost always bad.

Heritability of phenotype 29/47
-------------------------------
Total Observed scale h2: 70.6845 (262.1375)
Lambda GC: 1245.1926
Mean Chi^2: 941.3977
Intercept: 917.9269 (89.9311)
Ratio: 0.975 (0.0956)

Genetic Covariance
------------------
Total Observed scale gencov: 4.8973 (4.6589)
Mean z1*z2: -18.4667
Intercept: -20.9403 (2.4256)

Genetic Correlation
-------------------
Genetic Correlation: nan (nan) (h2  out of bounds) 
Z-score: nan (nan) (h2  out of bounds)
P: nan (nan) (h2  out of bounds)
WARNING: One of the h2's was out of bounds.
This usually indicates a data-munging error or that h2 or N is low.

Computing rg for phenotype 30/47
Reading summary statistics from ../results/ldsc/face/munged/par46.sumstats.gz ...
Read summary statistics for 23709 SNPs.
After merging with summary statistics, 4516 SNPs remain.
4516 SNPs with valid alleles.
WARNING: number of SNPs less than 200k; this is almost always bad.

Heritability of phenotype 30/47
-------------------------------
Total Observed scale h2: 782.6201 (249.7989)
Lambda GC: 242.6292
Mean Chi^2: 379.3345
Intercept: 121.932 (40.7408)
Ratio: 0.3196 (0.1077)

Genetic Covariance
------------------
Total Observed scale gencov: -4.0354 (3.1834)
Mean z1*z2: -10.1127
Intercept: -8.1265 (1.0817)

Genetic Correlation
-------------------
Genetic Correlation: nan (nan) (h2  out of bounds) 
Z-score: nan (nan) (h2  out of bounds)
P: nan (nan) (h2  out of bounds)
WARNING: One of the h2's was out of bounds.
This usually indicates a data-munging error or that h2 or N is low.

Computing rg for phenotype 31/47
Reading summary statistics from ../results/ldsc/face/munged/par47.sumstats.gz ...
Read summary statistics for 23709 SNPs.
After merging with summary statistics, 4516 SNPs remain.
4516 SNPs with valid alleles.
WARNING: number of SNPs less than 200k; this is almost always bad.

Heritability of phenotype 31/47
-------------------------------
Total Observed scale h2: 244.8136 (159.459)
Lambda GC: 411.5578
Mean Chi^2: 428.6027
Intercept: 347.459 (40.9504)
Ratio: 0.8102 (0.0958)

Genetic Covariance
------------------
Total Observed scale gencov: -2.2025 (3.5888)
Mean z1*z2: -12.7284
Intercept: -11.6395 (1.5887)

Genetic Correlation
-------------------
Genetic Correlation: nan (nan) (h2  out of bounds) 
Z-score: nan (nan) (h2  out of bounds)
P: nan (nan) (h2  out of bounds)
WARNING: One of the h2's was out of bounds.
This usually indicates a data-munging error or that h2 or N is low.

Computing rg for phenotype 32/47
Reading summary statistics from ../results/ldsc/face/munged/par48.sumstats.gz ...
Read summary statistics for 23709 SNPs.
After merging with summary statistics, 4516 SNPs remain.
4516 SNPs with valid alleles.
WARNING: number of SNPs less than 200k; this is almost always bad.

Heritability of phenotype 32/47
-------------------------------
Total Observed scale h2: 585.034 (201.9058)
Lambda GC: 1095.9332
Mean Chi^2: 699.6663
Intercept: 508.0267 (43.8345)
Ratio: 0.7257 (0.0627)

Genetic Covariance
------------------
Total Observed scale gencov: 3.4685 (3.6213)
Mean z1*z2: -14.8339
Intercept: -16.5922 (1.7809)

Genetic Correlation
-------------------
Genetic Correlation: nan (nan) (h2  out of bounds) 
Z-score: nan (nan) (h2  out of bounds)
P: nan (nan) (h2  out of bounds)
WARNING: One of the h2's was out of bounds.
This usually indicates a data-munging error or that h2 or N is low.

Computing rg for phenotype 33/47
Reading summary statistics from ../results/ldsc/face/munged/par49.sumstats.gz ...
Read summary statistics for 23709 SNPs.
After merging with summary statistics, 4516 SNPs remain.
4516 SNPs with valid alleles.
WARNING: number of SNPs less than 200k; this is almost always bad.

Heritability of phenotype 33/47
-------------------------------
Total Observed scale h2: 436.7001 (85.005)
Lambda GC: 750.9567
Mean Chi^2: 469.6141
Intercept: 325.8699 (25.4643)
Ratio: 0.6933 (0.0543)

Genetic Covariance
------------------
Total Observed scale gencov: 3.7 (2.9672)
Mean z1*z2: -11.8504
Intercept: -13.7183 (1.4876)

Genetic Correlation
-------------------
Genetic Correlation: nan (nan) (h2  out of bounds) 
Z-score: nan (nan) (h2  out of bounds)
P: nan (nan) (h2  out of bounds)
WARNING: One of the h2's was out of bounds.
This usually indicates a data-munging error or that h2 or N is low.

Computing rg for phenotype 34/47
Reading summary statistics from ../results/ldsc/face/munged/par50.sumstats.gz ...
Read summary statistics for 23709 SNPs.
After merging with summary statistics, 4516 SNPs remain.
4516 SNPs with valid alleles.
WARNING: number of SNPs less than 200k; this is almost always bad.

Heritability of phenotype 34/47
-------------------------------
Total Observed scale h2: 515.2379 (139.9075)
Lambda GC: 990.2006
Mean Chi^2: 666.7886
Intercept: 497.0753 (32.2982)
Ratio: 0.7451 (0.0485)

Genetic Covariance
------------------
Total Observed scale gencov: 2.6901 (3.3412)
Mean z1*z2: -15.3007
Intercept: -16.6463 (1.5584)

Genetic Correlation
-------------------
Genetic Correlation: nan (nan) (h2  out of bounds) 
Z-score: nan (nan) (h2  out of bounds)
P: nan (nan) (h2  out of bounds)
WARNING: One of the h2's was out of bounds.
This usually indicates a data-munging error or that h2 or N is low.

Computing rg for phenotype 35/47
Reading summary statistics from ../results/ldsc/face/munged/par51.sumstats.gz ...
Read summary statistics for 23709 SNPs.
After merging with summary statistics, 4516 SNPs remain.
4516 SNPs with valid alleles.
WARNING: number of SNPs less than 200k; this is almost always bad.

Heritability of phenotype 35/47
-------------------------------
Total Observed scale h2: 1075.8787 (444.015)
Lambda GC: 1037.4832
Mean Chi^2: 883.6059
Intercept: 529.5034 (71.6465)
Ratio: 0.5988 (0.0812)

Genetic Covariance
------------------
Total Observed scale gencov: 3.7567 (4.118)
Mean z1*z2: -16.1511
Intercept: -18.0649 (2.0506)

Genetic Correlation
-------------------
Genetic Correlation: nan (nan) (h2  out of bounds) 
Z-score: nan (nan) (h2  out of bounds)
P: nan (nan) (h2  out of bounds)
WARNING: One of the h2's was out of bounds.
This usually indicates a data-munging error or that h2 or N is low.

Computing rg for phenotype 36/47
Reading summary statistics from ../results/ldsc/face/munged/par52.sumstats.gz ...
Read summary statistics for 23709 SNPs.
After merging with summary statistics, 4516 SNPs remain.
4516 SNPs with valid alleles.
WARNING: number of SNPs less than 200k; this is almost always bad.

Heritability of phenotype 36/47
-------------------------------
Total Observed scale h2: 593.0693 (80.9802)
Lambda GC: 561.6712
Mean Chi^2: 396.7229
Intercept: 201.0372 (16.7887)
Ratio: 0.5055 (0.0424)

Genetic Covariance
------------------
Total Observed scale gencov: 0.3975 (2.8066)
Mean z1*z2: -11.0905
Intercept: -11.273 (1.1097)

Genetic Correlation
-------------------
Genetic Correlation: nan (nan) (h2  out of bounds) 
Z-score: nan (nan) (h2  out of bounds)
P: nan (nan) (h2  out of bounds)
WARNING: One of the h2's was out of bounds.
This usually indicates a data-munging error or that h2 or N is low.

Computing rg for phenotype 37/47
Reading summary statistics from ../results/ldsc/face/munged/par53.sumstats.gz ...
Read summary statistics for 23709 SNPs.
After merging with summary statistics, 4516 SNPs remain.
4516 SNPs with valid alleles.
WARNING: number of SNPs less than 200k; this is almost always bad.

Heritability of phenotype 37/47
-------------------------------
Total Observed scale h2: 3403.0963 (1391.5985)
Lambda GC: 1058.6511
Mean Chi^2: 1617.8467
Intercept: 498.2963 (208.5673)
Ratio: 0.3076 (0.129)

Genetic Covariance
------------------
Total Observed scale gencov: 2.0088 (5.2722)
Mean z1*z2: -19.0949
Intercept: -20.0749 (2.5276)

Genetic Correlation
-------------------
Genetic Correlation: nan (nan) (h2  out of bounds) 
Z-score: nan (nan) (h2  out of bounds)
P: nan (nan) (h2  out of bounds)
WARNING: One of the h2's was out of bounds.
This usually indicates a data-munging error or that h2 or N is low.

Computing rg for phenotype 38/47
Reading summary statistics from ../results/ldsc/face/munged/par54.sumstats.gz ...
Read summary statistics for 23709 SNPs.
After merging with summary statistics, 4516 SNPs remain.
4516 SNPs with valid alleles.
WARNING: number of SNPs less than 200k; this is almost always bad.

Heritability of phenotype 38/47
-------------------------------
Total Observed scale h2: 1845.5246 (770.4374)
Lambda GC: 1358.7829
Mean Chi^2: 1315.2603
Intercept: 708.7227 (148.4221)
Ratio: 0.5385 (0.1129)

Genetic Covariance
------------------
Total Observed scale gencov: -0.2228 (5.0393)
Mean z1*z2: -19.9858
Intercept: -19.8734 (2.3065)

Genetic Correlation
-------------------
Genetic Correlation: nan (nan) (h2  out of bounds) 
Z-score: nan (nan) (h2  out of bounds)
P: nan (nan) (h2  out of bounds)
WARNING: One of the h2's was out of bounds.
This usually indicates a data-munging error or that h2 or N is low.

Computing rg for phenotype 39/47
Reading summary statistics from ../results/ldsc/face/munged/par55.sumstats.gz ...
Read summary statistics for 23709 SNPs.
After merging with summary statistics, 4516 SNPs remain.
4516 SNPs with valid alleles.
WARNING: number of SNPs less than 200k; this is almost always bad.

Heritability of phenotype 39/47
-------------------------------
Total Observed scale h2: 516.4168 (193.29)
Lambda GC: 613.8569
Mean Chi^2: 487.0666
Intercept: 317.3395 (38.5529)
Ratio: 0.6508 (0.0793)

Genetic Covariance
------------------
Total Observed scale gencov: 2.0466 (2.9638)
Mean z1*z2: -12.1729
Intercept: -13.1942 (1.4121)

Genetic Correlation
-------------------
Genetic Correlation: nan (nan) (h2  out of bounds) 
Z-score: nan (nan) (h2  out of bounds)
P: nan (nan) (h2  out of bounds)
WARNING: One of the h2's was out of bounds.
This usually indicates a data-munging error or that h2 or N is low.

Computing rg for phenotype 40/47
Reading summary statistics from ../results/ldsc/face/munged/par56.sumstats.gz ...
Read summary statistics for 23709 SNPs.
After merging with summary statistics, 4516 SNPs remain.
4516 SNPs with valid alleles.
WARNING: number of SNPs less than 200k; this is almost always bad.

Heritability of phenotype 40/47
-------------------------------
Total Observed scale h2: 196.4431 (168.3646)
Lambda GC: 755.9374
Mean Chi^2: 545.6178
Intercept: 481.5726 (73.5289)
Ratio: 0.8824 (0.135)

Genetic Covariance
------------------
Total Observed scale gencov: 3.6655 (3.2693)
Mean z1*z2: -12.8343
Intercept: -14.6947 (1.8281)

Genetic Correlation
-------------------
Genetic Correlation: nan (nan) (h2  out of bounds) 
Z-score: nan (nan) (h2  out of bounds)
P: nan (nan) (h2  out of bounds)
WARNING: One of the h2's was out of bounds.
This usually indicates a data-munging error or that h2 or N is low.

Computing rg for phenotype 41/47
Reading summary statistics from ../results/ldsc/face/munged/par57.sumstats.gz ...
Read summary statistics for 23709 SNPs.
After merging with summary statistics, 4516 SNPs remain.
4516 SNPs with valid alleles.
WARNING: number of SNPs less than 200k; this is almost always bad.

Heritability of phenotype 41/47
-------------------------------
Total Observed scale h2: 436.5734 (149.017)
Lambda GC: 1191.8378
Mean Chi^2: 820.8143
Intercept: 677.4032 (64.1943)
Ratio: 0.8251 (0.0783)

Genetic Covariance
------------------
Total Observed scale gencov: 6.3608 (3.4973)
Mean z1*z2: -15.0955
Intercept: -18.3442 (1.9417)

Genetic Correlation
-------------------
Genetic Correlation: nan (nan) (h2  out of bounds) 
Z-score: nan (nan) (h2  out of bounds)
P: nan (nan) (h2  out of bounds)
WARNING: One of the h2's was out of bounds.
This usually indicates a data-munging error or that h2 or N is low.

Computing rg for phenotype 42/47
Reading summary statistics from ../results/ldsc/face/munged/par58.sumstats.gz ...
Read summary statistics for 23709 SNPs.
After merging with summary statistics, 4516 SNPs remain.
4516 SNPs with valid alleles.
WARNING: number of SNPs less than 200k; this is almost always bad.

Heritability of phenotype 42/47
-------------------------------
Total Observed scale h2: 172.7402 (89.5384)
Lambda GC: 523.7046
Mean Chi^2: 350.9299
Intercept: 294.5414 (32.8869)
Ratio: 0.8389 (0.094)

Genetic Covariance
------------------
Total Observed scale gencov: 4.8856 (2.8733)
Mean z1*z2: -10.529
Intercept: -13.0249 (1.7141)

Genetic Correlation
-------------------
Genetic Correlation: nan (nan) (h2  out of bounds) 
Z-score: nan (nan) (h2  out of bounds)
P: nan (nan) (h2  out of bounds)
WARNING: One of the h2's was out of bounds.
This usually indicates a data-munging error or that h2 or N is low.

Computing rg for phenotype 43/47
Reading summary statistics from ../results/ldsc/face/munged/par59.sumstats.gz ...
Read summary statistics for 23709 SNPs.
After merging with summary statistics, 4516 SNPs remain.
4516 SNPs with valid alleles.
WARNING: number of SNPs less than 200k; this is almost always bad.

Heritability of phenotype 43/47
-------------------------------
Total Observed scale h2: 344.4194 (109.5642)
Lambda GC: 596.9792
Mean Chi^2: 465.8806
Intercept: 352.9483 (35.2752)
Ratio: 0.7571 (0.0759)

Genetic Covariance
------------------
Total Observed scale gencov: 2.7678 (2.5409)
Mean z1*z2: -11.1379
Intercept: -12.5315 (1.3652)

Genetic Correlation
-------------------
Genetic Correlation: nan (nan) (h2  out of bounds) 
Z-score: nan (nan) (h2  out of bounds)
P: nan (nan) (h2  out of bounds)
WARNING: One of the h2's was out of bounds.
This usually indicates a data-munging error or that h2 or N is low.

Computing rg for phenotype 44/47
Reading summary statistics from ../results/ldsc/face/munged/par60.sumstats.gz ...
Read summary statistics for 23709 SNPs.
After merging with summary statistics, 4516 SNPs remain.
4516 SNPs with valid alleles.
WARNING: number of SNPs less than 200k; this is almost always bad.

Heritability of phenotype 44/47
-------------------------------
Total Observed scale h2: 930.724 (265.6653)
Lambda GC: 2554.3797
Mean Chi^2: 1498.6522
Intercept: 1192.1584 (79.1636)
Ratio: 0.7954 (0.0529)

Genetic Covariance
------------------
Total Observed scale gencov: 4.8638 (5.5447)
Mean z1*z2: -23.294
Intercept: -25.7648 (2.7571)

Genetic Correlation
-------------------
Genetic Correlation: nan (nan) (h2  out of bounds) 
Z-score: nan (nan) (h2  out of bounds)
P: nan (nan) (h2  out of bounds)
WARNING: One of the h2's was out of bounds.
This usually indicates a data-munging error or that h2 or N is low.

Computing rg for phenotype 45/47
Reading summary statistics from ../results/ldsc/face/munged/par61.sumstats.gz ...
Read summary statistics for 23709 SNPs.
After merging with summary statistics, 4516 SNPs remain.
4516 SNPs with valid alleles.
WARNING: number of SNPs less than 200k; this is almost always bad.

Heritability of phenotype 45/47
-------------------------------
Total Observed scale h2: 799.0379 (238.1486)
Lambda GC: 1645.5726
Mean Chi^2: 1012.6904
Intercept: 749.8808 (57.7849)
Ratio: 0.7402 (0.0571)

Genetic Covariance
------------------
Total Observed scale gencov: 3.2649 (4.3956)
Mean z1*z2: -18.2348
Intercept: -19.8887 (2.2214)

Genetic Correlation
-------------------
Genetic Correlation: nan (nan) (h2  out of bounds) 
Z-score: nan (nan) (h2  out of bounds)
P: nan (nan) (h2  out of bounds)
WARNING: One of the h2's was out of bounds.
This usually indicates a data-munging error or that h2 or N is low.

Computing rg for phenotype 46/47
Reading summary statistics from ../results/ldsc/face/munged/par62.sumstats.gz ...
Read summary statistics for 23709 SNPs.
After merging with summary statistics, 4516 SNPs remain.
4516 SNPs with valid alleles.
WARNING: number of SNPs less than 200k; this is almost always bad.

Heritability of phenotype 46/47
-------------------------------
Total Observed scale h2: 88.9275 (181.0243)
Lambda GC: 1394.423
Mean Chi^2: 856.3814
Intercept: 827.6596 (56.506)
Ratio: 0.9664 (0.0661)

Genetic Covariance
------------------
Total Observed scale gencov: 5.0919 (4.3894)
Mean z1*z2: -17.8595
Intercept: -20.4529 (2.4519)

Genetic Correlation
-------------------
Genetic Correlation: nan (nan) (h2  out of bounds) 
Z-score: nan (nan) (h2  out of bounds)
P: nan (nan) (h2  out of bounds)
WARNING: One of the h2's was out of bounds.
This usually indicates a data-munging error or that h2 or N is low.

Computing rg for phenotype 47/47
Reading summary statistics from ../results/ldsc/face/munged/par63.sumstats.gz ...
Read summary statistics for 23709 SNPs.
After merging with summary statistics, 4516 SNPs remain.
4516 SNPs with valid alleles.
WARNING: number of SNPs less than 200k; this is almost always bad.

Heritability of phenotype 47/47
-------------------------------
Total Observed scale h2: 192.4694 (222.6075)
Lambda GC: 1823.7689
Mean Chi^2: 1100.1692
Intercept: 1037.3745 (62.9951)
Ratio: 0.9429 (0.0573)

Genetic Covariance
------------------
Total Observed scale gencov: 7.7208 (4.8148)
Mean z1*z2: -19.6681
Intercept: -23.61 (2.7423)

Genetic Correlation
-------------------
Genetic Correlation: nan (nan) (h2  out of bounds) 
Z-score: nan (nan) (h2  out of bounds)
P: nan (nan) (h2  out of bounds)
WARNING: One of the h2's was out of bounds.
This usually indicates a data-munging error or that h2 or N is low.


Summary of Genetic Correlation Results
                                                                               p1                                             p2  rg  se   z   p     h2_obs  h2_obs_se     h2_int  h2_int_se  gcov_int  gcov_int_se
 ../results/ldsc/STAGE00DATA/mean_imputed/not_subsampled/munged/par17.sumstats.gz  ../results/ldsc/face/munged/par18.sumstats.gz  NA  NA  NA  NA   662.2909   343.2149   597.0616    68.1948  -17.7537       1.8642
 ../results/ldsc/STAGE00DATA/mean_imputed/not_subsampled/munged/par17.sumstats.gz  ../results/ldsc/face/munged/par19.sumstats.gz  NA  NA  NA  NA   308.3425   162.1700   614.2790    50.8065  -18.6474       2.0835
 ../results/ldsc/STAGE00DATA/mean_imputed/not_subsampled/munged/par17.sumstats.gz  ../results/ldsc/face/munged/par20.sumstats.gz  NA  NA  NA  NA   733.7271   218.4007   268.7327    43.0560  -11.2047       1.3416
 ../results/ldsc/STAGE00DATA/mean_imputed/not_subsampled/munged/par17.sumstats.gz  ../results/ldsc/face/munged/par21.sumstats.gz  NA  NA  NA  NA   444.8274   241.3115   648.6425    92.9031  -19.8641       2.2018
 ../results/ldsc/STAGE00DATA/mean_imputed/not_subsampled/munged/par17.sumstats.gz  ../results/ldsc/face/munged/par22.sumstats.gz  NA  NA  NA  NA  -826.8614   629.1133  2684.0978   256.1112  -33.4828       3.4881
 ../results/ldsc/STAGE00DATA/mean_imputed/not_subsampled/munged/par17.sumstats.gz  ../results/ldsc/face/munged/par23.sumstats.gz  NA  NA  NA  NA  1151.8796   506.0417   582.7422    88.6723  -15.9874       2.0828
 ../results/ldsc/STAGE00DATA/mean_imputed/not_subsampled/munged/par17.sumstats.gz  ../results/ldsc/face/munged/par24.sumstats.gz  NA  NA  NA  NA   994.0827   271.9749   856.8808    64.0079  -22.3904       2.4156
 ../results/ldsc/STAGE00DATA/mean_imputed/not_subsampled/munged/par17.sumstats.gz  ../results/ldsc/face/munged/par25.sumstats.gz  NA  NA  NA  NA  1220.4270   401.4288   732.9049    75.7544  -21.0676       2.3157
 ../results/ldsc/STAGE00DATA/mean_imputed/not_subsampled/munged/par17.sumstats.gz  ../results/ldsc/face/munged/par26.sumstats.gz  NA  NA  NA  NA  4354.4284  1279.7852   704.0707   180.0066  -25.5195       2.7398
 ../results/ldsc/STAGE00DATA/mean_imputed/not_subsampled/munged/par17.sumstats.gz  ../results/ldsc/face/munged/par27.sumstats.gz  NA  NA  NA  NA  2068.0583   868.0033   744.1247   148.4681  -21.2543       2.3725
 ../results/ldsc/STAGE00DATA/mean_imputed/not_subsampled/munged/par17.sumstats.gz  ../results/ldsc/face/munged/par28.sumstats.gz  NA  NA  NA  NA   299.6879   201.3091   970.5004    94.9007  -21.5095       2.3124
 ../results/ldsc/STAGE00DATA/mean_imputed/not_subsampled/munged/par17.sumstats.gz  ../results/ldsc/face/munged/par29.sumstats.gz  NA  NA  NA  NA   671.6717   229.7232   901.6980    61.4245  -21.8508       2.4071
 ../results/ldsc/STAGE00DATA/mean_imputed/not_subsampled/munged/par17.sumstats.gz  ../results/ldsc/face/munged/par30.sumstats.gz  NA  NA  NA  NA  1490.1340   420.5297  1916.9861   129.7182  -32.4467       3.4929
 ../results/ldsc/STAGE00DATA/mean_imputed/not_subsampled/munged/par17.sumstats.gz  ../results/ldsc/face/munged/par31.sumstats.gz  NA  NA  NA  NA   341.1526   271.0225  1206.2459    79.3791  -24.9338       2.9781
 ../results/ldsc/STAGE00DATA/mean_imputed/not_subsampled/munged/par17.sumstats.gz  ../results/ldsc/face/munged/par32.sumstats.gz  NA  NA  NA  NA  -132.9276   150.9723   228.0025    64.8922  -10.1127       1.5268
 ../results/ldsc/STAGE00DATA/mean_imputed/not_subsampled/munged/par17.sumstats.gz  ../results/ldsc/face/munged/par33.sumstats.gz  NA  NA  NA  NA     4.9708    35.6805   126.4721    13.1638   -7.3265       0.7933
 ../results/ldsc/STAGE00DATA/mean_imputed/not_subsampled/munged/par17.sumstats.gz  ../results/ldsc/face/munged/par34.sumstats.gz  NA  NA  NA  NA   250.1877   179.1948   412.5015    49.1215  -13.2852       1.5076
 ../results/ldsc/STAGE00DATA/mean_imputed/not_subsampled/munged/par17.sumstats.gz  ../results/ldsc/face/munged/par35.sumstats.gz  NA  NA  NA  NA    43.6295    61.2086   177.2331    18.8755   -9.4185       0.9556
 ../results/ldsc/STAGE00DATA/mean_imputed/not_subsampled/munged/par17.sumstats.gz  ../results/ldsc/face/munged/par36.sumstats.gz  NA  NA  NA  NA   207.9108   213.7603   349.9741    60.0091  -12.2428       1.4018
 ../results/ldsc/STAGE00DATA/mean_imputed/not_subsampled/munged/par17.sumstats.gz  ../results/ldsc/face/munged/par37.sumstats.gz  NA  NA  NA  NA   639.8179   268.8400   377.4770    39.2361  -14.3637       1.5210
 ../results/ldsc/STAGE00DATA/mean_imputed/not_subsampled/munged/par17.sumstats.gz  ../results/ldsc/face/munged/par38.sumstats.gz  NA  NA  NA  NA   313.1445   142.6201   393.1703    33.8729  -14.5062       1.5493
 ../results/ldsc/STAGE00DATA/mean_imputed/not_subsampled/munged/par17.sumstats.gz  ../results/ldsc/face/munged/par39.sumstats.gz  NA  NA  NA  NA   -44.5454    88.1562   311.0885    37.1111  -12.7541       1.5850
 ../results/ldsc/STAGE00DATA/mean_imputed/not_subsampled/munged/par17.sumstats.gz  ../results/ldsc/face/munged/par40.sumstats.gz  NA  NA  NA  NA   419.1778   149.9029   135.7977    33.8777   -7.3625       0.9503
 ../results/ldsc/STAGE00DATA/mean_imputed/not_subsampled/munged/par17.sumstats.gz  ../results/ldsc/face/munged/par41.sumstats.gz  NA  NA  NA  NA   250.8132   102.9214   154.5146    20.7803   -8.3398       0.9674
 ../results/ldsc/STAGE00DATA/mean_imputed/not_subsampled/munged/par17.sumstats.gz  ../results/ldsc/face/munged/par42.sumstats.gz  NA  NA  NA  NA   472.8453   107.5695   214.5643    31.4315  -12.2147       1.3510
 ../results/ldsc/STAGE00DATA/mean_imputed/not_subsampled/munged/par17.sumstats.gz  ../results/ldsc/face/munged/par43.sumstats.gz  NA  NA  NA  NA   292.2558   109.8534   291.4761    31.8212  -12.4243       1.3279
 ../results/ldsc/STAGE00DATA/mean_imputed/not_subsampled/munged/par17.sumstats.gz  ../results/ldsc/face/munged/par44.sumstats.gz  NA  NA  NA  NA  -407.1810   342.9761  1350.3777   145.1623  -22.0653       2.2811
 ../results/ldsc/STAGE00DATA/mean_imputed/not_subsampled/munged/par17.sumstats.gz  ../results/ldsc/face/munged/par45.sumstats.gz  NA  NA  NA  NA    70.6845   262.1375   917.9269    89.9311  -20.9403       2.4256
 ../results/ldsc/STAGE00DATA/mean_imputed/not_subsampled/munged/par17.sumstats.gz  ../results/ldsc/face/munged/par46.sumstats.gz  NA  NA  NA  NA   782.6201   249.7989   121.9320    40.7408   -8.1265       1.0817
 ../results/ldsc/STAGE00DATA/mean_imputed/not_subsampled/munged/par17.sumstats.gz  ../results/ldsc/face/munged/par47.sumstats.gz  NA  NA  NA  NA   244.8136   159.4590   347.4590    40.9504  -11.6395       1.5887
 ../results/ldsc/STAGE00DATA/mean_imputed/not_subsampled/munged/par17.sumstats.gz  ../results/ldsc/face/munged/par48.sumstats.gz  NA  NA  NA  NA   585.0340   201.9058   508.0267    43.8345  -16.5922       1.7809
 ../results/ldsc/STAGE00DATA/mean_imputed/not_subsampled/munged/par17.sumstats.gz  ../results/ldsc/face/munged/par49.sumstats.gz  NA  NA  NA  NA   436.7001    85.0050   325.8699    25.4643  -13.7183       1.4876
 ../results/ldsc/STAGE00DATA/mean_imputed/not_subsampled/munged/par17.sumstats.gz  ../results/ldsc/face/munged/par50.sumstats.gz  NA  NA  NA  NA   515.2379   139.9075   497.0753    32.2982  -16.6463       1.5584
 ../results/ldsc/STAGE00DATA/mean_imputed/not_subsampled/munged/par17.sumstats.gz  ../results/ldsc/face/munged/par51.sumstats.gz  NA  NA  NA  NA  1075.8787   444.0150   529.5034    71.6465  -18.0649       2.0506
 ../results/ldsc/STAGE00DATA/mean_imputed/not_subsampled/munged/par17.sumstats.gz  ../results/ldsc/face/munged/par52.sumstats.gz  NA  NA  NA  NA   593.0693    80.9802   201.0372    16.7887  -11.2730       1.1097
 ../results/ldsc/STAGE00DATA/mean_imputed/not_subsampled/munged/par17.sumstats.gz  ../results/ldsc/face/munged/par53.sumstats.gz  NA  NA  NA  NA  3403.0963  1391.5985   498.2963   208.5673  -20.0749       2.5276
 ../results/ldsc/STAGE00DATA/mean_imputed/not_subsampled/munged/par17.sumstats.gz  ../results/ldsc/face/munged/par54.sumstats.gz  NA  NA  NA  NA  1845.5246   770.4374   708.7227   148.4221  -19.8734       2.3065
 ../results/ldsc/STAGE00DATA/mean_imputed/not_subsampled/munged/par17.sumstats.gz  ../results/ldsc/face/munged/par55.sumstats.gz  NA  NA  NA  NA   516.4168   193.2900   317.3395    38.5529  -13.1942       1.4121
 ../results/ldsc/STAGE00DATA/mean_imputed/not_subsampled/munged/par17.sumstats.gz  ../results/ldsc/face/munged/par56.sumstats.gz  NA  NA  NA  NA   196.4431   168.3646   481.5726    73.5289  -14.6947       1.8281
 ../results/ldsc/STAGE00DATA/mean_imputed/not_subsampled/munged/par17.sumstats.gz  ../results/ldsc/face/munged/par57.sumstats.gz  NA  NA  NA  NA   436.5734   149.0170   677.4032    64.1943  -18.3442       1.9417
 ../results/ldsc/STAGE00DATA/mean_imputed/not_subsampled/munged/par17.sumstats.gz  ../results/ldsc/face/munged/par58.sumstats.gz  NA  NA  NA  NA   172.7402    89.5384   294.5414    32.8869  -13.0249       1.7141
 ../results/ldsc/STAGE00DATA/mean_imputed/not_subsampled/munged/par17.sumstats.gz  ../results/ldsc/face/munged/par59.sumstats.gz  NA  NA  NA  NA   344.4194   109.5642   352.9483    35.2752  -12.5315       1.3652
 ../results/ldsc/STAGE00DATA/mean_imputed/not_subsampled/munged/par17.sumstats.gz  ../results/ldsc/face/munged/par60.sumstats.gz  NA  NA  NA  NA   930.7240   265.6653  1192.1584    79.1636  -25.7648       2.7571
 ../results/ldsc/STAGE00DATA/mean_imputed/not_subsampled/munged/par17.sumstats.gz  ../results/ldsc/face/munged/par61.sumstats.gz  NA  NA  NA  NA   799.0379   238.1486   749.8808    57.7849  -19.8887       2.2214
 ../results/ldsc/STAGE00DATA/mean_imputed/not_subsampled/munged/par17.sumstats.gz  ../results/ldsc/face/munged/par62.sumstats.gz  NA  NA  NA  NA    88.9275   181.0243   827.6596    56.5060  -20.4529       2.4519
 ../results/ldsc/STAGE00DATA/mean_imputed/not_subsampled/munged/par17.sumstats.gz  ../results/ldsc/face/munged/par63.sumstats.gz  NA  NA  NA  NA   192.4694   222.6075  1037.3745    62.9951  -23.6100       2.7423

Analysis finished at Wed Mar 16 20:37:23 2022
Total time elapsed: 1.0m:8.43s
