*********************************************************************
* LD Score Regression (LDSC)
* Version 1.0.1
* (C) 2014-2019 Brendan Bulik-Sullivan and Hilary Finucane
* Broad Institute of MIT and Harvard / MIT Department of Mathematics
* GNU General Public License v3
*********************************************************************
Call: 
./ldsc.py \
--ref-ld-chr ../SAMPLE_DATA/eur_w_ld_chr/ \
--out ../results/ldsc/STAGE00DATA/mean_imputed/not_subsampled/rg/par18 \
--rg ../results/ldsc/STAGE00DATA/mean_imputed/not_subsampled/munged/par18.sumstats.gz,../results/ldsc/STAGE00DATA/mean_imputed/not_subsampled/munged/par19.sumstats.gz,../results/ldsc/STAGE00DATA/mean_imputed/not_subsampled/munged/par20.sumstats.gz,../results/ldsc/STAGE00DATA/mean_imputed/not_subsampled/munged/par21.sumstats.gz,../results/ldsc/STAGE00DATA/mean_imputed/not_subsampled/munged/par22.sumstats.gz,../results/ldsc/STAGE00DATA/mean_imputed/not_subsampled/munged/par23.sumstats.gz,../results/ldsc/STAGE00DATA/mean_imputed/not_subsampled/munged/par24.sumstats.gz,../results/ldsc/STAGE00DATA/mean_imputed/not_subsampled/munged/par25.sumstats.gz,../results/ldsc/STAGE00DATA/mean_imputed/not_subsampled/munged/par26.sumstats.gz,../results/ldsc/STAGE00DATA/mean_imputed/not_subsampled/munged/par27.sumstats.gz,../results/ldsc/STAGE00DATA/mean_imputed/not_subsampled/munged/par28.sumstats.gz,../results/ldsc/STAGE00DATA/mean_imputed/not_subsampled/munged/par29.sumstats.gz,../results/ldsc/STAGE00DATA/mean_imputed/not_subsampled/munged/par30.sumstats.gz,../results/ldsc/STAGE00DATA/mean_imputed/not_subsampled/munged/par31.sumstats.gz \
--w-ld-chr ../SAMPLE_DATA/eur_w_ld_chr/ 

Beginning analysis at Thu Mar 17 03:14:42 2022
Reading summary statistics from ../results/ldsc/STAGE00DATA/mean_imputed/not_subsampled/munged/par18.sumstats.gz ...
Read summary statistics for 7033675 SNPs.
Reading reference panel LD Score from ../SAMPLE_DATA/eur_w_ld_chr/[1-22] ... (ldscore_fromlist)
Read reference panel LD Scores for 1290028 SNPs.
Removing partitioned LD Scores with zero variance.
Reading regression weight LD Score from ../SAMPLE_DATA/eur_w_ld_chr/[1-22] ... (ldscore_fromlist)
Read regression weight LD Scores for 1290028 SNPs.
After merging with reference panel LD, 1174774 SNPs remain.
After merging with regression SNP LD, 1174774 SNPs remain.
Computing rg for phenotype 2/14
Reading summary statistics from ../results/ldsc/STAGE00DATA/mean_imputed/not_subsampled/munged/par19.sumstats.gz ...
Read summary statistics for 7033675 SNPs.
After merging with summary statistics, 1174774 SNPs remain.
1174774 SNPs with valid alleles.

Heritability of phenotype 1
---------------------------
Total Observed scale h2: 0.0782 (0.0215)
Lambda GC: 1.0436
Mean Chi^2: 1.0289
Intercept: 0.9992 (0.0059)
Ratio < 0 (usually indicates GC correction).

Heritability of phenotype 2/14
------------------------------
Total Observed scale h2: 0.0457 (0.0242)
Lambda GC: 1.0195
Mean Chi^2: 1.0204
Intercept: 1.0031 (0.006)
Ratio: 0.1509 (0.2938)

Genetic Covariance
------------------
Total Observed scale gencov: 0.0592 (0.0151)
Mean z1*z2: 0.3021
Intercept: 0.2794 (0.004)

Genetic Correlation
-------------------
Genetic Correlation: 0.9891 (0.2082)
Z-score: 4.7516
P: 2.0182e-06

Computing rg for phenotype 3/14
Reading summary statistics from ../results/ldsc/STAGE00DATA/mean_imputed/not_subsampled/munged/par20.sumstats.gz ...
Read summary statistics for 7033675 SNPs.
After merging with summary statistics, 1174774 SNPs remain.
1174774 SNPs with valid alleles.

Heritability of phenotype 3/14
------------------------------
Total Observed scale h2: 0.1785 (0.0281)
Lambda GC: 1.0741
Mean Chi^2: 1.0689
Intercept: 1.0007 (0.0063)
Ratio: 0.01 (0.0911)

Genetic Covariance
------------------
Total Observed scale gencov: 0.0972 (0.0141)
Mean z1*z2: 0.227
Intercept: 0.1893 (0.0037)

Genetic Correlation
-------------------
Genetic Correlation: 0.8228 (0.1033)
Z-score: 7.9657
P: 1.6426e-15

Computing rg for phenotype 4/14
Reading summary statistics from ../results/ldsc/STAGE00DATA/mean_imputed/not_subsampled/munged/par21.sumstats.gz ...
Read summary statistics for 7033675 SNPs.
After merging with summary statistics, 1174774 SNPs remain.
1174774 SNPs with valid alleles.

Heritability of phenotype 4/14
------------------------------
Total Observed scale h2: 0.0827 (0.0246)
Lambda GC: 1.0345
Mean Chi^2: 1.0258
Intercept: 0.9944 (0.0061)
Ratio < 0 (usually indicates GC correction).

Genetic Covariance
------------------
Total Observed scale gencov: 0.0645 (0.0141)
Mean z1*z2: 0.2554
Intercept: 0.2306 (0.0041)

Genetic Correlation
-------------------
Genetic Correlation: 0.8015 (0.1185)
Z-score: 6.7641
P: 1.3418e-11

Computing rg for phenotype 5/14
Reading summary statistics from ../results/ldsc/STAGE00DATA/mean_imputed/not_subsampled/munged/par22.sumstats.gz ...
Read summary statistics for 7033675 SNPs.
After merging with summary statistics, 1174774 SNPs remain.
1174774 SNPs with valid alleles.

Heritability of phenotype 5/14
------------------------------
Total Observed scale h2: 0.1848 (0.0249)
Lambda GC: 1.0988
Mean Chi^2: 1.0809
Intercept: 1.0109 (0.0061)
Ratio: 0.1343 (0.0757)

Genetic Covariance
------------------
Total Observed scale gencov: 0.0909 (0.0142)
Mean z1*z2: 0.229
Intercept: 0.194 (0.004)

Genetic Correlation
-------------------
Genetic Correlation: 0.7557 (0.1003)
Z-score: 7.5345
P: 4.9037e-14

Computing rg for phenotype 6/14
Reading summary statistics from ../results/ldsc/STAGE00DATA/mean_imputed/not_subsampled/munged/par23.sumstats.gz ...
Read summary statistics for 7033675 SNPs.
After merging with summary statistics, 1174774 SNPs remain.
1174774 SNPs with valid alleles.

Heritability of phenotype 6/14
------------------------------
Total Observed scale h2: 0.0487 (0.0251)
Lambda GC: 1.0255
Mean Chi^2: 1.0208
Intercept: 1.0022 (0.0063)
Ratio: 0.1053 (0.3017)

Genetic Covariance
------------------
Total Observed scale gencov: 0.057 (0.0134)
Mean z1*z2: 0.2321
Intercept: 0.2101 (0.0037)

Genetic Correlation
-------------------
Genetic Correlation: 0.9241 (0.2041)
Z-score: 4.5287
P: 5.9353e-06

Computing rg for phenotype 7/14
Reading summary statistics from ../results/ldsc/STAGE00DATA/mean_imputed/not_subsampled/munged/par24.sumstats.gz ...
Read summary statistics for 7033675 SNPs.
After merging with summary statistics, 1174774 SNPs remain.
1174774 SNPs with valid alleles.

Heritability of phenotype 7/14
------------------------------
Total Observed scale h2: 0.1397 (0.0273)
Lambda GC: 1.0557
Mean Chi^2: 1.0477
Intercept: 0.993 (0.0064)
Ratio < 0 (usually indicates GC correction).

Genetic Covariance
------------------
Total Observed scale gencov: 0.0679 (0.0151)
Mean z1*z2: 0.2118
Intercept: 0.1853 (0.0038)

Genetic Correlation
-------------------
Genetic Correlation: 0.6492 (0.1091)
Z-score: 5.9508
P: 2.6680e-09

Computing rg for phenotype 8/14
Reading summary statistics from ../results/ldsc/STAGE00DATA/mean_imputed/not_subsampled/munged/par25.sumstats.gz ...
Read summary statistics for 7033675 SNPs.
After merging with summary statistics, 1174774 SNPs remain.
1174774 SNPs with valid alleles.

Heritability of phenotype 8/14
------------------------------
Total Observed scale h2: 0.0504 (0.0231)
Lambda GC: 1.0195
Mean Chi^2: 1.0136
Intercept: 0.9946 (0.0061)
Ratio < 0 (usually indicates GC correction).

Genetic Covariance
------------------
Total Observed scale gencov: 0.0422 (0.0119)
Mean z1*z2: 0.2001
Intercept: 0.1838 (0.0035)

Genetic Correlation
-------------------
Genetic Correlation: 0.6725 (0.1587)
Z-score: 4.2373
P: 2.2618e-05

Computing rg for phenotype 9/14
Reading summary statistics from ../results/ldsc/STAGE00DATA/mean_imputed/not_subsampled/munged/par26.sumstats.gz ...
Read summary statistics for 7033675 SNPs.
After merging with summary statistics, 1174774 SNPs remain.
1174774 SNPs with valid alleles.

Heritability of phenotype 9/14
------------------------------
Total Observed scale h2: 0.0097 (0.0202)
Lambda GC: 1.0046
Mean Chi^2: 1.004
Intercept: 1.0004 (0.0054)
Ratio: 0.0938 (1.3327)

Genetic Covariance
------------------
Total Observed scale gencov: 0.0247 (0.011)
Mean z1*z2: 0.1972
Intercept: 0.1877 (0.003)

Genetic Correlation
-------------------
Genetic Correlation: 0.8955 (0.9792)
Z-score: 0.9145
P: 0.3604

Computing rg for phenotype 10/14
Reading summary statistics from ../results/ldsc/STAGE00DATA/mean_imputed/not_subsampled/munged/par27.sumstats.gz ...
Read summary statistics for 7033675 SNPs.
After merging with summary statistics, 1174774 SNPs remain.
1174774 SNPs with valid alleles.

Heritability of phenotype 10/14
-------------------------------
Total Observed scale h2: 0.0141 (0.024)
Lambda GC: 1.0165
Mean Chi^2: 1.0117
Intercept: 1.0064 (0.0061)
Ratio: 0.548 (0.5211)

Genetic Covariance
------------------
Total Observed scale gencov: 0.0389 (0.0122)
Mean z1*z2: 0.2102
Intercept: 0.1953 (0.0035)

Genetic Correlation
-------------------
Genetic Correlation: 1.1714 (0.8799)
Z-score: 1.3313
P: 0.1831

Computing rg for phenotype 11/14
Reading summary statistics from ../results/ldsc/STAGE00DATA/mean_imputed/not_subsampled/munged/par28.sumstats.gz ...
Read summary statistics for 7033675 SNPs.
After merging with summary statistics, 1174774 SNPs remain.
1174774 SNPs with valid alleles.

Heritability of phenotype 11/14
-------------------------------
Total Observed scale h2: 0.0995 (0.0247)
Lambda GC: 1.0405
Mean Chi^2: 1.0331
Intercept: 0.9945 (0.0064)
Ratio < 0 (usually indicates GC correction).

Genetic Covariance
------------------
Total Observed scale gencov: 0.0764 (0.012)
Mean z1*z2: 0.2141
Intercept: 0.1845 (0.0033)

Genetic Correlation
-------------------
Genetic Correlation: 0.866 (0.1213)
Z-score: 7.1407
P: 9.2882e-13

Computing rg for phenotype 12/14
Reading summary statistics from ../results/ldsc/STAGE00DATA/mean_imputed/not_subsampled/munged/par29.sumstats.gz ...
Read summary statistics for 7033675 SNPs.
After merging with summary statistics, 1174774 SNPs remain.
1174774 SNPs with valid alleles.

Heritability of phenotype 12/14
-------------------------------
Total Observed scale h2: 0.0652 (0.0233)
Lambda GC: 1.0315
Mean Chi^2: 1.0267
Intercept: 1.0019 (0.0065)
Ratio: 0.0728 (0.2444)

Genetic Covariance
------------------
Total Observed scale gencov: 0.0595 (0.0114)
Mean z1*z2: 0.2134
Intercept: 0.1906 (0.0034)

Genetic Correlation
-------------------
Genetic Correlation: 0.8329 (0.1638)
Z-score: 5.0853
P: 3.6712e-07

Computing rg for phenotype 13/14
Reading summary statistics from ../results/ldsc/STAGE00DATA/mean_imputed/not_subsampled/munged/par30.sumstats.gz ...
Read summary statistics for 7033675 SNPs.
After merging with summary statistics, 1174774 SNPs remain.
1174774 SNPs with valid alleles.

Heritability of phenotype 13/14
-------------------------------
Total Observed scale h2: 0.0181 (0.0224)
Lambda GC: 1.0046
Mean Chi^2: 1.0046
Intercept: 0.9977 (0.0061)
Ratio < 0 (usually indicates GC correction).

Genetic Covariance
------------------
Total Observed scale gencov: 0.0254 (0.0123)
Mean z1*z2: 0.1978
Intercept: 0.1881 (0.0036)

Genetic Correlation
-------------------
Genetic Correlation: 0.6731 (0.356)
Z-score: 1.8909
P: 0.0586

Computing rg for phenotype 14/14
Reading summary statistics from ../results/ldsc/STAGE00DATA/mean_imputed/not_subsampled/munged/par31.sumstats.gz ...
Read summary statistics for 7033675 SNPs.
After merging with summary statistics, 1174774 SNPs remain.
1174774 SNPs with valid alleles.

Heritability of phenotype 14/14
-------------------------------
Total Observed scale h2: 0.0251 (0.0203)
Lambda GC: 1.0195
Mean Chi^2: 1.0223
Intercept: 1.0129 (0.0061)
Ratio: 0.5777 (0.272)

Genetic Covariance
------------------
Total Observed scale gencov: 0.0298 (0.0128)
Mean z1*z2: 0.2454
Intercept: 0.2341 (0.0038)

Genetic Correlation
-------------------
Genetic Correlation: 0.6711 (0.2616)
Z-score: 2.566
P: 0.0103


Summary of Genetic Correlation Results
                                                                               p1                                                                                p2      rg      se       z           p  h2_obs  h2_obs_se  h2_int  h2_int_se  gcov_int  gcov_int_se
 ../results/ldsc/STAGE00DATA/mean_imputed/not_subsampled/munged/par18.sumstats.gz  ../results/ldsc/STAGE00DATA/mean_imputed/not_subsampled/munged/par19.sumstats.gz  0.9891  0.2082  4.7516  2.0182e-06  0.0457     0.0242  1.0031     0.0060    0.2794       0.0040
 ../results/ldsc/STAGE00DATA/mean_imputed/not_subsampled/munged/par18.sumstats.gz  ../results/ldsc/STAGE00DATA/mean_imputed/not_subsampled/munged/par20.sumstats.gz  0.8228  0.1033  7.9657  1.6426e-15  0.1785     0.0281  1.0007     0.0063    0.1893       0.0037
 ../results/ldsc/STAGE00DATA/mean_imputed/not_subsampled/munged/par18.sumstats.gz  ../results/ldsc/STAGE00DATA/mean_imputed/not_subsampled/munged/par21.sumstats.gz  0.8015  0.1185  6.7641  1.3418e-11  0.0827     0.0246  0.9944     0.0061    0.2306       0.0041
 ../results/ldsc/STAGE00DATA/mean_imputed/not_subsampled/munged/par18.sumstats.gz  ../results/ldsc/STAGE00DATA/mean_imputed/not_subsampled/munged/par22.sumstats.gz  0.7557  0.1003  7.5345  4.9037e-14  0.1848     0.0249  1.0109     0.0061    0.1940       0.0040
 ../results/ldsc/STAGE00DATA/mean_imputed/not_subsampled/munged/par18.sumstats.gz  ../results/ldsc/STAGE00DATA/mean_imputed/not_subsampled/munged/par23.sumstats.gz  0.9241  0.2041  4.5287  5.9353e-06  0.0487     0.0251  1.0022     0.0063    0.2101       0.0037
 ../results/ldsc/STAGE00DATA/mean_imputed/not_subsampled/munged/par18.sumstats.gz  ../results/ldsc/STAGE00DATA/mean_imputed/not_subsampled/munged/par24.sumstats.gz  0.6492  0.1091  5.9508  2.6680e-09  0.1397     0.0273  0.9930     0.0064    0.1853       0.0038
 ../results/ldsc/STAGE00DATA/mean_imputed/not_subsampled/munged/par18.sumstats.gz  ../results/ldsc/STAGE00DATA/mean_imputed/not_subsampled/munged/par25.sumstats.gz  0.6725  0.1587  4.2373  2.2618e-05  0.0504     0.0231  0.9946     0.0061    0.1838       0.0035
 ../results/ldsc/STAGE00DATA/mean_imputed/not_subsampled/munged/par18.sumstats.gz  ../results/ldsc/STAGE00DATA/mean_imputed/not_subsampled/munged/par26.sumstats.gz  0.8955  0.9792  0.9145  3.6044e-01  0.0097     0.0202  1.0004     0.0054    0.1877       0.0030
 ../results/ldsc/STAGE00DATA/mean_imputed/not_subsampled/munged/par18.sumstats.gz  ../results/ldsc/STAGE00DATA/mean_imputed/not_subsampled/munged/par27.sumstats.gz  1.1714  0.8799  1.3313  1.8309e-01  0.0141     0.0240  1.0064     0.0061    0.1953       0.0035
 ../results/ldsc/STAGE00DATA/mean_imputed/not_subsampled/munged/par18.sumstats.gz  ../results/ldsc/STAGE00DATA/mean_imputed/not_subsampled/munged/par28.sumstats.gz  0.8660  0.1213  7.1407  9.2882e-13  0.0995     0.0247  0.9945     0.0064    0.1845       0.0033
 ../results/ldsc/STAGE00DATA/mean_imputed/not_subsampled/munged/par18.sumstats.gz  ../results/ldsc/STAGE00DATA/mean_imputed/not_subsampled/munged/par29.sumstats.gz  0.8329  0.1638  5.0853  3.6712e-07  0.0652     0.0233  1.0019     0.0065    0.1906       0.0034
 ../results/ldsc/STAGE00DATA/mean_imputed/not_subsampled/munged/par18.sumstats.gz  ../results/ldsc/STAGE00DATA/mean_imputed/not_subsampled/munged/par30.sumstats.gz  0.6731  0.3560  1.8909  5.8633e-02  0.0181     0.0224  0.9977     0.0061    0.1881       0.0036
 ../results/ldsc/STAGE00DATA/mean_imputed/not_subsampled/munged/par18.sumstats.gz  ../results/ldsc/STAGE00DATA/mean_imputed/not_subsampled/munged/par31.sumstats.gz  0.6711  0.2616  2.5660  1.0288e-02  0.0251     0.0203  1.0129     0.0061    0.2341       0.0038

Analysis finished at Thu Mar 17 03:19:48 2022
Total time elapsed: 5.0m:5.47s
