*********************************************************************
* LD Score Regression (LDSC)
* Version 1.0.1
* (C) 2014-2019 Brendan Bulik-Sullivan and Hilary Finucane
* Broad Institute of MIT and Harvard / MIT Department of Mathematics
* GNU General Public License v3
*********************************************************************
Call: 
./ldsc.py \
--ref-ld-chr ../SAMPLE_DATA/eur_w_ld_chr/ \
--out ../results/ldsc/STAGE00DATA/mean_imputed/not_subsampled/rg/par16 \
--rg ../results/ldsc/STAGE00DATA/mean_imputed/not_subsampled/munged/par16.sumstats.gz,../results/ldsc/STAGE00DATA/mean_imputed/not_subsampled/munged/par17.sumstats.gz,../results/ldsc/STAGE00DATA/mean_imputed/not_subsampled/munged/par18.sumstats.gz,../results/ldsc/STAGE00DATA/mean_imputed/not_subsampled/munged/par19.sumstats.gz,../results/ldsc/STAGE00DATA/mean_imputed/not_subsampled/munged/par20.sumstats.gz,../results/ldsc/STAGE00DATA/mean_imputed/not_subsampled/munged/par21.sumstats.gz,../results/ldsc/STAGE00DATA/mean_imputed/not_subsampled/munged/par22.sumstats.gz,../results/ldsc/STAGE00DATA/mean_imputed/not_subsampled/munged/par23.sumstats.gz,../results/ldsc/STAGE00DATA/mean_imputed/not_subsampled/munged/par24.sumstats.gz,../results/ldsc/STAGE00DATA/mean_imputed/not_subsampled/munged/par25.sumstats.gz,../results/ldsc/STAGE00DATA/mean_imputed/not_subsampled/munged/par26.sumstats.gz,../results/ldsc/STAGE00DATA/mean_imputed/not_subsampled/munged/par27.sumstats.gz,../results/ldsc/STAGE00DATA/mean_imputed/not_subsampled/munged/par28.sumstats.gz,../results/ldsc/STAGE00DATA/mean_imputed/not_subsampled/munged/par29.sumstats.gz,../results/ldsc/STAGE00DATA/mean_imputed/not_subsampled/munged/par30.sumstats.gz,../results/ldsc/STAGE00DATA/mean_imputed/not_subsampled/munged/par31.sumstats.gz \
--w-ld-chr ../SAMPLE_DATA/eur_w_ld_chr/ 

Beginning analysis at Tue Mar 22 13:10:21 2022
Reading summary statistics from ../results/ldsc/STAGE00DATA/mean_imputed/not_subsampled/munged/par16.sumstats.gz ...
Read summary statistics for 1180716 SNPs.
Reading reference panel LD Score from ../SAMPLE_DATA/eur_w_ld_chr/[1-22] ... (ldscore_fromlist)
Read reference panel LD Scores for 1290028 SNPs.
Removing partitioned LD Scores with zero variance.
Reading regression weight LD Score from ../SAMPLE_DATA/eur_w_ld_chr/[1-22] ... (ldscore_fromlist)
Read regression weight LD Scores for 1290028 SNPs.
After merging with reference panel LD, 1174407 SNPs remain.
After merging with regression SNP LD, 1174407 SNPs remain.
Computing rg for phenotype 2/16
Reading summary statistics from ../results/ldsc/STAGE00DATA/mean_imputed/not_subsampled/munged/par17.sumstats.gz ...
Read summary statistics for 1217311 SNPs.
After merging with summary statistics, 1174407 SNPs remain.
1174407 SNPs with valid alleles.

Heritability of phenotype 1
---------------------------
Total Observed scale h2: 0.1501 (0.0233)
Lambda GC: 1.0679
Mean Chi^2: 1.0505
Intercept: 0.9942 (0.0063)
Ratio < 0 (usually indicates GC correction).

Heritability of phenotype 2/16
------------------------------
Total Observed scale h2: 0.187 (0.0284)
Lambda GC: 1.0957
Mean Chi^2: 1.0788
Intercept: 1.0076 (0.0067)
Ratio: 0.0958 (0.0854)

Genetic Covariance
------------------
Total Observed scale gencov: 0.1208 (0.0154)
Mean z1*z2: 0.3091
Intercept: 0.2637 (0.0037)

Genetic Correlation
-------------------
Genetic Correlation: 0.7211 (0.0656)
Z-score: 10.9901
P: 4.2660e-28

Computing rg for phenotype 3/16
Reading summary statistics from ../results/ldsc/STAGE00DATA/mean_imputed/not_subsampled/munged/par18.sumstats.gz ...
Read summary statistics for 1217311 SNPs.
After merging with summary statistics, 1174407 SNPs remain.
1174407 SNPs with valid alleles.

Heritability of phenotype 3/16
------------------------------
Total Observed scale h2: 0.0783 (0.0215)
Lambda GC: 1.0436
Mean Chi^2: 1.0289
Intercept: 0.9992 (0.0059)
Ratio < 0 (usually indicates GC correction).

Genetic Covariance
------------------
Total Observed scale gencov: 0.0765 (0.0142)
Mean z1*z2: 0.2702
Intercept: 0.2411 (0.004)

Genetic Correlation
-------------------
Genetic Correlation: 0.7052 (0.0853)
Z-score: 8.2637
P: 1.4117e-16

Computing rg for phenotype 4/16
Reading summary statistics from ../results/ldsc/STAGE00DATA/mean_imputed/not_subsampled/munged/par19.sumstats.gz ...
Read summary statistics for 1217311 SNPs.
After merging with summary statistics, 1174407 SNPs remain.
1174407 SNPs with valid alleles.

Heritability of phenotype 4/16
------------------------------
Total Observed scale h2: 0.0459 (0.0243)
Lambda GC: 1.0195
Mean Chi^2: 1.0204
Intercept: 1.003 (0.006)
Ratio: 0.1473 (0.2935)

Genetic Covariance
------------------
Total Observed scale gencov: 0.0713 (0.0136)
Mean z1*z2: 0.2116
Intercept: 0.1843 (0.0034)

Genetic Correlation
-------------------
Genetic Correlation: 0.8579 (0.189)
Z-score: 4.5386
P: 5.6635e-06

Computing rg for phenotype 5/16
Reading summary statistics from ../results/ldsc/STAGE00DATA/mean_imputed/not_subsampled/munged/par20.sumstats.gz ...
Read summary statistics for 1217311 SNPs.
After merging with summary statistics, 1174407 SNPs remain.
1174407 SNPs with valid alleles.

Heritability of phenotype 5/16
------------------------------
Total Observed scale h2: 0.1787 (0.028)
Lambda GC: 1.0741
Mean Chi^2: 1.0689
Intercept: 1.0006 (0.0062)
Ratio: 0.0086 (0.0907)

Genetic Covariance
------------------
Total Observed scale gencov: 0.1043 (0.0139)
Mean z1*z2: 0.2325
Intercept: 0.1923 (0.0034)

Genetic Correlation
-------------------
Genetic Correlation: 0.6369 (0.0568)
Z-score: 11.2217
P: 3.1923e-29

Computing rg for phenotype 6/16
Reading summary statistics from ../results/ldsc/STAGE00DATA/mean_imputed/not_subsampled/munged/par21.sumstats.gz ...
Read summary statistics for 1217311 SNPs.
After merging with summary statistics, 1174407 SNPs remain.
1174407 SNPs with valid alleles.

Heritability of phenotype 6/16
------------------------------
Total Observed scale h2: 0.0828 (0.0246)
Lambda GC: 1.0345
Mean Chi^2: 1.0258
Intercept: 0.9944 (0.0061)
Ratio < 0 (usually indicates GC correction).

Genetic Covariance
------------------
Total Observed scale gencov: 0.0737 (0.0136)
Mean z1*z2: 0.2636
Intercept: 0.2356 (0.0036)

Genetic Correlation
-------------------
Genetic Correlation: 0.6605 (0.0884)
Z-score: 7.471
P: 7.9593e-14

Computing rg for phenotype 7/16
Reading summary statistics from ../results/ldsc/STAGE00DATA/mean_imputed/not_subsampled/munged/par22.sumstats.gz ...
Read summary statistics for 1217311 SNPs.
After merging with summary statistics, 1174407 SNPs remain.
1174407 SNPs with valid alleles.

Heritability of phenotype 7/16
------------------------------
Total Observed scale h2: 0.1845 (0.0249)
Lambda GC: 1.0988
Mean Chi^2: 1.0809
Intercept: 1.011 (0.0062)
Ratio: 0.1358 (0.076)

Genetic Covariance
------------------
Total Observed scale gencov: 0.1227 (0.0145)
Mean z1*z2: 0.2781
Intercept: 0.2312 (0.0035)

Genetic Correlation
-------------------
Genetic Correlation: 0.7374 (0.0622)
Z-score: 11.8542
P: 2.0474e-32

Computing rg for phenotype 8/16
Reading summary statistics from ../results/ldsc/STAGE00DATA/mean_imputed/not_subsampled/munged/par23.sumstats.gz ...
Read summary statistics for 1217311 SNPs.
After merging with summary statistics, 1174407 SNPs remain.
1174407 SNPs with valid alleles.

Heritability of phenotype 8/16
------------------------------
Total Observed scale h2: 0.0484 (0.025)
Lambda GC: 1.0255
Mean Chi^2: 1.0208
Intercept: 1.0023 (0.0062)
Ratio: 0.1105 (0.3001)

Genetic Covariance
------------------
Total Observed scale gencov: 0.0679 (0.0132)
Mean z1*z2: 0.2118
Intercept: 0.1862 (0.0035)

Genetic Correlation
-------------------
Genetic Correlation: 0.7967 (0.1678)
Z-score: 4.7479
P: 2.0556e-06

Computing rg for phenotype 9/16
Reading summary statistics from ../results/ldsc/STAGE00DATA/mean_imputed/not_subsampled/munged/par24.sumstats.gz ...
Read summary statistics for 1217311 SNPs.
After merging with summary statistics, 1174407 SNPs remain.
1174407 SNPs with valid alleles.

Heritability of phenotype 9/16
------------------------------
Total Observed scale h2: 0.1396 (0.0273)
Lambda GC: 1.0557
Mean Chi^2: 1.0477
Intercept: 0.993 (0.0064)
Ratio < 0 (usually indicates GC correction).

Genetic Covariance
------------------
Total Observed scale gencov: 0.0633 (0.0129)
Mean z1*z2: 0.2174
Intercept: 0.1926 (0.0035)

Genetic Correlation
-------------------
Genetic Correlation: 0.4371 (0.0627)
Z-score: 6.9718
P: 3.1301e-12

Computing rg for phenotype 10/16
Reading summary statistics from ../results/ldsc/STAGE00DATA/mean_imputed/not_subsampled/munged/par25.sumstats.gz ...
Read summary statistics for 1217311 SNPs.
After merging with summary statistics, 1174407 SNPs remain.
1174407 SNPs with valid alleles.

Heritability of phenotype 10/16
-------------------------------
Total Observed scale h2: 0.0502 (0.0231)
Lambda GC: 1.0195
Mean Chi^2: 1.0137
Intercept: 0.9947 (0.0061)
Ratio < 0 (usually indicates GC correction).

Genetic Covariance
------------------
Total Observed scale gencov: 0.0616 (0.013)
Mean z1*z2: 0.2088
Intercept: 0.1853 (0.0035)

Genetic Correlation
-------------------
Genetic Correlation: 0.7096 (0.1391)
Z-score: 5.1011
P: 3.3770e-07

Computing rg for phenotype 11/16
Reading summary statistics from ../results/ldsc/STAGE00DATA/mean_imputed/not_subsampled/munged/par26.sumstats.gz ...
Read summary statistics for 1217311 SNPs.
After merging with summary statistics, 1174407 SNPs remain.
1174407 SNPs with valid alleles.

Heritability of phenotype 11/16
-------------------------------
Total Observed scale h2: 0.0097 (0.0202)
Lambda GC: 1.0046
Mean Chi^2: 1.004
Intercept: 1.0003 (0.0054)
Ratio: 0.0858 (1.3416)

Genetic Covariance
------------------
Total Observed scale gencov: 0.05 (0.0124)
Mean z1*z2: 0.2049
Intercept: 0.1859 (0.0031)

Genetic Correlation
-------------------
Genetic Correlation: nan (nan) (rg out of bounds) 
Z-score: nan (nan) (rg out of bounds)
P: nan (nan) (rg out of bounds)
WARNING: rg was out of bounds.
This often means that h2 is not significantly different from zero.

Computing rg for phenotype 12/16
Reading summary statistics from ../results/ldsc/STAGE00DATA/mean_imputed/not_subsampled/munged/par27.sumstats.gz ...
Read summary statistics for 1217311 SNPs.
After merging with summary statistics, 1174407 SNPs remain.
1174407 SNPs with valid alleles.

Heritability of phenotype 12/16
-------------------------------
Total Observed scale h2: 0.0141 (0.024)
Lambda GC: 1.0165
Mean Chi^2: 1.0116
Intercept: 1.0064 (0.0061)
Ratio: 0.5476 (0.5221)

Genetic Covariance
------------------
Total Observed scale gencov: 0.0433 (0.0128)
Mean z1*z2: 0.2074
Intercept: 0.1907 (0.0034)

Genetic Correlation
-------------------
Genetic Correlation: 0.9405 (0.6767)
Z-score: 1.3899
P: 0.1646

Computing rg for phenotype 13/16
Reading summary statistics from ../results/ldsc/STAGE00DATA/mean_imputed/not_subsampled/munged/par28.sumstats.gz ...
Read summary statistics for 1217311 SNPs.
After merging with summary statistics, 1174407 SNPs remain.
1174407 SNPs with valid alleles.

Heritability of phenotype 13/16
-------------------------------
Total Observed scale h2: 0.0992 (0.0248)
Lambda GC: 1.0405
Mean Chi^2: 1.0331
Intercept: 0.9946 (0.0064)
Ratio < 0 (usually indicates GC correction).

Genetic Covariance
------------------
Total Observed scale gencov: 0.0749 (0.0126)
Mean z1*z2: 0.2131
Intercept: 0.1845 (0.0034)

Genetic Correlation
-------------------
Genetic Correlation: 0.614 (0.0843)
Z-score: 7.28
P: 3.3378e-13

Computing rg for phenotype 14/16
Reading summary statistics from ../results/ldsc/STAGE00DATA/mean_imputed/not_subsampled/munged/par29.sumstats.gz ...
Read summary statistics for 1217311 SNPs.
After merging with summary statistics, 1174407 SNPs remain.
1174407 SNPs with valid alleles.

Heritability of phenotype 14/16
-------------------------------
Total Observed scale h2: 0.065 (0.0232)
Lambda GC: 1.0315
Mean Chi^2: 1.0267
Intercept: 1.002 (0.0065)
Ratio: 0.0763 (0.2432)

Genetic Covariance
------------------
Total Observed scale gencov: 0.0622 (0.0118)
Mean z1*z2: 0.2121
Intercept: 0.1887 (0.0033)

Genetic Correlation
-------------------
Genetic Correlation: 0.6294 (0.1136)
Z-score: 5.5387
P: 3.0467e-08

Computing rg for phenotype 15/16
Reading summary statistics from ../results/ldsc/STAGE00DATA/mean_imputed/not_subsampled/munged/par30.sumstats.gz ...
Read summary statistics for 1217311 SNPs.
After merging with summary statistics, 1174407 SNPs remain.
1174407 SNPs with valid alleles.

Heritability of phenotype 15/16
-------------------------------
Total Observed scale h2: 0.0181 (0.0224)
Lambda GC: 1.0046
Mean Chi^2: 1.0046
Intercept: 0.9977 (0.006)
Ratio < 0 (usually indicates GC correction).

Genetic Covariance
------------------
Total Observed scale gencov: 0.0353 (0.0117)
Mean z1*z2: 0.1955
Intercept: 0.1822 (0.0032)

Genetic Correlation
-------------------
Genetic Correlation: 0.6774 (0.3679)
Z-score: 1.8411
P: 0.0656

Computing rg for phenotype 16/16
Reading summary statistics from ../results/ldsc/STAGE00DATA/mean_imputed/not_subsampled/munged/par31.sumstats.gz ...
Read summary statistics for 1217311 SNPs.
After merging with summary statistics, 1174407 SNPs remain.
1174407 SNPs with valid alleles.

Heritability of phenotype 16/16
-------------------------------
Total Observed scale h2: 0.0248 (0.0204)
Lambda GC: 1.0195
Mean Chi^2: 1.0223
Intercept: 1.013 (0.0061)
Ratio: 0.5825 (0.2723)

Genetic Covariance
------------------
Total Observed scale gencov: 0.0511 (0.0122)
Mean z1*z2: 0.2024
Intercept: 0.1832 (0.0034)

Genetic Correlation
-------------------
Genetic Correlation: 0.8368 (0.3005)
Z-score: 2.7844
P: 0.0054


Summary of Genetic Correlation Results
                                                                               p1                                                                                p2      rg      se        z           p  h2_obs  h2_obs_se  h2_int  h2_int_se  gcov_int  gcov_int_se
 ../results/ldsc/STAGE00DATA/mean_imputed/not_subsampled/munged/par16.sumstats.gz  ../results/ldsc/STAGE00DATA/mean_imputed/not_subsampled/munged/par17.sumstats.gz  0.7211  0.0656  10.9901  4.2660e-28  0.1870     0.0284  1.0076     0.0067    0.2637       0.0037
 ../results/ldsc/STAGE00DATA/mean_imputed/not_subsampled/munged/par16.sumstats.gz  ../results/ldsc/STAGE00DATA/mean_imputed/not_subsampled/munged/par18.sumstats.gz  0.7052  0.0853   8.2637  1.4117e-16  0.0783     0.0215  0.9992     0.0059    0.2411       0.0040
 ../results/ldsc/STAGE00DATA/mean_imputed/not_subsampled/munged/par16.sumstats.gz  ../results/ldsc/STAGE00DATA/mean_imputed/not_subsampled/munged/par19.sumstats.gz  0.8579  0.1890   4.5386  5.6635e-06  0.0459     0.0243  1.0030     0.0060    0.1843       0.0034
 ../results/ldsc/STAGE00DATA/mean_imputed/not_subsampled/munged/par16.sumstats.gz  ../results/ldsc/STAGE00DATA/mean_imputed/not_subsampled/munged/par20.sumstats.gz  0.6369  0.0568  11.2217  3.1923e-29  0.1787     0.0280  1.0006     0.0062    0.1923       0.0034
 ../results/ldsc/STAGE00DATA/mean_imputed/not_subsampled/munged/par16.sumstats.gz  ../results/ldsc/STAGE00DATA/mean_imputed/not_subsampled/munged/par21.sumstats.gz  0.6605  0.0884   7.4710  7.9593e-14  0.0828     0.0246  0.9944     0.0061    0.2356       0.0036
 ../results/ldsc/STAGE00DATA/mean_imputed/not_subsampled/munged/par16.sumstats.gz  ../results/ldsc/STAGE00DATA/mean_imputed/not_subsampled/munged/par22.sumstats.gz  0.7374  0.0622  11.8542  2.0474e-32  0.1845     0.0249  1.0110     0.0062    0.2312       0.0035
 ../results/ldsc/STAGE00DATA/mean_imputed/not_subsampled/munged/par16.sumstats.gz  ../results/ldsc/STAGE00DATA/mean_imputed/not_subsampled/munged/par23.sumstats.gz  0.7967  0.1678   4.7479  2.0556e-06  0.0484     0.0250  1.0023     0.0062    0.1862       0.0035
 ../results/ldsc/STAGE00DATA/mean_imputed/not_subsampled/munged/par16.sumstats.gz  ../results/ldsc/STAGE00DATA/mean_imputed/not_subsampled/munged/par24.sumstats.gz  0.4371  0.0627   6.9718  3.1301e-12  0.1396     0.0273  0.9930     0.0064    0.1926       0.0035
 ../results/ldsc/STAGE00DATA/mean_imputed/not_subsampled/munged/par16.sumstats.gz  ../results/ldsc/STAGE00DATA/mean_imputed/not_subsampled/munged/par25.sumstats.gz  0.7096  0.1391   5.1011  3.3770e-07  0.0502     0.0231  0.9947     0.0061    0.1853       0.0035
 ../results/ldsc/STAGE00DATA/mean_imputed/not_subsampled/munged/par16.sumstats.gz  ../results/ldsc/STAGE00DATA/mean_imputed/not_subsampled/munged/par26.sumstats.gz  1.3078  1.3926   0.9391  3.4768e-01  0.0097     0.0202  1.0003     0.0054    0.1859       0.0031
 ../results/ldsc/STAGE00DATA/mean_imputed/not_subsampled/munged/par16.sumstats.gz  ../results/ldsc/STAGE00DATA/mean_imputed/not_subsampled/munged/par27.sumstats.gz  0.9405  0.6767   1.3899  1.6455e-01  0.0141     0.0240  1.0064     0.0061    0.1907       0.0034
 ../results/ldsc/STAGE00DATA/mean_imputed/not_subsampled/munged/par16.sumstats.gz  ../results/ldsc/STAGE00DATA/mean_imputed/not_subsampled/munged/par28.sumstats.gz  0.6140  0.0843   7.2800  3.3378e-13  0.0992     0.0248  0.9946     0.0064    0.1845       0.0034
 ../results/ldsc/STAGE00DATA/mean_imputed/not_subsampled/munged/par16.sumstats.gz  ../results/ldsc/STAGE00DATA/mean_imputed/not_subsampled/munged/par29.sumstats.gz  0.6294  0.1136   5.5387  3.0467e-08  0.0650     0.0232  1.0020     0.0065    0.1887       0.0033
 ../results/ldsc/STAGE00DATA/mean_imputed/not_subsampled/munged/par16.sumstats.gz  ../results/ldsc/STAGE00DATA/mean_imputed/not_subsampled/munged/par30.sumstats.gz  0.6774  0.3679   1.8411  6.5603e-02  0.0181     0.0224  0.9977     0.0060    0.1822       0.0032
 ../results/ldsc/STAGE00DATA/mean_imputed/not_subsampled/munged/par16.sumstats.gz  ../results/ldsc/STAGE00DATA/mean_imputed/not_subsampled/munged/par31.sumstats.gz  0.8368  0.3005   2.7844  5.3631e-03  0.0248     0.0204  1.0130     0.0061    0.1832       0.0034

Analysis finished at Tue Mar 22 13:11:52 2022
Total time elapsed: 1.0m:31.34s
