*********************************************************************
* LD Score Regression (LDSC)
* Version 1.0.1
* (C) 2014-2019 Brendan Bulik-Sullivan and Hilary Finucane
* Broad Institute of MIT and Harvard / MIT Department of Mathematics
* GNU General Public License v3
*********************************************************************
Call: 
./ldsc.py \
--ref-ld-chr ../SAMPLE_DATA/eur_w_ld_chr/ \
--out ../results/ldsc/STAGE00DATA/mean_imputed/not_subsampled/rg/par15 \
--rg ../results/ldsc/STAGE00DATA/mean_imputed/not_subsampled/munged/par15.sumstats.gz,../results/ldsc/STAGE00DATA/mean_imputed/not_subsampled/munged/par16.sumstats.gz,../results/ldsc/STAGE00DATA/mean_imputed/not_subsampled/munged/par17.sumstats.gz,../results/ldsc/STAGE00DATA/mean_imputed/not_subsampled/munged/par18.sumstats.gz,../results/ldsc/STAGE00DATA/mean_imputed/not_subsampled/munged/par19.sumstats.gz,../results/ldsc/STAGE00DATA/mean_imputed/not_subsampled/munged/par20.sumstats.gz,../results/ldsc/STAGE00DATA/mean_imputed/not_subsampled/munged/par21.sumstats.gz,../results/ldsc/STAGE00DATA/mean_imputed/not_subsampled/munged/par22.sumstats.gz,../results/ldsc/STAGE00DATA/mean_imputed/not_subsampled/munged/par23.sumstats.gz,../results/ldsc/STAGE00DATA/mean_imputed/not_subsampled/munged/par24.sumstats.gz,../results/ldsc/STAGE00DATA/mean_imputed/not_subsampled/munged/par25.sumstats.gz,../results/ldsc/STAGE00DATA/mean_imputed/not_subsampled/munged/par26.sumstats.gz,../results/ldsc/STAGE00DATA/mean_imputed/not_subsampled/munged/par27.sumstats.gz,../results/ldsc/STAGE00DATA/mean_imputed/not_subsampled/munged/par28.sumstats.gz,../results/ldsc/STAGE00DATA/mean_imputed/not_subsampled/munged/par29.sumstats.gz,../results/ldsc/STAGE00DATA/mean_imputed/not_subsampled/munged/par30.sumstats.gz,../results/ldsc/STAGE00DATA/mean_imputed/not_subsampled/munged/par31.sumstats.gz \
--w-ld-chr ../SAMPLE_DATA/eur_w_ld_chr/ 

Beginning analysis at Thu Mar 17 02:56:43 2022
Reading summary statistics from ../results/ldsc/STAGE00DATA/mean_imputed/not_subsampled/munged/par15.sumstats.gz ...
Read summary statistics for 7033675 SNPs.
Reading reference panel LD Score from ../SAMPLE_DATA/eur_w_ld_chr/[1-22] ... (ldscore_fromlist)
Read reference panel LD Scores for 1290028 SNPs.
Removing partitioned LD Scores with zero variance.
Reading regression weight LD Score from ../SAMPLE_DATA/eur_w_ld_chr/[1-22] ... (ldscore_fromlist)
Read regression weight LD Scores for 1290028 SNPs.
After merging with reference panel LD, 1174774 SNPs remain.
After merging with regression SNP LD, 1174774 SNPs remain.
Computing rg for phenotype 2/17
Reading summary statistics from ../results/ldsc/STAGE00DATA/mean_imputed/not_subsampled/munged/par16.sumstats.gz ...
Read summary statistics for 7033675 SNPs.
After merging with summary statistics, 1174774 SNPs remain.
1174774 SNPs with valid alleles.

Heritability of phenotype 1
---------------------------
Total Observed scale h2: 0.0574 (0.0217)
Lambda GC: 1.0225
Mean Chi^2: 1.0237
Intercept: 1.0021 (0.0061)
Ratio: 0.0867 (0.2557)

Heritability of phenotype 2/17
------------------------------
Total Observed scale h2: 0.1502 (0.0233)
Lambda GC: 1.0679
Mean Chi^2: 1.0505
Intercept: 0.9942 (0.0063)
Ratio < 0 (usually indicates GC correction).

Genetic Covariance
------------------
Total Observed scale gencov: 0.0555 (0.0124)
Mean z1*z2: 0.2096
Intercept: 0.1888 (0.0035)

Genetic Correlation
-------------------
Genetic Correlation: 0.5982 (0.1218)
Z-score: 4.9121
P: 9.0115e-07

Computing rg for phenotype 3/17
Reading summary statistics from ../results/ldsc/STAGE00DATA/mean_imputed/not_subsampled/munged/par17.sumstats.gz ...
Read summary statistics for 7033675 SNPs.
After merging with summary statistics, 1174774 SNPs remain.
1174774 SNPs with valid alleles.

Heritability of phenotype 3/17
------------------------------
Total Observed scale h2: 0.1869 (0.0284)
Lambda GC: 1.0957
Mean Chi^2: 1.0788
Intercept: 1.0076 (0.0067)
Ratio: 0.0963 (0.0856)

Genetic Covariance
------------------
Total Observed scale gencov: 0.0819 (0.0135)
Mean z1*z2: 0.2269
Intercept: 0.1959 (0.0035)

Genetic Correlation
-------------------
Genetic Correlation: 0.7908 (0.1342)
Z-score: 5.891
P: 3.8393e-09

Computing rg for phenotype 4/17
Reading summary statistics from ../results/ldsc/STAGE00DATA/mean_imputed/not_subsampled/munged/par18.sumstats.gz ...
Read summary statistics for 7033675 SNPs.
After merging with summary statistics, 1174774 SNPs remain.
1174774 SNPs with valid alleles.

Heritability of phenotype 4/17
------------------------------
Total Observed scale h2: 0.0782 (0.0215)
Lambda GC: 1.0436
Mean Chi^2: 1.0289
Intercept: 0.9992 (0.0059)
Ratio < 0 (usually indicates GC correction).

Genetic Covariance
------------------
Total Observed scale gencov: 0.0396 (0.014)
Mean z1*z2: 0.2338
Intercept: 0.2187 (0.004)

Genetic Correlation
-------------------
Genetic Correlation: 0.5917 (0.1461)
Z-score: 4.0503
P: 5.1158e-05

Computing rg for phenotype 5/17
Reading summary statistics from ../results/ldsc/STAGE00DATA/mean_imputed/not_subsampled/munged/par19.sumstats.gz ...
Read summary statistics for 7033675 SNPs.
After merging with summary statistics, 1174774 SNPs remain.
1174774 SNPs with valid alleles.

Heritability of phenotype 5/17
------------------------------
Total Observed scale h2: 0.0457 (0.0242)
Lambda GC: 1.0195
Mean Chi^2: 1.0204
Intercept: 1.0031 (0.006)
Ratio: 0.1509 (0.2938)

Genetic Covariance
------------------
Total Observed scale gencov: 0.0421 (0.0138)
Mean z1*z2: 0.2457
Intercept: 0.2295 (0.0037)

Genetic Correlation
-------------------
Genetic Correlation: 0.8214 (0.2061)
Z-score: 3.9863
P: 6.7102e-05

Computing rg for phenotype 6/17
Reading summary statistics from ../results/ldsc/STAGE00DATA/mean_imputed/not_subsampled/munged/par20.sumstats.gz ...
Read summary statistics for 7033675 SNPs.
After merging with summary statistics, 1174774 SNPs remain.
1174774 SNPs with valid alleles.

Heritability of phenotype 6/17
------------------------------
Total Observed scale h2: 0.1785 (0.0281)
Lambda GC: 1.0741
Mean Chi^2: 1.0689
Intercept: 1.0007 (0.0063)
Ratio: 0.01 (0.0911)

Genetic Covariance
------------------
Total Observed scale gencov: 0.0688 (0.0135)
Mean z1*z2: 0.2144
Intercept: 0.188 (0.0034)

Genetic Correlation
-------------------
Genetic Correlation: 0.6804 (0.1208)
Z-score: 5.6331
P: 1.7701e-08

Computing rg for phenotype 7/17
Reading summary statistics from ../results/ldsc/STAGE00DATA/mean_imputed/not_subsampled/munged/par21.sumstats.gz ...
Read summary statistics for 7033675 SNPs.
After merging with summary statistics, 1174774 SNPs remain.
1174774 SNPs with valid alleles.

Heritability of phenotype 7/17
------------------------------
Total Observed scale h2: 0.0827 (0.0246)
Lambda GC: 1.0345
Mean Chi^2: 1.0258
Intercept: 0.9944 (0.0061)
Ratio < 0 (usually indicates GC correction).

Genetic Covariance
------------------
Total Observed scale gencov: 0.0482 (0.0131)
Mean z1*z2: 0.2042
Intercept: 0.1856 (0.0033)

Genetic Correlation
-------------------
Genetic Correlation: 0.6998 (0.1469)
Z-score: 4.7624
P: 1.9130e-06

Computing rg for phenotype 8/17
Reading summary statistics from ../results/ldsc/STAGE00DATA/mean_imputed/not_subsampled/munged/par22.sumstats.gz ...
Read summary statistics for 7033675 SNPs.
After merging with summary statistics, 1174774 SNPs remain.
1174774 SNPs with valid alleles.

Heritability of phenotype 8/17
------------------------------
Total Observed scale h2: 0.1848 (0.0249)
Lambda GC: 1.0988
Mean Chi^2: 1.0809
Intercept: 1.0109 (0.0061)
Ratio: 0.1343 (0.0757)

Genetic Covariance
------------------
Total Observed scale gencov: 0.0739 (0.0113)
Mean z1*z2: 0.2211
Intercept: 0.193 (0.0029)

Genetic Correlation
-------------------
Genetic Correlation: 0.718 (0.1218)
Z-score: 5.8944
P: 3.7595e-09

Computing rg for phenotype 9/17
Reading summary statistics from ../results/ldsc/STAGE00DATA/mean_imputed/not_subsampled/munged/par23.sumstats.gz ...
Read summary statistics for 7033675 SNPs.
After merging with summary statistics, 1174774 SNPs remain.
1174774 SNPs with valid alleles.

Heritability of phenotype 9/17
------------------------------
Total Observed scale h2: 0.0487 (0.0251)
Lambda GC: 1.0255
Mean Chi^2: 1.0208
Intercept: 1.0022 (0.0063)
Ratio: 0.1053 (0.3017)

Genetic Covariance
------------------
Total Observed scale gencov: 0.0353 (0.0135)
Mean z1*z2: 0.2016
Intercept: 0.1881 (0.0034)

Genetic Correlation
-------------------
Genetic Correlation: 0.668 (0.2061)
Z-score: 3.2413
P: 0.0012

Computing rg for phenotype 10/17
Reading summary statistics from ../results/ldsc/STAGE00DATA/mean_imputed/not_subsampled/munged/par24.sumstats.gz ...
Read summary statistics for 7033675 SNPs.
After merging with summary statistics, 1174774 SNPs remain.
1174774 SNPs with valid alleles.

Heritability of phenotype 10/17
-------------------------------
Total Observed scale h2: 0.1397 (0.0273)
Lambda GC: 1.0557
Mean Chi^2: 1.0477
Intercept: 0.993 (0.0064)
Ratio < 0 (usually indicates GC correction).

Genetic Covariance
------------------
Total Observed scale gencov: 0.0389 (0.0133)
Mean z1*z2: 0.2107
Intercept: 0.1955 (0.0037)

Genetic Correlation
-------------------
Genetic Correlation: 0.4348 (0.1178)
Z-score: 3.691
P: 0.0002

Computing rg for phenotype 11/17
Reading summary statistics from ../results/ldsc/STAGE00DATA/mean_imputed/not_subsampled/munged/par25.sumstats.gz ...
Read summary statistics for 7033675 SNPs.
After merging with summary statistics, 1174774 SNPs remain.
1174774 SNPs with valid alleles.

Heritability of phenotype 11/17
-------------------------------
Total Observed scale h2: 0.0504 (0.0231)
Lambda GC: 1.0195
Mean Chi^2: 1.0136
Intercept: 0.9946 (0.0061)
Ratio < 0 (usually indicates GC correction).

Genetic Covariance
------------------
Total Observed scale gencov: 0.0367 (0.0123)
Mean z1*z2: 0.2008
Intercept: 0.1867 (0.0035)

Genetic Correlation
-------------------
Genetic Correlation: 0.6831 (0.1895)
Z-score: 3.6041
P: 0.0003

Computing rg for phenotype 12/17
Reading summary statistics from ../results/ldsc/STAGE00DATA/mean_imputed/not_subsampled/munged/par26.sumstats.gz ...
Read summary statistics for 7033675 SNPs.
After merging with summary statistics, 1174774 SNPs remain.
1174774 SNPs with valid alleles.

Heritability of phenotype 12/17
-------------------------------
Total Observed scale h2: 0.0097 (0.0202)
Lambda GC: 1.0046
Mean Chi^2: 1.004
Intercept: 1.0004 (0.0054)
Ratio: 0.0938 (1.3327)

Genetic Covariance
------------------
Total Observed scale gencov: 0.0229 (0.0131)
Mean z1*z2: 0.2738
Intercept: 0.2651 (0.0041)

Genetic Correlation
-------------------
Genetic Correlation: 0.9719 (0.9329)
Z-score: 1.0418
P: 0.2975

Computing rg for phenotype 13/17
Reading summary statistics from ../results/ldsc/STAGE00DATA/mean_imputed/not_subsampled/munged/par27.sumstats.gz ...
Read summary statistics for 7033675 SNPs.
After merging with summary statistics, 1174774 SNPs remain.
1174774 SNPs with valid alleles.

Heritability of phenotype 13/17
-------------------------------
Total Observed scale h2: 0.0141 (0.024)
Lambda GC: 1.0165
Mean Chi^2: 1.0117
Intercept: 1.0064 (0.0061)
Ratio: 0.548 (0.5211)

Genetic Covariance
------------------
Total Observed scale gencov: 0.032 (0.0136)
Mean z1*z2: 0.2563
Intercept: 0.2442 (0.0041)

Genetic Correlation
-------------------
Genetic Correlation: 1.125 (0.7977)
Z-score: 1.4103
P: 0.1584

Computing rg for phenotype 14/17
Reading summary statistics from ../results/ldsc/STAGE00DATA/mean_imputed/not_subsampled/munged/par28.sumstats.gz ...
Read summary statistics for 7033675 SNPs.
After merging with summary statistics, 1174774 SNPs remain.
1174774 SNPs with valid alleles.

Heritability of phenotype 14/17
-------------------------------
Total Observed scale h2: 0.0995 (0.0247)
Lambda GC: 1.0405
Mean Chi^2: 1.0331
Intercept: 0.9945 (0.0064)
Ratio < 0 (usually indicates GC correction).

Genetic Covariance
------------------
Total Observed scale gencov: 0.051 (0.0139)
Mean z1*z2: 0.245
Intercept: 0.2252 (0.004)

Genetic Correlation
-------------------
Genetic Correlation: 0.6746 (0.133)
Z-score: 5.0726
P: 3.9238e-07

Computing rg for phenotype 15/17
Reading summary statistics from ../results/ldsc/STAGE00DATA/mean_imputed/not_subsampled/munged/par29.sumstats.gz ...
Read summary statistics for 7033675 SNPs.
After merging with summary statistics, 1174774 SNPs remain.
1174774 SNPs with valid alleles.

Heritability of phenotype 15/17
-------------------------------
Total Observed scale h2: 0.0652 (0.0233)
Lambda GC: 1.0315
Mean Chi^2: 1.0267
Intercept: 1.0019 (0.0065)
Ratio: 0.0728 (0.2444)

Genetic Covariance
------------------
Total Observed scale gencov: 0.0639 (0.0135)
Mean z1*z2: 0.2367
Intercept: 0.2122 (0.0037)

Genetic Correlation
-------------------
Genetic Correlation: 1.0455 (0.2226)
Z-score: 4.697
P: 2.6395e-06

Computing rg for phenotype 16/17
Reading summary statistics from ../results/ldsc/STAGE00DATA/mean_imputed/not_subsampled/munged/par30.sumstats.gz ...
Read summary statistics for 7033675 SNPs.
After merging with summary statistics, 1174774 SNPs remain.
1174774 SNPs with valid alleles.

Heritability of phenotype 16/17
-------------------------------
Total Observed scale h2: 0.0181 (0.0224)
Lambda GC: 1.0046
Mean Chi^2: 1.0046
Intercept: 0.9977 (0.0061)
Ratio < 0 (usually indicates GC correction).

Genetic Covariance
------------------
Total Observed scale gencov: 0.0311 (0.0207)
Mean z1*z2: 0.7048
Intercept: 0.693 (0.0059)

Genetic Correlation
-------------------
Genetic Correlation: 0.9635 (0.2391)
Z-score: 4.0299
P: 5.5808e-05

Computing rg for phenotype 17/17
Reading summary statistics from ../results/ldsc/STAGE00DATA/mean_imputed/not_subsampled/munged/par31.sumstats.gz ...
Read summary statistics for 7033675 SNPs.
After merging with summary statistics, 1174774 SNPs remain.
1174774 SNPs with valid alleles.

Heritability of phenotype 17/17
-------------------------------
Total Observed scale h2: 0.0251 (0.0203)
Lambda GC: 1.0195
Mean Chi^2: 1.0223
Intercept: 1.0129 (0.0061)
Ratio: 0.5777 (0.272)

Genetic Covariance
------------------
Total Observed scale gencov: 0.0487 (0.0167)
Mean z1*z2: 0.5639
Intercept: 0.5453 (0.0049)

Genetic Correlation
-------------------
Genetic Correlation: nan (nan) (rg out of bounds) 
Z-score: nan (nan) (rg out of bounds)
P: nan (nan) (rg out of bounds)
WARNING: rg was out of bounds.
This often means that h2 is not significantly different from zero.


Summary of Genetic Correlation Results
                                                                               p1                                                                                p2      rg      se       z           p  h2_obs  h2_obs_se  h2_int  h2_int_se  gcov_int  gcov_int_se
 ../results/ldsc/STAGE00DATA/mean_imputed/not_subsampled/munged/par15.sumstats.gz  ../results/ldsc/STAGE00DATA/mean_imputed/not_subsampled/munged/par16.sumstats.gz  0.5982  0.1218  4.9121  9.0115e-07  0.1502     0.0233  0.9942     0.0063    0.1888       0.0035
 ../results/ldsc/STAGE00DATA/mean_imputed/not_subsampled/munged/par15.sumstats.gz  ../results/ldsc/STAGE00DATA/mean_imputed/not_subsampled/munged/par17.sumstats.gz  0.7908  0.1342  5.8910  3.8393e-09  0.1869     0.0284  1.0076     0.0067    0.1959       0.0035
 ../results/ldsc/STAGE00DATA/mean_imputed/not_subsampled/munged/par15.sumstats.gz  ../results/ldsc/STAGE00DATA/mean_imputed/not_subsampled/munged/par18.sumstats.gz  0.5917  0.1461  4.0503  5.1158e-05  0.0782     0.0215  0.9992     0.0059    0.2187       0.0040
 ../results/ldsc/STAGE00DATA/mean_imputed/not_subsampled/munged/par15.sumstats.gz  ../results/ldsc/STAGE00DATA/mean_imputed/not_subsampled/munged/par19.sumstats.gz  0.8214  0.2061  3.9863  6.7102e-05  0.0457     0.0242  1.0031     0.0060    0.2295       0.0037
 ../results/ldsc/STAGE00DATA/mean_imputed/not_subsampled/munged/par15.sumstats.gz  ../results/ldsc/STAGE00DATA/mean_imputed/not_subsampled/munged/par20.sumstats.gz  0.6804  0.1208  5.6331  1.7701e-08  0.1785     0.0281  1.0007     0.0063    0.1880       0.0034
 ../results/ldsc/STAGE00DATA/mean_imputed/not_subsampled/munged/par15.sumstats.gz  ../results/ldsc/STAGE00DATA/mean_imputed/not_subsampled/munged/par21.sumstats.gz  0.6998  0.1469  4.7624  1.9130e-06  0.0827     0.0246  0.9944     0.0061    0.1856       0.0033
 ../results/ldsc/STAGE00DATA/mean_imputed/not_subsampled/munged/par15.sumstats.gz  ../results/ldsc/STAGE00DATA/mean_imputed/not_subsampled/munged/par22.sumstats.gz  0.7180  0.1218  5.8944  3.7595e-09  0.1848     0.0249  1.0109     0.0061    0.1930       0.0029
 ../results/ldsc/STAGE00DATA/mean_imputed/not_subsampled/munged/par15.sumstats.gz  ../results/ldsc/STAGE00DATA/mean_imputed/not_subsampled/munged/par23.sumstats.gz  0.6680  0.2061  3.2413  1.1899e-03  0.0487     0.0251  1.0022     0.0063    0.1881       0.0034
 ../results/ldsc/STAGE00DATA/mean_imputed/not_subsampled/munged/par15.sumstats.gz  ../results/ldsc/STAGE00DATA/mean_imputed/not_subsampled/munged/par24.sumstats.gz  0.4348  0.1178  3.6910  2.2341e-04  0.1397     0.0273  0.9930     0.0064    0.1955       0.0037
 ../results/ldsc/STAGE00DATA/mean_imputed/not_subsampled/munged/par15.sumstats.gz  ../results/ldsc/STAGE00DATA/mean_imputed/not_subsampled/munged/par25.sumstats.gz  0.6831  0.1895  3.6041  3.1328e-04  0.0504     0.0231  0.9946     0.0061    0.1867       0.0035
 ../results/ldsc/STAGE00DATA/mean_imputed/not_subsampled/munged/par15.sumstats.gz  ../results/ldsc/STAGE00DATA/mean_imputed/not_subsampled/munged/par26.sumstats.gz  0.9719  0.9329  1.0418  2.9749e-01  0.0097     0.0202  1.0004     0.0054    0.2651       0.0041
 ../results/ldsc/STAGE00DATA/mean_imputed/not_subsampled/munged/par15.sumstats.gz  ../results/ldsc/STAGE00DATA/mean_imputed/not_subsampled/munged/par27.sumstats.gz  1.1250  0.7977  1.4103  1.5844e-01  0.0141     0.0240  1.0064     0.0061    0.2442       0.0041
 ../results/ldsc/STAGE00DATA/mean_imputed/not_subsampled/munged/par15.sumstats.gz  ../results/ldsc/STAGE00DATA/mean_imputed/not_subsampled/munged/par28.sumstats.gz  0.6746  0.1330  5.0726  3.9238e-07  0.0995     0.0247  0.9945     0.0064    0.2252       0.0040
 ../results/ldsc/STAGE00DATA/mean_imputed/not_subsampled/munged/par15.sumstats.gz  ../results/ldsc/STAGE00DATA/mean_imputed/not_subsampled/munged/par29.sumstats.gz  1.0455  0.2226  4.6970  2.6395e-06  0.0652     0.0233  1.0019     0.0065    0.2122       0.0037
 ../results/ldsc/STAGE00DATA/mean_imputed/not_subsampled/munged/par15.sumstats.gz  ../results/ldsc/STAGE00DATA/mean_imputed/not_subsampled/munged/par30.sumstats.gz  0.9635  0.2391  4.0299  5.5808e-05  0.0181     0.0224  0.9977     0.0061    0.6930       0.0059
 ../results/ldsc/STAGE00DATA/mean_imputed/not_subsampled/munged/par15.sumstats.gz  ../results/ldsc/STAGE00DATA/mean_imputed/not_subsampled/munged/par31.sumstats.gz  1.2837  0.3490  3.6785  2.3463e-04  0.0251     0.0203  1.0129     0.0061    0.5453       0.0049

Analysis finished at Thu Mar 17 03:03:17 2022
Total time elapsed: 6.0m:34.05s
