*********************************************************************
* LD Score Regression (LDSC)
* Version 1.0.1
* (C) 2014-2019 Brendan Bulik-Sullivan and Hilary Finucane
* Broad Institute of MIT and Harvard / MIT Department of Mathematics
* GNU General Public License v3
*********************************************************************
Call: 
./ldsc.py \
--ref-ld-chr ../SAMPLE_DATA/eur_w_ld_chr/ \
--out ../results/ldsc/STAGE00DATA/mean_imputed/not_subsampled/rg/par20 \
--rg ../results/ldsc/STAGE00DATA/mean_imputed/not_subsampled/munged/par20.sumstats.gz,../results/ldsc/STAGE00DATA/mean_imputed/not_subsampled/munged/par21.sumstats.gz,../results/ldsc/STAGE00DATA/mean_imputed/not_subsampled/munged/par22.sumstats.gz,../results/ldsc/STAGE00DATA/mean_imputed/not_subsampled/munged/par23.sumstats.gz,../results/ldsc/STAGE00DATA/mean_imputed/not_subsampled/munged/par24.sumstats.gz,../results/ldsc/STAGE00DATA/mean_imputed/not_subsampled/munged/par25.sumstats.gz,../results/ldsc/STAGE00DATA/mean_imputed/not_subsampled/munged/par26.sumstats.gz,../results/ldsc/STAGE00DATA/mean_imputed/not_subsampled/munged/par27.sumstats.gz,../results/ldsc/STAGE00DATA/mean_imputed/not_subsampled/munged/par28.sumstats.gz,../results/ldsc/STAGE00DATA/mean_imputed/not_subsampled/munged/par29.sumstats.gz,../results/ldsc/STAGE00DATA/mean_imputed/not_subsampled/munged/par30.sumstats.gz,../results/ldsc/STAGE00DATA/mean_imputed/not_subsampled/munged/par31.sumstats.gz \
--w-ld-chr ../SAMPLE_DATA/eur_w_ld_chr/ 

Beginning analysis at Thu Mar 17 03:24:44 2022
Reading summary statistics from ../results/ldsc/STAGE00DATA/mean_imputed/not_subsampled/munged/par20.sumstats.gz ...
Read summary statistics for 7033675 SNPs.
Reading reference panel LD Score from ../SAMPLE_DATA/eur_w_ld_chr/[1-22] ... (ldscore_fromlist)
Read reference panel LD Scores for 1290028 SNPs.
Removing partitioned LD Scores with zero variance.
Reading regression weight LD Score from ../SAMPLE_DATA/eur_w_ld_chr/[1-22] ... (ldscore_fromlist)
Read regression weight LD Scores for 1290028 SNPs.
After merging with reference panel LD, 1174774 SNPs remain.
After merging with regression SNP LD, 1174774 SNPs remain.
Computing rg for phenotype 2/12
Reading summary statistics from ../results/ldsc/STAGE00DATA/mean_imputed/not_subsampled/munged/par21.sumstats.gz ...
Read summary statistics for 7033675 SNPs.
After merging with summary statistics, 1174774 SNPs remain.
1174774 SNPs with valid alleles.

Heritability of phenotype 1
---------------------------
Total Observed scale h2: 0.1785 (0.0281)
Lambda GC: 1.0741
Mean Chi^2: 1.0689
Intercept: 1.0007 (0.0063)
Ratio: 0.01 (0.0911)

Heritability of phenotype 2/12
------------------------------
Total Observed scale h2: 0.0827 (0.0246)
Lambda GC: 1.0345
Mean Chi^2: 1.0258
Intercept: 0.9944 (0.0061)
Ratio < 0 (usually indicates GC correction).

Genetic Covariance
------------------
Total Observed scale gencov: 0.0878 (0.0183)
Mean z1*z2: 0.2825
Intercept: 0.2482 (0.0042)

Genetic Correlation
-------------------
Genetic Correlation: 0.7227 (0.0837)
Z-score: 8.6368
P: 5.7833e-18

Computing rg for phenotype 3/12
Reading summary statistics from ../results/ldsc/STAGE00DATA/mean_imputed/not_subsampled/munged/par22.sumstats.gz ...
Read summary statistics for 7033675 SNPs.
After merging with summary statistics, 1174774 SNPs remain.
1174774 SNPs with valid alleles.

Heritability of phenotype 3/12
------------------------------
Total Observed scale h2: 0.1848 (0.0249)
Lambda GC: 1.0988
Mean Chi^2: 1.0809
Intercept: 1.0109 (0.0061)
Ratio: 0.1343 (0.0757)

Genetic Covariance
------------------
Total Observed scale gencov: 0.121 (0.0184)
Mean z1*z2: 0.2889
Intercept: 0.242 (0.0042)

Genetic Correlation
-------------------
Genetic Correlation: 0.6664 (0.0578)
Z-score: 11.5351
P: 8.7773e-31

Computing rg for phenotype 4/12
Reading summary statistics from ../results/ldsc/STAGE00DATA/mean_imputed/not_subsampled/munged/par23.sumstats.gz ...
Read summary statistics for 7033675 SNPs.
After merging with summary statistics, 1174774 SNPs remain.
1174774 SNPs with valid alleles.

Heritability of phenotype 4/12
------------------------------
Total Observed scale h2: 0.0487 (0.0251)
Lambda GC: 1.0255
Mean Chi^2: 1.0208
Intercept: 1.0022 (0.0063)
Ratio: 0.1053 (0.3017)

Genetic Covariance
------------------
Total Observed scale gencov: 0.0774 (0.0157)
Mean z1*z2: 0.2524
Intercept: 0.2223 (0.004)

Genetic Correlation
-------------------
Genetic Correlation: 0.83 (0.1662)
Z-score: 4.9952
P: 5.8760e-07

Computing rg for phenotype 5/12
Reading summary statistics from ../results/ldsc/STAGE00DATA/mean_imputed/not_subsampled/munged/par24.sumstats.gz ...
Read summary statistics for 7033675 SNPs.
After merging with summary statistics, 1174774 SNPs remain.
1174774 SNPs with valid alleles.

Heritability of phenotype 5/12
------------------------------
Total Observed scale h2: 0.1397 (0.0273)
Lambda GC: 1.0557
Mean Chi^2: 1.0477
Intercept: 0.993 (0.0064)
Ratio < 0 (usually indicates GC correction).

Genetic Covariance
------------------
Total Observed scale gencov: 0.0886 (0.0149)
Mean z1*z2: 0.2235
Intercept: 0.1882 (0.0035)

Genetic Correlation
-------------------
Genetic Correlation: 0.5612 (0.0622)
Z-score: 9.0262
P: 1.7768e-19

Computing rg for phenotype 6/12
Reading summary statistics from ../results/ldsc/STAGE00DATA/mean_imputed/not_subsampled/munged/par25.sumstats.gz ...
Read summary statistics for 7033675 SNPs.
After merging with summary statistics, 1174774 SNPs remain.
1174774 SNPs with valid alleles.

Heritability of phenotype 6/12
------------------------------
Total Observed scale h2: 0.0504 (0.0231)
Lambda GC: 1.0195
Mean Chi^2: 1.0136
Intercept: 0.9946 (0.0061)
Ratio < 0 (usually indicates GC correction).

Genetic Covariance
------------------
Total Observed scale gencov: 0.0693 (0.0134)
Mean z1*z2: 0.2169
Intercept: 0.1899 (0.0031)

Genetic Correlation
-------------------
Genetic Correlation: 0.7309 (0.15)
Z-score: 4.8738
P: 1.0946e-06

Computing rg for phenotype 7/12
Reading summary statistics from ../results/ldsc/STAGE00DATA/mean_imputed/not_subsampled/munged/par26.sumstats.gz ...
Read summary statistics for 7033675 SNPs.
After merging with summary statistics, 1174774 SNPs remain.
1174774 SNPs with valid alleles.

Heritability of phenotype 7/12
------------------------------
Total Observed scale h2: 0.0097 (0.0202)
Lambda GC: 1.0046
Mean Chi^2: 1.004
Intercept: 1.0004 (0.0054)
Ratio: 0.0938 (1.3327)

Genetic Covariance
------------------
Total Observed scale gencov: 0.0376 (0.013)
Mean z1*z2: 0.2021
Intercept: 0.1876 (0.0035)

Genetic Correlation
-------------------
Genetic Correlation: 0.9043 (0.9518)
Z-score: 0.9501
P: 0.3421

Computing rg for phenotype 8/12
Reading summary statistics from ../results/ldsc/STAGE00DATA/mean_imputed/not_subsampled/munged/par27.sumstats.gz ...
Read summary statistics for 7033675 SNPs.
After merging with summary statistics, 1174774 SNPs remain.
1174774 SNPs with valid alleles.

Heritability of phenotype 8/12
------------------------------
Total Observed scale h2: 0.0141 (0.024)
Lambda GC: 1.0165
Mean Chi^2: 1.0117
Intercept: 1.0064 (0.0061)
Ratio: 0.548 (0.5211)

Genetic Covariance
------------------
Total Observed scale gencov: 0.0549 (0.0137)
Mean z1*z2: 0.21
Intercept: 0.1889 (0.0036)

Genetic Correlation
-------------------
Genetic Correlation: 1.0945 (0.8187)
Z-score: 1.3369
P: 0.1813

Computing rg for phenotype 9/12
Reading summary statistics from ../results/ldsc/STAGE00DATA/mean_imputed/not_subsampled/munged/par28.sumstats.gz ...
Read summary statistics for 7033675 SNPs.
After merging with summary statistics, 1174774 SNPs remain.
1174774 SNPs with valid alleles.

Heritability of phenotype 9/12
------------------------------
Total Observed scale h2: 0.0995 (0.0247)
Lambda GC: 1.0405
Mean Chi^2: 1.0331
Intercept: 0.9945 (0.0064)
Ratio < 0 (usually indicates GC correction).

Genetic Covariance
------------------
Total Observed scale gencov: 0.0762 (0.0154)
Mean z1*z2: 0.2325
Intercept: 0.2027 (0.0038)

Genetic Correlation
-------------------
Genetic Correlation: 0.5714 (0.0752)
Z-score: 7.5992
P: 2.9788e-14

Computing rg for phenotype 10/12
Reading summary statistics from ../results/ldsc/STAGE00DATA/mean_imputed/not_subsampled/munged/par29.sumstats.gz ...
Read summary statistics for 7033675 SNPs.
After merging with summary statistics, 1174774 SNPs remain.
1174774 SNPs with valid alleles.

Heritability of phenotype 10/12
-------------------------------
Total Observed scale h2: 0.0652 (0.0233)
Lambda GC: 1.0315
Mean Chi^2: 1.0267
Intercept: 1.0019 (0.0065)
Ratio: 0.0728 (0.2444)

Genetic Covariance
------------------
Total Observed scale gencov: 0.0732 (0.0148)
Mean z1*z2: 0.2235
Intercept: 0.195 (0.0039)

Genetic Correlation
-------------------
Genetic Correlation: 0.6787 (0.1217)
Z-score: 5.5775
P: 2.4395e-08

Computing rg for phenotype 11/12
Reading summary statistics from ../results/ldsc/STAGE00DATA/mean_imputed/not_subsampled/munged/par30.sumstats.gz ...
Read summary statistics for 7033675 SNPs.
After merging with summary statistics, 1174774 SNPs remain.
1174774 SNPs with valid alleles.

Heritability of phenotype 11/12
-------------------------------
Total Observed scale h2: 0.0181 (0.0224)
Lambda GC: 1.0046
Mean Chi^2: 1.0046
Intercept: 0.9977 (0.0061)
Ratio < 0 (usually indicates GC correction).

Genetic Covariance
------------------
Total Observed scale gencov: 0.0523 (0.0138)
Mean z1*z2: 0.2049
Intercept: 0.1844 (0.0037)

Genetic Correlation
-------------------
Genetic Correlation: 0.9199 (0.4827)
Z-score: 1.9059
P: 0.0567

Computing rg for phenotype 12/12
Reading summary statistics from ../results/ldsc/STAGE00DATA/mean_imputed/not_subsampled/munged/par31.sumstats.gz ...
Read summary statistics for 7033675 SNPs.
After merging with summary statistics, 1174774 SNPs remain.
1174774 SNPs with valid alleles.

Heritability of phenotype 12/12
-------------------------------
Total Observed scale h2: 0.0251 (0.0203)
Lambda GC: 1.0195
Mean Chi^2: 1.0223
Intercept: 1.0129 (0.0061)
Ratio: 0.5777 (0.272)

Genetic Covariance
------------------
Total Observed scale gencov: 0.0524 (0.0133)
Mean z1*z2: 0.207
Intercept: 0.187 (0.0034)

Genetic Correlation
-------------------
Genetic Correlation: 0.7819 (0.2846)
Z-score: 2.747
P: 0.006


Summary of Genetic Correlation Results
                                                                               p1                                                                                p2      rg      se        z           p  h2_obs  h2_obs_se  h2_int  h2_int_se  gcov_int  gcov_int_se
 ../results/ldsc/STAGE00DATA/mean_imputed/not_subsampled/munged/par20.sumstats.gz  ../results/ldsc/STAGE00DATA/mean_imputed/not_subsampled/munged/par21.sumstats.gz  0.7227  0.0837   8.6368  5.7833e-18  0.0827     0.0246  0.9944     0.0061    0.2482       0.0042
 ../results/ldsc/STAGE00DATA/mean_imputed/not_subsampled/munged/par20.sumstats.gz  ../results/ldsc/STAGE00DATA/mean_imputed/not_subsampled/munged/par22.sumstats.gz  0.6664  0.0578  11.5351  8.7773e-31  0.1848     0.0249  1.0109     0.0061    0.2420       0.0042
 ../results/ldsc/STAGE00DATA/mean_imputed/not_subsampled/munged/par20.sumstats.gz  ../results/ldsc/STAGE00DATA/mean_imputed/not_subsampled/munged/par23.sumstats.gz  0.8300  0.1662   4.9952  5.8760e-07  0.0487     0.0251  1.0022     0.0063    0.2223       0.0040
 ../results/ldsc/STAGE00DATA/mean_imputed/not_subsampled/munged/par20.sumstats.gz  ../results/ldsc/STAGE00DATA/mean_imputed/not_subsampled/munged/par24.sumstats.gz  0.5612  0.0622   9.0262  1.7768e-19  0.1397     0.0273  0.9930     0.0064    0.1882       0.0035
 ../results/ldsc/STAGE00DATA/mean_imputed/not_subsampled/munged/par20.sumstats.gz  ../results/ldsc/STAGE00DATA/mean_imputed/not_subsampled/munged/par25.sumstats.gz  0.7309  0.1500   4.8738  1.0946e-06  0.0504     0.0231  0.9946     0.0061    0.1899       0.0031
 ../results/ldsc/STAGE00DATA/mean_imputed/not_subsampled/munged/par20.sumstats.gz  ../results/ldsc/STAGE00DATA/mean_imputed/not_subsampled/munged/par26.sumstats.gz  0.9043  0.9518   0.9501  3.4205e-01  0.0097     0.0202  1.0004     0.0054    0.1876       0.0035
 ../results/ldsc/STAGE00DATA/mean_imputed/not_subsampled/munged/par20.sumstats.gz  ../results/ldsc/STAGE00DATA/mean_imputed/not_subsampled/munged/par27.sumstats.gz  1.0945  0.8187   1.3369  1.8126e-01  0.0141     0.0240  1.0064     0.0061    0.1889       0.0036
 ../results/ldsc/STAGE00DATA/mean_imputed/not_subsampled/munged/par20.sumstats.gz  ../results/ldsc/STAGE00DATA/mean_imputed/not_subsampled/munged/par28.sumstats.gz  0.5714  0.0752   7.5992  2.9788e-14  0.0995     0.0247  0.9945     0.0064    0.2027       0.0038
 ../results/ldsc/STAGE00DATA/mean_imputed/not_subsampled/munged/par20.sumstats.gz  ../results/ldsc/STAGE00DATA/mean_imputed/not_subsampled/munged/par29.sumstats.gz  0.6787  0.1217   5.5775  2.4395e-08  0.0652     0.0233  1.0019     0.0065    0.1950       0.0039
 ../results/ldsc/STAGE00DATA/mean_imputed/not_subsampled/munged/par20.sumstats.gz  ../results/ldsc/STAGE00DATA/mean_imputed/not_subsampled/munged/par30.sumstats.gz  0.9199  0.4827   1.9059  5.6669e-02  0.0181     0.0224  0.9977     0.0061    0.1844       0.0037
 ../results/ldsc/STAGE00DATA/mean_imputed/not_subsampled/munged/par20.sumstats.gz  ../results/ldsc/STAGE00DATA/mean_imputed/not_subsampled/munged/par31.sumstats.gz  0.7819  0.2846   2.7470  6.0135e-03  0.0251     0.0203  1.0129     0.0061    0.1870       0.0034

Analysis finished at Thu Mar 17 03:29:10 2022
Total time elapsed: 4.0m:25.69s
