*********************************************************************
* LD Score Regression (LDSC)
* Version 1.0.1
* (C) 2014-2019 Brendan Bulik-Sullivan and Hilary Finucane
* Broad Institute of MIT and Harvard / MIT Department of Mathematics
* GNU General Public License v3
*********************************************************************
Call: 
./ldsc.py \
--ref-ld-chr ../SAMPLE_DATA/eur_w_ld_chr/ \
--out ../results/ldsc/other_traits/STAGE00DATA/mean_imputed/not_subsampled/rg/par25 \
--rg ../results/ldsc/STAGE00DATA/mean_imputed/not_subsampled/munged/par25.sumstats.gz,../SAMPLE_DATA/OTHER_TRAITS_GWAS/ADHD/munged.sumstats.gz,../SAMPLE_DATA/OTHER_TRAITS_GWAS/ASD/munged.sumstats.gz,../SAMPLE_DATA/OTHER_TRAITS_GWAS/BipolarDisorderAll/munged.sumstats.gz,../SAMPLE_DATA/OTHER_TRAITS_GWAS/Handedness/munged.sumstats.gz,../SAMPLE_DATA/OTHER_TRAITS_GWAS/Intelligence/munged.sumstats.gz,../SAMPLE_DATA/OTHER_TRAITS_GWAS/LanguageFunctionalConnectivity/munged.sumstats.gz,../SAMPLE_DATA/OTHER_TRAITS_GWAS/OCD/munged.sumstats.gz,../SAMPLE_DATA/OTHER_TRAITS_GWAS/Schizophrenia/munged.sumstats.gz \
--w-ld-chr ../SAMPLE_DATA/eur_w_ld_chr/ 

Beginning analysis at Mon Mar 21 17:56:51 2022
Reading summary statistics from ../results/ldsc/STAGE00DATA/mean_imputed/not_subsampled/munged/par25.sumstats.gz ...
Read summary statistics for 1180716 SNPs.
Reading reference panel LD Score from ../SAMPLE_DATA/eur_w_ld_chr/[1-22] ... (ldscore_fromlist)
Read reference panel LD Scores for 1290028 SNPs.
Removing partitioned LD Scores with zero variance.
Reading regression weight LD Score from ../SAMPLE_DATA/eur_w_ld_chr/[1-22] ... (ldscore_fromlist)
Read regression weight LD Scores for 1290028 SNPs.
After merging with reference panel LD, 1174407 SNPs remain.
After merging with regression SNP LD, 1174407 SNPs remain.
Computing rg for phenotype 2/9
Reading summary statistics from ../SAMPLE_DATA/OTHER_TRAITS_GWAS/ADHD/munged.sumstats.gz ...
Read summary statistics for 1217311 SNPs.
After merging with summary statistics, 1174407 SNPs remain.
1061587 SNPs with valid alleles.

Heritability of phenotype 1
---------------------------
Total Observed scale h2: 0.0597 (0.0257)
Lambda GC: 1.0195
Mean Chi^2: 1.0144
Intercept: 0.9904 (0.0074)
Ratio < 0 (usually indicates GC correction).

Heritability of phenotype 2/9
-----------------------------
Total Observed scale h2: 0.2373 (0.0156)
Lambda GC: 1.2531
Mean Chi^2: 1.2966
Intercept: 1.0318 (0.0105)
Ratio: 0.1071 (0.0354)

Genetic Covariance
------------------
Total Observed scale gencov: 0.0155 (0.0101)
Mean z1*z2: -0.0186
Intercept: -0.0297 (0.0048)

Genetic Correlation
-------------------
Genetic Correlation: 0.1304 (0.0891)
Z-score: 1.4641
P: 0.1432

Computing rg for phenotype 3/9
Reading summary statistics from ../SAMPLE_DATA/OTHER_TRAITS_GWAS/ASD/munged.sumstats.gz ...
Read summary statistics for 1217311 SNPs.
After merging with summary statistics, 1174407 SNPs remain.
1043390 SNPs with valid alleles.

Heritability of phenotype 3/9
-----------------------------
Total Observed scale h2: 0.1938 (0.0167)
Lambda GC: 1.1715
Mean Chi^2: 1.2
Intercept: 1.0088 (0.0096)
Ratio: 0.0439 (0.0478)

Genetic Covariance
------------------
Total Observed scale gencov: 0.0388 (0.0115)
Mean z1*z2: -0.0138
Intercept: -0.0387 (0.0051)

Genetic Correlation
-------------------
Genetic Correlation: 0.3645 (0.1299)
Z-score: 2.8062
P: 0.005

Computing rg for phenotype 4/9
Reading summary statistics from ../SAMPLE_DATA/OTHER_TRAITS_GWAS/BipolarDisorderAll/munged.sumstats.gz ...
Read summary statistics for 1217311 SNPs.
After merging with summary statistics, 1174407 SNPs remain.
1117777 SNPs with valid alleles.

Heritability of phenotype 4/9
-----------------------------
Total Observed scale h2: 0.07 (0.0029)
Lambda GC: 1.4673
Mean Chi^2: 1.6107
Intercept: 1.0323 (0.0112)
Ratio: 0.053 (0.0183)

Genetic Covariance
------------------
Total Observed scale gencov: 0.0091 (0.0036)
Mean z1*z2: -0.0247
Intercept: -0.0393 (0.0045)

Genetic Correlation
-------------------
Genetic Correlation: 0.1525 (0.0734)
Z-score: 2.0791
P: 0.0376

Computing rg for phenotype 5/9
Reading summary statistics from ../SAMPLE_DATA/OTHER_TRAITS_GWAS/Handedness/munged.sumstats.gz ...
Read summary statistics for 1217311 SNPs.
After merging with summary statistics, 1174407 SNPs remain.
1170261 SNPs with valid alleles.

Heritability of phenotype 5/9
-----------------------------
Total Observed scale h2: 0.0126 (0.0016)
Lambda GC: 1.105
Mean Chi^2: 1.1139
Intercept: 1.0322 (0.0072)
Ratio: 0.2824 (0.0632)

Genetic Covariance
------------------
Total Observed scale gencov: 0.0009 (0.003)
Mean z1*z2: 0.0059
Intercept: 0.0045 (0.0037)

Genetic Correlation
-------------------
Genetic Correlation: 0.0347 (0.1186)
Z-score: 0.2925
P: 0.7699

Computing rg for phenotype 6/9
Reading summary statistics from ../SAMPLE_DATA/OTHER_TRAITS_GWAS/Intelligence/munged.sumstats.gz ...
Read summary statistics for 1217311 SNPs.
After merging with summary statistics, 1174407 SNPs remain.
1165940 SNPs with valid alleles.

Heritability of phenotype 6/9
-----------------------------
Total Observed scale h2: 1.5206 (0.0828)
Lambda GC: 1.2597
Mean Chi^2: 1.3011
Intercept: 1.0095 (0.0082)
Ratio: 0.0314 (0.0273)

Genetic Covariance
------------------
Total Observed scale gencov: -0.018 (0.0209)
Mean z1*z2: 0.0027
Intercept: 0.008 (0.0037)

Genetic Correlation
-------------------
Genetic Correlation: -0.0651 (0.0775)
Z-score: -0.8404
P: 0.4007

Computing rg for phenotype 7/9
Reading summary statistics from ../SAMPLE_DATA/OTHER_TRAITS_GWAS/LanguageFunctionalConnectivity/munged.sumstats.gz ...
Read summary statistics for 1217311 SNPs.
After merging with summary statistics, 1174407 SNPs remain.
1173908 SNPs with valid alleles.

Heritability of phenotype 7/9
-----------------------------
Total Observed scale h2: 0.3859 (0.0265)
Lambda GC: 1.3169
Mean Chi^2: 1.2591
Intercept: 1.011 (0.0078)
Ratio: 0.0423 (0.0301)

Genetic Covariance
------------------
Total Observed scale gencov: 0.0203 (0.0095)
Mean z1*z2: -0.0926
Intercept: -0.1017 (0.0034)

Genetic Correlation
-------------------
Genetic Correlation: 0.1477 (0.0864)
Z-score: 1.709
P: 0.0875

Computing rg for phenotype 8/9
Reading summary statistics from ../SAMPLE_DATA/OTHER_TRAITS_GWAS/OCD/munged.sumstats.gz ...
Read summary statistics for 1217311 SNPs.
After merging with summary statistics, 1174407 SNPs remain.
1097407 SNPs with valid alleles.

Heritability of phenotype 8/9
-----------------------------
Total Observed scale h2: 0.3121 (0.0494)
Lambda GC: 1.0527
Mean Chi^2: 1.0568
Intercept: 0.9951 (0.0067)
Ratio < 0 (usually indicates GC correction).

Genetic Covariance
------------------
Total Observed scale gencov: 0.001 (0.0176)
Mean z1*z2: -0.009
Intercept: -0.0091 (0.0038)

Genetic Correlation
-------------------
Genetic Correlation: 0.008 (0.1477)
Z-score: 0.0544
P: 0.9566

Computing rg for phenotype 9/9
Reading summary statistics from ../SAMPLE_DATA/OTHER_TRAITS_GWAS/Schizophrenia/munged.sumstats.gz ...
Read summary statistics for 1217311 SNPs.
After merging with summary statistics, 1174407 SNPs remain.
1111346 SNPs with valid alleles.

Heritability of phenotype 9/9
-----------------------------
Total Observed scale h2: 0.4422 (0.018)
Lambda GC: 1.5957
Mean Chi^2: 1.7861
Intercept: 1.0398 (0.0124)
Ratio: 0.0507 (0.0157)

Genetic Covariance
------------------
Total Observed scale gencov: 0.018 (0.0094)
Mean z1*z2: -0.023
Intercept: -0.0348 (0.0052)

Genetic Correlation
-------------------
Genetic Correlation: 0.126 (0.0783)
Z-score: 1.6096
P: 0.1075


Summary of Genetic Correlation Results
                                                                               p1                                                                                  p2      rg      se       z       p  h2_obs  h2_obs_se  h2_int  h2_int_se  gcov_int  gcov_int_se
 ../results/ldsc/STAGE00DATA/mean_imputed/not_subsampled/munged/par25.sumstats.gz                            ../SAMPLE_DATA/OTHER_TRAITS_GWAS/ADHD/munged.sumstats.gz  0.1304  0.0891  1.4641  0.1432  0.2373     0.0156  1.0318     0.0105   -0.0297       0.0048
 ../results/ldsc/STAGE00DATA/mean_imputed/not_subsampled/munged/par25.sumstats.gz                             ../SAMPLE_DATA/OTHER_TRAITS_GWAS/ASD/munged.sumstats.gz  0.3645  0.1299  2.8062  0.0050  0.1938     0.0167  1.0088     0.0096   -0.0387       0.0051
 ../results/ldsc/STAGE00DATA/mean_imputed/not_subsampled/munged/par25.sumstats.gz              ../SAMPLE_DATA/OTHER_TRAITS_GWAS/BipolarDisorderAll/munged.sumstats.gz  0.1525  0.0734  2.0791  0.0376  0.0700     0.0029  1.0323     0.0112   -0.0393       0.0045
 ../results/ldsc/STAGE00DATA/mean_imputed/not_subsampled/munged/par25.sumstats.gz                      ../SAMPLE_DATA/OTHER_TRAITS_GWAS/Handedness/munged.sumstats.gz  0.0347  0.1186  0.2925  0.7699  0.0126     0.0016  1.0322     0.0072    0.0045       0.0037
 ../results/ldsc/STAGE00DATA/mean_imputed/not_subsampled/munged/par25.sumstats.gz                    ../SAMPLE_DATA/OTHER_TRAITS_GWAS/Intelligence/munged.sumstats.gz -0.0651  0.0775 -0.8404  0.4007  1.5206     0.0828  1.0095     0.0082    0.0080       0.0037
 ../results/ldsc/STAGE00DATA/mean_imputed/not_subsampled/munged/par25.sumstats.gz  ../SAMPLE_DATA/OTHER_TRAITS_GWAS/LanguageFunctionalConnectivity/munged.sumstats.gz  0.1477  0.0864  1.7090  0.0875  0.3859     0.0265  1.0110     0.0078   -0.1017       0.0034
 ../results/ldsc/STAGE00DATA/mean_imputed/not_subsampled/munged/par25.sumstats.gz                             ../SAMPLE_DATA/OTHER_TRAITS_GWAS/OCD/munged.sumstats.gz  0.0080  0.1477  0.0544  0.9566  0.3121     0.0494  0.9951     0.0067   -0.0091       0.0038
 ../results/ldsc/STAGE00DATA/mean_imputed/not_subsampled/munged/par25.sumstats.gz                   ../SAMPLE_DATA/OTHER_TRAITS_GWAS/Schizophrenia/munged.sumstats.gz  0.1260  0.0783  1.6096  0.1075  0.4422     0.0180  1.0398     0.0124   -0.0348       0.0052

Analysis finished at Mon Mar 21 17:57:42 2022
Total time elapsed: 51.34s
