*********************************************************************
* LD Score Regression (LDSC)
* Version 1.0.1
* (C) 2014-2019 Brendan Bulik-Sullivan and Hilary Finucane
* Broad Institute of MIT and Harvard / MIT Department of Mathematics
* GNU General Public License v3
*********************************************************************
Call: 
./ldsc.py \
--h2 v1/MUNGE_OUTPUT1.sumstats.gz \
--ref-ld-chr eur_w_ld_chr/ \
--out v2/MUNGE_OUTPUT1 \
--w-ld-chr eur_w_ld_chr/ 

Beginning analysis at Wed Feb 16 15:23:54 2022
Reading summary statistics from v1/MUNGE_OUTPUT1.sumstats.gz ...
Read summary statistics for 8333509 SNPs.
Reading reference panel LD Score from eur_w_ld_chr/[1-22] ... (ldscore_fromlist)
Read reference panel LD Scores for 1290028 SNPs.
Removing partitioned LD Scores with zero variance.
Reading regression weight LD Score from eur_w_ld_chr/[1-22] ... (ldscore_fromlist)
Read regression weight LD Scores for 1290028 SNPs.
After merging with reference panel LD, 1279272 SNPs remain.
After merging with regression SNP LD, 1279272 SNPs remain.
Using two-step estimator with cutoff at 30.
Total Observed scale h2: 0.3192 (0.03)
Lambda GC: 1.1523
Mean Chi^2: 1.1262
Intercept: 1.0038 (0.0058)
Ratio: 0.03 (0.046)
Analysis finished at Wed Feb 16 15:24:26 2022
Total time elapsed: 32.08s
