# MEAN_SAMPLE_SIZE = 35986
# TOTAL_GENES = 17162
# TEST_DIRECTION = one-sided, positive (set), one-sided, positive (covar)
# CONDITIONED_INTERNAL = gene size, gene density, inverse mac, log(gene size), log(gene density), log(inverse mac)
# CONDITIONED_HIDDEN = Average (covar)
VARIABLE                             TYPE  NGENES         BETA     BETA_STD           SE            P FULL_NAME
Adipose_Subcutaneous                COVAR   17162   -0.0073313    -0.014611     0.010041      0.76735 Adipose_Subcutaneous
Adipose_Visceral_Omentum            COVAR   17162    -0.019146    -0.037128     0.010388      0.96733 Adipose_Visceral_Omentum
Adrenal_Gland                       COVAR   17162   0.00037783   0.00072823    0.0093705      0.48392 Adrenal_Gland
Artery_Aorta                        COVAR   17162    0.0074722     0.015229    0.0096279      0.21885 Artery_Aorta
Artery_Coronary                     COVAR   17162   -0.0012253   -0.0024352     0.011156      0.54373 Artery_Coronary
Artery_Tibial                       COVAR   17162    0.0044817    0.0092179    0.0094026      0.31681 Artery_Tibial
Bladder                             COVAR   17162  -0.00029802  -0.00058009     0.012232      0.50972 Bladder
Brain_Amygdala                      COVAR   17162    0.0017261    0.0029371    0.0074762       0.4087 Brain_Amygdala
Brain_Anterior_cingulate_cor...     COVAR   17162    0.0026454    0.0046677    0.0068954      0.35062 Brain_Anterior_cingulate_cortex_BA24
Brain_Caudate_basal_ganglia         COVAR   17162    0.0015921    0.0027464     0.007458      0.41548 Brain_Caudate_basal_ganglia
Brain_Cerebellar_Hemisphere         COVAR   17162     0.002743    0.0054987    0.0057714       0.3173 Brain_Cerebellar_Hemisphere
Brain_Cerebellum                    COVAR   17162    0.0038601    0.0076539    0.0059546      0.25841 Brain_Cerebellum
Brain_Cortex                        COVAR   17162    0.0033687    0.0061359    0.0067638      0.30923 Brain_Cortex
Brain_Frontal_Cortex_BA9            COVAR   17162    0.0019588    0.0036052    0.0065284      0.38208 Brain_Frontal_Cortex_BA9
Brain_Hippocampus                   COVAR   17162    0.0017108    0.0028932     0.007578       0.4107 Brain_Hippocampus
Brain_Hypothalamus                  COVAR   17162  -0.00017395  -0.00029886    0.0076539      0.50907 Brain_Hypothalamus
Brain_Nucleus_accumbens_basa...     COVAR   17162     0.003048    0.0052817    0.0072289      0.33665 Brain_Nucleus_accumbens_basal_ganglia
Brain_Putamen_basal_ganglia         COVAR   17162     0.002299    0.0039073    0.0075309      0.38008 Brain_Putamen_basal_ganglia
Brain_Spinal_cord_cervical_c...     COVAR   17162    -0.011155    -0.020018    0.0080098      0.91813 Brain_Spinal_cord_cervical_c-1
Brain_Substantia_nigra              COVAR   17162   -0.0048844    -0.008396    0.0080705      0.72747 Brain_Substantia_nigra
Breast_Mammary_Tissue               COVAR   17162   -0.0018219    -0.003498     0.011698      0.56188 Breast_Mammary_Tissue
Cells_Cultured_fibroblasts          COVAR   17162   -0.0045681   -0.0097817    0.0062852      0.76632 Cells_Cultured_fibroblasts
Cells_EBV-transformed_lympho...     COVAR   17162   -0.0028864   -0.0062922    0.0046113      0.73432 Cells_EBV-transformed_lymphocytes
Cervix_Ectocervix                   COVAR   17162  -2.5467e-05  -4.9845e-05     0.011527      0.50088 Cervix_Ectocervix
Cervix_Endocervix                   COVAR   17162     0.011121     0.021985     0.011074      0.15763 Cervix_Endocervix
Colon_Sigmoid                       COVAR   17162    0.0099187     0.019382     0.011895      0.20218 Colon_Sigmoid
Colon_Transverse                    COVAR   17162   -0.0037649   -0.0069107     0.010999      0.63393 Colon_Transverse
Esophagus_Gastroesophageal_J...     COVAR   17162     0.020489     0.040286     0.011983      0.04366 Esophagus_Gastroesophageal_Junction
Esophagus_Mucosa                    COVAR   17162   -0.0052345    -0.010105    0.0073203      0.76271 Esophagus_Mucosa
Esophagus_Muscularis                COVAR   17162      0.01942     0.038261       0.0116     0.047063 Esophagus_Muscularis
Fallopian_Tube                      COVAR   17162    0.0055394     0.010731     0.011335      0.31253 Fallopian_Tube
Heart_Atrial_Appendage              COVAR   17162    0.0033122    0.0059395    0.0089613      0.35584 Heart_Atrial_Appendage
Heart_Left_Ventricle                COVAR   17162    0.0013667    0.0022792    0.0087681      0.43807 Heart_Left_Ventricle
Kidney_Cortex                       COVAR   17162   -0.0099507    -0.017452    0.0083857       0.8823 Kidney_Cortex
Kidney_Medulla                      COVAR   17162   -0.0065565    -0.012104      0.00869      0.77472 Kidney_Medulla
Liver                               COVAR   17162  -0.00023052  -0.00041474    0.0060991      0.51507 Liver
Lung                                COVAR   17162   -0.0084346    -0.016277    0.0086436      0.83541 Lung
Minor_Salivary_Gland                COVAR   17162    0.0034696    0.0064476    0.0090028      0.34998 Minor_Salivary_Gland
Muscle_Skeletal                     COVAR   17162    0.0046702    0.0088328    0.0065925      0.23935 Muscle_Skeletal
Nerve_Tibial                        COVAR   17162   -0.0045572   -0.0091597     0.009499      0.68429 Nerve_Tibial
Ovary                               COVAR   17162     0.010218     0.020688    0.0091395       0.1318 Ovary
Pancreas                            COVAR   17162   -0.0023993   -0.0040074    0.0081034      0.61641 Pancreas
Pituitary                           COVAR   17162     0.022698     0.042229    0.0085002    0.0037942 Pituitary
Prostate                            COVAR   17162   0.00052239   0.00098918     0.011382       0.4817 Prostate
Skin_Not_Sun_Exposed_Suprapu...     COVAR   17162    -0.010124    -0.019491    0.0073602       0.9155 Skin_Not_Sun_Exposed_Suprapubic
Skin_Sun_Exposed_Lower_leg          COVAR   17162   -0.0086315    -0.016723     0.007376      0.87903 Skin_Sun_Exposed_Lower_leg
Small_Intestine_Terminal_Ile...     COVAR   17162   -0.0046664   -0.0085664    0.0090097      0.69774 Small_Intestine_Terminal_Ileum
Spleen                              COVAR   17162   -0.0075575    -0.014953    0.0070019      0.85977 Spleen
Stomach                             COVAR   17162     0.011731     0.021279     0.011414      0.15204 Stomach
Testis                              COVAR   17162    0.0089583     0.015456    0.0053826      0.04804 Testis
Thyroid                             COVAR   17162   -0.0057666    -0.011404    0.0092387      0.73374 Thyroid
Uterus                              COVAR   17162    0.0091734     0.018668     0.010384      0.18852 Uterus
Vagina                              COVAR   17162    -0.012351    -0.023581     0.010524      0.87971 Vagina
Whole_Blood                         COVAR   17162   -0.0068578    -0.012366    0.0053806      0.89875 Whole_Blood
