*********************************************************************
* LD Score Regression (LDSC)
* Version 1.0.1
* (C) 2014-2019 Brendan Bulik-Sullivan and Hilary Finucane
* Broad Institute of MIT and Harvard / MIT Department of Mathematics
* GNU General Public License v3
*********************************************************************
Call: 
./ldsc.py \
--h2 ../results/ldsc/BATCH2_2021_DATA/v1/MUNGE_OUTPUT25.sumstats.gz \
--ref-ld-chr ../SAMPLE_DATA/eur_w_ld_chr/ \
--out ../results/ldsc/BATCH2_2021_DATA/v2/MUNGE_OUTPUT25 \
--w-ld-chr ../SAMPLE_DATA/eur_w_ld_chr/ 

Beginning analysis at Mon Feb 21 18:16:42 2022
Reading summary statistics from ../results/ldsc/BATCH2_2021_DATA/v1/MUNGE_OUTPUT25.sumstats.gz ...
Read summary statistics for 7011343 SNPs.
Reading reference panel LD Score from ../SAMPLE_DATA/eur_w_ld_chr/[1-22] ... (ldscore_fromlist)
Read reference panel LD Scores for 1290028 SNPs.
Removing partitioned LD Scores with zero variance.
Reading regression weight LD Score from ../SAMPLE_DATA/eur_w_ld_chr/[1-22] ... (ldscore_fromlist)
Read regression weight LD Scores for 1290028 SNPs.
After merging with reference panel LD, 1169612 SNPs remain.
After merging with regression SNP LD, 1169612 SNPs remain.
Using two-step estimator with cutoff at 30.
Total Observed scale h2: 0.2083 (0.0279)
Lambda GC: 1.0679
Mean Chi^2: 1.0578
Intercept: 0.9933 (0.0061)
Ratio < 0 (usually indicates GC correction).
Analysis finished at Mon Feb 21 18:17:18 2022
Total time elapsed: 35.46s
