*********************************************************************
* LD Score Regression (LDSC)
* Version 1.0.1
* (C) 2014-2019 Brendan Bulik-Sullivan and Hilary Finucane
* Broad Institute of MIT and Harvard / MIT Department of Mathematics
* GNU General Public License v3
*********************************************************************
Call: 
./ldsc.py \
--ref-ld-chr ../SAMPLE_DATA/eur_w_ld_chr/ \
--out ../results/ldsc/other_traits/STAGE00DATA/mean_imputed/not_subsampled/rg/par16 \
--rg ../results/ldsc/STAGE00DATA/mean_imputed/not_subsampled/munged/par16.sumstats.gz,../SAMPLE_DATA/OTHER_TRAITS_GWAS/ADHD/munged.sumstats.gz,../SAMPLE_DATA/OTHER_TRAITS_GWAS/ASD/munged.sumstats.gz,../SAMPLE_DATA/OTHER_TRAITS_GWAS/BipolarDisorderAll/munged.sumstats.gz,../SAMPLE_DATA/OTHER_TRAITS_GWAS/Handedness/munged.sumstats.gz,../SAMPLE_DATA/OTHER_TRAITS_GWAS/Intelligence/munged.sumstats.gz,../SAMPLE_DATA/OTHER_TRAITS_GWAS/LanguageFunctionalConnectivity/munged.sumstats.gz,../SAMPLE_DATA/OTHER_TRAITS_GWAS/OCD/munged.sumstats.gz,../SAMPLE_DATA/OTHER_TRAITS_GWAS/Schizophrenia/munged.sumstats.gz \
--w-ld-chr ../SAMPLE_DATA/eur_w_ld_chr/ 

Beginning analysis at Mon Mar 21 17:48:56 2022
Reading summary statistics from ../results/ldsc/STAGE00DATA/mean_imputed/not_subsampled/munged/par16.sumstats.gz ...
Read summary statistics for 1180716 SNPs.
Reading reference panel LD Score from ../SAMPLE_DATA/eur_w_ld_chr/[1-22] ... (ldscore_fromlist)
Read reference panel LD Scores for 1290028 SNPs.
Removing partitioned LD Scores with zero variance.
Reading regression weight LD Score from ../SAMPLE_DATA/eur_w_ld_chr/[1-22] ... (ldscore_fromlist)
Read regression weight LD Scores for 1290028 SNPs.
After merging with reference panel LD, 1174407 SNPs remain.
After merging with regression SNP LD, 1174407 SNPs remain.
Computing rg for phenotype 2/9
Reading summary statistics from ../SAMPLE_DATA/OTHER_TRAITS_GWAS/ADHD/munged.sumstats.gz ...
Read summary statistics for 1217311 SNPs.
After merging with summary statistics, 1174407 SNPs remain.
1061587 SNPs with valid alleles.

Heritability of phenotype 1
---------------------------
Total Observed scale h2: 0.1585 (0.0277)
Lambda GC: 1.0741
Mean Chi^2: 1.0547
Intercept: 0.9914 (0.0076)
Ratio < 0 (usually indicates GC correction).

Heritability of phenotype 2/9
-----------------------------
Total Observed scale h2: 0.2373 (0.0156)
Lambda GC: 1.2531
Mean Chi^2: 1.2966
Intercept: 1.0318 (0.0105)
Ratio: 0.1071 (0.0354)

Genetic Covariance
------------------
Total Observed scale gencov: 0.0171 (0.0096)
Mean z1*z2: -0.0151
Intercept: -0.0261 (0.0044)

Genetic Correlation
-------------------
Genetic Correlation: 0.0883 (0.0502)
Z-score: 1.7577
P: 0.0788

Computing rg for phenotype 3/9
Reading summary statistics from ../SAMPLE_DATA/OTHER_TRAITS_GWAS/ASD/munged.sumstats.gz ...
Read summary statistics for 1217311 SNPs.
After merging with summary statistics, 1174407 SNPs remain.
1043390 SNPs with valid alleles.

Heritability of phenotype 3/9
-----------------------------
Total Observed scale h2: 0.1938 (0.0167)
Lambda GC: 1.1715
Mean Chi^2: 1.2
Intercept: 1.0088 (0.0096)
Ratio: 0.0439 (0.0478)

Genetic Covariance
------------------
Total Observed scale gencov: 0.0181 (0.0112)
Mean z1*z2: -0.018
Intercept: -0.028 (0.005)

Genetic Correlation
-------------------
Genetic Correlation: 0.1033 (0.0662)
Z-score: 1.5609
P: 0.1186

Computing rg for phenotype 4/9
Reading summary statistics from ../SAMPLE_DATA/OTHER_TRAITS_GWAS/BipolarDisorderAll/munged.sumstats.gz ...
Read summary statistics for 1217311 SNPs.
After merging with summary statistics, 1174407 SNPs remain.
1117777 SNPs with valid alleles.

Heritability of phenotype 4/9
-----------------------------
Total Observed scale h2: 0.07 (0.0029)
Lambda GC: 1.4673
Mean Chi^2: 1.6107
Intercept: 1.0323 (0.0112)
Ratio: 0.053 (0.0183)

Genetic Covariance
------------------
Total Observed scale gencov: 0.0097 (0.0041)
Mean z1*z2: -0.0233
Intercept: -0.0372 (0.0049)

Genetic Correlation
-------------------
Genetic Correlation: 0.0913 (0.0405)
Z-score: 2.2546
P: 0.0242

Computing rg for phenotype 5/9
Reading summary statistics from ../SAMPLE_DATA/OTHER_TRAITS_GWAS/Handedness/munged.sumstats.gz ...
Read summary statistics for 1217311 SNPs.
After merging with summary statistics, 1174407 SNPs remain.
1170261 SNPs with valid alleles.

Heritability of phenotype 5/9
-----------------------------
Total Observed scale h2: 0.0126 (0.0016)
Lambda GC: 1.105
Mean Chi^2: 1.1139
Intercept: 1.0322 (0.0072)
Ratio: 0.2824 (0.0632)

Genetic Covariance
------------------
Total Observed scale gencov: -0.0044 (0.0031)
Mean z1*z2: 0.0005
Intercept: 0.0068 (0.0035)

Genetic Correlation
-------------------
Genetic Correlation: -0.1014 (0.0722)
Z-score: -1.4038
P: 0.1604

Computing rg for phenotype 6/9
Reading summary statistics from ../SAMPLE_DATA/OTHER_TRAITS_GWAS/Intelligence/munged.sumstats.gz ...
Read summary statistics for 1217311 SNPs.
After merging with summary statistics, 1174407 SNPs remain.
1165940 SNPs with valid alleles.

Heritability of phenotype 6/9
-----------------------------
Total Observed scale h2: 1.5206 (0.0828)
Lambda GC: 1.2597
Mean Chi^2: 1.3011
Intercept: 1.0095 (0.0082)
Ratio: 0.0314 (0.0273)

Genetic Covariance
------------------
Total Observed scale gencov: -0.0031 (0.02)
Mean z1*z2: 0.0049
Intercept: 0.007 (0.004)

Genetic Correlation
-------------------
Genetic Correlation: -0.0065 (0.0416)
Z-score: -0.1555
P: 0.8765

Computing rg for phenotype 7/9
Reading summary statistics from ../SAMPLE_DATA/OTHER_TRAITS_GWAS/LanguageFunctionalConnectivity/munged.sumstats.gz ...
Read summary statistics for 1217311 SNPs.
After merging with summary statistics, 1174407 SNPs remain.
1173908 SNPs with valid alleles.

Heritability of phenotype 7/9
-----------------------------
Total Observed scale h2: 0.3859 (0.0265)
Lambda GC: 1.3169
Mean Chi^2: 1.2591
Intercept: 1.011 (0.0078)
Ratio: 0.0423 (0.0301)

Genetic Covariance
------------------
Total Observed scale gencov: 0.0255 (0.0109)
Mean z1*z2: -0.0997
Intercept: -0.111 (0.0038)

Genetic Correlation
-------------------
Genetic Correlation: 0.1057 (0.05)
Z-score: 2.1141
P: 0.0345

Computing rg for phenotype 8/9
Reading summary statistics from ../SAMPLE_DATA/OTHER_TRAITS_GWAS/OCD/munged.sumstats.gz ...
Read summary statistics for 1217311 SNPs.
After merging with summary statistics, 1174407 SNPs remain.
1097407 SNPs with valid alleles.

Heritability of phenotype 8/9
-----------------------------
Total Observed scale h2: 0.3121 (0.0494)
Lambda GC: 1.0527
Mean Chi^2: 1.0568
Intercept: 0.9951 (0.0067)
Ratio < 0 (usually indicates GC correction).

Genetic Covariance
------------------
Total Observed scale gencov: 0.0161 (0.019)
Mean z1*z2: -0.0084
Intercept: -0.0127 (0.0042)

Genetic Correlation
-------------------
Genetic Correlation: 0.0746 (0.0887)
Z-score: 0.8413
P: 0.4002

Computing rg for phenotype 9/9
Reading summary statistics from ../SAMPLE_DATA/OTHER_TRAITS_GWAS/Schizophrenia/munged.sumstats.gz ...
Read summary statistics for 1217311 SNPs.
After merging with summary statistics, 1174407 SNPs remain.
1111346 SNPs with valid alleles.

Heritability of phenotype 9/9
-----------------------------
Total Observed scale h2: 0.4422 (0.018)
Lambda GC: 1.5957
Mean Chi^2: 1.7861
Intercept: 1.0398 (0.0124)
Ratio: 0.0507 (0.0157)

Genetic Covariance
------------------
Total Observed scale gencov: 0.0088 (0.009)
Mean z1*z2: -0.0268
Intercept: -0.0296 (0.0052)

Genetic Correlation
-------------------
Genetic Correlation: 0.0343 (0.0353)
Z-score: 0.9725
P: 0.3308


Summary of Genetic Correlation Results
                                                                               p1                                                                                  p2      rg      se       z       p  h2_obs  h2_obs_se  h2_int  h2_int_se  gcov_int  gcov_int_se
 ../results/ldsc/STAGE00DATA/mean_imputed/not_subsampled/munged/par16.sumstats.gz                            ../SAMPLE_DATA/OTHER_TRAITS_GWAS/ADHD/munged.sumstats.gz  0.0883  0.0502  1.7577  0.0788  0.2373     0.0156  1.0318     0.0105   -0.0261       0.0044
 ../results/ldsc/STAGE00DATA/mean_imputed/not_subsampled/munged/par16.sumstats.gz                             ../SAMPLE_DATA/OTHER_TRAITS_GWAS/ASD/munged.sumstats.gz  0.1033  0.0662  1.5609  0.1186  0.1938     0.0167  1.0088     0.0096   -0.0280       0.0050
 ../results/ldsc/STAGE00DATA/mean_imputed/not_subsampled/munged/par16.sumstats.gz              ../SAMPLE_DATA/OTHER_TRAITS_GWAS/BipolarDisorderAll/munged.sumstats.gz  0.0913  0.0405  2.2546  0.0242  0.0700     0.0029  1.0323     0.0112   -0.0372       0.0049
 ../results/ldsc/STAGE00DATA/mean_imputed/not_subsampled/munged/par16.sumstats.gz                      ../SAMPLE_DATA/OTHER_TRAITS_GWAS/Handedness/munged.sumstats.gz -0.1014  0.0722 -1.4038  0.1604  0.0126     0.0016  1.0322     0.0072    0.0068       0.0035
 ../results/ldsc/STAGE00DATA/mean_imputed/not_subsampled/munged/par16.sumstats.gz                    ../SAMPLE_DATA/OTHER_TRAITS_GWAS/Intelligence/munged.sumstats.gz -0.0065  0.0416 -0.1555  0.8765  1.5206     0.0828  1.0095     0.0082    0.0070       0.0040
 ../results/ldsc/STAGE00DATA/mean_imputed/not_subsampled/munged/par16.sumstats.gz  ../SAMPLE_DATA/OTHER_TRAITS_GWAS/LanguageFunctionalConnectivity/munged.sumstats.gz  0.1057  0.0500  2.1141  0.0345  0.3859     0.0265  1.0110     0.0078   -0.1110       0.0038
 ../results/ldsc/STAGE00DATA/mean_imputed/not_subsampled/munged/par16.sumstats.gz                             ../SAMPLE_DATA/OTHER_TRAITS_GWAS/OCD/munged.sumstats.gz  0.0746  0.0887  0.8413  0.4002  0.3121     0.0494  0.9951     0.0067   -0.0127       0.0042
 ../results/ldsc/STAGE00DATA/mean_imputed/not_subsampled/munged/par16.sumstats.gz                   ../SAMPLE_DATA/OTHER_TRAITS_GWAS/Schizophrenia/munged.sumstats.gz  0.0343  0.0353  0.9725  0.3308  0.4422     0.0180  1.0398     0.0124   -0.0296       0.0052

Analysis finished at Mon Mar 21 17:49:49 2022
Total time elapsed: 52.68s
