*********************************************************************
* LD Score Regression (LDSC)
* Version 1.0.1
* (C) 2014-2019 Brendan Bulik-Sullivan and Hilary Finucane
* Broad Institute of MIT and Harvard / MIT Department of Mathematics
* GNU General Public License v3
*********************************************************************
Call: 
./ldsc.py \
--ref-ld-chr ../SAMPLE_DATA/eur_w_ld_chr/ \
--out ../results/ldsc/other_traits/STAGE00DATA/mean_imputed/not_subsampled/rg/par15 \
--rg ../results/ldsc/STAGE00DATA/mean_imputed/not_subsampled/munged/par15.sumstats.gz,../SAMPLE_DATA/OTHER_TRAITS_GWAS/ADHD/munged.sumstats.gz,../SAMPLE_DATA/OTHER_TRAITS_GWAS/ASD/munged.sumstats.gz,../SAMPLE_DATA/OTHER_TRAITS_GWAS/BipolarDisorderAll/munged.sumstats.gz,../SAMPLE_DATA/OTHER_TRAITS_GWAS/Handedness/munged.sumstats.gz,../SAMPLE_DATA/OTHER_TRAITS_GWAS/Intelligence/munged.sumstats.gz,../SAMPLE_DATA/OTHER_TRAITS_GWAS/LanguageFunctionalConnectivity/munged.sumstats.gz,../SAMPLE_DATA/OTHER_TRAITS_GWAS/OCD/munged.sumstats.gz,../SAMPLE_DATA/OTHER_TRAITS_GWAS/Schizophrenia/munged.sumstats.gz \
--w-ld-chr ../SAMPLE_DATA/eur_w_ld_chr/ 

Beginning analysis at Mon Mar 21 17:48:04 2022
Reading summary statistics from ../results/ldsc/STAGE00DATA/mean_imputed/not_subsampled/munged/par15.sumstats.gz ...
Read summary statistics for 1180716 SNPs.
Reading reference panel LD Score from ../SAMPLE_DATA/eur_w_ld_chr/[1-22] ... (ldscore_fromlist)
Read reference panel LD Scores for 1290028 SNPs.
Removing partitioned LD Scores with zero variance.
Reading regression weight LD Score from ../SAMPLE_DATA/eur_w_ld_chr/[1-22] ... (ldscore_fromlist)
Read regression weight LD Scores for 1290028 SNPs.
After merging with reference panel LD, 1174407 SNPs remain.
After merging with regression SNP LD, 1174407 SNPs remain.
Computing rg for phenotype 2/9
Reading summary statistics from ../SAMPLE_DATA/OTHER_TRAITS_GWAS/ADHD/munged.sumstats.gz ...
Read summary statistics for 1217311 SNPs.
After merging with summary statistics, 1174407 SNPs remain.
1061587 SNPs with valid alleles.

Heritability of phenotype 1
---------------------------
Total Observed scale h2: 0.0609 (0.0245)
Lambda GC: 1.0225
Mean Chi^2: 1.0254
Intercept: 1.0009 (0.0073)
Ratio: 0.0336 (0.288)

Heritability of phenotype 2/9
-----------------------------
Total Observed scale h2: 0.2373 (0.0156)
Lambda GC: 1.2531
Mean Chi^2: 1.2966
Intercept: 1.0318 (0.0105)
Ratio: 0.1071 (0.0354)

Genetic Covariance
------------------
Total Observed scale gencov: 0.0153 (0.01)
Mean z1*z2: -0.0136
Intercept: -0.0241 (0.0047)

Genetic Correlation
-------------------
Genetic Correlation: 0.1277 (0.084)
Z-score: 1.5192
P: 0.1287

Computing rg for phenotype 3/9
Reading summary statistics from ../SAMPLE_DATA/OTHER_TRAITS_GWAS/ASD/munged.sumstats.gz ...
Read summary statistics for 1217311 SNPs.
After merging with summary statistics, 1174407 SNPs remain.
1043390 SNPs with valid alleles.

Heritability of phenotype 3/9
-----------------------------
Total Observed scale h2: 0.1938 (0.0167)
Lambda GC: 1.1715
Mean Chi^2: 1.2
Intercept: 1.0088 (0.0096)
Ratio: 0.0439 (0.0478)

Genetic Covariance
------------------
Total Observed scale gencov: 0.0396 (0.0107)
Mean z1*z2: -0.0119
Intercept: -0.0371 (0.0049)

Genetic Correlation
-------------------
Genetic Correlation: 0.368 (0.1202)
Z-score: 3.0614
P: 0.0022

Computing rg for phenotype 4/9
Reading summary statistics from ../SAMPLE_DATA/OTHER_TRAITS_GWAS/BipolarDisorderAll/munged.sumstats.gz ...
Read summary statistics for 1217311 SNPs.
After merging with summary statistics, 1174407 SNPs remain.
1117777 SNPs with valid alleles.

Heritability of phenotype 4/9
-----------------------------
Total Observed scale h2: 0.07 (0.0029)
Lambda GC: 1.4673
Mean Chi^2: 1.6107
Intercept: 1.0323 (0.0112)
Ratio: 0.053 (0.0183)

Genetic Covariance
------------------
Total Observed scale gencov: 0.0029 (0.0037)
Mean z1*z2: -0.0262
Intercept: -0.0293 (0.0047)

Genetic Correlation
-------------------
Genetic Correlation: 0.0462 (0.0622)
Z-score: 0.7428
P: 0.4576

Computing rg for phenotype 5/9
Reading summary statistics from ../SAMPLE_DATA/OTHER_TRAITS_GWAS/Handedness/munged.sumstats.gz ...
Read summary statistics for 1217311 SNPs.
After merging with summary statistics, 1174407 SNPs remain.
1170261 SNPs with valid alleles.

Heritability of phenotype 5/9
-----------------------------
Total Observed scale h2: 0.0126 (0.0016)
Lambda GC: 1.105
Mean Chi^2: 1.1139
Intercept: 1.0322 (0.0072)
Ratio: 0.2824 (0.0632)

Genetic Covariance
------------------
Total Observed scale gencov: 0.0059 (0.0033)
Mean z1*z2: 0.0053
Intercept: -0.004 (0.0035)

Genetic Correlation
-------------------
Genetic Correlation: 0.2169 (0.1202)
Z-score: 1.8044
P: 0.0712

Computing rg for phenotype 6/9
Reading summary statistics from ../SAMPLE_DATA/OTHER_TRAITS_GWAS/Intelligence/munged.sumstats.gz ...
Read summary statistics for 1217311 SNPs.
After merging with summary statistics, 1174407 SNPs remain.
1165940 SNPs with valid alleles.

Heritability of phenotype 6/9
-----------------------------
Total Observed scale h2: 1.5206 (0.0828)
Lambda GC: 1.2597
Mean Chi^2: 1.3011
Intercept: 1.0095 (0.0082)
Ratio: 0.0314 (0.0273)

Genetic Covariance
------------------
Total Observed scale gencov: -0.0298 (0.0201)
Mean z1*z2: 0.0047
Intercept: 0.0123 (0.0036)

Genetic Correlation
-------------------
Genetic Correlation: -0.1047 (0.0715)
Z-score: -1.4645
P: 0.1431

Computing rg for phenotype 7/9
Reading summary statistics from ../SAMPLE_DATA/OTHER_TRAITS_GWAS/LanguageFunctionalConnectivity/munged.sumstats.gz ...
Read summary statistics for 1217311 SNPs.
After merging with summary statistics, 1174407 SNPs remain.
1173908 SNPs with valid alleles.

Heritability of phenotype 7/9
-----------------------------
Total Observed scale h2: 0.3859 (0.0265)
Lambda GC: 1.3169
Mean Chi^2: 1.2591
Intercept: 1.011 (0.0078)
Ratio: 0.0423 (0.0301)

Genetic Covariance
------------------
Total Observed scale gencov: 0.03 (0.0087)
Mean z1*z2: -0.0927
Intercept: -0.1071 (0.0035)

Genetic Correlation
-------------------
Genetic Correlation: 0.2025 (0.0783)
Z-score: 2.5847
P: 0.0097

Computing rg for phenotype 8/9
Reading summary statistics from ../SAMPLE_DATA/OTHER_TRAITS_GWAS/OCD/munged.sumstats.gz ...
Read summary statistics for 1217311 SNPs.
After merging with summary statistics, 1174407 SNPs remain.
1097407 SNPs with valid alleles.

Heritability of phenotype 8/9
-----------------------------
Total Observed scale h2: 0.3121 (0.0494)
Lambda GC: 1.0527
Mean Chi^2: 1.0568
Intercept: 0.9951 (0.0067)
Ratio < 0 (usually indicates GC correction).

Genetic Covariance
------------------
Total Observed scale gencov: 0.0405 (0.0186)
Mean z1*z2: -0.0041
Intercept: -0.0157 (0.0039)

Genetic Correlation
-------------------
Genetic Correlation: 0.3098 (0.1575)
Z-score: 1.967
P: 0.0492

Computing rg for phenotype 9/9
Reading summary statistics from ../SAMPLE_DATA/OTHER_TRAITS_GWAS/Schizophrenia/munged.sumstats.gz ...
Read summary statistics for 1217311 SNPs.
After merging with summary statistics, 1174407 SNPs remain.
1111346 SNPs with valid alleles.

Heritability of phenotype 9/9
-----------------------------
Total Observed scale h2: 0.4422 (0.018)
Lambda GC: 1.5957
Mean Chi^2: 1.7861
Intercept: 1.0398 (0.0124)
Ratio: 0.0507 (0.0157)

Genetic Covariance
------------------
Total Observed scale gencov: 0.0247 (0.0091)
Mean z1*z2: -0.018
Intercept: -0.0365 (0.005)

Genetic Correlation
-------------------
Genetic Correlation: 0.1556 (0.0644)
Z-score: 2.4171
P: 0.0156


Summary of Genetic Correlation Results
                                                                               p1                                                                                  p2      rg      se       z       p  h2_obs  h2_obs_se  h2_int  h2_int_se  gcov_int  gcov_int_se
 ../results/ldsc/STAGE00DATA/mean_imputed/not_subsampled/munged/par15.sumstats.gz                            ../SAMPLE_DATA/OTHER_TRAITS_GWAS/ADHD/munged.sumstats.gz  0.1277  0.0840  1.5192  0.1287  0.2373     0.0156  1.0318     0.0105   -0.0241       0.0047
 ../results/ldsc/STAGE00DATA/mean_imputed/not_subsampled/munged/par15.sumstats.gz                             ../SAMPLE_DATA/OTHER_TRAITS_GWAS/ASD/munged.sumstats.gz  0.3680  0.1202  3.0614  0.0022  0.1938     0.0167  1.0088     0.0096   -0.0371       0.0049
 ../results/ldsc/STAGE00DATA/mean_imputed/not_subsampled/munged/par15.sumstats.gz              ../SAMPLE_DATA/OTHER_TRAITS_GWAS/BipolarDisorderAll/munged.sumstats.gz  0.0462  0.0622  0.7428  0.4576  0.0700     0.0029  1.0323     0.0112   -0.0293       0.0047
 ../results/ldsc/STAGE00DATA/mean_imputed/not_subsampled/munged/par15.sumstats.gz                      ../SAMPLE_DATA/OTHER_TRAITS_GWAS/Handedness/munged.sumstats.gz  0.2169  0.1202  1.8044  0.0712  0.0126     0.0016  1.0322     0.0072   -0.0040       0.0035
 ../results/ldsc/STAGE00DATA/mean_imputed/not_subsampled/munged/par15.sumstats.gz                    ../SAMPLE_DATA/OTHER_TRAITS_GWAS/Intelligence/munged.sumstats.gz -0.1047  0.0715 -1.4645  0.1431  1.5206     0.0828  1.0095     0.0082    0.0123       0.0036
 ../results/ldsc/STAGE00DATA/mean_imputed/not_subsampled/munged/par15.sumstats.gz  ../SAMPLE_DATA/OTHER_TRAITS_GWAS/LanguageFunctionalConnectivity/munged.sumstats.gz  0.2025  0.0783  2.5847  0.0097  0.3859     0.0265  1.0110     0.0078   -0.1071       0.0035
 ../results/ldsc/STAGE00DATA/mean_imputed/not_subsampled/munged/par15.sumstats.gz                             ../SAMPLE_DATA/OTHER_TRAITS_GWAS/OCD/munged.sumstats.gz  0.3098  0.1575  1.9670  0.0492  0.3121     0.0494  0.9951     0.0067   -0.0157       0.0039
 ../results/ldsc/STAGE00DATA/mean_imputed/not_subsampled/munged/par15.sumstats.gz                   ../SAMPLE_DATA/OTHER_TRAITS_GWAS/Schizophrenia/munged.sumstats.gz  0.1556  0.0644  2.4171  0.0156  0.4422     0.0180  1.0398     0.0124   -0.0365       0.0050

Analysis finished at Mon Mar 21 17:48:56 2022
Total time elapsed: 51.51s
