*********************************************************************
* LD Score Regression (LDSC)
* Version 1.0.1
* (C) 2014-2019 Brendan Bulik-Sullivan and Hilary Finucane
* Broad Institute of MIT and Harvard / MIT Department of Mathematics
* GNU General Public License v3
*********************************************************************
Call: 
./ldsc.py \
--ref-ld-chr ../SAMPLE_DATA/eur_w_ld_chr/ \
--out ../results/ldsc/other_traits/STAGE00DATA/mean_imputed/not_subsampled/rg/par24 \
--rg ../results/ldsc/STAGE00DATA/mean_imputed/not_subsampled/munged/par24.sumstats.gz,../SAMPLE_DATA/OTHER_TRAITS_GWAS/ADHD/munged.sumstats.gz,../SAMPLE_DATA/OTHER_TRAITS_GWAS/ASD/munged.sumstats.gz,../SAMPLE_DATA/OTHER_TRAITS_GWAS/BipolarDisorderAll/munged.sumstats.gz,../SAMPLE_DATA/OTHER_TRAITS_GWAS/Handedness/munged.sumstats.gz,../SAMPLE_DATA/OTHER_TRAITS_GWAS/Intelligence/munged.sumstats.gz,../SAMPLE_DATA/OTHER_TRAITS_GWAS/LanguageFunctionalConnectivity/munged.sumstats.gz,../SAMPLE_DATA/OTHER_TRAITS_GWAS/OCD/munged.sumstats.gz,../SAMPLE_DATA/OTHER_TRAITS_GWAS/Schizophrenia/munged.sumstats.gz \
--w-ld-chr ../SAMPLE_DATA/eur_w_ld_chr/ 

Beginning analysis at Mon Mar 21 17:55:59 2022
Reading summary statistics from ../results/ldsc/STAGE00DATA/mean_imputed/not_subsampled/munged/par24.sumstats.gz ...
Read summary statistics for 1180716 SNPs.
Reading reference panel LD Score from ../SAMPLE_DATA/eur_w_ld_chr/[1-22] ... (ldscore_fromlist)
Read reference panel LD Scores for 1290028 SNPs.
Removing partitioned LD Scores with zero variance.
Reading regression weight LD Score from ../SAMPLE_DATA/eur_w_ld_chr/[1-22] ... (ldscore_fromlist)
Read regression weight LD Scores for 1290028 SNPs.
After merging with reference panel LD, 1174407 SNPs remain.
After merging with regression SNP LD, 1174407 SNPs remain.
Computing rg for phenotype 2/9
Reading summary statistics from ../SAMPLE_DATA/OTHER_TRAITS_GWAS/ADHD/munged.sumstats.gz ...
Read summary statistics for 1217311 SNPs.
After merging with summary statistics, 1174407 SNPs remain.
1061587 SNPs with valid alleles.

Heritability of phenotype 1
---------------------------
Total Observed scale h2: 0.1394 (0.0282)
Lambda GC: 1.0588
Mean Chi^2: 1.0513
Intercept: 0.9929 (0.0076)
Ratio < 0 (usually indicates GC correction).

Heritability of phenotype 2/9
-----------------------------
Total Observed scale h2: 0.2373 (0.0156)
Lambda GC: 1.2531
Mean Chi^2: 1.2966
Intercept: 1.0318 (0.0105)
Ratio: 0.1071 (0.0354)

Genetic Covariance
------------------
Total Observed scale gencov: 0.0241 (0.0087)
Mean z1*z2: -0.0158
Intercept: -0.0322 (0.0042)

Genetic Correlation
-------------------
Genetic Correlation: 0.1327 (0.0478)
Z-score: 2.7735
P: 0.0055

Computing rg for phenotype 3/9
Reading summary statistics from ../SAMPLE_DATA/OTHER_TRAITS_GWAS/ASD/munged.sumstats.gz ...
Read summary statistics for 1217311 SNPs.
After merging with summary statistics, 1174407 SNPs remain.
1043390 SNPs with valid alleles.

Heritability of phenotype 3/9
-----------------------------
Total Observed scale h2: 0.1938 (0.0167)
Lambda GC: 1.1715
Mean Chi^2: 1.2
Intercept: 1.0088 (0.0096)
Ratio: 0.0439 (0.0478)

Genetic Covariance
------------------
Total Observed scale gencov: 0.0343 (0.0102)
Mean z1*z2: -0.0126
Intercept: -0.0338 (0.0048)

Genetic Correlation
-------------------
Genetic Correlation: 0.2087 (0.0656)
Z-score: 3.1828
P: 0.0015

Computing rg for phenotype 4/9
Reading summary statistics from ../SAMPLE_DATA/OTHER_TRAITS_GWAS/BipolarDisorderAll/munged.sumstats.gz ...
Read summary statistics for 1217311 SNPs.
After merging with summary statistics, 1174407 SNPs remain.
1117777 SNPs with valid alleles.

Heritability of phenotype 4/9
-----------------------------
Total Observed scale h2: 0.07 (0.0029)
Lambda GC: 1.4673
Mean Chi^2: 1.6107
Intercept: 1.0323 (0.0112)
Ratio: 0.053 (0.0183)

Genetic Covariance
------------------
Total Observed scale gencov: 0.0059 (0.0038)
Mean z1*z2: -0.028
Intercept: -0.0355 (0.0047)

Genetic Correlation
-------------------
Genetic Correlation: 0.0621 (0.0411)
Z-score: 1.5084
P: 0.1315

Computing rg for phenotype 5/9
Reading summary statistics from ../SAMPLE_DATA/OTHER_TRAITS_GWAS/Handedness/munged.sumstats.gz ...
Read summary statistics for 1217311 SNPs.
After merging with summary statistics, 1174407 SNPs remain.
1170261 SNPs with valid alleles.

Heritability of phenotype 5/9
-----------------------------
Total Observed scale h2: 0.0126 (0.0016)
Lambda GC: 1.105
Mean Chi^2: 1.1139
Intercept: 1.0322 (0.0072)
Ratio: 0.2824 (0.0632)

Genetic Covariance
------------------
Total Observed scale gencov: -0.0018 (0.003)
Mean z1*z2: 0.003
Intercept: 0.0051 (0.0034)

Genetic Correlation
-------------------
Genetic Correlation: -0.0422 (0.0716)
Z-score: -0.5897
P: 0.5554

Computing rg for phenotype 6/9
Reading summary statistics from ../SAMPLE_DATA/OTHER_TRAITS_GWAS/Intelligence/munged.sumstats.gz ...
Read summary statistics for 1217311 SNPs.
After merging with summary statistics, 1174407 SNPs remain.
1165940 SNPs with valid alleles.

Heritability of phenotype 6/9
-----------------------------
Total Observed scale h2: 1.5206 (0.0828)
Lambda GC: 1.2597
Mean Chi^2: 1.3011
Intercept: 1.0095 (0.0082)
Ratio: 0.0314 (0.0273)

Genetic Covariance
------------------
Total Observed scale gencov: 0.0199 (0.0215)
Mean z1*z2: 0.004
Intercept: -0.0018 (0.004)

Genetic Correlation
-------------------
Genetic Correlation: 0.0431 (0.0466)
Z-score: 0.9244
P: 0.3553

Computing rg for phenotype 7/9
Reading summary statistics from ../SAMPLE_DATA/OTHER_TRAITS_GWAS/LanguageFunctionalConnectivity/munged.sumstats.gz ...
Read summary statistics for 1217311 SNPs.
After merging with summary statistics, 1174407 SNPs remain.
1173908 SNPs with valid alleles.

Heritability of phenotype 7/9
-----------------------------
Total Observed scale h2: 0.3859 (0.0265)
Lambda GC: 1.3169
Mean Chi^2: 1.2591
Intercept: 1.011 (0.0078)
Ratio: 0.0423 (0.0301)

Genetic Covariance
------------------
Total Observed scale gencov: 0.0377 (0.0099)
Mean z1*z2: -0.0948
Intercept: -0.1119 (0.0039)

Genetic Correlation
-------------------
Genetic Correlation: 0.163 (0.0518)
Z-score: 3.1488
P: 0.0016

Computing rg for phenotype 8/9
Reading summary statistics from ../SAMPLE_DATA/OTHER_TRAITS_GWAS/OCD/munged.sumstats.gz ...
Read summary statistics for 1217311 SNPs.
After merging with summary statistics, 1174407 SNPs remain.
1097407 SNPs with valid alleles.

Heritability of phenotype 8/9
-----------------------------
Total Observed scale h2: 0.3121 (0.0494)
Lambda GC: 1.0527
Mean Chi^2: 1.0568
Intercept: 0.9951 (0.0067)
Ratio < 0 (usually indicates GC correction).

Genetic Covariance
------------------
Total Observed scale gencov: 0.0117 (0.02)
Mean z1*z2: -0.0054
Intercept: -0.0088 (0.0039)

Genetic Correlation
-------------------
Genetic Correlation: 0.0555 (0.0964)
Z-score: 0.576
P: 0.5646

Computing rg for phenotype 9/9
Reading summary statistics from ../SAMPLE_DATA/OTHER_TRAITS_GWAS/Schizophrenia/munged.sumstats.gz ...
Read summary statistics for 1217311 SNPs.
After merging with summary statistics, 1174407 SNPs remain.
1111346 SNPs with valid alleles.

Heritability of phenotype 9/9
-----------------------------
Total Observed scale h2: 0.4422 (0.018)
Lambda GC: 1.5957
Mean Chi^2: 1.7861
Intercept: 1.0398 (0.0124)
Ratio: 0.0507 (0.0157)

Genetic Covariance
------------------
Total Observed scale gencov: 0.0048 (0.0089)
Mean z1*z2: -0.0283
Intercept: -0.0272 (0.0049)

Genetic Correlation
-------------------
Genetic Correlation: 0.0192 (0.0365)
Z-score: 0.5265
P: 0.5986


Summary of Genetic Correlation Results
                                                                               p1                                                                                  p2      rg      se       z       p  h2_obs  h2_obs_se  h2_int  h2_int_se  gcov_int  gcov_int_se
 ../results/ldsc/STAGE00DATA/mean_imputed/not_subsampled/munged/par24.sumstats.gz                            ../SAMPLE_DATA/OTHER_TRAITS_GWAS/ADHD/munged.sumstats.gz  0.1327  0.0478  2.7735  0.0055  0.2373     0.0156  1.0318     0.0105   -0.0322       0.0042
 ../results/ldsc/STAGE00DATA/mean_imputed/not_subsampled/munged/par24.sumstats.gz                             ../SAMPLE_DATA/OTHER_TRAITS_GWAS/ASD/munged.sumstats.gz  0.2087  0.0656  3.1828  0.0015  0.1938     0.0167  1.0088     0.0096   -0.0338       0.0048
 ../results/ldsc/STAGE00DATA/mean_imputed/not_subsampled/munged/par24.sumstats.gz              ../SAMPLE_DATA/OTHER_TRAITS_GWAS/BipolarDisorderAll/munged.sumstats.gz  0.0621  0.0411  1.5084  0.1315  0.0700     0.0029  1.0323     0.0112   -0.0355       0.0047
 ../results/ldsc/STAGE00DATA/mean_imputed/not_subsampled/munged/par24.sumstats.gz                      ../SAMPLE_DATA/OTHER_TRAITS_GWAS/Handedness/munged.sumstats.gz -0.0422  0.0716 -0.5897  0.5554  0.0126     0.0016  1.0322     0.0072    0.0051       0.0034
 ../results/ldsc/STAGE00DATA/mean_imputed/not_subsampled/munged/par24.sumstats.gz                    ../SAMPLE_DATA/OTHER_TRAITS_GWAS/Intelligence/munged.sumstats.gz  0.0431  0.0466  0.9244  0.3553  1.5206     0.0828  1.0095     0.0082   -0.0018       0.0040
 ../results/ldsc/STAGE00DATA/mean_imputed/not_subsampled/munged/par24.sumstats.gz  ../SAMPLE_DATA/OTHER_TRAITS_GWAS/LanguageFunctionalConnectivity/munged.sumstats.gz  0.1630  0.0518  3.1488  0.0016  0.3859     0.0265  1.0110     0.0078   -0.1119       0.0039
 ../results/ldsc/STAGE00DATA/mean_imputed/not_subsampled/munged/par24.sumstats.gz                             ../SAMPLE_DATA/OTHER_TRAITS_GWAS/OCD/munged.sumstats.gz  0.0555  0.0964  0.5760  0.5646  0.3121     0.0494  0.9951     0.0067   -0.0088       0.0039
 ../results/ldsc/STAGE00DATA/mean_imputed/not_subsampled/munged/par24.sumstats.gz                   ../SAMPLE_DATA/OTHER_TRAITS_GWAS/Schizophrenia/munged.sumstats.gz  0.0192  0.0365  0.5265  0.5986  0.4422     0.0180  1.0398     0.0124   -0.0272       0.0049

Analysis finished at Mon Mar 21 17:56:50 2022
Total time elapsed: 51.56s
