*********************************************************************
* LD Score Regression (LDSC)
* Version 1.0.1
* (C) 2014-2019 Brendan Bulik-Sullivan and Hilary Finucane
* Broad Institute of MIT and Harvard / MIT Department of Mathematics
* GNU General Public License v3
*********************************************************************
Call: 
./ldsc.py \
--ref-ld-chr ../SAMPLE_DATA/eur_w_ld_chr/ \
--out ../results/asymmetry/ldsc/joinedDatasets/mean_imputed/not_subsampled/rg/par04 \
--rg ../results/asymmetry/ldsc/joinedDatasets/mean_imputed/not_subsampled/munged/par04.sumstats.gz,../results/asymmetry/ldsc/joinedDatasets/mean_imputed/not_subsampled/munged/par05.sumstats.gz,../results/asymmetry/ldsc/joinedDatasets/mean_imputed/not_subsampled/munged/par06.sumstats.gz,../results/asymmetry/ldsc/joinedDatasets/mean_imputed/not_subsampled/munged/par07.sumstats.gz,../results/asymmetry/ldsc/joinedDatasets/mean_imputed/not_subsampled/munged/par08.sumstats.gz,../results/asymmetry/ldsc/joinedDatasets/mean_imputed/not_subsampled/munged/par09.sumstats.gz,../results/asymmetry/ldsc/joinedDatasets/mean_imputed/not_subsampled/munged/par10.sumstats.gz,../results/asymmetry/ldsc/joinedDatasets/mean_imputed/not_subsampled/munged/par11.sumstats.gz,../results/asymmetry/ldsc/joinedDatasets/mean_imputed/not_subsampled/munged/par12.sumstats.gz,../results/asymmetry/ldsc/joinedDatasets/mean_imputed/not_subsampled/munged/par13.sumstats.gz,../results/asymmetry/ldsc/joinedDatasets/mean_imputed/not_subsampled/munged/par14.sumstats.gz,../results/asymmetry/ldsc/joinedDatasets/mean_imputed/not_subsampled/munged/par15.sumstats.gz,../results/asymmetry/ldsc/joinedDatasets/mean_imputed/not_subsampled/munged/par16.sumstats.gz,../results/asymmetry/ldsc/joinedDatasets/mean_imputed/not_subsampled/munged/par17.sumstats.gz,../results/asymmetry/ldsc/joinedDatasets/mean_imputed/not_subsampled/munged/par18.sumstats.gz,../results/asymmetry/ldsc/joinedDatasets/mean_imputed/not_subsampled/munged/par19.sumstats.gz,../results/asymmetry/ldsc/joinedDatasets/mean_imputed/not_subsampled/munged/par20.sumstats.gz,../results/asymmetry/ldsc/joinedDatasets/mean_imputed/not_subsampled/munged/par21.sumstats.gz,../results/asymmetry/ldsc/joinedDatasets/mean_imputed/not_subsampled/munged/par22.sumstats.gz,../results/asymmetry/ldsc/joinedDatasets/mean_imputed/not_subsampled/munged/par23.sumstats.gz,../results/asymmetry/ldsc/joinedDatasets/mean_imputed/not_subsampled/munged/par24.sumstats.gz,../results/asymmetry/ldsc/joinedDatasets/mean_imputed/not_subsampled/munged/par25.sumstats.gz,../results/asymmetry/ldsc/joinedDatasets/mean_imputed/not_subsampled/munged/par26.sumstats.gz,../results/asymmetry/ldsc/joinedDatasets/mean_imputed/not_subsampled/munged/par27.sumstats.gz,../results/asymmetry/ldsc/joinedDatasets/mean_imputed/not_subsampled/munged/par28.sumstats.gz,../results/asymmetry/ldsc/joinedDatasets/mean_imputed/not_subsampled/munged/par29.sumstats.gz,../results/asymmetry/ldsc/joinedDatasets/mean_imputed/not_subsampled/munged/par30.sumstats.gz,../results/asymmetry/ldsc/joinedDatasets/mean_imputed/not_subsampled/munged/par31.sumstats.gz \
--w-ld-chr ../SAMPLE_DATA/eur_w_ld_chr/ 

Beginning analysis at Mon Apr 11 22:21:47 2022
Reading summary statistics from ../results/asymmetry/ldsc/joinedDatasets/mean_imputed/not_subsampled/munged/par04.sumstats.gz ...
Read summary statistics for 1174887 SNPs.
Reading reference panel LD Score from ../SAMPLE_DATA/eur_w_ld_chr/[1-22] ... (ldscore_fromlist)
Read reference panel LD Scores for 1290028 SNPs.
Removing partitioned LD Scores with zero variance.
Reading regression weight LD Score from ../SAMPLE_DATA/eur_w_ld_chr/[1-22] ... (ldscore_fromlist)
Read regression weight LD Scores for 1290028 SNPs.
After merging with reference panel LD, 1168875 SNPs remain.
After merging with regression SNP LD, 1168875 SNPs remain.
Computing rg for phenotype 2/28
Reading summary statistics from ../results/asymmetry/ldsc/joinedDatasets/mean_imputed/not_subsampled/munged/par05.sumstats.gz ...
Read summary statistics for 1217311 SNPs.
After merging with summary statistics, 1168875 SNPs remain.
1168875 SNPs with valid alleles.

Heritability of phenotype 1
---------------------------
Total Observed scale h2: 0.1437 (0.0156)
Lambda GC: 1.1238
Mean Chi^2: 1.0978
Intercept: 0.9978 (0.0067)
Ratio < 0 (usually indicates GC correction).

Heritability of phenotype 2/28
------------------------------
Total Observed scale h2: 0.1673 (0.0183)
Lambda GC: 1.1144
Mean Chi^2: 1.1059
Intercept: 0.9882 (0.0065)
Ratio < 0 (usually indicates GC correction).

Genetic Covariance
------------------
Total Observed scale gencov: 0.1248 (0.0113)
Mean z1*z2: 0.2773
Intercept: 0.1882 (0.0045)

Genetic Correlation
-------------------
Genetic Correlation: 0.8047 (0.0438)
Z-score: 18.3658
P: 2.4659e-75

Computing rg for phenotype 3/28
Reading summary statistics from ../results/asymmetry/ldsc/joinedDatasets/mean_imputed/not_subsampled/munged/par06.sumstats.gz ...
Read summary statistics for 1217311 SNPs.
After merging with summary statistics, 1168875 SNPs remain.
1168875 SNPs with valid alleles.

Heritability of phenotype 3/28
------------------------------
Total Observed scale h2: 0.052 (0.0136)
Lambda GC: 1.0496
Mean Chi^2: 1.0381
Intercept: 1.0018 (0.0058)
Ratio: 0.0478 (0.1521)

Genetic Covariance
------------------
Total Observed scale gencov: 0.0599 (0.0081)
Mean z1*z2: 0.1861
Intercept: 0.1431 (0.0036)

Genetic Correlation
-------------------
Genetic Correlation: 0.6932 (0.0754)
Z-score: 9.1898
P: 3.9356e-20

Computing rg for phenotype 4/28
Reading summary statistics from ../results/asymmetry/ldsc/joinedDatasets/mean_imputed/not_subsampled/munged/par07.sumstats.gz ...
Read summary statistics for 1217311 SNPs.
After merging with summary statistics, 1168875 SNPs remain.
1168875 SNPs with valid alleles.

Heritability of phenotype 4/28
------------------------------
Total Observed scale h2: 0.0813 (0.0145)
Lambda GC: 1.0557
Mean Chi^2: 1.0518
Intercept: 0.995 (0.0068)
Ratio < 0 (usually indicates GC correction).

Genetic Covariance
------------------
Total Observed scale gencov: 0.0787 (0.0092)
Mean z1*z2: 0.2493
Intercept: 0.1943 (0.004)

Genetic Correlation
-------------------
Genetic Correlation: 0.7278 (0.0561)
Z-score: 12.9778
P: 1.6351e-38

Computing rg for phenotype 5/28
Reading summary statistics from ../results/asymmetry/ldsc/joinedDatasets/mean_imputed/not_subsampled/munged/par08.sumstats.gz ...
Read summary statistics for 1217311 SNPs.
After merging with summary statistics, 1168875 SNPs remain.
1168875 SNPs with valid alleles.

Heritability of phenotype 5/28
------------------------------
Total Observed scale h2: 0.1347 (0.0148)
Lambda GC: 1.1207
Mean Chi^2: 1.0939
Intercept: 1.0005 (0.0067)
Ratio: 0.0056 (0.0717)

Genetic Covariance
------------------
Total Observed scale gencov: 0.1337 (0.0127)
Mean z1*z2: 0.6248
Intercept: 0.5314 (0.0059)

Genetic Correlation
-------------------
Genetic Correlation: 0.9605 (0.0326)
Z-score: 29.4296
P: 2.2954e-190

Computing rg for phenotype 6/28
Reading summary statistics from ../results/asymmetry/ldsc/joinedDatasets/mean_imputed/not_subsampled/munged/par09.sumstats.gz ...
Read summary statistics for 1217311 SNPs.
After merging with summary statistics, 1168875 SNPs remain.
1168875 SNPs with valid alleles.

Heritability of phenotype 6/28
------------------------------
Total Observed scale h2: 0.0705 (0.0137)
Lambda GC: 1.0649
Mean Chi^2: 1.0532
Intercept: 1.0043 (0.0064)
Ratio: 0.0806 (0.1196)

Genetic Covariance
------------------
Total Observed scale gencov: 0.0963 (0.0126)
Mean z1*z2: 0.6261
Intercept: 0.5586 (0.0055)

Genetic Correlation
-------------------
Genetic Correlation: 0.9562 (0.0466)
Z-score: 20.5335
P: 1.0819e-93

Computing rg for phenotype 7/28
Reading summary statistics from ../results/asymmetry/ldsc/joinedDatasets/mean_imputed/not_subsampled/munged/par10.sumstats.gz ...
Read summary statistics for 1217311 SNPs.
After merging with summary statistics, 1168875 SNPs remain.
1168875 SNPs with valid alleles.

Heritability of phenotype 7/28
------------------------------
Total Observed scale h2: 0.1288 (0.0181)
Lambda GC: 1.0833
Mean Chi^2: 1.0815
Intercept: 0.9911 (0.0068)
Ratio < 0 (usually indicates GC correction).

Genetic Covariance
------------------
Total Observed scale gencov: 0.1054 (0.0115)
Mean z1*z2: 0.2726
Intercept: 0.1972 (0.0043)

Genetic Correlation
-------------------
Genetic Correlation: 0.7748 (0.0451)
Z-score: 17.1832
P: 3.5491e-66

Computing rg for phenotype 8/28
Reading summary statistics from ../results/asymmetry/ldsc/joinedDatasets/mean_imputed/not_subsampled/munged/par11.sumstats.gz ...
Read summary statistics for 1217311 SNPs.
After merging with summary statistics, 1168875 SNPs remain.
1168875 SNPs with valid alleles.

Heritability of phenotype 8/28
------------------------------
Total Observed scale h2: 0.1107 (0.0146)
Lambda GC: 1.0895
Mean Chi^2: 1.0754
Intercept: 0.9985 (0.0063)
Ratio < 0 (usually indicates GC correction).

Genetic Covariance
------------------
Total Observed scale gencov: 0.1063 (0.01)
Mean z1*z2: 0.2877
Intercept: 0.2127 (0.0044)

Genetic Correlation
-------------------
Genetic Correlation: 0.843 (0.0476)
Z-score: 17.7094
P: 3.5515e-70

Computing rg for phenotype 9/28
Reading summary statistics from ../results/asymmetry/ldsc/joinedDatasets/mean_imputed/not_subsampled/munged/par12.sumstats.gz ...
Read summary statistics for 1217311 SNPs.
After merging with summary statistics, 1168875 SNPs remain.
1168875 SNPs with valid alleles.

Heritability of phenotype 9/28
------------------------------
Total Observed scale h2: 0.0641 (0.0138)
Lambda GC: 1.0557
Mean Chi^2: 1.0434
Intercept: 0.9988 (0.0059)
Ratio < 0 (usually indicates GC correction).

Genetic Covariance
------------------
Total Observed scale gencov: 0.0584 (0.0079)
Mean z1*z2: 0.1905
Intercept: 0.1491 (0.0036)

Genetic Correlation
-------------------
Genetic Correlation: 0.6085 (0.066)
Z-score: 9.2265
P: 2.7952e-20

Computing rg for phenotype 10/28
Reading summary statistics from ../results/asymmetry/ldsc/joinedDatasets/mean_imputed/not_subsampled/munged/par13.sumstats.gz ...
Read summary statistics for 1217311 SNPs.
After merging with summary statistics, 1168875 SNPs remain.
1168875 SNPs with valid alleles.

Heritability of phenotype 10/28
-------------------------------
Total Observed scale h2: 0.0149 (0.0123)
Lambda GC: 1.0105
Mean Chi^2: 1.0112
Intercept: 1.0009 (0.0057)
Ratio: 0.0798 (0.5084)

Genetic Covariance
------------------
Total Observed scale gencov: 0.0538 (0.0074)
Mean z1*z2: 0.2187
Intercept: 0.1804 (0.0034)

Genetic Correlation
-------------------
Genetic Correlation: 1.1607 (0.4122)
Z-score: 2.8161
P: 0.0049

Computing rg for phenotype 11/28
Reading summary statistics from ../results/asymmetry/ldsc/joinedDatasets/mean_imputed/not_subsampled/munged/par14.sumstats.gz ...
Read summary statistics for 1217311 SNPs.
After merging with summary statistics, 1168875 SNPs remain.
1168875 SNPs with valid alleles.

Heritability of phenotype 11/28
-------------------------------
Total Observed scale h2: 0.0757 (0.0145)
Lambda GC: 1.0557
Mean Chi^2: 1.0479
Intercept: 0.995 (0.0067)
Ratio < 0 (usually indicates GC correction).

Genetic Covariance
------------------
Total Observed scale gencov: 0.0735 (0.0084)
Mean z1*z2: 0.2387
Intercept: 0.187 (0.0035)

Genetic Correlation
-------------------
Genetic Correlation: 0.7047 (0.0554)
Z-score: 12.72
P: 4.5792e-37

Computing rg for phenotype 12/28
Reading summary statistics from ../results/asymmetry/ldsc/joinedDatasets/mean_imputed/not_subsampled/munged/par15.sumstats.gz ...
Read summary statistics for 1217311 SNPs.
After merging with summary statistics, 1168875 SNPs remain.
1168875 SNPs with valid alleles.

Heritability of phenotype 12/28
-------------------------------
Total Observed scale h2: 0.0257 (0.0121)
Lambda GC: 1.0255
Mean Chi^2: 1.0241
Intercept: 1.0065 (0.006)
Ratio: 0.2676 (0.2494)

Genetic Covariance
------------------
Total Observed scale gencov: 0.0573 (0.0081)
Mean z1*z2: 0.2456
Intercept: 0.2056 (0.004)

Genetic Correlation
-------------------
Genetic Correlation: 0.943 (0.1911)
Z-score: 4.9352
P: 8.0080e-07

Computing rg for phenotype 13/28
Reading summary statistics from ../results/asymmetry/ldsc/joinedDatasets/mean_imputed/not_subsampled/munged/par16.sumstats.gz ...
Read summary statistics for 1217311 SNPs.
After merging with summary statistics, 1168875 SNPs remain.
1168875 SNPs with valid alleles.

Heritability of phenotype 13/28
-------------------------------
Total Observed scale h2: 0.0933 (0.014)
Lambda GC: 1.0864
Mean Chi^2: 1.0693
Intercept: 1.0047 (0.007)
Ratio: 0.0684 (0.1006)

Genetic Covariance
------------------
Total Observed scale gencov: 0.1072 (0.0123)
Mean z1*z2: 0.6151
Intercept: 0.5405 (0.0057)

Genetic Correlation
-------------------
Genetic Correlation: 0.9255 (0.0426)
Z-score: 21.7189
P: 1.3605e-104

Computing rg for phenotype 14/28
Reading summary statistics from ../results/asymmetry/ldsc/joinedDatasets/mean_imputed/not_subsampled/munged/par17.sumstats.gz ...
Read summary statistics for 1217311 SNPs.
After merging with summary statistics, 1168875 SNPs remain.
1168875 SNPs with valid alleles.

Heritability of phenotype 14/28
-------------------------------
Total Observed scale h2: 0.1552 (0.0151)
Lambda GC: 1.127
Mean Chi^2: 1.1092
Intercept: 1.0014 (0.0064)
Ratio: 0.0128 (0.0582)

Genetic Covariance
------------------
Total Observed scale gencov: 0.1357 (0.0109)
Mean z1*z2: 0.3975
Intercept: 0.3025 (0.0043)

Genetic Correlation
-------------------
Genetic Correlation: 0.9089 (0.0406)
Z-score: 22.3851
P: 5.4960e-111

Computing rg for phenotype 15/28
Reading summary statistics from ../results/asymmetry/ldsc/joinedDatasets/mean_imputed/not_subsampled/munged/par18.sumstats.gz ...
Read summary statistics for 1217311 SNPs.
After merging with summary statistics, 1168875 SNPs remain.
1168875 SNPs with valid alleles.

Heritability of phenotype 15/28
-------------------------------
Total Observed scale h2: 0.067 (0.0132)
Lambda GC: 1.0649
Mean Chi^2: 1.0489
Intercept: 1.0022 (0.0064)
Ratio: 0.0445 (0.1317)

Genetic Covariance
------------------
Total Observed scale gencov: 0.091 (0.0116)
Mean z1*z2: 0.545
Intercept: 0.4811 (0.0053)

Genetic Correlation
-------------------
Genetic Correlation: 0.9268 (0.0484)
Z-score: 19.1292
P: 1.4427e-81

Computing rg for phenotype 16/28
Reading summary statistics from ../results/asymmetry/ldsc/joinedDatasets/mean_imputed/not_subsampled/munged/par19.sumstats.gz ...
Read summary statistics for 1217311 SNPs.
After merging with summary statistics, 1168875 SNPs remain.
1168875 SNPs with valid alleles.

Heritability of phenotype 16/28
-------------------------------
Total Observed scale h2: 0.0408 (0.0135)
Lambda GC: 1.0405
Mean Chi^2: 1.0319
Intercept: 1.0039 (0.0059)
Ratio: 0.1215 (0.1846)

Genetic Covariance
------------------
Total Observed scale gencov: 0.0746 (0.0108)
Mean z1*z2: 0.4473
Intercept: 0.3957 (0.0047)

Genetic Correlation
-------------------
Genetic Correlation: 0.9739 (0.1013)
Z-score: 9.6165
P: 6.8136e-22

Computing rg for phenotype 17/28
Reading summary statistics from ../results/asymmetry/ldsc/joinedDatasets/mean_imputed/not_subsampled/munged/par20.sumstats.gz ...
Read summary statistics for 1217311 SNPs.
After merging with summary statistics, 1168875 SNPs remain.
1168875 SNPs with valid alleles.

Heritability of phenotype 17/28
-------------------------------
Total Observed scale h2: 0.1454 (0.0172)
Lambda GC: 1.1019
Mean Chi^2: 1.0987
Intercept: 0.9957 (0.007)
Ratio < 0 (usually indicates GC correction).

Genetic Covariance
------------------
Total Observed scale gencov: 0.1115 (0.0102)
Mean z1*z2: 0.2482
Intercept: 0.1682 (0.0041)

Genetic Correlation
-------------------
Genetic Correlation: 0.7714 (0.0453)
Z-score: 17.0255
P: 5.3118e-65

Computing rg for phenotype 18/28
Reading summary statistics from ../results/asymmetry/ldsc/joinedDatasets/mean_imputed/not_subsampled/munged/par21.sumstats.gz ...
Read summary statistics for 1217311 SNPs.
After merging with summary statistics, 1168875 SNPs remain.
1168875 SNPs with valid alleles.

Heritability of phenotype 18/28
-------------------------------
Total Observed scale h2: 0.0587 (0.0153)
Lambda GC: 1.0405
Mean Chi^2: 1.0348
Intercept: 0.9938 (0.0063)
Ratio < 0 (usually indicates GC correction).

Genetic Covariance
------------------
Total Observed scale gencov: 0.073 (0.0099)
Mean z1*z2: 0.2751
Intercept: 0.2231 (0.0043)

Genetic Correlation
-------------------
Genetic Correlation: 0.7943 (0.0752)
Z-score: 10.5653
P: 4.3175e-26

Computing rg for phenotype 19/28
Reading summary statistics from ../results/asymmetry/ldsc/joinedDatasets/mean_imputed/not_subsampled/munged/par22.sumstats.gz ...
Read summary statistics for 1217311 SNPs.
After merging with summary statistics, 1168875 SNPs remain.
1168875 SNPs with valid alleles.

Heritability of phenotype 19/28
-------------------------------
Total Observed scale h2: 0.1553 (0.015)
Lambda GC: 1.1175
Mean Chi^2: 1.1046
Intercept: 0.9963 (0.0064)
Ratio < 0 (usually indicates GC correction).

Genetic Covariance
------------------
Total Observed scale gencov: 0.1235 (0.01)
Mean z1*z2: 0.2815
Intercept: 0.1936 (0.0042)

Genetic Correlation
-------------------
Genetic Correlation: 0.8265 (0.0404)
Z-score: 20.4572
P: 5.1847e-93

Computing rg for phenotype 20/28
Reading summary statistics from ../results/asymmetry/ldsc/joinedDatasets/mean_imputed/not_subsampled/munged/par23.sumstats.gz ...
Read summary statistics for 1217311 SNPs.
After merging with summary statistics, 1168875 SNPs remain.
1168875 SNPs with valid alleles.

Heritability of phenotype 20/28
-------------------------------
Total Observed scale h2: 0.0248 (0.0133)
Lambda GC: 1.0195
Mean Chi^2: 1.0209
Intercept: 1.0035 (0.006)
Ratio: 0.1663 (0.29)

Genetic Covariance
------------------
Total Observed scale gencov: 0.059 (0.0091)
Mean z1*z2: 0.2523
Intercept: 0.2106 (0.004)

Genetic Correlation
-------------------
Genetic Correlation: 0.9888 (0.2198)
Z-score: 4.4989
P: 6.8317e-06

Computing rg for phenotype 21/28
Reading summary statistics from ../results/asymmetry/ldsc/joinedDatasets/mean_imputed/not_subsampled/munged/par24.sumstats.gz ...
Read summary statistics for 1217311 SNPs.
After merging with summary statistics, 1168875 SNPs remain.
1168875 SNPs with valid alleles.

Heritability of phenotype 21/28
-------------------------------
Total Observed scale h2: 0.0818 (0.0151)
Lambda GC: 1.0649
Mean Chi^2: 1.059
Intercept: 1.0011 (0.0061)
Ratio: 0.0192 (0.1036)

Genetic Covariance
------------------
Total Observed scale gencov: 0.0708 (0.009)
Mean z1*z2: 0.2175
Intercept: 0.1668 (0.004)

Genetic Correlation
-------------------
Genetic Correlation: 0.6529 (0.0549)
Z-score: 11.8988
P: 1.2009e-32

Computing rg for phenotype 22/28
Reading summary statistics from ../results/asymmetry/ldsc/joinedDatasets/mean_imputed/not_subsampled/munged/par25.sumstats.gz ...
Read summary statistics for 1217311 SNPs.
After merging with summary statistics, 1168875 SNPs remain.
1168875 SNPs with valid alleles.

Heritability of phenotype 22/28
-------------------------------
Total Observed scale h2: 0.0244 (0.0139)
Lambda GC: 1.0135
Mean Chi^2: 1.0136
Intercept: 0.9968 (0.006)
Ratio < 0 (usually indicates GC correction).

Genetic Covariance
------------------
Total Observed scale gencov: 0.0433 (0.0073)
Mean z1*z2: 0.2008
Intercept: 0.1705 (0.0036)

Genetic Correlation
-------------------
Genetic Correlation: 0.7322 (0.1802)
Z-score: 4.063
P: 4.8456e-05

Computing rg for phenotype 23/28
Reading summary statistics from ../results/asymmetry/ldsc/joinedDatasets/mean_imputed/not_subsampled/munged/par26.sumstats.gz ...
Read summary statistics for 1217311 SNPs.
After merging with summary statistics, 1168875 SNPs remain.
1168875 SNPs with valid alleles.

Heritability of phenotype 23/28
-------------------------------
Total Observed scale h2: 0.0034 (0.0119)
Lambda GC: 0.9957
Mean Chi^2: 1.0032
Intercept: 1.0009 (0.006)
Ratio: 0.2813 (1.8503)

Genetic Covariance
------------------
Total Observed scale gencov: 0.0481 (0.0072)
Mean z1*z2: 0.2061
Intercept: 0.1722 (0.0034)

Genetic Correlation
-------------------
Genetic Correlation: nan (nan) (rg out of bounds) 
Z-score: nan (nan) (rg out of bounds)
P: nan (nan) (rg out of bounds)
WARNING: rg was out of bounds.
This often means that h2 is not significantly different from zero.

Computing rg for phenotype 24/28
Reading summary statistics from ../results/asymmetry/ldsc/joinedDatasets/mean_imputed/not_subsampled/munged/par27.sumstats.gz ...
Read summary statistics for 1217311 SNPs.
After merging with summary statistics, 1168875 SNPs remain.
1168875 SNPs with valid alleles.

Heritability of phenotype 24/28
-------------------------------
Total Observed scale h2: 0.0094 (0.0125)
Lambda GC: 1.0135
Mean Chi^2: 1.015
Intercept: 1.0086 (0.006)
Ratio: 0.5738 (0.3974)

Genetic Covariance
------------------
Total Observed scale gencov: 0.0443 (0.0074)
Mean z1*z2: 0.2248
Intercept: 0.1937 (0.0035)

Genetic Correlation
-------------------
Genetic Correlation: nan (nan) (rg out of bounds) 
Z-score: nan (nan) (rg out of bounds)
P: nan (nan) (rg out of bounds)
WARNING: rg was out of bounds.
This often means that h2 is not significantly different from zero.

Computing rg for phenotype 25/28
Reading summary statistics from ../results/asymmetry/ldsc/joinedDatasets/mean_imputed/not_subsampled/munged/par28.sumstats.gz ...
Read summary statistics for 1217311 SNPs.
After merging with summary statistics, 1168875 SNPs remain.
1168875 SNPs with valid alleles.

Heritability of phenotype 25/28
-------------------------------
Total Observed scale h2: 0.0715 (0.0147)
Lambda GC: 1.0527
Mean Chi^2: 1.042
Intercept: 0.9917 (0.0061)
Ratio < 0 (usually indicates GC correction).

Genetic Covariance
------------------
Total Observed scale gencov: 0.075 (0.0086)
Mean z1*z2: 0.2228
Intercept: 0.1696 (0.0037)

Genetic Correlation
-------------------
Genetic Correlation: 0.7399 (0.0662)
Z-score: 11.1711
P: 5.6481e-29

Computing rg for phenotype 26/28
Reading summary statistics from ../results/asymmetry/ldsc/joinedDatasets/mean_imputed/not_subsampled/munged/par29.sumstats.gz ...
Read summary statistics for 1217311 SNPs.
After merging with summary statistics, 1168875 SNPs remain.
1168875 SNPs with valid alleles.

Heritability of phenotype 26/28
-------------------------------
Total Observed scale h2: 0.0422 (0.0131)
Lambda GC: 1.0315
Mean Chi^2: 1.0315
Intercept: 1.0019 (0.0068)
Ratio: 0.0617 (0.2162)

Genetic Covariance
------------------
Total Observed scale gencov: 0.0615 (0.0082)
Mean z1*z2: 0.2421
Intercept: 0.1987 (0.0038)

Genetic Correlation
-------------------
Genetic Correlation: 0.7895 (0.0936)
Z-score: 8.4382
P: 3.2236e-17

Computing rg for phenotype 27/28
Reading summary statistics from ../results/asymmetry/ldsc/joinedDatasets/mean_imputed/not_subsampled/munged/par30.sumstats.gz ...
Read summary statistics for 1217311 SNPs.
After merging with summary statistics, 1168875 SNPs remain.
1168875 SNPs with valid alleles.

Heritability of phenotype 27/28
-------------------------------
Total Observed scale h2: 0.0153 (0.0123)
Lambda GC: 1.0135
Mean Chi^2: 1.0103
Intercept: 0.9997 (0.0059)
Ratio < 0 (usually indicates GC correction).

Genetic Covariance
------------------
Total Observed scale gencov: 0.0489 (0.0075)
Mean z1*z2: 0.2225
Intercept: 0.1883 (0.0037)

Genetic Correlation
-------------------
Genetic Correlation: 1.0432 (0.3704)
Z-score: 2.8164
P: 0.0049

Computing rg for phenotype 28/28
Reading summary statistics from ../results/asymmetry/ldsc/joinedDatasets/mean_imputed/not_subsampled/munged/par31.sumstats.gz ...
Read summary statistics for 1217311 SNPs.
After merging with summary statistics, 1168875 SNPs remain.
1168875 SNPs with valid alleles.

Heritability of phenotype 28/28
-------------------------------
Total Observed scale h2: 0.0026 (0.0109)
Lambda GC: 1.0135
Mean Chi^2: 1.0125
Intercept: 1.0107 (0.0056)
Ratio: 0.8583 (0.4511)

Genetic Covariance
------------------
Total Observed scale gencov: 0.044 (0.0079)
Mean z1*z2: 0.2378
Intercept: 0.2069 (0.0037)

Genetic Correlation
-------------------
Genetic Correlation: nan (nan) (rg out of bounds) 
Z-score: nan (nan) (rg out of bounds)
P: nan (nan) (rg out of bounds)
WARNING: rg was out of bounds.
This often means that h2 is not significantly different from zero.


Summary of Genetic Correlation Results
                                                                                            p1                                                                                             p2      rg      se        z            p  h2_obs  h2_obs_se  h2_int  h2_int_se  gcov_int  gcov_int_se
 ../results/asymmetry/ldsc/joinedDatasets/mean_imputed/not_subsampled/munged/par04.sumstats.gz  ../results/asymmetry/ldsc/joinedDatasets/mean_imputed/not_subsampled/munged/par05.sumstats.gz  0.8047  0.0438  18.3658   2.4659e-75  0.1673     0.0183  0.9882     0.0065    0.1882       0.0045
 ../results/asymmetry/ldsc/joinedDatasets/mean_imputed/not_subsampled/munged/par04.sumstats.gz  ../results/asymmetry/ldsc/joinedDatasets/mean_imputed/not_subsampled/munged/par06.sumstats.gz  0.6932  0.0754   9.1898   3.9356e-20  0.0520     0.0136  1.0018     0.0058    0.1431       0.0036
 ../results/asymmetry/ldsc/joinedDatasets/mean_imputed/not_subsampled/munged/par04.sumstats.gz  ../results/asymmetry/ldsc/joinedDatasets/mean_imputed/not_subsampled/munged/par07.sumstats.gz  0.7278  0.0561  12.9778   1.6351e-38  0.0813     0.0145  0.9950     0.0068    0.1943       0.0040
 ../results/asymmetry/ldsc/joinedDatasets/mean_imputed/not_subsampled/munged/par04.sumstats.gz  ../results/asymmetry/ldsc/joinedDatasets/mean_imputed/not_subsampled/munged/par08.sumstats.gz  0.9605  0.0326  29.4296  2.2954e-190  0.1347     0.0148  1.0005     0.0067    0.5314       0.0059
 ../results/asymmetry/ldsc/joinedDatasets/mean_imputed/not_subsampled/munged/par04.sumstats.gz  ../results/asymmetry/ldsc/joinedDatasets/mean_imputed/not_subsampled/munged/par09.sumstats.gz  0.9562  0.0466  20.5335   1.0819e-93  0.0705     0.0137  1.0043     0.0064    0.5586       0.0055
 ../results/asymmetry/ldsc/joinedDatasets/mean_imputed/not_subsampled/munged/par04.sumstats.gz  ../results/asymmetry/ldsc/joinedDatasets/mean_imputed/not_subsampled/munged/par10.sumstats.gz  0.7748  0.0451  17.1832   3.5491e-66  0.1288     0.0181  0.9911     0.0068    0.1972       0.0043
 ../results/asymmetry/ldsc/joinedDatasets/mean_imputed/not_subsampled/munged/par04.sumstats.gz  ../results/asymmetry/ldsc/joinedDatasets/mean_imputed/not_subsampled/munged/par11.sumstats.gz  0.8430  0.0476  17.7094   3.5515e-70  0.1107     0.0146  0.9985     0.0063    0.2127       0.0044
 ../results/asymmetry/ldsc/joinedDatasets/mean_imputed/not_subsampled/munged/par04.sumstats.gz  ../results/asymmetry/ldsc/joinedDatasets/mean_imputed/not_subsampled/munged/par12.sumstats.gz  0.6085  0.0660   9.2265   2.7952e-20  0.0641     0.0138  0.9988     0.0059    0.1491       0.0036
 ../results/asymmetry/ldsc/joinedDatasets/mean_imputed/not_subsampled/munged/par04.sumstats.gz  ../results/asymmetry/ldsc/joinedDatasets/mean_imputed/not_subsampled/munged/par13.sumstats.gz  1.1607  0.4122   2.8161   4.8606e-03  0.0149     0.0123  1.0009     0.0057    0.1804       0.0034
 ../results/asymmetry/ldsc/joinedDatasets/mean_imputed/not_subsampled/munged/par04.sumstats.gz  ../results/asymmetry/ldsc/joinedDatasets/mean_imputed/not_subsampled/munged/par14.sumstats.gz  0.7047  0.0554  12.7200   4.5792e-37  0.0757     0.0145  0.9950     0.0067    0.1870       0.0035
 ../results/asymmetry/ldsc/joinedDatasets/mean_imputed/not_subsampled/munged/par04.sumstats.gz  ../results/asymmetry/ldsc/joinedDatasets/mean_imputed/not_subsampled/munged/par15.sumstats.gz  0.9430  0.1911   4.9352   8.0080e-07  0.0257     0.0121  1.0065     0.0060    0.2056       0.0040
 ../results/asymmetry/ldsc/joinedDatasets/mean_imputed/not_subsampled/munged/par04.sumstats.gz  ../results/asymmetry/ldsc/joinedDatasets/mean_imputed/not_subsampled/munged/par16.sumstats.gz  0.9255  0.0426  21.7189  1.3605e-104  0.0933     0.0140  1.0047     0.0070    0.5405       0.0057
 ../results/asymmetry/ldsc/joinedDatasets/mean_imputed/not_subsampled/munged/par04.sumstats.gz  ../results/asymmetry/ldsc/joinedDatasets/mean_imputed/not_subsampled/munged/par17.sumstats.gz  0.9089  0.0406  22.3851  5.4960e-111  0.1552     0.0151  1.0014     0.0064    0.3025       0.0043
 ../results/asymmetry/ldsc/joinedDatasets/mean_imputed/not_subsampled/munged/par04.sumstats.gz  ../results/asymmetry/ldsc/joinedDatasets/mean_imputed/not_subsampled/munged/par18.sumstats.gz  0.9268  0.0484  19.1292   1.4427e-81  0.0670     0.0132  1.0022     0.0064    0.4811       0.0053
 ../results/asymmetry/ldsc/joinedDatasets/mean_imputed/not_subsampled/munged/par04.sumstats.gz  ../results/asymmetry/ldsc/joinedDatasets/mean_imputed/not_subsampled/munged/par19.sumstats.gz  0.9739  0.1013   9.6165   6.8136e-22  0.0408     0.0135  1.0039     0.0059    0.3957       0.0047
 ../results/asymmetry/ldsc/joinedDatasets/mean_imputed/not_subsampled/munged/par04.sumstats.gz  ../results/asymmetry/ldsc/joinedDatasets/mean_imputed/not_subsampled/munged/par20.sumstats.gz  0.7714  0.0453  17.0255   5.3118e-65  0.1454     0.0172  0.9957     0.0070    0.1682       0.0041
 ../results/asymmetry/ldsc/joinedDatasets/mean_imputed/not_subsampled/munged/par04.sumstats.gz  ../results/asymmetry/ldsc/joinedDatasets/mean_imputed/not_subsampled/munged/par21.sumstats.gz  0.7943  0.0752  10.5653   4.3175e-26  0.0587     0.0153  0.9938     0.0063    0.2231       0.0043
 ../results/asymmetry/ldsc/joinedDatasets/mean_imputed/not_subsampled/munged/par04.sumstats.gz  ../results/asymmetry/ldsc/joinedDatasets/mean_imputed/not_subsampled/munged/par22.sumstats.gz  0.8265  0.0404  20.4572   5.1847e-93  0.1553     0.0150  0.9963     0.0064    0.1936       0.0042
 ../results/asymmetry/ldsc/joinedDatasets/mean_imputed/not_subsampled/munged/par04.sumstats.gz  ../results/asymmetry/ldsc/joinedDatasets/mean_imputed/not_subsampled/munged/par23.sumstats.gz  0.9888  0.2198   4.4989   6.8317e-06  0.0248     0.0133  1.0035     0.0060    0.2106       0.0040
 ../results/asymmetry/ldsc/joinedDatasets/mean_imputed/not_subsampled/munged/par04.sumstats.gz  ../results/asymmetry/ldsc/joinedDatasets/mean_imputed/not_subsampled/munged/par24.sumstats.gz  0.6529  0.0549  11.8988   1.2009e-32  0.0818     0.0151  1.0011     0.0061    0.1668       0.0040
 ../results/asymmetry/ldsc/joinedDatasets/mean_imputed/not_subsampled/munged/par04.sumstats.gz  ../results/asymmetry/ldsc/joinedDatasets/mean_imputed/not_subsampled/munged/par25.sumstats.gz  0.7322  0.1802   4.0630   4.8456e-05  0.0244     0.0139  0.9968     0.0060    0.1705       0.0036
 ../results/asymmetry/ldsc/joinedDatasets/mean_imputed/not_subsampled/munged/par04.sumstats.gz  ../results/asymmetry/ldsc/joinedDatasets/mean_imputed/not_subsampled/munged/par26.sumstats.gz  2.1855  4.6492   0.4701   6.3830e-01  0.0034     0.0119  1.0009     0.0060    0.1722       0.0034
 ../results/asymmetry/ldsc/joinedDatasets/mean_imputed/not_subsampled/munged/par04.sumstats.gz  ../results/asymmetry/ldsc/joinedDatasets/mean_imputed/not_subsampled/munged/par27.sumstats.gz  1.2056  0.7118   1.6937   9.0319e-02  0.0094     0.0125  1.0086     0.0060    0.1937       0.0035
 ../results/asymmetry/ldsc/joinedDatasets/mean_imputed/not_subsampled/munged/par04.sumstats.gz  ../results/asymmetry/ldsc/joinedDatasets/mean_imputed/not_subsampled/munged/par28.sumstats.gz  0.7399  0.0662  11.1711   5.6481e-29  0.0715     0.0147  0.9917     0.0061    0.1696       0.0037
 ../results/asymmetry/ldsc/joinedDatasets/mean_imputed/not_subsampled/munged/par04.sumstats.gz  ../results/asymmetry/ldsc/joinedDatasets/mean_imputed/not_subsampled/munged/par29.sumstats.gz  0.7895  0.0936   8.4382   3.2236e-17  0.0422     0.0131  1.0019     0.0068    0.1987       0.0038
 ../results/asymmetry/ldsc/joinedDatasets/mean_imputed/not_subsampled/munged/par04.sumstats.gz  ../results/asymmetry/ldsc/joinedDatasets/mean_imputed/not_subsampled/munged/par30.sumstats.gz  1.0432  0.3704   2.8164   4.8564e-03  0.0153     0.0123  0.9997     0.0059    0.1883       0.0037
 ../results/asymmetry/ldsc/joinedDatasets/mean_imputed/not_subsampled/munged/par04.sumstats.gz  ../results/asymmetry/ldsc/joinedDatasets/mean_imputed/not_subsampled/munged/par31.sumstats.gz  2.2749  5.7792   0.3936   6.9385e-01  0.0026     0.0109  1.0107     0.0056    0.2069       0.0037

Analysis finished at Mon Apr 11 22:24:21 2022
Total time elapsed: 2.0m:34.67s
