*********************************************************************
* LD Score Regression (LDSC)
* Version 1.0.1
* (C) 2014-2019 Brendan Bulik-Sullivan and Hilary Finucane
* Broad Institute of MIT and Harvard / MIT Department of Mathematics
* GNU General Public License v3
*********************************************************************
Call: 
./ldsc.py \
--ref-ld-chr ../SAMPLE_DATA/eur_w_ld_chr/ \
--out ../results/asymmetry/ldsc/joinedDatasets/mean_imputed/not_subsampled/rg/par18 \
--rg ../results/asymmetry/ldsc/joinedDatasets/mean_imputed/not_subsampled/munged/par18.sumstats.gz,../results/asymmetry/ldsc/joinedDatasets/mean_imputed/not_subsampled/munged/par19.sumstats.gz,../results/asymmetry/ldsc/joinedDatasets/mean_imputed/not_subsampled/munged/par20.sumstats.gz,../results/asymmetry/ldsc/joinedDatasets/mean_imputed/not_subsampled/munged/par21.sumstats.gz,../results/asymmetry/ldsc/joinedDatasets/mean_imputed/not_subsampled/munged/par22.sumstats.gz,../results/asymmetry/ldsc/joinedDatasets/mean_imputed/not_subsampled/munged/par23.sumstats.gz,../results/asymmetry/ldsc/joinedDatasets/mean_imputed/not_subsampled/munged/par24.sumstats.gz,../results/asymmetry/ldsc/joinedDatasets/mean_imputed/not_subsampled/munged/par25.sumstats.gz,../results/asymmetry/ldsc/joinedDatasets/mean_imputed/not_subsampled/munged/par26.sumstats.gz,../results/asymmetry/ldsc/joinedDatasets/mean_imputed/not_subsampled/munged/par27.sumstats.gz,../results/asymmetry/ldsc/joinedDatasets/mean_imputed/not_subsampled/munged/par28.sumstats.gz,../results/asymmetry/ldsc/joinedDatasets/mean_imputed/not_subsampled/munged/par29.sumstats.gz,../results/asymmetry/ldsc/joinedDatasets/mean_imputed/not_subsampled/munged/par30.sumstats.gz,../results/asymmetry/ldsc/joinedDatasets/mean_imputed/not_subsampled/munged/par31.sumstats.gz \
--w-ld-chr ../SAMPLE_DATA/eur_w_ld_chr/ 

Beginning analysis at Mon Apr 11 22:50:01 2022
Reading summary statistics from ../results/asymmetry/ldsc/joinedDatasets/mean_imputed/not_subsampled/munged/par18.sumstats.gz ...
Read summary statistics for 1174887 SNPs.
Reading reference panel LD Score from ../SAMPLE_DATA/eur_w_ld_chr/[1-22] ... (ldscore_fromlist)
Read reference panel LD Scores for 1290028 SNPs.
Removing partitioned LD Scores with zero variance.
Reading regression weight LD Score from ../SAMPLE_DATA/eur_w_ld_chr/[1-22] ... (ldscore_fromlist)
Read regression weight LD Scores for 1290028 SNPs.
After merging with reference panel LD, 1168875 SNPs remain.
After merging with regression SNP LD, 1168875 SNPs remain.
Computing rg for phenotype 2/14
Reading summary statistics from ../results/asymmetry/ldsc/joinedDatasets/mean_imputed/not_subsampled/munged/par19.sumstats.gz ...
Read summary statistics for 1217311 SNPs.
After merging with summary statistics, 1168875 SNPs remain.
1168875 SNPs with valid alleles.

Heritability of phenotype 1
---------------------------
Total Observed scale h2: 0.067 (0.0132)
Lambda GC: 1.0649
Mean Chi^2: 1.0489
Intercept: 1.0022 (0.0064)
Ratio: 0.0445 (0.1317)

Heritability of phenotype 2/14
------------------------------
Total Observed scale h2: 0.0408 (0.0135)
Lambda GC: 1.0405
Mean Chi^2: 1.0319
Intercept: 1.0039 (0.0059)
Ratio: 0.1215 (0.1846)

Genetic Covariance
------------------
Total Observed scale gencov: 0.0477 (0.0079)
Mean z1*z2: 0.3174
Intercept: 0.2845 (0.0037)

Genetic Correlation
-------------------
Genetic Correlation: 0.9114 (0.1198)
Z-score: 7.6095
P: 2.7521e-14

Computing rg for phenotype 3/14
Reading summary statistics from ../results/asymmetry/ldsc/joinedDatasets/mean_imputed/not_subsampled/munged/par20.sumstats.gz ...
Read summary statistics for 1217311 SNPs.
After merging with summary statistics, 1168875 SNPs remain.
1168875 SNPs with valid alleles.

Heritability of phenotype 3/14
------------------------------
Total Observed scale h2: 0.1454 (0.0172)
Lambda GC: 1.1019
Mean Chi^2: 1.0987
Intercept: 0.9957 (0.007)
Ratio < 0 (usually indicates GC correction).

Genetic Covariance
------------------
Total Observed scale gencov: 0.076 (0.0083)
Mean z1*z2: 0.2433
Intercept: 0.189 (0.0037)

Genetic Correlation
-------------------
Genetic Correlation: 0.7702 (0.0689)
Z-score: 11.1788
P: 5.1757e-29

Computing rg for phenotype 4/14
Reading summary statistics from ../results/asymmetry/ldsc/joinedDatasets/mean_imputed/not_subsampled/munged/par21.sumstats.gz ...
Read summary statistics for 1217311 SNPs.
After merging with summary statistics, 1168875 SNPs remain.
1168875 SNPs with valid alleles.

Heritability of phenotype 4/14
------------------------------
Total Observed scale h2: 0.0587 (0.0153)
Lambda GC: 1.0405
Mean Chi^2: 1.0348
Intercept: 0.9938 (0.0063)
Ratio < 0 (usually indicates GC correction).

Genetic Covariance
------------------
Total Observed scale gencov: 0.0429 (0.0085)
Mean z1*z2: 0.2677
Intercept: 0.2374 (0.0042)

Genetic Correlation
-------------------
Genetic Correlation: 0.6832 (0.0887)
Z-score: 7.7036
P: 1.3224e-14

Computing rg for phenotype 5/14
Reading summary statistics from ../results/asymmetry/ldsc/joinedDatasets/mean_imputed/not_subsampled/munged/par22.sumstats.gz ...
Read summary statistics for 1217311 SNPs.
After merging with summary statistics, 1168875 SNPs remain.
1168875 SNPs with valid alleles.

Heritability of phenotype 5/14
------------------------------
Total Observed scale h2: 0.1553 (0.015)
Lambda GC: 1.1175
Mean Chi^2: 1.1046
Intercept: 0.9963 (0.0064)
Ratio < 0 (usually indicates GC correction).

Genetic Covariance
------------------
Total Observed scale gencov: 0.0851 (0.0088)
Mean z1*z2: 0.2493
Intercept: 0.1888 (0.0039)

Genetic Correlation
-------------------
Genetic Correlation: 0.834 (0.0636)
Z-score: 13.1025
P: 3.1849e-39

Computing rg for phenotype 6/14
Reading summary statistics from ../results/asymmetry/ldsc/joinedDatasets/mean_imputed/not_subsampled/munged/par23.sumstats.gz ...
Read summary statistics for 1217311 SNPs.
After merging with summary statistics, 1168875 SNPs remain.
1168875 SNPs with valid alleles.

Heritability of phenotype 6/14
------------------------------
Total Observed scale h2: 0.0248 (0.0133)
Lambda GC: 1.0195
Mean Chi^2: 1.0209
Intercept: 1.0035 (0.006)
Ratio: 0.1663 (0.29)

Genetic Covariance
------------------
Total Observed scale gencov: 0.0353 (0.008)
Mean z1*z2: 0.2426
Intercept: 0.2174 (0.0036)

Genetic Correlation
-------------------
Genetic Correlation: 0.8671 (0.1887)
Z-score: 4.596
P: 4.3076e-06

Computing rg for phenotype 7/14
Reading summary statistics from ../results/asymmetry/ldsc/joinedDatasets/mean_imputed/not_subsampled/munged/par24.sumstats.gz ...
Read summary statistics for 1217311 SNPs.
After merging with summary statistics, 1168875 SNPs remain.
1168875 SNPs with valid alleles.

Heritability of phenotype 7/14
------------------------------
Total Observed scale h2: 0.0818 (0.0151)
Lambda GC: 1.0649
Mean Chi^2: 1.059
Intercept: 1.0011 (0.0061)
Ratio: 0.0192 (0.1036)

Genetic Covariance
------------------
Total Observed scale gencov: 0.0501 (0.0083)
Mean z1*z2: 0.2163
Intercept: 0.1803 (0.0039)

Genetic Correlation
-------------------
Genetic Correlation: 0.6771 (0.0847)
Z-score: 7.9969
P: 1.2761e-15

Computing rg for phenotype 8/14
Reading summary statistics from ../results/asymmetry/ldsc/joinedDatasets/mean_imputed/not_subsampled/munged/par25.sumstats.gz ...
Read summary statistics for 1217311 SNPs.
After merging with summary statistics, 1168875 SNPs remain.
1168875 SNPs with valid alleles.

Heritability of phenotype 8/14
------------------------------
Total Observed scale h2: 0.0244 (0.0139)
Lambda GC: 1.0135
Mean Chi^2: 1.0136
Intercept: 0.9968 (0.006)
Ratio < 0 (usually indicates GC correction).

Genetic Covariance
------------------
Total Observed scale gencov: 0.0275 (0.0069)
Mean z1*z2: 0.2034
Intercept: 0.184 (0.0033)

Genetic Correlation
-------------------
Genetic Correlation: 0.6806 (0.1642)
Z-score: 4.1453
P: 3.3933e-05

Computing rg for phenotype 9/14
Reading summary statistics from ../results/asymmetry/ldsc/joinedDatasets/mean_imputed/not_subsampled/munged/par26.sumstats.gz ...
Read summary statistics for 1217311 SNPs.
After merging with summary statistics, 1168875 SNPs remain.
1168875 SNPs with valid alleles.

Heritability of phenotype 9/14
------------------------------
Total Observed scale h2: 0.0034 (0.0119)
Lambda GC: 0.9957
Mean Chi^2: 1.0032
Intercept: 1.0009 (0.006)
Ratio: 0.2813 (1.8503)

Genetic Covariance
------------------
Total Observed scale gencov: 0.0245 (0.0066)
Mean z1*z2: 0.209
Intercept: 0.1916 (0.0033)

Genetic Correlation
-------------------
Genetic Correlation: nan (nan) (rg out of bounds) 
Z-score: nan (nan) (rg out of bounds)
P: nan (nan) (rg out of bounds)
WARNING: rg was out of bounds.
This often means that h2 is not significantly different from zero.

Computing rg for phenotype 10/14
Reading summary statistics from ../results/asymmetry/ldsc/joinedDatasets/mean_imputed/not_subsampled/munged/par27.sumstats.gz ...
Read summary statistics for 1217311 SNPs.
After merging with summary statistics, 1168875 SNPs remain.
1168875 SNPs with valid alleles.

Heritability of phenotype 10/14
-------------------------------
Total Observed scale h2: 0.0094 (0.0125)
Lambda GC: 1.0135
Mean Chi^2: 1.015
Intercept: 1.0086 (0.006)
Ratio: 0.5738 (0.3974)

Genetic Covariance
------------------
Total Observed scale gencov: 0.0269 (0.0067)
Mean z1*z2: 0.2223
Intercept: 0.2034 (0.0036)

Genetic Correlation
-------------------
Genetic Correlation: 1.0714 (0.6151)
Z-score: 1.7419
P: 0.0815

Computing rg for phenotype 11/14
Reading summary statistics from ../results/asymmetry/ldsc/joinedDatasets/mean_imputed/not_subsampled/munged/par28.sumstats.gz ...
Read summary statistics for 1217311 SNPs.
After merging with summary statistics, 1168875 SNPs remain.
1168875 SNPs with valid alleles.

Heritability of phenotype 11/14
-------------------------------
Total Observed scale h2: 0.0715 (0.0147)
Lambda GC: 1.0527
Mean Chi^2: 1.042
Intercept: 0.9917 (0.0061)
Ratio < 0 (usually indicates GC correction).

Genetic Covariance
------------------
Total Observed scale gencov: 0.0547 (0.0074)
Mean z1*z2: 0.2282
Intercept: 0.1896 (0.0036)

Genetic Correlation
-------------------
Genetic Correlation: 0.7896 (0.0922)
Z-score: 8.5634
P: 1.0963e-17

Computing rg for phenotype 12/14
Reading summary statistics from ../results/asymmetry/ldsc/joinedDatasets/mean_imputed/not_subsampled/munged/par29.sumstats.gz ...
Read summary statistics for 1217311 SNPs.
After merging with summary statistics, 1168875 SNPs remain.
1168875 SNPs with valid alleles.

Heritability of phenotype 12/14
-------------------------------
Total Observed scale h2: 0.0422 (0.0131)
Lambda GC: 1.0315
Mean Chi^2: 1.0315
Intercept: 1.0019 (0.0068)
Ratio: 0.0617 (0.2162)

Genetic Covariance
------------------
Total Observed scale gencov: 0.0362 (0.007)
Mean z1*z2: 0.2273
Intercept: 0.2018 (0.0035)

Genetic Correlation
-------------------
Genetic Correlation: 0.6797 (0.0985)
Z-score: 6.9026
P: 5.1044e-12

Computing rg for phenotype 13/14
Reading summary statistics from ../results/asymmetry/ldsc/joinedDatasets/mean_imputed/not_subsampled/munged/par30.sumstats.gz ...
Read summary statistics for 1217311 SNPs.
After merging with summary statistics, 1168875 SNPs remain.
1168875 SNPs with valid alleles.

Heritability of phenotype 13/14
-------------------------------
Total Observed scale h2: 0.0153 (0.0123)
Lambda GC: 1.0135
Mean Chi^2: 1.0103
Intercept: 0.9997 (0.0059)
Ratio < 0 (usually indicates GC correction).

Genetic Covariance
------------------
Total Observed scale gencov: 0.0304 (0.0077)
Mean z1*z2: 0.2148
Intercept: 0.1935 (0.0038)

Genetic Correlation
-------------------
Genetic Correlation: 0.9496 (0.3273)
Z-score: 2.9012
P: 0.0037

Computing rg for phenotype 14/14
Reading summary statistics from ../results/asymmetry/ldsc/joinedDatasets/mean_imputed/not_subsampled/munged/par31.sumstats.gz ...
Read summary statistics for 1217311 SNPs.
After merging with summary statistics, 1168875 SNPs remain.
1168875 SNPs with valid alleles.

Heritability of phenotype 14/14
-------------------------------
Total Observed scale h2: 0.0026 (0.0109)
Lambda GC: 1.0135
Mean Chi^2: 1.0125
Intercept: 1.0107 (0.0056)
Ratio: 0.8583 (0.4511)

Genetic Covariance
------------------
Total Observed scale gencov: 0.0232 (0.0076)
Mean z1*z2: 0.2548
Intercept: 0.2385 (0.0037)

Genetic Correlation
-------------------
Genetic Correlation: nan (nan) (rg out of bounds) 
Z-score: nan (nan) (rg out of bounds)
P: nan (nan) (rg out of bounds)
WARNING: rg was out of bounds.
This often means that h2 is not significantly different from zero.


Summary of Genetic Correlation Results
                                                                                            p1                                                                                             p2      rg      se        z           p  h2_obs  h2_obs_se  h2_int  h2_int_se  gcov_int  gcov_int_se
 ../results/asymmetry/ldsc/joinedDatasets/mean_imputed/not_subsampled/munged/par18.sumstats.gz  ../results/asymmetry/ldsc/joinedDatasets/mean_imputed/not_subsampled/munged/par19.sumstats.gz  0.9114  0.1198   7.6095  2.7521e-14  0.0408     0.0135  1.0039     0.0059    0.2845       0.0037
 ../results/asymmetry/ldsc/joinedDatasets/mean_imputed/not_subsampled/munged/par18.sumstats.gz  ../results/asymmetry/ldsc/joinedDatasets/mean_imputed/not_subsampled/munged/par20.sumstats.gz  0.7702  0.0689  11.1788  5.1757e-29  0.1454     0.0172  0.9957     0.0070    0.1890       0.0037
 ../results/asymmetry/ldsc/joinedDatasets/mean_imputed/not_subsampled/munged/par18.sumstats.gz  ../results/asymmetry/ldsc/joinedDatasets/mean_imputed/not_subsampled/munged/par21.sumstats.gz  0.6832  0.0887   7.7036  1.3224e-14  0.0587     0.0153  0.9938     0.0063    0.2374       0.0042
 ../results/asymmetry/ldsc/joinedDatasets/mean_imputed/not_subsampled/munged/par18.sumstats.gz  ../results/asymmetry/ldsc/joinedDatasets/mean_imputed/not_subsampled/munged/par22.sumstats.gz  0.8340  0.0636  13.1025  3.1849e-39  0.1553     0.0150  0.9963     0.0064    0.1888       0.0039
 ../results/asymmetry/ldsc/joinedDatasets/mean_imputed/not_subsampled/munged/par18.sumstats.gz  ../results/asymmetry/ldsc/joinedDatasets/mean_imputed/not_subsampled/munged/par23.sumstats.gz  0.8671  0.1887   4.5960  4.3076e-06  0.0248     0.0133  1.0035     0.0060    0.2174       0.0036
 ../results/asymmetry/ldsc/joinedDatasets/mean_imputed/not_subsampled/munged/par18.sumstats.gz  ../results/asymmetry/ldsc/joinedDatasets/mean_imputed/not_subsampled/munged/par24.sumstats.gz  0.6771  0.0847   7.9969  1.2761e-15  0.0818     0.0151  1.0011     0.0061    0.1803       0.0039
 ../results/asymmetry/ldsc/joinedDatasets/mean_imputed/not_subsampled/munged/par18.sumstats.gz  ../results/asymmetry/ldsc/joinedDatasets/mean_imputed/not_subsampled/munged/par25.sumstats.gz  0.6806  0.1642   4.1453  3.3933e-05  0.0244     0.0139  0.9968     0.0060    0.1840       0.0033
 ../results/asymmetry/ldsc/joinedDatasets/mean_imputed/not_subsampled/munged/par18.sumstats.gz  ../results/asymmetry/ldsc/joinedDatasets/mean_imputed/not_subsampled/munged/par26.sumstats.gz  1.6340  3.3684   0.4851  6.2761e-01  0.0034     0.0119  1.0009     0.0060    0.1916       0.0033
 ../results/asymmetry/ldsc/joinedDatasets/mean_imputed/not_subsampled/munged/par18.sumstats.gz  ../results/asymmetry/ldsc/joinedDatasets/mean_imputed/not_subsampled/munged/par27.sumstats.gz  1.0714  0.6151   1.7419  8.1522e-02  0.0094     0.0125  1.0086     0.0060    0.2034       0.0036
 ../results/asymmetry/ldsc/joinedDatasets/mean_imputed/not_subsampled/munged/par18.sumstats.gz  ../results/asymmetry/ldsc/joinedDatasets/mean_imputed/not_subsampled/munged/par28.sumstats.gz  0.7896  0.0922   8.5634  1.0963e-17  0.0715     0.0147  0.9917     0.0061    0.1896       0.0036
 ../results/asymmetry/ldsc/joinedDatasets/mean_imputed/not_subsampled/munged/par18.sumstats.gz  ../results/asymmetry/ldsc/joinedDatasets/mean_imputed/not_subsampled/munged/par29.sumstats.gz  0.6797  0.0985   6.9026  5.1044e-12  0.0422     0.0131  1.0019     0.0068    0.2018       0.0035
 ../results/asymmetry/ldsc/joinedDatasets/mean_imputed/not_subsampled/munged/par18.sumstats.gz  ../results/asymmetry/ldsc/joinedDatasets/mean_imputed/not_subsampled/munged/par30.sumstats.gz  0.9496  0.3273   2.9012  3.7172e-03  0.0153     0.0123  0.9997     0.0059    0.1935       0.0038
 ../results/asymmetry/ldsc/joinedDatasets/mean_imputed/not_subsampled/munged/par18.sumstats.gz  ../results/asymmetry/ldsc/joinedDatasets/mean_imputed/not_subsampled/munged/par31.sumstats.gz  1.7546  4.2681   0.4111  6.8101e-01  0.0026     0.0109  1.0107     0.0056    0.2385       0.0037

Analysis finished at Mon Apr 11 22:51:22 2022
Total time elapsed: 1.0m:20.91s
