*********************************************************************
* LD Score Regression (LDSC)
* Version 1.0.1
* (C) 2014-2019 Brendan Bulik-Sullivan and Hilary Finucane
* Broad Institute of MIT and Harvard / MIT Department of Mathematics
* GNU General Public License v3
*********************************************************************
Call: 
./ldsc.py \
--ref-ld-chr ../SAMPLE_DATA/eur_w_ld_chr/ \
--out ../results/ldsc/STAGE00DATA/rg/par04 \
--rg ../results/ldsc/STAGE00DATA/munged/par04.sumstats.gz,../results/ldsc/STAGE00DATA/munged/par05.sumstats.gz,../results/ldsc/STAGE00DATA/munged/par06.sumstats.gz,../results/ldsc/STAGE00DATA/munged/par07.sumstats.gz,../results/ldsc/STAGE00DATA/munged/par08.sumstats.gz,../results/ldsc/STAGE00DATA/munged/par09.sumstats.gz,../results/ldsc/STAGE00DATA/munged/par10.sumstats.gz,../results/ldsc/STAGE00DATA/munged/par11.sumstats.gz,../results/ldsc/STAGE00DATA/munged/par12.sumstats.gz,../results/ldsc/STAGE00DATA/munged/par13.sumstats.gz,../results/ldsc/STAGE00DATA/munged/par14.sumstats.gz,../results/ldsc/STAGE00DATA/munged/par15.sumstats.gz,../results/ldsc/STAGE00DATA/munged/par16.sumstats.gz,../results/ldsc/STAGE00DATA/munged/par17.sumstats.gz,../results/ldsc/STAGE00DATA/munged/par18.sumstats.gz,../results/ldsc/STAGE00DATA/munged/par19.sumstats.gz,../results/ldsc/STAGE00DATA/munged/par20.sumstats.gz,../results/ldsc/STAGE00DATA/munged/par21.sumstats.gz,../results/ldsc/STAGE00DATA/munged/par22.sumstats.gz,../results/ldsc/STAGE00DATA/munged/par23.sumstats.gz,../results/ldsc/STAGE00DATA/munged/par24.sumstats.gz,../results/ldsc/STAGE00DATA/munged/par25.sumstats.gz,../results/ldsc/STAGE00DATA/munged/par26.sumstats.gz,../results/ldsc/STAGE00DATA/munged/par27.sumstats.gz,../results/ldsc/STAGE00DATA/munged/par28.sumstats.gz,../results/ldsc/STAGE00DATA/munged/par29.sumstats.gz,../results/ldsc/STAGE00DATA/munged/par30.sumstats.gz,../results/ldsc/STAGE00DATA/munged/par31.sumstats.gz \
--w-ld-chr ../SAMPLE_DATA/eur_w_ld_chr/ 

Beginning analysis at Mon Feb 28 01:23:56 2022
Reading summary statistics from ../results/ldsc/STAGE00DATA/munged/par04.sumstats.gz ...
Read summary statistics for 7033675 SNPs.
Reading reference panel LD Score from ../SAMPLE_DATA/eur_w_ld_chr/[1-22] ... (ldscore_fromlist)
Read reference panel LD Scores for 1290028 SNPs.
Removing partitioned LD Scores with zero variance.
Reading regression weight LD Score from ../SAMPLE_DATA/eur_w_ld_chr/[1-22] ... (ldscore_fromlist)
Read regression weight LD Scores for 1290028 SNPs.
After merging with reference panel LD, 1174774 SNPs remain.
After merging with regression SNP LD, 1174774 SNPs remain.
Computing rg for phenotype 2/28
Reading summary statistics from ../results/ldsc/STAGE00DATA/munged/par05.sumstats.gz ...
Read summary statistics for 7033675 SNPs.
After merging with summary statistics, 1174774 SNPs remain.
1174774 SNPs with valid alleles.

Heritability of phenotype 1
---------------------------
Total Observed scale h2: 0.2349 (0.0261)
Lambda GC: 1.1019
Mean Chi^2: 1.079
Intercept: 0.9894 (0.0061)
Ratio < 0 (usually indicates GC correction).

Heritability of phenotype 2/28
------------------------------
Total Observed scale h2: 0.1285 (0.0232)
Lambda GC: 1.0679
Mean Chi^2: 1.0479
Intercept: 0.9993 (0.0056)
Ratio < 0 (usually indicates GC correction).

Genetic Covariance
------------------
Total Observed scale gencov: 0.1217 (0.0143)
Mean z1*z2: 0.2229
Intercept: 0.1761 (0.0037)

Genetic Correlation
-------------------
Genetic Correlation: 0.7003 (0.0667)
Z-score: 10.4924
P: 9.3666e-26

Computing rg for phenotype 3/28
Reading summary statistics from ../results/ldsc/STAGE00DATA/munged/par06.sumstats.gz ...
Read summary statistics for 7033675 SNPs.
After merging with summary statistics, 1174774 SNPs remain.
1174774 SNPs with valid alleles.

Heritability of phenotype 3/28
------------------------------
Total Observed scale h2: 0.1995 (0.0279)
Lambda GC: 1.0895
Mean Chi^2: 1.0788
Intercept: 1.0035 (0.0062)
Ratio: 0.0442 (0.0791)

Genetic Covariance
------------------
Total Observed scale gencov: 0.1568 (0.0163)
Mean z1*z2: 0.2788
Intercept: 0.2181 (0.0037)

Genetic Correlation
-------------------
Genetic Correlation: 0.7244 (0.0438)
Z-score: 16.5485
P: 1.6408e-61

Computing rg for phenotype 4/28
Reading summary statistics from ../results/ldsc/STAGE00DATA/munged/par07.sumstats.gz ...
Read summary statistics for 7033675 SNPs.
After merging with summary statistics, 1174774 SNPs remain.
1174774 SNPs with valid alleles.

Heritability of phenotype 4/28
------------------------------
Total Observed scale h2: 0.1076 (0.0252)
Lambda GC: 1.0466
Mean Chi^2: 1.0441
Intercept: 1.0032 (0.0058)
Ratio: 0.0727 (0.1316)

Genetic Covariance
------------------
Total Observed scale gencov: 0.1102 (0.0138)
Mean z1*z2: 0.2408
Intercept: 0.1983 (0.0034)

Genetic Correlation
-------------------
Genetic Correlation: 0.693 (0.0706)
Z-score: 9.8218
P: 9.0718e-23

Computing rg for phenotype 5/28
Reading summary statistics from ../results/ldsc/STAGE00DATA/munged/par08.sumstats.gz ...
Read summary statistics for 7033675 SNPs.
After merging with summary statistics, 1174774 SNPs remain.
1174774 SNPs with valid alleles.

Heritability of phenotype 5/28
------------------------------
Total Observed scale h2: 0.2007 (0.0248)
Lambda GC: 1.0802
Mean Chi^2: 1.0651
Intercept: 0.9882 (0.0064)
Ratio < 0 (usually indicates GC correction).

Genetic Covariance
------------------
Total Observed scale gencov: 0.2135 (0.0244)
Mean z1*z2: 0.7764
Intercept: 0.6947 (0.0059)

Genetic Correlation
-------------------
Genetic Correlation: 0.983 (0.0254)
Z-score: 38.6328
P: 0.

Computing rg for phenotype 6/28
Reading summary statistics from ../results/ldsc/STAGE00DATA/munged/par09.sumstats.gz ...
Read summary statistics for 7033675 SNPs.
After merging with summary statistics, 1174774 SNPs remain.
1174774 SNPs with valid alleles.

Heritability of phenotype 6/28
------------------------------
Total Observed scale h2: 0.1818 (0.0252)
Lambda GC: 1.0926
Mean Chi^2: 1.0685
Intercept: 0.9993 (0.0062)
Ratio < 0 (usually indicates GC correction).

Genetic Covariance
------------------
Total Observed scale gencov: 0.1766 (0.02)
Mean z1*z2: 0.4878
Intercept: 0.4195 (0.0052)

Genetic Correlation
-------------------
Genetic Correlation: 0.8549 (0.0413)
Z-score: 20.674
P: 5.9414e-95

Computing rg for phenotype 7/28
Reading summary statistics from ../results/ldsc/STAGE00DATA/munged/par10.sumstats.gz ...
Read summary statistics for 7033674 SNPs.
After merging with summary statistics, 1174773 SNPs remain.
1174773 SNPs with valid alleles.

Heritability of phenotype 7/28
------------------------------
Total Observed scale h2: 0.0784 (0.0247)
Lambda GC: 1.0345
Mean Chi^2: 1.0289
Intercept: 0.9993 (0.0064)
Ratio < 0 (usually indicates GC correction).

Genetic Covariance
------------------
Total Observed scale gencov: 0.1028 (0.0137)
Mean z1*z2: 0.2458
Intercept: 0.2066 (0.0036)

Genetic Correlation
-------------------
Genetic Correlation: 0.7574 (0.1035)
Z-score: 7.3147
P: 2.5799e-13

Computing rg for phenotype 8/28
Reading summary statistics from ../results/ldsc/STAGE00DATA/munged/par11.sumstats.gz ...
Read summary statistics for 7033675 SNPs.
After merging with summary statistics, 1174774 SNPs remain.
1174774 SNPs with valid alleles.

Heritability of phenotype 8/28
------------------------------
Total Observed scale h2: 0.0858 (0.0233)
Lambda GC: 1.0557
Mean Chi^2: 1.0347
Intercept: 1.0019 (0.0059)
Ratio: 0.0545 (0.1705)

Genetic Covariance
------------------
Total Observed scale gencov: 0.1071 (0.0139)
Mean z1*z2: 0.2139
Intercept: 0.1724 (0.0037)

Genetic Correlation
-------------------
Genetic Correlation: 0.7543 (0.094)
Z-score: 8.0275
P: 9.9481e-16

Computing rg for phenotype 9/28
Reading summary statistics from ../results/ldsc/STAGE00DATA/munged/par12.sumstats.gz ...
Read summary statistics for 7033675 SNPs.
After merging with summary statistics, 1174774 SNPs remain.
1174774 SNPs with valid alleles.

Heritability of phenotype 9/28
------------------------------
Total Observed scale h2: 0.1533 (0.0273)
Lambda GC: 1.071
Mean Chi^2: 1.0641
Intercept: 1.0061 (0.0066)
Ratio: 0.0948 (0.1022)

Genetic Covariance
------------------
Total Observed scale gencov: 0.1362 (0.0164)
Mean z1*z2: 0.2694
Intercept: 0.2166 (0.004)

Genetic Correlation
-------------------
Genetic Correlation: 0.7175 (0.0556)
Z-score: 12.9043
P: 4.2542e-38

Computing rg for phenotype 10/28
Reading summary statistics from ../results/ldsc/STAGE00DATA/munged/par13.sumstats.gz ...
Read summary statistics for 7033675 SNPs.
After merging with summary statistics, 1174774 SNPs remain.
1174774 SNPs with valid alleles.

Heritability of phenotype 10/28
-------------------------------
Total Observed scale h2: 0.2237 (0.0259)
Lambda GC: 1.105
Mean Chi^2: 1.0894
Intercept: 1.0054 (0.0064)
Ratio: 0.0605 (0.0717)

Genetic Covariance
------------------
Total Observed scale gencov: 0.1712 (0.0164)
Mean z1*z2: 0.2747
Intercept: 0.2091 (0.0039)

Genetic Correlation
-------------------
Genetic Correlation: 0.7469 (0.045)
Z-score: 16.6008
P: 6.8815e-62

Computing rg for phenotype 11/28
Reading summary statistics from ../results/ldsc/STAGE00DATA/munged/par14.sumstats.gz ...
Read summary statistics for 7033675 SNPs.
After merging with summary statistics, 1174774 SNPs remain.
1174774 SNPs with valid alleles.

Heritability of phenotype 11/28
-------------------------------
Total Observed scale h2: 0.0813 (0.0223)
Lambda GC: 1.0405
Mean Chi^2: 1.036
Intercept: 1.0054 (0.0057)
Ratio: 0.1498 (0.1572)

Genetic Covariance
------------------
Total Observed scale gencov: 0.0954 (0.0132)
Mean z1*z2: 0.2403
Intercept: 0.2038 (0.0036)

Genetic Correlation
-------------------
Genetic Correlation: 0.69 (0.082)
Z-score: 8.4198
P: 3.7728e-17

Computing rg for phenotype 12/28
Reading summary statistics from ../results/ldsc/STAGE00DATA/munged/par15.sumstats.gz ...
Read summary statistics for 7033675 SNPs.
After merging with summary statistics, 1174774 SNPs remain.
1174774 SNPs with valid alleles.

Heritability of phenotype 12/28
-------------------------------
Total Observed scale h2: 0.0942 (0.0249)
Lambda GC: 1.0436
Mean Chi^2: 1.037
Intercept: 1.0005 (0.0063)
Ratio: 0.0137 (0.1698)

Genetic Covariance
------------------
Total Observed scale gencov: 0.1025 (0.0142)
Mean z1*z2: 0.2232
Intercept: 0.1832 (0.0039)

Genetic Correlation
-------------------
Genetic Correlation: 0.6888 (0.0783)
Z-score: 8.7955
P: 1.4244e-18

Computing rg for phenotype 13/28
Reading summary statistics from ../results/ldsc/STAGE00DATA/munged/par16.sumstats.gz ...
Read summary statistics for 7033675 SNPs.
After merging with summary statistics, 1174774 SNPs remain.
1174774 SNPs with valid alleles.

Heritability of phenotype 13/28
-------------------------------
Total Observed scale h2: 0.1003 (0.0239)
Lambda GC: 1.0466
Mean Chi^2: 1.0324
Intercept: 0.9943 (0.0065)
Ratio < 0 (usually indicates GC correction).

Genetic Covariance
------------------
Total Observed scale gencov: 0.1469 (0.0198)
Mean z1*z2: 0.492
Intercept: 0.436 (0.0052)

Genetic Correlation
-------------------
Genetic Correlation: 0.9572 (0.0663)
Z-score: 14.4468
P: 2.6269e-47

Computing rg for phenotype 14/28
Reading summary statistics from ../results/ldsc/STAGE00DATA/munged/par17.sumstats.gz ...
Read summary statistics for 7033675 SNPs.
After merging with summary statistics, 1174774 SNPs remain.
1174774 SNPs with valid alleles.

Heritability of phenotype 14/28
-------------------------------
Total Observed scale h2: 0.1605 (0.0236)
Lambda GC: 1.071
Mean Chi^2: 1.0554
Intercept: 0.9943 (0.0065)
Ratio < 0 (usually indicates GC correction).

Genetic Covariance
------------------
Total Observed scale gencov: 0.1798 (0.0214)
Mean z1*z2: 0.6615
Intercept: 0.5928 (0.0056)

Genetic Correlation
-------------------
Genetic Correlation: 0.9258 (0.0381)
Z-score: 24.2692
P: 4.1513e-130

Computing rg for phenotype 15/28
Reading summary statistics from ../results/ldsc/STAGE00DATA/munged/par18.sumstats.gz ...
Read summary statistics for 7033675 SNPs.
After merging with summary statistics, 1174774 SNPs remain.
1174774 SNPs with valid alleles.

Heritability of phenotype 15/28
-------------------------------
Total Observed scale h2: 0.1522 (0.0244)
Lambda GC: 1.0802
Mean Chi^2: 1.057
Intercept: 0.9992 (0.0065)
Ratio < 0 (usually indicates GC correction).

Genetic Covariance
------------------
Total Observed scale gencov: 0.1667 (0.0195)
Mean z1*z2: 0.4791
Intercept: 0.4151 (0.0053)

Genetic Correlation
-------------------
Genetic Correlation: 0.8818 (0.0477)
Z-score: 18.4994
P: 2.0882e-76

Computing rg for phenotype 16/28
Reading summary statistics from ../results/ldsc/STAGE00DATA/munged/par19.sumstats.gz ...
Read summary statistics for 7033675 SNPs.
After merging with summary statistics, 1174774 SNPs remain.
1174774 SNPs with valid alleles.

Heritability of phenotype 16/28
-------------------------------
Total Observed scale h2: 0.1443 (0.0273)
Lambda GC: 1.0649
Mean Chi^2: 1.0584
Intercept: 1.0035 (0.0064)
Ratio: 0.0608 (0.1089)

Genetic Covariance
------------------
Total Observed scale gencov: 0.1278 (0.0182)
Mean z1*z2: 0.317
Intercept: 0.2675 (0.0047)

Genetic Correlation
-------------------
Genetic Correlation: 0.6943 (0.0588)
Z-score: 11.8153
P: 3.2523e-32

Computing rg for phenotype 17/28
Reading summary statistics from ../results/ldsc/STAGE00DATA/munged/par20.sumstats.gz ...
Read summary statistics for 7033675 SNPs.
After merging with summary statistics, 1174774 SNPs remain.
1174774 SNPs with valid alleles.

Heritability of phenotype 17/28
-------------------------------
Total Observed scale h2: 0.0258 (0.0245)
Lambda GC: 1.0195
Mean Chi^2: 1.0182
Intercept: 1.0085 (0.0064)
Ratio: 0.4657 (0.3512)

Genetic Covariance
------------------
Total Observed scale gencov: 0.0631 (0.0133)
Mean z1*z2: 0.2364
Intercept: 0.2121 (0.0035)

Genetic Correlation
-------------------
Genetic Correlation: 0.8108 (0.3191)
Z-score: 2.5407
P: 0.0111

Computing rg for phenotype 18/28
Reading summary statistics from ../results/ldsc/STAGE00DATA/munged/par21.sumstats.gz ...
Read summary statistics for 7033675 SNPs.
After merging with summary statistics, 1174774 SNPs remain.
1174774 SNPs with valid alleles.

Heritability of phenotype 18/28
-------------------------------
Total Observed scale h2: 0.081 (0.0219)
Lambda GC: 1.0315
Mean Chi^2: 1.0278
Intercept: 0.9973 (0.0058)
Ratio < 0 (usually indicates GC correction).

Genetic Covariance
------------------
Total Observed scale gencov: 0.1007 (0.0144)
Mean z1*z2: 0.2299
Intercept: 0.1916 (0.004)

Genetic Correlation
-------------------
Genetic Correlation: 0.7301 (0.0971)
Z-score: 7.5174
P: 5.5878e-14

Computing rg for phenotype 19/28
Reading summary statistics from ../results/ldsc/STAGE00DATA/munged/par22.sumstats.gz ...
Read summary statistics for 7033675 SNPs.
After merging with summary statistics, 1174774 SNPs remain.
1174774 SNPs with valid alleles.

Heritability of phenotype 19/28
-------------------------------
Total Observed scale h2: 0.0279 (0.0224)
Lambda GC: 1.0285
Mean Chi^2: 1.0189
Intercept: 1.0082 (0.0056)
Ratio: 0.4373 (0.2968)

Genetic Covariance
------------------
Total Observed scale gencov: 0.0882 (0.0136)
Mean z1*z2: 0.2163
Intercept: 0.1823 (0.0038)

Genetic Correlation
-------------------
Genetic Correlation: 1.0885 (0.3706)
Z-score: 2.9369
P: 0.0033

Computing rg for phenotype 20/28
Reading summary statistics from ../results/ldsc/STAGE00DATA/munged/par23.sumstats.gz ...
Read summary statistics for 7033675 SNPs.
After merging with summary statistics, 1174774 SNPs remain.
1174774 SNPs with valid alleles.

Heritability of phenotype 20/28
-------------------------------
Total Observed scale h2: 0.1333 (0.026)
Lambda GC: 1.0405
Mean Chi^2: 1.0371
Intercept: 0.9866 (0.0062)
Ratio < 0 (usually indicates GC correction).

Genetic Covariance
------------------
Total Observed scale gencov: 0.1215 (0.014)
Mean z1*z2: 0.2246
Intercept: 0.1775 (0.0036)

Genetic Correlation
-------------------
Genetic Correlation: 0.6868 (0.062)
Z-score: 11.0748
P: 1.6627e-28

Computing rg for phenotype 21/28
Reading summary statistics from ../results/ldsc/STAGE00DATA/munged/par24.sumstats.gz ...
Read summary statistics for 7033675 SNPs.
After merging with summary statistics, 1174774 SNPs remain.
1174774 SNPs with valid alleles.

Heritability of phenotype 21/28
-------------------------------
Total Observed scale h2: 0.1346 (0.0276)
Lambda GC: 1.0618
Mean Chi^2: 1.0577
Intercept: 1.0065 (0.0061)
Ratio: 0.1126 (0.1051)

Genetic Covariance
------------------
Total Observed scale gencov: 0.1258 (0.0163)
Mean z1*z2: 0.2514
Intercept: 0.2026 (0.0038)

Genetic Correlation
-------------------
Genetic Correlation: 0.7074 (0.0583)
Z-score: 12.1246
P: 7.8284e-34

Computing rg for phenotype 22/28
Reading summary statistics from ../results/ldsc/STAGE00DATA/munged/par25.sumstats.gz ...
Read summary statistics for 7033675 SNPs.
After merging with summary statistics, 1174774 SNPs remain.
1174774 SNPs with valid alleles.

Heritability of phenotype 22/28
-------------------------------
Total Observed scale h2: 0.0714 (0.0214)
Lambda GC: 1.0405
Mean Chi^2: 1.0251
Intercept: 0.9982 (0.006)
Ratio < 0 (usually indicates GC correction).

Genetic Covariance
------------------
Total Observed scale gencov: 0.1102 (0.014)
Mean z1*z2: 0.2575
Intercept: 0.2149 (0.0039)

Genetic Correlation
-------------------
Genetic Correlation: 0.8509 (0.1029)
Z-score: 8.2655
P: 1.3911e-16

Computing rg for phenotype 23/28
Reading summary statistics from ../results/ldsc/STAGE00DATA/munged/par26.sumstats.gz ...
Read summary statistics for 7033675 SNPs.
After merging with summary statistics, 1174774 SNPs remain.
1174774 SNPs with valid alleles.

Heritability of phenotype 23/28
-------------------------------
Total Observed scale h2: 0.1529 (0.0241)
Lambda GC: 1.0741
Mean Chi^2: 1.0672
Intercept: 1.0086 (0.006)
Ratio: 0.1279 (0.0899)

Genetic Covariance
------------------
Total Observed scale gencov: 0.1366 (0.0156)
Mean z1*z2: 0.2576
Intercept: 0.2051 (0.0039)

Genetic Correlation
-------------------
Genetic Correlation: 0.7206 (0.0575)
Z-score: 12.5263
P: 5.3616e-36

Computing rg for phenotype 24/28
Reading summary statistics from ../results/ldsc/STAGE00DATA/munged/par27.sumstats.gz ...
Read summary statistics for 7033675 SNPs.
After merging with summary statistics, 1174774 SNPs remain.
1174774 SNPs with valid alleles.

Heritability of phenotype 24/28
-------------------------------
Total Observed scale h2: 0.2034 (0.0262)
Lambda GC: 1.0926
Mean Chi^2: 1.0779
Intercept: 1.0008 (0.0067)
Ratio: 0.01 (0.0854)

Genetic Covariance
------------------
Total Observed scale gencov: 0.1542 (0.0148)
Mean z1*z2: 0.2617
Intercept: 0.2021 (0.0037)

Genetic Correlation
-------------------
Genetic Correlation: 0.7057 (0.0482)
Z-score: 14.6283
P: 1.8538e-48

Computing rg for phenotype 25/28
Reading summary statistics from ../results/ldsc/STAGE00DATA/munged/par28.sumstats.gz ...
Read summary statistics for 7033675 SNPs.
After merging with summary statistics, 1174774 SNPs remain.
1174774 SNPs with valid alleles.

Heritability of phenotype 25/28
-------------------------------
Total Observed scale h2: 0.0458 (0.0236)
Lambda GC: 1.0255
Mean Chi^2: 1.021
Intercept: 1.0036 (0.0059)
Ratio: 0.1707 (0.2804)

Genetic Covariance
------------------
Total Observed scale gencov: 0.0882 (0.0143)
Mean z1*z2: 0.2421
Intercept: 0.2081 (0.004)

Genetic Correlation
-------------------
Genetic Correlation: 0.8503 (0.1735)
Z-score: 4.9018
P: 9.4955e-07

Computing rg for phenotype 26/28
Reading summary statistics from ../results/ldsc/STAGE00DATA/munged/par29.sumstats.gz ...
Read summary statistics for 7033675 SNPs.
After merging with summary statistics, 1174774 SNPs remain.
1174774 SNPs with valid alleles.

Heritability of phenotype 26/28
-------------------------------
Total Observed scale h2: 0.0846 (0.0207)
Lambda GC: 1.0345
Mean Chi^2: 1.0302
Intercept: 0.998 (0.0054)
Ratio < 0 (usually indicates GC correction).

Genetic Covariance
------------------
Total Observed scale gencov: 0.0925 (0.0134)
Mean z1*z2: 0.2179
Intercept: 0.1824 (0.0034)

Genetic Correlation
-------------------
Genetic Correlation: 0.6559 (0.0816)
Z-score: 8.0395
P: 9.0190e-16

Computing rg for phenotype 27/28
Reading summary statistics from ../results/ldsc/STAGE00DATA/munged/par30.sumstats.gz ...
Read summary statistics for 7033675 SNPs.
After merging with summary statistics, 1174774 SNPs remain.
1174774 SNPs with valid alleles.

Heritability of phenotype 27/28
-------------------------------
Total Observed scale h2: 0.0468 (0.0239)
Lambda GC: 1.0315
Mean Chi^2: 1.026
Intercept: 1.0081 (0.0063)
Ratio: 0.3128 (0.2445)

Genetic Covariance
------------------
Total Observed scale gencov: 0.1005 (0.0137)
Mean z1*z2: 0.215
Intercept: 0.176 (0.0034)

Genetic Correlation
-------------------
Genetic Correlation: 0.9592 (0.1956)
Z-score: 4.9033
P: 9.4247e-07

Computing rg for phenotype 28/28
Reading summary statistics from ../results/ldsc/STAGE00DATA/munged/par31.sumstats.gz ...
Read summary statistics for 7033675 SNPs.
After merging with summary statistics, 1174774 SNPs remain.
1174774 SNPs with valid alleles.

Heritability of phenotype 28/28
-------------------------------
Total Observed scale h2: 0.0802 (0.0227)
Lambda GC: 1.0375
Mean Chi^2: 1.028
Intercept: 0.9971 (0.0057)
Ratio < 0 (usually indicates GC correction).

Genetic Covariance
------------------
Total Observed scale gencov: 0.0797 (0.0122)
Mean z1*z2: 0.2144
Intercept: 0.1832 (0.0038)

Genetic Correlation
-------------------
Genetic Correlation: 0.5805 (0.0755)
Z-score: 7.6907
P: 1.4634e-14


Summary of Genetic Correlation Results
                                                   p1                                                    p2      rg      se        z            p  h2_obs  h2_obs_se  h2_int  h2_int_se  gcov_int  gcov_int_se
 ../results/ldsc/STAGE00DATA/munged/par04.sumstats.gz  ../results/ldsc/STAGE00DATA/munged/par05.sumstats.gz  0.7003  0.0667  10.4924   9.3666e-26  0.1285     0.0232  0.9993     0.0056    0.1761       0.0037
 ../results/ldsc/STAGE00DATA/munged/par04.sumstats.gz  ../results/ldsc/STAGE00DATA/munged/par06.sumstats.gz  0.7244  0.0438  16.5485   1.6408e-61  0.1995     0.0279  1.0035     0.0062    0.2181       0.0037
 ../results/ldsc/STAGE00DATA/munged/par04.sumstats.gz  ../results/ldsc/STAGE00DATA/munged/par07.sumstats.gz  0.6930  0.0706   9.8218   9.0718e-23  0.1076     0.0252  1.0032     0.0058    0.1983       0.0034
 ../results/ldsc/STAGE00DATA/munged/par04.sumstats.gz  ../results/ldsc/STAGE00DATA/munged/par08.sumstats.gz  0.9830  0.0254  38.6328   0.0000e+00  0.2007     0.0248  0.9882     0.0064    0.6947       0.0059
 ../results/ldsc/STAGE00DATA/munged/par04.sumstats.gz  ../results/ldsc/STAGE00DATA/munged/par09.sumstats.gz  0.8549  0.0413  20.6740   5.9414e-95  0.1818     0.0252  0.9993     0.0062    0.4195       0.0052
 ../results/ldsc/STAGE00DATA/munged/par04.sumstats.gz  ../results/ldsc/STAGE00DATA/munged/par10.sumstats.gz  0.7574  0.1035   7.3147   2.5799e-13  0.0784     0.0247  0.9993     0.0064    0.2066       0.0036
 ../results/ldsc/STAGE00DATA/munged/par04.sumstats.gz  ../results/ldsc/STAGE00DATA/munged/par11.sumstats.gz  0.7543  0.0940   8.0275   9.9481e-16  0.0858     0.0233  1.0019     0.0059    0.1724       0.0037
 ../results/ldsc/STAGE00DATA/munged/par04.sumstats.gz  ../results/ldsc/STAGE00DATA/munged/par12.sumstats.gz  0.7175  0.0556  12.9043   4.2542e-38  0.1533     0.0273  1.0061     0.0066    0.2166       0.0040
 ../results/ldsc/STAGE00DATA/munged/par04.sumstats.gz  ../results/ldsc/STAGE00DATA/munged/par13.sumstats.gz  0.7469  0.0450  16.6008   6.8815e-62  0.2237     0.0259  1.0054     0.0064    0.2091       0.0039
 ../results/ldsc/STAGE00DATA/munged/par04.sumstats.gz  ../results/ldsc/STAGE00DATA/munged/par14.sumstats.gz  0.6900  0.0820   8.4198   3.7728e-17  0.0813     0.0223  1.0054     0.0057    0.2038       0.0036
 ../results/ldsc/STAGE00DATA/munged/par04.sumstats.gz  ../results/ldsc/STAGE00DATA/munged/par15.sumstats.gz  0.6888  0.0783   8.7955   1.4244e-18  0.0942     0.0249  1.0005     0.0063    0.1832       0.0039
 ../results/ldsc/STAGE00DATA/munged/par04.sumstats.gz  ../results/ldsc/STAGE00DATA/munged/par16.sumstats.gz  0.9572  0.0663  14.4468   2.6269e-47  0.1003     0.0239  0.9943     0.0065    0.4360       0.0052
 ../results/ldsc/STAGE00DATA/munged/par04.sumstats.gz  ../results/ldsc/STAGE00DATA/munged/par17.sumstats.gz  0.9258  0.0381  24.2692  4.1513e-130  0.1605     0.0236  0.9943     0.0065    0.5928       0.0056
 ../results/ldsc/STAGE00DATA/munged/par04.sumstats.gz  ../results/ldsc/STAGE00DATA/munged/par18.sumstats.gz  0.8818  0.0477  18.4994   2.0882e-76  0.1522     0.0244  0.9992     0.0065    0.4151       0.0053
 ../results/ldsc/STAGE00DATA/munged/par04.sumstats.gz  ../results/ldsc/STAGE00DATA/munged/par19.sumstats.gz  0.6943  0.0588  11.8153   3.2523e-32  0.1443     0.0273  1.0035     0.0064    0.2675       0.0047
 ../results/ldsc/STAGE00DATA/munged/par04.sumstats.gz  ../results/ldsc/STAGE00DATA/munged/par20.sumstats.gz  0.8108  0.3191   2.5407   1.1062e-02  0.0258     0.0245  1.0085     0.0064    0.2121       0.0035
 ../results/ldsc/STAGE00DATA/munged/par04.sumstats.gz  ../results/ldsc/STAGE00DATA/munged/par21.sumstats.gz  0.7301  0.0971   7.5174   5.5878e-14  0.0810     0.0219  0.9973     0.0058    0.1916       0.0040
 ../results/ldsc/STAGE00DATA/munged/par04.sumstats.gz  ../results/ldsc/STAGE00DATA/munged/par22.sumstats.gz  1.0885  0.3706   2.9369   3.3155e-03  0.0279     0.0224  1.0082     0.0056    0.1823       0.0038
 ../results/ldsc/STAGE00DATA/munged/par04.sumstats.gz  ../results/ldsc/STAGE00DATA/munged/par23.sumstats.gz  0.6868  0.0620  11.0748   1.6627e-28  0.1333     0.0260  0.9866     0.0062    0.1775       0.0036
 ../results/ldsc/STAGE00DATA/munged/par04.sumstats.gz  ../results/ldsc/STAGE00DATA/munged/par24.sumstats.gz  0.7074  0.0583  12.1246   7.8284e-34  0.1346     0.0276  1.0065     0.0061    0.2026       0.0038
 ../results/ldsc/STAGE00DATA/munged/par04.sumstats.gz  ../results/ldsc/STAGE00DATA/munged/par25.sumstats.gz  0.8509  0.1029   8.2655   1.3911e-16  0.0714     0.0214  0.9982     0.0060    0.2149       0.0039
 ../results/ldsc/STAGE00DATA/munged/par04.sumstats.gz  ../results/ldsc/STAGE00DATA/munged/par26.sumstats.gz  0.7206  0.0575  12.5263   5.3616e-36  0.1529     0.0241  1.0086     0.0060    0.2051       0.0039
 ../results/ldsc/STAGE00DATA/munged/par04.sumstats.gz  ../results/ldsc/STAGE00DATA/munged/par27.sumstats.gz  0.7057  0.0482  14.6283   1.8538e-48  0.2034     0.0262  1.0008     0.0067    0.2021       0.0037
 ../results/ldsc/STAGE00DATA/munged/par04.sumstats.gz  ../results/ldsc/STAGE00DATA/munged/par28.sumstats.gz  0.8503  0.1735   4.9018   9.4955e-07  0.0458     0.0236  1.0036     0.0059    0.2081       0.0040
 ../results/ldsc/STAGE00DATA/munged/par04.sumstats.gz  ../results/ldsc/STAGE00DATA/munged/par29.sumstats.gz  0.6559  0.0816   8.0395   9.0190e-16  0.0846     0.0207  0.9980     0.0054    0.1824       0.0034
 ../results/ldsc/STAGE00DATA/munged/par04.sumstats.gz  ../results/ldsc/STAGE00DATA/munged/par30.sumstats.gz  0.9592  0.1956   4.9033   9.4247e-07  0.0468     0.0239  1.0081     0.0063    0.1760       0.0034
 ../results/ldsc/STAGE00DATA/munged/par04.sumstats.gz  ../results/ldsc/STAGE00DATA/munged/par31.sumstats.gz  0.5805  0.0755   7.6907   1.4634e-14  0.0802     0.0227  0.9971     0.0057    0.1832       0.0038

Analysis finished at Mon Feb 28 01:34:57 2022
Total time elapsed: 11.0m:0.2s
