*********************************************************************
* LD Score Regression (LDSC)
* Version 1.0.1
* (C) 2014-2019 Brendan Bulik-Sullivan and Hilary Finucane
* Broad Institute of MIT and Harvard / MIT Department of Mathematics
* GNU General Public License v3
*********************************************************************
Call: 
./ldsc.py \
--ref-ld-chr ../SAMPLE_DATA/eur_w_ld_chr/ \
--out ../results/ldsc/STAGE00DATA/rg/par18 \
--rg ../results/ldsc/STAGE00DATA/munged/par18.sumstats.gz,../results/ldsc/STAGE00DATA/munged/par19.sumstats.gz,../results/ldsc/STAGE00DATA/munged/par20.sumstats.gz,../results/ldsc/STAGE00DATA/munged/par21.sumstats.gz,../results/ldsc/STAGE00DATA/munged/par22.sumstats.gz,../results/ldsc/STAGE00DATA/munged/par23.sumstats.gz,../results/ldsc/STAGE00DATA/munged/par24.sumstats.gz,../results/ldsc/STAGE00DATA/munged/par25.sumstats.gz,../results/ldsc/STAGE00DATA/munged/par26.sumstats.gz,../results/ldsc/STAGE00DATA/munged/par27.sumstats.gz,../results/ldsc/STAGE00DATA/munged/par28.sumstats.gz,../results/ldsc/STAGE00DATA/munged/par29.sumstats.gz,../results/ldsc/STAGE00DATA/munged/par30.sumstats.gz,../results/ldsc/STAGE00DATA/munged/par31.sumstats.gz \
--w-ld-chr ../SAMPLE_DATA/eur_w_ld_chr/ 

Beginning analysis at Mon Feb 28 03:17:13 2022
Reading summary statistics from ../results/ldsc/STAGE00DATA/munged/par18.sumstats.gz ...
Read summary statistics for 7033675 SNPs.
Reading reference panel LD Score from ../SAMPLE_DATA/eur_w_ld_chr/[1-22] ... (ldscore_fromlist)
Read reference panel LD Scores for 1290028 SNPs.
Removing partitioned LD Scores with zero variance.
Reading regression weight LD Score from ../SAMPLE_DATA/eur_w_ld_chr/[1-22] ... (ldscore_fromlist)
Read regression weight LD Scores for 1290028 SNPs.
After merging with reference panel LD, 1174774 SNPs remain.
After merging with regression SNP LD, 1174774 SNPs remain.
Computing rg for phenotype 2/14
Reading summary statistics from ../results/ldsc/STAGE00DATA/munged/par19.sumstats.gz ...
Read summary statistics for 7033675 SNPs.
After merging with summary statistics, 1174774 SNPs remain.
1174774 SNPs with valid alleles.

Heritability of phenotype 1
---------------------------
Total Observed scale h2: 0.1522 (0.0244)
Lambda GC: 1.0802
Mean Chi^2: 1.057
Intercept: 0.9992 (0.0065)
Ratio < 0 (usually indicates GC correction).

Heritability of phenotype 2/14
------------------------------
Total Observed scale h2: 0.1443 (0.0273)
Lambda GC: 1.0649
Mean Chi^2: 1.0584
Intercept: 1.0035 (0.0064)
Ratio: 0.0608 (0.1089)

Genetic Covariance
------------------
Total Observed scale gencov: 0.0942 (0.0145)
Mean z1*z2: 0.2727
Intercept: 0.2364 (0.004)

Genetic Correlation
-------------------
Genetic Correlation: 0.6356 (0.0681)
Z-score: 9.3349
P: 1.0107e-20

Computing rg for phenotype 3/14
Reading summary statistics from ../results/ldsc/STAGE00DATA/munged/par20.sumstats.gz ...
Read summary statistics for 7033675 SNPs.
After merging with summary statistics, 1174774 SNPs remain.
1174774 SNPs with valid alleles.

Heritability of phenotype 3/14
------------------------------
Total Observed scale h2: 0.0258 (0.0245)
Lambda GC: 1.0195
Mean Chi^2: 1.0182
Intercept: 1.0085 (0.0064)
Ratio: 0.4657 (0.3512)

Genetic Covariance
------------------
Total Observed scale gencov: 0.0577 (0.0131)
Mean z1*z2: 0.2184
Intercept: 0.1964 (0.0037)

Genetic Correlation
-------------------
Genetic Correlation: 0.9211 (0.3757)
Z-score: 2.4514
P: 0.0142

Computing rg for phenotype 4/14
Reading summary statistics from ../results/ldsc/STAGE00DATA/munged/par21.sumstats.gz ...
Read summary statistics for 7033675 SNPs.
After merging with summary statistics, 1174774 SNPs remain.
1174774 SNPs with valid alleles.

Heritability of phenotype 4/14
------------------------------
Total Observed scale h2: 0.081 (0.0219)
Lambda GC: 1.0315
Mean Chi^2: 1.0278
Intercept: 0.9973 (0.0058)
Ratio < 0 (usually indicates GC correction).

Genetic Covariance
------------------
Total Observed scale gencov: 0.0752 (0.015)
Mean z1*z2: 0.2106
Intercept: 0.1816 (0.004)

Genetic Correlation
-------------------
Genetic Correlation: 0.6768 (0.1046)
Z-score: 6.4722
P: 9.6610e-11

Computing rg for phenotype 5/14
Reading summary statistics from ../results/ldsc/STAGE00DATA/munged/par22.sumstats.gz ...
Read summary statistics for 7033675 SNPs.
After merging with summary statistics, 1174774 SNPs remain.
1174774 SNPs with valid alleles.

Heritability of phenotype 5/14
------------------------------
Total Observed scale h2: 0.0279 (0.0224)
Lambda GC: 1.0285
Mean Chi^2: 1.0189
Intercept: 1.0082 (0.0056)
Ratio: 0.4373 (0.2968)

Genetic Covariance
------------------
Total Observed scale gencov: 0.078 (0.014)
Mean z1*z2: 0.2199
Intercept: 0.1899 (0.0037)

Genetic Correlation
-------------------
Genetic Correlation: 1.1959 (0.4076)
Z-score: 2.9343
P: 0.0033

Computing rg for phenotype 6/14
Reading summary statistics from ../results/ldsc/STAGE00DATA/munged/par23.sumstats.gz ...
Read summary statistics for 7033675 SNPs.
After merging with summary statistics, 1174774 SNPs remain.
1174774 SNPs with valid alleles.

Heritability of phenotype 6/14
------------------------------
Total Observed scale h2: 0.1333 (0.026)
Lambda GC: 1.0405
Mean Chi^2: 1.0371
Intercept: 0.9866 (0.0062)
Ratio < 0 (usually indicates GC correction).

Genetic Covariance
------------------
Total Observed scale gencov: 0.0947 (0.0137)
Mean z1*z2: 0.2303
Intercept: 0.1942 (0.0037)

Genetic Correlation
-------------------
Genetic Correlation: 0.665 (0.0656)
Z-score: 10.138
P: 3.7463e-24

Computing rg for phenotype 7/14
Reading summary statistics from ../results/ldsc/STAGE00DATA/munged/par24.sumstats.gz ...
Read summary statistics for 7033675 SNPs.
After merging with summary statistics, 1174774 SNPs remain.
1174774 SNPs with valid alleles.

Heritability of phenotype 7/14
------------------------------
Total Observed scale h2: 0.1346 (0.0276)
Lambda GC: 1.0618
Mean Chi^2: 1.0577
Intercept: 1.0065 (0.0061)
Ratio: 0.1126 (0.1051)

Genetic Covariance
------------------
Total Observed scale gencov: 0.0946 (0.0141)
Mean z1*z2: 0.2294
Intercept: 0.1928 (0.0038)

Genetic Correlation
-------------------
Genetic Correlation: 0.6606 (0.0716)
Z-score: 9.22
P: 2.9718e-20

Computing rg for phenotype 8/14
Reading summary statistics from ../results/ldsc/STAGE00DATA/munged/par25.sumstats.gz ...
Read summary statistics for 7033675 SNPs.
After merging with summary statistics, 1174774 SNPs remain.
1174774 SNPs with valid alleles.

Heritability of phenotype 8/14
------------------------------
Total Observed scale h2: 0.0714 (0.0214)
Lambda GC: 1.0405
Mean Chi^2: 1.0251
Intercept: 0.9982 (0.006)
Ratio < 0 (usually indicates GC correction).

Genetic Covariance
------------------
Total Observed scale gencov: 0.0802 (0.0133)
Mean z1*z2: 0.2159
Intercept: 0.1849 (0.0036)

Genetic Correlation
-------------------
Genetic Correlation: 0.7693 (0.1128)
Z-score: 6.8173
P: 9.2794e-12

Computing rg for phenotype 9/14
Reading summary statistics from ../results/ldsc/STAGE00DATA/munged/par26.sumstats.gz ...
Read summary statistics for 7033675 SNPs.
After merging with summary statistics, 1174774 SNPs remain.
1174774 SNPs with valid alleles.

Heritability of phenotype 9/14
------------------------------
Total Observed scale h2: 0.1529 (0.0241)
Lambda GC: 1.0741
Mean Chi^2: 1.0672
Intercept: 1.0086 (0.006)
Ratio: 0.1279 (0.0899)

Genetic Covariance
------------------
Total Observed scale gencov: 0.1149 (0.0156)
Mean z1*z2: 0.2739
Intercept: 0.2297 (0.004)

Genetic Correlation
-------------------
Genetic Correlation: 0.7533 (0.0666)
Z-score: 11.3152
P: 1.1034e-29

Computing rg for phenotype 10/14
Reading summary statistics from ../results/ldsc/STAGE00DATA/munged/par27.sumstats.gz ...
Read summary statistics for 7033675 SNPs.
After merging with summary statistics, 1174774 SNPs remain.
1174774 SNPs with valid alleles.

Heritability of phenotype 10/14
-------------------------------
Total Observed scale h2: 0.2034 (0.0262)
Lambda GC: 1.0926
Mean Chi^2: 1.0779
Intercept: 1.0008 (0.0067)
Ratio: 0.01 (0.0854)

Genetic Covariance
------------------
Total Observed scale gencov: 0.1397 (0.0146)
Mean z1*z2: 0.2475
Intercept: 0.1942 (0.0036)

Genetic Correlation
-------------------
Genetic Correlation: 0.7943 (0.0669)
Z-score: 11.8755
P: 1.5860e-32

Computing rg for phenotype 11/14
Reading summary statistics from ../results/ldsc/STAGE00DATA/munged/par28.sumstats.gz ...
Read summary statistics for 7033675 SNPs.
After merging with summary statistics, 1174774 SNPs remain.
1174774 SNPs with valid alleles.

Heritability of phenotype 11/14
-------------------------------
Total Observed scale h2: 0.0458 (0.0236)
Lambda GC: 1.0255
Mean Chi^2: 1.021
Intercept: 1.0036 (0.0059)
Ratio: 0.1707 (0.2804)

Genetic Covariance
------------------
Total Observed scale gencov: 0.0668 (0.0134)
Mean z1*z2: 0.2103
Intercept: 0.1846 (0.0037)

Genetic Correlation
-------------------
Genetic Correlation: 0.8001 (0.1742)
Z-score: 4.5922
P: 4.3855e-06

Computing rg for phenotype 12/14
Reading summary statistics from ../results/ldsc/STAGE00DATA/munged/par29.sumstats.gz ...
Read summary statistics for 7033675 SNPs.
After merging with summary statistics, 1174774 SNPs remain.
1174774 SNPs with valid alleles.

Heritability of phenotype 12/14
-------------------------------
Total Observed scale h2: 0.0846 (0.0207)
Lambda GC: 1.0345
Mean Chi^2: 1.0302
Intercept: 0.998 (0.0054)
Ratio < 0 (usually indicates GC correction).

Genetic Covariance
------------------
Total Observed scale gencov: 0.065 (0.0127)
Mean z1*z2: 0.2105
Intercept: 0.1855 (0.0035)

Genetic Correlation
-------------------
Genetic Correlation: 0.5728 (0.0812)
Z-score: 7.0542
P: 1.7356e-12

Computing rg for phenotype 13/14
Reading summary statistics from ../results/ldsc/STAGE00DATA/munged/par30.sumstats.gz ...
Read summary statistics for 7033675 SNPs.
After merging with summary statistics, 1174774 SNPs remain.
1174774 SNPs with valid alleles.

Heritability of phenotype 13/14
-------------------------------
Total Observed scale h2: 0.0468 (0.0239)
Lambda GC: 1.0315
Mean Chi^2: 1.026
Intercept: 1.0081 (0.0063)
Ratio: 0.3128 (0.2445)

Genetic Covariance
------------------
Total Observed scale gencov: 0.0692 (0.0135)
Mean z1*z2: 0.2115
Intercept: 0.1846 (0.0037)

Genetic Correlation
-------------------
Genetic Correlation: 0.8203 (0.1752)
Z-score: 4.6821
P: 2.8390e-06

Computing rg for phenotype 14/14
Reading summary statistics from ../results/ldsc/STAGE00DATA/munged/par31.sumstats.gz ...
Read summary statistics for 7033675 SNPs.
After merging with summary statistics, 1174774 SNPs remain.
1174774 SNPs with valid alleles.

Heritability of phenotype 14/14
-------------------------------
Total Observed scale h2: 0.0802 (0.0227)
Lambda GC: 1.0375
Mean Chi^2: 1.028
Intercept: 0.9971 (0.0057)
Ratio < 0 (usually indicates GC correction).

Genetic Covariance
------------------
Total Observed scale gencov: 0.0551 (0.0123)
Mean z1*z2: 0.2136
Intercept: 0.1923 (0.0038)

Genetic Correlation
-------------------
Genetic Correlation: 0.4983 (0.0835)
Z-score: 5.9656
P: 2.4367e-09


Summary of Genetic Correlation Results
                                                   p1                                                    p2      rg      se        z           p  h2_obs  h2_obs_se  h2_int  h2_int_se  gcov_int  gcov_int_se
 ../results/ldsc/STAGE00DATA/munged/par18.sumstats.gz  ../results/ldsc/STAGE00DATA/munged/par19.sumstats.gz  0.6356  0.0681   9.3349  1.0107e-20  0.1443     0.0273  1.0035     0.0064    0.2364       0.0040
 ../results/ldsc/STAGE00DATA/munged/par18.sumstats.gz  ../results/ldsc/STAGE00DATA/munged/par20.sumstats.gz  0.9211  0.3757   2.4514  1.4232e-02  0.0258     0.0245  1.0085     0.0064    0.1964       0.0037
 ../results/ldsc/STAGE00DATA/munged/par18.sumstats.gz  ../results/ldsc/STAGE00DATA/munged/par21.sumstats.gz  0.6768  0.1046   6.4722  9.6610e-11  0.0810     0.0219  0.9973     0.0058    0.1816       0.0040
 ../results/ldsc/STAGE00DATA/munged/par18.sumstats.gz  ../results/ldsc/STAGE00DATA/munged/par22.sumstats.gz  1.1959  0.4076   2.9343  3.3428e-03  0.0279     0.0224  1.0082     0.0056    0.1899       0.0037
 ../results/ldsc/STAGE00DATA/munged/par18.sumstats.gz  ../results/ldsc/STAGE00DATA/munged/par23.sumstats.gz  0.6650  0.0656  10.1380  3.7463e-24  0.1333     0.0260  0.9866     0.0062    0.1942       0.0037
 ../results/ldsc/STAGE00DATA/munged/par18.sumstats.gz  ../results/ldsc/STAGE00DATA/munged/par24.sumstats.gz  0.6606  0.0716   9.2200  2.9718e-20  0.1346     0.0276  1.0065     0.0061    0.1928       0.0038
 ../results/ldsc/STAGE00DATA/munged/par18.sumstats.gz  ../results/ldsc/STAGE00DATA/munged/par25.sumstats.gz  0.7693  0.1128   6.8173  9.2794e-12  0.0714     0.0214  0.9982     0.0060    0.1849       0.0036
 ../results/ldsc/STAGE00DATA/munged/par18.sumstats.gz  ../results/ldsc/STAGE00DATA/munged/par26.sumstats.gz  0.7533  0.0666  11.3152  1.1034e-29  0.1529     0.0241  1.0086     0.0060    0.2297       0.0040
 ../results/ldsc/STAGE00DATA/munged/par18.sumstats.gz  ../results/ldsc/STAGE00DATA/munged/par27.sumstats.gz  0.7943  0.0669  11.8755  1.5860e-32  0.2034     0.0262  1.0008     0.0067    0.1942       0.0036
 ../results/ldsc/STAGE00DATA/munged/par18.sumstats.gz  ../results/ldsc/STAGE00DATA/munged/par28.sumstats.gz  0.8001  0.1742   4.5922  4.3855e-06  0.0458     0.0236  1.0036     0.0059    0.1846       0.0037
 ../results/ldsc/STAGE00DATA/munged/par18.sumstats.gz  ../results/ldsc/STAGE00DATA/munged/par29.sumstats.gz  0.5728  0.0812   7.0542  1.7356e-12  0.0846     0.0207  0.9980     0.0054    0.1855       0.0035
 ../results/ldsc/STAGE00DATA/munged/par18.sumstats.gz  ../results/ldsc/STAGE00DATA/munged/par30.sumstats.gz  0.8203  0.1752   4.6821  2.8390e-06  0.0468     0.0239  1.0081     0.0063    0.1846       0.0037
 ../results/ldsc/STAGE00DATA/munged/par18.sumstats.gz  ../results/ldsc/STAGE00DATA/munged/par31.sumstats.gz  0.4983  0.0835   5.9656  2.4367e-09  0.0802     0.0227  0.9971     0.0057    0.1923       0.0038

Analysis finished at Mon Feb 28 03:22:27 2022
Total time elapsed: 5.0m:14.03s
