*********************************************************************
* LD Score Regression (LDSC)
* Version 1.0.1
* (C) 2014-2019 Brendan Bulik-Sullivan and Hilary Finucane
* Broad Institute of MIT and Harvard / MIT Department of Mathematics
* GNU General Public License v3
*********************************************************************
Call: 
./ldsc.py \
--ref-ld-chr ../SAMPLE_DATA/eur_w_ld_chr/ \
--out ../results/ldsc/STAGE00DATA/mean_imputed/not_subsampled/rg/par01 \
--rg ../results/ldsc/STAGE00DATA/mean_imputed/not_subsampled/munged/par01.sumstats.gz,../results/ldsc/STAGE00DATA/mean_imputed/not_subsampled/munged/par02.sumstats.gz,../results/ldsc/STAGE00DATA/mean_imputed/not_subsampled/munged/par03.sumstats.gz,../results/ldsc/STAGE00DATA/mean_imputed/not_subsampled/munged/par04.sumstats.gz,../results/ldsc/STAGE00DATA/mean_imputed/not_subsampled/munged/par05.sumstats.gz,../results/ldsc/STAGE00DATA/mean_imputed/not_subsampled/munged/par06.sumstats.gz,../results/ldsc/STAGE00DATA/mean_imputed/not_subsampled/munged/par07.sumstats.gz,../results/ldsc/STAGE00DATA/mean_imputed/not_subsampled/munged/par08.sumstats.gz,../results/ldsc/STAGE00DATA/mean_imputed/not_subsampled/munged/par09.sumstats.gz,../results/ldsc/STAGE00DATA/mean_imputed/not_subsampled/munged/par10.sumstats.gz,../results/ldsc/STAGE00DATA/mean_imputed/not_subsampled/munged/par11.sumstats.gz,../results/ldsc/STAGE00DATA/mean_imputed/not_subsampled/munged/par12.sumstats.gz,../results/ldsc/STAGE00DATA/mean_imputed/not_subsampled/munged/par13.sumstats.gz,../results/ldsc/STAGE00DATA/mean_imputed/not_subsampled/munged/par14.sumstats.gz,../results/ldsc/STAGE00DATA/mean_imputed/not_subsampled/munged/par15.sumstats.gz,../results/ldsc/STAGE00DATA/mean_imputed/not_subsampled/munged/par16.sumstats.gz,../results/ldsc/STAGE00DATA/mean_imputed/not_subsampled/munged/par17.sumstats.gz,../results/ldsc/STAGE00DATA/mean_imputed/not_subsampled/munged/par18.sumstats.gz,../results/ldsc/STAGE00DATA/mean_imputed/not_subsampled/munged/par19.sumstats.gz,../results/ldsc/STAGE00DATA/mean_imputed/not_subsampled/munged/par20.sumstats.gz,../results/ldsc/STAGE00DATA/mean_imputed/not_subsampled/munged/par21.sumstats.gz,../results/ldsc/STAGE00DATA/mean_imputed/not_subsampled/munged/par22.sumstats.gz,../results/ldsc/STAGE00DATA/mean_imputed/not_subsampled/munged/par23.sumstats.gz,../results/ldsc/STAGE00DATA/mean_imputed/not_subsampled/munged/par24.sumstats.gz,../results/ldsc/STAGE00DATA/mean_imputed/not_subsampled/munged/par25.sumstats.gz,../results/ldsc/STAGE00DATA/mean_imputed/not_subsampled/munged/par26.sumstats.gz,../results/ldsc/STAGE00DATA/mean_imputed/not_subsampled/munged/par27.sumstats.gz,../results/ldsc/STAGE00DATA/mean_imputed/not_subsampled/munged/par28.sumstats.gz,../results/ldsc/STAGE00DATA/mean_imputed/not_subsampled/munged/par29.sumstats.gz,../results/ldsc/STAGE00DATA/mean_imputed/not_subsampled/munged/par30.sumstats.gz,../results/ldsc/STAGE00DATA/mean_imputed/not_subsampled/munged/par31.sumstats.gz \
--w-ld-chr ../SAMPLE_DATA/eur_w_ld_chr/ 

Beginning analysis at Tue Mar 22 12:36:05 2022
Reading summary statistics from ../results/ldsc/STAGE00DATA/mean_imputed/not_subsampled/munged/par01.sumstats.gz ...
Read summary statistics for 1180716 SNPs.
Reading reference panel LD Score from ../SAMPLE_DATA/eur_w_ld_chr/[1-22] ... (ldscore_fromlist)
Read reference panel LD Scores for 1290028 SNPs.
Removing partitioned LD Scores with zero variance.
Reading regression weight LD Score from ../SAMPLE_DATA/eur_w_ld_chr/[1-22] ... (ldscore_fromlist)
Read regression weight LD Scores for 1290028 SNPs.
After merging with reference panel LD, 1174407 SNPs remain.
After merging with regression SNP LD, 1174407 SNPs remain.
Computing rg for phenotype 2/31
Reading summary statistics from ../results/ldsc/STAGE00DATA/mean_imputed/not_subsampled/munged/par02.sumstats.gz ...
Read summary statistics for 1217311 SNPs.
After merging with summary statistics, 1174407 SNPs remain.
1174407 SNPs with valid alleles.

Heritability of phenotype 1
---------------------------
Total Observed scale h2: 0.3148 (0.0317)
Lambda GC: 1.1333
Mean Chi^2: 1.1136
Intercept: 0.9922 (0.0064)
Ratio < 0 (usually indicates GC correction).

Heritability of phenotype 2/31
------------------------------
Total Observed scale h2: 0.2901 (0.0326)
Lambda GC: 1.1207
Mean Chi^2: 1.107
Intercept: 0.9954 (0.0069)
Ratio < 0 (usually indicates GC correction).

Genetic Covariance
------------------
Total Observed scale gencov: 0.2496 (0.0288)
Mean z1*z2: 0.5725
Intercept: 0.4744 (0.0058)

Genetic Correlation
-------------------
Genetic Correlation: 0.826 (0.0358)
Z-score: 23.0989
P: 4.7471e-118

Computing rg for phenotype 3/31
Reading summary statistics from ../results/ldsc/STAGE00DATA/mean_imputed/not_subsampled/munged/par03.sumstats.gz ...
Read summary statistics for 1217311 SNPs.
After merging with summary statistics, 1174407 SNPs remain.
1174407 SNPs with valid alleles.

Heritability of phenotype 3/31
------------------------------
Total Observed scale h2: 0.1666 (0.0242)
Lambda GC: 1.071
Mean Chi^2: 1.0521
Intercept: 0.989 (0.0059)
Ratio < 0 (usually indicates GC correction).

Genetic Covariance
------------------
Total Observed scale gencov: 0.2046 (0.0231)
Mean z1*z2: 0.4168
Intercept: 0.3371 (0.0052)

Genetic Correlation
-------------------
Genetic Correlation: 0.8936 (0.0521)
Z-score: 17.1543
P: 5.8370e-66

Computing rg for phenotype 4/31
Reading summary statistics from ../results/ldsc/STAGE00DATA/mean_imputed/not_subsampled/munged/par04.sumstats.gz ...
Read summary statistics for 1217311 SNPs.
After merging with summary statistics, 1174407 SNPs remain.
1174407 SNPs with valid alleles.

Heritability of phenotype 4/31
------------------------------
Total Observed scale h2: 0.1951 (0.0262)
Lambda GC: 1.0926
Mean Chi^2: 1.0658
Intercept: 0.9913 (0.0061)
Ratio < 0 (usually indicates GC correction).

Genetic Covariance
------------------
Total Observed scale gencov: 0.1874 (0.0231)
Mean z1*z2: 0.3612
Intercept: 0.2878 (0.0048)

Genetic Correlation
-------------------
Genetic Correlation: 0.7562 (0.0505)
Z-score: 14.987
P: 8.9351e-51

Computing rg for phenotype 5/31
Reading summary statistics from ../results/ldsc/STAGE00DATA/mean_imputed/not_subsampled/munged/par05.sumstats.gz ...
Read summary statistics for 1217311 SNPs.
After merging with summary statistics, 1174407 SNPs remain.
1174407 SNPs with valid alleles.

Heritability of phenotype 5/31
------------------------------
Total Observed scale h2: 0.2173 (0.0318)
Lambda GC: 1.0957
Mean Chi^2: 1.0807
Intercept: 0.998 (0.0065)
Ratio < 0 (usually indicates GC correction).

Genetic Covariance
------------------
Total Observed scale gencov: 0.209 (0.026)
Mean z1*z2: 0.4032
Intercept: 0.3219 (0.0055)

Genetic Correlation
-------------------
Genetic Correlation: 0.7988 (0.0482)
Z-score: 16.5615
P: 1.3218e-61

Computing rg for phenotype 6/31
Reading summary statistics from ../results/ldsc/STAGE00DATA/mean_imputed/not_subsampled/munged/par06.sumstats.gz ...
Read summary statistics for 1217311 SNPs.
After merging with summary statistics, 1174407 SNPs remain.
1174407 SNPs with valid alleles.

Heritability of phenotype 6/31
------------------------------
Total Observed scale h2: 0.1026 (0.0229)
Lambda GC: 1.0496
Mean Chi^2: 1.0322
Intercept: 0.9931 (0.0057)
Ratio < 0 (usually indicates GC correction).

Genetic Covariance
------------------
Total Observed scale gencov: 0.159 (0.0206)
Mean z1*z2: 0.327
Intercept: 0.2652 (0.0048)

Genetic Correlation
-------------------
Genetic Correlation: 0.8845 (0.0851)
Z-score: 10.395
P: 2.6130e-25

Computing rg for phenotype 7/31
Reading summary statistics from ../results/ldsc/STAGE00DATA/mean_imputed/not_subsampled/munged/par07.sumstats.gz ...
Read summary statistics for 1217311 SNPs.
After merging with summary statistics, 1174407 SNPs remain.
1174407 SNPs with valid alleles.

Heritability of phenotype 7/31
------------------------------
Total Observed scale h2: 0.1397 (0.0248)
Lambda GC: 1.0496
Mean Chi^2: 1.0478
Intercept: 0.9943 (0.0063)
Ratio < 0 (usually indicates GC correction).

Genetic Covariance
------------------
Total Observed scale gencov: 0.1739 (0.0197)
Mean z1*z2: 0.267
Intercept: 0.1996 (0.0046)

Genetic Correlation
-------------------
Genetic Correlation: 0.8291 (0.0664)
Z-score: 12.4848
P: 9.0388e-36

Computing rg for phenotype 8/31
Reading summary statistics from ../results/ldsc/STAGE00DATA/mean_imputed/not_subsampled/munged/par08.sumstats.gz ...
Read summary statistics for 1217311 SNPs.
After merging with summary statistics, 1174407 SNPs remain.
1174407 SNPs with valid alleles.

Heritability of phenotype 8/31
------------------------------
Total Observed scale h2: 0.1825 (0.0248)
Lambda GC: 1.0802
Mean Chi^2: 1.0627
Intercept: 0.9941 (0.0059)
Ratio < 0 (usually indicates GC correction).

Genetic Covariance
------------------
Total Observed scale gencov: 0.1663 (0.0205)
Mean z1*z2: 0.2713
Intercept: 0.2065 (0.0041)

Genetic Correlation
-------------------
Genetic Correlation: 0.6936 (0.0586)
Z-score: 11.8435
P: 2.3260e-32

Computing rg for phenotype 9/31
Reading summary statistics from ../results/ldsc/STAGE00DATA/mean_imputed/not_subsampled/munged/par09.sumstats.gz ...
Read summary statistics for 1217311 SNPs.
After merging with summary statistics, 1174407 SNPs remain.
1174407 SNPs with valid alleles.

Heritability of phenotype 9/31
------------------------------
Total Observed scale h2: 0.0813 (0.0242)
Lambda GC: 1.0436
Mean Chi^2: 1.0305
Intercept: 0.9995 (0.0062)
Ratio < 0 (usually indicates GC correction).

Genetic Covariance
------------------
Total Observed scale gencov: 0.1221 (0.0207)
Mean z1*z2: 0.237
Intercept: 0.189 (0.0048)

Genetic Correlation
-------------------
Genetic Correlation: 0.7634 (0.1093)
Z-score: 6.9838
P: 2.8735e-12

Computing rg for phenotype 10/31
Reading summary statistics from ../results/ldsc/STAGE00DATA/mean_imputed/not_subsampled/munged/par10.sumstats.gz ...
Read summary statistics for 1217311 SNPs.
After merging with summary statistics, 1174407 SNPs remain.
1174407 SNPs with valid alleles.

Heritability of phenotype 10/31
-------------------------------
Total Observed scale h2: 0.1719 (0.0295)
Lambda GC: 1.071
Mean Chi^2: 1.0608
Intercept: 0.9954 (0.0065)
Ratio < 0 (usually indicates GC correction).

Genetic Covariance
------------------
Total Observed scale gencov: 0.1763 (0.0235)
Mean z1*z2: 0.3188
Intercept: 0.2496 (0.0052)

Genetic Correlation
-------------------
Genetic Correlation: 0.7577 (0.0528)
Z-score: 14.3626
P: 8.8799e-47

Computing rg for phenotype 11/31
Reading summary statistics from ../results/ldsc/STAGE00DATA/mean_imputed/not_subsampled/munged/par11.sumstats.gz ...
Read summary statistics for 1217311 SNPs.
After merging with summary statistics, 1174407 SNPs remain.
1174407 SNPs with valid alleles.

Heritability of phenotype 11/31
-------------------------------
Total Observed scale h2: 0.1463 (0.0264)
Lambda GC: 1.0772
Mean Chi^2: 1.0599
Intercept: 1.0044 (0.006)
Ratio: 0.073 (0.1009)

Genetic Covariance
------------------
Total Observed scale gencov: 0.1773 (0.0224)
Mean z1*z2: 0.2643
Intercept: 0.1952 (0.0047)

Genetic Correlation
-------------------
Genetic Correlation: 0.8264 (0.0645)
Z-score: 12.8076
P: 1.4858e-37

Computing rg for phenotype 12/31
Reading summary statistics from ../results/ldsc/STAGE00DATA/mean_imputed/not_subsampled/munged/par12.sumstats.gz ...
Read summary statistics for 1217311 SNPs.
After merging with summary statistics, 1174407 SNPs remain.
1174407 SNPs with valid alleles.

Heritability of phenotype 12/31
-------------------------------
Total Observed scale h2: 0.117 (0.0254)
Lambda GC: 1.0436
Mean Chi^2: 1.0379
Intercept: 0.9928 (0.0062)
Ratio < 0 (usually indicates GC correction).

Genetic Covariance
------------------
Total Observed scale gencov: 0.1583 (0.0195)
Mean z1*z2: 0.2456
Intercept: 0.1839 (0.0045)

Genetic Correlation
-------------------
Genetic Correlation: 0.8245 (0.085)
Z-score: 9.705
P: 2.8716e-22

Computing rg for phenotype 13/31
Reading summary statistics from ../results/ldsc/STAGE00DATA/mean_imputed/not_subsampled/munged/par13.sumstats.gz ...
Read summary statistics for 1217311 SNPs.
After merging with summary statistics, 1174407 SNPs remain.
1174407 SNPs with valid alleles.

Heritability of phenotype 13/31
-------------------------------
Total Observed scale h2: 0.0356 (0.0229)
Lambda GC: 1.0225
Mean Chi^2: 1.0136
Intercept: 1.0002 (0.0056)
Ratio: 0.0112 (0.4124)

Genetic Covariance
------------------
Total Observed scale gencov: 0.119 (0.0177)
Mean z1*z2: 0.2238
Intercept: 0.1775 (0.0041)

Genetic Correlation
-------------------
Genetic Correlation: 1.1244 (0.3243)
Z-score: 3.4675
P: 0.0005

Computing rg for phenotype 14/31
Reading summary statistics from ../results/ldsc/STAGE00DATA/mean_imputed/not_subsampled/munged/par14.sumstats.gz ...
Read summary statistics for 1217311 SNPs.
After merging with summary statistics, 1174407 SNPs remain.
1174407 SNPs with valid alleles.

Heritability of phenotype 14/31
-------------------------------
Total Observed scale h2: 0.1238 (0.0242)
Lambda GC: 1.0527
Mean Chi^2: 1.0415
Intercept: 0.9943 (0.0065)
Ratio < 0 (usually indicates GC correction).

Genetic Covariance
------------------
Total Observed scale gencov: 0.1549 (0.0182)
Mean z1*z2: 0.2292
Intercept: 0.1689 (0.0041)

Genetic Correlation
-------------------
Genetic Correlation: 0.7849 (0.0758)
Z-score: 10.3544
P: 3.9971e-25

Computing rg for phenotype 15/31
Reading summary statistics from ../results/ldsc/STAGE00DATA/mean_imputed/not_subsampled/munged/par15.sumstats.gz ...
Read summary statistics for 1217311 SNPs.
After merging with summary statistics, 1174407 SNPs remain.
1174407 SNPs with valid alleles.

Heritability of phenotype 15/31
-------------------------------
Total Observed scale h2: 0.0572 (0.0217)
Lambda GC: 1.0225
Mean Chi^2: 1.0237
Intercept: 1.0021 (0.0061)
Ratio: 0.0893 (0.2559)

Genetic Covariance
------------------
Total Observed scale gencov: 0.125 (0.0165)
Mean z1*z2: 0.1684
Intercept: 0.1202 (0.0041)

Genetic Correlation
-------------------
Genetic Correlation: 0.9316 (0.1649)
Z-score: 5.6493
P: 1.6112e-08

Computing rg for phenotype 16/31
Reading summary statistics from ../results/ldsc/STAGE00DATA/mean_imputed/not_subsampled/munged/par16.sumstats.gz ...
Read summary statistics for 1217311 SNPs.
After merging with summary statistics, 1174407 SNPs remain.
1174407 SNPs with valid alleles.

Heritability of phenotype 16/31
-------------------------------
Total Observed scale h2: 0.1501 (0.0233)
Lambda GC: 1.0679
Mean Chi^2: 1.0505
Intercept: 0.9942 (0.0063)
Ratio < 0 (usually indicates GC correction).

Genetic Covariance
------------------
Total Observed scale gencov: 0.1491 (0.0191)
Mean z1*z2: 0.2482
Intercept: 0.1904 (0.0041)

Genetic Correlation
-------------------
Genetic Correlation: 0.6858 (0.0618)
Z-score: 11.1048
P: 1.1887e-28

Computing rg for phenotype 17/31
Reading summary statistics from ../results/ldsc/STAGE00DATA/mean_imputed/not_subsampled/munged/par17.sumstats.gz ...
Read summary statistics for 1217311 SNPs.
After merging with summary statistics, 1174407 SNPs remain.
1174407 SNPs with valid alleles.

Heritability of phenotype 17/31
-------------------------------
Total Observed scale h2: 0.187 (0.0284)
Lambda GC: 1.0957
Mean Chi^2: 1.0788
Intercept: 1.0076 (0.0067)
Ratio: 0.0958 (0.0854)

Genetic Covariance
------------------
Total Observed scale gencov: 0.1623 (0.0205)
Mean z1*z2: 0.1629
Intercept: 0.0994 (0.0046)

Genetic Correlation
-------------------
Genetic Correlation: 0.6687 (0.0635)
Z-score: 10.5368
P: 5.8438e-26

Computing rg for phenotype 18/31
Reading summary statistics from ../results/ldsc/STAGE00DATA/mean_imputed/not_subsampled/munged/par18.sumstats.gz ...
Read summary statistics for 1217311 SNPs.
After merging with summary statistics, 1174407 SNPs remain.
1174407 SNPs with valid alleles.

Heritability of phenotype 18/31
-------------------------------
Total Observed scale h2: 0.0783 (0.0215)
Lambda GC: 1.0436
Mean Chi^2: 1.0289
Intercept: 0.9992 (0.0059)
Ratio < 0 (usually indicates GC correction).

Genetic Covariance
------------------
Total Observed scale gencov: 0.1225 (0.0191)
Mean z1*z2: 0.2059
Intercept: 0.1578 (0.0046)

Genetic Correlation
-------------------
Genetic Correlation: 0.7801 (0.106)
Z-score: 7.3577
P: 1.8715e-13

Computing rg for phenotype 19/31
Reading summary statistics from ../results/ldsc/STAGE00DATA/mean_imputed/not_subsampled/munged/par19.sumstats.gz ...
Read summary statistics for 1217311 SNPs.
After merging with summary statistics, 1174407 SNPs remain.
1174407 SNPs with valid alleles.

Heritability of phenotype 19/31
-------------------------------
Total Observed scale h2: 0.0459 (0.0243)
Lambda GC: 1.0195
Mean Chi^2: 1.0204
Intercept: 1.003 (0.006)
Ratio: 0.1473 (0.2935)

Genetic Covariance
------------------
Total Observed scale gencov: 0.1023 (0.0185)
Mean z1*z2: 0.1626
Intercept: 0.1225 (0.0044)

Genetic Correlation
-------------------
Genetic Correlation: 0.8504 (0.2052)
Z-score: 4.1448
P: 3.4010e-05

Computing rg for phenotype 20/31
Reading summary statistics from ../results/ldsc/STAGE00DATA/mean_imputed/not_subsampled/munged/par20.sumstats.gz ...
Read summary statistics for 1217311 SNPs.
After merging with summary statistics, 1174407 SNPs remain.
1174407 SNPs with valid alleles.

Heritability of phenotype 20/31
-------------------------------
Total Observed scale h2: 0.1787 (0.028)
Lambda GC: 1.0741
Mean Chi^2: 1.0689
Intercept: 1.0006 (0.0062)
Ratio: 0.0086 (0.0907)

Genetic Covariance
------------------
Total Observed scale gencov: 0.1744 (0.0214)
Mean z1*z2: 0.2263
Intercept: 0.1574 (0.0047)

Genetic Correlation
-------------------
Genetic Correlation: 0.7353 (0.0514)
Z-score: 14.3171
P: 1.7121e-46

Computing rg for phenotype 21/31
Reading summary statistics from ../results/ldsc/STAGE00DATA/mean_imputed/not_subsampled/munged/par21.sumstats.gz ...
Read summary statistics for 1217311 SNPs.
After merging with summary statistics, 1174407 SNPs remain.
1174407 SNPs with valid alleles.

Heritability of phenotype 21/31
-------------------------------
Total Observed scale h2: 0.0828 (0.0246)
Lambda GC: 1.0345
Mean Chi^2: 1.0258
Intercept: 0.9944 (0.0061)
Ratio < 0 (usually indicates GC correction).

Genetic Covariance
------------------
Total Observed scale gencov: 0.1313 (0.0193)
Mean z1*z2: 0.231
Intercept: 0.1802 (0.0044)

Genetic Correlation
-------------------
Genetic Correlation: 0.8128 (0.0955)
Z-score: 8.5082
P: 1.7667e-17

Computing rg for phenotype 22/31
Reading summary statistics from ../results/ldsc/STAGE00DATA/mean_imputed/not_subsampled/munged/par22.sumstats.gz ...
Read summary statistics for 1217311 SNPs.
After merging with summary statistics, 1174407 SNPs remain.
1174407 SNPs with valid alleles.

Heritability of phenotype 22/31
-------------------------------
Total Observed scale h2: 0.1845 (0.0249)
Lambda GC: 1.0988
Mean Chi^2: 1.0809
Intercept: 1.011 (0.0062)
Ratio: 0.1358 (0.076)

Genetic Covariance
------------------
Total Observed scale gencov: 0.1837 (0.0201)
Mean z1*z2: 0.1815
Intercept: 0.1092 (0.0043)

Genetic Correlation
-------------------
Genetic Correlation: 0.762 (0.0534)
Z-score: 14.2579
P: 4.0057e-46

Computing rg for phenotype 23/31
Reading summary statistics from ../results/ldsc/STAGE00DATA/mean_imputed/not_subsampled/munged/par23.sumstats.gz ...
Read summary statistics for 1217311 SNPs.
After merging with summary statistics, 1174407 SNPs remain.
1174407 SNPs with valid alleles.

Heritability of phenotype 23/31
-------------------------------
Total Observed scale h2: 0.0484 (0.025)
Lambda GC: 1.0255
Mean Chi^2: 1.0208
Intercept: 1.0023 (0.0062)
Ratio: 0.1105 (0.3001)

Genetic Covariance
------------------
Total Observed scale gencov: 0.1212 (0.0193)
Mean z1*z2: 0.1994
Intercept: 0.1527 (0.0045)

Genetic Correlation
-------------------
Genetic Correlation: 0.9821 (0.2089)
Z-score: 4.701
P: 2.5890e-06

Computing rg for phenotype 24/31
Reading summary statistics from ../results/ldsc/STAGE00DATA/mean_imputed/not_subsampled/munged/par24.sumstats.gz ...
Read summary statistics for 1217311 SNPs.
After merging with summary statistics, 1174407 SNPs remain.
1174407 SNPs with valid alleles.

Heritability of phenotype 24/31
-------------------------------
Total Observed scale h2: 0.1396 (0.0273)
Lambda GC: 1.0557
Mean Chi^2: 1.0477
Intercept: 0.993 (0.0064)
Ratio < 0 (usually indicates GC correction).

Genetic Covariance
------------------
Total Observed scale gencov: 0.151 (0.0191)
Mean z1*z2: 0.1887
Intercept: 0.1292 (0.0044)

Genetic Correlation
-------------------
Genetic Correlation: 0.7202 (0.0725)
Z-score: 9.9354
P: 2.9191e-23

Computing rg for phenotype 25/31
Reading summary statistics from ../results/ldsc/STAGE00DATA/mean_imputed/not_subsampled/munged/par25.sumstats.gz ...
Read summary statistics for 1217311 SNPs.
After merging with summary statistics, 1174407 SNPs remain.
1174407 SNPs with valid alleles.

Heritability of phenotype 25/31
-------------------------------
Total Observed scale h2: 0.0502 (0.0231)
Lambda GC: 1.0195
Mean Chi^2: 1.0137
Intercept: 0.9947 (0.0061)
Ratio < 0 (usually indicates GC correction).

Genetic Covariance
------------------
Total Observed scale gencov: 0.1197 (0.0167)
Mean z1*z2: 0.2108
Intercept: 0.1645 (0.0042)

Genetic Correlation
-------------------
Genetic Correlation: 0.9519 (0.1967)
Z-score: 4.8387
P: 1.3070e-06

Computing rg for phenotype 26/31
Reading summary statistics from ../results/ldsc/STAGE00DATA/mean_imputed/not_subsampled/munged/par26.sumstats.gz ...
Read summary statistics for 1217311 SNPs.
After merging with summary statistics, 1174407 SNPs remain.
1174407 SNPs with valid alleles.

Heritability of phenotype 26/31
-------------------------------
Total Observed scale h2: 0.0097 (0.0202)
Lambda GC: 1.0046
Mean Chi^2: 1.004
Intercept: 1.0003 (0.0054)
Ratio: 0.0858 (1.3416)

Genetic Covariance
------------------
Total Observed scale gencov: 0.1155 (0.0157)
Mean z1*z2: 0.1913
Intercept: 0.1469 (0.004)

Genetic Correlation
-------------------
Genetic Correlation: nan (nan) (rg out of bounds) 
Z-score: nan (nan) (rg out of bounds)
P: nan (nan) (rg out of bounds)
WARNING: rg was out of bounds.
This often means that h2 is not significantly different from zero.

Computing rg for phenotype 27/31
Reading summary statistics from ../results/ldsc/STAGE00DATA/mean_imputed/not_subsampled/munged/par27.sumstats.gz ...
Read summary statistics for 1217311 SNPs.
After merging with summary statistics, 1174407 SNPs remain.
1174407 SNPs with valid alleles.

Heritability of phenotype 27/31
-------------------------------
Total Observed scale h2: 0.0141 (0.024)
Lambda GC: 1.0165
Mean Chi^2: 1.0116
Intercept: 1.0064 (0.0061)
Ratio: 0.5476 (0.5221)

Genetic Covariance
------------------
Total Observed scale gencov: 0.1019 (0.016)
Mean z1*z2: 0.1447
Intercept: 0.1052 (0.0038)

Genetic Correlation
-------------------
Genetic Correlation: nan (nan) (rg out of bounds) 
Z-score: nan (nan) (rg out of bounds)
P: nan (nan) (rg out of bounds)
WARNING: rg was out of bounds.
This often means that h2 is not significantly different from zero.

Computing rg for phenotype 28/31
Reading summary statistics from ../results/ldsc/STAGE00DATA/mean_imputed/not_subsampled/munged/par28.sumstats.gz ...
Read summary statistics for 1217311 SNPs.
After merging with summary statistics, 1174407 SNPs remain.
1174407 SNPs with valid alleles.

Heritability of phenotype 28/31
-------------------------------
Total Observed scale h2: 0.0992 (0.0248)
Lambda GC: 1.0405
Mean Chi^2: 1.0331
Intercept: 0.9946 (0.0064)
Ratio < 0 (usually indicates GC correction).

Genetic Covariance
------------------
Total Observed scale gencov: 0.1416 (0.0177)
Mean z1*z2: 0.1767
Intercept: 0.1215 (0.0042)

Genetic Correlation
-------------------
Genetic Correlation: 0.8008 (0.0921)
Z-score: 8.6912
P: 3.5859e-18

Computing rg for phenotype 29/31
Reading summary statistics from ../results/ldsc/STAGE00DATA/mean_imputed/not_subsampled/munged/par29.sumstats.gz ...
Read summary statistics for 1217311 SNPs.
After merging with summary statistics, 1174407 SNPs remain.
1174407 SNPs with valid alleles.

Heritability of phenotype 29/31
-------------------------------
Total Observed scale h2: 0.065 (0.0232)
Lambda GC: 1.0315
Mean Chi^2: 1.0267
Intercept: 1.002 (0.0065)
Ratio: 0.0763 (0.2432)

Genetic Covariance
------------------
Total Observed scale gencov: 0.1292 (0.0163)
Mean z1*z2: 0.1864
Intercept: 0.1363 (0.0039)

Genetic Correlation
-------------------
Genetic Correlation: 0.9033 (0.1563)
Z-score: 5.7776
P: 7.5796e-09

Computing rg for phenotype 30/31
Reading summary statistics from ../results/ldsc/STAGE00DATA/mean_imputed/not_subsampled/munged/par30.sumstats.gz ...
Read summary statistics for 1217311 SNPs.
After merging with summary statistics, 1174407 SNPs remain.
1174407 SNPs with valid alleles.

Heritability of phenotype 30/31
-------------------------------
Total Observed scale h2: 0.0181 (0.0224)
Lambda GC: 1.0046
Mean Chi^2: 1.0046
Intercept: 0.9977 (0.006)
Ratio < 0 (usually indicates GC correction).

Genetic Covariance
------------------
Total Observed scale gencov: 0.0979 (0.0152)
Mean z1*z2: 0.1407
Intercept: 0.1027 (0.0039)

Genetic Correlation
-------------------
Genetic Correlation: nan (nan) (rg out of bounds) 
Z-score: nan (nan) (rg out of bounds)
P: nan (nan) (rg out of bounds)
WARNING: rg was out of bounds.
This often means that h2 is not significantly different from zero.

Computing rg for phenotype 31/31
Reading summary statistics from ../results/ldsc/STAGE00DATA/mean_imputed/not_subsampled/munged/par31.sumstats.gz ...
Read summary statistics for 1217311 SNPs.
After merging with summary statistics, 1174407 SNPs remain.
1174407 SNPs with valid alleles.

Heritability of phenotype 31/31
-------------------------------
Total Observed scale h2: 0.0248 (0.0204)
Lambda GC: 1.0195
Mean Chi^2: 1.0223
Intercept: 1.013 (0.0061)
Ratio: 0.5825 (0.2723)

Genetic Covariance
------------------
Total Observed scale gencov: 0.1078 (0.0161)
Mean z1*z2: 0.1313
Intercept: 0.0897 (0.0041)

Genetic Correlation
-------------------
Genetic Correlation: nan (nan) (rg out of bounds) 
Z-score: nan (nan) (rg out of bounds)
P: nan (nan) (rg out of bounds)
WARNING: rg was out of bounds.
This often means that h2 is not significantly different from zero.


Summary of Genetic Correlation Results
                                                                               p1                                                                                p2      rg      se        z            p  h2_obs  h2_obs_se  h2_int  h2_int_se  gcov_int  gcov_int_se
 ../results/ldsc/STAGE00DATA/mean_imputed/not_subsampled/munged/par01.sumstats.gz  ../results/ldsc/STAGE00DATA/mean_imputed/not_subsampled/munged/par02.sumstats.gz  0.8260  0.0358  23.0989  4.7471e-118  0.2901     0.0326  0.9954     0.0069    0.4744       0.0058
 ../results/ldsc/STAGE00DATA/mean_imputed/not_subsampled/munged/par01.sumstats.gz  ../results/ldsc/STAGE00DATA/mean_imputed/not_subsampled/munged/par03.sumstats.gz  0.8936  0.0521  17.1543   5.8370e-66  0.1666     0.0242  0.9890     0.0059    0.3371       0.0052
 ../results/ldsc/STAGE00DATA/mean_imputed/not_subsampled/munged/par01.sumstats.gz  ../results/ldsc/STAGE00DATA/mean_imputed/not_subsampled/munged/par04.sumstats.gz  0.7562  0.0505  14.9870   8.9351e-51  0.1951     0.0262  0.9913     0.0061    0.2878       0.0048
 ../results/ldsc/STAGE00DATA/mean_imputed/not_subsampled/munged/par01.sumstats.gz  ../results/ldsc/STAGE00DATA/mean_imputed/not_subsampled/munged/par05.sumstats.gz  0.7988  0.0482  16.5615   1.3218e-61  0.2173     0.0318  0.9980     0.0065    0.3219       0.0055
 ../results/ldsc/STAGE00DATA/mean_imputed/not_subsampled/munged/par01.sumstats.gz  ../results/ldsc/STAGE00DATA/mean_imputed/not_subsampled/munged/par06.sumstats.gz  0.8845  0.0851  10.3950   2.6130e-25  0.1026     0.0229  0.9931     0.0057    0.2652       0.0048
 ../results/ldsc/STAGE00DATA/mean_imputed/not_subsampled/munged/par01.sumstats.gz  ../results/ldsc/STAGE00DATA/mean_imputed/not_subsampled/munged/par07.sumstats.gz  0.8291  0.0664  12.4848   9.0388e-36  0.1397     0.0248  0.9943     0.0063    0.1996       0.0046
 ../results/ldsc/STAGE00DATA/mean_imputed/not_subsampled/munged/par01.sumstats.gz  ../results/ldsc/STAGE00DATA/mean_imputed/not_subsampled/munged/par08.sumstats.gz  0.6936  0.0586  11.8435   2.3260e-32  0.1825     0.0248  0.9941     0.0059    0.2065       0.0041
 ../results/ldsc/STAGE00DATA/mean_imputed/not_subsampled/munged/par01.sumstats.gz  ../results/ldsc/STAGE00DATA/mean_imputed/not_subsampled/munged/par09.sumstats.gz  0.7634  0.1093   6.9838   2.8735e-12  0.0813     0.0242  0.9995     0.0062    0.1890       0.0048
 ../results/ldsc/STAGE00DATA/mean_imputed/not_subsampled/munged/par01.sumstats.gz  ../results/ldsc/STAGE00DATA/mean_imputed/not_subsampled/munged/par10.sumstats.gz  0.7577  0.0528  14.3626   8.8799e-47  0.1719     0.0295  0.9954     0.0065    0.2496       0.0052
 ../results/ldsc/STAGE00DATA/mean_imputed/not_subsampled/munged/par01.sumstats.gz  ../results/ldsc/STAGE00DATA/mean_imputed/not_subsampled/munged/par11.sumstats.gz  0.8264  0.0645  12.8076   1.4858e-37  0.1463     0.0264  1.0044     0.0060    0.1952       0.0047
 ../results/ldsc/STAGE00DATA/mean_imputed/not_subsampled/munged/par01.sumstats.gz  ../results/ldsc/STAGE00DATA/mean_imputed/not_subsampled/munged/par12.sumstats.gz  0.8245  0.0850   9.7050   2.8716e-22  0.1170     0.0254  0.9928     0.0062    0.1839       0.0045
 ../results/ldsc/STAGE00DATA/mean_imputed/not_subsampled/munged/par01.sumstats.gz  ../results/ldsc/STAGE00DATA/mean_imputed/not_subsampled/munged/par13.sumstats.gz  1.1244  0.3243   3.4675   5.2540e-04  0.0356     0.0229  1.0002     0.0056    0.1775       0.0041
 ../results/ldsc/STAGE00DATA/mean_imputed/not_subsampled/munged/par01.sumstats.gz  ../results/ldsc/STAGE00DATA/mean_imputed/not_subsampled/munged/par14.sumstats.gz  0.7849  0.0758  10.3544   3.9971e-25  0.1238     0.0242  0.9943     0.0065    0.1689       0.0041
 ../results/ldsc/STAGE00DATA/mean_imputed/not_subsampled/munged/par01.sumstats.gz  ../results/ldsc/STAGE00DATA/mean_imputed/not_subsampled/munged/par15.sumstats.gz  0.9316  0.1649   5.6493   1.6112e-08  0.0572     0.0217  1.0021     0.0061    0.1202       0.0041
 ../results/ldsc/STAGE00DATA/mean_imputed/not_subsampled/munged/par01.sumstats.gz  ../results/ldsc/STAGE00DATA/mean_imputed/not_subsampled/munged/par16.sumstats.gz  0.6858  0.0618  11.1048   1.1887e-28  0.1501     0.0233  0.9942     0.0063    0.1904       0.0041
 ../results/ldsc/STAGE00DATA/mean_imputed/not_subsampled/munged/par01.sumstats.gz  ../results/ldsc/STAGE00DATA/mean_imputed/not_subsampled/munged/par17.sumstats.gz  0.6687  0.0635  10.5368   5.8438e-26  0.1870     0.0284  1.0076     0.0067    0.0994       0.0046
 ../results/ldsc/STAGE00DATA/mean_imputed/not_subsampled/munged/par01.sumstats.gz  ../results/ldsc/STAGE00DATA/mean_imputed/not_subsampled/munged/par18.sumstats.gz  0.7801  0.1060   7.3577   1.8715e-13  0.0783     0.0215  0.9992     0.0059    0.1578       0.0046
 ../results/ldsc/STAGE00DATA/mean_imputed/not_subsampled/munged/par01.sumstats.gz  ../results/ldsc/STAGE00DATA/mean_imputed/not_subsampled/munged/par19.sumstats.gz  0.8504  0.2052   4.1448   3.4010e-05  0.0459     0.0243  1.0030     0.0060    0.1225       0.0044
 ../results/ldsc/STAGE00DATA/mean_imputed/not_subsampled/munged/par01.sumstats.gz  ../results/ldsc/STAGE00DATA/mean_imputed/not_subsampled/munged/par20.sumstats.gz  0.7353  0.0514  14.3171   1.7121e-46  0.1787     0.0280  1.0006     0.0062    0.1574       0.0047
 ../results/ldsc/STAGE00DATA/mean_imputed/not_subsampled/munged/par01.sumstats.gz  ../results/ldsc/STAGE00DATA/mean_imputed/not_subsampled/munged/par21.sumstats.gz  0.8128  0.0955   8.5082   1.7667e-17  0.0828     0.0246  0.9944     0.0061    0.1802       0.0044
 ../results/ldsc/STAGE00DATA/mean_imputed/not_subsampled/munged/par01.sumstats.gz  ../results/ldsc/STAGE00DATA/mean_imputed/not_subsampled/munged/par22.sumstats.gz  0.7620  0.0534  14.2579   4.0057e-46  0.1845     0.0249  1.0110     0.0062    0.1092       0.0043
 ../results/ldsc/STAGE00DATA/mean_imputed/not_subsampled/munged/par01.sumstats.gz  ../results/ldsc/STAGE00DATA/mean_imputed/not_subsampled/munged/par23.sumstats.gz  0.9821  0.2089   4.7010   2.5890e-06  0.0484     0.0250  1.0023     0.0062    0.1527       0.0045
 ../results/ldsc/STAGE00DATA/mean_imputed/not_subsampled/munged/par01.sumstats.gz  ../results/ldsc/STAGE00DATA/mean_imputed/not_subsampled/munged/par24.sumstats.gz  0.7202  0.0725   9.9354   2.9191e-23  0.1396     0.0273  0.9930     0.0064    0.1292       0.0044
 ../results/ldsc/STAGE00DATA/mean_imputed/not_subsampled/munged/par01.sumstats.gz  ../results/ldsc/STAGE00DATA/mean_imputed/not_subsampled/munged/par25.sumstats.gz  0.9519  0.1967   4.8387   1.3070e-06  0.0502     0.0231  0.9947     0.0061    0.1645       0.0042
 ../results/ldsc/STAGE00DATA/mean_imputed/not_subsampled/munged/par01.sumstats.gz  ../results/ldsc/STAGE00DATA/mean_imputed/not_subsampled/munged/par26.sumstats.gz  2.0859  2.3139   0.9015   3.6734e-01  0.0097     0.0202  1.0003     0.0054    0.1469       0.0040
 ../results/ldsc/STAGE00DATA/mean_imputed/not_subsampled/munged/par01.sumstats.gz  ../results/ldsc/STAGE00DATA/mean_imputed/not_subsampled/munged/par27.sumstats.gz  1.5292  1.2294   1.2438   2.1356e-01  0.0141     0.0240  1.0064     0.0061    0.1052       0.0038
 ../results/ldsc/STAGE00DATA/mean_imputed/not_subsampled/munged/par01.sumstats.gz  ../results/ldsc/STAGE00DATA/mean_imputed/not_subsampled/munged/par28.sumstats.gz  0.8008  0.0921   8.6912   3.5859e-18  0.0992     0.0248  0.9946     0.0064    0.1215       0.0042
 ../results/ldsc/STAGE00DATA/mean_imputed/not_subsampled/munged/par01.sumstats.gz  ../results/ldsc/STAGE00DATA/mean_imputed/not_subsampled/munged/par29.sumstats.gz  0.9033  0.1563   5.7776   7.5796e-09  0.0650     0.0232  1.0020     0.0065    0.1363       0.0039
 ../results/ldsc/STAGE00DATA/mean_imputed/not_subsampled/munged/par01.sumstats.gz  ../results/ldsc/STAGE00DATA/mean_imputed/not_subsampled/munged/par30.sumstats.gz  1.2989  0.7621   1.7044   8.8305e-02  0.0181     0.0224  0.9977     0.0060    0.1027       0.0039
 ../results/ldsc/STAGE00DATA/mean_imputed/not_subsampled/munged/par01.sumstats.gz  ../results/ldsc/STAGE00DATA/mean_imputed/not_subsampled/munged/par31.sumstats.gz  1.2187  0.4611   2.6433   8.2114e-03  0.0248     0.0204  1.0130     0.0061    0.0897       0.0041

Analysis finished at Tue Mar 22 12:38:58 2022
Total time elapsed: 2.0m:52.76s
