*********************************************************************
* LD Score Regression (LDSC)
* Version 1.0.1
* (C) 2014-2019 Brendan Bulik-Sullivan and Hilary Finucane
* Broad Institute of MIT and Harvard / MIT Department of Mathematics
* GNU General Public License v3
*********************************************************************
Call: 
./ldsc.py \
--ref-ld-chr ../SAMPLE_DATA/eur_w_ld_chr/ \
--out ../results/ldsc/STAGE00DATA/mean_imputed/not_subsampled/rg/par02 \
--rg ../results/ldsc/STAGE00DATA/mean_imputed/not_subsampled/munged/par02.sumstats.gz,../results/ldsc/STAGE00DATA/mean_imputed/not_subsampled/munged/par03.sumstats.gz,../results/ldsc/STAGE00DATA/mean_imputed/not_subsampled/munged/par04.sumstats.gz,../results/ldsc/STAGE00DATA/mean_imputed/not_subsampled/munged/par05.sumstats.gz,../results/ldsc/STAGE00DATA/mean_imputed/not_subsampled/munged/par06.sumstats.gz,../results/ldsc/STAGE00DATA/mean_imputed/not_subsampled/munged/par07.sumstats.gz,../results/ldsc/STAGE00DATA/mean_imputed/not_subsampled/munged/par08.sumstats.gz,../results/ldsc/STAGE00DATA/mean_imputed/not_subsampled/munged/par09.sumstats.gz,../results/ldsc/STAGE00DATA/mean_imputed/not_subsampled/munged/par10.sumstats.gz,../results/ldsc/STAGE00DATA/mean_imputed/not_subsampled/munged/par11.sumstats.gz,../results/ldsc/STAGE00DATA/mean_imputed/not_subsampled/munged/par12.sumstats.gz,../results/ldsc/STAGE00DATA/mean_imputed/not_subsampled/munged/par13.sumstats.gz,../results/ldsc/STAGE00DATA/mean_imputed/not_subsampled/munged/par14.sumstats.gz,../results/ldsc/STAGE00DATA/mean_imputed/not_subsampled/munged/par15.sumstats.gz,../results/ldsc/STAGE00DATA/mean_imputed/not_subsampled/munged/par16.sumstats.gz,../results/ldsc/STAGE00DATA/mean_imputed/not_subsampled/munged/par17.sumstats.gz,../results/ldsc/STAGE00DATA/mean_imputed/not_subsampled/munged/par18.sumstats.gz,../results/ldsc/STAGE00DATA/mean_imputed/not_subsampled/munged/par19.sumstats.gz,../results/ldsc/STAGE00DATA/mean_imputed/not_subsampled/munged/par20.sumstats.gz,../results/ldsc/STAGE00DATA/mean_imputed/not_subsampled/munged/par21.sumstats.gz,../results/ldsc/STAGE00DATA/mean_imputed/not_subsampled/munged/par22.sumstats.gz,../results/ldsc/STAGE00DATA/mean_imputed/not_subsampled/munged/par23.sumstats.gz,../results/ldsc/STAGE00DATA/mean_imputed/not_subsampled/munged/par24.sumstats.gz,../results/ldsc/STAGE00DATA/mean_imputed/not_subsampled/munged/par25.sumstats.gz,../results/ldsc/STAGE00DATA/mean_imputed/not_subsampled/munged/par26.sumstats.gz,../results/ldsc/STAGE00DATA/mean_imputed/not_subsampled/munged/par27.sumstats.gz,../results/ldsc/STAGE00DATA/mean_imputed/not_subsampled/munged/par28.sumstats.gz,../results/ldsc/STAGE00DATA/mean_imputed/not_subsampled/munged/par29.sumstats.gz,../results/ldsc/STAGE00DATA/mean_imputed/not_subsampled/munged/par30.sumstats.gz,../results/ldsc/STAGE00DATA/mean_imputed/not_subsampled/munged/par31.sumstats.gz \
--w-ld-chr ../SAMPLE_DATA/eur_w_ld_chr/ 

Beginning analysis at Tue Mar 22 12:38:59 2022
Reading summary statistics from ../results/ldsc/STAGE00DATA/mean_imputed/not_subsampled/munged/par02.sumstats.gz ...
Read summary statistics for 1180716 SNPs.
Reading reference panel LD Score from ../SAMPLE_DATA/eur_w_ld_chr/[1-22] ... (ldscore_fromlist)
Read reference panel LD Scores for 1290028 SNPs.
Removing partitioned LD Scores with zero variance.
Reading regression weight LD Score from ../SAMPLE_DATA/eur_w_ld_chr/[1-22] ... (ldscore_fromlist)
Read regression weight LD Scores for 1290028 SNPs.
After merging with reference panel LD, 1174407 SNPs remain.
After merging with regression SNP LD, 1174407 SNPs remain.
Computing rg for phenotype 2/30
Reading summary statistics from ../results/ldsc/STAGE00DATA/mean_imputed/not_subsampled/munged/par03.sumstats.gz ...
Read summary statistics for 1217311 SNPs.
After merging with summary statistics, 1174407 SNPs remain.
1174407 SNPs with valid alleles.

Heritability of phenotype 1
---------------------------
Total Observed scale h2: 0.2901 (0.0326)
Lambda GC: 1.1207
Mean Chi^2: 1.107
Intercept: 0.9954 (0.0069)
Ratio < 0 (usually indicates GC correction).

Heritability of phenotype 2/30
------------------------------
Total Observed scale h2: 0.1666 (0.0242)
Lambda GC: 1.071
Mean Chi^2: 1.0521
Intercept: 0.989 (0.0059)
Ratio < 0 (usually indicates GC correction).

Genetic Covariance
------------------
Total Observed scale gencov: 0.1409 (0.0182)
Mean z1*z2: 0.1853
Intercept: 0.1296 (0.0039)

Genetic Correlation
-------------------
Genetic Correlation: 0.6408 (0.052)
Z-score: 12.328
P: 6.4028e-35

Computing rg for phenotype 3/30
Reading summary statistics from ../results/ldsc/STAGE00DATA/mean_imputed/not_subsampled/munged/par04.sumstats.gz ...
Read summary statistics for 1217311 SNPs.
After merging with summary statistics, 1174407 SNPs remain.
1174407 SNPs with valid alleles.

Heritability of phenotype 3/30
------------------------------
Total Observed scale h2: 0.1951 (0.0262)
Lambda GC: 1.0926
Mean Chi^2: 1.0658
Intercept: 0.9913 (0.0061)
Ratio < 0 (usually indicates GC correction).

Genetic Covariance
------------------
Total Observed scale gencov: 0.2185 (0.0249)
Mean z1*z2: 0.6212
Intercept: 0.537 (0.0056)

Genetic Correlation
-------------------
Genetic Correlation: 0.9181 (0.0322)
Z-score: 28.5432
P: 3.4094e-179

Computing rg for phenotype 4/30
Reading summary statistics from ../results/ldsc/STAGE00DATA/mean_imputed/not_subsampled/munged/par05.sumstats.gz ...
Read summary statistics for 1217311 SNPs.
After merging with summary statistics, 1174407 SNPs remain.
1174407 SNPs with valid alleles.

Heritability of phenotype 4/30
------------------------------
Total Observed scale h2: 0.2173 (0.0318)
Lambda GC: 1.0957
Mean Chi^2: 1.0807
Intercept: 0.998 (0.0065)
Ratio < 0 (usually indicates GC correction).

Genetic Covariance
------------------
Total Observed scale gencov: 0.2312 (0.0285)
Mean z1*z2: 0.6523
Intercept: 0.5627 (0.0061)

Genetic Correlation
-------------------
Genetic Correlation: 0.9206 (0.0339)
Z-score: 27.1786
P: 1.1632e-162

Computing rg for phenotype 5/30
Reading summary statistics from ../results/ldsc/STAGE00DATA/mean_imputed/not_subsampled/munged/par06.sumstats.gz ...
Read summary statistics for 1217311 SNPs.
After merging with summary statistics, 1174407 SNPs remain.
1174407 SNPs with valid alleles.

Heritability of phenotype 5/30
------------------------------
Total Observed scale h2: 0.1026 (0.0229)
Lambda GC: 1.0496
Mean Chi^2: 1.0322
Intercept: 0.9931 (0.0057)
Ratio < 0 (usually indicates GC correction).

Genetic Covariance
------------------
Total Observed scale gencov: 0.1138 (0.0168)
Mean z1*z2: 0.1714
Intercept: 0.1265 (0.0039)

Genetic Correlation
-------------------
Genetic Correlation: 0.6595 (0.0744)
Z-score: 8.859
P: 8.0751e-19

Computing rg for phenotype 6/30
Reading summary statistics from ../results/ldsc/STAGE00DATA/mean_imputed/not_subsampled/munged/par07.sumstats.gz ...
Read summary statistics for 1217311 SNPs.
After merging with summary statistics, 1174407 SNPs remain.
1174407 SNPs with valid alleles.

Heritability of phenotype 6/30
------------------------------
Total Observed scale h2: 0.1397 (0.0248)
Lambda GC: 1.0496
Mean Chi^2: 1.0478
Intercept: 0.9943 (0.0063)
Ratio < 0 (usually indicates GC correction).

Genetic Covariance
------------------
Total Observed scale gencov: 0.1341 (0.0164)
Mean z1*z2: 0.2286
Intercept: 0.1767 (0.0041)

Genetic Correlation
-------------------
Genetic Correlation: 0.6662 (0.0559)
Z-score: 11.9104
P: 1.0446e-32

Computing rg for phenotype 7/30
Reading summary statistics from ../results/ldsc/STAGE00DATA/mean_imputed/not_subsampled/munged/par08.sumstats.gz ...
Read summary statistics for 1217311 SNPs.
After merging with summary statistics, 1174407 SNPs remain.
1174407 SNPs with valid alleles.

Heritability of phenotype 7/30
------------------------------
Total Observed scale h2: 0.1825 (0.0248)
Lambda GC: 1.0802
Mean Chi^2: 1.0627
Intercept: 0.9941 (0.0059)
Ratio < 0 (usually indicates GC correction).

Genetic Covariance
------------------
Total Observed scale gencov: 0.1924 (0.0215)
Mean z1*z2: 0.463
Intercept: 0.3893 (0.0045)

Genetic Correlation
-------------------
Genetic Correlation: 0.836 (0.0416)
Z-score: 20.0979
P: 7.6925e-90

Computing rg for phenotype 8/30
Reading summary statistics from ../results/ldsc/STAGE00DATA/mean_imputed/not_subsampled/munged/par09.sumstats.gz ...
Read summary statistics for 1217311 SNPs.
After merging with summary statistics, 1174407 SNPs remain.
1174407 SNPs with valid alleles.

Heritability of phenotype 8/30
------------------------------
Total Observed scale h2: 0.0813 (0.0242)
Lambda GC: 1.0436
Mean Chi^2: 1.0305
Intercept: 0.9995 (0.0062)
Ratio < 0 (usually indicates GC correction).

Genetic Covariance
------------------
Total Observed scale gencov: 0.1314 (0.0215)
Mean z1*z2: 0.4343
Intercept: 0.3831 (0.0052)

Genetic Correlation
-------------------
Genetic Correlation: 0.8555 (0.0926)
Z-score: 9.2378
P: 2.5166e-20

Computing rg for phenotype 9/30
Reading summary statistics from ../results/ldsc/STAGE00DATA/mean_imputed/not_subsampled/munged/par10.sumstats.gz ...
Read summary statistics for 1217311 SNPs.
After merging with summary statistics, 1174407 SNPs remain.
1174407 SNPs with valid alleles.

Heritability of phenotype 9/30
------------------------------
Total Observed scale h2: 0.1719 (0.0295)
Lambda GC: 1.071
Mean Chi^2: 1.0608
Intercept: 0.9954 (0.0065)
Ratio < 0 (usually indicates GC correction).

Genetic Covariance
------------------
Total Observed scale gencov: 0.1937 (0.0269)
Mean z1*z2: 0.5395
Intercept: 0.4641 (0.0061)

Genetic Correlation
-------------------
Genetic Correlation: 0.8676 (0.0425)
Z-score: 20.405
P: 1.5083e-92

Computing rg for phenotype 10/30
Reading summary statistics from ../results/ldsc/STAGE00DATA/mean_imputed/not_subsampled/munged/par11.sumstats.gz ...
Read summary statistics for 1217311 SNPs.
After merging with summary statistics, 1174407 SNPs remain.
1174407 SNPs with valid alleles.

Heritability of phenotype 10/30
-------------------------------
Total Observed scale h2: 0.1463 (0.0264)
Lambda GC: 1.0772
Mean Chi^2: 1.0599
Intercept: 1.0044 (0.006)
Ratio: 0.073 (0.1009)

Genetic Covariance
------------------
Total Observed scale gencov: 0.1945 (0.0234)
Mean z1*z2: 0.4573
Intercept: 0.3826 (0.0051)

Genetic Correlation
-------------------
Genetic Correlation: 0.944 (0.0536)
Z-score: 17.5988
P: 2.5141e-69

Computing rg for phenotype 11/30
Reading summary statistics from ../results/ldsc/STAGE00DATA/mean_imputed/not_subsampled/munged/par12.sumstats.gz ...
Read summary statistics for 1217311 SNPs.
After merging with summary statistics, 1174407 SNPs remain.
1174407 SNPs with valid alleles.

Heritability of phenotype 11/30
-------------------------------
Total Observed scale h2: 0.117 (0.0254)
Lambda GC: 1.0436
Mean Chi^2: 1.0379
Intercept: 0.9928 (0.0062)
Ratio < 0 (usually indicates GC correction).

Genetic Covariance
------------------
Total Observed scale gencov: 0.119 (0.0161)
Mean z1*z2: 0.1736
Intercept: 0.1268 (0.0039)

Genetic Correlation
-------------------
Genetic Correlation: 0.6458 (0.0717)
Z-score: 9.0074
P: 2.1094e-19

Computing rg for phenotype 12/30
Reading summary statistics from ../results/ldsc/STAGE00DATA/mean_imputed/not_subsampled/munged/par13.sumstats.gz ...
Read summary statistics for 1217311 SNPs.
After merging with summary statistics, 1174407 SNPs remain.
1174407 SNPs with valid alleles.

Heritability of phenotype 12/30
-------------------------------
Total Observed scale h2: 0.0356 (0.0229)
Lambda GC: 1.0225
Mean Chi^2: 1.0136
Intercept: 1.0002 (0.0056)
Ratio: 0.0112 (0.4124)

Genetic Covariance
------------------
Total Observed scale gencov: 0.0814 (0.0149)
Mean z1*z2: 0.1768
Intercept: 0.1448 (0.0035)

Genetic Correlation
-------------------
Genetic Correlation: 0.8007 (0.2316)
Z-score: 3.4564
P: 0.0005

Computing rg for phenotype 13/30
Reading summary statistics from ../results/ldsc/STAGE00DATA/mean_imputed/not_subsampled/munged/par14.sumstats.gz ...
Read summary statistics for 1217311 SNPs.
After merging with summary statistics, 1174407 SNPs remain.
1174407 SNPs with valid alleles.

Heritability of phenotype 13/30
-------------------------------
Total Observed scale h2: 0.1238 (0.0242)
Lambda GC: 1.0527
Mean Chi^2: 1.0415
Intercept: 0.9943 (0.0065)
Ratio < 0 (usually indicates GC correction).

Genetic Covariance
------------------
Total Observed scale gencov: 0.12 (0.0158)
Mean z1*z2: 0.2222
Intercept: 0.1757 (0.0038)

Genetic Correlation
-------------------
Genetic Correlation: 0.6334 (0.0586)
Z-score: 10.8063
P: 3.2150e-27

Computing rg for phenotype 14/30
Reading summary statistics from ../results/ldsc/STAGE00DATA/mean_imputed/not_subsampled/munged/par15.sumstats.gz ...
Read summary statistics for 1217311 SNPs.
After merging with summary statistics, 1174407 SNPs remain.
1174407 SNPs with valid alleles.

Heritability of phenotype 14/30
-------------------------------
Total Observed scale h2: 0.0572 (0.0217)
Lambda GC: 1.0225
Mean Chi^2: 1.0237
Intercept: 1.0021 (0.0061)
Ratio: 0.0893 (0.2559)

Genetic Covariance
------------------
Total Observed scale gencov: 0.0926 (0.0141)
Mean z1*z2: 0.1943
Intercept: 0.1586 (0.0036)

Genetic Correlation
-------------------
Genetic Correlation: 0.7183 (0.1269)
Z-score: 5.6595
P: 1.5186e-08

Computing rg for phenotype 15/30
Reading summary statistics from ../results/ldsc/STAGE00DATA/mean_imputed/not_subsampled/munged/par16.sumstats.gz ...
Read summary statistics for 1217311 SNPs.
After merging with summary statistics, 1174407 SNPs remain.
1174407 SNPs with valid alleles.

Heritability of phenotype 15/30
-------------------------------
Total Observed scale h2: 0.1501 (0.0233)
Lambda GC: 1.0679
Mean Chi^2: 1.0505
Intercept: 0.9942 (0.0063)
Ratio < 0 (usually indicates GC correction).

Genetic Covariance
------------------
Total Observed scale gencov: 0.1651 (0.0189)
Mean z1*z2: 0.4421
Intercept: 0.3793 (0.0043)

Genetic Correlation
-------------------
Genetic Correlation: 0.791 (0.0454)
Z-score: 17.4266
P: 5.1797e-68

Computing rg for phenotype 16/30
Reading summary statistics from ../results/ldsc/STAGE00DATA/mean_imputed/not_subsampled/munged/par17.sumstats.gz ...
Read summary statistics for 1217311 SNPs.
After merging with summary statistics, 1174407 SNPs remain.
1174407 SNPs with valid alleles.

Heritability of phenotype 16/30
-------------------------------
Total Observed scale h2: 0.187 (0.0284)
Lambda GC: 1.0957
Mean Chi^2: 1.0788
Intercept: 1.0076 (0.0067)
Ratio: 0.0958 (0.0854)

Genetic Covariance
------------------
Total Observed scale gencov: 0.1809 (0.0216)
Mean z1*z2: 0.3042
Intercept: 0.2344 (0.0047)

Genetic Correlation
-------------------
Genetic Correlation: 0.7767 (0.0521)
Z-score: 14.9038
P: 3.1122e-50

Computing rg for phenotype 17/30
Reading summary statistics from ../results/ldsc/STAGE00DATA/mean_imputed/not_subsampled/munged/par18.sumstats.gz ...
Read summary statistics for 1217311 SNPs.
After merging with summary statistics, 1174407 SNPs remain.
1174407 SNPs with valid alleles.

Heritability of phenotype 17/30
-------------------------------
Total Observed scale h2: 0.0783 (0.0215)
Lambda GC: 1.0436
Mean Chi^2: 1.0289
Intercept: 0.9992 (0.0059)
Ratio < 0 (usually indicates GC correction).

Genetic Covariance
------------------
Total Observed scale gencov: 0.1368 (0.0192)
Mean z1*z2: 0.3867
Intercept: 0.3339 (0.0049)

Genetic Correlation
-------------------
Genetic Correlation: 0.9073 (0.0925)
Z-score: 9.8041
P: 1.0807e-22

Computing rg for phenotype 18/30
Reading summary statistics from ../results/ldsc/STAGE00DATA/mean_imputed/not_subsampled/munged/par19.sumstats.gz ...
Read summary statistics for 1217311 SNPs.
After merging with summary statistics, 1174407 SNPs remain.
1174407 SNPs with valid alleles.

Heritability of phenotype 18/30
-------------------------------
Total Observed scale h2: 0.0459 (0.0243)
Lambda GC: 1.0195
Mean Chi^2: 1.0204
Intercept: 1.003 (0.006)
Ratio: 0.1473 (0.2935)

Genetic Covariance
------------------
Total Observed scale gencov: 0.1074 (0.02)
Mean z1*z2: 0.3199
Intercept: 0.2783 (0.0051)

Genetic Correlation
-------------------
Genetic Correlation: 0.9298 (0.1861)
Z-score: 4.9974
P: 5.8096e-07

Computing rg for phenotype 19/30
Reading summary statistics from ../results/ldsc/STAGE00DATA/mean_imputed/not_subsampled/munged/par20.sumstats.gz ...
Read summary statistics for 1217311 SNPs.
After merging with summary statistics, 1174407 SNPs remain.
1174407 SNPs with valid alleles.

Heritability of phenotype 19/30
-------------------------------
Total Observed scale h2: 0.1787 (0.028)
Lambda GC: 1.0741
Mean Chi^2: 1.0689
Intercept: 1.0006 (0.0062)
Ratio: 0.0086 (0.0907)

Genetic Covariance
------------------
Total Observed scale gencov: 0.1868 (0.0234)
Mean z1*z2: 0.3974
Intercept: 0.3244 (0.005)

Genetic Correlation
-------------------
Genetic Correlation: 0.8205 (0.0493)
Z-score: 16.6298
P: 4.2366e-62

Computing rg for phenotype 20/30
Reading summary statistics from ../results/ldsc/STAGE00DATA/mean_imputed/not_subsampled/munged/par21.sumstats.gz ...
Read summary statistics for 1217311 SNPs.
After merging with summary statistics, 1174407 SNPs remain.
1174407 SNPs with valid alleles.

Heritability of phenotype 20/30
-------------------------------
Total Observed scale h2: 0.0828 (0.0246)
Lambda GC: 1.0345
Mean Chi^2: 1.0258
Intercept: 0.9944 (0.0061)
Ratio < 0 (usually indicates GC correction).

Genetic Covariance
------------------
Total Observed scale gencov: 0.1381 (0.0226)
Mean z1*z2: 0.4259
Intercept: 0.3726 (0.0054)

Genetic Correlation
-------------------
Genetic Correlation: 0.8909 (0.0865)
Z-score: 10.2953
P: 7.4023e-25

Computing rg for phenotype 21/30
Reading summary statistics from ../results/ldsc/STAGE00DATA/mean_imputed/not_subsampled/munged/par22.sumstats.gz ...
Read summary statistics for 1217311 SNPs.
After merging with summary statistics, 1174407 SNPs remain.
1174407 SNPs with valid alleles.

Heritability of phenotype 21/30
-------------------------------
Total Observed scale h2: 0.1845 (0.0249)
Lambda GC: 1.0988
Mean Chi^2: 1.0809
Intercept: 1.011 (0.0062)
Ratio: 0.1358 (0.076)

Genetic Covariance
------------------
Total Observed scale gencov: 0.1932 (0.0209)
Mean z1*z2: 0.3325
Intercept: 0.2576 (0.0045)

Genetic Correlation
-------------------
Genetic Correlation: 0.8349 (0.0495)
Z-score: 16.8726
P: 7.1630e-64

Computing rg for phenotype 22/30
Reading summary statistics from ../results/ldsc/STAGE00DATA/mean_imputed/not_subsampled/munged/par23.sumstats.gz ...
Read summary statistics for 1217311 SNPs.
After merging with summary statistics, 1174407 SNPs remain.
1174407 SNPs with valid alleles.

Heritability of phenotype 22/30
-------------------------------
Total Observed scale h2: 0.0484 (0.025)
Lambda GC: 1.0255
Mean Chi^2: 1.0208
Intercept: 1.0023 (0.0062)
Ratio: 0.1105 (0.3001)

Genetic Covariance
------------------
Total Observed scale gencov: 0.1367 (0.0211)
Mean z1*z2: 0.3788
Intercept: 0.3265 (0.005)

Genetic Correlation
-------------------
Genetic Correlation: 1.1534 (0.2171)
Z-score: 5.3133
P: 1.0765e-07

Computing rg for phenotype 23/30
Reading summary statistics from ../results/ldsc/STAGE00DATA/mean_imputed/not_subsampled/munged/par24.sumstats.gz ...
Read summary statistics for 1217311 SNPs.
After merging with summary statistics, 1174407 SNPs remain.
1174407 SNPs with valid alleles.

Heritability of phenotype 23/30
-------------------------------
Total Observed scale h2: 0.1396 (0.0273)
Lambda GC: 1.0557
Mean Chi^2: 1.0477
Intercept: 0.993 (0.0064)
Ratio < 0 (usually indicates GC correction).

Genetic Covariance
------------------
Total Observed scale gencov: 0.1222 (0.0168)
Mean z1*z2: 0.188
Intercept: 0.1395 (0.0038)

Genetic Correlation
-------------------
Genetic Correlation: 0.6073 (0.0615)
Z-score: 9.8786
P: 5.1567e-23

Computing rg for phenotype 24/30
Reading summary statistics from ../results/ldsc/STAGE00DATA/mean_imputed/not_subsampled/munged/par25.sumstats.gz ...
Read summary statistics for 1217311 SNPs.
After merging with summary statistics, 1174407 SNPs remain.
1174407 SNPs with valid alleles.

Heritability of phenotype 24/30
-------------------------------
Total Observed scale h2: 0.0502 (0.0231)
Lambda GC: 1.0195
Mean Chi^2: 1.0137
Intercept: 0.9947 (0.0061)
Ratio < 0 (usually indicates GC correction).

Genetic Covariance
------------------
Total Observed scale gencov: 0.1059 (0.0138)
Mean z1*z2: 0.1753
Intercept: 0.1344 (0.0035)

Genetic Correlation
-------------------
Genetic Correlation: 0.8772 (0.1773)
Z-score: 4.9471
P: 7.5344e-07

Computing rg for phenotype 25/30
Reading summary statistics from ../results/ldsc/STAGE00DATA/mean_imputed/not_subsampled/munged/par26.sumstats.gz ...
Read summary statistics for 1217311 SNPs.
After merging with summary statistics, 1174407 SNPs remain.
1174407 SNPs with valid alleles.

Heritability of phenotype 25/30
-------------------------------
Total Observed scale h2: 0.0097 (0.0202)
Lambda GC: 1.0046
Mean Chi^2: 1.004
Intercept: 1.0003 (0.0054)
Ratio: 0.0858 (1.3416)

Genetic Covariance
------------------
Total Observed scale gencov: 0.0696 (0.0136)
Mean z1*z2: 0.1657
Intercept: 0.1387 (0.0034)

Genetic Correlation
-------------------
Genetic Correlation: nan (nan) (rg out of bounds) 
Z-score: nan (nan) (rg out of bounds)
P: nan (nan) (rg out of bounds)
WARNING: rg was out of bounds.
This often means that h2 is not significantly different from zero.

Computing rg for phenotype 26/30
Reading summary statistics from ../results/ldsc/STAGE00DATA/mean_imputed/not_subsampled/munged/par27.sumstats.gz ...
Read summary statistics for 1217311 SNPs.
After merging with summary statistics, 1174407 SNPs remain.
1174407 SNPs with valid alleles.

Heritability of phenotype 26/30
-------------------------------
Total Observed scale h2: 0.0141 (0.024)
Lambda GC: 1.0165
Mean Chi^2: 1.0116
Intercept: 1.0064 (0.0061)
Ratio: 0.5476 (0.5221)

Genetic Covariance
------------------
Total Observed scale gencov: 0.0853 (0.0147)
Mean z1*z2: 0.1774
Intercept: 0.1445 (0.0039)

Genetic Correlation
-------------------
Genetic Correlation: nan (nan) (rg out of bounds) 
Z-score: nan (nan) (rg out of bounds)
P: nan (nan) (rg out of bounds)
WARNING: rg was out of bounds.
This often means that h2 is not significantly different from zero.

Computing rg for phenotype 27/30
Reading summary statistics from ../results/ldsc/STAGE00DATA/mean_imputed/not_subsampled/munged/par28.sumstats.gz ...
Read summary statistics for 1217311 SNPs.
After merging with summary statistics, 1174407 SNPs remain.
1174407 SNPs with valid alleles.

Heritability of phenotype 27/30
-------------------------------
Total Observed scale h2: 0.0992 (0.0248)
Lambda GC: 1.0405
Mean Chi^2: 1.0331
Intercept: 0.9946 (0.0064)
Ratio < 0 (usually indicates GC correction).

Genetic Covariance
------------------
Total Observed scale gencov: 0.1094 (0.0149)
Mean z1*z2: 0.1913
Intercept: 0.1486 (0.0039)

Genetic Correlation
-------------------
Genetic Correlation: 0.645 (0.0736)
Z-score: 8.7641
P: 1.8834e-18

Computing rg for phenotype 28/30
Reading summary statistics from ../results/ldsc/STAGE00DATA/mean_imputed/not_subsampled/munged/par29.sumstats.gz ...
Read summary statistics for 1217311 SNPs.
After merging with summary statistics, 1174407 SNPs remain.
1174407 SNPs with valid alleles.

Heritability of phenotype 28/30
-------------------------------
Total Observed scale h2: 0.065 (0.0232)
Lambda GC: 1.0315
Mean Chi^2: 1.0267
Intercept: 1.002 (0.0065)
Ratio: 0.0763 (0.2432)

Genetic Covariance
------------------
Total Observed scale gencov: 0.1085 (0.0142)
Mean z1*z2: 0.225
Intercept: 0.1831 (0.0037)

Genetic Correlation
-------------------
Genetic Correlation: 0.79 (0.1195)
Z-score: 6.6123
P: 3.7844e-11

Computing rg for phenotype 29/30
Reading summary statistics from ../results/ldsc/STAGE00DATA/mean_imputed/not_subsampled/munged/par30.sumstats.gz ...
Read summary statistics for 1217311 SNPs.
After merging with summary statistics, 1174407 SNPs remain.
1174407 SNPs with valid alleles.

Heritability of phenotype 29/30
-------------------------------
Total Observed scale h2: 0.0181 (0.0224)
Lambda GC: 1.0046
Mean Chi^2: 1.0046
Intercept: 0.9977 (0.006)
Ratio < 0 (usually indicates GC correction).

Genetic Covariance
------------------
Total Observed scale gencov: 0.0672 (0.0131)
Mean z1*z2: 0.1731
Intercept: 0.1469 (0.0037)

Genetic Correlation
-------------------
Genetic Correlation: 0.9279 (0.5236)
Z-score: 1.7722
P: 0.0764

Computing rg for phenotype 30/30
Reading summary statistics from ../results/ldsc/STAGE00DATA/mean_imputed/not_subsampled/munged/par31.sumstats.gz ...
Read summary statistics for 1217311 SNPs.
After merging with summary statistics, 1174407 SNPs remain.
1174407 SNPs with valid alleles.

Heritability of phenotype 30/30
-------------------------------
Total Observed scale h2: 0.0248 (0.0204)
Lambda GC: 1.0195
Mean Chi^2: 1.0223
Intercept: 1.013 (0.0061)
Ratio: 0.5825 (0.2723)

Genetic Covariance
------------------
Total Observed scale gencov: 0.1026 (0.0155)
Mean z1*z2: 0.1937
Intercept: 0.1543 (0.004)

Genetic Correlation
-------------------
Genetic Correlation: nan (nan) (rg out of bounds) 
Z-score: nan (nan) (rg out of bounds)
P: nan (nan) (rg out of bounds)
WARNING: rg was out of bounds.
This often means that h2 is not significantly different from zero.


Summary of Genetic Correlation Results
                                                                               p1                                                                                p2      rg      se        z            p  h2_obs  h2_obs_se  h2_int  h2_int_se  gcov_int  gcov_int_se
 ../results/ldsc/STAGE00DATA/mean_imputed/not_subsampled/munged/par02.sumstats.gz  ../results/ldsc/STAGE00DATA/mean_imputed/not_subsampled/munged/par03.sumstats.gz  0.6408  0.0520  12.3280   6.4028e-35  0.1666     0.0242  0.9890     0.0059    0.1296       0.0039
 ../results/ldsc/STAGE00DATA/mean_imputed/not_subsampled/munged/par02.sumstats.gz  ../results/ldsc/STAGE00DATA/mean_imputed/not_subsampled/munged/par04.sumstats.gz  0.9181  0.0322  28.5432  3.4094e-179  0.1951     0.0262  0.9913     0.0061    0.5370       0.0056
 ../results/ldsc/STAGE00DATA/mean_imputed/not_subsampled/munged/par02.sumstats.gz  ../results/ldsc/STAGE00DATA/mean_imputed/not_subsampled/munged/par05.sumstats.gz  0.9206  0.0339  27.1786  1.1632e-162  0.2173     0.0318  0.9980     0.0065    0.5627       0.0061
 ../results/ldsc/STAGE00DATA/mean_imputed/not_subsampled/munged/par02.sumstats.gz  ../results/ldsc/STAGE00DATA/mean_imputed/not_subsampled/munged/par06.sumstats.gz  0.6595  0.0744   8.8590   8.0751e-19  0.1026     0.0229  0.9931     0.0057    0.1265       0.0039
 ../results/ldsc/STAGE00DATA/mean_imputed/not_subsampled/munged/par02.sumstats.gz  ../results/ldsc/STAGE00DATA/mean_imputed/not_subsampled/munged/par07.sumstats.gz  0.6662  0.0559  11.9104   1.0446e-32  0.1397     0.0248  0.9943     0.0063    0.1767       0.0041
 ../results/ldsc/STAGE00DATA/mean_imputed/not_subsampled/munged/par02.sumstats.gz  ../results/ldsc/STAGE00DATA/mean_imputed/not_subsampled/munged/par08.sumstats.gz  0.8360  0.0416  20.0979   7.6925e-90  0.1825     0.0248  0.9941     0.0059    0.3893       0.0045
 ../results/ldsc/STAGE00DATA/mean_imputed/not_subsampled/munged/par02.sumstats.gz  ../results/ldsc/STAGE00DATA/mean_imputed/not_subsampled/munged/par09.sumstats.gz  0.8555  0.0926   9.2378   2.5166e-20  0.0813     0.0242  0.9995     0.0062    0.3831       0.0052
 ../results/ldsc/STAGE00DATA/mean_imputed/not_subsampled/munged/par02.sumstats.gz  ../results/ldsc/STAGE00DATA/mean_imputed/not_subsampled/munged/par10.sumstats.gz  0.8676  0.0425  20.4050   1.5083e-92  0.1719     0.0295  0.9954     0.0065    0.4641       0.0061
 ../results/ldsc/STAGE00DATA/mean_imputed/not_subsampled/munged/par02.sumstats.gz  ../results/ldsc/STAGE00DATA/mean_imputed/not_subsampled/munged/par11.sumstats.gz  0.9440  0.0536  17.5988   2.5141e-69  0.1463     0.0264  1.0044     0.0060    0.3826       0.0051
 ../results/ldsc/STAGE00DATA/mean_imputed/not_subsampled/munged/par02.sumstats.gz  ../results/ldsc/STAGE00DATA/mean_imputed/not_subsampled/munged/par12.sumstats.gz  0.6458  0.0717   9.0074   2.1094e-19  0.1170     0.0254  0.9928     0.0062    0.1268       0.0039
 ../results/ldsc/STAGE00DATA/mean_imputed/not_subsampled/munged/par02.sumstats.gz  ../results/ldsc/STAGE00DATA/mean_imputed/not_subsampled/munged/par13.sumstats.gz  0.8007  0.2316   3.4564   5.4746e-04  0.0356     0.0229  1.0002     0.0056    0.1448       0.0035
 ../results/ldsc/STAGE00DATA/mean_imputed/not_subsampled/munged/par02.sumstats.gz  ../results/ldsc/STAGE00DATA/mean_imputed/not_subsampled/munged/par14.sumstats.gz  0.6334  0.0586  10.8063   3.2150e-27  0.1238     0.0242  0.9943     0.0065    0.1757       0.0038
 ../results/ldsc/STAGE00DATA/mean_imputed/not_subsampled/munged/par02.sumstats.gz  ../results/ldsc/STAGE00DATA/mean_imputed/not_subsampled/munged/par15.sumstats.gz  0.7183  0.1269   5.6595   1.5186e-08  0.0572     0.0217  1.0021     0.0061    0.1586       0.0036
 ../results/ldsc/STAGE00DATA/mean_imputed/not_subsampled/munged/par02.sumstats.gz  ../results/ldsc/STAGE00DATA/mean_imputed/not_subsampled/munged/par16.sumstats.gz  0.7910  0.0454  17.4266   5.1797e-68  0.1501     0.0233  0.9942     0.0063    0.3793       0.0043
 ../results/ldsc/STAGE00DATA/mean_imputed/not_subsampled/munged/par02.sumstats.gz  ../results/ldsc/STAGE00DATA/mean_imputed/not_subsampled/munged/par17.sumstats.gz  0.7767  0.0521  14.9038   3.1122e-50  0.1870     0.0284  1.0076     0.0067    0.2344       0.0047
 ../results/ldsc/STAGE00DATA/mean_imputed/not_subsampled/munged/par02.sumstats.gz  ../results/ldsc/STAGE00DATA/mean_imputed/not_subsampled/munged/par18.sumstats.gz  0.9073  0.0925   9.8041   1.0807e-22  0.0783     0.0215  0.9992     0.0059    0.3339       0.0049
 ../results/ldsc/STAGE00DATA/mean_imputed/not_subsampled/munged/par02.sumstats.gz  ../results/ldsc/STAGE00DATA/mean_imputed/not_subsampled/munged/par19.sumstats.gz  0.9298  0.1861   4.9974   5.8096e-07  0.0459     0.0243  1.0030     0.0060    0.2783       0.0051
 ../results/ldsc/STAGE00DATA/mean_imputed/not_subsampled/munged/par02.sumstats.gz  ../results/ldsc/STAGE00DATA/mean_imputed/not_subsampled/munged/par20.sumstats.gz  0.8205  0.0493  16.6298   4.2366e-62  0.1787     0.0280  1.0006     0.0062    0.3244       0.0050
 ../results/ldsc/STAGE00DATA/mean_imputed/not_subsampled/munged/par02.sumstats.gz  ../results/ldsc/STAGE00DATA/mean_imputed/not_subsampled/munged/par21.sumstats.gz  0.8909  0.0865  10.2953   7.4023e-25  0.0828     0.0246  0.9944     0.0061    0.3726       0.0054
 ../results/ldsc/STAGE00DATA/mean_imputed/not_subsampled/munged/par02.sumstats.gz  ../results/ldsc/STAGE00DATA/mean_imputed/not_subsampled/munged/par22.sumstats.gz  0.8349  0.0495  16.8726   7.1630e-64  0.1845     0.0249  1.0110     0.0062    0.2576       0.0045
 ../results/ldsc/STAGE00DATA/mean_imputed/not_subsampled/munged/par02.sumstats.gz  ../results/ldsc/STAGE00DATA/mean_imputed/not_subsampled/munged/par23.sumstats.gz  1.1534  0.2171   5.3133   1.0765e-07  0.0484     0.0250  1.0023     0.0062    0.3265       0.0050
 ../results/ldsc/STAGE00DATA/mean_imputed/not_subsampled/munged/par02.sumstats.gz  ../results/ldsc/STAGE00DATA/mean_imputed/not_subsampled/munged/par24.sumstats.gz  0.6073  0.0615   9.8786   5.1567e-23  0.1396     0.0273  0.9930     0.0064    0.1395       0.0038
 ../results/ldsc/STAGE00DATA/mean_imputed/not_subsampled/munged/par02.sumstats.gz  ../results/ldsc/STAGE00DATA/mean_imputed/not_subsampled/munged/par25.sumstats.gz  0.8772  0.1773   4.9471   7.5344e-07  0.0502     0.0231  0.9947     0.0061    0.1344       0.0035
 ../results/ldsc/STAGE00DATA/mean_imputed/not_subsampled/munged/par02.sumstats.gz  ../results/ldsc/STAGE00DATA/mean_imputed/not_subsampled/munged/par26.sumstats.gz  1.3092  1.4394   0.9095   3.6307e-01  0.0097     0.0202  1.0003     0.0054    0.1387       0.0034
 ../results/ldsc/STAGE00DATA/mean_imputed/not_subsampled/munged/par02.sumstats.gz  ../results/ldsc/STAGE00DATA/mean_imputed/not_subsampled/munged/par27.sumstats.gz  1.3341  1.0511   1.2692   2.0437e-01  0.0141     0.0240  1.0064     0.0061    0.1445       0.0039
 ../results/ldsc/STAGE00DATA/mean_imputed/not_subsampled/munged/par02.sumstats.gz  ../results/ldsc/STAGE00DATA/mean_imputed/not_subsampled/munged/par28.sumstats.gz  0.6450  0.0736   8.7641   1.8834e-18  0.0992     0.0248  0.9946     0.0064    0.1486       0.0039
 ../results/ldsc/STAGE00DATA/mean_imputed/not_subsampled/munged/par02.sumstats.gz  ../results/ldsc/STAGE00DATA/mean_imputed/not_subsampled/munged/par29.sumstats.gz  0.7900  0.1195   6.6123   3.7844e-11  0.0650     0.0232  1.0020     0.0065    0.1831       0.0037
 ../results/ldsc/STAGE00DATA/mean_imputed/not_subsampled/munged/par02.sumstats.gz  ../results/ldsc/STAGE00DATA/mean_imputed/not_subsampled/munged/par30.sumstats.gz  0.9279  0.5236   1.7722   7.6365e-02  0.0181     0.0224  0.9977     0.0060    0.1469       0.0037
 ../results/ldsc/STAGE00DATA/mean_imputed/not_subsampled/munged/par02.sumstats.gz  ../results/ldsc/STAGE00DATA/mean_imputed/not_subsampled/munged/par31.sumstats.gz  1.2078  0.4421   2.7320   6.2956e-03  0.0248     0.0204  1.0130     0.0061    0.1543       0.0040

Analysis finished at Tue Mar 22 12:41:46 2022
Total time elapsed: 2.0m:47.08s
