*********************************************************************
* LD Score Regression (LDSC)
* Version 1.0.1
* (C) 2014-2019 Brendan Bulik-Sullivan and Hilary Finucane
* Broad Institute of MIT and Harvard / MIT Department of Mathematics
* GNU General Public License v3
*********************************************************************
Call: 
./ldsc.py \
--ref-ld-chr ../SAMPLE_DATA/eur_w_ld_chr/ \
--out ../results/ldsc/STAGE00DATA/mean_imputed/not_subsampled/rg/par10 \
--rg ../results/ldsc/STAGE00DATA/mean_imputed/not_subsampled/munged/par10.sumstats.gz,../results/ldsc/STAGE00DATA/mean_imputed/not_subsampled/munged/par11.sumstats.gz,../results/ldsc/STAGE00DATA/mean_imputed/not_subsampled/munged/par12.sumstats.gz,../results/ldsc/STAGE00DATA/mean_imputed/not_subsampled/munged/par13.sumstats.gz,../results/ldsc/STAGE00DATA/mean_imputed/not_subsampled/munged/par14.sumstats.gz,../results/ldsc/STAGE00DATA/mean_imputed/not_subsampled/munged/par15.sumstats.gz,../results/ldsc/STAGE00DATA/mean_imputed/not_subsampled/munged/par16.sumstats.gz,../results/ldsc/STAGE00DATA/mean_imputed/not_subsampled/munged/par17.sumstats.gz,../results/ldsc/STAGE00DATA/mean_imputed/not_subsampled/munged/par18.sumstats.gz,../results/ldsc/STAGE00DATA/mean_imputed/not_subsampled/munged/par19.sumstats.gz,../results/ldsc/STAGE00DATA/mean_imputed/not_subsampled/munged/par20.sumstats.gz,../results/ldsc/STAGE00DATA/mean_imputed/not_subsampled/munged/par21.sumstats.gz,../results/ldsc/STAGE00DATA/mean_imputed/not_subsampled/munged/par22.sumstats.gz,../results/ldsc/STAGE00DATA/mean_imputed/not_subsampled/munged/par23.sumstats.gz,../results/ldsc/STAGE00DATA/mean_imputed/not_subsampled/munged/par24.sumstats.gz,../results/ldsc/STAGE00DATA/mean_imputed/not_subsampled/munged/par25.sumstats.gz,../results/ldsc/STAGE00DATA/mean_imputed/not_subsampled/munged/par26.sumstats.gz,../results/ldsc/STAGE00DATA/mean_imputed/not_subsampled/munged/par27.sumstats.gz,../results/ldsc/STAGE00DATA/mean_imputed/not_subsampled/munged/par28.sumstats.gz,../results/ldsc/STAGE00DATA/mean_imputed/not_subsampled/munged/par29.sumstats.gz,../results/ldsc/STAGE00DATA/mean_imputed/not_subsampled/munged/par30.sumstats.gz,../results/ldsc/STAGE00DATA/mean_imputed/not_subsampled/munged/par31.sumstats.gz \
--w-ld-chr ../SAMPLE_DATA/eur_w_ld_chr/ 

Beginning analysis at Tue Mar 22 12:59:05 2022
Reading summary statistics from ../results/ldsc/STAGE00DATA/mean_imputed/not_subsampled/munged/par10.sumstats.gz ...
Read summary statistics for 1180716 SNPs.
Reading reference panel LD Score from ../SAMPLE_DATA/eur_w_ld_chr/[1-22] ... (ldscore_fromlist)
Read reference panel LD Scores for 1290028 SNPs.
Removing partitioned LD Scores with zero variance.
Reading regression weight LD Score from ../SAMPLE_DATA/eur_w_ld_chr/[1-22] ... (ldscore_fromlist)
Read regression weight LD Scores for 1290028 SNPs.
After merging with reference panel LD, 1174407 SNPs remain.
After merging with regression SNP LD, 1174407 SNPs remain.
Computing rg for phenotype 2/22
Reading summary statistics from ../results/ldsc/STAGE00DATA/mean_imputed/not_subsampled/munged/par11.sumstats.gz ...
Read summary statistics for 1217311 SNPs.
After merging with summary statistics, 1174407 SNPs remain.
1174407 SNPs with valid alleles.

Heritability of phenotype 1
---------------------------
Total Observed scale h2: 0.1719 (0.0295)
Lambda GC: 1.071
Mean Chi^2: 1.0608
Intercept: 0.9954 (0.0065)
Ratio < 0 (usually indicates GC correction).

Heritability of phenotype 2/22
------------------------------
Total Observed scale h2: 0.1463 (0.0264)
Lambda GC: 1.0772
Mean Chi^2: 1.0599
Intercept: 1.0044 (0.006)
Ratio: 0.073 (0.1009)

Genetic Covariance
------------------
Total Observed scale gencov: 0.1244 (0.0191)
Mean z1*z2: 0.2996
Intercept: 0.2519 (0.0042)

Genetic Correlation
-------------------
Genetic Correlation: 0.7845 (0.06)
Z-score: 13.0652
P: 5.2033e-39

Computing rg for phenotype 3/22
Reading summary statistics from ../results/ldsc/STAGE00DATA/mean_imputed/not_subsampled/munged/par12.sumstats.gz ...
Read summary statistics for 1217311 SNPs.
After merging with summary statistics, 1174407 SNPs remain.
1174407 SNPs with valid alleles.

Heritability of phenotype 3/22
------------------------------
Total Observed scale h2: 0.117 (0.0254)
Lambda GC: 1.0436
Mean Chi^2: 1.0379
Intercept: 0.9928 (0.0062)
Ratio < 0 (usually indicates GC correction).

Genetic Covariance
------------------
Total Observed scale gencov: 0.0932 (0.0135)
Mean z1*z2: 0.1991
Intercept: 0.1628 (0.0035)

Genetic Correlation
-------------------
Genetic Correlation: 0.6574 (0.0781)
Z-score: 8.4155
P: 3.9111e-17

Computing rg for phenotype 4/22
Reading summary statistics from ../results/ldsc/STAGE00DATA/mean_imputed/not_subsampled/munged/par13.sumstats.gz ...
Read summary statistics for 1217311 SNPs.
After merging with summary statistics, 1174407 SNPs remain.
1174407 SNPs with valid alleles.

Heritability of phenotype 4/22
------------------------------
Total Observed scale h2: 0.0356 (0.0229)
Lambda GC: 1.0225
Mean Chi^2: 1.0136
Intercept: 1.0002 (0.0056)
Ratio: 0.0112 (0.4124)

Genetic Covariance
------------------
Total Observed scale gencov: 0.0511 (0.0132)
Mean z1*z2: 0.2012
Intercept: 0.1815 (0.0032)

Genetic Correlation
-------------------
Genetic Correlation: 0.6529 (0.174)
Z-score: 3.7534
P: 0.0002

Computing rg for phenotype 5/22
Reading summary statistics from ../results/ldsc/STAGE00DATA/mean_imputed/not_subsampled/munged/par14.sumstats.gz ...
Read summary statistics for 1217311 SNPs.
After merging with summary statistics, 1174407 SNPs remain.
1174407 SNPs with valid alleles.

Heritability of phenotype 5/22
------------------------------
Total Observed scale h2: 0.1238 (0.0242)
Lambda GC: 1.0527
Mean Chi^2: 1.0415
Intercept: 0.9943 (0.0065)
Ratio < 0 (usually indicates GC correction).

Genetic Covariance
------------------
Total Observed scale gencov: 0.094 (0.0151)
Mean z1*z2: 0.2249
Intercept: 0.1887 (0.0038)

Genetic Correlation
-------------------
Genetic Correlation: 0.6444 (0.0765)
Z-score: 8.4204
P: 3.7524e-17

Computing rg for phenotype 6/22
Reading summary statistics from ../results/ldsc/STAGE00DATA/mean_imputed/not_subsampled/munged/par15.sumstats.gz ...
Read summary statistics for 1217311 SNPs.
After merging with summary statistics, 1174407 SNPs remain.
1174407 SNPs with valid alleles.

Heritability of phenotype 6/22
------------------------------
Total Observed scale h2: 0.0572 (0.0217)
Lambda GC: 1.0225
Mean Chi^2: 1.0237
Intercept: 1.0021 (0.0061)
Ratio: 0.0893 (0.2559)

Genetic Covariance
------------------
Total Observed scale gencov: 0.0723 (0.0141)
Mean z1*z2: 0.2091
Intercept: 0.1813 (0.0035)

Genetic Correlation
-------------------
Genetic Correlation: 0.7292 (0.1265)
Z-score: 5.7642
P: 8.2033e-09

Computing rg for phenotype 7/22
Reading summary statistics from ../results/ldsc/STAGE00DATA/mean_imputed/not_subsampled/munged/par16.sumstats.gz ...
Read summary statistics for 1217311 SNPs.
After merging with summary statistics, 1174407 SNPs remain.
1174407 SNPs with valid alleles.

Heritability of phenotype 7/22
------------------------------
Total Observed scale h2: 0.1501 (0.0233)
Lambda GC: 1.0679
Mean Chi^2: 1.0505
Intercept: 0.9942 (0.0063)
Ratio < 0 (usually indicates GC correction).

Genetic Covariance
------------------
Total Observed scale gencov: 0.1074 (0.0148)
Mean z1*z2: 0.2609
Intercept: 0.2199 (0.0039)

Genetic Correlation
-------------------
Genetic Correlation: 0.6683 (0.0572)
Z-score: 11.6817
P: 1.5814e-31

Computing rg for phenotype 8/22
Reading summary statistics from ../results/ldsc/STAGE00DATA/mean_imputed/not_subsampled/munged/par17.sumstats.gz ...
Read summary statistics for 1217311 SNPs.
After merging with summary statistics, 1174407 SNPs remain.
1174407 SNPs with valid alleles.

Heritability of phenotype 8/22
------------------------------
Total Observed scale h2: 0.187 (0.0284)
Lambda GC: 1.0957
Mean Chi^2: 1.0788
Intercept: 1.0076 (0.0067)
Ratio: 0.0958 (0.0854)

Genetic Covariance
------------------
Total Observed scale gencov: 0.1194 (0.0174)
Mean z1*z2: 0.2351
Intercept: 0.189 (0.004)

Genetic Correlation
-------------------
Genetic Correlation: 0.666 (0.0564)
Z-score: 11.8191
P: 3.1115e-32

Computing rg for phenotype 9/22
Reading summary statistics from ../results/ldsc/STAGE00DATA/mean_imputed/not_subsampled/munged/par18.sumstats.gz ...
Read summary statistics for 1217311 SNPs.
After merging with summary statistics, 1174407 SNPs remain.
1174407 SNPs with valid alleles.

Heritability of phenotype 9/22
------------------------------
Total Observed scale h2: 0.0783 (0.0215)
Lambda GC: 1.0436
Mean Chi^2: 1.0289
Intercept: 0.9992 (0.0059)
Ratio < 0 (usually indicates GC correction).

Genetic Covariance
------------------
Total Observed scale gencov: 0.1024 (0.0152)
Mean z1*z2: 0.2526
Intercept: 0.213 (0.0042)

Genetic Correlation
-------------------
Genetic Correlation: 0.8826 (0.1065)
Z-score: 8.2874
P: 1.1580e-16

Computing rg for phenotype 10/22
Reading summary statistics from ../results/ldsc/STAGE00DATA/mean_imputed/not_subsampled/munged/par19.sumstats.gz ...
Read summary statistics for 1217311 SNPs.
After merging with summary statistics, 1174407 SNPs remain.
1174407 SNPs with valid alleles.

Heritability of phenotype 10/22
-------------------------------
Total Observed scale h2: 0.0459 (0.0243)
Lambda GC: 1.0195
Mean Chi^2: 1.0204
Intercept: 1.003 (0.006)
Ratio: 0.1473 (0.2935)

Genetic Covariance
------------------
Total Observed scale gencov: 0.0591 (0.0151)
Mean z1*z2: 0.2086
Intercept: 0.1858 (0.0038)

Genetic Correlation
-------------------
Genetic Correlation: 0.6647 (0.1508)
Z-score: 4.4078
P: 1.0443e-05

Computing rg for phenotype 11/22
Reading summary statistics from ../results/ldsc/STAGE00DATA/mean_imputed/not_subsampled/munged/par20.sumstats.gz ...
Read summary statistics for 1217311 SNPs.
After merging with summary statistics, 1174407 SNPs remain.
1174407 SNPs with valid alleles.

Heritability of phenotype 11/22
-------------------------------
Total Observed scale h2: 0.1787 (0.028)
Lambda GC: 1.0741
Mean Chi^2: 1.0689
Intercept: 1.0006 (0.0062)
Ratio: 0.0086 (0.0907)

Genetic Covariance
------------------
Total Observed scale gencov: 0.164 (0.0259)
Mean z1*z2: 0.5983
Intercept: 0.5353 (0.0056)

Genetic Correlation
-------------------
Genetic Correlation: 0.9359 (0.0444)
Z-score: 21.0982
P: 8.2646e-99

Computing rg for phenotype 12/22
Reading summary statistics from ../results/ldsc/STAGE00DATA/mean_imputed/not_subsampled/munged/par21.sumstats.gz ...
Read summary statistics for 1217311 SNPs.
After merging with summary statistics, 1174407 SNPs remain.
1174407 SNPs with valid alleles.

Heritability of phenotype 12/22
-------------------------------
Total Observed scale h2: 0.0828 (0.0246)
Lambda GC: 1.0345
Mean Chi^2: 1.0258
Intercept: 0.9944 (0.0061)
Ratio < 0 (usually indicates GC correction).

Genetic Covariance
------------------
Total Observed scale gencov: 0.1115 (0.0242)
Mean z1*z2: 0.6632
Intercept: 0.6205 (0.0057)

Genetic Correlation
-------------------
Genetic Correlation: 0.9347 (0.0627)
Z-score: 14.9125
P: 2.7343e-50

Computing rg for phenotype 13/22
Reading summary statistics from ../results/ldsc/STAGE00DATA/mean_imputed/not_subsampled/munged/par22.sumstats.gz ...
Read summary statistics for 1217311 SNPs.
After merging with summary statistics, 1174407 SNPs remain.
1174407 SNPs with valid alleles.

Heritability of phenotype 13/22
-------------------------------
Total Observed scale h2: 0.1845 (0.0249)
Lambda GC: 1.0988
Mean Chi^2: 1.0809
Intercept: 1.011 (0.0062)
Ratio: 0.1358 (0.076)

Genetic Covariance
------------------
Total Observed scale gencov: 0.1413 (0.0173)
Mean z1*z2: 0.2908
Intercept: 0.2364 (0.0041)

Genetic Correlation
-------------------
Genetic Correlation: 0.7933 (0.0585)
Z-score: 13.5632
P: 6.6150e-42

Computing rg for phenotype 14/22
Reading summary statistics from ../results/ldsc/STAGE00DATA/mean_imputed/not_subsampled/munged/par23.sumstats.gz ...
Read summary statistics for 1217311 SNPs.
After merging with summary statistics, 1174407 SNPs remain.
1174407 SNPs with valid alleles.

Heritability of phenotype 14/22
-------------------------------
Total Observed scale h2: 0.0484 (0.025)
Lambda GC: 1.0255
Mean Chi^2: 1.0208
Intercept: 1.0023 (0.0062)
Ratio: 0.1105 (0.3001)

Genetic Covariance
------------------
Total Observed scale gencov: 0.0862 (0.0177)
Mean z1*z2: 0.2581
Intercept: 0.225 (0.004)

Genetic Correlation
-------------------
Genetic Correlation: 0.9452 (0.1806)
Z-score: 5.2347
P: 1.6524e-07

Computing rg for phenotype 15/22
Reading summary statistics from ../results/ldsc/STAGE00DATA/mean_imputed/not_subsampled/munged/par24.sumstats.gz ...
Read summary statistics for 1217311 SNPs.
After merging with summary statistics, 1174407 SNPs remain.
1174407 SNPs with valid alleles.

Heritability of phenotype 15/22
-------------------------------
Total Observed scale h2: 0.1396 (0.0273)
Lambda GC: 1.0557
Mean Chi^2: 1.0477
Intercept: 0.993 (0.0064)
Ratio < 0 (usually indicates GC correction).

Genetic Covariance
------------------
Total Observed scale gencov: 0.0942 (0.0149)
Mean z1*z2: 0.2156
Intercept: 0.1789 (0.0035)

Genetic Correlation
-------------------
Genetic Correlation: 0.608 (0.069)
Z-score: 8.8049
P: 1.3098e-18

Computing rg for phenotype 16/22
Reading summary statistics from ../results/ldsc/STAGE00DATA/mean_imputed/not_subsampled/munged/par25.sumstats.gz ...
Read summary statistics for 1217311 SNPs.
After merging with summary statistics, 1174407 SNPs remain.
1174407 SNPs with valid alleles.

Heritability of phenotype 16/22
-------------------------------
Total Observed scale h2: 0.0502 (0.0231)
Lambda GC: 1.0195
Mean Chi^2: 1.0137
Intercept: 0.9947 (0.0061)
Ratio < 0 (usually indicates GC correction).

Genetic Covariance
------------------
Total Observed scale gencov: 0.0643 (0.0135)
Mean z1*z2: 0.2038
Intercept: 0.1791 (0.0035)

Genetic Correlation
-------------------
Genetic Correlation: 0.6914 (0.1444)
Z-score: 4.7892
P: 1.6744e-06

Computing rg for phenotype 17/22
Reading summary statistics from ../results/ldsc/STAGE00DATA/mean_imputed/not_subsampled/munged/par26.sumstats.gz ...
Read summary statistics for 1217311 SNPs.
After merging with summary statistics, 1174407 SNPs remain.
1174407 SNPs with valid alleles.

Heritability of phenotype 17/22
-------------------------------
Total Observed scale h2: 0.0097 (0.0202)
Lambda GC: 1.0046
Mean Chi^2: 1.004
Intercept: 1.0003 (0.0054)
Ratio: 0.0858 (1.3416)

Genetic Covariance
------------------
Total Observed scale gencov: 0.0432 (0.0126)
Mean z1*z2: 0.1974
Intercept: 0.1808 (0.0032)

Genetic Correlation
-------------------
Genetic Correlation: 1.0552 (1.1213)
Z-score: 0.9411
P: 0.3467

Computing rg for phenotype 18/22
Reading summary statistics from ../results/ldsc/STAGE00DATA/mean_imputed/not_subsampled/munged/par27.sumstats.gz ...
Read summary statistics for 1217311 SNPs.
After merging with summary statistics, 1174407 SNPs remain.
1174407 SNPs with valid alleles.

Heritability of phenotype 18/22
-------------------------------
Total Observed scale h2: 0.0141 (0.024)
Lambda GC: 1.0165
Mean Chi^2: 1.0116
Intercept: 1.0064 (0.0061)
Ratio: 0.5476 (0.5221)

Genetic Covariance
------------------
Total Observed scale gencov: 0.0517 (0.0134)
Mean z1*z2: 0.1998
Intercept: 0.18 (0.0036)

Genetic Correlation
-------------------
Genetic Correlation: 1.0509 (0.7844)
Z-score: 1.3397
P: 0.1803

Computing rg for phenotype 19/22
Reading summary statistics from ../results/ldsc/STAGE00DATA/mean_imputed/not_subsampled/munged/par28.sumstats.gz ...
Read summary statistics for 1217311 SNPs.
After merging with summary statistics, 1174407 SNPs remain.
1174407 SNPs with valid alleles.

Heritability of phenotype 19/22
-------------------------------
Total Observed scale h2: 0.0992 (0.0248)
Lambda GC: 1.0405
Mean Chi^2: 1.0331
Intercept: 0.9946 (0.0064)
Ratio < 0 (usually indicates GC correction).

Genetic Covariance
------------------
Total Observed scale gencov: 0.0783 (0.0139)
Mean z1*z2: 0.2222
Intercept: 0.192 (0.0036)

Genetic Correlation
-------------------
Genetic Correlation: 0.5997 (0.0798)
Z-score: 7.5175
P: 5.5822e-14

Computing rg for phenotype 20/22
Reading summary statistics from ../results/ldsc/STAGE00DATA/mean_imputed/not_subsampled/munged/par29.sumstats.gz ...
Read summary statistics for 1217311 SNPs.
After merging with summary statistics, 1174407 SNPs remain.
1174407 SNPs with valid alleles.

Heritability of phenotype 20/22
-------------------------------
Total Observed scale h2: 0.065 (0.0232)
Lambda GC: 1.0315
Mean Chi^2: 1.0267
Intercept: 1.002 (0.0065)
Ratio: 0.0763 (0.2432)

Genetic Covariance
------------------
Total Observed scale gencov: 0.0728 (0.014)
Mean z1*z2: 0.2164
Intercept: 0.1883 (0.0036)

Genetic Correlation
-------------------
Genetic Correlation: 0.6891 (0.1232)
Z-score: 5.5911
P: 2.2559e-08

Computing rg for phenotype 21/22
Reading summary statistics from ../results/ldsc/STAGE00DATA/mean_imputed/not_subsampled/munged/par30.sumstats.gz ...
Read summary statistics for 1217311 SNPs.
After merging with summary statistics, 1174407 SNPs remain.
1174407 SNPs with valid alleles.

Heritability of phenotype 21/22
-------------------------------
Total Observed scale h2: 0.0181 (0.0224)
Lambda GC: 1.0046
Mean Chi^2: 1.0046
Intercept: 0.9977 (0.006)
Ratio < 0 (usually indicates GC correction).

Genetic Covariance
------------------
Total Observed scale gencov: 0.0565 (0.0131)
Mean z1*z2: 0.1976
Intercept: 0.1758 (0.0034)

Genetic Correlation
-------------------
Genetic Correlation: 1.0143 (0.5465)
Z-score: 1.8561
P: 0.0634

Computing rg for phenotype 22/22
Reading summary statistics from ../results/ldsc/STAGE00DATA/mean_imputed/not_subsampled/munged/par31.sumstats.gz ...
Read summary statistics for 1217311 SNPs.
After merging with summary statistics, 1174407 SNPs remain.
1174407 SNPs with valid alleles.

Heritability of phenotype 22/22
-------------------------------
Total Observed scale h2: 0.0248 (0.0204)
Lambda GC: 1.0195
Mean Chi^2: 1.0223
Intercept: 1.013 (0.0061)
Ratio: 0.5825 (0.2723)

Genetic Covariance
------------------
Total Observed scale gencov: 0.0694 (0.0151)
Mean z1*z2: 0.2031
Intercept: 0.1765 (0.0039)

Genetic Correlation
-------------------
Genetic Correlation: 1.0619 (0.3841)
Z-score: 2.7647
P: 0.0057


Summary of Genetic Correlation Results
                                                                               p1                                                                                p2      rg      se        z           p  h2_obs  h2_obs_se  h2_int  h2_int_se  gcov_int  gcov_int_se
 ../results/ldsc/STAGE00DATA/mean_imputed/not_subsampled/munged/par10.sumstats.gz  ../results/ldsc/STAGE00DATA/mean_imputed/not_subsampled/munged/par11.sumstats.gz  0.7845  0.0600  13.0652  5.2033e-39  0.1463     0.0264  1.0044     0.0060    0.2519       0.0042
 ../results/ldsc/STAGE00DATA/mean_imputed/not_subsampled/munged/par10.sumstats.gz  ../results/ldsc/STAGE00DATA/mean_imputed/not_subsampled/munged/par12.sumstats.gz  0.6574  0.0781   8.4155  3.9111e-17  0.1170     0.0254  0.9928     0.0062    0.1628       0.0035
 ../results/ldsc/STAGE00DATA/mean_imputed/not_subsampled/munged/par10.sumstats.gz  ../results/ldsc/STAGE00DATA/mean_imputed/not_subsampled/munged/par13.sumstats.gz  0.6529  0.1740   3.7534  1.7447e-04  0.0356     0.0229  1.0002     0.0056    0.1815       0.0032
 ../results/ldsc/STAGE00DATA/mean_imputed/not_subsampled/munged/par10.sumstats.gz  ../results/ldsc/STAGE00DATA/mean_imputed/not_subsampled/munged/par14.sumstats.gz  0.6444  0.0765   8.4204  3.7524e-17  0.1238     0.0242  0.9943     0.0065    0.1887       0.0038
 ../results/ldsc/STAGE00DATA/mean_imputed/not_subsampled/munged/par10.sumstats.gz  ../results/ldsc/STAGE00DATA/mean_imputed/not_subsampled/munged/par15.sumstats.gz  0.7292  0.1265   5.7642  8.2033e-09  0.0572     0.0217  1.0021     0.0061    0.1813       0.0035
 ../results/ldsc/STAGE00DATA/mean_imputed/not_subsampled/munged/par10.sumstats.gz  ../results/ldsc/STAGE00DATA/mean_imputed/not_subsampled/munged/par16.sumstats.gz  0.6683  0.0572  11.6817  1.5814e-31  0.1501     0.0233  0.9942     0.0063    0.2199       0.0039
 ../results/ldsc/STAGE00DATA/mean_imputed/not_subsampled/munged/par10.sumstats.gz  ../results/ldsc/STAGE00DATA/mean_imputed/not_subsampled/munged/par17.sumstats.gz  0.6660  0.0564  11.8191  3.1115e-32  0.1870     0.0284  1.0076     0.0067    0.1890       0.0040
 ../results/ldsc/STAGE00DATA/mean_imputed/not_subsampled/munged/par10.sumstats.gz  ../results/ldsc/STAGE00DATA/mean_imputed/not_subsampled/munged/par18.sumstats.gz  0.8826  0.1065   8.2874  1.1580e-16  0.0783     0.0215  0.9992     0.0059    0.2130       0.0042
 ../results/ldsc/STAGE00DATA/mean_imputed/not_subsampled/munged/par10.sumstats.gz  ../results/ldsc/STAGE00DATA/mean_imputed/not_subsampled/munged/par19.sumstats.gz  0.6647  0.1508   4.4078  1.0443e-05  0.0459     0.0243  1.0030     0.0060    0.1858       0.0038
 ../results/ldsc/STAGE00DATA/mean_imputed/not_subsampled/munged/par10.sumstats.gz  ../results/ldsc/STAGE00DATA/mean_imputed/not_subsampled/munged/par20.sumstats.gz  0.9359  0.0444  21.0982  8.2646e-99  0.1787     0.0280  1.0006     0.0062    0.5353       0.0056
 ../results/ldsc/STAGE00DATA/mean_imputed/not_subsampled/munged/par10.sumstats.gz  ../results/ldsc/STAGE00DATA/mean_imputed/not_subsampled/munged/par21.sumstats.gz  0.9347  0.0627  14.9125  2.7343e-50  0.0828     0.0246  0.9944     0.0061    0.6205       0.0057
 ../results/ldsc/STAGE00DATA/mean_imputed/not_subsampled/munged/par10.sumstats.gz  ../results/ldsc/STAGE00DATA/mean_imputed/not_subsampled/munged/par22.sumstats.gz  0.7933  0.0585  13.5632  6.6150e-42  0.1845     0.0249  1.0110     0.0062    0.2364       0.0041
 ../results/ldsc/STAGE00DATA/mean_imputed/not_subsampled/munged/par10.sumstats.gz  ../results/ldsc/STAGE00DATA/mean_imputed/not_subsampled/munged/par23.sumstats.gz  0.9452  0.1806   5.2347  1.6524e-07  0.0484     0.0250  1.0023     0.0062    0.2250       0.0040
 ../results/ldsc/STAGE00DATA/mean_imputed/not_subsampled/munged/par10.sumstats.gz  ../results/ldsc/STAGE00DATA/mean_imputed/not_subsampled/munged/par24.sumstats.gz  0.6080  0.0690   8.8049  1.3098e-18  0.1396     0.0273  0.9930     0.0064    0.1789       0.0035
 ../results/ldsc/STAGE00DATA/mean_imputed/not_subsampled/munged/par10.sumstats.gz  ../results/ldsc/STAGE00DATA/mean_imputed/not_subsampled/munged/par25.sumstats.gz  0.6914  0.1444   4.7892  1.6744e-06  0.0502     0.0231  0.9947     0.0061    0.1791       0.0035
 ../results/ldsc/STAGE00DATA/mean_imputed/not_subsampled/munged/par10.sumstats.gz  ../results/ldsc/STAGE00DATA/mean_imputed/not_subsampled/munged/par26.sumstats.gz  1.0552  1.1213   0.9411  3.4667e-01  0.0097     0.0202  1.0003     0.0054    0.1808       0.0032
 ../results/ldsc/STAGE00DATA/mean_imputed/not_subsampled/munged/par10.sumstats.gz  ../results/ldsc/STAGE00DATA/mean_imputed/not_subsampled/munged/par27.sumstats.gz  1.0509  0.7844   1.3397  1.8033e-01  0.0141     0.0240  1.0064     0.0061    0.1800       0.0036
 ../results/ldsc/STAGE00DATA/mean_imputed/not_subsampled/munged/par10.sumstats.gz  ../results/ldsc/STAGE00DATA/mean_imputed/not_subsampled/munged/par28.sumstats.gz  0.5997  0.0798   7.5175  5.5822e-14  0.0992     0.0248  0.9946     0.0064    0.1920       0.0036
 ../results/ldsc/STAGE00DATA/mean_imputed/not_subsampled/munged/par10.sumstats.gz  ../results/ldsc/STAGE00DATA/mean_imputed/not_subsampled/munged/par29.sumstats.gz  0.6891  0.1232   5.5911  2.2559e-08  0.0650     0.0232  1.0020     0.0065    0.1883       0.0036
 ../results/ldsc/STAGE00DATA/mean_imputed/not_subsampled/munged/par10.sumstats.gz  ../results/ldsc/STAGE00DATA/mean_imputed/not_subsampled/munged/par30.sumstats.gz  1.0143  0.5465   1.8561  6.3437e-02  0.0181     0.0224  0.9977     0.0060    0.1758       0.0034
 ../results/ldsc/STAGE00DATA/mean_imputed/not_subsampled/munged/par10.sumstats.gz  ../results/ldsc/STAGE00DATA/mean_imputed/not_subsampled/munged/par31.sumstats.gz  1.0619  0.3841   2.7647  5.6978e-03  0.0248     0.0204  1.0130     0.0061    0.1765       0.0039

Analysis finished at Tue Mar 22 13:01:11 2022
Total time elapsed: 2.0m:6.01s
