*********************************************************************
* LD Score Regression (LDSC)
* Version 1.0.1
* (C) 2014-2019 Brendan Bulik-Sullivan and Hilary Finucane
* Broad Institute of MIT and Harvard / MIT Department of Mathematics
* GNU General Public License v3
*********************************************************************
Call: 
./ldsc.py \
--ref-ld-chr ../SAMPLE_DATA/eur_w_ld_chr/ \
--out ../results/ldsc/STAGE00DATA/mean_imputed/not_subsampled/rg/par11 \
--rg ../results/ldsc/STAGE00DATA/mean_imputed/not_subsampled/munged/par11.sumstats.gz,../results/ldsc/STAGE00DATA/mean_imputed/not_subsampled/munged/par12.sumstats.gz,../results/ldsc/STAGE00DATA/mean_imputed/not_subsampled/munged/par13.sumstats.gz,../results/ldsc/STAGE00DATA/mean_imputed/not_subsampled/munged/par14.sumstats.gz,../results/ldsc/STAGE00DATA/mean_imputed/not_subsampled/munged/par15.sumstats.gz,../results/ldsc/STAGE00DATA/mean_imputed/not_subsampled/munged/par16.sumstats.gz,../results/ldsc/STAGE00DATA/mean_imputed/not_subsampled/munged/par17.sumstats.gz,../results/ldsc/STAGE00DATA/mean_imputed/not_subsampled/munged/par18.sumstats.gz,../results/ldsc/STAGE00DATA/mean_imputed/not_subsampled/munged/par19.sumstats.gz,../results/ldsc/STAGE00DATA/mean_imputed/not_subsampled/munged/par20.sumstats.gz,../results/ldsc/STAGE00DATA/mean_imputed/not_subsampled/munged/par21.sumstats.gz,../results/ldsc/STAGE00DATA/mean_imputed/not_subsampled/munged/par22.sumstats.gz,../results/ldsc/STAGE00DATA/mean_imputed/not_subsampled/munged/par23.sumstats.gz,../results/ldsc/STAGE00DATA/mean_imputed/not_subsampled/munged/par24.sumstats.gz,../results/ldsc/STAGE00DATA/mean_imputed/not_subsampled/munged/par25.sumstats.gz,../results/ldsc/STAGE00DATA/mean_imputed/not_subsampled/munged/par26.sumstats.gz,../results/ldsc/STAGE00DATA/mean_imputed/not_subsampled/munged/par27.sumstats.gz,../results/ldsc/STAGE00DATA/mean_imputed/not_subsampled/munged/par28.sumstats.gz,../results/ldsc/STAGE00DATA/mean_imputed/not_subsampled/munged/par29.sumstats.gz,../results/ldsc/STAGE00DATA/mean_imputed/not_subsampled/munged/par30.sumstats.gz,../results/ldsc/STAGE00DATA/mean_imputed/not_subsampled/munged/par31.sumstats.gz \
--w-ld-chr ../SAMPLE_DATA/eur_w_ld_chr/ 

Beginning analysis at Tue Mar 22 13:01:11 2022
Reading summary statistics from ../results/ldsc/STAGE00DATA/mean_imputed/not_subsampled/munged/par11.sumstats.gz ...
Read summary statistics for 1180716 SNPs.
Reading reference panel LD Score from ../SAMPLE_DATA/eur_w_ld_chr/[1-22] ... (ldscore_fromlist)
Read reference panel LD Scores for 1290028 SNPs.
Removing partitioned LD Scores with zero variance.
Reading regression weight LD Score from ../SAMPLE_DATA/eur_w_ld_chr/[1-22] ... (ldscore_fromlist)
Read regression weight LD Scores for 1290028 SNPs.
After merging with reference panel LD, 1174407 SNPs remain.
After merging with regression SNP LD, 1174407 SNPs remain.
Computing rg for phenotype 2/21
Reading summary statistics from ../results/ldsc/STAGE00DATA/mean_imputed/not_subsampled/munged/par12.sumstats.gz ...
Read summary statistics for 1217311 SNPs.
After merging with summary statistics, 1174407 SNPs remain.
1174407 SNPs with valid alleles.

Heritability of phenotype 1
---------------------------
Total Observed scale h2: 0.1463 (0.0264)
Lambda GC: 1.0772
Mean Chi^2: 1.0599
Intercept: 1.0044 (0.006)
Ratio: 0.073 (0.1009)

Heritability of phenotype 2/21
------------------------------
Total Observed scale h2: 0.117 (0.0254)
Lambda GC: 1.0436
Mean Chi^2: 1.0379
Intercept: 0.9928 (0.0062)
Ratio < 0 (usually indicates GC correction).

Genetic Covariance
------------------
Total Observed scale gencov: 0.0934 (0.0146)
Mean z1*z2: 0.2077
Intercept: 0.1712 (0.0034)

Genetic Correlation
-------------------
Genetic Correlation: 0.7141 (0.0813)
Z-score: 8.7806
P: 1.6261e-18

Computing rg for phenotype 3/21
Reading summary statistics from ../results/ldsc/STAGE00DATA/mean_imputed/not_subsampled/munged/par13.sumstats.gz ...
Read summary statistics for 1217311 SNPs.
After merging with summary statistics, 1174407 SNPs remain.
1174407 SNPs with valid alleles.

Heritability of phenotype 3/21
------------------------------
Total Observed scale h2: 0.0356 (0.0229)
Lambda GC: 1.0225
Mean Chi^2: 1.0136
Intercept: 1.0002 (0.0056)
Ratio: 0.0112 (0.4124)

Genetic Covariance
------------------
Total Observed scale gencov: 0.0583 (0.0136)
Mean z1*z2: 0.2135
Intercept: 0.1911 (0.0034)

Genetic Correlation
-------------------
Genetic Correlation: 0.8082 (0.2247)
Z-score: 3.5964
P: 0.0003

Computing rg for phenotype 4/21
Reading summary statistics from ../results/ldsc/STAGE00DATA/mean_imputed/not_subsampled/munged/par14.sumstats.gz ...
Read summary statistics for 1217311 SNPs.
After merging with summary statistics, 1174407 SNPs remain.
1174407 SNPs with valid alleles.

Heritability of phenotype 4/21
------------------------------
Total Observed scale h2: 0.1238 (0.0242)
Lambda GC: 1.0527
Mean Chi^2: 1.0415
Intercept: 0.9943 (0.0065)
Ratio < 0 (usually indicates GC correction).

Genetic Covariance
------------------
Total Observed scale gencov: 0.0929 (0.0147)
Mean z1*z2: 0.2826
Intercept: 0.2469 (0.0036)

Genetic Correlation
-------------------
Genetic Correlation: 0.6904 (0.0668)
Z-score: 10.3366
P: 4.8146e-25

Computing rg for phenotype 5/21
Reading summary statistics from ../results/ldsc/STAGE00DATA/mean_imputed/not_subsampled/munged/par15.sumstats.gz ...
Read summary statistics for 1217311 SNPs.
After merging with summary statistics, 1174407 SNPs remain.
1174407 SNPs with valid alleles.

Heritability of phenotype 5/21
------------------------------
Total Observed scale h2: 0.0572 (0.0217)
Lambda GC: 1.0225
Mean Chi^2: 1.0237
Intercept: 1.0021 (0.0061)
Ratio: 0.0893 (0.2559)

Genetic Covariance
------------------
Total Observed scale gencov: 0.0643 (0.0137)
Mean z1*z2: 0.2138
Intercept: 0.1893 (0.0035)

Genetic Correlation
-------------------
Genetic Correlation: 0.7033 (0.1373)
Z-score: 5.1215
P: 3.0311e-07

Computing rg for phenotype 6/21
Reading summary statistics from ../results/ldsc/STAGE00DATA/mean_imputed/not_subsampled/munged/par16.sumstats.gz ...
Read summary statistics for 1217311 SNPs.
After merging with summary statistics, 1174407 SNPs remain.
1174407 SNPs with valid alleles.

Heritability of phenotype 6/21
------------------------------
Total Observed scale h2: 0.1501 (0.0233)
Lambda GC: 1.0679
Mean Chi^2: 1.0505
Intercept: 0.9942 (0.0063)
Ratio < 0 (usually indicates GC correction).

Genetic Covariance
------------------
Total Observed scale gencov: 0.1078 (0.014)
Mean z1*z2: 0.2519
Intercept: 0.2111 (0.0037)

Genetic Correlation
-------------------
Genetic Correlation: 0.7278 (0.0694)
Z-score: 10.4864
P: 9.9762e-26

Computing rg for phenotype 7/21
Reading summary statistics from ../results/ldsc/STAGE00DATA/mean_imputed/not_subsampled/munged/par17.sumstats.gz ...
Read summary statistics for 1217311 SNPs.
After merging with summary statistics, 1174407 SNPs remain.
1174407 SNPs with valid alleles.

Heritability of phenotype 7/21
------------------------------
Total Observed scale h2: 0.187 (0.0284)
Lambda GC: 1.0957
Mean Chi^2: 1.0788
Intercept: 1.0076 (0.0067)
Ratio: 0.0958 (0.0854)

Genetic Covariance
------------------
Total Observed scale gencov: 0.1362 (0.017)
Mean z1*z2: 0.256
Intercept: 0.2036 (0.0039)

Genetic Correlation
-------------------
Genetic Correlation: 0.8234 (0.0679)
Z-score: 12.1324
P: 7.1166e-34

Computing rg for phenotype 8/21
Reading summary statistics from ../results/ldsc/STAGE00DATA/mean_imputed/not_subsampled/munged/par18.sumstats.gz ...
Read summary statistics for 1217311 SNPs.
After merging with summary statistics, 1174407 SNPs remain.
1174407 SNPs with valid alleles.

Heritability of phenotype 8/21
------------------------------
Total Observed scale h2: 0.0783 (0.0215)
Lambda GC: 1.0436
Mean Chi^2: 1.0289
Intercept: 0.9992 (0.0059)
Ratio < 0 (usually indicates GC correction).

Genetic Covariance
------------------
Total Observed scale gencov: 0.0926 (0.0137)
Mean z1*z2: 0.2425
Intercept: 0.2066 (0.0036)

Genetic Correlation
-------------------
Genetic Correlation: 0.8647 (0.1165)
Z-score: 7.421
P: 1.1628e-13

Computing rg for phenotype 9/21
Reading summary statistics from ../results/ldsc/STAGE00DATA/mean_imputed/not_subsampled/munged/par19.sumstats.gz ...
Read summary statistics for 1217311 SNPs.
After merging with summary statistics, 1174407 SNPs remain.
1174407 SNPs with valid alleles.

Heritability of phenotype 9/21
------------------------------
Total Observed scale h2: 0.0459 (0.0243)
Lambda GC: 1.0195
Mean Chi^2: 1.0204
Intercept: 1.003 (0.006)
Ratio: 0.1473 (0.2935)

Genetic Covariance
------------------
Total Observed scale gencov: 0.0762 (0.0156)
Mean z1*z2: 0.2646
Intercept: 0.2352 (0.0039)

Genetic Correlation
-------------------
Genetic Correlation: 0.9298 (0.1899)
Z-score: 4.8958
P: 9.7884e-07

Computing rg for phenotype 10/21
Reading summary statistics from ../results/ldsc/STAGE00DATA/mean_imputed/not_subsampled/munged/par20.sumstats.gz ...
Read summary statistics for 1217311 SNPs.
After merging with summary statistics, 1174407 SNPs remain.
1174407 SNPs with valid alleles.

Heritability of phenotype 10/21
-------------------------------
Total Observed scale h2: 0.1787 (0.028)
Lambda GC: 1.0741
Mean Chi^2: 1.0689
Intercept: 1.0006 (0.0062)
Ratio: 0.0086 (0.0907)

Genetic Covariance
------------------
Total Observed scale gencov: 0.1097 (0.0178)
Mean z1*z2: 0.2899
Intercept: 0.2476 (0.004)

Genetic Correlation
-------------------
Genetic Correlation: 0.6786 (0.06)
Z-score: 11.3055
P: 1.2328e-29

Computing rg for phenotype 11/21
Reading summary statistics from ../results/ldsc/STAGE00DATA/mean_imputed/not_subsampled/munged/par21.sumstats.gz ...
Read summary statistics for 1217311 SNPs.
After merging with summary statistics, 1174407 SNPs remain.
1174407 SNPs with valid alleles.

Heritability of phenotype 11/21
-------------------------------
Total Observed scale h2: 0.0828 (0.0246)
Lambda GC: 1.0345
Mean Chi^2: 1.0258
Intercept: 0.9944 (0.0061)
Ratio < 0 (usually indicates GC correction).

Genetic Covariance
------------------
Total Observed scale gencov: 0.0803 (0.0167)
Mean z1*z2: 0.2719
Intercept: 0.2412 (0.0041)

Genetic Correlation
-------------------
Genetic Correlation: 0.7298 (0.0926)
Z-score: 7.8851
P: 3.1420e-15

Computing rg for phenotype 12/21
Reading summary statistics from ../results/ldsc/STAGE00DATA/mean_imputed/not_subsampled/munged/par22.sumstats.gz ...
Read summary statistics for 1217311 SNPs.
After merging with summary statistics, 1174407 SNPs remain.
1174407 SNPs with valid alleles.

Heritability of phenotype 12/21
-------------------------------
Total Observed scale h2: 0.1845 (0.0249)
Lambda GC: 1.0988
Mean Chi^2: 1.0809
Intercept: 1.011 (0.0062)
Ratio: 0.1358 (0.076)

Genetic Covariance
------------------
Total Observed scale gencov: 0.1441 (0.0197)
Mean z1*z2: 0.5098
Intercept: 0.4546 (0.0047)

Genetic Correlation
-------------------
Genetic Correlation: 0.8772 (0.0523)
Z-score: 16.7612
P: 4.6942e-63

Computing rg for phenotype 13/21
Reading summary statistics from ../results/ldsc/STAGE00DATA/mean_imputed/not_subsampled/munged/par23.sumstats.gz ...
Read summary statistics for 1217311 SNPs.
After merging with summary statistics, 1174407 SNPs remain.
1174407 SNPs with valid alleles.

Heritability of phenotype 13/21
-------------------------------
Total Observed scale h2: 0.0484 (0.025)
Lambda GC: 1.0255
Mean Chi^2: 1.0208
Intercept: 1.0023 (0.0062)
Ratio: 0.1105 (0.3001)

Genetic Covariance
------------------
Total Observed scale gencov: 0.0874 (0.0232)
Mean z1*z2: 0.661
Intercept: 0.6275 (0.0059)

Genetic Correlation
-------------------
Genetic Correlation: 1.0386 (0.1236)
Z-score: 8.4012
P: 4.4188e-17

Computing rg for phenotype 14/21
Reading summary statistics from ../results/ldsc/STAGE00DATA/mean_imputed/not_subsampled/munged/par24.sumstats.gz ...
Read summary statistics for 1217311 SNPs.
After merging with summary statistics, 1174407 SNPs remain.
1174407 SNPs with valid alleles.

Heritability of phenotype 14/21
-------------------------------
Total Observed scale h2: 0.1396 (0.0273)
Lambda GC: 1.0557
Mean Chi^2: 1.0477
Intercept: 0.993 (0.0064)
Ratio < 0 (usually indicates GC correction).

Genetic Covariance
------------------
Total Observed scale gencov: 0.0927 (0.0152)
Mean z1*z2: 0.2233
Intercept: 0.1873 (0.0036)

Genetic Correlation
-------------------
Genetic Correlation: 0.6488 (0.0773)
Z-score: 8.3958
P: 4.6283e-17

Computing rg for phenotype 15/21
Reading summary statistics from ../results/ldsc/STAGE00DATA/mean_imputed/not_subsampled/munged/par25.sumstats.gz ...
Read summary statistics for 1217311 SNPs.
After merging with summary statistics, 1174407 SNPs remain.
1174407 SNPs with valid alleles.

Heritability of phenotype 15/21
-------------------------------
Total Observed scale h2: 0.0502 (0.0231)
Lambda GC: 1.0195
Mean Chi^2: 1.0137
Intercept: 0.9947 (0.0061)
Ratio < 0 (usually indicates GC correction).

Genetic Covariance
------------------
Total Observed scale gencov: 0.0766 (0.0132)
Mean z1*z2: 0.2149
Intercept: 0.1855 (0.0033)

Genetic Correlation
-------------------
Genetic Correlation: 0.893 (0.1785)
Z-score: 5.0037
P: 5.6239e-07

Computing rg for phenotype 16/21
Reading summary statistics from ../results/ldsc/STAGE00DATA/mean_imputed/not_subsampled/munged/par26.sumstats.gz ...
Read summary statistics for 1217311 SNPs.
After merging with summary statistics, 1174407 SNPs remain.
1174407 SNPs with valid alleles.

Heritability of phenotype 16/21
-------------------------------
Total Observed scale h2: 0.0097 (0.0202)
Lambda GC: 1.0046
Mean Chi^2: 1.004
Intercept: 1.0003 (0.0054)
Ratio: 0.0858 (1.3416)

Genetic Covariance
------------------
Total Observed scale gencov: 0.0435 (0.0128)
Mean z1*z2: 0.206
Intercept: 0.1893 (0.0035)

Genetic Correlation
-------------------
Genetic Correlation: 1.1528 (1.2576)
Z-score: 0.9167
P: 0.3593

Computing rg for phenotype 17/21
Reading summary statistics from ../results/ldsc/STAGE00DATA/mean_imputed/not_subsampled/munged/par27.sumstats.gz ...
Read summary statistics for 1217311 SNPs.
After merging with summary statistics, 1174407 SNPs remain.
1174407 SNPs with valid alleles.

Heritability of phenotype 17/21
-------------------------------
Total Observed scale h2: 0.0141 (0.024)
Lambda GC: 1.0165
Mean Chi^2: 1.0116
Intercept: 1.0064 (0.0061)
Ratio: 0.5476 (0.5221)

Genetic Covariance
------------------
Total Observed scale gencov: 0.0581 (0.0137)
Mean z1*z2: 0.2104
Intercept: 0.1883 (0.0034)

Genetic Correlation
-------------------
Genetic Correlation: nan (nan) (rg out of bounds) 
Z-score: nan (nan) (rg out of bounds)
P: nan (nan) (rg out of bounds)
WARNING: rg was out of bounds.
This often means that h2 is not significantly different from zero.

Computing rg for phenotype 18/21
Reading summary statistics from ../results/ldsc/STAGE00DATA/mean_imputed/not_subsampled/munged/par28.sumstats.gz ...
Read summary statistics for 1217311 SNPs.
After merging with summary statistics, 1174407 SNPs remain.
1174407 SNPs with valid alleles.

Heritability of phenotype 18/21
-------------------------------
Total Observed scale h2: 0.0992 (0.0248)
Lambda GC: 1.0405
Mean Chi^2: 1.0331
Intercept: 0.9946 (0.0064)
Ratio < 0 (usually indicates GC correction).

Genetic Covariance
------------------
Total Observed scale gencov: 0.0805 (0.0139)
Mean z1*z2: 0.2381
Intercept: 0.2069 (0.0038)

Genetic Correlation
-------------------
Genetic Correlation: 0.6685 (0.089)
Z-score: 7.5076
P: 6.0240e-14

Computing rg for phenotype 19/21
Reading summary statistics from ../results/ldsc/STAGE00DATA/mean_imputed/not_subsampled/munged/par29.sumstats.gz ...
Read summary statistics for 1217311 SNPs.
After merging with summary statistics, 1174407 SNPs remain.
1174407 SNPs with valid alleles.

Heritability of phenotype 19/21
-------------------------------
Total Observed scale h2: 0.065 (0.0232)
Lambda GC: 1.0315
Mean Chi^2: 1.0267
Intercept: 1.002 (0.0065)
Ratio: 0.0763 (0.2432)

Genetic Covariance
------------------
Total Observed scale gencov: 0.0714 (0.0148)
Mean z1*z2: 0.284
Intercept: 0.2566 (0.0037)

Genetic Correlation
-------------------
Genetic Correlation: 0.7326 (0.112)
Z-score: 6.5406
P: 6.1273e-11

Computing rg for phenotype 20/21
Reading summary statistics from ../results/ldsc/STAGE00DATA/mean_imputed/not_subsampled/munged/par30.sumstats.gz ...
Read summary statistics for 1217311 SNPs.
After merging with summary statistics, 1174407 SNPs remain.
1174407 SNPs with valid alleles.

Heritability of phenotype 20/21
-------------------------------
Total Observed scale h2: 0.0181 (0.0224)
Lambda GC: 1.0046
Mean Chi^2: 1.0046
Intercept: 0.9977 (0.006)
Ratio < 0 (usually indicates GC correction).

Genetic Covariance
------------------
Total Observed scale gencov: 0.0526 (0.0134)
Mean z1*z2: 0.2017
Intercept: 0.1814 (0.0034)

Genetic Correlation
-------------------
Genetic Correlation: 1.0244 (0.5655)
Z-score: 1.8115
P: 0.0701

Computing rg for phenotype 21/21
Reading summary statistics from ../results/ldsc/STAGE00DATA/mean_imputed/not_subsampled/munged/par31.sumstats.gz ...
Read summary statistics for 1217311 SNPs.
After merging with summary statistics, 1174407 SNPs remain.
1174407 SNPs with valid alleles.

Heritability of phenotype 21/21
-------------------------------
Total Observed scale h2: 0.0248 (0.0204)
Lambda GC: 1.0195
Mean Chi^2: 1.0223
Intercept: 1.013 (0.0061)
Ratio: 0.5825 (0.2723)

Genetic Covariance
------------------
Total Observed scale gencov: 0.0507 (0.0135)
Mean z1*z2: 0.2081
Intercept: 0.1886 (0.0037)

Genetic Correlation
-------------------
Genetic Correlation: 0.8403 (0.3001)
Z-score: 2.7997
P: 0.0051


Summary of Genetic Correlation Results
                                                                               p1                                                                                p2      rg      se        z           p  h2_obs  h2_obs_se  h2_int  h2_int_se  gcov_int  gcov_int_se
 ../results/ldsc/STAGE00DATA/mean_imputed/not_subsampled/munged/par11.sumstats.gz  ../results/ldsc/STAGE00DATA/mean_imputed/not_subsampled/munged/par12.sumstats.gz  0.7141  0.0813   8.7806  1.6261e-18  0.1170     0.0254  0.9928     0.0062    0.1712       0.0034
 ../results/ldsc/STAGE00DATA/mean_imputed/not_subsampled/munged/par11.sumstats.gz  ../results/ldsc/STAGE00DATA/mean_imputed/not_subsampled/munged/par13.sumstats.gz  0.8082  0.2247   3.5964  3.2265e-04  0.0356     0.0229  1.0002     0.0056    0.1911       0.0034
 ../results/ldsc/STAGE00DATA/mean_imputed/not_subsampled/munged/par11.sumstats.gz  ../results/ldsc/STAGE00DATA/mean_imputed/not_subsampled/munged/par14.sumstats.gz  0.6904  0.0668  10.3366  4.8146e-25  0.1238     0.0242  0.9943     0.0065    0.2469       0.0036
 ../results/ldsc/STAGE00DATA/mean_imputed/not_subsampled/munged/par11.sumstats.gz  ../results/ldsc/STAGE00DATA/mean_imputed/not_subsampled/munged/par15.sumstats.gz  0.7033  0.1373   5.1215  3.0311e-07  0.0572     0.0217  1.0021     0.0061    0.1893       0.0035
 ../results/ldsc/STAGE00DATA/mean_imputed/not_subsampled/munged/par11.sumstats.gz  ../results/ldsc/STAGE00DATA/mean_imputed/not_subsampled/munged/par16.sumstats.gz  0.7278  0.0694  10.4864  9.9762e-26  0.1501     0.0233  0.9942     0.0063    0.2111       0.0037
 ../results/ldsc/STAGE00DATA/mean_imputed/not_subsampled/munged/par11.sumstats.gz  ../results/ldsc/STAGE00DATA/mean_imputed/not_subsampled/munged/par17.sumstats.gz  0.8234  0.0679  12.1324  7.1166e-34  0.1870     0.0284  1.0076     0.0067    0.2036       0.0039
 ../results/ldsc/STAGE00DATA/mean_imputed/not_subsampled/munged/par11.sumstats.gz  ../results/ldsc/STAGE00DATA/mean_imputed/not_subsampled/munged/par18.sumstats.gz  0.8647  0.1165   7.4210  1.1628e-13  0.0783     0.0215  0.9992     0.0059    0.2066       0.0036
 ../results/ldsc/STAGE00DATA/mean_imputed/not_subsampled/munged/par11.sumstats.gz  ../results/ldsc/STAGE00DATA/mean_imputed/not_subsampled/munged/par19.sumstats.gz  0.9298  0.1899   4.8958  9.7884e-07  0.0459     0.0243  1.0030     0.0060    0.2352       0.0039
 ../results/ldsc/STAGE00DATA/mean_imputed/not_subsampled/munged/par11.sumstats.gz  ../results/ldsc/STAGE00DATA/mean_imputed/not_subsampled/munged/par20.sumstats.gz  0.6786  0.0600  11.3055  1.2328e-29  0.1787     0.0280  1.0006     0.0062    0.2476       0.0040
 ../results/ldsc/STAGE00DATA/mean_imputed/not_subsampled/munged/par11.sumstats.gz  ../results/ldsc/STAGE00DATA/mean_imputed/not_subsampled/munged/par21.sumstats.gz  0.7298  0.0926   7.8851  3.1420e-15  0.0828     0.0246  0.9944     0.0061    0.2412       0.0041
 ../results/ldsc/STAGE00DATA/mean_imputed/not_subsampled/munged/par11.sumstats.gz  ../results/ldsc/STAGE00DATA/mean_imputed/not_subsampled/munged/par22.sumstats.gz  0.8772  0.0523  16.7612  4.6942e-63  0.1845     0.0249  1.0110     0.0062    0.4546       0.0047
 ../results/ldsc/STAGE00DATA/mean_imputed/not_subsampled/munged/par11.sumstats.gz  ../results/ldsc/STAGE00DATA/mean_imputed/not_subsampled/munged/par23.sumstats.gz  1.0386  0.1236   8.4012  4.4188e-17  0.0484     0.0250  1.0023     0.0062    0.6275       0.0059
 ../results/ldsc/STAGE00DATA/mean_imputed/not_subsampled/munged/par11.sumstats.gz  ../results/ldsc/STAGE00DATA/mean_imputed/not_subsampled/munged/par24.sumstats.gz  0.6488  0.0773   8.3958  4.6283e-17  0.1396     0.0273  0.9930     0.0064    0.1873       0.0036
 ../results/ldsc/STAGE00DATA/mean_imputed/not_subsampled/munged/par11.sumstats.gz  ../results/ldsc/STAGE00DATA/mean_imputed/not_subsampled/munged/par25.sumstats.gz  0.8930  0.1785   5.0037  5.6239e-07  0.0502     0.0231  0.9947     0.0061    0.1855       0.0033
 ../results/ldsc/STAGE00DATA/mean_imputed/not_subsampled/munged/par11.sumstats.gz  ../results/ldsc/STAGE00DATA/mean_imputed/not_subsampled/munged/par26.sumstats.gz  1.1528  1.2576   0.9167  3.5928e-01  0.0097     0.0202  1.0003     0.0054    0.1893       0.0035
 ../results/ldsc/STAGE00DATA/mean_imputed/not_subsampled/munged/par11.sumstats.gz  ../results/ldsc/STAGE00DATA/mean_imputed/not_subsampled/munged/par27.sumstats.gz  1.2794  0.9613   1.3309  1.8323e-01  0.0141     0.0240  1.0064     0.0061    0.1883       0.0034
 ../results/ldsc/STAGE00DATA/mean_imputed/not_subsampled/munged/par11.sumstats.gz  ../results/ldsc/STAGE00DATA/mean_imputed/not_subsampled/munged/par28.sumstats.gz  0.6685  0.0890   7.5076  6.0240e-14  0.0992     0.0248  0.9946     0.0064    0.2069       0.0038
 ../results/ldsc/STAGE00DATA/mean_imputed/not_subsampled/munged/par11.sumstats.gz  ../results/ldsc/STAGE00DATA/mean_imputed/not_subsampled/munged/par29.sumstats.gz  0.7326  0.1120   6.5406  6.1273e-11  0.0650     0.0232  1.0020     0.0065    0.2566       0.0037
 ../results/ldsc/STAGE00DATA/mean_imputed/not_subsampled/munged/par11.sumstats.gz  ../results/ldsc/STAGE00DATA/mean_imputed/not_subsampled/munged/par30.sumstats.gz  1.0244  0.5655   1.8115  7.0058e-02  0.0181     0.0224  0.9977     0.0060    0.1814       0.0034
 ../results/ldsc/STAGE00DATA/mean_imputed/not_subsampled/munged/par11.sumstats.gz  ../results/ldsc/STAGE00DATA/mean_imputed/not_subsampled/munged/par31.sumstats.gz  0.8403  0.3001   2.7997  5.1145e-03  0.0248     0.0204  1.0130     0.0061    0.1886       0.0037

Analysis finished at Tue Mar 22 13:03:11 2022
Total time elapsed: 1.0m:59.07s
