*********************************************************************
* LD Score Regression (LDSC)
* Version 1.0.1
* (C) 2014-2019 Brendan Bulik-Sullivan and Hilary Finucane
* Broad Institute of MIT and Harvard / MIT Department of Mathematics
* GNU General Public License v3
*********************************************************************
Call: 
./ldsc.py \
--ref-ld-chr ../SAMPLE_DATA/eur_w_ld_chr/ \
--out ../results/ldsc/STAGE00DATA/mean_imputed/not_subsampled/rg/par24 \
--rg ../results/ldsc/STAGE00DATA/mean_imputed/not_subsampled/munged/par24.sumstats.gz,../results/ldsc/STAGE00DATA/mean_imputed/not_subsampled/munged/par25.sumstats.gz,../results/ldsc/STAGE00DATA/mean_imputed/not_subsampled/munged/par26.sumstats.gz,../results/ldsc/STAGE00DATA/mean_imputed/not_subsampled/munged/par27.sumstats.gz,../results/ldsc/STAGE00DATA/mean_imputed/not_subsampled/munged/par28.sumstats.gz,../results/ldsc/STAGE00DATA/mean_imputed/not_subsampled/munged/par29.sumstats.gz,../results/ldsc/STAGE00DATA/mean_imputed/not_subsampled/munged/par30.sumstats.gz,../results/ldsc/STAGE00DATA/mean_imputed/not_subsampled/munged/par31.sumstats.gz \
--w-ld-chr ../SAMPLE_DATA/eur_w_ld_chr/ 

Beginning analysis at Tue Mar 22 13:20:18 2022
Reading summary statistics from ../results/ldsc/STAGE00DATA/mean_imputed/not_subsampled/munged/par24.sumstats.gz ...
Read summary statistics for 1180716 SNPs.
Reading reference panel LD Score from ../SAMPLE_DATA/eur_w_ld_chr/[1-22] ... (ldscore_fromlist)
Read reference panel LD Scores for 1290028 SNPs.
Removing partitioned LD Scores with zero variance.
Reading regression weight LD Score from ../SAMPLE_DATA/eur_w_ld_chr/[1-22] ... (ldscore_fromlist)
Read regression weight LD Scores for 1290028 SNPs.
After merging with reference panel LD, 1174407 SNPs remain.
After merging with regression SNP LD, 1174407 SNPs remain.
Computing rg for phenotype 2/8
Reading summary statistics from ../results/ldsc/STAGE00DATA/mean_imputed/not_subsampled/munged/par25.sumstats.gz ...
Read summary statistics for 1217311 SNPs.
After merging with summary statistics, 1174407 SNPs remain.
1174407 SNPs with valid alleles.

Heritability of phenotype 1
---------------------------
Total Observed scale h2: 0.1396 (0.0273)
Lambda GC: 1.0557
Mean Chi^2: 1.0477
Intercept: 0.993 (0.0064)
Ratio < 0 (usually indicates GC correction).

Heritability of phenotype 2/8
-----------------------------
Total Observed scale h2: 0.0502 (0.0231)
Lambda GC: 1.0195
Mean Chi^2: 1.0137
Intercept: 0.9947 (0.0061)
Ratio < 0 (usually indicates GC correction).

Genetic Covariance
------------------
Total Observed scale gencov: 0.0777 (0.015)
Mean z1*z2: 0.2828
Intercept: 0.2527 (0.0039)

Genetic Correlation
-------------------
Genetic Correlation: 0.9277 (0.1627)
Z-score: 5.7022
P: 1.1828e-08

Computing rg for phenotype 3/8
Reading summary statistics from ../results/ldsc/STAGE00DATA/mean_imputed/not_subsampled/munged/par26.sumstats.gz ...
Read summary statistics for 1217311 SNPs.
After merging with summary statistics, 1174407 SNPs remain.
1174407 SNPs with valid alleles.

Heritability of phenotype 3/8
-----------------------------
Total Observed scale h2: 0.0097 (0.0202)
Lambda GC: 1.0046
Mean Chi^2: 1.004
Intercept: 1.0003 (0.0054)
Ratio: 0.0858 (1.3416)

Genetic Covariance
------------------
Total Observed scale gencov: 0.0373 (0.0144)
Mean z1*z2: 0.2475
Intercept: 0.2329 (0.0037)

Genetic Correlation
-------------------
Genetic Correlation: 1.013 (1.0199)
Z-score: 0.9933
P: 0.3206

Computing rg for phenotype 4/8
Reading summary statistics from ../results/ldsc/STAGE00DATA/mean_imputed/not_subsampled/munged/par27.sumstats.gz ...
Read summary statistics for 1217311 SNPs.
After merging with summary statistics, 1174407 SNPs remain.
1174407 SNPs with valid alleles.

Heritability of phenotype 4/8
-----------------------------
Total Observed scale h2: 0.0141 (0.024)
Lambda GC: 1.0165
Mean Chi^2: 1.0116
Intercept: 1.0064 (0.0061)
Ratio: 0.5476 (0.5221)

Genetic Covariance
------------------
Total Observed scale gencov: 0.046 (0.0142)
Mean z1*z2: 0.2395
Intercept: 0.2217 (0.0037)

Genetic Correlation
-------------------
Genetic Correlation: 1.0361 (0.7157)
Z-score: 1.4477
P: 0.1477

Computing rg for phenotype 5/8
Reading summary statistics from ../results/ldsc/STAGE00DATA/mean_imputed/not_subsampled/munged/par28.sumstats.gz ...
Read summary statistics for 1217311 SNPs.
After merging with summary statistics, 1174407 SNPs remain.
1174407 SNPs with valid alleles.

Heritability of phenotype 5/8
-----------------------------
Total Observed scale h2: 0.0992 (0.0248)
Lambda GC: 1.0405
Mean Chi^2: 1.0331
Intercept: 0.9946 (0.0064)
Ratio < 0 (usually indicates GC correction).

Genetic Covariance
------------------
Total Observed scale gencov: 0.0705 (0.0148)
Mean z1*z2: 0.2539
Intercept: 0.2261 (0.0037)

Genetic Correlation
-------------------
Genetic Correlation: 0.5992 (0.0858)
Z-score: 6.9837
P: 2.8742e-12

Computing rg for phenotype 6/8
Reading summary statistics from ../results/ldsc/STAGE00DATA/mean_imputed/not_subsampled/munged/par29.sumstats.gz ...
Read summary statistics for 1217311 SNPs.
After merging with summary statistics, 1174407 SNPs remain.
1174407 SNPs with valid alleles.

Heritability of phenotype 6/8
-----------------------------
Total Observed scale h2: 0.065 (0.0232)
Lambda GC: 1.0315
Mean Chi^2: 1.0267
Intercept: 1.002 (0.0065)
Ratio: 0.0763 (0.2432)

Genetic Covariance
------------------
Total Observed scale gencov: 0.0648 (0.0129)
Mean z1*z2: 0.2128
Intercept: 0.1874 (0.0036)

Genetic Correlation
-------------------
Genetic Correlation: 0.6802 (0.1197)
Z-score: 5.6827
P: 1.3259e-08

Computing rg for phenotype 7/8
Reading summary statistics from ../results/ldsc/STAGE00DATA/mean_imputed/not_subsampled/munged/par30.sumstats.gz ...
Read summary statistics for 1217311 SNPs.
After merging with summary statistics, 1174407 SNPs remain.
1174407 SNPs with valid alleles.

Heritability of phenotype 7/8
-----------------------------
Total Observed scale h2: 0.0181 (0.0224)
Lambda GC: 1.0046
Mean Chi^2: 1.0046
Intercept: 0.9977 (0.006)
Ratio < 0 (usually indicates GC correction).

Genetic Covariance
------------------
Total Observed scale gencov: 0.022 (0.0129)
Mean z1*z2: 0.1981
Intercept: 0.1892 (0.0034)

Genetic Correlation
-------------------
Genetic Correlation: 0.4377 (0.2666)
Z-score: 1.6417
P: 0.1006

Computing rg for phenotype 8/8
Reading summary statistics from ../results/ldsc/STAGE00DATA/mean_imputed/not_subsampled/munged/par31.sumstats.gz ...
Read summary statistics for 1217311 SNPs.
After merging with summary statistics, 1174407 SNPs remain.
1174407 SNPs with valid alleles.

Heritability of phenotype 8/8
-----------------------------
Total Observed scale h2: 0.0248 (0.0204)
Lambda GC: 1.0195
Mean Chi^2: 1.0223
Intercept: 1.013 (0.0061)
Ratio: 0.5825 (0.2723)

Genetic Covariance
------------------
Total Observed scale gencov: 0.0403 (0.0131)
Mean z1*z2: 0.1996
Intercept: 0.1841 (0.0034)

Genetic Correlation
-------------------
Genetic Correlation: 0.6848 (0.2601)
Z-score: 2.633
P: 0.0085


Summary of Genetic Correlation Results
                                                                               p1                                                                                p2      rg      se       z           p  h2_obs  h2_obs_se  h2_int  h2_int_se  gcov_int  gcov_int_se
 ../results/ldsc/STAGE00DATA/mean_imputed/not_subsampled/munged/par24.sumstats.gz  ../results/ldsc/STAGE00DATA/mean_imputed/not_subsampled/munged/par25.sumstats.gz  0.9277  0.1627  5.7022  1.1828e-08  0.0502     0.0231  0.9947     0.0061    0.2527       0.0039
 ../results/ldsc/STAGE00DATA/mean_imputed/not_subsampled/munged/par24.sumstats.gz  ../results/ldsc/STAGE00DATA/mean_imputed/not_subsampled/munged/par26.sumstats.gz  1.0130  1.0199  0.9933  3.2058e-01  0.0097     0.0202  1.0003     0.0054    0.2329       0.0037
 ../results/ldsc/STAGE00DATA/mean_imputed/not_subsampled/munged/par24.sumstats.gz  ../results/ldsc/STAGE00DATA/mean_imputed/not_subsampled/munged/par27.sumstats.gz  1.0361  0.7157  1.4477  1.4770e-01  0.0141     0.0240  1.0064     0.0061    0.2217       0.0037
 ../results/ldsc/STAGE00DATA/mean_imputed/not_subsampled/munged/par24.sumstats.gz  ../results/ldsc/STAGE00DATA/mean_imputed/not_subsampled/munged/par28.sumstats.gz  0.5992  0.0858  6.9837  2.8742e-12  0.0992     0.0248  0.9946     0.0064    0.2261       0.0037
 ../results/ldsc/STAGE00DATA/mean_imputed/not_subsampled/munged/par24.sumstats.gz  ../results/ldsc/STAGE00DATA/mean_imputed/not_subsampled/munged/par29.sumstats.gz  0.6802  0.1197  5.6827  1.3259e-08  0.0650     0.0232  1.0020     0.0065    0.1874       0.0036
 ../results/ldsc/STAGE00DATA/mean_imputed/not_subsampled/munged/par24.sumstats.gz  ../results/ldsc/STAGE00DATA/mean_imputed/not_subsampled/munged/par30.sumstats.gz  0.4377  0.2666  1.6417  1.0064e-01  0.0181     0.0224  0.9977     0.0060    0.1892       0.0034
 ../results/ldsc/STAGE00DATA/mean_imputed/not_subsampled/munged/par24.sumstats.gz  ../results/ldsc/STAGE00DATA/mean_imputed/not_subsampled/munged/par31.sumstats.gz  0.6848  0.2601  2.6330  8.4646e-03  0.0248     0.0204  1.0130     0.0061    0.1841       0.0034

Analysis finished at Tue Mar 22 13:21:07 2022
Total time elapsed: 49.54s
