*********************************************************************
* LD Score Regression (LDSC)
* Version 1.0.1
* (C) 2014-2019 Brendan Bulik-Sullivan and Hilary Finucane
* Broad Institute of MIT and Harvard / MIT Department of Mathematics
* GNU General Public License v3
*********************************************************************
Call: 
./ldsc.py \
--h2 v1/MUNGE_OUTPUT26.sumstats.gz \
--ref-ld-chr ../SAMPLE_DATA/eur_w_ld_chr/ \
--out v2/MUNGE_OUTPUT26 \
--w-ld-chr ../SAMPLE_DATA/eur_w_ld_chr/ 

Beginning analysis at Sun Feb 20 01:21:23 2022
Reading summary statistics from v1/MUNGE_OUTPUT26.sumstats.gz ...
Read summary statistics for 7033675 SNPs.
Reading reference panel LD Score from ../SAMPLE_DATA/eur_w_ld_chr/[1-22] ... (ldscore_fromlist)
Read reference panel LD Scores for 1290028 SNPs.
Removing partitioned LD Scores with zero variance.
Reading regression weight LD Score from ../SAMPLE_DATA/eur_w_ld_chr/[1-22] ... (ldscore_fromlist)
Read regression weight LD Scores for 1290028 SNPs.
After merging with reference panel LD, 1174774 SNPs remain.
After merging with regression SNP LD, 1174774 SNPs remain.
Using two-step estimator with cutoff at 30.
Total Observed scale h2: 0.1531 (0.0241)
Lambda GC: 1.0741
Mean Chi^2: 1.0672
Intercept: 1.0085 (0.006)
Ratio: 0.1271 (0.0899)
Analysis finished at Sun Feb 20 01:22:04 2022
Total time elapsed: 41.34s
