*********************************************************************
* LD Score Regression (LDSC)
* Version 1.0.1
* (C) 2014-2019 Brendan Bulik-Sullivan and Hilary Finucane
* Broad Institute of MIT and Harvard / MIT Department of Mathematics
* GNU General Public License v3
*********************************************************************
Call: 
./ldsc.py \
--h2 ../results/ldsc/face/munged/par03.sumstats.gz \
--ref-ld-chr ../SAMPLE_DATA/eur_w_ld_chr/ \
--out ../results/ldsc/face/h2/par03 \
--w-ld-chr ../SAMPLE_DATA/eur_w_ld_chr/ 

Beginning analysis at Wed Mar 16 18:09:09 2022
Reading summary statistics from ../results/ldsc/face/munged/par03.sumstats.gz ...
Read summary statistics for 1745 SNPs.
Reading reference panel LD Score from ../SAMPLE_DATA/eur_w_ld_chr/[1-22] ... (ldscore_fromlist)
Read reference panel LD Scores for 1290028 SNPs.
Removing partitioned LD Scores with zero variance.
Reading regression weight LD Score from ../SAMPLE_DATA/eur_w_ld_chr/[1-22] ... (ldscore_fromlist)
Read regression weight LD Scores for 1290028 SNPs.
After merging with reference panel LD, 437 SNPs remain.
After merging with regression SNP LD, 437 SNPs remain.
WARNING: number of SNPs less than 200k; this is almost always bad.
Using two-step estimator with cutoff at 30.
Total Observed scale h2: -1.0833 (0.5254)
Lambda GC: 0.4334
Mean Chi^2: 0.3891
Intercept: 0.5777 (0.1064)
Ratio: NA (mean chi^2 < 1)
Analysis finished at Wed Mar 16 18:09:20 2022
Total time elapsed: 11.13s
