*********************************************************************
* LD Score Regression (LDSC)
* Version 1.0.1
* (C) 2014-2019 Brendan Bulik-Sullivan and Hilary Finucane
* Broad Institute of MIT and Harvard / MIT Department of Mathematics
* GNU General Public License v3
*********************************************************************
Call: 
./munge_sumstats.py \
--signed-sumstats ChiScore,1 \
--delim , \
--out v1/MUNGE_OUTPUT1 \
--n-min 19644.0 \
--snp rsID \
--sumstats ../results/genomeDemo/STAGE00DATA/data.csv \
--p P-value \
--no-alleles  


ERROR converting summary statistics:

Traceback (most recent call last):
  File "./ldsc/munge_sumstats.py", line 553, in munge_sumstats
    file_cnames = read_header(args.sumstats, args.delim)  # note keys not cleaned
  File "./ldsc/munge_sumstats.py", line 128, in read_header
    return [x.rstrip('\n') for x in openfunc(fh).readline().split(delim)]
IOError: [Errno 2] No such file or directory: '../results/genomeDemo/STAGE00DATA/data.csv'


Conversion finished at Sat Feb 19 22:36:34 2022
Total time elapsed: 0.0s
