*********************************************************************
* LD Score Regression (LDSC)
* Version 1.0.1
* (C) 2014-2019 Brendan Bulik-Sullivan and Hilary Finucane
* Broad Institute of MIT and Harvard / MIT Department of Mathematics
* GNU General Public License v3
*********************************************************************
Call: 
./munge_sumstats.py \
--signed-sumstats ChiScore,1 \
--delim , \
--out v1/MUNGE_OUTPUT01 \
--n-min 19644.0 \
--a1 A1 \
--a2 A2 \
--snp rsID \
--sumstats data.csv \
--p P-value 

Interpreting column names as follows:
P-value:	p-Value
N:	Sample size
A1:	Allele 1, interpreted as ref allele for signed sumstat.
rsID:	Variant ID (e.g., rs number)
A2:	Allele 2, interpreted as non-ref allele for signed sumstat.
ChiScore:	Directional summary statistic as specified by --signed-sumstats.

Reading sumstats from data.csv into memory 5000000 SNPs at a time.

Conversion finished at Mon Feb 21 16:17:03 2022
Total time elapsed: 6.87s
