*********************************************************************
* LD Score Regression (LDSC)
* Version 1.0.1
* (C) 2014-2019 Brendan Bulik-Sullivan and Hilary Finucane
* Broad Institute of MIT and Harvard / MIT Department of Mathematics
* GNU General Public License v3
*********************************************************************
Call: 
./ldsc.py \
--ref-ld-chr ../SAMPLE_DATA/eur_w_ld_chr/ \
--out ../results/asymmetry/ldsc/disVsRep/rg/par08 \
--rg ../results/asymmetry/ldsc/STAGE00DATA/mean_imputed/not_subsampled/munged/par08.sumstats.gz,../results/asymmetry/ldsc/BATCH2_2021_DATA/mean_imputed/not_subsampled/munged/par08.sumstats.gz \
--w-ld-chr ../SAMPLE_DATA/eur_w_ld_chr/ 

Beginning analysis at Sat Apr 16 20:42:23 2022
Reading summary statistics from ../results/asymmetry/ldsc/STAGE00DATA/mean_imputed/not_subsampled/munged/par08.sumstats.gz ...
Read summary statistics for 1180716 SNPs.
Reading reference panel LD Score from ../SAMPLE_DATA/eur_w_ld_chr/[1-22] ... (ldscore_fromlist)
Read reference panel LD Scores for 1290028 SNPs.
Removing partitioned LD Scores with zero variance.
Reading regression weight LD Score from ../SAMPLE_DATA/eur_w_ld_chr/[1-22] ... (ldscore_fromlist)
Read regression weight LD Scores for 1290028 SNPs.
After merging with reference panel LD, 1174407 SNPs remain.
After merging with regression SNP LD, 1174407 SNPs remain.
Computing rg for phenotype 2/2
Reading summary statistics from ../results/asymmetry/ldsc/BATCH2_2021_DATA/mean_imputed/not_subsampled/munged/par08.sumstats.gz ...
Read summary statistics for 1217311 SNPs.
After merging with summary statistics, 1174407 SNPs remain.
1168875 SNPs with valid alleles.

Heritability of phenotype 1
---------------------------
Total Observed scale h2: 0.1806 (0.025)
Lambda GC: 1.0802
Mean Chi^2: 1.0627
Intercept: 0.9948 (0.006)
Ratio < 0 (usually indicates GC correction).

Heritability of phenotype 2/2
-----------------------------
Total Observed scale h2: 0.1555 (0.0296)
Lambda GC: 1.0864
Mean Chi^2: 1.0623
Intercept: 1.0132 (0.0065)
Ratio: 0.212 (0.1045)

Genetic Covariance
------------------
Total Observed scale gencov: 0.1176 (0.015)
Mean z1*z2: 0.212
Intercept: 0.1711 (0.0035)

Genetic Correlation
-------------------
Genetic Correlation: 0.7016 (0.0682)
Z-score: 10.2852
P: 8.2151e-25


Summary of Genetic Correlation Results
                                                                                         p1                                                                                               p2      rg      se        z           p  h2_obs  h2_obs_se  h2_int  h2_int_se  gcov_int  gcov_int_se
 ../results/asymmetry/ldsc/STAGE00DATA/mean_imputed/not_subsampled/munged/par08.sumstats.gz  ../results/asymmetry/ldsc/BATCH2_2021_DATA/mean_imputed/not_subsampled/munged/par08.sumstats.gz  0.7016  0.0682  10.2852  8.2151e-25  0.1555     0.0296  1.0132     0.0065    0.1711       0.0035

Analysis finished at Sat Apr 16 20:42:40 2022
Total time elapsed: 17.11s
