*********************************************************************
* LD Score Regression (LDSC)
* Version 1.0.1
* (C) 2014-2019 Brendan Bulik-Sullivan and Hilary Finucane
* Broad Institute of MIT and Harvard / MIT Department of Mathematics
* GNU General Public License v3
*********************************************************************
Call: 
./ldsc.py \
--ref-ld-chr ../SAMPLE_DATA/eur_w_ld_chr/ \
--out ../results/asymmetry/ldsc/disVsRep/rg/par14 \
--rg ../results/asymmetry/ldsc/STAGE00DATA/mean_imputed/not_subsampled/munged/par14.sumstats.gz,../results/asymmetry/ldsc/BATCH2_2021_DATA/mean_imputed/not_subsampled/munged/par14.sumstats.gz \
--w-ld-chr ../SAMPLE_DATA/eur_w_ld_chr/ 

Beginning analysis at Sat Apr 16 20:44:17 2022
Reading summary statistics from ../results/asymmetry/ldsc/STAGE00DATA/mean_imputed/not_subsampled/munged/par14.sumstats.gz ...
Read summary statistics for 1180716 SNPs.
Reading reference panel LD Score from ../SAMPLE_DATA/eur_w_ld_chr/[1-22] ... (ldscore_fromlist)
Read reference panel LD Scores for 1290028 SNPs.
Removing partitioned LD Scores with zero variance.
Reading regression weight LD Score from ../SAMPLE_DATA/eur_w_ld_chr/[1-22] ... (ldscore_fromlist)
Read regression weight LD Scores for 1290028 SNPs.
After merging with reference panel LD, 1174407 SNPs remain.
After merging with regression SNP LD, 1174407 SNPs remain.
Computing rg for phenotype 2/2
Reading summary statistics from ../results/asymmetry/ldsc/BATCH2_2021_DATA/mean_imputed/not_subsampled/munged/par14.sumstats.gz ...
Read summary statistics for 1217311 SNPs.
After merging with summary statistics, 1174407 SNPs remain.
1168875 SNPs with valid alleles.

Heritability of phenotype 1
---------------------------
Total Observed scale h2: 0.1239 (0.0241)
Lambda GC: 1.0527
Mean Chi^2: 1.0417
Intercept: 0.9944 (0.0065)
Ratio < 0 (usually indicates GC correction).

Heritability of phenotype 2/2
-----------------------------
Total Observed scale h2: 0.0792 (0.0299)
Lambda GC: 1.0225
Mean Chi^2: 1.0258
Intercept: 1.0006 (0.0061)
Ratio: 0.0243 (0.237)

Genetic Covariance
------------------
Total Observed scale gencov: 0.0672 (0.015)
Mean z1*z2: 0.2017
Intercept: 0.178 (0.0036)

Genetic Correlation
-------------------
Genetic Correlation: 0.6786 (0.1248)
Z-score: 5.4356
P: 5.4610e-08


Summary of Genetic Correlation Results
                                                                                         p1                                                                                               p2      rg      se       z           p  h2_obs  h2_obs_se  h2_int  h2_int_se  gcov_int  gcov_int_se
 ../results/asymmetry/ldsc/STAGE00DATA/mean_imputed/not_subsampled/munged/par14.sumstats.gz  ../results/asymmetry/ldsc/BATCH2_2021_DATA/mean_imputed/not_subsampled/munged/par14.sumstats.gz  0.6786  0.1248  5.4356  5.4610e-08  0.0792     0.0299  1.0006     0.0061     0.178       0.0036

Analysis finished at Sat Apr 16 20:44:34 2022
Total time elapsed: 17.48s
