*********************************************************************
* LD Score Regression (LDSC)
* Version 1.0.1
* (C) 2014-2019 Brendan Bulik-Sullivan and Hilary Finucane
* Broad Institute of MIT and Harvard / MIT Department of Mathematics
* GNU General Public License v3
*********************************************************************
Call: 
./ldsc.py \
--ref-ld-chr ../SAMPLE_DATA/eur_w_ld_chr/ \
--out ../results/asymmetry/ldsc/disVsRep/rg/par12 \
--rg ../results/asymmetry/ldsc/STAGE00DATA/mean_imputed/not_subsampled/munged/par12.sumstats.gz,../results/asymmetry/ldsc/BATCH2_2021_DATA/mean_imputed/not_subsampled/munged/par12.sumstats.gz \
--w-ld-chr ../SAMPLE_DATA/eur_w_ld_chr/ 

Beginning analysis at Sat Apr 16 20:43:38 2022
Reading summary statistics from ../results/asymmetry/ldsc/STAGE00DATA/mean_imputed/not_subsampled/munged/par12.sumstats.gz ...
Read summary statistics for 1180716 SNPs.
Reading reference panel LD Score from ../SAMPLE_DATA/eur_w_ld_chr/[1-22] ... (ldscore_fromlist)
Read reference panel LD Scores for 1290028 SNPs.
Removing partitioned LD Scores with zero variance.
Reading regression weight LD Score from ../SAMPLE_DATA/eur_w_ld_chr/[1-22] ... (ldscore_fromlist)
Read regression weight LD Scores for 1290028 SNPs.
After merging with reference panel LD, 1174407 SNPs remain.
After merging with regression SNP LD, 1174407 SNPs remain.
Computing rg for phenotype 2/2
Reading summary statistics from ../results/asymmetry/ldsc/BATCH2_2021_DATA/mean_imputed/not_subsampled/munged/par12.sumstats.gz ...
Read summary statistics for 1217311 SNPs.
After merging with summary statistics, 1174407 SNPs remain.
1168875 SNPs with valid alleles.

Heritability of phenotype 1
---------------------------
Total Observed scale h2: 0.1155 (0.0257)
Lambda GC: 1.0436
Mean Chi^2: 1.038
Intercept: 0.9935 (0.0062)
Ratio < 0 (usually indicates GC correction).

Heritability of phenotype 2/2
-----------------------------
Total Observed scale h2: 0.0782 (0.0293)
Lambda GC: 1.0225
Mean Chi^2: 1.0251
Intercept: 1.0004 (0.0059)
Ratio: 0.0161 (0.2346)

Genetic Covariance
------------------
Total Observed scale gencov: 0.0419 (0.0133)
Mean z1*z2: 0.1608
Intercept: 0.1466 (0.0032)

Genetic Correlation
-------------------
Genetic Correlation: 0.4413 (0.116)
Z-score: 3.8059
P: 0.0001


Summary of Genetic Correlation Results
                                                                                         p1                                                                                               p2      rg     se       z       p  h2_obs  h2_obs_se  h2_int  h2_int_se  gcov_int  gcov_int_se
 ../results/asymmetry/ldsc/STAGE00DATA/mean_imputed/not_subsampled/munged/par12.sumstats.gz  ../results/asymmetry/ldsc/BATCH2_2021_DATA/mean_imputed/not_subsampled/munged/par12.sumstats.gz  0.4413  0.116  3.8059  0.0001  0.0782     0.0293  1.0004     0.0059    0.1466       0.0032

Analysis finished at Sat Apr 16 20:43:59 2022
Total time elapsed: 20.69s
