*********************************************************************
* LD Score Regression (LDSC)
* Version 1.0.1
* (C) 2014-2019 Brendan Bulik-Sullivan and Hilary Finucane
* Broad Institute of MIT and Harvard / MIT Department of Mathematics
* GNU General Public License v3
*********************************************************************
Call: 
./ldsc.py \
--ref-ld-chr ../SAMPLE_DATA/eur_w_ld_chr/ \
--out ../results/asymmetry/ldsc/disVsRep/rg/par23 \
--rg ../results/asymmetry/ldsc/STAGE00DATA/mean_imputed/not_subsampled/munged/par23.sumstats.gz,../results/asymmetry/ldsc/BATCH2_2021_DATA/mean_imputed/not_subsampled/munged/par23.sumstats.gz \
--w-ld-chr ../SAMPLE_DATA/eur_w_ld_chr/ 

Beginning analysis at Sat Apr 16 20:47:03 2022
Reading summary statistics from ../results/asymmetry/ldsc/STAGE00DATA/mean_imputed/not_subsampled/munged/par23.sumstats.gz ...
Read summary statistics for 1180716 SNPs.
Reading reference panel LD Score from ../SAMPLE_DATA/eur_w_ld_chr/[1-22] ... (ldscore_fromlist)
Read reference panel LD Scores for 1290028 SNPs.
Removing partitioned LD Scores with zero variance.
Reading regression weight LD Score from ../SAMPLE_DATA/eur_w_ld_chr/[1-22] ... (ldscore_fromlist)
Read regression weight LD Scores for 1290028 SNPs.
After merging with reference panel LD, 1174407 SNPs remain.
After merging with regression SNP LD, 1174407 SNPs remain.
Computing rg for phenotype 2/2
Reading summary statistics from ../results/asymmetry/ldsc/BATCH2_2021_DATA/mean_imputed/not_subsampled/munged/par23.sumstats.gz ...
Read summary statistics for 1217311 SNPs.
After merging with summary statistics, 1174407 SNPs remain.
1168875 SNPs with valid alleles.

Heritability of phenotype 1
---------------------------
Total Observed scale h2: 0.0485 (0.0249)
Lambda GC: 1.0255
Mean Chi^2: 1.0209
Intercept: 1.0023 (0.0062)
Ratio: 0.1108 (0.2955)

Heritability of phenotype 2/2
-----------------------------
Total Observed scale h2: 0.0216 (0.0281)
Lambda GC: 0.9986
Mean Chi^2: 1.0097
Intercept: 1.0028 (0.0061)
Ratio: 0.2853 (0.6321)

Genetic Covariance
------------------
Total Observed scale gencov: 0.0271 (0.0134)
Mean z1*z2: 0.1913
Intercept: 0.1818 (0.0032)

Genetic Correlation
-------------------
Genetic Correlation: 0.8355 (0.5227)
Z-score: 1.5984
P: 0.11


Summary of Genetic Correlation Results
                                                                                         p1                                                                                               p2      rg      se       z     p  h2_obs  h2_obs_se  h2_int  h2_int_se  gcov_int  gcov_int_se
 ../results/asymmetry/ldsc/STAGE00DATA/mean_imputed/not_subsampled/munged/par23.sumstats.gz  ../results/asymmetry/ldsc/BATCH2_2021_DATA/mean_imputed/not_subsampled/munged/par23.sumstats.gz  0.8355  0.5227  1.5984  0.11  0.0216     0.0281  1.0028     0.0061    0.1818       0.0032

Analysis finished at Sat Apr 16 20:47:21 2022
Total time elapsed: 18.09s
