*********************************************************************
* LD Score Regression (LDSC)
* Version 1.0.1
* (C) 2014-2019 Brendan Bulik-Sullivan and Hilary Finucane
* Broad Institute of MIT and Harvard / MIT Department of Mathematics
* GNU General Public License v3
*********************************************************************
Call: 
./ldsc.py \
--ref-ld-chr ../SAMPLE_DATA/eur_w_ld_chr/ \
--out ../results/asymmetry/ldsc/disVsRep/rg/par26 \
--rg ../results/asymmetry/ldsc/STAGE00DATA/mean_imputed/not_subsampled/munged/par26.sumstats.gz,../results/asymmetry/ldsc/BATCH2_2021_DATA/mean_imputed/not_subsampled/munged/par26.sumstats.gz \
--w-ld-chr ../SAMPLE_DATA/eur_w_ld_chr/ 

Beginning analysis at Sat Apr 16 20:48:00 2022
Reading summary statistics from ../results/asymmetry/ldsc/STAGE00DATA/mean_imputed/not_subsampled/munged/par26.sumstats.gz ...
Read summary statistics for 1180716 SNPs.
Reading reference panel LD Score from ../SAMPLE_DATA/eur_w_ld_chr/[1-22] ... (ldscore_fromlist)
Read reference panel LD Scores for 1290028 SNPs.
Removing partitioned LD Scores with zero variance.
Reading regression weight LD Score from ../SAMPLE_DATA/eur_w_ld_chr/[1-22] ... (ldscore_fromlist)
Read regression weight LD Scores for 1290028 SNPs.
After merging with reference panel LD, 1174407 SNPs remain.
After merging with regression SNP LD, 1174407 SNPs remain.
Computing rg for phenotype 2/2
Reading summary statistics from ../results/asymmetry/ldsc/BATCH2_2021_DATA/mean_imputed/not_subsampled/munged/par26.sumstats.gz ...
Read summary statistics for 1217311 SNPs.
After merging with summary statistics, 1174407 SNPs remain.
1168875 SNPs with valid alleles.

Heritability of phenotype 1
---------------------------
Total Observed scale h2: 0.0098 (0.0202)
Lambda GC: 1.0046
Mean Chi^2: 1.0041
Intercept: 1.0005 (0.0054)
Ratio: 0.1132 (1.2954)

Heritability of phenotype 2/2
-----------------------------
Total Observed scale h2: -0.0017 (0.0264)
Lambda GC: 0.9868
Mean Chi^2: 0.9967
Intercept: 0.9972 (0.0059)
Ratio: NA (mean chi^2 < 1)

Genetic Covariance
------------------
Total Observed scale gencov: -0.004 (0.0122)
Mean z1*z2: 0.1842
Intercept: 0.1856 (0.0034)

Genetic Correlation
-------------------
Genetic Correlation: nan (nan) (h2  out of bounds) 
Z-score: nan (nan) (h2  out of bounds)
P: nan (nan) (h2  out of bounds)
WARNING: One of the h2's was out of bounds.
This usually indicates a data-munging error or that h2 or N is low.


Summary of Genetic Correlation Results
                                                                                         p1                                                                                               p2  rg  se   z   p  h2_obs  h2_obs_se  h2_int  h2_int_se  gcov_int  gcov_int_se
 ../results/asymmetry/ldsc/STAGE00DATA/mean_imputed/not_subsampled/munged/par26.sumstats.gz  ../results/asymmetry/ldsc/BATCH2_2021_DATA/mean_imputed/not_subsampled/munged/par26.sumstats.gz  NA  NA  NA  NA -0.0017     0.0264  0.9972     0.0059    0.1856       0.0034

Analysis finished at Sat Apr 16 20:48:19 2022
Total time elapsed: 18.2s
