*********************************************************************
* LD Score Regression (LDSC)
* Version 1.0.1
* (C) 2014-2019 Brendan Bulik-Sullivan and Hilary Finucane
* Broad Institute of MIT and Harvard / MIT Department of Mathematics
* GNU General Public License v3
*********************************************************************
Call: 
./ldsc.py \
--ref-ld-chr ../SAMPLE_DATA/eur_w_ld_chr/ \
--out ../results/ldsc/STAGE00DATA/rg/par05 \
--rg ../results/ldsc/STAGE00DATA/munged/par05.sumstats.gz,../results/ldsc/STAGE00DATA/munged/par06.sumstats.gz,../results/ldsc/STAGE00DATA/munged/par07.sumstats.gz,../results/ldsc/STAGE00DATA/munged/par08.sumstats.gz,../results/ldsc/STAGE00DATA/munged/par09.sumstats.gz,../results/ldsc/STAGE00DATA/munged/par10.sumstats.gz,../results/ldsc/STAGE00DATA/munged/par11.sumstats.gz,../results/ldsc/STAGE00DATA/munged/par12.sumstats.gz,../results/ldsc/STAGE00DATA/munged/par13.sumstats.gz,../results/ldsc/STAGE00DATA/munged/par14.sumstats.gz,../results/ldsc/STAGE00DATA/munged/par15.sumstats.gz,../results/ldsc/STAGE00DATA/munged/par16.sumstats.gz,../results/ldsc/STAGE00DATA/munged/par17.sumstats.gz,../results/ldsc/STAGE00DATA/munged/par18.sumstats.gz,../results/ldsc/STAGE00DATA/munged/par19.sumstats.gz,../results/ldsc/STAGE00DATA/munged/par20.sumstats.gz,../results/ldsc/STAGE00DATA/munged/par21.sumstats.gz,../results/ldsc/STAGE00DATA/munged/par22.sumstats.gz,../results/ldsc/STAGE00DATA/munged/par23.sumstats.gz,../results/ldsc/STAGE00DATA/munged/par24.sumstats.gz,../results/ldsc/STAGE00DATA/munged/par25.sumstats.gz,../results/ldsc/STAGE00DATA/munged/par26.sumstats.gz,../results/ldsc/STAGE00DATA/munged/par27.sumstats.gz,../results/ldsc/STAGE00DATA/munged/par28.sumstats.gz,../results/ldsc/STAGE00DATA/munged/par29.sumstats.gz,../results/ldsc/STAGE00DATA/munged/par30.sumstats.gz,../results/ldsc/STAGE00DATA/munged/par31.sumstats.gz \
--w-ld-chr ../SAMPLE_DATA/eur_w_ld_chr/ 

Beginning analysis at Mon Feb 28 01:34:57 2022
Reading summary statistics from ../results/ldsc/STAGE00DATA/munged/par05.sumstats.gz ...
Read summary statistics for 7033675 SNPs.
Reading reference panel LD Score from ../SAMPLE_DATA/eur_w_ld_chr/[1-22] ... (ldscore_fromlist)
Read reference panel LD Scores for 1290028 SNPs.
Removing partitioned LD Scores with zero variance.
Reading regression weight LD Score from ../SAMPLE_DATA/eur_w_ld_chr/[1-22] ... (ldscore_fromlist)
Read regression weight LD Scores for 1290028 SNPs.
After merging with reference panel LD, 1174774 SNPs remain.
After merging with regression SNP LD, 1174774 SNPs remain.
Computing rg for phenotype 2/27
Reading summary statistics from ../results/ldsc/STAGE00DATA/munged/par06.sumstats.gz ...
Read summary statistics for 7033675 SNPs.
After merging with summary statistics, 1174774 SNPs remain.
1174774 SNPs with valid alleles.

Heritability of phenotype 1
---------------------------
Total Observed scale h2: 0.1285 (0.0232)
Lambda GC: 1.0679
Mean Chi^2: 1.0479
Intercept: 0.9993 (0.0056)
Ratio < 0 (usually indicates GC correction).

Heritability of phenotype 2/27
------------------------------
Total Observed scale h2: 0.1995 (0.0279)
Lambda GC: 1.0895
Mean Chi^2: 1.0788
Intercept: 1.0035 (0.0062)
Ratio: 0.0442 (0.0791)

Genetic Covariance
------------------
Total Observed scale gencov: 0.108 (0.0151)
Mean z1*z2: 0.1991
Intercept: 0.1573 (0.004)

Genetic Correlation
-------------------
Genetic Correlation: 0.6746 (0.0654)
Z-score: 10.3099
P: 6.3598e-25

Computing rg for phenotype 3/27
Reading summary statistics from ../results/ldsc/STAGE00DATA/munged/par07.sumstats.gz ...
Read summary statistics for 7033675 SNPs.
After merging with summary statistics, 1174774 SNPs remain.
1174774 SNPs with valid alleles.

Heritability of phenotype 3/27
------------------------------
Total Observed scale h2: 0.1076 (0.0252)
Lambda GC: 1.0466
Mean Chi^2: 1.0441
Intercept: 1.0032 (0.0058)
Ratio: 0.0727 (0.1316)

Genetic Covariance
------------------
Total Observed scale gencov: 0.0959 (0.0155)
Mean z1*z2: 0.2387
Intercept: 0.2021 (0.0039)

Genetic Correlation
-------------------
Genetic Correlation: 0.8161 (0.0997)
Z-score: 8.1826
P: 2.7779e-16

Computing rg for phenotype 4/27
Reading summary statistics from ../results/ldsc/STAGE00DATA/munged/par08.sumstats.gz ...
Read summary statistics for 7033675 SNPs.
After merging with summary statistics, 1174774 SNPs remain.
1174774 SNPs with valid alleles.

Heritability of phenotype 4/27
------------------------------
Total Observed scale h2: 0.2007 (0.0248)
Lambda GC: 1.0802
Mean Chi^2: 1.0651
Intercept: 0.9882 (0.0064)
Ratio < 0 (usually indicates GC correction).

Genetic Covariance
------------------
Total Observed scale gencov: 0.1133 (0.0148)
Mean z1*z2: 0.2191
Intercept: 0.1757 (0.0037)

Genetic Correlation
-------------------
Genetic Correlation: 0.7053 (0.0728)
Z-score: 9.69
P: 3.3259e-22

Computing rg for phenotype 5/27
Reading summary statistics from ../results/ldsc/STAGE00DATA/munged/par09.sumstats.gz ...
Read summary statistics for 7033675 SNPs.
After merging with summary statistics, 1174774 SNPs remain.
1174774 SNPs with valid alleles.

Heritability of phenotype 5/27
------------------------------
Total Observed scale h2: 0.1818 (0.0252)
Lambda GC: 1.0926
Mean Chi^2: 1.0685
Intercept: 0.9993 (0.0062)
Ratio < 0 (usually indicates GC correction).

Genetic Covariance
------------------
Total Observed scale gencov: 0.1164 (0.0156)
Mean z1*z2: 0.2261
Intercept: 0.1813 (0.0041)

Genetic Correlation
-------------------
Genetic Correlation: 0.7616 (0.0758)
Z-score: 10.0433
P: 9.8292e-24

Computing rg for phenotype 6/27
Reading summary statistics from ../results/ldsc/STAGE00DATA/munged/par10.sumstats.gz ...
Read summary statistics for 7033674 SNPs.
After merging with summary statistics, 1174773 SNPs remain.
1174773 SNPs with valid alleles.

Heritability of phenotype 6/27
------------------------------
Total Observed scale h2: 0.0784 (0.0247)
Lambda GC: 1.0345
Mean Chi^2: 1.0289
Intercept: 0.9993 (0.0064)
Ratio < 0 (usually indicates GC correction).

Genetic Covariance
------------------
Total Observed scale gencov: 0.0932 (0.0196)
Mean z1*z2: 0.5377
Intercept: 0.5021 (0.005)

Genetic Correlation
-------------------
Genetic Correlation: 0.9295 (0.0768)
Z-score: 12.1063
P: 9.7827e-34

Computing rg for phenotype 7/27
Reading summary statistics from ../results/ldsc/STAGE00DATA/munged/par11.sumstats.gz ...
Read summary statistics for 7033675 SNPs.
After merging with summary statistics, 1174774 SNPs remain.
1174774 SNPs with valid alleles.

Heritability of phenotype 7/27
------------------------------
Total Observed scale h2: 0.0858 (0.0233)
Lambda GC: 1.0557
Mean Chi^2: 1.0347
Intercept: 1.0019 (0.0059)
Ratio: 0.0545 (0.1705)

Genetic Covariance
------------------
Total Observed scale gencov: 0.0978 (0.0215)
Mean z1*z2: 0.6621
Intercept: 0.625 (0.0054)

Genetic Correlation
-------------------
Genetic Correlation: 0.9312 (0.067)
Z-score: 13.8966
P: 6.6410e-44

Computing rg for phenotype 8/27
Reading summary statistics from ../results/ldsc/STAGE00DATA/munged/par12.sumstats.gz ...
Read summary statistics for 7033675 SNPs.
After merging with summary statistics, 1174774 SNPs remain.
1174774 SNPs with valid alleles.

Heritability of phenotype 8/27
------------------------------
Total Observed scale h2: 0.1533 (0.0273)
Lambda GC: 1.071
Mean Chi^2: 1.0641
Intercept: 1.0061 (0.0066)
Ratio: 0.0948 (0.1022)

Genetic Covariance
------------------
Total Observed scale gencov: 0.0865 (0.0149)
Mean z1*z2: 0.1972
Intercept: 0.1638 (0.0039)

Genetic Correlation
-------------------
Genetic Correlation: 0.6165 (0.0748)
Z-score: 8.2458
P: 1.6409e-16

Computing rg for phenotype 9/27
Reading summary statistics from ../results/ldsc/STAGE00DATA/munged/par13.sumstats.gz ...
Read summary statistics for 7033675 SNPs.
After merging with summary statistics, 1174774 SNPs remain.
1174774 SNPs with valid alleles.

Heritability of phenotype 9/27
------------------------------
Total Observed scale h2: 0.2237 (0.0259)
Lambda GC: 1.105
Mean Chi^2: 1.0894
Intercept: 1.0054 (0.0064)
Ratio: 0.0605 (0.0717)

Genetic Covariance
------------------
Total Observed scale gencov: 0.1339 (0.0149)
Mean z1*z2: 0.2151
Intercept: 0.1641 (0.0035)

Genetic Correlation
-------------------
Genetic Correlation: 0.7898 (0.0619)
Z-score: 12.7539
P: 2.9660e-37

Computing rg for phenotype 10/27
Reading summary statistics from ../results/ldsc/STAGE00DATA/munged/par14.sumstats.gz ...
Read summary statistics for 7033675 SNPs.
After merging with summary statistics, 1174774 SNPs remain.
1174774 SNPs with valid alleles.

Heritability of phenotype 10/27
-------------------------------
Total Observed scale h2: 0.0813 (0.0223)
Lambda GC: 1.0405
Mean Chi^2: 1.036
Intercept: 1.0054 (0.0057)
Ratio: 0.1498 (0.1572)

Genetic Covariance
------------------
Total Observed scale gencov: 0.0827 (0.0149)
Mean z1*z2: 0.2259
Intercept: 0.1944 (0.0038)

Genetic Correlation
-------------------
Genetic Correlation: 0.8087 (0.12)
Z-score: 6.7386
P: 1.5994e-11

Computing rg for phenotype 11/27
Reading summary statistics from ../results/ldsc/STAGE00DATA/munged/par15.sumstats.gz ...
Read summary statistics for 7033675 SNPs.
After merging with summary statistics, 1174774 SNPs remain.
1174774 SNPs with valid alleles.

Heritability of phenotype 11/27
-------------------------------
Total Observed scale h2: 0.0942 (0.0249)
Lambda GC: 1.0436
Mean Chi^2: 1.037
Intercept: 1.0005 (0.0063)
Ratio: 0.0137 (0.1698)

Genetic Covariance
------------------
Total Observed scale gencov: 0.0795 (0.0151)
Mean z1*z2: 0.2294
Intercept: 0.1987 (0.0036)

Genetic Correlation
-------------------
Genetic Correlation: 0.7228 (0.1055)
Z-score: 6.8522
P: 7.2733e-12

Computing rg for phenotype 12/27
Reading summary statistics from ../results/ldsc/STAGE00DATA/munged/par16.sumstats.gz ...
Read summary statistics for 7033675 SNPs.
After merging with summary statistics, 1174774 SNPs remain.
1174774 SNPs with valid alleles.

Heritability of phenotype 12/27
-------------------------------
Total Observed scale h2: 0.1003 (0.0239)
Lambda GC: 1.0466
Mean Chi^2: 1.0324
Intercept: 0.9943 (0.0065)
Ratio < 0 (usually indicates GC correction).

Genetic Covariance
------------------
Total Observed scale gencov: 0.0813 (0.0144)
Mean z1*z2: 0.2136
Intercept: 0.1825 (0.0037)

Genetic Correlation
-------------------
Genetic Correlation: 0.7161 (0.0985)
Z-score: 7.268
P: 3.6492e-13

Computing rg for phenotype 13/27
Reading summary statistics from ../results/ldsc/STAGE00DATA/munged/par17.sumstats.gz ...
Read summary statistics for 7033675 SNPs.
After merging with summary statistics, 1174774 SNPs remain.
1174774 SNPs with valid alleles.

Heritability of phenotype 13/27
-------------------------------
Total Observed scale h2: 0.1605 (0.0236)
Lambda GC: 1.071
Mean Chi^2: 1.0554
Intercept: 0.9943 (0.0065)
Ratio < 0 (usually indicates GC correction).

Genetic Covariance
------------------
Total Observed scale gencov: 0.0888 (0.0135)
Mean z1*z2: 0.2012
Intercept: 0.1671 (0.0035)

Genetic Correlation
-------------------
Genetic Correlation: 0.6184 (0.0692)
Z-score: 8.9367
P: 4.0092e-19

Computing rg for phenotype 14/27
Reading summary statistics from ../results/ldsc/STAGE00DATA/munged/par18.sumstats.gz ...
Read summary statistics for 7033675 SNPs.
After merging with summary statistics, 1174774 SNPs remain.
1174774 SNPs with valid alleles.

Heritability of phenotype 14/27
-------------------------------
Total Observed scale h2: 0.1522 (0.0244)
Lambda GC: 1.0802
Mean Chi^2: 1.057
Intercept: 0.9992 (0.0065)
Ratio < 0 (usually indicates GC correction).

Genetic Covariance
------------------
Total Observed scale gencov: 0.1017 (0.0144)
Mean z1*z2: 0.2095
Intercept: 0.1707 (0.0037)

Genetic Correlation
-------------------
Genetic Correlation: 0.7274 (0.078)
Z-score: 9.3313
P: 1.0455e-20

Computing rg for phenotype 15/27
Reading summary statistics from ../results/ldsc/STAGE00DATA/munged/par19.sumstats.gz ...
Read summary statistics for 7033675 SNPs.
After merging with summary statistics, 1174774 SNPs remain.
1174774 SNPs with valid alleles.

Heritability of phenotype 15/27
-------------------------------
Total Observed scale h2: 0.1443 (0.0273)
Lambda GC: 1.0649
Mean Chi^2: 1.0584
Intercept: 1.0035 (0.0064)
Ratio: 0.0608 (0.1089)

Genetic Covariance
------------------
Total Observed scale gencov: 0.1026 (0.0163)
Mean z1*z2: 0.2257
Intercept: 0.186 (0.0037)

Genetic Correlation
-------------------
Genetic Correlation: 0.7534 (0.0773)
Z-score: 9.7434
P: 1.9687e-22

Computing rg for phenotype 16/27
Reading summary statistics from ../results/ldsc/STAGE00DATA/munged/par20.sumstats.gz ...
Read summary statistics for 7033675 SNPs.
After merging with summary statistics, 1174774 SNPs remain.
1174774 SNPs with valid alleles.

Heritability of phenotype 16/27
-------------------------------
Total Observed scale h2: 0.0258 (0.0245)
Lambda GC: 1.0195
Mean Chi^2: 1.0182
Intercept: 1.0085 (0.0064)
Ratio: 0.4657 (0.3512)

Genetic Covariance
------------------
Total Observed scale gencov: 0.0677 (0.0192)
Mean z1*z2: 0.4468
Intercept: 0.4209 (0.0048)

Genetic Correlation
-------------------
Genetic Correlation: 1.1771 (0.3826)
Z-score: 3.0762
P: 0.0021

Computing rg for phenotype 17/27
Reading summary statistics from ../results/ldsc/STAGE00DATA/munged/par21.sumstats.gz ...
Read summary statistics for 7033675 SNPs.
After merging with summary statistics, 1174774 SNPs remain.
1174774 SNPs with valid alleles.

Heritability of phenotype 17/27
-------------------------------
Total Observed scale h2: 0.081 (0.0219)
Lambda GC: 1.0315
Mean Chi^2: 1.0278
Intercept: 0.9973 (0.0058)
Ratio < 0 (usually indicates GC correction).

Genetic Covariance
------------------
Total Observed scale gencov: 0.0839 (0.0172)
Mean z1*z2: 0.4049
Intercept: 0.3731 (0.0045)

Genetic Correlation
-------------------
Genetic Correlation: 0.8219 (0.0861)
Z-score: 9.5469
P: 1.3359e-21

Computing rg for phenotype 18/27
Reading summary statistics from ../results/ldsc/STAGE00DATA/munged/par22.sumstats.gz ...
Read summary statistics for 7033675 SNPs.
After merging with summary statistics, 1174774 SNPs remain.
1174774 SNPs with valid alleles.

Heritability of phenotype 18/27
-------------------------------
Total Observed scale h2: 0.0279 (0.0224)
Lambda GC: 1.0285
Mean Chi^2: 1.0189
Intercept: 1.0082 (0.0056)
Ratio: 0.4373 (0.2968)

Genetic Covariance
------------------
Total Observed scale gencov: 0.0679 (0.0199)
Mean z1*z2: 0.5883
Intercept: 0.5626 (0.005)

Genetic Correlation
-------------------
Genetic Correlation: 1.1341 (0.2811)
Z-score: 4.0339
P: 5.4862e-05

Computing rg for phenotype 19/27
Reading summary statistics from ../results/ldsc/STAGE00DATA/munged/par23.sumstats.gz ...
Read summary statistics for 7033675 SNPs.
After merging with summary statistics, 1174774 SNPs remain.
1174774 SNPs with valid alleles.

Heritability of phenotype 19/27
-------------------------------
Total Observed scale h2: 0.1333 (0.026)
Lambda GC: 1.0405
Mean Chi^2: 1.0371
Intercept: 0.9866 (0.0062)
Ratio < 0 (usually indicates GC correction).

Genetic Covariance
------------------
Total Observed scale gencov: 0.1026 (0.0169)
Mean z1*z2: 0.393
Intercept: 0.3539 (0.0044)

Genetic Correlation
-------------------
Genetic Correlation: 0.784 (0.0643)
Z-score: 12.1995
P: 3.1291e-34

Computing rg for phenotype 20/27
Reading summary statistics from ../results/ldsc/STAGE00DATA/munged/par24.sumstats.gz ...
Read summary statistics for 7033675 SNPs.
After merging with summary statistics, 1174774 SNPs remain.
1174774 SNPs with valid alleles.

Heritability of phenotype 20/27
-------------------------------
Total Observed scale h2: 0.1346 (0.0276)
Lambda GC: 1.0618
Mean Chi^2: 1.0577
Intercept: 1.0065 (0.0061)
Ratio: 0.1126 (0.1051)

Genetic Covariance
------------------
Total Observed scale gencov: 0.0871 (0.015)
Mean z1*z2: 0.1994
Intercept: 0.1658 (0.0039)

Genetic Correlation
-------------------
Genetic Correlation: 0.6626 (0.0778)
Z-score: 8.5204
P: 1.5905e-17

Computing rg for phenotype 21/27
Reading summary statistics from ../results/ldsc/STAGE00DATA/munged/par25.sumstats.gz ...
Read summary statistics for 7033675 SNPs.
After merging with summary statistics, 1174774 SNPs remain.
1174774 SNPs with valid alleles.

Heritability of phenotype 21/27
-------------------------------
Total Observed scale h2: 0.0714 (0.0214)
Lambda GC: 1.0405
Mean Chi^2: 1.0251
Intercept: 0.9982 (0.006)
Ratio < 0 (usually indicates GC correction).

Genetic Covariance
------------------
Total Observed scale gencov: 0.0672 (0.0132)
Mean z1*z2: 0.1896
Intercept: 0.1638 (0.0035)

Genetic Correlation
-------------------
Genetic Correlation: 0.7014 (0.1151)
Z-score: 6.0954
P: 1.0920e-09

Computing rg for phenotype 22/27
Reading summary statistics from ../results/ldsc/STAGE00DATA/munged/par26.sumstats.gz ...
Read summary statistics for 7033675 SNPs.
After merging with summary statistics, 1174774 SNPs remain.
1174774 SNPs with valid alleles.

Heritability of phenotype 22/27
-------------------------------
Total Observed scale h2: 0.1529 (0.0241)
Lambda GC: 1.0741
Mean Chi^2: 1.0672
Intercept: 1.0086 (0.006)
Ratio: 0.1279 (0.0899)

Genetic Covariance
------------------
Total Observed scale gencov: 0.0938 (0.0142)
Mean z1*z2: 0.2034
Intercept: 0.1673 (0.0032)

Genetic Correlation
-------------------
Genetic Correlation: 0.6691 (0.0738)
Z-score: 9.062
P: 1.2811e-19

Computing rg for phenotype 23/27
Reading summary statistics from ../results/ldsc/STAGE00DATA/munged/par27.sumstats.gz ...
Read summary statistics for 7033675 SNPs.
After merging with summary statistics, 1174774 SNPs remain.
1174774 SNPs with valid alleles.

Heritability of phenotype 23/27
-------------------------------
Total Observed scale h2: 0.2034 (0.0262)
Lambda GC: 1.0926
Mean Chi^2: 1.0779
Intercept: 1.0008 (0.0067)
Ratio: 0.01 (0.0854)

Genetic Covariance
------------------
Total Observed scale gencov: 0.1227 (0.0144)
Mean z1*z2: 0.2073
Intercept: 0.1605 (0.0033)

Genetic Correlation
-------------------
Genetic Correlation: 0.7592 (0.0634)
Z-score: 11.9747
P: 4.8191e-33

Computing rg for phenotype 24/27
Reading summary statistics from ../results/ldsc/STAGE00DATA/munged/par28.sumstats.gz ...
Read summary statistics for 7033675 SNPs.
After merging with summary statistics, 1174774 SNPs remain.
1174774 SNPs with valid alleles.

Heritability of phenotype 24/27
-------------------------------
Total Observed scale h2: 0.0458 (0.0236)
Lambda GC: 1.0255
Mean Chi^2: 1.021
Intercept: 1.0036 (0.0059)
Ratio: 0.1707 (0.2804)

Genetic Covariance
------------------
Total Observed scale gencov: 0.0641 (0.014)
Mean z1*z2: 0.2034
Intercept: 0.1788 (0.0037)

Genetic Correlation
-------------------
Genetic Correlation: 0.8355 (0.2008)
Z-score: 4.1603
P: 3.1779e-05

Computing rg for phenotype 25/27
Reading summary statistics from ../results/ldsc/STAGE00DATA/munged/par29.sumstats.gz ...
Read summary statistics for 7033675 SNPs.
After merging with summary statistics, 1174774 SNPs remain.
1174774 SNPs with valid alleles.

Heritability of phenotype 25/27
-------------------------------
Total Observed scale h2: 0.0846 (0.0207)
Lambda GC: 1.0345
Mean Chi^2: 1.0302
Intercept: 0.998 (0.0054)
Ratio < 0 (usually indicates GC correction).

Genetic Covariance
------------------
Total Observed scale gencov: 0.0817 (0.0138)
Mean z1*z2: 0.2249
Intercept: 0.1936 (0.0033)

Genetic Correlation
-------------------
Genetic Correlation: 0.7832 (0.1098)
Z-score: 7.1353
P: 9.6585e-13

Computing rg for phenotype 26/27
Reading summary statistics from ../results/ldsc/STAGE00DATA/munged/par30.sumstats.gz ...
Read summary statistics for 7033675 SNPs.
After merging with summary statistics, 1174774 SNPs remain.
1174774 SNPs with valid alleles.

Heritability of phenotype 26/27
-------------------------------
Total Observed scale h2: 0.0468 (0.0239)
Lambda GC: 1.0315
Mean Chi^2: 1.026
Intercept: 1.0081 (0.0063)
Ratio: 0.3128 (0.2445)

Genetic Covariance
------------------
Total Observed scale gencov: 0.0641 (0.0133)
Mean z1*z2: 0.1878
Intercept: 0.1633 (0.0035)

Genetic Correlation
-------------------
Genetic Correlation: 0.8271 (0.1856)
Z-score: 4.4559
P: 8.3553e-06

Computing rg for phenotype 27/27
Reading summary statistics from ../results/ldsc/STAGE00DATA/munged/par31.sumstats.gz ...
Read summary statistics for 7033675 SNPs.
After merging with summary statistics, 1174774 SNPs remain.
1174774 SNPs with valid alleles.

Heritability of phenotype 27/27
-------------------------------
Total Observed scale h2: 0.0802 (0.0227)
Lambda GC: 1.0375
Mean Chi^2: 1.028
Intercept: 0.9971 (0.0057)
Ratio < 0 (usually indicates GC correction).

Genetic Covariance
------------------
Total Observed scale gencov: 0.0686 (0.0135)
Mean z1*z2: 0.2313
Intercept: 0.2048 (0.0036)

Genetic Correlation
-------------------
Genetic Correlation: 0.676 (0.1063)
Z-score: 6.358
P: 2.0438e-10


Summary of Genetic Correlation Results
                                                   p1                                                    p2      rg      se        z           p  h2_obs  h2_obs_se  h2_int  h2_int_se  gcov_int  gcov_int_se
 ../results/ldsc/STAGE00DATA/munged/par05.sumstats.gz  ../results/ldsc/STAGE00DATA/munged/par06.sumstats.gz  0.6746  0.0654  10.3099  6.3598e-25  0.1995     0.0279  1.0035     0.0062    0.1573       0.0040
 ../results/ldsc/STAGE00DATA/munged/par05.sumstats.gz  ../results/ldsc/STAGE00DATA/munged/par07.sumstats.gz  0.8161  0.0997   8.1826  2.7779e-16  0.1076     0.0252  1.0032     0.0058    0.2021       0.0039
 ../results/ldsc/STAGE00DATA/munged/par05.sumstats.gz  ../results/ldsc/STAGE00DATA/munged/par08.sumstats.gz  0.7053  0.0728   9.6900  3.3259e-22  0.2007     0.0248  0.9882     0.0064    0.1757       0.0037
 ../results/ldsc/STAGE00DATA/munged/par05.sumstats.gz  ../results/ldsc/STAGE00DATA/munged/par09.sumstats.gz  0.7616  0.0758  10.0433  9.8292e-24  0.1818     0.0252  0.9993     0.0062    0.1813       0.0041
 ../results/ldsc/STAGE00DATA/munged/par05.sumstats.gz  ../results/ldsc/STAGE00DATA/munged/par10.sumstats.gz  0.9295  0.0768  12.1063  9.7827e-34  0.0784     0.0247  0.9993     0.0064    0.5021       0.0050
 ../results/ldsc/STAGE00DATA/munged/par05.sumstats.gz  ../results/ldsc/STAGE00DATA/munged/par11.sumstats.gz  0.9312  0.0670  13.8966  6.6410e-44  0.0858     0.0233  1.0019     0.0059    0.6250       0.0054
 ../results/ldsc/STAGE00DATA/munged/par05.sumstats.gz  ../results/ldsc/STAGE00DATA/munged/par12.sumstats.gz  0.6165  0.0748   8.2458  1.6409e-16  0.1533     0.0273  1.0061     0.0066    0.1638       0.0039
 ../results/ldsc/STAGE00DATA/munged/par05.sumstats.gz  ../results/ldsc/STAGE00DATA/munged/par13.sumstats.gz  0.7898  0.0619  12.7539  2.9660e-37  0.2237     0.0259  1.0054     0.0064    0.1641       0.0035
 ../results/ldsc/STAGE00DATA/munged/par05.sumstats.gz  ../results/ldsc/STAGE00DATA/munged/par14.sumstats.gz  0.8087  0.1200   6.7386  1.5994e-11  0.0813     0.0223  1.0054     0.0057    0.1944       0.0038
 ../results/ldsc/STAGE00DATA/munged/par05.sumstats.gz  ../results/ldsc/STAGE00DATA/munged/par15.sumstats.gz  0.7228  0.1055   6.8522  7.2733e-12  0.0942     0.0249  1.0005     0.0063    0.1987       0.0036
 ../results/ldsc/STAGE00DATA/munged/par05.sumstats.gz  ../results/ldsc/STAGE00DATA/munged/par16.sumstats.gz  0.7161  0.0985   7.2680  3.6492e-13  0.1003     0.0239  0.9943     0.0065    0.1825       0.0037
 ../results/ldsc/STAGE00DATA/munged/par05.sumstats.gz  ../results/ldsc/STAGE00DATA/munged/par17.sumstats.gz  0.6184  0.0692   8.9367  4.0092e-19  0.1605     0.0236  0.9943     0.0065    0.1671       0.0035
 ../results/ldsc/STAGE00DATA/munged/par05.sumstats.gz  ../results/ldsc/STAGE00DATA/munged/par18.sumstats.gz  0.7274  0.0780   9.3313  1.0455e-20  0.1522     0.0244  0.9992     0.0065    0.1707       0.0037
 ../results/ldsc/STAGE00DATA/munged/par05.sumstats.gz  ../results/ldsc/STAGE00DATA/munged/par19.sumstats.gz  0.7534  0.0773   9.7434  1.9687e-22  0.1443     0.0273  1.0035     0.0064    0.1860       0.0037
 ../results/ldsc/STAGE00DATA/munged/par05.sumstats.gz  ../results/ldsc/STAGE00DATA/munged/par20.sumstats.gz  1.1771  0.3826   3.0762  2.0968e-03  0.0258     0.0245  1.0085     0.0064    0.4209       0.0048
 ../results/ldsc/STAGE00DATA/munged/par05.sumstats.gz  ../results/ldsc/STAGE00DATA/munged/par21.sumstats.gz  0.8219  0.0861   9.5469  1.3359e-21  0.0810     0.0219  0.9973     0.0058    0.3731       0.0045
 ../results/ldsc/STAGE00DATA/munged/par05.sumstats.gz  ../results/ldsc/STAGE00DATA/munged/par22.sumstats.gz  1.1341  0.2811   4.0339  5.4862e-05  0.0279     0.0224  1.0082     0.0056    0.5626       0.0050
 ../results/ldsc/STAGE00DATA/munged/par05.sumstats.gz  ../results/ldsc/STAGE00DATA/munged/par23.sumstats.gz  0.7840  0.0643  12.1995  3.1291e-34  0.1333     0.0260  0.9866     0.0062    0.3539       0.0044
 ../results/ldsc/STAGE00DATA/munged/par05.sumstats.gz  ../results/ldsc/STAGE00DATA/munged/par24.sumstats.gz  0.6626  0.0778   8.5204  1.5905e-17  0.1346     0.0276  1.0065     0.0061    0.1658       0.0039
 ../results/ldsc/STAGE00DATA/munged/par05.sumstats.gz  ../results/ldsc/STAGE00DATA/munged/par25.sumstats.gz  0.7014  0.1151   6.0954  1.0920e-09  0.0714     0.0214  0.9982     0.0060    0.1638       0.0035
 ../results/ldsc/STAGE00DATA/munged/par05.sumstats.gz  ../results/ldsc/STAGE00DATA/munged/par26.sumstats.gz  0.6691  0.0738   9.0620  1.2811e-19  0.1529     0.0241  1.0086     0.0060    0.1673       0.0032
 ../results/ldsc/STAGE00DATA/munged/par05.sumstats.gz  ../results/ldsc/STAGE00DATA/munged/par27.sumstats.gz  0.7592  0.0634  11.9747  4.8191e-33  0.2034     0.0262  1.0008     0.0067    0.1605       0.0033
 ../results/ldsc/STAGE00DATA/munged/par05.sumstats.gz  ../results/ldsc/STAGE00DATA/munged/par28.sumstats.gz  0.8355  0.2008   4.1603  3.1779e-05  0.0458     0.0236  1.0036     0.0059    0.1788       0.0037
 ../results/ldsc/STAGE00DATA/munged/par05.sumstats.gz  ../results/ldsc/STAGE00DATA/munged/par29.sumstats.gz  0.7832  0.1098   7.1353  9.6585e-13  0.0846     0.0207  0.9980     0.0054    0.1936       0.0033
 ../results/ldsc/STAGE00DATA/munged/par05.sumstats.gz  ../results/ldsc/STAGE00DATA/munged/par30.sumstats.gz  0.8271  0.1856   4.4559  8.3553e-06  0.0468     0.0239  1.0081     0.0063    0.1633       0.0035
 ../results/ldsc/STAGE00DATA/munged/par05.sumstats.gz  ../results/ldsc/STAGE00DATA/munged/par31.sumstats.gz  0.6760  0.1063   6.3580  2.0438e-10  0.0802     0.0227  0.9971     0.0057    0.2048       0.0036

Analysis finished at Mon Feb 28 01:45:21 2022
Total time elapsed: 10.0m:24.34s
