*********************************************************************
* LD Score Regression (LDSC)
* Version 1.0.1
* (C) 2014-2019 Brendan Bulik-Sullivan and Hilary Finucane
* Broad Institute of MIT and Harvard / MIT Department of Mathematics
* GNU General Public License v3
*********************************************************************
Call: 
./ldsc.py \
--ref-ld-chr ../SAMPLE_DATA/eur_w_ld_chr/ \
--out ../results/ldsc/STAGE00DATA/rg/par12 \
--rg ../results/ldsc/STAGE00DATA/munged/par12.sumstats.gz,../results/ldsc/STAGE00DATA/munged/par13.sumstats.gz,../results/ldsc/STAGE00DATA/munged/par14.sumstats.gz,../results/ldsc/STAGE00DATA/munged/par15.sumstats.gz,../results/ldsc/STAGE00DATA/munged/par16.sumstats.gz,../results/ldsc/STAGE00DATA/munged/par17.sumstats.gz,../results/ldsc/STAGE00DATA/munged/par18.sumstats.gz,../results/ldsc/STAGE00DATA/munged/par19.sumstats.gz,../results/ldsc/STAGE00DATA/munged/par20.sumstats.gz,../results/ldsc/STAGE00DATA/munged/par21.sumstats.gz,../results/ldsc/STAGE00DATA/munged/par22.sumstats.gz,../results/ldsc/STAGE00DATA/munged/par23.sumstats.gz,../results/ldsc/STAGE00DATA/munged/par24.sumstats.gz,../results/ldsc/STAGE00DATA/munged/par25.sumstats.gz,../results/ldsc/STAGE00DATA/munged/par26.sumstats.gz,../results/ldsc/STAGE00DATA/munged/par27.sumstats.gz,../results/ldsc/STAGE00DATA/munged/par28.sumstats.gz,../results/ldsc/STAGE00DATA/munged/par29.sumstats.gz,../results/ldsc/STAGE00DATA/munged/par30.sumstats.gz,../results/ldsc/STAGE00DATA/munged/par31.sumstats.gz \
--w-ld-chr ../SAMPLE_DATA/eur_w_ld_chr/ 

Beginning analysis at Mon Feb 28 02:38:00 2022
Reading summary statistics from ../results/ldsc/STAGE00DATA/munged/par12.sumstats.gz ...
Read summary statistics for 7033675 SNPs.
Reading reference panel LD Score from ../SAMPLE_DATA/eur_w_ld_chr/[1-22] ... (ldscore_fromlist)
Read reference panel LD Scores for 1290028 SNPs.
Removing partitioned LD Scores with zero variance.
Reading regression weight LD Score from ../SAMPLE_DATA/eur_w_ld_chr/[1-22] ... (ldscore_fromlist)
Read regression weight LD Scores for 1290028 SNPs.
After merging with reference panel LD, 1174774 SNPs remain.
After merging with regression SNP LD, 1174774 SNPs remain.
Computing rg for phenotype 2/20
Reading summary statistics from ../results/ldsc/STAGE00DATA/munged/par13.sumstats.gz ...
Read summary statistics for 7033675 SNPs.
After merging with summary statistics, 1174774 SNPs remain.
1174774 SNPs with valid alleles.

Heritability of phenotype 1
---------------------------
Total Observed scale h2: 0.1533 (0.0273)
Lambda GC: 1.071
Mean Chi^2: 1.0641
Intercept: 1.0061 (0.0066)
Ratio: 0.0948 (0.1022)

Heritability of phenotype 2/20
------------------------------
Total Observed scale h2: 0.2237 (0.0259)
Lambda GC: 1.105
Mean Chi^2: 1.0894
Intercept: 1.0054 (0.0064)
Ratio: 0.0605 (0.0717)

Genetic Covariance
------------------
Total Observed scale gencov: 0.1443 (0.0165)
Mean z1*z2: 0.2975
Intercept: 0.2423 (0.004)

Genetic Correlation
-------------------
Genetic Correlation: 0.779 (0.0554)
Z-score: 14.0669
P: 6.0680e-45

Computing rg for phenotype 3/20
Reading summary statistics from ../results/ldsc/STAGE00DATA/munged/par14.sumstats.gz ...
Read summary statistics for 7033675 SNPs.
After merging with summary statistics, 1174774 SNPs remain.
1174774 SNPs with valid alleles.

Heritability of phenotype 3/20
------------------------------
Total Observed scale h2: 0.0813 (0.0223)
Lambda GC: 1.0405
Mean Chi^2: 1.036
Intercept: 1.0054 (0.0057)
Ratio: 0.1498 (0.1572)

Genetic Covariance
------------------
Total Observed scale gencov: 0.0804 (0.0153)
Mean z1*z2: 0.2562
Intercept: 0.2252 (0.0039)

Genetic Correlation
-------------------
Genetic Correlation: 0.7198 (0.1018)
Z-score: 7.0723
P: 1.5240e-12

Computing rg for phenotype 4/20
Reading summary statistics from ../results/ldsc/STAGE00DATA/munged/par15.sumstats.gz ...
Read summary statistics for 7033675 SNPs.
After merging with summary statistics, 1174774 SNPs remain.
1174774 SNPs with valid alleles.

Heritability of phenotype 4/20
------------------------------
Total Observed scale h2: 0.0942 (0.0249)
Lambda GC: 1.0436
Mean Chi^2: 1.037
Intercept: 1.0005 (0.0063)
Ratio: 0.0137 (0.1698)

Genetic Covariance
------------------
Total Observed scale gencov: 0.0755 (0.0147)
Mean z1*z2: 0.2307
Intercept: 0.2013 (0.0036)

Genetic Correlation
-------------------
Genetic Correlation: 0.6287 (0.08)
Z-score: 7.8539
P: 4.0340e-15

Computing rg for phenotype 5/20
Reading summary statistics from ../results/ldsc/STAGE00DATA/munged/par16.sumstats.gz ...
Read summary statistics for 7033675 SNPs.
After merging with summary statistics, 1174774 SNPs remain.
1174774 SNPs with valid alleles.

Heritability of phenotype 5/20
------------------------------
Total Observed scale h2: 0.1003 (0.0239)
Lambda GC: 1.0466
Mean Chi^2: 1.0324
Intercept: 0.9943 (0.0065)
Ratio < 0 (usually indicates GC correction).

Genetic Covariance
------------------
Total Observed scale gencov: 0.0927 (0.0157)
Mean z1*z2: 0.2482
Intercept: 0.2129 (0.0043)

Genetic Correlation
-------------------
Genetic Correlation: 0.7472 (0.0863)
Z-score: 8.6609
P: 4.6791e-18

Computing rg for phenotype 6/20
Reading summary statistics from ../results/ldsc/STAGE00DATA/munged/par17.sumstats.gz ...
Read summary statistics for 7033675 SNPs.
After merging with summary statistics, 1174774 SNPs remain.
1174774 SNPs with valid alleles.

Heritability of phenotype 6/20
------------------------------
Total Observed scale h2: 0.1605 (0.0236)
Lambda GC: 1.071
Mean Chi^2: 1.0554
Intercept: 0.9943 (0.0065)
Ratio < 0 (usually indicates GC correction).

Genetic Covariance
------------------
Total Observed scale gencov: 0.0999 (0.0155)
Mean z1*z2: 0.2623
Intercept: 0.2237 (0.0038)

Genetic Correlation
-------------------
Genetic Correlation: 0.6367 (0.0659)
Z-score: 9.6578
P: 4.5561e-22

Computing rg for phenotype 7/20
Reading summary statistics from ../results/ldsc/STAGE00DATA/munged/par18.sumstats.gz ...
Read summary statistics for 7033675 SNPs.
After merging with summary statistics, 1174774 SNPs remain.
1174774 SNPs with valid alleles.

Heritability of phenotype 7/20
------------------------------
Total Observed scale h2: 0.1522 (0.0244)
Lambda GC: 1.0802
Mean Chi^2: 1.057
Intercept: 0.9992 (0.0065)
Ratio < 0 (usually indicates GC correction).

Genetic Covariance
------------------
Total Observed scale gencov: 0.0969 (0.0142)
Mean z1*z2: 0.2254
Intercept: 0.1879 (0.0037)

Genetic Correlation
-------------------
Genetic Correlation: 0.6346 (0.0636)
Z-score: 9.9773
P: 1.9160e-23

Computing rg for phenotype 8/20
Reading summary statistics from ../results/ldsc/STAGE00DATA/munged/par19.sumstats.gz ...
Read summary statistics for 7033675 SNPs.
After merging with summary statistics, 1174774 SNPs remain.
1174774 SNPs with valid alleles.

Heritability of phenotype 8/20
------------------------------
Total Observed scale h2: 0.1443 (0.0273)
Lambda GC: 1.0649
Mean Chi^2: 1.0584
Intercept: 1.0035 (0.0064)
Ratio: 0.0608 (0.1089)

Genetic Covariance
------------------
Total Observed scale gencov: 0.0862 (0.0151)
Mean z1*z2: 0.2231
Intercept: 0.1899 (0.0036)

Genetic Correlation
-------------------
Genetic Correlation: 0.5798 (0.0721)
Z-score: 8.0358
P: 9.3004e-16

Computing rg for phenotype 9/20
Reading summary statistics from ../results/ldsc/STAGE00DATA/munged/par20.sumstats.gz ...
Read summary statistics for 7033675 SNPs.
After merging with summary statistics, 1174774 SNPs remain.
1174774 SNPs with valid alleles.

Heritability of phenotype 9/20
------------------------------
Total Observed scale h2: 0.0258 (0.0245)
Lambda GC: 1.0195
Mean Chi^2: 1.0182
Intercept: 1.0085 (0.0064)
Ratio: 0.4657 (0.3512)

Genetic Covariance
------------------
Total Observed scale gencov: 0.0591 (0.0138)
Mean z1*z2: 0.21
Intercept: 0.1871 (0.0037)

Genetic Correlation
-------------------
Genetic Correlation: 0.9413 (0.3749)
Z-score: 2.5111
P: 0.012

Computing rg for phenotype 10/20
Reading summary statistics from ../results/ldsc/STAGE00DATA/munged/par21.sumstats.gz ...
Read summary statistics for 7033675 SNPs.
After merging with summary statistics, 1174774 SNPs remain.
1174774 SNPs with valid alleles.

Heritability of phenotype 10/20
-------------------------------
Total Observed scale h2: 0.081 (0.0219)
Lambda GC: 1.0315
Mean Chi^2: 1.0278
Intercept: 0.9973 (0.0058)
Ratio < 0 (usually indicates GC correction).

Genetic Covariance
------------------
Total Observed scale gencov: 0.0573 (0.0131)
Mean z1*z2: 0.2081
Intercept: 0.1863 (0.0036)

Genetic Correlation
-------------------
Genetic Correlation: 0.514 (0.0913)
Z-score: 5.632
P: 1.7815e-08

Computing rg for phenotype 11/20
Reading summary statistics from ../results/ldsc/STAGE00DATA/munged/par22.sumstats.gz ...
Read summary statistics for 7033675 SNPs.
After merging with summary statistics, 1174774 SNPs remain.
1174774 SNPs with valid alleles.

Heritability of phenotype 11/20
-------------------------------
Total Observed scale h2: 0.0279 (0.0224)
Lambda GC: 1.0285
Mean Chi^2: 1.0189
Intercept: 1.0082 (0.0056)
Ratio: 0.4373 (0.2968)

Genetic Covariance
------------------
Total Observed scale gencov: 0.0496 (0.0141)
Mean z1*z2: 0.2067
Intercept: 0.1876 (0.0037)

Genetic Correlation
-------------------
Genetic Correlation: 0.7584 (0.2574)
Z-score: 2.9467
P: 0.0032

Computing rg for phenotype 12/20
Reading summary statistics from ../results/ldsc/STAGE00DATA/munged/par23.sumstats.gz ...
Read summary statistics for 7033675 SNPs.
After merging with summary statistics, 1174774 SNPs remain.
1174774 SNPs with valid alleles.

Heritability of phenotype 12/20
-------------------------------
Total Observed scale h2: 0.1333 (0.026)
Lambda GC: 1.0405
Mean Chi^2: 1.0371
Intercept: 0.9866 (0.0062)
Ratio < 0 (usually indicates GC correction).

Genetic Covariance
------------------
Total Observed scale gencov: 0.0894 (0.0137)
Mean z1*z2: 0.216
Intercept: 0.1815 (0.0036)

Genetic Correlation
-------------------
Genetic Correlation: 0.6254 (0.0726)
Z-score: 8.613
P: 7.1176e-18

Computing rg for phenotype 13/20
Reading summary statistics from ../results/ldsc/STAGE00DATA/munged/par24.sumstats.gz ...
Read summary statistics for 7033675 SNPs.
After merging with summary statistics, 1174774 SNPs remain.
1174774 SNPs with valid alleles.

Heritability of phenotype 13/20
-------------------------------
Total Observed scale h2: 0.1346 (0.0276)
Lambda GC: 1.0618
Mean Chi^2: 1.0577
Intercept: 1.0065 (0.0061)
Ratio: 0.1126 (0.1051)

Genetic Covariance
------------------
Total Observed scale gencov: 0.1432 (0.0251)
Mean z1*z2: 0.6976
Intercept: 0.6426 (0.0056)

Genetic Correlation
-------------------
Genetic Correlation: 0.9967 (0.0418)
Z-score: 23.8162
P: 2.2700e-125

Computing rg for phenotype 14/20
Reading summary statistics from ../results/ldsc/STAGE00DATA/munged/par25.sumstats.gz ...
Read summary statistics for 7033675 SNPs.
After merging with summary statistics, 1174774 SNPs remain.
1174774 SNPs with valid alleles.

Heritability of phenotype 14/20
-------------------------------
Total Observed scale h2: 0.0714 (0.0214)
Lambda GC: 1.0405
Mean Chi^2: 1.0251
Intercept: 0.9982 (0.006)
Ratio < 0 (usually indicates GC correction).

Genetic Covariance
------------------
Total Observed scale gencov: 0.099 (0.0201)
Mean z1*z2: 0.608
Intercept: 0.5706 (0.0055)

Genetic Correlation
-------------------
Genetic Correlation: 0.9467 (0.0706)
Z-score: 13.41
P: 5.2806e-41

Computing rg for phenotype 15/20
Reading summary statistics from ../results/ldsc/STAGE00DATA/munged/par26.sumstats.gz ...
Read summary statistics for 7033675 SNPs.
After merging with summary statistics, 1174774 SNPs remain.
1174774 SNPs with valid alleles.

Heritability of phenotype 15/20
-------------------------------
Total Observed scale h2: 0.1529 (0.0241)
Lambda GC: 1.0741
Mean Chi^2: 1.0672
Intercept: 1.0086 (0.006)
Ratio: 0.1279 (0.0899)

Genetic Covariance
------------------
Total Observed scale gencov: 0.0981 (0.0151)
Mean z1*z2: 0.2332
Intercept: 0.1952 (0.0037)

Genetic Correlation
-------------------
Genetic Correlation: 0.6408 (0.0681)
Z-score: 9.4068
P: 5.1140e-21

Computing rg for phenotype 16/20
Reading summary statistics from ../results/ldsc/STAGE00DATA/munged/par27.sumstats.gz ...
Read summary statistics for 7033675 SNPs.
After merging with summary statistics, 1174774 SNPs remain.
1174774 SNPs with valid alleles.

Heritability of phenotype 16/20
-------------------------------
Total Observed scale h2: 0.2034 (0.0262)
Lambda GC: 1.0926
Mean Chi^2: 1.0779
Intercept: 1.0008 (0.0067)
Ratio: 0.01 (0.0854)

Genetic Covariance
------------------
Total Observed scale gencov: 0.1365 (0.0171)
Mean z1*z2: 0.2981
Intercept: 0.2458 (0.0038)

Genetic Correlation
-------------------
Genetic Correlation: 0.7733 (0.0631)
Z-score: 12.2584
P: 1.5138e-34

Computing rg for phenotype 17/20
Reading summary statistics from ../results/ldsc/STAGE00DATA/munged/par28.sumstats.gz ...
Read summary statistics for 7033675 SNPs.
After merging with summary statistics, 1174774 SNPs remain.
1174774 SNPs with valid alleles.

Heritability of phenotype 17/20
-------------------------------
Total Observed scale h2: 0.0458 (0.0236)
Lambda GC: 1.0255
Mean Chi^2: 1.021
Intercept: 1.0036 (0.0059)
Ratio: 0.1707 (0.2804)

Genetic Covariance
------------------
Total Observed scale gencov: 0.0654 (0.0161)
Mean z1*z2: 0.2545
Intercept: 0.2291 (0.004)

Genetic Correlation
-------------------
Genetic Correlation: 0.7806 (0.1897)
Z-score: 4.1146
P: 3.8792e-05

Computing rg for phenotype 18/20
Reading summary statistics from ../results/ldsc/STAGE00DATA/munged/par29.sumstats.gz ...
Read summary statistics for 7033675 SNPs.
After merging with summary statistics, 1174774 SNPs remain.
1174774 SNPs with valid alleles.

Heritability of phenotype 18/20
-------------------------------
Total Observed scale h2: 0.0846 (0.0207)
Lambda GC: 1.0345
Mean Chi^2: 1.0302
Intercept: 0.998 (0.0054)
Ratio < 0 (usually indicates GC correction).

Genetic Covariance
------------------
Total Observed scale gencov: 0.0667 (0.0138)
Mean z1*z2: 0.2211
Intercept: 0.1952 (0.0035)

Genetic Correlation
-------------------
Genetic Correlation: 0.5858 (0.0939)
Z-score: 6.2397
P: 4.3832e-10

Computing rg for phenotype 19/20
Reading summary statistics from ../results/ldsc/STAGE00DATA/munged/par30.sumstats.gz ...
Read summary statistics for 7033675 SNPs.
After merging with summary statistics, 1174774 SNPs remain.
1174774 SNPs with valid alleles.

Heritability of phenotype 19/20
-------------------------------
Total Observed scale h2: 0.0468 (0.0239)
Lambda GC: 1.0315
Mean Chi^2: 1.026
Intercept: 1.0081 (0.0063)
Ratio: 0.3128 (0.2445)

Genetic Covariance
------------------
Total Observed scale gencov: 0.0608 (0.015)
Mean z1*z2: 0.2312
Intercept: 0.2078 (0.0038)

Genetic Correlation
-------------------
Genetic Correlation: 0.7183 (0.1571)
Z-score: 4.5729
P: 4.8099e-06

Computing rg for phenotype 20/20
Reading summary statistics from ../results/ldsc/STAGE00DATA/munged/par31.sumstats.gz ...
Read summary statistics for 7033675 SNPs.
After merging with summary statistics, 1174774 SNPs remain.
1174774 SNPs with valid alleles.

Heritability of phenotype 20/20
-------------------------------
Total Observed scale h2: 0.0802 (0.0227)
Lambda GC: 1.0375
Mean Chi^2: 1.028
Intercept: 0.9971 (0.0057)
Ratio < 0 (usually indicates GC correction).

Genetic Covariance
------------------
Total Observed scale gencov: 0.0678 (0.0137)
Mean z1*z2: 0.21
Intercept: 0.1835 (0.0036)

Genetic Correlation
-------------------
Genetic Correlation: 0.611 (0.0858)
Z-score: 7.122
P: 1.0641e-12


Summary of Genetic Correlation Results
                                                   p1                                                    p2      rg      se        z            p  h2_obs  h2_obs_se  h2_int  h2_int_se  gcov_int  gcov_int_se
 ../results/ldsc/STAGE00DATA/munged/par12.sumstats.gz  ../results/ldsc/STAGE00DATA/munged/par13.sumstats.gz  0.7790  0.0554  14.0669   6.0680e-45  0.2237     0.0259  1.0054     0.0064    0.2423       0.0040
 ../results/ldsc/STAGE00DATA/munged/par12.sumstats.gz  ../results/ldsc/STAGE00DATA/munged/par14.sumstats.gz  0.7198  0.1018   7.0723   1.5240e-12  0.0813     0.0223  1.0054     0.0057    0.2252       0.0039
 ../results/ldsc/STAGE00DATA/munged/par12.sumstats.gz  ../results/ldsc/STAGE00DATA/munged/par15.sumstats.gz  0.6287  0.0800   7.8539   4.0340e-15  0.0942     0.0249  1.0005     0.0063    0.2013       0.0036
 ../results/ldsc/STAGE00DATA/munged/par12.sumstats.gz  ../results/ldsc/STAGE00DATA/munged/par16.sumstats.gz  0.7472  0.0863   8.6609   4.6791e-18  0.1003     0.0239  0.9943     0.0065    0.2129       0.0043
 ../results/ldsc/STAGE00DATA/munged/par12.sumstats.gz  ../results/ldsc/STAGE00DATA/munged/par17.sumstats.gz  0.6367  0.0659   9.6578   4.5561e-22  0.1605     0.0236  0.9943     0.0065    0.2237       0.0038
 ../results/ldsc/STAGE00DATA/munged/par12.sumstats.gz  ../results/ldsc/STAGE00DATA/munged/par18.sumstats.gz  0.6346  0.0636   9.9773   1.9160e-23  0.1522     0.0244  0.9992     0.0065    0.1879       0.0037
 ../results/ldsc/STAGE00DATA/munged/par12.sumstats.gz  ../results/ldsc/STAGE00DATA/munged/par19.sumstats.gz  0.5798  0.0721   8.0358   9.3004e-16  0.1443     0.0273  1.0035     0.0064    0.1899       0.0036
 ../results/ldsc/STAGE00DATA/munged/par12.sumstats.gz  ../results/ldsc/STAGE00DATA/munged/par20.sumstats.gz  0.9413  0.3749   2.5111   1.2034e-02  0.0258     0.0245  1.0085     0.0064    0.1871       0.0037
 ../results/ldsc/STAGE00DATA/munged/par12.sumstats.gz  ../results/ldsc/STAGE00DATA/munged/par21.sumstats.gz  0.5140  0.0913   5.6320   1.7815e-08  0.0810     0.0219  0.9973     0.0058    0.1863       0.0036
 ../results/ldsc/STAGE00DATA/munged/par12.sumstats.gz  ../results/ldsc/STAGE00DATA/munged/par22.sumstats.gz  0.7584  0.2574   2.9467   3.2123e-03  0.0279     0.0224  1.0082     0.0056    0.1876       0.0037
 ../results/ldsc/STAGE00DATA/munged/par12.sumstats.gz  ../results/ldsc/STAGE00DATA/munged/par23.sumstats.gz  0.6254  0.0726   8.6130   7.1176e-18  0.1333     0.0260  0.9866     0.0062    0.1815       0.0036
 ../results/ldsc/STAGE00DATA/munged/par12.sumstats.gz  ../results/ldsc/STAGE00DATA/munged/par24.sumstats.gz  0.9967  0.0418  23.8162  2.2700e-125  0.1346     0.0276  1.0065     0.0061    0.6426       0.0056
 ../results/ldsc/STAGE00DATA/munged/par12.sumstats.gz  ../results/ldsc/STAGE00DATA/munged/par25.sumstats.gz  0.9467  0.0706  13.4100   5.2806e-41  0.0714     0.0214  0.9982     0.0060    0.5706       0.0055
 ../results/ldsc/STAGE00DATA/munged/par12.sumstats.gz  ../results/ldsc/STAGE00DATA/munged/par26.sumstats.gz  0.6408  0.0681   9.4068   5.1140e-21  0.1529     0.0241  1.0086     0.0060    0.1952       0.0037
 ../results/ldsc/STAGE00DATA/munged/par12.sumstats.gz  ../results/ldsc/STAGE00DATA/munged/par27.sumstats.gz  0.7733  0.0631  12.2584   1.5138e-34  0.2034     0.0262  1.0008     0.0067    0.2458       0.0038
 ../results/ldsc/STAGE00DATA/munged/par12.sumstats.gz  ../results/ldsc/STAGE00DATA/munged/par28.sumstats.gz  0.7806  0.1897   4.1146   3.8792e-05  0.0458     0.0236  1.0036     0.0059    0.2291       0.0040
 ../results/ldsc/STAGE00DATA/munged/par12.sumstats.gz  ../results/ldsc/STAGE00DATA/munged/par29.sumstats.gz  0.5858  0.0939   6.2397   4.3832e-10  0.0846     0.0207  0.9980     0.0054    0.1952       0.0035
 ../results/ldsc/STAGE00DATA/munged/par12.sumstats.gz  ../results/ldsc/STAGE00DATA/munged/par30.sumstats.gz  0.7183  0.1571   4.5729   4.8099e-06  0.0468     0.0239  1.0081     0.0063    0.2078       0.0038
 ../results/ldsc/STAGE00DATA/munged/par12.sumstats.gz  ../results/ldsc/STAGE00DATA/munged/par31.sumstats.gz  0.6110  0.0858   7.1220   1.0641e-12  0.0802     0.0227  0.9971     0.0057    0.1835       0.0036

Analysis finished at Mon Feb 28 02:45:27 2022
Total time elapsed: 7.0m:27.22s
