*********************************************************************
* LD Score Regression (LDSC)
* Version 1.0.1
* (C) 2014-2019 Brendan Bulik-Sullivan and Hilary Finucane
* Broad Institute of MIT and Harvard / MIT Department of Mathematics
* GNU General Public License v3
*********************************************************************
Call: 
./ldsc.py \
--ref-ld-chr ../SAMPLE_DATA/eur_w_ld_chr/ \
--out ../results/ldsc/STAGE00DATA/rg/par17 \
--rg ../results/ldsc/STAGE00DATA/munged/par17.sumstats.gz,../results/ldsc/STAGE00DATA/munged/par18.sumstats.gz,../results/ldsc/STAGE00DATA/munged/par19.sumstats.gz,../results/ldsc/STAGE00DATA/munged/par20.sumstats.gz,../results/ldsc/STAGE00DATA/munged/par21.sumstats.gz,../results/ldsc/STAGE00DATA/munged/par22.sumstats.gz,../results/ldsc/STAGE00DATA/munged/par23.sumstats.gz,../results/ldsc/STAGE00DATA/munged/par24.sumstats.gz,../results/ldsc/STAGE00DATA/munged/par25.sumstats.gz,../results/ldsc/STAGE00DATA/munged/par26.sumstats.gz,../results/ldsc/STAGE00DATA/munged/par27.sumstats.gz,../results/ldsc/STAGE00DATA/munged/par28.sumstats.gz,../results/ldsc/STAGE00DATA/munged/par29.sumstats.gz,../results/ldsc/STAGE00DATA/munged/par30.sumstats.gz,../results/ldsc/STAGE00DATA/munged/par31.sumstats.gz \
--w-ld-chr ../SAMPLE_DATA/eur_w_ld_chr/ 

Beginning analysis at Mon Feb 28 03:11:36 2022
Reading summary statistics from ../results/ldsc/STAGE00DATA/munged/par17.sumstats.gz ...
Read summary statistics for 7033675 SNPs.
Reading reference panel LD Score from ../SAMPLE_DATA/eur_w_ld_chr/[1-22] ... (ldscore_fromlist)
Read reference panel LD Scores for 1290028 SNPs.
Removing partitioned LD Scores with zero variance.
Reading regression weight LD Score from ../SAMPLE_DATA/eur_w_ld_chr/[1-22] ... (ldscore_fromlist)
Read regression weight LD Scores for 1290028 SNPs.
After merging with reference panel LD, 1174774 SNPs remain.
After merging with regression SNP LD, 1174774 SNPs remain.
Computing rg for phenotype 2/15
Reading summary statistics from ../results/ldsc/STAGE00DATA/munged/par18.sumstats.gz ...
Read summary statistics for 7033675 SNPs.
After merging with summary statistics, 1174774 SNPs remain.
1174774 SNPs with valid alleles.

Heritability of phenotype 1
---------------------------
Total Observed scale h2: 0.1605 (0.0236)
Lambda GC: 1.071
Mean Chi^2: 1.0554
Intercept: 0.9943 (0.0065)
Ratio < 0 (usually indicates GC correction).

Heritability of phenotype 2/15
------------------------------
Total Observed scale h2: 0.1522 (0.0244)
Lambda GC: 1.0802
Mean Chi^2: 1.057
Intercept: 0.9992 (0.0065)
Ratio < 0 (usually indicates GC correction).

Genetic Covariance
------------------
Total Observed scale gencov: 0.1181 (0.014)
Mean z1*z2: 0.2885
Intercept: 0.2433 (0.0038)

Genetic Correlation
-------------------
Genetic Correlation: 0.7553 (0.0601)
Z-score: 12.5645
P: 3.3104e-36

Computing rg for phenotype 3/15
Reading summary statistics from ../results/ldsc/STAGE00DATA/munged/par19.sumstats.gz ...
Read summary statistics for 7033675 SNPs.
After merging with summary statistics, 1174774 SNPs remain.
1174774 SNPs with valid alleles.

Heritability of phenotype 3/15
------------------------------
Total Observed scale h2: 0.1443 (0.0273)
Lambda GC: 1.0649
Mean Chi^2: 1.0584
Intercept: 1.0035 (0.0064)
Ratio: 0.0608 (0.1089)

Genetic Covariance
------------------
Total Observed scale gencov: 0.0949 (0.0156)
Mean z1*z2: 0.25
Intercept: 0.2132 (0.004)

Genetic Correlation
-------------------
Genetic Correlation: 0.6237 (0.0685)
Z-score: 9.1101
P: 8.2323e-20

Computing rg for phenotype 4/15
Reading summary statistics from ../results/ldsc/STAGE00DATA/munged/par20.sumstats.gz ...
Read summary statistics for 7033675 SNPs.
After merging with summary statistics, 1174774 SNPs remain.
1174774 SNPs with valid alleles.

Heritability of phenotype 4/15
------------------------------
Total Observed scale h2: 0.0258 (0.0245)
Lambda GC: 1.0195
Mean Chi^2: 1.0182
Intercept: 1.0085 (0.0064)
Ratio: 0.4657 (0.3512)

Genetic Covariance
------------------
Total Observed scale gencov: 0.0427 (0.0141)
Mean z1*z2: 0.2128
Intercept: 0.1963 (0.0038)

Genetic Correlation
-------------------
Genetic Correlation: 0.6645 (0.269)
Z-score: 2.4705
P: 0.0135

Computing rg for phenotype 5/15
Reading summary statistics from ../results/ldsc/STAGE00DATA/munged/par21.sumstats.gz ...
Read summary statistics for 7033675 SNPs.
After merging with summary statistics, 1174774 SNPs remain.
1174774 SNPs with valid alleles.

Heritability of phenotype 5/15
------------------------------
Total Observed scale h2: 0.081 (0.0219)
Lambda GC: 1.0315
Mean Chi^2: 1.0278
Intercept: 0.9973 (0.0058)
Ratio < 0 (usually indicates GC correction).

Genetic Covariance
------------------
Total Observed scale gencov: 0.0735 (0.013)
Mean z1*z2: 0.2128
Intercept: 0.185 (0.0034)

Genetic Correlation
-------------------
Genetic Correlation: 0.6441 (0.0893)
Z-score: 7.2148
P: 5.3997e-13

Computing rg for phenotype 6/15
Reading summary statistics from ../results/ldsc/STAGE00DATA/munged/par22.sumstats.gz ...
Read summary statistics for 7033675 SNPs.
After merging with summary statistics, 1174774 SNPs remain.
1174774 SNPs with valid alleles.

Heritability of phenotype 6/15
------------------------------
Total Observed scale h2: 0.0279 (0.0224)
Lambda GC: 1.0285
Mean Chi^2: 1.0189
Intercept: 1.0082 (0.0056)
Ratio: 0.4373 (0.2968)

Genetic Covariance
------------------
Total Observed scale gencov: 0.0657 (0.0128)
Mean z1*z2: 0.2103
Intercept: 0.1848 (0.0038)

Genetic Correlation
-------------------
Genetic Correlation: 0.9818 (0.335)
Z-score: 2.9309
P: 0.0034

Computing rg for phenotype 7/15
Reading summary statistics from ../results/ldsc/STAGE00DATA/munged/par23.sumstats.gz ...
Read summary statistics for 7033675 SNPs.
After merging with summary statistics, 1174774 SNPs remain.
1174774 SNPs with valid alleles.

Heritability of phenotype 7/15
------------------------------
Total Observed scale h2: 0.1333 (0.026)
Lambda GC: 1.0405
Mean Chi^2: 1.0371
Intercept: 0.9866 (0.0062)
Ratio < 0 (usually indicates GC correction).

Genetic Covariance
------------------
Total Observed scale gencov: 0.0915 (0.0138)
Mean z1*z2: 0.2202
Intercept: 0.185 (0.0035)

Genetic Correlation
-------------------
Genetic Correlation: 0.6252 (0.0712)
Z-score: 8.7796
P: 1.6410e-18

Computing rg for phenotype 8/15
Reading summary statistics from ../results/ldsc/STAGE00DATA/munged/par24.sumstats.gz ...
Read summary statistics for 7033675 SNPs.
After merging with summary statistics, 1174774 SNPs remain.
1174774 SNPs with valid alleles.

Heritability of phenotype 8/15
------------------------------
Total Observed scale h2: 0.1346 (0.0276)
Lambda GC: 1.0618
Mean Chi^2: 1.0577
Intercept: 1.0065 (0.0061)
Ratio: 0.1126 (0.1051)

Genetic Covariance
------------------
Total Observed scale gencov: 0.1012 (0.0155)
Mean z1*z2: 0.253
Intercept: 0.2139 (0.0034)

Genetic Correlation
-------------------
Genetic Correlation: 0.6884 (0.0669)
Z-score: 10.2951
P: 7.4115e-25

Computing rg for phenotype 9/15
Reading summary statistics from ../results/ldsc/STAGE00DATA/munged/par25.sumstats.gz ...
Read summary statistics for 7033675 SNPs.
After merging with summary statistics, 1174774 SNPs remain.
1174774 SNPs with valid alleles.

Heritability of phenotype 9/15
------------------------------
Total Observed scale h2: 0.0714 (0.0214)
Lambda GC: 1.0405
Mean Chi^2: 1.0251
Intercept: 0.9982 (0.006)
Ratio < 0 (usually indicates GC correction).

Genetic Covariance
------------------
Total Observed scale gencov: 0.0827 (0.0128)
Mean z1*z2: 0.2491
Intercept: 0.2169 (0.0036)

Genetic Correlation
-------------------
Genetic Correlation: 0.7724 (0.1011)
Z-score: 7.6377
P: 2.2120e-14

Computing rg for phenotype 10/15
Reading summary statistics from ../results/ldsc/STAGE00DATA/munged/par26.sumstats.gz ...
Read summary statistics for 7033675 SNPs.
After merging with summary statistics, 1174774 SNPs remain.
1174774 SNPs with valid alleles.

Heritability of phenotype 10/15
-------------------------------
Total Observed scale h2: 0.1529 (0.0241)
Lambda GC: 1.0741
Mean Chi^2: 1.0672
Intercept: 1.0086 (0.006)
Ratio: 0.1279 (0.0899)

Genetic Covariance
------------------
Total Observed scale gencov: 0.1213 (0.0136)
Mean z1*z2: 0.245
Intercept: 0.1985 (0.0035)

Genetic Correlation
-------------------
Genetic Correlation: 0.7741 (0.0659)
Z-score: 11.7471
P: 7.3119e-32

Computing rg for phenotype 11/15
Reading summary statistics from ../results/ldsc/STAGE00DATA/munged/par27.sumstats.gz ...
Read summary statistics for 7033675 SNPs.
After merging with summary statistics, 1174774 SNPs remain.
1174774 SNPs with valid alleles.

Heritability of phenotype 11/15
-------------------------------
Total Observed scale h2: 0.2034 (0.0262)
Lambda GC: 1.0926
Mean Chi^2: 1.0779
Intercept: 1.0008 (0.0067)
Ratio: 0.01 (0.0854)

Genetic Covariance
------------------
Total Observed scale gencov: 0.1167 (0.0149)
Mean z1*z2: 0.2631
Intercept: 0.2179 (0.0039)

Genetic Correlation
-------------------
Genetic Correlation: 0.6461 (0.058)
Z-score: 11.1436
P: 7.6949e-29

Computing rg for phenotype 12/15
Reading summary statistics from ../results/ldsc/STAGE00DATA/munged/par28.sumstats.gz ...
Read summary statistics for 7033675 SNPs.
After merging with summary statistics, 1174774 SNPs remain.
1174774 SNPs with valid alleles.

Heritability of phenotype 12/15
-------------------------------
Total Observed scale h2: 0.0458 (0.0236)
Lambda GC: 1.0255
Mean Chi^2: 1.021
Intercept: 1.0036 (0.0059)
Ratio: 0.1707 (0.2804)

Genetic Covariance
------------------
Total Observed scale gencov: 0.0625 (0.0132)
Mean z1*z2: 0.2166
Intercept: 0.1927 (0.0034)

Genetic Correlation
-------------------
Genetic Correlation: 0.7282 (0.1587)
Z-score: 4.5874
P: 4.4886e-06

Computing rg for phenotype 13/15
Reading summary statistics from ../results/ldsc/STAGE00DATA/munged/par29.sumstats.gz ...
Read summary statistics for 7033675 SNPs.
After merging with summary statistics, 1174774 SNPs remain.
1174774 SNPs with valid alleles.

Heritability of phenotype 13/15
-------------------------------
Total Observed scale h2: 0.0846 (0.0207)
Lambda GC: 1.0345
Mean Chi^2: 1.0302
Intercept: 0.998 (0.0054)
Ratio < 0 (usually indicates GC correction).

Genetic Covariance
------------------
Total Observed scale gencov: 0.0707 (0.0133)
Mean z1*z2: 0.2143
Intercept: 0.1872 (0.0036)

Genetic Correlation
-------------------
Genetic Correlation: 0.6066 (0.0908)
Z-score: 6.684
P: 2.3244e-11

Computing rg for phenotype 14/15
Reading summary statistics from ../results/ldsc/STAGE00DATA/munged/par30.sumstats.gz ...
Read summary statistics for 7033675 SNPs.
After merging with summary statistics, 1174774 SNPs remain.
1174774 SNPs with valid alleles.

Heritability of phenotype 14/15
-------------------------------
Total Observed scale h2: 0.0468 (0.0239)
Lambda GC: 1.0315
Mean Chi^2: 1.026
Intercept: 1.0081 (0.0063)
Ratio: 0.3128 (0.2445)

Genetic Covariance
------------------
Total Observed scale gencov: 0.0673 (0.0138)
Mean z1*z2: 0.2103
Intercept: 0.1841 (0.0036)

Genetic Correlation
-------------------
Genetic Correlation: 0.7768 (0.1697)
Z-score: 4.5766
P: 4.7251e-06

Computing rg for phenotype 15/15
Reading summary statistics from ../results/ldsc/STAGE00DATA/munged/par31.sumstats.gz ...
Read summary statistics for 7033675 SNPs.
After merging with summary statistics, 1174774 SNPs remain.
1174774 SNPs with valid alleles.

Heritability of phenotype 15/15
-------------------------------
Total Observed scale h2: 0.0802 (0.0227)
Lambda GC: 1.0375
Mean Chi^2: 1.028
Intercept: 0.9971 (0.0057)
Ratio < 0 (usually indicates GC correction).

Genetic Covariance
------------------
Total Observed scale gencov: 0.0601 (0.0134)
Mean z1*z2: 0.212
Intercept: 0.1884 (0.0038)

Genetic Correlation
-------------------
Genetic Correlation: 0.5293 (0.0917)
Z-score: 5.7703
P: 7.9116e-09


Summary of Genetic Correlation Results
                                                   p1                                                    p2      rg      se        z           p  h2_obs  h2_obs_se  h2_int  h2_int_se  gcov_int  gcov_int_se
 ../results/ldsc/STAGE00DATA/munged/par17.sumstats.gz  ../results/ldsc/STAGE00DATA/munged/par18.sumstats.gz  0.7553  0.0601  12.5645  3.3104e-36  0.1522     0.0244  0.9992     0.0065    0.2433       0.0038
 ../results/ldsc/STAGE00DATA/munged/par17.sumstats.gz  ../results/ldsc/STAGE00DATA/munged/par19.sumstats.gz  0.6237  0.0685   9.1101  8.2323e-20  0.1443     0.0273  1.0035     0.0064    0.2132       0.0040
 ../results/ldsc/STAGE00DATA/munged/par17.sumstats.gz  ../results/ldsc/STAGE00DATA/munged/par20.sumstats.gz  0.6645  0.2690   2.4705  1.3494e-02  0.0258     0.0245  1.0085     0.0064    0.1963       0.0038
 ../results/ldsc/STAGE00DATA/munged/par17.sumstats.gz  ../results/ldsc/STAGE00DATA/munged/par21.sumstats.gz  0.6441  0.0893   7.2148  5.3997e-13  0.0810     0.0219  0.9973     0.0058    0.1850       0.0034
 ../results/ldsc/STAGE00DATA/munged/par17.sumstats.gz  ../results/ldsc/STAGE00DATA/munged/par22.sumstats.gz  0.9818  0.3350   2.9309  3.3801e-03  0.0279     0.0224  1.0082     0.0056    0.1848       0.0038
 ../results/ldsc/STAGE00DATA/munged/par17.sumstats.gz  ../results/ldsc/STAGE00DATA/munged/par23.sumstats.gz  0.6252  0.0712   8.7796  1.6410e-18  0.1333     0.0260  0.9866     0.0062    0.1850       0.0035
 ../results/ldsc/STAGE00DATA/munged/par17.sumstats.gz  ../results/ldsc/STAGE00DATA/munged/par24.sumstats.gz  0.6884  0.0669  10.2951  7.4115e-25  0.1346     0.0276  1.0065     0.0061    0.2139       0.0034
 ../results/ldsc/STAGE00DATA/munged/par17.sumstats.gz  ../results/ldsc/STAGE00DATA/munged/par25.sumstats.gz  0.7724  0.1011   7.6377  2.2120e-14  0.0714     0.0214  0.9982     0.0060    0.2169       0.0036
 ../results/ldsc/STAGE00DATA/munged/par17.sumstats.gz  ../results/ldsc/STAGE00DATA/munged/par26.sumstats.gz  0.7741  0.0659  11.7471  7.3119e-32  0.1529     0.0241  1.0086     0.0060    0.1985       0.0035
 ../results/ldsc/STAGE00DATA/munged/par17.sumstats.gz  ../results/ldsc/STAGE00DATA/munged/par27.sumstats.gz  0.6461  0.0580  11.1436  7.6949e-29  0.2034     0.0262  1.0008     0.0067    0.2179       0.0039
 ../results/ldsc/STAGE00DATA/munged/par17.sumstats.gz  ../results/ldsc/STAGE00DATA/munged/par28.sumstats.gz  0.7282  0.1587   4.5874  4.4886e-06  0.0458     0.0236  1.0036     0.0059    0.1927       0.0034
 ../results/ldsc/STAGE00DATA/munged/par17.sumstats.gz  ../results/ldsc/STAGE00DATA/munged/par29.sumstats.gz  0.6066  0.0908   6.6840  2.3244e-11  0.0846     0.0207  0.9980     0.0054    0.1872       0.0036
 ../results/ldsc/STAGE00DATA/munged/par17.sumstats.gz  ../results/ldsc/STAGE00DATA/munged/par30.sumstats.gz  0.7768  0.1697   4.5766  4.7251e-06  0.0468     0.0239  1.0081     0.0063    0.1841       0.0036
 ../results/ldsc/STAGE00DATA/munged/par17.sumstats.gz  ../results/ldsc/STAGE00DATA/munged/par31.sumstats.gz  0.5293  0.0917   5.7703  7.9116e-09  0.0802     0.0227  0.9971     0.0057    0.1884       0.0038

Analysis finished at Mon Feb 28 03:17:12 2022
Total time elapsed: 5.0m:36.77s
