*********************************************************************
* LD Score Regression (LDSC)
* Version 1.0.1
* (C) 2014-2019 Brendan Bulik-Sullivan and Hilary Finucane
* Broad Institute of MIT and Harvard / MIT Department of Mathematics
* GNU General Public License v3
*********************************************************************
Call: 
./ldsc.py \
--ref-ld-chr ../SAMPLE_DATA/eur_w_ld_chr/ \
--out ../results/ldsc/STAGE00DATA/rg/par28 \
--rg ../results/ldsc/STAGE00DATA/munged/par28.sumstats.gz,../results/ldsc/STAGE00DATA/munged/par29.sumstats.gz,../results/ldsc/STAGE00DATA/munged/par30.sumstats.gz,../results/ldsc/STAGE00DATA/munged/par31.sumstats.gz \
--w-ld-chr ../SAMPLE_DATA/eur_w_ld_chr/ 

Beginning analysis at Mon Feb 28 03:53:37 2022
Reading summary statistics from ../results/ldsc/STAGE00DATA/munged/par28.sumstats.gz ...
Read summary statistics for 7033675 SNPs.
Reading reference panel LD Score from ../SAMPLE_DATA/eur_w_ld_chr/[1-22] ... (ldscore_fromlist)
Read reference panel LD Scores for 1290028 SNPs.
Removing partitioned LD Scores with zero variance.
Reading regression weight LD Score from ../SAMPLE_DATA/eur_w_ld_chr/[1-22] ... (ldscore_fromlist)
Read regression weight LD Scores for 1290028 SNPs.
After merging with reference panel LD, 1174774 SNPs remain.
After merging with regression SNP LD, 1174774 SNPs remain.
Computing rg for phenotype 2/4
Reading summary statistics from ../results/ldsc/STAGE00DATA/munged/par29.sumstats.gz ...
Read summary statistics for 7033675 SNPs.
After merging with summary statistics, 1174774 SNPs remain.
1174774 SNPs with valid alleles.

Heritability of phenotype 1
---------------------------
Total Observed scale h2: 0.0458 (0.0236)
Lambda GC: 1.0255
Mean Chi^2: 1.021
Intercept: 1.0036 (0.0059)
Ratio: 0.1707 (0.2804)

Heritability of phenotype 2/4
-----------------------------
Total Observed scale h2: 0.0846 (0.0207)
Lambda GC: 1.0345
Mean Chi^2: 1.0302
Intercept: 0.998 (0.0054)
Ratio < 0 (usually indicates GC correction).

Genetic Covariance
------------------
Total Observed scale gencov: 0.042 (0.0138)
Mean z1*z2: 0.2838
Intercept: 0.2676 (0.0037)

Genetic Correlation
-------------------
Genetic Correlation: 0.6747 (0.157)
Z-score: 4.2965
P: 1.7354e-05

Computing rg for phenotype 3/4
Reading summary statistics from ../results/ldsc/STAGE00DATA/munged/par30.sumstats.gz ...
Read summary statistics for 7033675 SNPs.
After merging with summary statistics, 1174774 SNPs remain.
1174774 SNPs with valid alleles.

Heritability of phenotype 3/4
-----------------------------
Total Observed scale h2: 0.0468 (0.0239)
Lambda GC: 1.0315
Mean Chi^2: 1.026
Intercept: 1.0081 (0.0063)
Ratio: 0.3128 (0.2445)

Genetic Covariance
------------------
Total Observed scale gencov: 0.0379 (0.0136)
Mean z1*z2: 0.2331
Intercept: 0.2184 (0.0035)

Genetic Correlation
-------------------
Genetic Correlation: 0.8187 (0.2202)
Z-score: 3.7187
P: 0.0002

Computing rg for phenotype 4/4
Reading summary statistics from ../results/ldsc/STAGE00DATA/munged/par31.sumstats.gz ...
Read summary statistics for 7033675 SNPs.
After merging with summary statistics, 1174774 SNPs remain.
1174774 SNPs with valid alleles.

Heritability of phenotype 4/4
-----------------------------
Total Observed scale h2: 0.0802 (0.0227)
Lambda GC: 1.0375
Mean Chi^2: 1.028
Intercept: 0.9971 (0.0057)
Ratio < 0 (usually indicates GC correction).

Genetic Covariance
------------------
Total Observed scale gencov: 0.0313 (0.0132)
Mean z1*z2: 0.2035
Intercept: 0.1912 (0.0035)

Genetic Correlation
-------------------
Genetic Correlation: 0.516 (0.1698)
Z-score: 3.0398
P: 0.0024


Summary of Genetic Correlation Results
                                                   p1                                                    p2      rg      se       z           p  h2_obs  h2_obs_se  h2_int  h2_int_se  gcov_int  gcov_int_se
 ../results/ldsc/STAGE00DATA/munged/par28.sumstats.gz  ../results/ldsc/STAGE00DATA/munged/par29.sumstats.gz  0.6747  0.1570  4.2965  1.7354e-05  0.0846     0.0207  0.9980     0.0054    0.2676       0.0037
 ../results/ldsc/STAGE00DATA/munged/par28.sumstats.gz  ../results/ldsc/STAGE00DATA/munged/par30.sumstats.gz  0.8187  0.2202  3.7187  2.0026e-04  0.0468     0.0239  1.0081     0.0063    0.2184       0.0035
 ../results/ldsc/STAGE00DATA/munged/par28.sumstats.gz  ../results/ldsc/STAGE00DATA/munged/par31.sumstats.gz  0.5160  0.1698  3.0398  2.3675e-03  0.0802     0.0227  0.9971     0.0057    0.1912       0.0035

Analysis finished at Mon Feb 28 03:55:13 2022
Total time elapsed: 1.0m:35.91s
