*********************************************************************
* LD Score Regression (LDSC)
* Version 1.0.1
* (C) 2014-2019 Brendan Bulik-Sullivan and Hilary Finucane
* Broad Institute of MIT and Harvard / MIT Department of Mathematics
* GNU General Public License v3
*********************************************************************
Call: 
./ldsc.py \
--ref-ld-chr ../SAMPLE_DATA/eur_w_ld_chr/ \
--out ../results/ldsc/STAGE00DATA/rg/par25 \
--rg ../results/ldsc/STAGE00DATA/munged/par25.sumstats.gz,../results/ldsc/STAGE00DATA/munged/par26.sumstats.gz,../results/ldsc/STAGE00DATA/munged/par27.sumstats.gz,../results/ldsc/STAGE00DATA/munged/par28.sumstats.gz,../results/ldsc/STAGE00DATA/munged/par29.sumstats.gz,../results/ldsc/STAGE00DATA/munged/par30.sumstats.gz,../results/ldsc/STAGE00DATA/munged/par31.sumstats.gz \
--w-ld-chr ../SAMPLE_DATA/eur_w_ld_chr/ 

Beginning analysis at Mon Feb 28 03:46:22 2022
Reading summary statistics from ../results/ldsc/STAGE00DATA/munged/par25.sumstats.gz ...
Read summary statistics for 7033675 SNPs.
Reading reference panel LD Score from ../SAMPLE_DATA/eur_w_ld_chr/[1-22] ... (ldscore_fromlist)
Read reference panel LD Scores for 1290028 SNPs.
Removing partitioned LD Scores with zero variance.
Reading regression weight LD Score from ../SAMPLE_DATA/eur_w_ld_chr/[1-22] ... (ldscore_fromlist)
Read regression weight LD Scores for 1290028 SNPs.
After merging with reference panel LD, 1174774 SNPs remain.
After merging with regression SNP LD, 1174774 SNPs remain.
Computing rg for phenotype 2/7
Reading summary statistics from ../results/ldsc/STAGE00DATA/munged/par26.sumstats.gz ...
Read summary statistics for 7033675 SNPs.
After merging with summary statistics, 1174774 SNPs remain.
1174774 SNPs with valid alleles.

Heritability of phenotype 1
---------------------------
Total Observed scale h2: 0.0714 (0.0214)
Lambda GC: 1.0405
Mean Chi^2: 1.0251
Intercept: 0.9982 (0.006)
Ratio < 0 (usually indicates GC correction).

Heritability of phenotype 2/7
-----------------------------
Total Observed scale h2: 0.1529 (0.0241)
Lambda GC: 1.0741
Mean Chi^2: 1.0672
Intercept: 1.0086 (0.006)
Ratio: 0.1279 (0.0899)

Genetic Covariance
------------------
Total Observed scale gencov: 0.0705 (0.015)
Mean z1*z2: 0.2162
Intercept: 0.1888 (0.0034)

Genetic Correlation
-------------------
Genetic Correlation: 0.6748 (0.1032)
Z-score: 6.541
P: 6.1105e-11

Computing rg for phenotype 3/7
Reading summary statistics from ../results/ldsc/STAGE00DATA/munged/par27.sumstats.gz ...
Read summary statistics for 7033675 SNPs.
After merging with summary statistics, 1174774 SNPs remain.
1174774 SNPs with valid alleles.

Heritability of phenotype 3/7
-----------------------------
Total Observed scale h2: 0.2034 (0.0262)
Lambda GC: 1.0926
Mean Chi^2: 1.0779
Intercept: 1.0008 (0.0067)
Ratio: 0.01 (0.0854)

Genetic Covariance
------------------
Total Observed scale gencov: 0.0929 (0.0134)
Mean z1*z2: 0.2379
Intercept: 0.2022 (0.0035)

Genetic Correlation
-------------------
Genetic Correlation: 0.7704 (0.0989)
Z-score: 7.7901
P: 6.6957e-15

Computing rg for phenotype 4/7
Reading summary statistics from ../results/ldsc/STAGE00DATA/munged/par28.sumstats.gz ...
Read summary statistics for 7033675 SNPs.
After merging with summary statistics, 1174774 SNPs remain.
1174774 SNPs with valid alleles.

Heritability of phenotype 4/7
-----------------------------
Total Observed scale h2: 0.0458 (0.0236)
Lambda GC: 1.0255
Mean Chi^2: 1.021
Intercept: 1.0036 (0.0059)
Ratio: 0.1707 (0.2804)

Genetic Covariance
------------------
Total Observed scale gencov: 0.0405 (0.0128)
Mean z1*z2: 0.2668
Intercept: 0.251 (0.0035)

Genetic Correlation
-------------------
Genetic Correlation: 0.7078 (0.187)
Z-score: 3.7857
P: 0.0002

Computing rg for phenotype 5/7
Reading summary statistics from ../results/ldsc/STAGE00DATA/munged/par29.sumstats.gz ...
Read summary statistics for 7033675 SNPs.
After merging with summary statistics, 1174774 SNPs remain.
1174774 SNPs with valid alleles.

Heritability of phenotype 5/7
-----------------------------
Total Observed scale h2: 0.0846 (0.0207)
Lambda GC: 1.0345
Mean Chi^2: 1.0302
Intercept: 0.998 (0.0054)
Ratio < 0 (usually indicates GC correction).

Genetic Covariance
------------------
Total Observed scale gencov: 0.0634 (0.0124)
Mean z1*z2: 0.2171
Intercept: 0.1927 (0.0029)

Genetic Correlation
-------------------
Genetic Correlation: 0.8151 (0.1278)
Z-score: 6.3783
P: 1.7911e-10

Computing rg for phenotype 6/7
Reading summary statistics from ../results/ldsc/STAGE00DATA/munged/par30.sumstats.gz ...
Read summary statistics for 7033675 SNPs.
After merging with summary statistics, 1174774 SNPs remain.
1174774 SNPs with valid alleles.

Heritability of phenotype 6/7
-----------------------------
Total Observed scale h2: 0.0468 (0.0239)
Lambda GC: 1.0315
Mean Chi^2: 1.026
Intercept: 1.0081 (0.0063)
Ratio: 0.3128 (0.2445)

Genetic Covariance
------------------
Total Observed scale gencov: 0.0487 (0.0137)
Mean z1*z2: 0.2289
Intercept: 0.2101 (0.0036)

Genetic Correlation
-------------------
Genetic Correlation: 0.8432 (0.2179)
Z-score: 3.8699
P: 0.0001

Computing rg for phenotype 7/7
Reading summary statistics from ../results/ldsc/STAGE00DATA/munged/par31.sumstats.gz ...
Read summary statistics for 7033675 SNPs.
After merging with summary statistics, 1174774 SNPs remain.
1174774 SNPs with valid alleles.

Heritability of phenotype 7/7
-----------------------------
Total Observed scale h2: 0.0802 (0.0227)
Lambda GC: 1.0375
Mean Chi^2: 1.028
Intercept: 0.9971 (0.0057)
Ratio < 0 (usually indicates GC correction).

Genetic Covariance
------------------
Total Observed scale gencov: 0.057 (0.0127)
Mean z1*z2: 0.2039
Intercept: 0.1818 (0.0033)

Genetic Correlation
-------------------
Genetic Correlation: 0.7524 (0.1249)
Z-score: 6.023
P: 1.7123e-09


Summary of Genetic Correlation Results
                                                   p1                                                    p2      rg      se       z           p  h2_obs  h2_obs_se  h2_int  h2_int_se  gcov_int  gcov_int_se
 ../results/ldsc/STAGE00DATA/munged/par25.sumstats.gz  ../results/ldsc/STAGE00DATA/munged/par26.sumstats.gz  0.6748  0.1032  6.5410  6.1105e-11  0.1529     0.0241  1.0086     0.0060    0.1888       0.0034
 ../results/ldsc/STAGE00DATA/munged/par25.sumstats.gz  ../results/ldsc/STAGE00DATA/munged/par27.sumstats.gz  0.7704  0.0989  7.7901  6.6957e-15  0.2034     0.0262  1.0008     0.0067    0.2022       0.0035
 ../results/ldsc/STAGE00DATA/munged/par25.sumstats.gz  ../results/ldsc/STAGE00DATA/munged/par28.sumstats.gz  0.7078  0.1870  3.7857  1.5325e-04  0.0458     0.0236  1.0036     0.0059    0.2510       0.0035
 ../results/ldsc/STAGE00DATA/munged/par25.sumstats.gz  ../results/ldsc/STAGE00DATA/munged/par29.sumstats.gz  0.8151  0.1278  6.3783  1.7911e-10  0.0846     0.0207  0.9980     0.0054    0.1927       0.0029
 ../results/ldsc/STAGE00DATA/munged/par25.sumstats.gz  ../results/ldsc/STAGE00DATA/munged/par30.sumstats.gz  0.8432  0.2179  3.8699  1.0887e-04  0.0468     0.0239  1.0081     0.0063    0.2101       0.0036
 ../results/ldsc/STAGE00DATA/munged/par25.sumstats.gz  ../results/ldsc/STAGE00DATA/munged/par31.sumstats.gz  0.7524  0.1249  6.0230  1.7123e-09  0.0802     0.0227  0.9971     0.0057    0.1818       0.0033

Analysis finished at Mon Feb 28 03:49:04 2022
Total time elapsed: 2.0m:41.97s
