*********************************************************************
* LD Score Regression (LDSC)
* Version 1.0.1
* (C) 2014-2019 Brendan Bulik-Sullivan and Hilary Finucane
* Broad Institute of MIT and Harvard / MIT Department of Mathematics
* GNU General Public License v3
*********************************************************************
Call: 
./ldsc.py \
--ref-ld-chr ../SAMPLE_DATA/eur_w_ld_chr/ \
--out ../results/ldsc/face/STAGE00DATA/mean_imputed/not_subsampled/rg/par02 \
--rg ../results/ldsc/STAGE00DATA/mean_imputed/not_subsampled/munged/par02.sumstats.gz,../results/ldsc/face/munged/par03.sumstats.gz,../results/ldsc/face/munged/par04.sumstats.gz,../results/ldsc/face/munged/par05.sumstats.gz,../results/ldsc/face/munged/par06.sumstats.gz,../results/ldsc/face/munged/par07.sumstats.gz,../results/ldsc/face/munged/par08.sumstats.gz,../results/ldsc/face/munged/par09.sumstats.gz,../results/ldsc/face/munged/par10.sumstats.gz,../results/ldsc/face/munged/par11.sumstats.gz,../results/ldsc/face/munged/par12.sumstats.gz,../results/ldsc/face/munged/par13.sumstats.gz,../results/ldsc/face/munged/par14.sumstats.gz,../results/ldsc/face/munged/par15.sumstats.gz,../results/ldsc/face/munged/par16.sumstats.gz,../results/ldsc/face/munged/par17.sumstats.gz,../results/ldsc/face/munged/par18.sumstats.gz,../results/ldsc/face/munged/par19.sumstats.gz,../results/ldsc/face/munged/par20.sumstats.gz,../results/ldsc/face/munged/par21.sumstats.gz,../results/ldsc/face/munged/par22.sumstats.gz,../results/ldsc/face/munged/par23.sumstats.gz,../results/ldsc/face/munged/par24.sumstats.gz,../results/ldsc/face/munged/par25.sumstats.gz,../results/ldsc/face/munged/par26.sumstats.gz,../results/ldsc/face/munged/par27.sumstats.gz,../results/ldsc/face/munged/par28.sumstats.gz,../results/ldsc/face/munged/par29.sumstats.gz,../results/ldsc/face/munged/par30.sumstats.gz,../results/ldsc/face/munged/par31.sumstats.gz,../results/ldsc/face/munged/par32.sumstats.gz,../results/ldsc/face/munged/par33.sumstats.gz,../results/ldsc/face/munged/par34.sumstats.gz,../results/ldsc/face/munged/par35.sumstats.gz,../results/ldsc/face/munged/par36.sumstats.gz,../results/ldsc/face/munged/par37.sumstats.gz,../results/ldsc/face/munged/par38.sumstats.gz,../results/ldsc/face/munged/par39.sumstats.gz,../results/ldsc/face/munged/par40.sumstats.gz,../results/ldsc/face/munged/par41.sumstats.gz,../results/ldsc/face/munged/par42.sumstats.gz,../results/ldsc/face/munged/par43.sumstats.gz,../results/ldsc/face/munged/par44.sumstats.gz,../results/ldsc/face/munged/par45.sumstats.gz,../results/ldsc/face/munged/par46.sumstats.gz,../results/ldsc/face/munged/par47.sumstats.gz,../results/ldsc/face/munged/par48.sumstats.gz,../results/ldsc/face/munged/par49.sumstats.gz,../results/ldsc/face/munged/par50.sumstats.gz,../results/ldsc/face/munged/par51.sumstats.gz,../results/ldsc/face/munged/par52.sumstats.gz,../results/ldsc/face/munged/par53.sumstats.gz,../results/ldsc/face/munged/par54.sumstats.gz,../results/ldsc/face/munged/par55.sumstats.gz,../results/ldsc/face/munged/par56.sumstats.gz,../results/ldsc/face/munged/par57.sumstats.gz,../results/ldsc/face/munged/par58.sumstats.gz,../results/ldsc/face/munged/par59.sumstats.gz,../results/ldsc/face/munged/par60.sumstats.gz,../results/ldsc/face/munged/par61.sumstats.gz,../results/ldsc/face/munged/par62.sumstats.gz,../results/ldsc/face/munged/par63.sumstats.gz \
--w-ld-chr ../SAMPLE_DATA/eur_w_ld_chr/ 

Beginning analysis at Wed Mar 16 21:24:41 2022
Reading summary statistics from ../results/ldsc/STAGE00DATA/mean_imputed/not_subsampled/munged/par02.sumstats.gz ...
Read summary statistics for 7033675 SNPs.
Reading reference panel LD Score from ../SAMPLE_DATA/eur_w_ld_chr/[1-22] ... (ldscore_fromlist)
Read reference panel LD Scores for 1290028 SNPs.
Removing partitioned LD Scores with zero variance.
Reading regression weight LD Score from ../SAMPLE_DATA/eur_w_ld_chr/[1-22] ... (ldscore_fromlist)
Read regression weight LD Scores for 1290028 SNPs.
After merging with reference panel LD, 1174774 SNPs remain.
After merging with regression SNP LD, 1174774 SNPs remain.
Computing rg for phenotype 2/62
Reading summary statistics from ../results/ldsc/face/munged/par03.sumstats.gz ...
Read summary statistics for 23709 SNPs.
After merging with summary statistics, 4516 SNPs remain.
4516 SNPs with valid alleles.
WARNING: number of SNPs less than 200k; this is almost always bad.

Heritability of phenotype 1
---------------------------
Total Observed scale h2: 0.5442 (0.1979)
Lambda GC: 1.8164
Mean Chi^2: 1.6073
Intercept: 1.2937 (0.1145)
Ratio: 0.4836 (0.1885)

Heritability of phenotype 2/62
------------------------------
Total Observed scale h2: 9660.9703 (2202.8691)
Lambda GC: 17189.2352
Mean Chi^2: 9721.3873
Intercept: 6545.7668 (514.5633)
Ratio: 0.6733 (0.0529)

Genetic Covariance
------------------
Total Observed scale gencov: -22.8252 (15.4964)
Mean z1*z2: -55.3859
Intercept: -46.28 (6.3472)

Genetic Correlation
-------------------
Genetic Correlation: -0.3148 (0.1632)
Z-score: -1.9293
P: 0.0537

Computing rg for phenotype 3/62
Reading summary statistics from ../results/ldsc/face/munged/par04.sumstats.gz ...
Read summary statistics for 23709 SNPs.
After merging with summary statistics, 4516 SNPs remain.
4516 SNPs with valid alleles.
WARNING: number of SNPs less than 200k; this is almost always bad.

Heritability of phenotype 3/62
------------------------------
Total Observed scale h2: 1367.7193 (534.2212)
Lambda GC: 3359.529
Mean Chi^2: 2172.8233
Intercept: 1721.4968 (137.3622)
Ratio: 0.7922 (0.0632)

Genetic Covariance
------------------
Total Observed scale gencov: -17.4697 (7.9884)
Mean z1*z2: -27.1266
Intercept: -19.5337 (3.0834)

Genetic Correlation
-------------------
Genetic Correlation: -0.6403 (0.1758)
Z-score: -3.6417
P: 0.0003

Computing rg for phenotype 4/62
Reading summary statistics from ../results/ldsc/face/munged/par05.sumstats.gz ...
Read summary statistics for 23709 SNPs.
After merging with summary statistics, 4516 SNPs remain.
4516 SNPs with valid alleles.
WARNING: number of SNPs less than 200k; this is almost always bad.

Heritability of phenotype 4/62
------------------------------
Total Observed scale h2: 1003.7209 (827.5772)
Lambda GC: 6531.4677
Mean Chi^2: 4034.7274
Intercept: 3704.3843 (265.2071)
Ratio: 0.9181 (0.0657)

Genetic Covariance
------------------
Total Observed scale gencov: -20.3942 (11.4937)
Mean z1*z2: -37.4152
Intercept: -28.6551 (4.5842)

Genetic Correlation
-------------------
Genetic Correlation: -0.8726 (0.3947)
Z-score: -2.2106
P: 0.0271

Computing rg for phenotype 5/62
Reading summary statistics from ../results/ldsc/face/munged/par06.sumstats.gz ...
Read summary statistics for 23709 SNPs.
After merging with summary statistics, 4516 SNPs remain.
4516 SNPs with valid alleles.
WARNING: number of SNPs less than 200k; this is almost always bad.

Heritability of phenotype 5/62
------------------------------
Total Observed scale h2: 6417.4307 (1545.9959)
Lambda GC: 7577.3054
Mean Chi^2: 4843.4871
Intercept: 2732.2114 (277.4232)
Ratio: 0.564 (0.0573)

Genetic Covariance
------------------
Total Observed scale gencov: -16.0642 (10.6924)
Mean z1*z2: -37.2643
Intercept: -30.9164 (4.4614)

Genetic Correlation
-------------------
Genetic Correlation: -0.2718 (0.1417)
Z-score: -1.9178
P: 0.0551

Computing rg for phenotype 6/62
Reading summary statistics from ../results/ldsc/face/munged/par07.sumstats.gz ...
Read summary statistics for 23709 SNPs.
After merging with summary statistics, 4516 SNPs remain.
4516 SNPs with valid alleles.
WARNING: number of SNPs less than 200k; this is almost always bad.

Heritability of phenotype 6/62
------------------------------
Total Observed scale h2: 3425.6263 (971.3538)
Lambda GC: 10584.0435
Mean Chi^2: 5891.7458
Intercept: 4767.7074 (327.7594)
Ratio: 0.8092 (0.0556)

Genetic Covariance
------------------
Total Observed scale gencov: -15.1743 (12.4826)
Mean z1*z2: -43.0906
Intercept: -37.2431 (5.2029)

Genetic Correlation
-------------------
Genetic Correlation: -0.3514 (0.2263)
Z-score: -1.5532
P: 0.1204

Computing rg for phenotype 7/62
Reading summary statistics from ../results/ldsc/face/munged/par08.sumstats.gz ...
Read summary statistics for 23709 SNPs.
After merging with summary statistics, 4516 SNPs remain.
4516 SNPs with valid alleles.
WARNING: number of SNPs less than 200k; this is almost always bad.

Heritability of phenotype 7/62
------------------------------
Total Observed scale h2: 300.2012 (315.8157)
Lambda GC: 1017.6373
Mean Chi^2: 788.7035
Intercept: 690.787 (111.8873)
Ratio: 0.8757 (0.142)

Genetic Covariance
------------------
Total Observed scale gencov: -14.0577 (5.4718)
Mean z1*z2: -16.7057
Intercept: -10.3007 (1.9471)

Genetic Correlation
-------------------
Genetic Correlation: -1.0998 (0.4059)
Z-score: -2.7094
P: 0.0067

Computing rg for phenotype 8/62
Reading summary statistics from ../results/ldsc/face/munged/par09.sumstats.gz ...
Read summary statistics for 23709 SNPs.
After merging with summary statistics, 4516 SNPs remain.
4516 SNPs with valid alleles.
WARNING: number of SNPs less than 200k; this is almost always bad.

Heritability of phenotype 8/62
------------------------------
Total Observed scale h2: 1120.556 (347.0833)
Lambda GC: 1752.8058
Mean Chi^2: 1296.3038
Intercept: 925.0541 (70.098)
Ratio: 0.7134 (0.0541)

Genetic Covariance
------------------
Total Observed scale gencov: -11.2702 (5.5455)
Mean z1*z2: -19.3207
Intercept: -14.52 (2.2863)

Genetic Correlation
-------------------
Genetic Correlation: -0.4564 (0.1467)
Z-score: -3.1115
P: 0.0019

Computing rg for phenotype 9/62
Reading summary statistics from ../results/ldsc/face/munged/par10.sumstats.gz ...
Read summary statistics for 23709 SNPs.
After merging with summary statistics, 4516 SNPs remain.
4516 SNPs with valid alleles.
WARNING: number of SNPs less than 200k; this is almost always bad.

Heritability of phenotype 9/62
------------------------------
Total Observed scale h2: 887.9025 (350.594)
Lambda GC: 1834.9139
Mean Chi^2: 1283.4583
Intercept: 991.5565 (120.5861)
Ratio: 0.7724 (0.094)

Genetic Covariance
------------------
Total Observed scale gencov: -12.9175 (6.8471)
Mean z1*z2: -20.8388
Intercept: -15.2194 (2.5922)

Genetic Correlation
-------------------
Genetic Correlation: -0.5876 (0.2137)
Z-score: -2.7496
P: 0.006

Computing rg for phenotype 10/62
Reading summary statistics from ../results/ldsc/face/munged/par11.sumstats.gz ...
Read summary statistics for 23709 SNPs.
After merging with summary statistics, 4516 SNPs remain.
4516 SNPs with valid alleles.
WARNING: number of SNPs less than 200k; this is almost always bad.

Heritability of phenotype 10/62
-------------------------------
Total Observed scale h2: 770.0874 (967.8728)
Lambda GC: 4898.273
Mean Chi^2: 3594.1443
Intercept: 3340.8389 (322.6703)
Ratio: 0.9295 (0.0898)

Genetic Covariance
------------------
Total Observed scale gencov: -16.0943 (10.0795)
Mean z1*z2: -33.866
Intercept: -27.0879 (4.4313)

Genetic Correlation
-------------------
Genetic Correlation: -0.7862 (0.5239)
Z-score: -1.5007
P: 0.1334

Computing rg for phenotype 11/62
Reading summary statistics from ../results/ldsc/face/munged/par12.sumstats.gz ...
Read summary statistics for 23709 SNPs.
After merging with summary statistics, 4516 SNPs remain.
4516 SNPs with valid alleles.
WARNING: number of SNPs less than 200k; this is almost always bad.

Heritability of phenotype 11/62
-------------------------------
Total Observed scale h2: 2032.7766 (498.4378)
Lambda GC: 3006.4334
Mean Chi^2: 1883.8072
Intercept: 1215.4318 (113.2765)
Ratio: 0.645 (0.0602)

Genetic Covariance
------------------
Total Observed scale gencov: -14.2303 (6.8738)
Mean z1*z2: -24.5771
Intercept: -18.5105 (2.7459)

Genetic Correlation
-------------------
Genetic Correlation: -0.4278 (0.1406)
Z-score: -3.0431
P: 0.0023

Computing rg for phenotype 12/62
Reading summary statistics from ../results/ldsc/face/munged/par13.sumstats.gz ...
Read summary statistics for 23709 SNPs.
After merging with summary statistics, 4516 SNPs remain.
4516 SNPs with valid alleles.
WARNING: number of SNPs less than 200k; this is almost always bad.

Heritability of phenotype 12/62
-------------------------------
Total Observed scale h2: 5717.0931 (1579.093)
Lambda GC: 3906.7696
Mean Chi^2: 3180.754
Intercept: 1298.3214 (242.4572)
Ratio: 0.408 (0.0763)

Genetic Covariance
------------------
Total Observed scale gencov: -7.9635 (7.9793)
Mean z1*z2: -26.8065
Intercept: -24.1245 (3.3687)

Genetic Correlation
-------------------
Genetic Correlation: -0.1428 (0.1236)
Z-score: -1.1547
P: 0.2482

Computing rg for phenotype 13/62
Reading summary statistics from ../results/ldsc/face/munged/par14.sumstats.gz ...
Read summary statistics for 23709 SNPs.
After merging with summary statistics, 4516 SNPs remain.
4516 SNPs with valid alleles.
WARNING: number of SNPs less than 200k; this is almost always bad.

Heritability of phenotype 13/62
-------------------------------
Total Observed scale h2: 986.3497 (395.75)
Lambda GC: 3537.0725
Mean Chi^2: 2147.2605
Intercept: 1824.2729 (157.9586)
Ratio: 0.8495 (0.0736)

Genetic Covariance
------------------
Total Observed scale gencov: -6.3518 (7.0974)
Mean z1*z2: -24.5697
Intercept: -22.4268 (3.0375)

Genetic Correlation
-------------------
Genetic Correlation: -0.2742 (0.2575)
Z-score: -1.0646
P: 0.287

Computing rg for phenotype 14/62
Reading summary statistics from ../results/ldsc/face/munged/par15.sumstats.gz ...
Read summary statistics for 23709 SNPs.
After merging with summary statistics, 4516 SNPs remain.
4516 SNPs with valid alleles.
WARNING: number of SNPs less than 200k; this is almost always bad.

Heritability of phenotype 14/62
-------------------------------
Total Observed scale h2: 1900.1922 (736.5703)
Lambda GC: 7578.5912
Mean Chi^2: 4263.2583
Intercept: 3640.8415 (247.5419)
Ratio: 0.854 (0.0581)

Genetic Covariance
------------------
Total Observed scale gencov: -16.4733 (11.0296)
Mean z1*z2: -37.8117
Intercept: -30.9473 (4.576)

Genetic Correlation
-------------------
Genetic Correlation: -0.5123 (0.2429)
Z-score: -2.1087
P: 0.035

Computing rg for phenotype 15/62
Reading summary statistics from ../results/ldsc/face/munged/par16.sumstats.gz ...
Read summary statistics for 23709 SNPs.
After merging with summary statistics, 4516 SNPs remain.
4516 SNPs with valid alleles.
WARNING: number of SNPs less than 200k; this is almost always bad.

Heritability of phenotype 15/62
-------------------------------
Total Observed scale h2: -65.749 (90.365)
Lambda GC: 233.1779
Mean Chi^2: 171.7591
Intercept: 193.8111 (39.1773)
Ratio: 1.1291 (0.2294)

Genetic Covariance
------------------
Total Observed scale gencov: -3.9395 (2.3658)
Mean z1*z2: -7.01
Intercept: -5.2935 (0.9425)

Genetic Correlation
-------------------
Genetic Correlation: nan (nan) (h2  out of bounds) 
Z-score: nan (nan) (h2  out of bounds)
P: nan (nan) (h2  out of bounds)
WARNING: One of the h2's was out of bounds.
This usually indicates a data-munging error or that h2 or N is low.

Computing rg for phenotype 16/62
Reading summary statistics from ../results/ldsc/face/munged/par17.sumstats.gz ...
Read summary statistics for 23709 SNPs.
After merging with summary statistics, 4516 SNPs remain.
4516 SNPs with valid alleles.
WARNING: number of SNPs less than 200k; this is almost always bad.

Heritability of phenotype 16/62
-------------------------------
Total Observed scale h2: 246.6958 (182.3666)
Lambda GC: 594.235
Mean Chi^2: 495.6557
Intercept: 414.7438 (53.7096)
Ratio: 0.8364 (0.1086)

Genetic Covariance
------------------
Total Observed scale gencov: -11.8496 (4.5622)
Mean z1*z2: -13.3954
Intercept: -7.9679 (1.5902)

Genetic Correlation
-------------------
Genetic Correlation: -1.0227 (0.2656)
Z-score: -3.8511
P: 0.0001

Computing rg for phenotype 17/62
Reading summary statistics from ../results/ldsc/face/munged/par18.sumstats.gz ...
Read summary statistics for 23709 SNPs.
After merging with summary statistics, 4516 SNPs remain.
4516 SNPs with valid alleles.
WARNING: number of SNPs less than 200k; this is almost always bad.

Heritability of phenotype 17/62
-------------------------------
Total Observed scale h2: 662.2909 (343.2149)
Lambda GC: 942.1249
Mean Chi^2: 814.7267
Intercept: 597.0616 (68.1948)
Ratio: 0.7325 (0.0838)

Genetic Covariance
------------------
Total Observed scale gencov: -10.7351 (4.7954)
Mean z1*z2: -16.1139
Intercept: -11.317 (1.9576)

Genetic Correlation
-------------------
Genetic Correlation: -0.5654 (0.1519)
Z-score: -3.7225
P: 0.0002

Computing rg for phenotype 18/62
Reading summary statistics from ../results/ldsc/face/munged/par19.sumstats.gz ...
Read summary statistics for 23709 SNPs.
After merging with summary statistics, 4516 SNPs remain.
4516 SNPs with valid alleles.
WARNING: number of SNPs less than 200k; this is almost always bad.

Heritability of phenotype 18/62
-------------------------------
Total Observed scale h2: 308.3425 (162.17)
Lambda GC: 1000.7241
Mean Chi^2: 717.1949
Intercept: 614.279 (50.8065)
Ratio: 0.8563 (0.0709)

Genetic Covariance
------------------
Total Observed scale gencov: -5.5001 (3.8394)
Mean z1*z2: -13.3251
Intercept: -11.1364 (1.6553)

Genetic Correlation
-------------------
Genetic Correlation: -0.4246 (0.2364)
Z-score: -1.796
P: 0.0725

Computing rg for phenotype 19/62
Reading summary statistics from ../results/ldsc/face/munged/par20.sumstats.gz ...
Read summary statistics for 23709 SNPs.
After merging with summary statistics, 4516 SNPs remain.
4516 SNPs with valid alleles.
WARNING: number of SNPs less than 200k; this is almost always bad.

Heritability of phenotype 19/62
-------------------------------
Total Observed scale h2: 733.7271 (218.4007)
Lambda GC: 544.8532
Mean Chi^2: 510.7502
Intercept: 268.7327 (43.056)
Ratio: 0.5252 (0.0845)

Genetic Covariance
------------------
Total Observed scale gencov: -7.4181 (4.1939)
Mean z1*z2: -11.7948
Intercept: -8.4863 (1.5914)

Genetic Correlation
-------------------
Genetic Correlation: -0.3712 (0.1577)
Z-score: -2.3542
P: 0.0186

Computing rg for phenotype 20/62
Reading summary statistics from ../results/ldsc/face/munged/par21.sumstats.gz ...
Read summary statistics for 23709 SNPs.
After merging with summary statistics, 4516 SNPs remain.
4516 SNPs with valid alleles.
WARNING: number of SNPs less than 200k; this is almost always bad.

Heritability of phenotype 20/62
-------------------------------
Total Observed scale h2: 444.8274 (241.3115)
Lambda GC: 1131.616
Mean Chi^2: 794.2396
Intercept: 648.6425 (92.9031)
Ratio: 0.8165 (0.1171)

Genetic Covariance
------------------
Total Observed scale gencov: -8.8374 (5.1893)
Mean z1*z2: -15.4072
Intercept: -11.6645 (1.9507)

Genetic Correlation
-------------------
Genetic Correlation: -0.568 (0.2611)
Z-score: -2.1758
P: 0.0296

Computing rg for phenotype 21/62
Reading summary statistics from ../results/ldsc/face/munged/par22.sumstats.gz ...
Read summary statistics for 23709 SNPs.
After merging with summary statistics, 4516 SNPs remain.
4516 SNPs with valid alleles.
WARNING: number of SNPs less than 200k; this is almost always bad.

Heritability of phenotype 21/62
-------------------------------
Total Observed scale h2: -826.8614 (629.1133)
Lambda GC: 3246.6051
Mean Chi^2: 2411.435
Intercept: 2684.0978 (256.1112)
Ratio: 1.1131 (0.1063)

Genetic Covariance
------------------
Total Observed scale gencov: -8.0364 (8.0179)
Mean z1*z2: -27.2566
Intercept: -24.3631 (3.8546)

Genetic Correlation
-------------------
Genetic Correlation: nan (nan) (h2  out of bounds) 
Z-score: nan (nan) (h2  out of bounds)
P: nan (nan) (h2  out of bounds)
WARNING: One of the h2's was out of bounds.
This usually indicates a data-munging error or that h2 or N is low.

Computing rg for phenotype 22/62
Reading summary statistics from ../results/ldsc/face/munged/par23.sumstats.gz ...
Read summary statistics for 23709 SNPs.
After merging with summary statistics, 4516 SNPs remain.
4516 SNPs with valid alleles.
WARNING: number of SNPs less than 200k; this is almost always bad.

Heritability of phenotype 22/62
-------------------------------
Total Observed scale h2: 1151.8796 (506.0417)
Lambda GC: 848.7958
Mean Chi^2: 962.5942
Intercept: 582.7422 (88.6723)
Ratio: 0.605 (0.0922)

Genetic Covariance
------------------
Total Observed scale gencov: -12.3199 (5.5587)
Mean z1*z2: -16.5507
Intercept: -10.8907 (1.9805)

Genetic Correlation
-------------------
Genetic Correlation: -0.4921 (0.1689)
Z-score: -2.9126
P: 0.0036

Computing rg for phenotype 23/62
Reading summary statistics from ../results/ldsc/face/munged/par24.sumstats.gz ...
Read summary statistics for 23709 SNPs.
After merging with summary statistics, 4516 SNPs remain.
4516 SNPs with valid alleles.
WARNING: number of SNPs less than 200k; this is almost always bad.

Heritability of phenotype 23/62
-------------------------------
Total Observed scale h2: 994.0827 (271.9749)
Lambda GC: 2048.6617
Mean Chi^2: 1183.2827
Intercept: 856.8808 (64.0079)
Ratio: 0.7239 (0.0541)

Genetic Covariance
------------------
Total Observed scale gencov: -11.5832 (5.7743)
Mean z1*z2: -19.3201
Intercept: -14.3761 (2.212)

Genetic Correlation
-------------------
Genetic Correlation: -0.498 (0.1709)
Z-score: -2.9132
P: 0.0036

Computing rg for phenotype 24/62
Reading summary statistics from ../results/ldsc/face/munged/par25.sumstats.gz ...
Read summary statistics for 23709 SNPs.
After merging with summary statistics, 4516 SNPs remain.
4516 SNPs with valid alleles.
WARNING: number of SNPs less than 200k; this is almost always bad.

Heritability of phenotype 24/62
-------------------------------
Total Observed scale h2: 1220.427 (401.4288)
Lambda GC: 1633.7639
Mean Chi^2: 1135.0371
Intercept: 732.9049 (75.7544)
Ratio: 0.6454 (0.0668)

Genetic Covariance
------------------
Total Observed scale gencov: -10.3823 (5.2475)
Mean z1*z2: -19.0395
Intercept: -14.6545 (2.1565)

Genetic Correlation
-------------------
Genetic Correlation: -0.4029 (0.145)
Z-score: -2.7785
P: 0.0055

Computing rg for phenotype 25/62
Reading summary statistics from ../results/ldsc/face/munged/par26.sumstats.gz ...
Read summary statistics for 23709 SNPs.
After merging with summary statistics, 4516 SNPs remain.
4516 SNPs with valid alleles.
WARNING: number of SNPs less than 200k; this is almost always bad.

Heritability of phenotype 25/62
-------------------------------
Total Observed scale h2: 4354.4284 (1279.7852)
Lambda GC: 2366.9794
Mean Chi^2: 2138.0847
Intercept: 704.0707 (180.0066)
Ratio: 0.329 (0.0842)

Genetic Covariance
------------------
Total Observed scale gencov: -5.8204 (6.1359)
Mean z1*z2: -20.7473
Intercept: -18.8379 (2.6126)

Genetic Correlation
-------------------
Genetic Correlation: -0.1196 (0.11)
Z-score: -1.0867
P: 0.2772

Computing rg for phenotype 26/62
Reading summary statistics from ../results/ldsc/face/munged/par27.sumstats.gz ...
Read summary statistics for 23709 SNPs.
After merging with summary statistics, 4516 SNPs remain.
4516 SNPs with valid alleles.
WARNING: number of SNPs less than 200k; this is almost always bad.

Heritability of phenotype 26/62
-------------------------------
Total Observed scale h2: 2068.0583 (868.0033)
Lambda GC: 1551.1887
Mean Chi^2: 1423.6224
Intercept: 744.1247 (148.4681)
Ratio: 0.5224 (0.1044)

Genetic Covariance
------------------
Total Observed scale gencov: -8.7936 (5.3018)
Mean z1*z2: -18.7869
Intercept: -15.1907 (2.2352)

Genetic Correlation
-------------------
Genetic Correlation: -0.2621 (0.1314)
Z-score: -1.9952
P: 0.046

Computing rg for phenotype 27/62
Reading summary statistics from ../results/ldsc/face/munged/par28.sumstats.gz ...
Read summary statistics for 23709 SNPs.
After merging with summary statistics, 4516 SNPs remain.
4516 SNPs with valid alleles.
WARNING: number of SNPs less than 200k; this is almost always bad.

Heritability of phenotype 27/62
-------------------------------
Total Observed scale h2: 299.6879 (201.3091)
Lambda GC: 1655.9128
Mean Chi^2: 1068.7339
Intercept: 970.5004 (94.9007)
Ratio: 0.908 (0.0889)

Genetic Covariance
------------------
Total Observed scale gencov: -2.1962 (4.8823)
Mean z1*z2: -16.7177
Intercept: -16.2456 (2.2092)

Genetic Correlation
-------------------
Genetic Correlation: -0.172 (0.3469)
Z-score: -0.4957
P: 0.6201

Computing rg for phenotype 28/62
Reading summary statistics from ../results/ldsc/face/munged/par29.sumstats.gz ...
Read summary statistics for 23709 SNPs.
After merging with summary statistics, 4516 SNPs remain.
4516 SNPs with valid alleles.
WARNING: number of SNPs less than 200k; this is almost always bad.

Heritability of phenotype 28/62
-------------------------------
Total Observed scale h2: 671.6717 (229.7232)
Lambda GC: 1818.2769
Mean Chi^2: 1121.4462
Intercept: 901.698 (61.4245)
Ratio: 0.8039 (0.0548)

Genetic Covariance
------------------
Total Observed scale gencov: -7.5321 (5.2037)
Mean z1*z2: -18.0951
Intercept: -15.1328 (2.2089)

Genetic Correlation
-------------------
Genetic Correlation: -0.394 (0.1933)
Z-score: -2.0383
P: 0.0415

Computing rg for phenotype 29/62
Reading summary statistics from ../results/ldsc/face/munged/par30.sumstats.gz ...
Read summary statistics for 23709 SNPs.
After merging with summary statistics, 4516 SNPs remain.
4516 SNPs with valid alleles.
WARNING: number of SNPs less than 200k; this is almost always bad.

Heritability of phenotype 29/62
-------------------------------
Total Observed scale h2: 1490.134 (420.5297)
Lambda GC: 4215.8537
Mean Chi^2: 2406.3902
Intercept: 1916.9861 (129.7182)
Ratio: 0.7965 (0.0539)

Genetic Covariance
------------------
Total Observed scale gencov: -12.5773 (8.5742)
Mean z1*z2: -27.6372
Intercept: -22.5041 (3.3226)

Genetic Correlation
-------------------
Genetic Correlation: -0.4417 (0.2222)
Z-score: -1.9878
P: 0.0468

Computing rg for phenotype 30/62
Reading summary statistics from ../results/ldsc/face/munged/par31.sumstats.gz ...
Read summary statistics for 23709 SNPs.
After merging with summary statistics, 4516 SNPs remain.
4516 SNPs with valid alleles.
WARNING: number of SNPs less than 200k; this is almost always bad.

Heritability of phenotype 30/62
-------------------------------
Total Observed scale h2: 341.1526 (271.0225)
Lambda GC: 2135.0902
Mean Chi^2: 1317.5964
Intercept: 1206.2459 (79.3791)
Ratio: 0.9154 (0.0603)

Genetic Covariance
------------------
Total Observed scale gencov: -9.1666 (6.0852)
Mean z1*z2: -21.3665
Intercept: -17.6321 (2.6272)

Genetic Correlation
-------------------
Genetic Correlation: -0.6727 (0.3273)
Z-score: -2.0554
P: 0.0398

Computing rg for phenotype 31/62
Reading summary statistics from ../results/ldsc/face/munged/par32.sumstats.gz ...
Read summary statistics for 23709 SNPs.
After merging with summary statistics, 4516 SNPs remain.
4516 SNPs with valid alleles.
WARNING: number of SNPs less than 200k; this is almost always bad.

Heritability of phenotype 31/62
-------------------------------
Total Observed scale h2: -132.9276 (150.9723)
Lambda GC: 232.4382
Mean Chi^2: 183.7454
Intercept: 228.0025 (64.8922)
Ratio: 1.2422 (0.3551)

Genetic Covariance
------------------
Total Observed scale gencov: -3.0439 (2.6079)
Mean z1*z2: -6.9741
Intercept: -5.7138 (1.1005)

Genetic Correlation
-------------------
Genetic Correlation: nan (nan) (h2  out of bounds) 
Z-score: nan (nan) (h2  out of bounds)
P: nan (nan) (h2  out of bounds)
WARNING: One of the h2's was out of bounds.
This usually indicates a data-munging error or that h2 or N is low.

Computing rg for phenotype 32/62
Reading summary statistics from ../results/ldsc/face/munged/par33.sumstats.gz ...
Read summary statistics for 23709 SNPs.
After merging with summary statistics, 4516 SNPs remain.
4516 SNPs with valid alleles.
WARNING: number of SNPs less than 200k; this is almost always bad.
ERROR computing rg for phenotype 32/62, from file ../results/ldsc/face/munged/par33.sumstats.gz.
Traceback (most recent call last):
  File "/usr/local/micapollo01/MIC/DATA/STUDENTS/vlemon0/code/python/ldsc/ldscore/sumstats.py", line 410, in estimate_rg
    rghat = _rg(loop, args, log, M_annot, ref_ld_cnames, w_ld_cname, i)
  File "/usr/local/micapollo01/MIC/DATA/STUDENTS/vlemon0/code/python/ldsc/ldscore/sumstats.py", line 539, in _rg
    intercept_gencov=intercepts[2], n_blocks=n_blocks, twostep=args.two_step)
  File "/usr/local/micapollo01/MIC/DATA/STUDENTS/vlemon0/code/python/ldsc/ldscore/regressions.py", line 705, in __init__
    np.multiply(hsq1.tot_delete_values, hsq2.tot_delete_values))
FloatingPointError: invalid value encountered in sqrt


Computing rg for phenotype 33/62
Reading summary statistics from ../results/ldsc/face/munged/par34.sumstats.gz ...
Read summary statistics for 23709 SNPs.
After merging with summary statistics, 4516 SNPs remain.
4516 SNPs with valid alleles.
WARNING: number of SNPs less than 200k; this is almost always bad.

Heritability of phenotype 33/62
-------------------------------
Total Observed scale h2: 250.1877 (179.1948)
Lambda GC: 595.2999
Mean Chi^2: 494.6211
Intercept: 412.5015 (49.1215)
Ratio: 0.8336 (0.0995)

Genetic Covariance
------------------
Total Observed scale gencov: -12.3126 (4.5793)
Mean z1*z2: -13.5874
Intercept: -7.9463 (1.528)

Genetic Correlation
-------------------
Genetic Correlation: -1.0552 (0.2525)
Z-score: -4.1783
P: 2.9365e-05

Computing rg for phenotype 34/62
Reading summary statistics from ../results/ldsc/face/munged/par35.sumstats.gz ...
Read summary statistics for 23709 SNPs.
After merging with summary statistics, 4516 SNPs remain.
4516 SNPs with valid alleles.
WARNING: number of SNPs less than 200k; this is almost always bad.

Heritability of phenotype 34/62
-------------------------------
Total Observed scale h2: 43.6295 (61.2086)
Lambda GC: 256.0601
Mean Chi^2: 191.4652
Intercept: 177.2331 (18.8755)
Ratio: 0.9253 (0.0991)

Genetic Covariance
------------------
Total Observed scale gencov: -5.7375 (2.9259)
Mean z1*z2: -7.9178
Intercept: -5.3505 (0.9498)

Genetic Correlation
-------------------
Genetic Correlation: -1.1774 (0.6739)
Z-score: -1.7472
P: 0.0806

Computing rg for phenotype 35/62
Reading summary statistics from ../results/ldsc/face/munged/par36.sumstats.gz ...
Read summary statistics for 23709 SNPs.
After merging with summary statistics, 4516 SNPs remain.
4516 SNPs with valid alleles.
WARNING: number of SNPs less than 200k; this is almost always bad.

Heritability of phenotype 35/62
-------------------------------
Total Observed scale h2: 207.9108 (213.7603)
Lambda GC: 378.5827
Mean Chi^2: 417.5526
Intercept: 349.9741 (60.0091)
Ratio: 0.8378 (0.1441)

Genetic Covariance
------------------
Total Observed scale gencov: -7.9657 (3.372)
Mean z1*z2: -10.7362
Intercept: -7.1112 (1.3765)

Genetic Correlation
-------------------
Genetic Correlation: -0.7488 (0.3586)
Z-score: -2.0882
P: 0.0368

Computing rg for phenotype 36/62
Reading summary statistics from ../results/ldsc/face/munged/par37.sumstats.gz ...
Read summary statistics for 23709 SNPs.
After merging with summary statistics, 4516 SNPs remain.
4516 SNPs with valid alleles.
WARNING: number of SNPs less than 200k; this is almost always bad.

Heritability of phenotype 36/62
-------------------------------
Total Observed scale h2: 639.8179 (268.84)
Lambda GC: 688.5103
Mean Chi^2: 587.7147
Intercept: 377.477 (39.2361)
Ratio: 0.6417 (0.0669)

Genetic Covariance
------------------
Total Observed scale gencov: -8.5908 (3.8721)
Mean z1*z2: -12.6107
Intercept: -8.8707 (1.4663)

Genetic Correlation
-------------------
Genetic Correlation: -0.4604 (0.1223)
Z-score: -3.7642
P: 0.0002

Computing rg for phenotype 37/62
Reading summary statistics from ../results/ldsc/face/munged/par38.sumstats.gz ...
Read summary statistics for 23709 SNPs.
After merging with summary statistics, 4516 SNPs remain.
4516 SNPs with valid alleles.
WARNING: number of SNPs less than 200k; this is almost always bad.

Heritability of phenotype 37/62
-------------------------------
Total Observed scale h2: 313.1445 (142.6201)
Lambda GC: 613.3596
Mean Chi^2: 497.897
Intercept: 393.1703 (33.8729)
Ratio: 0.7892 (0.0682)

Genetic Covariance
------------------
Total Observed scale gencov: -4.0213 (3.0441)
Mean z1*z2: -10.6446
Intercept: -9.1411 (1.3563)

Genetic Correlation
-------------------
Genetic Correlation: -0.308 (0.1869)
Z-score: -1.6482
P: 0.0993

Computing rg for phenotype 38/62
Reading summary statistics from ../results/ldsc/face/munged/par39.sumstats.gz ...
Read summary statistics for 23709 SNPs.
After merging with summary statistics, 4516 SNPs remain.
4516 SNPs with valid alleles.
WARNING: number of SNPs less than 200k; this is almost always bad.

Heritability of phenotype 38/62
-------------------------------
Total Observed scale h2: -44.5454 (88.1562)
Lambda GC: 440.4853
Mean Chi^2: 296.4733
Intercept: 311.0885 (37.1111)
Ratio: 1.0495 (0.1256)

Genetic Covariance
------------------
Total Observed scale gencov: -3.8369 (2.7462)
Mean z1*z2: -9.2283
Intercept: -7.6584 (1.2274)

Genetic Correlation
-------------------
Genetic Correlation: nan (nan) (h2  out of bounds) 
Z-score: nan (nan) (h2  out of bounds)
P: nan (nan) (h2  out of bounds)
WARNING: One of the h2's was out of bounds.
This usually indicates a data-munging error or that h2 or N is low.

Computing rg for phenotype 39/62
Reading summary statistics from ../results/ldsc/face/munged/par40.sumstats.gz ...
Read summary statistics for 23709 SNPs.
After merging with summary statistics, 4516 SNPs remain.
4516 SNPs with valid alleles.
WARNING: number of SNPs less than 200k; this is almost always bad.

Heritability of phenotype 39/62
-------------------------------
Total Observed scale h2: 419.1778 (149.9029)
Lambda GC: 192.7874
Mean Chi^2: 273.2123
Intercept: 135.7977 (33.8777)
Ratio: 0.4952 (0.1245)

Genetic Covariance
------------------
Total Observed scale gencov: -5.2907 (3.241)
Mean z1*z2: -8.4532
Intercept: -6.0255 (1.2951)

Genetic Correlation
-------------------
Genetic Correlation: -0.3503 (0.1624)
Z-score: -2.1566
P: 0.031

Computing rg for phenotype 40/62
Reading summary statistics from ../results/ldsc/face/munged/par41.sumstats.gz ...
Read summary statistics for 23709 SNPs.
After merging with summary statistics, 4516 SNPs remain.
4516 SNPs with valid alleles.
WARNING: number of SNPs less than 200k; this is almost always bad.

Heritability of phenotype 40/62
-------------------------------
Total Observed scale h2: 250.8132 (102.9214)
Lambda GC: 225.0113
Mean Chi^2: 237.2534
Intercept: 154.5146 (20.7803)
Ratio: 0.6498 (0.088)

Genetic Covariance
------------------
Total Observed scale gencov: -6.8971 (3.3376)
Mean z1*z2: -8.5319
Intercept: -5.3395 (1.1617)

Genetic Correlation
-------------------
Genetic Correlation: -0.5903 (0.1569)
Z-score: -3.7627
P: 0.0002

Computing rg for phenotype 41/62
Reading summary statistics from ../results/ldsc/face/munged/par42.sumstats.gz ...
Read summary statistics for 23709 SNPs.
After merging with summary statistics, 4516 SNPs remain.
4516 SNPs with valid alleles.
WARNING: number of SNPs less than 200k; this is almost always bad.

Heritability of phenotype 41/62
-------------------------------
Total Observed scale h2: 472.8453 (107.5695)
Lambda GC: 498.35
Mean Chi^2: 370.1824
Intercept: 214.5643 (31.4315)
Ratio: 0.5785 (0.0851)

Genetic Covariance
------------------
Total Observed scale gencov: -6.8873 (3.9129)
Mean z1*z2: -10.6473
Intercept: -7.6797 (1.3537)

Genetic Correlation
-------------------
Genetic Correlation: -0.4293 (0.1791)
Z-score: -2.3977
P: 0.0165

Computing rg for phenotype 42/62
Reading summary statistics from ../results/ldsc/face/munged/par43.sumstats.gz ...
Read summary statistics for 23709 SNPs.
After merging with summary statistics, 4516 SNPs remain.
4516 SNPs with valid alleles.
WARNING: number of SNPs less than 200k; this is almost always bad.

Heritability of phenotype 42/62
-------------------------------
Total Observed scale h2: 292.2558 (109.8534)
Lambda GC: 484.5873
Mean Chi^2: 387.3434
Intercept: 291.4761 (31.8212)
Ratio: 0.7519 (0.0824)

Genetic Covariance
------------------
Total Observed scale gencov: -8.7044 (3.8353)
Mean z1*z2: -10.9795
Intercept: -7.082 (1.355)

Genetic Correlation
-------------------
Genetic Correlation: -0.6902 (0.1774)
Z-score: -3.8895
P: 0.0001

Computing rg for phenotype 43/62
Reading summary statistics from ../results/ldsc/face/munged/par44.sumstats.gz ...
Read summary statistics for 23709 SNPs.
After merging with summary statistics, 4516 SNPs remain.
4516 SNPs with valid alleles.
WARNING: number of SNPs less than 200k; this is almost always bad.

Heritability of phenotype 43/62
-------------------------------
Total Observed scale h2: -407.181 (342.9761)
Lambda GC: 1437.5461
Mean Chi^2: 1216.7137
Intercept: 1350.3777 (145.1623)
Ratio: 1.1099 (0.1194)

Genetic Covariance
------------------
Total Observed scale gencov: -4.2426 (5.3756)
Mean z1*z2: -17.8621
Intercept: -16.4288 (2.6834)

Genetic Correlation
-------------------
Genetic Correlation: nan (nan) (h2  out of bounds) 
Z-score: nan (nan) (h2  out of bounds)
P: nan (nan) (h2  out of bounds)
WARNING: One of the h2's was out of bounds.
This usually indicates a data-munging error or that h2 or N is low.

Computing rg for phenotype 44/62
Reading summary statistics from ../results/ldsc/face/munged/par45.sumstats.gz ...
Read summary statistics for 23709 SNPs.
After merging with summary statistics, 4516 SNPs remain.
4516 SNPs with valid alleles.
WARNING: number of SNPs less than 200k; this is almost always bad.
ERROR computing rg for phenotype 44/62, from file ../results/ldsc/face/munged/par45.sumstats.gz.
Traceback (most recent call last):
  File "/usr/local/micapollo01/MIC/DATA/STUDENTS/vlemon0/code/python/ldsc/ldscore/sumstats.py", line 410, in estimate_rg
    rghat = _rg(loop, args, log, M_annot, ref_ld_cnames, w_ld_cname, i)
  File "/usr/local/micapollo01/MIC/DATA/STUDENTS/vlemon0/code/python/ldsc/ldscore/sumstats.py", line 539, in _rg
    intercept_gencov=intercepts[2], n_blocks=n_blocks, twostep=args.two_step)
  File "/usr/local/micapollo01/MIC/DATA/STUDENTS/vlemon0/code/python/ldsc/ldscore/regressions.py", line 705, in __init__
    np.multiply(hsq1.tot_delete_values, hsq2.tot_delete_values))
FloatingPointError: invalid value encountered in sqrt


Computing rg for phenotype 45/62
Reading summary statistics from ../results/ldsc/face/munged/par46.sumstats.gz ...
Read summary statistics for 23709 SNPs.
After merging with summary statistics, 4516 SNPs remain.
4516 SNPs with valid alleles.
WARNING: number of SNPs less than 200k; this is almost always bad.

Heritability of phenotype 45/62
-------------------------------
Total Observed scale h2: 782.6201 (249.7989)
Lambda GC: 242.6292
Mean Chi^2: 379.3345
Intercept: 121.932 (40.7408)
Ratio: 0.3196 (0.1077)

Genetic Covariance
------------------
Total Observed scale gencov: -8.8763 (3.9552)
Mean z1*z2: -9.4818
Intercept: -5.319 (1.3083)

Genetic Correlation
-------------------
Genetic Correlation: -0.4301 (0.1415)
Z-score: -3.0401
P: 0.0024

Computing rg for phenotype 46/62
Reading summary statistics from ../results/ldsc/face/munged/par47.sumstats.gz ...
Read summary statistics for 23709 SNPs.
After merging with summary statistics, 4516 SNPs remain.
4516 SNPs with valid alleles.
WARNING: number of SNPs less than 200k; this is almost always bad.

Heritability of phenotype 46/62
-------------------------------
Total Observed scale h2: 244.8136 (159.459)
Lambda GC: 411.5578
Mean Chi^2: 428.6027
Intercept: 347.459 (40.9504)
Ratio: 0.8102 (0.0958)

Genetic Covariance
------------------
Total Observed scale gencov: -10.1316 (4.1825)
Mean z1*z2: -12.5933
Intercept: -7.921 (1.5151)

Genetic Correlation
-------------------
Genetic Correlation: -0.8777 (0.2152)
Z-score: -4.0781
P: 4.5399e-05

Computing rg for phenotype 47/62
Reading summary statistics from ../results/ldsc/face/munged/par48.sumstats.gz ...
Read summary statistics for 23709 SNPs.
After merging with summary statistics, 4516 SNPs remain.
4516 SNPs with valid alleles.
WARNING: number of SNPs less than 200k; this is almost always bad.

Heritability of phenotype 47/62
-------------------------------
Total Observed scale h2: 585.034 (201.9058)
Lambda GC: 1095.9332
Mean Chi^2: 699.6663
Intercept: 508.0267 (43.8345)
Ratio: 0.7257 (0.0627)

Genetic Covariance
------------------
Total Observed scale gencov: -11.4078 (4.7785)
Mean z1*z2: -15.3399
Intercept: -10.3498 (1.7236)

Genetic Correlation
-------------------
Genetic Correlation: -0.6393 (0.1656)
Z-score: -3.8601
P: 0.0001

Computing rg for phenotype 48/62
Reading summary statistics from ../results/ldsc/face/munged/par49.sumstats.gz ...
Read summary statistics for 23709 SNPs.
After merging with summary statistics, 4516 SNPs remain.
4516 SNPs with valid alleles.
WARNING: number of SNPs less than 200k; this is almost always bad.

Heritability of phenotype 48/62
-------------------------------
Total Observed scale h2: 436.7001 (85.005)
Lambda GC: 750.9567
Mean Chi^2: 469.6141
Intercept: 325.8699 (25.4643)
Ratio: 0.6933 (0.0543)

Genetic Covariance
------------------
Total Observed scale gencov: -5.9527 (3.651)
Mean z1*z2: -11.3233
Intercept: -8.9204 (1.3831)

Genetic Correlation
-------------------
Genetic Correlation: -0.3861 (0.1871)
Z-score: -2.0638
P: 0.039

Computing rg for phenotype 49/62
Reading summary statistics from ../results/ldsc/face/munged/par50.sumstats.gz ...
Read summary statistics for 23709 SNPs.
After merging with summary statistics, 4516 SNPs remain.
4516 SNPs with valid alleles.
WARNING: number of SNPs less than 200k; this is almost always bad.

Heritability of phenotype 49/62
-------------------------------
Total Observed scale h2: 515.2379 (139.9075)
Lambda GC: 990.2006
Mean Chi^2: 666.7886
Intercept: 497.0753 (32.2982)
Ratio: 0.7451 (0.0485)

Genetic Covariance
------------------
Total Observed scale gencov: -8.9641 (4.2014)
Mean z1*z2: -15.0922
Intercept: -11.2416 (1.7052)

Genetic Correlation
-------------------
Genetic Correlation: -0.5353 (0.1591)
Z-score: -3.3653
P: 0.0008

Computing rg for phenotype 50/62
Reading summary statistics from ../results/ldsc/face/munged/par51.sumstats.gz ...
Read summary statistics for 23709 SNPs.
After merging with summary statistics, 4516 SNPs remain.
4516 SNPs with valid alleles.
WARNING: number of SNPs less than 200k; this is almost always bad.

Heritability of phenotype 50/62
-------------------------------
Total Observed scale h2: 1075.8787 (444.015)
Lambda GC: 1037.4832
Mean Chi^2: 883.6059
Intercept: 529.5034 (71.6465)
Ratio: 0.5988 (0.0812)

Genetic Covariance
------------------
Total Observed scale gencov: -6.9404 (4.4126)
Mean z1*z2: -15.2799
Intercept: -12.3932 (1.8546)

Genetic Correlation
-------------------
Genetic Correlation: -0.2868 (0.1456)
Z-score: -1.9704
P: 0.0488

Computing rg for phenotype 51/62
Reading summary statistics from ../results/ldsc/face/munged/par52.sumstats.gz ...
Read summary statistics for 23709 SNPs.
After merging with summary statistics, 4516 SNPs remain.
4516 SNPs with valid alleles.
WARNING: number of SNPs less than 200k; this is almost always bad.

Heritability of phenotype 51/62
-------------------------------
Total Observed scale h2: 593.0693 (80.9802)
Lambda GC: 561.6712
Mean Chi^2: 396.7229
Intercept: 201.0372 (16.7887)
Ratio: 0.5055 (0.0424)

Genetic Covariance
------------------
Total Observed scale gencov: -4.0976 (2.9592)
Mean z1*z2: -9.8999
Intercept: -8.4526 (1.145)

Genetic Correlation
-------------------
Genetic Correlation: -0.2281 (0.1384)
Z-score: -1.6478
P: 0.0994

Computing rg for phenotype 52/62
Reading summary statistics from ../results/ldsc/face/munged/par53.sumstats.gz ...
Read summary statistics for 23709 SNPs.
After merging with summary statistics, 4516 SNPs remain.
4516 SNPs with valid alleles.
WARNING: number of SNPs less than 200k; this is almost always bad.

Heritability of phenotype 52/62
-------------------------------
Total Observed scale h2: 3403.0963 (1391.5985)
Lambda GC: 1058.6511
Mean Chi^2: 1617.8467
Intercept: 498.2963 (208.5673)
Ratio: 0.3076 (0.129)

Genetic Covariance
------------------
Total Observed scale gencov: -5.61 (5.2202)
Mean z1*z2: -16.4371
Intercept: -14.3551 (2.3924)

Genetic Correlation
-------------------
Genetic Correlation: -0.1304 (0.1054)
Z-score: -1.2367
P: 0.2162

Computing rg for phenotype 53/62
Reading summary statistics from ../results/ldsc/face/munged/par54.sumstats.gz ...
Read summary statistics for 23709 SNPs.
After merging with summary statistics, 4516 SNPs remain.
4516 SNPs with valid alleles.
WARNING: number of SNPs less than 200k; this is almost always bad.

Heritability of phenotype 53/62
-------------------------------
Total Observed scale h2: 1845.5246 (770.4374)
Lambda GC: 1358.7829
Mean Chi^2: 1315.2603
Intercept: 708.7227 (148.4221)
Ratio: 0.5385 (0.1129)

Genetic Covariance
------------------
Total Observed scale gencov: -7.6253 (5.0612)
Mean z1*z2: -17.2093
Intercept: -14.202 (2.1669)

Genetic Correlation
-------------------
Genetic Correlation: -0.2406 (0.1318)
Z-score: -1.8251
P: 0.068

Computing rg for phenotype 54/62
Reading summary statistics from ../results/ldsc/face/munged/par55.sumstats.gz ...
Read summary statistics for 23709 SNPs.
After merging with summary statistics, 4516 SNPs remain.
4516 SNPs with valid alleles.
WARNING: number of SNPs less than 200k; this is almost always bad.

Heritability of phenotype 54/62
-------------------------------
Total Observed scale h2: 516.4168 (193.29)
Lambda GC: 613.8569
Mean Chi^2: 487.0666
Intercept: 317.3395 (38.5529)
Ratio: 0.6508 (0.0793)

Genetic Covariance
------------------
Total Observed scale gencov: -4.7198 (3.0573)
Mean z1*z2: -11.2341
Intercept: -9.383 (1.3062)

Genetic Correlation
-------------------
Genetic Correlation: -0.2815 (0.1493)
Z-score: -1.8855
P: 0.0594

Computing rg for phenotype 55/62
Reading summary statistics from ../results/ldsc/face/munged/par56.sumstats.gz ...
Read summary statistics for 23709 SNPs.
After merging with summary statistics, 4516 SNPs remain.
4516 SNPs with valid alleles.
WARNING: number of SNPs less than 200k; this is almost always bad.

Heritability of phenotype 55/62
-------------------------------
Total Observed scale h2: 196.4431 (168.3646)
Lambda GC: 755.9374
Mean Chi^2: 545.6178
Intercept: 481.5726 (73.5289)
Ratio: 0.8824 (0.135)

Genetic Covariance
------------------
Total Observed scale gencov: -1.4299 (3.5793)
Mean z1*z2: -11.4208
Intercept: -11.2662 (1.6011)

Genetic Correlation
-------------------
Genetic Correlation: -0.1383 (0.3299)
Z-score: -0.4193
P: 0.675

Computing rg for phenotype 56/62
Reading summary statistics from ../results/ldsc/face/munged/par57.sumstats.gz ...
Read summary statistics for 23709 SNPs.
After merging with summary statistics, 4516 SNPs remain.
4516 SNPs with valid alleles.
WARNING: number of SNPs less than 200k; this is almost always bad.

Heritability of phenotype 56/62
-------------------------------
Total Observed scale h2: 436.5734 (149.017)
Lambda GC: 1191.8378
Mean Chi^2: 820.8143
Intercept: 677.4032 (64.1943)
Ratio: 0.8251 (0.0783)

Genetic Covariance
------------------
Total Observed scale gencov: -2.7713 (4.2137)
Mean z1*z2: -14.3659
Intercept: -13.5884 (1.8463)

Genetic Correlation
-------------------
Genetic Correlation: -0.1798 (0.2419)
Z-score: -0.7433
P: 0.4573

Computing rg for phenotype 57/62
Reading summary statistics from ../results/ldsc/face/munged/par58.sumstats.gz ...
Read summary statistics for 23709 SNPs.
After merging with summary statistics, 4516 SNPs remain.
4516 SNPs with valid alleles.
WARNING: number of SNPs less than 200k; this is almost always bad.

Heritability of phenotype 57/62
-------------------------------
Total Observed scale h2: 172.7402 (89.5384)
Lambda GC: 523.7046
Mean Chi^2: 350.9299
Intercept: 294.5414 (32.8869)
Ratio: 0.8389 (0.094)

Genetic Covariance
------------------
Total Observed scale gencov: -4.215 (3.2718)
Mean z1*z2: -10.2471
Intercept: -8.5665 (1.4881)

Genetic Correlation
-------------------
Genetic Correlation: -0.4347 (0.2453)
Z-score: -1.772
P: 0.0764

Computing rg for phenotype 58/62
Reading summary statistics from ../results/ldsc/face/munged/par59.sumstats.gz ...
Read summary statistics for 23709 SNPs.
After merging with summary statistics, 4516 SNPs remain.
4516 SNPs with valid alleles.
WARNING: number of SNPs less than 200k; this is almost always bad.

Heritability of phenotype 58/62
-------------------------------
Total Observed scale h2: 344.4194 (109.5642)
Lambda GC: 596.9792
Mean Chi^2: 465.8806
Intercept: 352.9483 (35.2752)
Ratio: 0.7571 (0.0759)

Genetic Covariance
------------------
Total Observed scale gencov: -3.5095 (3.2314)
Mean z1*z2: -10.6972
Intercept: -9.4877 (1.3624)

Genetic Correlation
-------------------
Genetic Correlation: -0.2563 (0.1883)
Z-score: -1.3613
P: 0.1734

Computing rg for phenotype 59/62
Reading summary statistics from ../results/ldsc/face/munged/par60.sumstats.gz ...
Read summary statistics for 23709 SNPs.
After merging with summary statistics, 4516 SNPs remain.
4516 SNPs with valid alleles.
WARNING: number of SNPs less than 200k; this is almost always bad.

Heritability of phenotype 59/62
-------------------------------
Total Observed scale h2: 930.724 (265.6653)
Lambda GC: 2554.3797
Mean Chi^2: 1498.6522
Intercept: 1192.1584 (79.1636)
Ratio: 0.7954 (0.0529)

Genetic Covariance
------------------
Total Observed scale gencov: -11.2812 (6.6645)
Mean z1*z2: -22.0922
Intercept: -17.3829 (2.6208)

Genetic Correlation
-------------------
Genetic Correlation: -0.5013 (0.2069)
Z-score: -2.4227
P: 0.0154

Computing rg for phenotype 60/62
Reading summary statistics from ../results/ldsc/face/munged/par61.sumstats.gz ...
Read summary statistics for 23709 SNPs.
After merging with summary statistics, 4516 SNPs remain.
4516 SNPs with valid alleles.
WARNING: number of SNPs less than 200k; this is almost always bad.

Heritability of phenotype 60/62
-------------------------------
Total Observed scale h2: 799.0379 (238.1486)
Lambda GC: 1645.5726
Mean Chi^2: 1012.6904
Intercept: 749.8808 (57.7849)
Ratio: 0.7402 (0.0571)

Genetic Covariance
------------------
Total Observed scale gencov: -12.0336 (5.653)
Mean z1*z2: -18.0957
Intercept: -12.7771 (2.0811)

Genetic Correlation
-------------------
Genetic Correlation: -0.5771 (0.1718)
Z-score: -3.3596
P: 0.0008

Computing rg for phenotype 61/62
Reading summary statistics from ../results/ldsc/face/munged/par62.sumstats.gz ...
Read summary statistics for 23709 SNPs.
After merging with summary statistics, 4516 SNPs remain.
4516 SNPs with valid alleles.
WARNING: number of SNPs less than 200k; this is almost always bad.

Heritability of phenotype 61/62
-------------------------------
Total Observed scale h2: 88.9275 (181.0243)
Lambda GC: 1394.423
Mean Chi^2: 856.3814
Intercept: 827.6596 (56.506)
Ratio: 0.9664 (0.0661)

Genetic Covariance
------------------
Total Observed scale gencov: -8.8016 (4.8734)
Mean z1*z2: -17.731
Intercept: -13.9871 (2.192)

Genetic Correlation
-------------------
Genetic Correlation: nan (nan) (rg out of bounds) 
Z-score: nan (nan) (rg out of bounds)
P: nan (nan) (rg out of bounds)
WARNING: rg was out of bounds.
This often means that h2 is not significantly different from zero.

Computing rg for phenotype 62/62
Reading summary statistics from ../results/ldsc/face/munged/par63.sumstats.gz ...
Read summary statistics for 23709 SNPs.
After merging with summary statistics, 4516 SNPs remain.
4516 SNPs with valid alleles.
WARNING: number of SNPs less than 200k; this is almost always bad.

Heritability of phenotype 62/62
-------------------------------
Total Observed scale h2: 192.4694 (222.6075)
Lambda GC: 1823.7689
Mean Chi^2: 1100.1692
Intercept: 1037.3745 (62.9951)
Ratio: 0.9429 (0.0573)

Genetic Covariance
------------------
Total Observed scale gencov: -7.0353 (5.2387)
Mean z1*z2: -18.993
Intercept: -16.2188 (2.3521)

Genetic Correlation
-------------------
Genetic Correlation: -0.6874 (0.5787)
Z-score: -1.1879
P: 0.2349


Summary of Genetic Correlation Results
                                                                               p1                                             p2      rg      se       z          p h2_obs h2_obs_se h2_int h2_int_se gcov_int gcov_int_se
 ../results/ldsc/STAGE00DATA/mean_imputed/not_subsampled/munged/par02.sumstats.gz  ../results/ldsc/face/munged/par03.sumstats.gz -0.3148  0.1632  -1.929    0.05369   9661      2203   6546     514.6   -46.28       6.347
 ../results/ldsc/STAGE00DATA/mean_imputed/not_subsampled/munged/par02.sumstats.gz  ../results/ldsc/face/munged/par04.sumstats.gz -0.6403  0.1758  -3.642  0.0002709   1368     534.2   1721     137.4   -19.53       3.083
 ../results/ldsc/STAGE00DATA/mean_imputed/not_subsampled/munged/par02.sumstats.gz  ../results/ldsc/face/munged/par05.sumstats.gz -0.8726  0.3947  -2.211    0.02706   1004     827.6   3704     265.2   -28.66       4.584
 ../results/ldsc/STAGE00DATA/mean_imputed/not_subsampled/munged/par02.sumstats.gz  ../results/ldsc/face/munged/par06.sumstats.gz -0.2718  0.1417  -1.918    0.05513   6417      1546   2732     277.4   -30.92       4.461
 ../results/ldsc/STAGE00DATA/mean_imputed/not_subsampled/munged/par02.sumstats.gz  ../results/ldsc/face/munged/par07.sumstats.gz -0.3514  0.2263  -1.553     0.1204   3426     971.4   4768     327.8   -37.24       5.203
 ../results/ldsc/STAGE00DATA/mean_imputed/not_subsampled/munged/par02.sumstats.gz  ../results/ldsc/face/munged/par08.sumstats.gz    -1.1  0.4059  -2.709   0.006741  300.2     315.8  690.8     111.9    -10.3       1.947
 ../results/ldsc/STAGE00DATA/mean_imputed/not_subsampled/munged/par02.sumstats.gz  ../results/ldsc/face/munged/par09.sumstats.gz -0.4564  0.1467  -3.112   0.001861   1121     347.1  925.1      70.1   -14.52       2.286
 ../results/ldsc/STAGE00DATA/mean_imputed/not_subsampled/munged/par02.sumstats.gz  ../results/ldsc/face/munged/par10.sumstats.gz -0.5876  0.2137   -2.75   0.005966  887.9     350.6  991.6     120.6   -15.22       2.592
 ../results/ldsc/STAGE00DATA/mean_imputed/not_subsampled/munged/par02.sumstats.gz  ../results/ldsc/face/munged/par11.sumstats.gz -0.7862  0.5239  -1.501     0.1334  770.1     967.9   3341     322.7   -27.09       4.431
 ../results/ldsc/STAGE00DATA/mean_imputed/not_subsampled/munged/par02.sumstats.gz  ../results/ldsc/face/munged/par12.sumstats.gz -0.4278  0.1406  -3.043   0.002342   2033     498.4   1215     113.3   -18.51       2.746
 ../results/ldsc/STAGE00DATA/mean_imputed/not_subsampled/munged/par02.sumstats.gz  ../results/ldsc/face/munged/par13.sumstats.gz -0.1428  0.1236  -1.155     0.2482   5717      1579   1298     242.5   -24.12       3.369
 ../results/ldsc/STAGE00DATA/mean_imputed/not_subsampled/munged/par02.sumstats.gz  ../results/ldsc/face/munged/par14.sumstats.gz -0.2742  0.2575  -1.065      0.287  986.3     395.8   1824       158   -22.43       3.037
 ../results/ldsc/STAGE00DATA/mean_imputed/not_subsampled/munged/par02.sumstats.gz  ../results/ldsc/face/munged/par15.sumstats.gz -0.5123  0.2429  -2.109    0.03497   1900     736.6   3641     247.5   -30.95       4.576
 ../results/ldsc/STAGE00DATA/mean_imputed/not_subsampled/munged/par02.sumstats.gz  ../results/ldsc/face/munged/par16.sumstats.gz      NA      NA      NA         NA -65.75     90.36  193.8     39.18   -5.294      0.9425
 ../results/ldsc/STAGE00DATA/mean_imputed/not_subsampled/munged/par02.sumstats.gz  ../results/ldsc/face/munged/par17.sumstats.gz  -1.023  0.2656  -3.851  0.0001176  246.7     182.4  414.7     53.71   -7.968        1.59
 ../results/ldsc/STAGE00DATA/mean_imputed/not_subsampled/munged/par02.sumstats.gz  ../results/ldsc/face/munged/par18.sumstats.gz -0.5654  0.1519  -3.722  0.0001973  662.3     343.2  597.1     68.19   -11.32       1.958
 ../results/ldsc/STAGE00DATA/mean_imputed/not_subsampled/munged/par02.sumstats.gz  ../results/ldsc/face/munged/par19.sumstats.gz -0.4246  0.2364  -1.796    0.07249  308.3     162.2  614.3     50.81   -11.14       1.655
 ../results/ldsc/STAGE00DATA/mean_imputed/not_subsampled/munged/par02.sumstats.gz  ../results/ldsc/face/munged/par20.sumstats.gz -0.3712  0.1577  -2.354    0.01856  733.7     218.4  268.7     43.06   -8.486       1.591
 ../results/ldsc/STAGE00DATA/mean_imputed/not_subsampled/munged/par02.sumstats.gz  ../results/ldsc/face/munged/par21.sumstats.gz  -0.568  0.2611  -2.176    0.02957  444.8     241.3  648.6      92.9   -11.66       1.951
 ../results/ldsc/STAGE00DATA/mean_imputed/not_subsampled/munged/par02.sumstats.gz  ../results/ldsc/face/munged/par22.sumstats.gz      NA      NA      NA         NA -826.9     629.1   2684     256.1   -24.36       3.855
 ../results/ldsc/STAGE00DATA/mean_imputed/not_subsampled/munged/par02.sumstats.gz  ../results/ldsc/face/munged/par23.sumstats.gz -0.4921  0.1689  -2.913   0.003585   1152       506  582.7     88.67   -10.89        1.98
 ../results/ldsc/STAGE00DATA/mean_imputed/not_subsampled/munged/par02.sumstats.gz  ../results/ldsc/face/munged/par24.sumstats.gz  -0.498  0.1709  -2.913   0.003577  994.1       272  856.9     64.01   -14.38       2.212
 ../results/ldsc/STAGE00DATA/mean_imputed/not_subsampled/munged/par02.sumstats.gz  ../results/ldsc/face/munged/par25.sumstats.gz -0.4029   0.145  -2.779   0.005461   1220     401.4  732.9     75.75   -14.65       2.156
 ../results/ldsc/STAGE00DATA/mean_imputed/not_subsampled/munged/par02.sumstats.gz  ../results/ldsc/face/munged/par26.sumstats.gz -0.1196    0.11  -1.087     0.2772   4354      1280  704.1       180   -18.84       2.613
 ../results/ldsc/STAGE00DATA/mean_imputed/not_subsampled/munged/par02.sumstats.gz  ../results/ldsc/face/munged/par27.sumstats.gz -0.2621  0.1314  -1.995    0.04603   2068       868  744.1     148.5   -15.19       2.235
 ../results/ldsc/STAGE00DATA/mean_imputed/not_subsampled/munged/par02.sumstats.gz  ../results/ldsc/face/munged/par28.sumstats.gz  -0.172  0.3469 -0.4957     0.6201  299.7     201.3  970.5      94.9   -16.25       2.209
 ../results/ldsc/STAGE00DATA/mean_imputed/not_subsampled/munged/par02.sumstats.gz  ../results/ldsc/face/munged/par29.sumstats.gz  -0.394  0.1933  -2.038    0.04152  671.7     229.7  901.7     61.42   -15.13       2.209
 ../results/ldsc/STAGE00DATA/mean_imputed/not_subsampled/munged/par02.sumstats.gz  ../results/ldsc/face/munged/par30.sumstats.gz -0.4417  0.2222  -1.988    0.04683   1490     420.5   1917     129.7    -22.5       3.323
 ../results/ldsc/STAGE00DATA/mean_imputed/not_subsampled/munged/par02.sumstats.gz  ../results/ldsc/face/munged/par31.sumstats.gz -0.6727  0.3273  -2.055    0.03984  341.2       271   1206     79.38   -17.63       2.627
 ../results/ldsc/STAGE00DATA/mean_imputed/not_subsampled/munged/par02.sumstats.gz  ../results/ldsc/face/munged/par32.sumstats.gz      NA      NA      NA         NA -132.9       151    228     64.89   -5.714       1.101
 ../results/ldsc/STAGE00DATA/mean_imputed/not_subsampled/munged/par02.sumstats.gz  ../results/ldsc/face/munged/par33.sumstats.gz      NA      NA      NA         NA     NA        NA     NA        NA       NA          NA
 ../results/ldsc/STAGE00DATA/mean_imputed/not_subsampled/munged/par02.sumstats.gz  ../results/ldsc/face/munged/par34.sumstats.gz  -1.055  0.2525  -4.178  2.937e-05  250.2     179.2  412.5     49.12   -7.946       1.528
 ../results/ldsc/STAGE00DATA/mean_imputed/not_subsampled/munged/par02.sumstats.gz  ../results/ldsc/face/munged/par35.sumstats.gz  -1.177  0.6739  -1.747     0.0806  43.63     61.21  177.2     18.88   -5.351      0.9498
 ../results/ldsc/STAGE00DATA/mean_imputed/not_subsampled/munged/par02.sumstats.gz  ../results/ldsc/face/munged/par36.sumstats.gz -0.7488  0.3586  -2.088    0.03678  207.9     213.8    350     60.01   -7.111       1.376
 ../results/ldsc/STAGE00DATA/mean_imputed/not_subsampled/munged/par02.sumstats.gz  ../results/ldsc/face/munged/par37.sumstats.gz -0.4604  0.1223  -3.764  0.0001671  639.8     268.8  377.5     39.24   -8.871       1.466
 ../results/ldsc/STAGE00DATA/mean_imputed/not_subsampled/munged/par02.sumstats.gz  ../results/ldsc/face/munged/par38.sumstats.gz  -0.308  0.1869  -1.648     0.0993  313.1     142.6  393.2     33.87   -9.141       1.356
 ../results/ldsc/STAGE00DATA/mean_imputed/not_subsampled/munged/par02.sumstats.gz  ../results/ldsc/face/munged/par39.sumstats.gz      NA      NA      NA         NA -44.55     88.16  311.1     37.11   -7.658       1.227
 ../results/ldsc/STAGE00DATA/mean_imputed/not_subsampled/munged/par02.sumstats.gz  ../results/ldsc/face/munged/par40.sumstats.gz -0.3503  0.1624  -2.157    0.03103  419.2     149.9  135.8     33.88   -6.026       1.295
 ../results/ldsc/STAGE00DATA/mean_imputed/not_subsampled/munged/par02.sumstats.gz  ../results/ldsc/face/munged/par41.sumstats.gz -0.5903  0.1569  -3.763  0.0001681  250.8     102.9  154.5     20.78   -5.339       1.162
 ../results/ldsc/STAGE00DATA/mean_imputed/not_subsampled/munged/par02.sumstats.gz  ../results/ldsc/face/munged/par42.sumstats.gz -0.4293  0.1791  -2.398     0.0165  472.8     107.6  214.6     31.43    -7.68       1.354
 ../results/ldsc/STAGE00DATA/mean_imputed/not_subsampled/munged/par02.sumstats.gz  ../results/ldsc/face/munged/par43.sumstats.gz -0.6902  0.1774   -3.89  0.0001004  292.3     109.9  291.5     31.82   -7.082       1.355
 ../results/ldsc/STAGE00DATA/mean_imputed/not_subsampled/munged/par02.sumstats.gz  ../results/ldsc/face/munged/par44.sumstats.gz      NA      NA      NA         NA -407.2       343   1350     145.2   -16.43       2.683
 ../results/ldsc/STAGE00DATA/mean_imputed/not_subsampled/munged/par02.sumstats.gz  ../results/ldsc/face/munged/par45.sumstats.gz      NA      NA      NA         NA     NA        NA     NA        NA       NA          NA
 ../results/ldsc/STAGE00DATA/mean_imputed/not_subsampled/munged/par02.sumstats.gz  ../results/ldsc/face/munged/par46.sumstats.gz -0.4301  0.1415   -3.04   0.002365  782.6     249.8  121.9     40.74   -5.319       1.308
 ../results/ldsc/STAGE00DATA/mean_imputed/not_subsampled/munged/par02.sumstats.gz  ../results/ldsc/face/munged/par47.sumstats.gz -0.8777  0.2152  -4.078   4.54e-05  244.8     159.5  347.5     40.95   -7.921       1.515
 ../results/ldsc/STAGE00DATA/mean_imputed/not_subsampled/munged/par02.sumstats.gz  ../results/ldsc/face/munged/par48.sumstats.gz -0.6393  0.1656   -3.86  0.0001133    585     201.9    508     43.83   -10.35       1.724
 ../results/ldsc/STAGE00DATA/mean_imputed/not_subsampled/munged/par02.sumstats.gz  ../results/ldsc/face/munged/par49.sumstats.gz -0.3861  0.1871  -2.064    0.03904  436.7        85  325.9     25.46    -8.92       1.383
 ../results/ldsc/STAGE00DATA/mean_imputed/not_subsampled/munged/par02.sumstats.gz  ../results/ldsc/face/munged/par50.sumstats.gz -0.5353  0.1591  -3.365  0.0007645  515.2     139.9  497.1      32.3   -11.24       1.705
 ../results/ldsc/STAGE00DATA/mean_imputed/not_subsampled/munged/par02.sumstats.gz  ../results/ldsc/face/munged/par51.sumstats.gz -0.2868  0.1456   -1.97    0.04879   1076       444  529.5     71.65   -12.39       1.855
 ../results/ldsc/STAGE00DATA/mean_imputed/not_subsampled/munged/par02.sumstats.gz  ../results/ldsc/face/munged/par52.sumstats.gz -0.2281  0.1384  -1.648     0.0994  593.1     80.98    201     16.79   -8.453       1.145
 ../results/ldsc/STAGE00DATA/mean_imputed/not_subsampled/munged/par02.sumstats.gz  ../results/ldsc/face/munged/par53.sumstats.gz -0.1304  0.1054  -1.237     0.2162   3403      1392  498.3     208.6   -14.36       2.392
 ../results/ldsc/STAGE00DATA/mean_imputed/not_subsampled/munged/par02.sumstats.gz  ../results/ldsc/face/munged/par54.sumstats.gz -0.2406  0.1318  -1.825    0.06799   1846     770.4  708.7     148.4    -14.2       2.167
 ../results/ldsc/STAGE00DATA/mean_imputed/not_subsampled/munged/par02.sumstats.gz  ../results/ldsc/face/munged/par55.sumstats.gz -0.2815  0.1493  -1.885    0.05937  516.4     193.3  317.3     38.55   -9.383       1.306
 ../results/ldsc/STAGE00DATA/mean_imputed/not_subsampled/munged/par02.sumstats.gz  ../results/ldsc/face/munged/par56.sumstats.gz -0.1383  0.3299 -0.4193      0.675  196.4     168.4  481.6     73.53   -11.27       1.601
 ../results/ldsc/STAGE00DATA/mean_imputed/not_subsampled/munged/par02.sumstats.gz  ../results/ldsc/face/munged/par57.sumstats.gz -0.1798  0.2419 -0.7433     0.4573  436.6       149  677.4     64.19   -13.59       1.846
 ../results/ldsc/STAGE00DATA/mean_imputed/not_subsampled/munged/par02.sumstats.gz  ../results/ldsc/face/munged/par58.sumstats.gz -0.4347  0.2453  -1.772    0.07639  172.7     89.54  294.5     32.89   -8.566       1.488
 ../results/ldsc/STAGE00DATA/mean_imputed/not_subsampled/munged/par02.sumstats.gz  ../results/ldsc/face/munged/par59.sumstats.gz -0.2563  0.1883  -1.361     0.1734  344.4     109.6  352.9     35.28   -9.488       1.362
 ../results/ldsc/STAGE00DATA/mean_imputed/not_subsampled/munged/par02.sumstats.gz  ../results/ldsc/face/munged/par60.sumstats.gz -0.5013  0.2069  -2.423     0.0154  930.7     265.7   1192     79.16   -17.38       2.621
 ../results/ldsc/STAGE00DATA/mean_imputed/not_subsampled/munged/par02.sumstats.gz  ../results/ldsc/face/munged/par61.sumstats.gz -0.5771  0.1718   -3.36  0.0007804    799     238.1  749.9     57.78   -12.78       2.081
 ../results/ldsc/STAGE00DATA/mean_imputed/not_subsampled/munged/par02.sumstats.gz  ../results/ldsc/face/munged/par62.sumstats.gz  -1.265   1.688 -0.7494     0.4536  88.93       181  827.7     56.51   -13.99       2.192
 ../results/ldsc/STAGE00DATA/mean_imputed/not_subsampled/munged/par02.sumstats.gz  ../results/ldsc/face/munged/par63.sumstats.gz -0.6874  0.5787  -1.188     0.2349  192.5     222.6   1037        63   -16.22       2.352

Analysis finished at Wed Mar 16 21:26:01 2022
Total time elapsed: 1.0m:20.36s
