*********************************************************************
* LD Score Regression (LDSC)
* Version 1.0.1
* (C) 2014-2019 Brendan Bulik-Sullivan and Hilary Finucane
* Broad Institute of MIT and Harvard / MIT Department of Mathematics
* GNU General Public License v3
*********************************************************************
Call: 
./ldsc.py \
--ref-ld-chr ../SAMPLE_DATA/eur_w_ld_chr/ \
--out ../results/ldsc/face/STAGE00DATA/mean_imputed/not_subsampled/rg/par04 \
--rg ../results/ldsc/STAGE00DATA/mean_imputed/not_subsampled/munged/par04.sumstats.gz,../results/ldsc/face/munged/par05.sumstats.gz,../results/ldsc/face/munged/par06.sumstats.gz,../results/ldsc/face/munged/par07.sumstats.gz,../results/ldsc/face/munged/par08.sumstats.gz,../results/ldsc/face/munged/par09.sumstats.gz,../results/ldsc/face/munged/par10.sumstats.gz,../results/ldsc/face/munged/par11.sumstats.gz,../results/ldsc/face/munged/par12.sumstats.gz,../results/ldsc/face/munged/par13.sumstats.gz,../results/ldsc/face/munged/par14.sumstats.gz,../results/ldsc/face/munged/par15.sumstats.gz,../results/ldsc/face/munged/par16.sumstats.gz,../results/ldsc/face/munged/par17.sumstats.gz,../results/ldsc/face/munged/par18.sumstats.gz,../results/ldsc/face/munged/par19.sumstats.gz,../results/ldsc/face/munged/par20.sumstats.gz,../results/ldsc/face/munged/par21.sumstats.gz,../results/ldsc/face/munged/par22.sumstats.gz,../results/ldsc/face/munged/par23.sumstats.gz,../results/ldsc/face/munged/par24.sumstats.gz,../results/ldsc/face/munged/par25.sumstats.gz,../results/ldsc/face/munged/par26.sumstats.gz,../results/ldsc/face/munged/par27.sumstats.gz,../results/ldsc/face/munged/par28.sumstats.gz,../results/ldsc/face/munged/par29.sumstats.gz,../results/ldsc/face/munged/par30.sumstats.gz,../results/ldsc/face/munged/par31.sumstats.gz,../results/ldsc/face/munged/par32.sumstats.gz,../results/ldsc/face/munged/par33.sumstats.gz,../results/ldsc/face/munged/par34.sumstats.gz,../results/ldsc/face/munged/par35.sumstats.gz,../results/ldsc/face/munged/par36.sumstats.gz,../results/ldsc/face/munged/par37.sumstats.gz,../results/ldsc/face/munged/par38.sumstats.gz,../results/ldsc/face/munged/par39.sumstats.gz,../results/ldsc/face/munged/par40.sumstats.gz,../results/ldsc/face/munged/par41.sumstats.gz,../results/ldsc/face/munged/par42.sumstats.gz,../results/ldsc/face/munged/par43.sumstats.gz,../results/ldsc/face/munged/par44.sumstats.gz,../results/ldsc/face/munged/par45.sumstats.gz,../results/ldsc/face/munged/par46.sumstats.gz,../results/ldsc/face/munged/par47.sumstats.gz,../results/ldsc/face/munged/par48.sumstats.gz,../results/ldsc/face/munged/par49.sumstats.gz,../results/ldsc/face/munged/par50.sumstats.gz,../results/ldsc/face/munged/par51.sumstats.gz,../results/ldsc/face/munged/par52.sumstats.gz,../results/ldsc/face/munged/par53.sumstats.gz,../results/ldsc/face/munged/par54.sumstats.gz,../results/ldsc/face/munged/par55.sumstats.gz,../results/ldsc/face/munged/par56.sumstats.gz,../results/ldsc/face/munged/par57.sumstats.gz,../results/ldsc/face/munged/par58.sumstats.gz,../results/ldsc/face/munged/par59.sumstats.gz,../results/ldsc/face/munged/par60.sumstats.gz,../results/ldsc/face/munged/par61.sumstats.gz,../results/ldsc/face/munged/par62.sumstats.gz,../results/ldsc/face/munged/par63.sumstats.gz \
--w-ld-chr ../SAMPLE_DATA/eur_w_ld_chr/ 

Beginning analysis at Wed Mar 16 21:27:24 2022
Reading summary statistics from ../results/ldsc/STAGE00DATA/mean_imputed/not_subsampled/munged/par04.sumstats.gz ...
Read summary statistics for 7033675 SNPs.
Reading reference panel LD Score from ../SAMPLE_DATA/eur_w_ld_chr/[1-22] ... (ldscore_fromlist)
Read reference panel LD Scores for 1290028 SNPs.
Removing partitioned LD Scores with zero variance.
Reading regression weight LD Score from ../SAMPLE_DATA/eur_w_ld_chr/[1-22] ... (ldscore_fromlist)
Read regression weight LD Scores for 1290028 SNPs.
After merging with reference panel LD, 1174774 SNPs remain.
After merging with regression SNP LD, 1174774 SNPs remain.
Computing rg for phenotype 2/60
Reading summary statistics from ../results/ldsc/face/munged/par05.sumstats.gz ...
Read summary statistics for 23709 SNPs.
After merging with summary statistics, 4516 SNPs remain.
4516 SNPs with valid alleles.
WARNING: number of SNPs less than 200k; this is almost always bad.

Heritability of phenotype 1
---------------------------
Total Observed scale h2: 0.6563 (0.2291)
Lambda GC: 1.5604
Mean Chi^2: 1.3603
Intercept: 0.9356 (0.1115)
Ratio < 0 (usually indicates GC correction).

Heritability of phenotype 2/60
------------------------------
Total Observed scale h2: 1003.7209 (827.5772)
Lambda GC: 6531.4677
Mean Chi^2: 4034.7274
Intercept: 3704.3843 (265.2071)
Ratio: 0.9181 (0.0657)

Genetic Covariance
------------------
Total Observed scale gencov: -37.8672 (10.6411)
Mean z1*z2: -34.6053
Intercept: -17.0113 (4.0053)

Genetic Correlation
-------------------
Genetic Correlation: nan (nan) (rg out of bounds) 
Z-score: nan (nan) (rg out of bounds)
P: nan (nan) (rg out of bounds)
WARNING: rg was out of bounds.
This often means that h2 is not significantly different from zero.

Computing rg for phenotype 3/60
Reading summary statistics from ../results/ldsc/face/munged/par06.sumstats.gz ...
Read summary statistics for 23709 SNPs.
After merging with summary statistics, 4516 SNPs remain.
4516 SNPs with valid alleles.
WARNING: number of SNPs less than 200k; this is almost always bad.

Heritability of phenotype 3/60
------------------------------
Total Observed scale h2: 6417.4307 (1545.9959)
Lambda GC: 7577.3054
Mean Chi^2: 4843.4871
Intercept: 2732.2114 (277.4232)
Ratio: 0.564 (0.0573)

Genetic Covariance
------------------
Total Observed scale gencov: -38.2758 (11.0261)
Mean z1*z2: -38.1053
Intercept: -20.6455 (4.1868)

Genetic Correlation
-------------------
Genetic Correlation: -0.5898 (0.1219)
Z-score: -4.8394
P: 1.3021e-06

Computing rg for phenotype 4/60
Reading summary statistics from ../results/ldsc/face/munged/par07.sumstats.gz ...
Read summary statistics for 23709 SNPs.
After merging with summary statistics, 4516 SNPs remain.
4516 SNPs with valid alleles.
WARNING: number of SNPs less than 200k; this is almost always bad.

Heritability of phenotype 4/60
------------------------------
Total Observed scale h2: 3425.6263 (971.3538)
Lambda GC: 10584.0435
Mean Chi^2: 5891.7458
Intercept: 4767.7074 (327.7594)
Ratio: 0.8092 (0.0556)

Genetic Covariance
------------------
Total Observed scale gencov: -34.0717 (11.6065)
Mean z1*z2: -40.4018
Intercept: -24.801 (4.6931)

Genetic Correlation
-------------------
Genetic Correlation: -0.7186 (0.1686)
Z-score: -4.2616
P: 2.0292e-05

Computing rg for phenotype 5/60
Reading summary statistics from ../results/ldsc/face/munged/par08.sumstats.gz ...
Read summary statistics for 23709 SNPs.
After merging with summary statistics, 4516 SNPs remain.
4516 SNPs with valid alleles.
WARNING: number of SNPs less than 200k; this is almost always bad.

Heritability of phenotype 5/60
------------------------------
Total Observed scale h2: 300.2012 (315.8157)
Lambda GC: 1017.6373
Mean Chi^2: 788.7035
Intercept: 690.787 (111.8873)
Ratio: 0.8757 (0.142)

Genetic Covariance
------------------
Total Observed scale gencov: -19.6513 (5.4629)
Mean z1*z2: -16.1713
Intercept: -7.009 (2.0017)

Genetic Correlation
-------------------
Genetic Correlation: nan (nan) (rg out of bounds) 
Z-score: nan (nan) (rg out of bounds)
P: nan (nan) (rg out of bounds)
WARNING: rg was out of bounds.
This often means that h2 is not significantly different from zero.

Computing rg for phenotype 6/60
Reading summary statistics from ../results/ldsc/face/munged/par09.sumstats.gz ...
Read summary statistics for 23709 SNPs.
After merging with summary statistics, 4516 SNPs remain.
4516 SNPs with valid alleles.
WARNING: number of SNPs less than 200k; this is almost always bad.

Heritability of phenotype 6/60
------------------------------
Total Observed scale h2: 1120.556 (347.0833)
Lambda GC: 1752.8058
Mean Chi^2: 1296.3038
Intercept: 925.0541 (70.098)
Ratio: 0.7134 (0.0541)

Genetic Covariance
------------------
Total Observed scale gencov: -24.7509 (6.1656)
Mean z1*z2: -20.1184
Intercept: -8.9015 (2.1497)

Genetic Correlation
-------------------
Genetic Correlation: -0.9127 (0.1416)
Z-score: -6.4439
P: 1.1646e-10

Computing rg for phenotype 7/60
Reading summary statistics from ../results/ldsc/face/munged/par10.sumstats.gz ...
Read summary statistics for 23709 SNPs.
After merging with summary statistics, 4516 SNPs remain.
4516 SNPs with valid alleles.
WARNING: number of SNPs less than 200k; this is almost always bad.

Heritability of phenotype 7/60
------------------------------
Total Observed scale h2: 887.9025 (350.594)
Lambda GC: 1834.9139
Mean Chi^2: 1283.4583
Intercept: 991.5565 (120.5861)
Ratio: 0.7724 (0.094)

Genetic Covariance
------------------
Total Observed scale gencov: -21.1699 (6.3748)
Mean z1*z2: -19.7118
Intercept: -9.6711 (2.3871)

Genetic Correlation
-------------------
Genetic Correlation: -0.877 (0.1595)
Z-score: -5.4969
P: 3.8657e-08

Computing rg for phenotype 8/60
Reading summary statistics from ../results/ldsc/face/munged/par11.sumstats.gz ...
Read summary statistics for 23709 SNPs.
After merging with summary statistics, 4516 SNPs remain.
4516 SNPs with valid alleles.
WARNING: number of SNPs less than 200k; this is almost always bad.

Heritability of phenotype 8/60
------------------------------
Total Observed scale h2: 770.0874 (967.8728)
Lambda GC: 4898.273
Mean Chi^2: 3594.1443
Intercept: 3340.8389 (322.6703)
Ratio: 0.9295 (0.0898)

Genetic Covariance
------------------
Total Observed scale gencov: -34.582 (9.4072)
Mean z1*z2: -30.6692
Intercept: -14.6767 (3.5865)

Genetic Correlation
-------------------
Genetic Correlation: nan (nan) (rg out of bounds) 
Z-score: nan (nan) (rg out of bounds)
P: nan (nan) (rg out of bounds)
WARNING: rg was out of bounds.
This often means that h2 is not significantly different from zero.

Computing rg for phenotype 9/60
Reading summary statistics from ../results/ldsc/face/munged/par12.sumstats.gz ...
Read summary statistics for 23709 SNPs.
After merging with summary statistics, 4516 SNPs remain.
4516 SNPs with valid alleles.
WARNING: number of SNPs less than 200k; this is almost always bad.

Heritability of phenotype 9/60
------------------------------
Total Observed scale h2: 2032.7766 (498.4378)
Lambda GC: 3006.4334
Mean Chi^2: 1883.8072
Intercept: 1215.4318 (113.2765)
Ratio: 0.645 (0.0602)

Genetic Covariance
------------------
Total Observed scale gencov: -23.9326 (6.994)
Mean z1*z2: -24.0312
Intercept: -13.0913 (2.7466)

Genetic Correlation
-------------------
Genetic Correlation: -0.6552 (0.126)
Z-score: -5.202
P: 1.9717e-07

Computing rg for phenotype 10/60
Reading summary statistics from ../results/ldsc/face/munged/par13.sumstats.gz ...
Read summary statistics for 23709 SNPs.
After merging with summary statistics, 4516 SNPs remain.
4516 SNPs with valid alleles.
WARNING: number of SNPs less than 200k; this is almost always bad.

Heritability of phenotype 10/60
-------------------------------
Total Observed scale h2: 5717.0931 (1579.093)
Lambda GC: 3906.7696
Mean Chi^2: 3180.754
Intercept: 1298.3214 (242.4572)
Ratio: 0.408 (0.0763)

Genetic Covariance
------------------
Total Observed scale gencov: -29.9984 (8.6387)
Mean z1*z2: -28.9476
Intercept: -15.2936 (3.1155)

Genetic Correlation
-------------------
Genetic Correlation: -0.4897 (0.1115)
Z-score: -4.392
P: 1.1231e-05

Computing rg for phenotype 11/60
Reading summary statistics from ../results/ldsc/face/munged/par14.sumstats.gz ...
Read summary statistics for 23709 SNPs.
After merging with summary statistics, 4516 SNPs remain.
4516 SNPs with valid alleles.
WARNING: number of SNPs less than 200k; this is almost always bad.

Heritability of phenotype 11/60
-------------------------------
Total Observed scale h2: 986.3497 (395.75)
Lambda GC: 3537.0725
Mean Chi^2: 2147.2605
Intercept: 1824.2729 (157.9586)
Ratio: 0.8495 (0.0736)

Genetic Covariance
------------------
Total Observed scale gencov: -19.616 (6.6383)
Mean z1*z2: -23.6003
Intercept: -14.6405 (2.707)

Genetic Correlation
-------------------
Genetic Correlation: -0.771 (0.2022)
Z-score: -3.8131
P: 0.0001

Computing rg for phenotype 12/60
Reading summary statistics from ../results/ldsc/face/munged/par15.sumstats.gz ...
Read summary statistics for 23709 SNPs.
After merging with summary statistics, 4516 SNPs remain.
4516 SNPs with valid alleles.
WARNING: number of SNPs less than 200k; this is almost always bad.

Heritability of phenotype 12/60
-------------------------------
Total Observed scale h2: 1900.1922 (736.5703)
Lambda GC: 7578.5912
Mean Chi^2: 4263.2583
Intercept: 3640.8415 (247.5419)
Ratio: 0.854 (0.0581)

Genetic Covariance
------------------
Total Observed scale gencov: -30.5023 (10.5938)
Mean z1*z2: -35.6451
Intercept: -21.6948 (4.1806)

Genetic Correlation
-------------------
Genetic Correlation: -0.8638 (0.2042)
Z-score: -4.2289
P: 2.3480e-05

Computing rg for phenotype 13/60
Reading summary statistics from ../results/ldsc/face/munged/par16.sumstats.gz ...
Read summary statistics for 23709 SNPs.
After merging with summary statistics, 4516 SNPs remain.
4516 SNPs with valid alleles.
WARNING: number of SNPs less than 200k; this is almost always bad.

Heritability of phenotype 13/60
-------------------------------
Total Observed scale h2: -65.749 (90.365)
Lambda GC: 233.1779
Mean Chi^2: 171.7591
Intercept: 193.8111 (39.1773)
Ratio: 1.1291 (0.2294)

Genetic Covariance
------------------
Total Observed scale gencov: -7.1774 (2.4229)
Mean z1*z2: -7.1744
Intercept: -3.8213 (1.0284)

Genetic Correlation
-------------------
Genetic Correlation: nan (nan) (h2  out of bounds) 
Z-score: nan (nan) (h2  out of bounds)
P: nan (nan) (h2  out of bounds)
WARNING: One of the h2's was out of bounds.
This usually indicates a data-munging error or that h2 or N is low.

Computing rg for phenotype 14/60
Reading summary statistics from ../results/ldsc/face/munged/par17.sumstats.gz ...
Read summary statistics for 23709 SNPs.
After merging with summary statistics, 4516 SNPs remain.
4516 SNPs with valid alleles.
WARNING: number of SNPs less than 200k; this is almost always bad.

Heritability of phenotype 14/60
-------------------------------
Total Observed scale h2: 246.6958 (182.3666)
Lambda GC: 594.235
Mean Chi^2: 495.6557
Intercept: 414.7438 (53.7096)
Ratio: 0.8364 (0.1086)

Genetic Covariance
------------------
Total Observed scale gencov: -16.9959 (4.2628)
Mean z1*z2: -12.9415
Intercept: -5.0802 (1.428)

Genetic Correlation
-------------------
Genetic Correlation: nan (nan) (rg out of bounds) 
Z-score: nan (nan) (rg out of bounds)
P: nan (nan) (rg out of bounds)
WARNING: rg was out of bounds.
This often means that h2 is not significantly different from zero.

Computing rg for phenotype 15/60
Reading summary statistics from ../results/ldsc/face/munged/par18.sumstats.gz ...
Read summary statistics for 23709 SNPs.
After merging with summary statistics, 4516 SNPs remain.
4516 SNPs with valid alleles.
WARNING: number of SNPs less than 200k; this is almost always bad.

Heritability of phenotype 15/60
-------------------------------
Total Observed scale h2: 662.2909 (343.2149)
Lambda GC: 942.1249
Mean Chi^2: 814.7267
Intercept: 597.0616 (68.1948)
Ratio: 0.7325 (0.0838)

Genetic Covariance
------------------
Total Observed scale gencov: -20.8424 (5.4478)
Mean z1*z2: -16.2567
Intercept: -6.6567 (1.8706)

Genetic Correlation
-------------------
Genetic Correlation: -0.9997 (0.2294)
Z-score: -4.3576
P: 1.3148e-05

Computing rg for phenotype 16/60
Reading summary statistics from ../results/ldsc/face/munged/par19.sumstats.gz ...
Read summary statistics for 23709 SNPs.
After merging with summary statistics, 4516 SNPs remain.
4516 SNPs with valid alleles.
WARNING: number of SNPs less than 200k; this is almost always bad.

Heritability of phenotype 16/60
-------------------------------
Total Observed scale h2: 308.3425 (162.17)
Lambda GC: 1000.7241
Mean Chi^2: 717.1949
Intercept: 614.279 (50.8065)
Ratio: 0.8563 (0.0709)

Genetic Covariance
------------------
Total Observed scale gencov: -14.8358 (4.3748)
Mean z1*z2: -14.2387
Intercept: -7.5737 (1.6669)

Genetic Correlation
-------------------
Genetic Correlation: -1.0429 (0.2535)
Z-score: -4.1138
P: 3.8912e-05

Computing rg for phenotype 17/60
Reading summary statistics from ../results/ldsc/face/munged/par20.sumstats.gz ...
Read summary statistics for 23709 SNPs.
After merging with summary statistics, 4516 SNPs remain.
4516 SNPs with valid alleles.
WARNING: number of SNPs less than 200k; this is almost always bad.

Heritability of phenotype 17/60
-------------------------------
Total Observed scale h2: 733.7271 (218.4007)
Lambda GC: 544.8532
Mean Chi^2: 510.7502
Intercept: 268.7327 (43.056)
Ratio: 0.5252 (0.0845)

Genetic Covariance
------------------
Total Observed scale gencov: -12.8457 (3.9186)
Mean z1*z2: -11.0723
Intercept: -4.8715 (1.3214)

Genetic Correlation
-------------------
Genetic Correlation: -0.5854 (0.1228)
Z-score: -4.7659
P: 1.8802e-06

Computing rg for phenotype 18/60
Reading summary statistics from ../results/ldsc/face/munged/par21.sumstats.gz ...
Read summary statistics for 23709 SNPs.
After merging with summary statistics, 4516 SNPs remain.
4516 SNPs with valid alleles.
WARNING: number of SNPs less than 200k; this is almost always bad.

Heritability of phenotype 18/60
-------------------------------
Total Observed scale h2: 444.8274 (241.3115)
Lambda GC: 1131.616
Mean Chi^2: 794.2396
Intercept: 648.6425 (92.9031)
Ratio: 0.8165 (0.1171)

Genetic Covariance
------------------
Total Observed scale gencov: -15.3503 (5.1839)
Mean z1*z2: -15.504
Intercept: -8.2098 (2.0115)

Genetic Correlation
-------------------
Genetic Correlation: -0.8984 (0.2136)
Z-score: -4.2069
P: 2.5893e-05

Computing rg for phenotype 19/60
Reading summary statistics from ../results/ldsc/face/munged/par22.sumstats.gz ...
Read summary statistics for 23709 SNPs.
After merging with summary statistics, 4516 SNPs remain.
4516 SNPs with valid alleles.
WARNING: number of SNPs less than 200k; this is almost always bad.

Heritability of phenotype 19/60
-------------------------------
Total Observed scale h2: -826.8614 (629.1133)
Lambda GC: 3246.6051
Mean Chi^2: 2411.435
Intercept: 2684.0978 (256.1112)
Ratio: 1.1131 (0.1063)

Genetic Covariance
------------------
Total Observed scale gencov: -23.8148 (7.567)
Mean z1*z2: -24.5277
Intercept: -13.7708 (3.0675)

Genetic Correlation
-------------------
Genetic Correlation: nan (nan) (h2  out of bounds) 
Z-score: nan (nan) (h2  out of bounds)
P: nan (nan) (h2  out of bounds)
WARNING: One of the h2's was out of bounds.
This usually indicates a data-munging error or that h2 or N is low.

Computing rg for phenotype 20/60
Reading summary statistics from ../results/ldsc/face/munged/par23.sumstats.gz ...
Read summary statistics for 23709 SNPs.
After merging with summary statistics, 4516 SNPs remain.
4516 SNPs with valid alleles.
WARNING: number of SNPs less than 200k; this is almost always bad.

Heritability of phenotype 20/60
-------------------------------
Total Observed scale h2: 1151.8796 (506.0417)
Lambda GC: 848.7958
Mean Chi^2: 962.5942
Intercept: 582.7422 (88.6723)
Ratio: 0.605 (0.0922)

Genetic Covariance
------------------
Total Observed scale gencov: -19.2997 (5.3691)
Mean z1*z2: -14.848
Intercept: -5.7215 (1.7948)

Genetic Correlation
-------------------
Genetic Correlation: -0.7019 (0.1688)
Z-score: -4.158
P: 3.2104e-05

Computing rg for phenotype 21/60
Reading summary statistics from ../results/ldsc/face/munged/par24.sumstats.gz ...
Read summary statistics for 23709 SNPs.
After merging with summary statistics, 4516 SNPs remain.
4516 SNPs with valid alleles.
WARNING: number of SNPs less than 200k; this is almost always bad.

Heritability of phenotype 21/60
-------------------------------
Total Observed scale h2: 994.0827 (271.9749)
Lambda GC: 2048.6617
Mean Chi^2: 1183.2827
Intercept: 856.8808 (64.0079)
Ratio: 0.7239 (0.0541)

Genetic Covariance
------------------
Total Observed scale gencov: -17.6695 (5.5074)
Mean z1*z2: -18.1495
Intercept: -10.0121 (2.0936)

Genetic Correlation
-------------------
Genetic Correlation: -0.6918 (0.1614)
Z-score: -4.2862
P: 1.8175e-05

Computing rg for phenotype 22/60
Reading summary statistics from ../results/ldsc/face/munged/par25.sumstats.gz ...
Read summary statistics for 23709 SNPs.
After merging with summary statistics, 4516 SNPs remain.
4516 SNPs with valid alleles.
WARNING: number of SNPs less than 200k; this is almost always bad.

Heritability of phenotype 22/60
-------------------------------
Total Observed scale h2: 1220.427 (401.4288)
Lambda GC: 1633.7639
Mean Chi^2: 1135.0371
Intercept: 732.9049 (75.7544)
Ratio: 0.6454 (0.0668)

Genetic Covariance
------------------
Total Observed scale gencov: -19.2742 (5.4859)
Mean z1*z2: -18.8213
Intercept: -10.0736 (2.1003)

Genetic Correlation
-------------------
Genetic Correlation: -0.681 (0.1423)
Z-score: -4.7873
P: 1.6907e-06

Computing rg for phenotype 23/60
Reading summary statistics from ../results/ldsc/face/munged/par26.sumstats.gz ...
Read summary statistics for 23709 SNPs.
After merging with summary statistics, 4516 SNPs remain.
4516 SNPs with valid alleles.
WARNING: number of SNPs less than 200k; this is almost always bad.

Heritability of phenotype 23/60
-------------------------------
Total Observed scale h2: 4354.4284 (1279.7852)
Lambda GC: 2366.9794
Mean Chi^2: 2138.0847
Intercept: 704.0707 (180.0066)
Ratio: 0.329 (0.0842)

Genetic Covariance
------------------
Total Observed scale gencov: -23.9816 (6.9931)
Mean z1*z2: -22.6076
Intercept: -11.6961 (2.4564)

Genetic Correlation
-------------------
Genetic Correlation: -0.4486 (0.1075)
Z-score: -4.1742
P: 2.9898e-05

Computing rg for phenotype 24/60
Reading summary statistics from ../results/ldsc/face/munged/par27.sumstats.gz ...
Read summary statistics for 23709 SNPs.
After merging with summary statistics, 4516 SNPs remain.
4516 SNPs with valid alleles.
WARNING: number of SNPs less than 200k; this is almost always bad.

Heritability of phenotype 24/60
-------------------------------
Total Observed scale h2: 2068.0583 (868.0033)
Lambda GC: 1551.1887
Mean Chi^2: 1423.6224
Intercept: 744.1247 (148.4681)
Ratio: 0.5224 (0.1044)

Genetic Covariance
------------------
Total Observed scale gencov: -18.7226 (5.9743)
Mean z1*z2: -19.0594
Intercept: -10.6638 (2.125)

Genetic Correlation
-------------------
Genetic Correlation: -0.5082 (0.1498)
Z-score: -3.3931
P: 0.0007

Computing rg for phenotype 25/60
Reading summary statistics from ../results/ldsc/face/munged/par28.sumstats.gz ...
Read summary statistics for 23709 SNPs.
After merging with summary statistics, 4516 SNPs remain.
4516 SNPs with valid alleles.
WARNING: number of SNPs less than 200k; this is almost always bad.

Heritability of phenotype 25/60
-------------------------------
Total Observed scale h2: 299.6879 (201.3091)
Lambda GC: 1655.9128
Mean Chi^2: 1068.7339
Intercept: 970.5004 (94.9007)
Ratio: 0.908 (0.0889)

Genetic Covariance
------------------
Total Observed scale gencov: -13.7924 (4.6391)
Mean z1*z2: -16.6365
Intercept: -10.2821 (1.8952)

Genetic Correlation
-------------------
Genetic Correlation: -0.9835 (0.3416)
Z-score: -2.8786
P: 0.004

Computing rg for phenotype 26/60
Reading summary statistics from ../results/ldsc/face/munged/par29.sumstats.gz ...
Read summary statistics for 23709 SNPs.
After merging with summary statistics, 4516 SNPs remain.
4516 SNPs with valid alleles.
WARNING: number of SNPs less than 200k; this is almost always bad.

Heritability of phenotype 26/60
-------------------------------
Total Observed scale h2: 671.6717 (229.7232)
Lambda GC: 1818.2769
Mean Chi^2: 1121.4462
Intercept: 901.698 (61.4245)
Ratio: 0.8039 (0.0548)

Genetic Covariance
------------------
Total Observed scale gencov: -14.9251 (4.633)
Mean z1*z2: -16.935
Intercept: -10.247 (1.8271)

Genetic Correlation
-------------------
Genetic Correlation: -0.7109 (0.1667)
Z-score: -4.264
P: 2.0084e-05

Computing rg for phenotype 27/60
Reading summary statistics from ../results/ldsc/face/munged/par30.sumstats.gz ...
Read summary statistics for 23709 SNPs.
After merging with summary statistics, 4516 SNPs remain.
4516 SNPs with valid alleles.
WARNING: number of SNPs less than 200k; this is almost always bad.

Heritability of phenotype 27/60
-------------------------------
Total Observed scale h2: 1490.134 (420.5297)
Lambda GC: 4215.8537
Mean Chi^2: 2406.3902
Intercept: 1916.9861 (129.7182)
Ratio: 0.7965 (0.0539)

Genetic Covariance
------------------
Total Observed scale gencov: -24.3835 (7.854)
Mean z1*z2: -26.265
Intercept: -15.0295 (3.0364)

Genetic Correlation
-------------------
Genetic Correlation: -0.7797 (0.1616)
Z-score: -4.8238
P: 1.4085e-06

Computing rg for phenotype 28/60
Reading summary statistics from ../results/ldsc/face/munged/par31.sumstats.gz ...
Read summary statistics for 23709 SNPs.
After merging with summary statistics, 4516 SNPs remain.
4516 SNPs with valid alleles.
WARNING: number of SNPs less than 200k; this is almost always bad.

Heritability of phenotype 28/60
-------------------------------
Total Observed scale h2: 341.1526 (271.0225)
Lambda GC: 2135.0902
Mean Chi^2: 1317.5964
Intercept: 1206.2459 (79.3791)
Ratio: 0.9154 (0.0603)

Genetic Covariance
------------------
Total Observed scale gencov: -14.4324 (5.5703)
Mean z1*z2: -18.9448
Intercept: -12.6233 (2.2948)

Genetic Correlation
-------------------
Genetic Correlation: -0.9645 (0.3997)
Z-score: -2.4132
P: 0.0158

Computing rg for phenotype 29/60
Reading summary statistics from ../results/ldsc/face/munged/par32.sumstats.gz ...
Read summary statistics for 23709 SNPs.
After merging with summary statistics, 4516 SNPs remain.
4516 SNPs with valid alleles.
WARNING: number of SNPs less than 200k; this is almost always bad.

Heritability of phenotype 29/60
-------------------------------
Total Observed scale h2: -132.9276 (150.9723)
Lambda GC: 232.4382
Mean Chi^2: 183.7454
Intercept: 228.0025 (64.8922)
Ratio: 1.2422 (0.3551)

Genetic Covariance
------------------
Total Observed scale gencov: -7.1264 (2.7064)
Mean z1*z2: -7.256
Intercept: -3.8843 (1.1852)

Genetic Correlation
-------------------
Genetic Correlation: nan (nan) (h2  out of bounds) 
Z-score: nan (nan) (h2  out of bounds)
P: nan (nan) (h2  out of bounds)
WARNING: One of the h2's was out of bounds.
This usually indicates a data-munging error or that h2 or N is low.

Computing rg for phenotype 30/60
Reading summary statistics from ../results/ldsc/face/munged/par33.sumstats.gz ...
Read summary statistics for 23709 SNPs.
After merging with summary statistics, 4516 SNPs remain.
4516 SNPs with valid alleles.
WARNING: number of SNPs less than 200k; this is almost always bad.
ERROR computing rg for phenotype 30/60, from file ../results/ldsc/face/munged/par33.sumstats.gz.
Traceback (most recent call last):
  File "/usr/local/micapollo01/MIC/DATA/STUDENTS/vlemon0/code/python/ldsc/ldscore/sumstats.py", line 410, in estimate_rg
    rghat = _rg(loop, args, log, M_annot, ref_ld_cnames, w_ld_cname, i)
  File "/usr/local/micapollo01/MIC/DATA/STUDENTS/vlemon0/code/python/ldsc/ldscore/sumstats.py", line 539, in _rg
    intercept_gencov=intercepts[2], n_blocks=n_blocks, twostep=args.two_step)
  File "/usr/local/micapollo01/MIC/DATA/STUDENTS/vlemon0/code/python/ldsc/ldscore/regressions.py", line 705, in __init__
    np.multiply(hsq1.tot_delete_values, hsq2.tot_delete_values))
FloatingPointError: invalid value encountered in sqrt


Computing rg for phenotype 31/60
Reading summary statistics from ../results/ldsc/face/munged/par34.sumstats.gz ...
Read summary statistics for 23709 SNPs.
After merging with summary statistics, 4516 SNPs remain.
4516 SNPs with valid alleles.
WARNING: number of SNPs less than 200k; this is almost always bad.

Heritability of phenotype 31/60
-------------------------------
Total Observed scale h2: 250.1877 (179.1948)
Lambda GC: 595.2999
Mean Chi^2: 494.6211
Intercept: 412.5015 (49.1215)
Ratio: 0.8336 (0.0995)

Genetic Covariance
------------------
Total Observed scale gencov: -17.9094 (4.306)
Mean z1*z2: -13.0037
Intercept: -4.7514 (1.4131)

Genetic Correlation
-------------------
Genetic Correlation: nan (nan) (rg out of bounds) 
Z-score: nan (nan) (rg out of bounds)
P: nan (nan) (rg out of bounds)
WARNING: rg was out of bounds.
This often means that h2 is not significantly different from zero.

Computing rg for phenotype 32/60
Reading summary statistics from ../results/ldsc/face/munged/par35.sumstats.gz ...
Read summary statistics for 23709 SNPs.
After merging with summary statistics, 4516 SNPs remain.
4516 SNPs with valid alleles.
WARNING: number of SNPs less than 200k; this is almost always bad.

Heritability of phenotype 32/60
-------------------------------
Total Observed scale h2: 43.6295 (61.2086)
Lambda GC: 256.0601
Mean Chi^2: 191.4652
Intercept: 177.2331 (18.8755)
Ratio: 0.9253 (0.0991)

Genetic Covariance
------------------
Total Observed scale gencov: -8.1262 (2.5497)
Mean z1*z2: -7.6097
Intercept: -3.8239 (0.8867)

Genetic Correlation
-------------------
Genetic Correlation: nan (nan) (rg out of bounds) 
Z-score: nan (nan) (rg out of bounds)
P: nan (nan) (rg out of bounds)
WARNING: rg was out of bounds.
This often means that h2 is not significantly different from zero.

Computing rg for phenotype 33/60
Reading summary statistics from ../results/ldsc/face/munged/par36.sumstats.gz ...
Read summary statistics for 23709 SNPs.
After merging with summary statistics, 4516 SNPs remain.
4516 SNPs with valid alleles.
WARNING: number of SNPs less than 200k; this is almost always bad.

Heritability of phenotype 33/60
-------------------------------
Total Observed scale h2: 207.9108 (213.7603)
Lambda GC: 378.5827
Mean Chi^2: 417.5526
Intercept: 349.9741 (60.0091)
Ratio: 0.8378 (0.1441)

Genetic Covariance
------------------
Total Observed scale gencov: -16.23 (4.1956)
Mean z1*z2: -11.6126
Intercept: -4.1127 (1.3972)

Genetic Correlation
-------------------
Genetic Correlation: nan (nan) (rg out of bounds) 
Z-score: nan (nan) (rg out of bounds)
P: nan (nan) (rg out of bounds)
WARNING: rg was out of bounds.
This often means that h2 is not significantly different from zero.

Computing rg for phenotype 34/60
Reading summary statistics from ../results/ldsc/face/munged/par37.sumstats.gz ...
Read summary statistics for 23709 SNPs.
After merging with summary statistics, 4516 SNPs remain.
4516 SNPs with valid alleles.
WARNING: number of SNPs less than 200k; this is almost always bad.

Heritability of phenotype 34/60
-------------------------------
Total Observed scale h2: 639.8179 (268.84)
Lambda GC: 688.5103
Mean Chi^2: 587.7147
Intercept: 377.477 (39.2361)
Ratio: 0.6417 (0.0669)

Genetic Covariance
------------------
Total Observed scale gencov: -17.2149 (4.3533)
Mean z1*z2: -13.1719
Intercept: -5.3284 (1.4302)

Genetic Correlation
-------------------
Genetic Correlation: -0.8401 (0.1533)
Z-score: -5.4808
P: 4.2339e-08

Computing rg for phenotype 35/60
Reading summary statistics from ../results/ldsc/face/munged/par38.sumstats.gz ...
Read summary statistics for 23709 SNPs.
After merging with summary statistics, 4516 SNPs remain.
4516 SNPs with valid alleles.
WARNING: number of SNPs less than 200k; this is almost always bad.

Heritability of phenotype 35/60
-------------------------------
Total Observed scale h2: 313.1445 (142.6201)
Lambda GC: 613.3596
Mean Chi^2: 497.897
Intercept: 393.1703 (33.8729)
Ratio: 0.7892 (0.0682)

Genetic Covariance
------------------
Total Observed scale gencov: -12.0232 (3.7597)
Mean z1*z2: -11.7944
Intercept: -6.4687 (1.3812)

Genetic Correlation
-------------------
Genetic Correlation: -0.8387 (0.1618)
Z-score: -5.1847
P: 2.1637e-07

Computing rg for phenotype 36/60
Reading summary statistics from ../results/ldsc/face/munged/par39.sumstats.gz ...
Read summary statistics for 23709 SNPs.
After merging with summary statistics, 4516 SNPs remain.
4516 SNPs with valid alleles.
WARNING: number of SNPs less than 200k; this is almost always bad.

Heritability of phenotype 36/60
-------------------------------
Total Observed scale h2: -44.5454 (88.1562)
Lambda GC: 440.4853
Mean Chi^2: 296.4733
Intercept: 311.0885 (37.1111)
Ratio: 1.0495 (0.1256)

Genetic Covariance
------------------
Total Observed scale gencov: -8.8518 (2.921)
Mean z1*z2: -9.2433
Intercept: -5.2514 (1.1921)

Genetic Correlation
-------------------
Genetic Correlation: nan (nan) (h2  out of bounds) 
Z-score: nan (nan) (h2  out of bounds)
P: nan (nan) (h2  out of bounds)
WARNING: One of the h2's was out of bounds.
This usually indicates a data-munging error or that h2 or N is low.

Computing rg for phenotype 37/60
Reading summary statistics from ../results/ldsc/face/munged/par40.sumstats.gz ...
Read summary statistics for 23709 SNPs.
After merging with summary statistics, 4516 SNPs remain.
4516 SNPs with valid alleles.
WARNING: number of SNPs less than 200k; this is almost always bad.

Heritability of phenotype 37/60
-------------------------------
Total Observed scale h2: 419.1778 (149.9029)
Lambda GC: 192.7874
Mean Chi^2: 273.2123
Intercept: 135.7977 (33.8777)
Ratio: 0.4952 (0.1245)

Genetic Covariance
------------------
Total Observed scale gencov: -9.2176 (3.0994)
Mean z1*z2: -7.9248
Intercept: -3.4658 (0.9815)

Genetic Correlation
-------------------
Genetic Correlation: -0.5557 (0.1373)
Z-score: -4.049
P: 5.1429e-05

Computing rg for phenotype 38/60
Reading summary statistics from ../results/ldsc/face/munged/par41.sumstats.gz ...
Read summary statistics for 23709 SNPs.
After merging with summary statistics, 4516 SNPs remain.
4516 SNPs with valid alleles.
WARNING: number of SNPs less than 200k; this is almost always bad.

Heritability of phenotype 38/60
-------------------------------
Total Observed scale h2: 250.8132 (102.9214)
Lambda GC: 225.0113
Mean Chi^2: 237.2534
Intercept: 154.5146 (20.7803)
Ratio: 0.6498 (0.088)

Genetic Covariance
------------------
Total Observed scale gencov: -10.2036 (3.2324)
Mean z1*z2: -8.4175
Intercept: -3.4709 (1.01)

Genetic Correlation
-------------------
Genetic Correlation: -0.7953 (0.123)
Z-score: -6.4641
P: 1.0194e-10

Computing rg for phenotype 39/60
Reading summary statistics from ../results/ldsc/face/munged/par42.sumstats.gz ...
Read summary statistics for 23709 SNPs.
After merging with summary statistics, 4516 SNPs remain.
4516 SNPs with valid alleles.
WARNING: number of SNPs less than 200k; this is almost always bad.

Heritability of phenotype 39/60
-------------------------------
Total Observed scale h2: 472.8453 (107.5695)
Lambda GC: 498.35
Mean Chi^2: 370.1824
Intercept: 214.5643 (31.4315)
Ratio: 0.5785 (0.0851)

Genetic Covariance
------------------
Total Observed scale gencov: -12.2241 (3.8243)
Mean z1*z2: -11.1741
Intercept: -5.3217 (1.3993)

Genetic Correlation
-------------------
Genetic Correlation: -0.6939 (0.1163)
Z-score: -5.9652
P: 2.4438e-09

Computing rg for phenotype 40/60
Reading summary statistics from ../results/ldsc/face/munged/par43.sumstats.gz ...
Read summary statistics for 23709 SNPs.
After merging with summary statistics, 4516 SNPs remain.
4516 SNPs with valid alleles.
WARNING: number of SNPs less than 200k; this is almost always bad.

Heritability of phenotype 40/60
-------------------------------
Total Observed scale h2: 292.2558 (109.8534)
Lambda GC: 484.5873
Mean Chi^2: 387.3434
Intercept: 291.4761 (31.8212)
Ratio: 0.7519 (0.0824)

Genetic Covariance
------------------
Total Observed scale gencov: -12.0446 (3.6458)
Mean z1*z2: -10.4003
Intercept: -4.6907 (1.323)

Genetic Correlation
-------------------
Genetic Correlation: -0.8697 (0.1882)
Z-score: -4.6207
P: 3.8239e-06

Computing rg for phenotype 41/60
Reading summary statistics from ../results/ldsc/face/munged/par44.sumstats.gz ...
Read summary statistics for 23709 SNPs.
After merging with summary statistics, 4516 SNPs remain.
4516 SNPs with valid alleles.
WARNING: number of SNPs less than 200k; this is almost always bad.

Heritability of phenotype 41/60
-------------------------------
Total Observed scale h2: -407.181 (342.9761)
Lambda GC: 1437.5461
Mean Chi^2: 1216.7137
Intercept: 1350.3777 (145.1623)
Ratio: 1.1099 (0.1194)

Genetic Covariance
------------------
Total Observed scale gencov: -14.7696 (5.1937)
Mean z1*z2: -15.662
Intercept: -8.967 (2.0919)

Genetic Correlation
-------------------
Genetic Correlation: nan (nan) (h2  out of bounds) 
Z-score: nan (nan) (h2  out of bounds)
P: nan (nan) (h2  out of bounds)
WARNING: One of the h2's was out of bounds.
This usually indicates a data-munging error or that h2 or N is low.

Computing rg for phenotype 42/60
Reading summary statistics from ../results/ldsc/face/munged/par45.sumstats.gz ...
Read summary statistics for 23709 SNPs.
After merging with summary statistics, 4516 SNPs remain.
4516 SNPs with valid alleles.
WARNING: number of SNPs less than 200k; this is almost always bad.
ERROR computing rg for phenotype 42/60, from file ../results/ldsc/face/munged/par45.sumstats.gz.
Traceback (most recent call last):
  File "/usr/local/micapollo01/MIC/DATA/STUDENTS/vlemon0/code/python/ldsc/ldscore/sumstats.py", line 410, in estimate_rg
    rghat = _rg(loop, args, log, M_annot, ref_ld_cnames, w_ld_cname, i)
  File "/usr/local/micapollo01/MIC/DATA/STUDENTS/vlemon0/code/python/ldsc/ldscore/sumstats.py", line 539, in _rg
    intercept_gencov=intercepts[2], n_blocks=n_blocks, twostep=args.two_step)
  File "/usr/local/micapollo01/MIC/DATA/STUDENTS/vlemon0/code/python/ldsc/ldscore/regressions.py", line 705, in __init__
    np.multiply(hsq1.tot_delete_values, hsq2.tot_delete_values))
FloatingPointError: invalid value encountered in sqrt


Computing rg for phenotype 43/60
Reading summary statistics from ../results/ldsc/face/munged/par46.sumstats.gz ...
Read summary statistics for 23709 SNPs.
After merging with summary statistics, 4516 SNPs remain.
4516 SNPs with valid alleles.
WARNING: number of SNPs less than 200k; this is almost always bad.

Heritability of phenotype 43/60
-------------------------------
Total Observed scale h2: 782.6201 (249.7989)
Lambda GC: 242.6292
Mean Chi^2: 379.3345
Intercept: 121.932 (40.7408)
Ratio: 0.3196 (0.1077)

Genetic Covariance
------------------
Total Observed scale gencov: -12.3159 (3.6652)
Mean z1*z2: -8.6898
Intercept: -2.6941 (1.0551)

Genetic Correlation
-------------------
Genetic Correlation: -0.5434 (0.1269)
Z-score: -4.283
P: 1.8438e-05

Computing rg for phenotype 44/60
Reading summary statistics from ../results/ldsc/face/munged/par47.sumstats.gz ...
Read summary statistics for 23709 SNPs.
After merging with summary statistics, 4516 SNPs remain.
4516 SNPs with valid alleles.
WARNING: number of SNPs less than 200k; this is almost always bad.

Heritability of phenotype 44/60
-------------------------------
Total Observed scale h2: 244.8136 (159.459)
Lambda GC: 411.5578
Mean Chi^2: 428.6027
Intercept: 347.459 (40.9504)
Ratio: 0.8102 (0.0958)

Genetic Covariance
------------------
Total Observed scale gencov: -15.089 (4.1641)
Mean z1*z2: -11.4473
Intercept: -4.335 (1.4332)

Genetic Correlation
-------------------
Genetic Correlation: -1.1904 (0.3026)
Z-score: -3.9338
P: 8.3618e-05

Computing rg for phenotype 45/60
Reading summary statistics from ../results/ldsc/face/munged/par48.sumstats.gz ...
Read summary statistics for 23709 SNPs.
After merging with summary statistics, 4516 SNPs remain.
4516 SNPs with valid alleles.
WARNING: number of SNPs less than 200k; this is almost always bad.

Heritability of phenotype 45/60
-------------------------------
Total Observed scale h2: 585.034 (201.9058)
Lambda GC: 1095.9332
Mean Chi^2: 699.6663
Intercept: 508.0267 (43.8345)
Ratio: 0.7257 (0.0627)

Genetic Covariance
------------------
Total Observed scale gencov: -15.4417 (4.3939)
Mean z1*z2: -14.389
Intercept: -7.3029 (1.5775)

Genetic Correlation
-------------------
Genetic Correlation: -0.7881 (0.1647)
Z-score: -4.7842
P: 1.7163e-06

Computing rg for phenotype 46/60
Reading summary statistics from ../results/ldsc/face/munged/par49.sumstats.gz ...
Read summary statistics for 23709 SNPs.
After merging with summary statistics, 4516 SNPs remain.
4516 SNPs with valid alleles.
WARNING: number of SNPs less than 200k; this is almost always bad.

Heritability of phenotype 46/60
-------------------------------
Total Observed scale h2: 436.7001 (85.005)
Lambda GC: 750.9567
Mean Chi^2: 469.6141
Intercept: 325.8699 (25.4643)
Ratio: 0.6933 (0.0543)

Genetic Covariance
------------------
Total Observed scale gencov: -11.3108 (3.3684)
Mean z1*z2: -11.172
Intercept: -5.8777 (1.3223)

Genetic Correlation
-------------------
Genetic Correlation: -0.6681 (0.1511)
Z-score: -4.4216
P: 9.7980e-06

Computing rg for phenotype 47/60
Reading summary statistics from ../results/ldsc/face/munged/par50.sumstats.gz ...
Read summary statistics for 23709 SNPs.
After merging with summary statistics, 4516 SNPs remain.
4516 SNPs with valid alleles.
WARNING: number of SNPs less than 200k; this is almost always bad.

Heritability of phenotype 47/60
-------------------------------
Total Observed scale h2: 515.2379 (139.9075)
Lambda GC: 990.2006
Mean Chi^2: 666.7886
Intercept: 497.0753 (32.2982)
Ratio: 0.7451 (0.0485)

Genetic Covariance
------------------
Total Observed scale gencov: -14.6189 (4.2316)
Mean z1*z2: -14.7387
Intercept: -8.106 (1.6185)

Genetic Correlation
-------------------
Genetic Correlation: -0.795 (0.1557)
Z-score: -5.106
P: 3.2906e-07

Computing rg for phenotype 48/60
Reading summary statistics from ../results/ldsc/face/munged/par51.sumstats.gz ...
Read summary statistics for 23709 SNPs.
After merging with summary statistics, 4516 SNPs remain.
4516 SNPs with valid alleles.
WARNING: number of SNPs less than 200k; this is almost always bad.

Heritability of phenotype 48/60
-------------------------------
Total Observed scale h2: 1075.8787 (444.015)
Lambda GC: 1037.4832
Mean Chi^2: 883.6059
Intercept: 529.5034 (71.6465)
Ratio: 0.5988 (0.0812)

Genetic Covariance
------------------
Total Observed scale gencov: -16.9967 (4.8883)
Mean z1*z2: -15.8101
Intercept: -8.0824 (1.774)

Genetic Correlation
-------------------
Genetic Correlation: -0.6396 (0.1588)
Z-score: -4.0273
P: 5.6426e-05

Computing rg for phenotype 49/60
Reading summary statistics from ../results/ldsc/face/munged/par52.sumstats.gz ...
Read summary statistics for 23709 SNPs.
After merging with summary statistics, 4516 SNPs remain.
4516 SNPs with valid alleles.
WARNING: number of SNPs less than 200k; this is almost always bad.

Heritability of phenotype 49/60
-------------------------------
Total Observed scale h2: 593.0693 (80.9802)
Lambda GC: 561.6712
Mean Chi^2: 396.7229
Intercept: 201.0372 (16.7887)
Ratio: 0.5055 (0.0424)

Genetic Covariance
------------------
Total Observed scale gencov: -10.5484 (2.7762)
Mean z1*z2: -10.0182
Intercept: -5.2126 (1.0556)

Genetic Correlation
-------------------
Genetic Correlation: -0.5347 (0.1036)
Z-score: -5.16
P: 2.4700e-07

Computing rg for phenotype 50/60
Reading summary statistics from ../results/ldsc/face/munged/par53.sumstats.gz ...
Read summary statistics for 23709 SNPs.
After merging with summary statistics, 4516 SNPs remain.
4516 SNPs with valid alleles.
WARNING: number of SNPs less than 200k; this is almost always bad.

Heritability of phenotype 50/60
-------------------------------
Total Observed scale h2: 3403.0963 (1391.5985)
Lambda GC: 1058.6511
Mean Chi^2: 1617.8467
Intercept: 498.2963 (208.5673)
Ratio: 0.3076 (0.129)

Genetic Covariance
------------------
Total Observed scale gencov: -20.9122 (6.1437)
Mean z1*z2: -18.6469
Intercept: -9.2066 (2.0889)

Genetic Correlation
-------------------
Genetic Correlation: -0.4425 (0.1299)
Z-score: -3.4063
P: 0.0007

Computing rg for phenotype 51/60
Reading summary statistics from ../results/ldsc/face/munged/par54.sumstats.gz ...
Read summary statistics for 23709 SNPs.
After merging with summary statistics, 4516 SNPs remain.
4516 SNPs with valid alleles.
WARNING: number of SNPs less than 200k; this is almost always bad.

Heritability of phenotype 51/60
-------------------------------
Total Observed scale h2: 1845.5246 (770.4374)
Lambda GC: 1358.7829
Mean Chi^2: 1315.2603
Intercept: 708.7227 (148.4221)
Ratio: 0.5385 (0.1129)

Genetic Covariance
------------------
Total Observed scale gencov: -19.3859 (5.7194)
Mean z1*z2: -17.9669
Intercept: -9.3457 (2.017)

Genetic Correlation
-------------------
Genetic Correlation: -0.557 (0.1528)
Z-score: -3.6458
P: 0.0003

Computing rg for phenotype 52/60
Reading summary statistics from ../results/ldsc/face/munged/par55.sumstats.gz ...
Read summary statistics for 23709 SNPs.
After merging with summary statistics, 4516 SNPs remain.
4516 SNPs with valid alleles.
WARNING: number of SNPs less than 200k; this is almost always bad.

Heritability of phenotype 52/60
-------------------------------
Total Observed scale h2: 516.4168 (193.29)
Lambda GC: 613.8569
Mean Chi^2: 487.0666
Intercept: 317.3395 (38.5529)
Ratio: 0.6508 (0.0793)

Genetic Covariance
------------------
Total Observed scale gencov: -9.2737 (3.3169)
Mean z1*z2: -11.1708
Intercept: -7.0275 (1.3175)

Genetic Correlation
-------------------
Genetic Correlation: -0.5037 (0.1536)
Z-score: -3.2788
P: 0.001

Computing rg for phenotype 53/60
Reading summary statistics from ../results/ldsc/face/munged/par56.sumstats.gz ...
Read summary statistics for 23709 SNPs.
After merging with summary statistics, 4516 SNPs remain.
4516 SNPs with valid alleles.
WARNING: number of SNPs less than 200k; this is almost always bad.

Heritability of phenotype 53/60
-------------------------------
Total Observed scale h2: 196.4431 (168.3646)
Lambda GC: 755.9374
Mean Chi^2: 545.6178
Intercept: 481.5726 (73.5289)
Ratio: 0.8824 (0.135)

Genetic Covariance
------------------
Total Observed scale gencov: -10.6509 (3.3277)
Mean z1*z2: -11.7324
Intercept: -6.8721 (1.4694)

Genetic Correlation
-------------------
Genetic Correlation: -0.938 (0.3544)
Z-score: -2.6471
P: 0.0081

Computing rg for phenotype 54/60
Reading summary statistics from ../results/ldsc/face/munged/par57.sumstats.gz ...
Read summary statistics for 23709 SNPs.
After merging with summary statistics, 4516 SNPs remain.
4516 SNPs with valid alleles.
WARNING: number of SNPs less than 200k; this is almost always bad.

Heritability of phenotype 54/60
-------------------------------
Total Observed scale h2: 436.5734 (149.017)
Lambda GC: 1191.8378
Mean Chi^2: 820.8143
Intercept: 677.4032 (64.1943)
Ratio: 0.8251 (0.0783)

Genetic Covariance
------------------
Total Observed scale gencov: -12.0043 (4.0274)
Mean z1*z2: -14.154
Intercept: -8.6509 (1.6181)

Genetic Correlation
-------------------
Genetic Correlation: -0.7092 (0.1704)
Z-score: -4.1615
P: 3.1619e-05

Computing rg for phenotype 55/60
Reading summary statistics from ../results/ldsc/face/munged/par58.sumstats.gz ...
Read summary statistics for 23709 SNPs.
After merging with summary statistics, 4516 SNPs remain.
4516 SNPs with valid alleles.
WARNING: number of SNPs less than 200k; this is almost always bad.

Heritability of phenotype 55/60
-------------------------------
Total Observed scale h2: 172.7402 (89.5384)
Lambda GC: 523.7046
Mean Chi^2: 350.9299
Intercept: 294.5414 (32.8869)
Ratio: 0.8389 (0.094)

Genetic Covariance
------------------
Total Observed scale gencov: -6.758 (2.8472)
Mean z1*z2: -9.1769
Intercept: -6.1883 (1.1693)

Genetic Correlation
-------------------
Genetic Correlation: -0.6347 (0.2222)
Z-score: -2.8563
P: 0.0043

Computing rg for phenotype 56/60
Reading summary statistics from ../results/ldsc/face/munged/par59.sumstats.gz ...
Read summary statistics for 23709 SNPs.
After merging with summary statistics, 4516 SNPs remain.
4516 SNPs with valid alleles.
WARNING: number of SNPs less than 200k; this is almost always bad.

Heritability of phenotype 56/60
-------------------------------
Total Observed scale h2: 344.4194 (109.5642)
Lambda GC: 596.9792
Mean Chi^2: 465.8806
Intercept: 352.9483 (35.2752)
Ratio: 0.7571 (0.0759)

Genetic Covariance
------------------
Total Observed scale gencov: -9.0418 (2.8408)
Mean z1*z2: -10.3933
Intercept: -6.3439 (1.1213)

Genetic Correlation
-------------------
Genetic Correlation: -0.6014 (0.1386)
Z-score: -4.3377
P: 1.4397e-05

Computing rg for phenotype 57/60
Reading summary statistics from ../results/ldsc/face/munged/par60.sumstats.gz ...
Read summary statistics for 23709 SNPs.
After merging with summary statistics, 4516 SNPs remain.
4516 SNPs with valid alleles.
WARNING: number of SNPs less than 200k; this is almost always bad.

Heritability of phenotype 57/60
-------------------------------
Total Observed scale h2: 930.724 (265.6653)
Lambda GC: 2554.3797
Mean Chi^2: 1498.6522
Intercept: 1192.1584 (79.1636)
Ratio: 0.7954 (0.0529)

Genetic Covariance
------------------
Total Observed scale gencov: -21.3179 (6.3464)
Mean z1*z2: -21.0528
Intercept: -11.1866 (2.3509)

Genetic Correlation
-------------------
Genetic Correlation: -0.8626 (0.1554)
Z-score: -5.5505
P: 2.8485e-08

Computing rg for phenotype 58/60
Reading summary statistics from ../results/ldsc/face/munged/par61.sumstats.gz ...
Read summary statistics for 23709 SNPs.
After merging with summary statistics, 4516 SNPs remain.
4516 SNPs with valid alleles.
WARNING: number of SNPs less than 200k; this is almost always bad.

Heritability of phenotype 58/60
-------------------------------
Total Observed scale h2: 799.0379 (238.1486)
Lambda GC: 1645.5726
Mean Chi^2: 1012.6904
Intercept: 749.8808 (57.7849)
Ratio: 0.7402 (0.0571)

Genetic Covariance
------------------
Total Observed scale gencov: -17.6371 (5.3237)
Mean z1*z2: -17.2097
Intercept: -9.0205 (1.9608)

Genetic Correlation
-------------------
Genetic Correlation: -0.7702 (0.1418)
Z-score: -5.4327
P: 5.5496e-08

Computing rg for phenotype 59/60
Reading summary statistics from ../results/ldsc/face/munged/par62.sumstats.gz ...
Read summary statistics for 23709 SNPs.
After merging with summary statistics, 4516 SNPs remain.
4516 SNPs with valid alleles.
WARNING: number of SNPs less than 200k; this is almost always bad.

Heritability of phenotype 59/60
-------------------------------
Total Observed scale h2: 88.9275 (181.0243)
Lambda GC: 1394.423
Mean Chi^2: 856.3814
Intercept: 827.6596 (56.506)
Ratio: 0.9664 (0.0661)

Genetic Covariance
------------------
Total Observed scale gencov: -13.8647 (4.4977)
Mean z1*z2: -15.6416
Intercept: -9.514 (1.8132)

Genetic Correlation
-------------------
Genetic Correlation: nan (nan) (rg out of bounds) 
Z-score: nan (nan) (rg out of bounds)
P: nan (nan) (rg out of bounds)
WARNING: rg was out of bounds.
This often means that h2 is not significantly different from zero.

Computing rg for phenotype 60/60
Reading summary statistics from ../results/ldsc/face/munged/par63.sumstats.gz ...
Read summary statistics for 23709 SNPs.
After merging with summary statistics, 4516 SNPs remain.
4516 SNPs with valid alleles.
WARNING: number of SNPs less than 200k; this is almost always bad.

Heritability of phenotype 60/60
-------------------------------
Total Observed scale h2: 192.4694 (222.6075)
Lambda GC: 1823.7689
Mean Chi^2: 1100.1692
Intercept: 1037.3745 (62.9951)
Ratio: 0.9429 (0.0573)

Genetic Covariance
------------------
Total Observed scale gencov: -13.3615 (5.2275)
Mean z1*z2: -17.611
Intercept: -11.7294 (2.224)

Genetic Correlation
-------------------
Genetic Correlation: -1.1889 (0.9125)
Z-score: -1.3029
P: 0.1926


Summary of Genetic Correlation Results
                                                                               p1                                             p2      rg      se       z          p h2_obs h2_obs_se h2_int h2_int_se gcov_int gcov_int_se
 ../results/ldsc/STAGE00DATA/mean_imputed/not_subsampled/munged/par04.sumstats.gz  ../results/ldsc/face/munged/par05.sumstats.gz  -1.475  0.5832   -2.53    0.01141   1004     827.6   3704     265.2   -17.01       4.005
 ../results/ldsc/STAGE00DATA/mean_imputed/not_subsampled/munged/par04.sumstats.gz  ../results/ldsc/face/munged/par06.sumstats.gz -0.5898  0.1219  -4.839  1.302e-06   6417      1546   2732     277.4   -20.65       4.187
 ../results/ldsc/STAGE00DATA/mean_imputed/not_subsampled/munged/par04.sumstats.gz  ../results/ldsc/face/munged/par07.sumstats.gz -0.7186  0.1686  -4.262  2.029e-05   3426     971.4   4768     327.8    -24.8       4.693
 ../results/ldsc/STAGE00DATA/mean_imputed/not_subsampled/munged/par04.sumstats.gz  ../results/ldsc/face/munged/par08.sumstats.gz    -1.4  0.5434  -2.577   0.009977  300.2     315.8  690.8     111.9   -7.009       2.002
 ../results/ldsc/STAGE00DATA/mean_imputed/not_subsampled/munged/par04.sumstats.gz  ../results/ldsc/face/munged/par09.sumstats.gz -0.9127  0.1416  -6.444  1.165e-10   1121     347.1  925.1      70.1   -8.901        2.15
 ../results/ldsc/STAGE00DATA/mean_imputed/not_subsampled/munged/par04.sumstats.gz  ../results/ldsc/face/munged/par10.sumstats.gz  -0.877  0.1595  -5.497  3.866e-08  887.9     350.6  991.6     120.6   -9.671       2.387
 ../results/ldsc/STAGE00DATA/mean_imputed/not_subsampled/munged/par04.sumstats.gz  ../results/ldsc/face/munged/par11.sumstats.gz  -1.538  0.9977  -1.542     0.1231  770.1     967.9   3341     322.7   -14.68       3.586
 ../results/ldsc/STAGE00DATA/mean_imputed/not_subsampled/munged/par04.sumstats.gz  ../results/ldsc/face/munged/par12.sumstats.gz -0.6552   0.126  -5.202  1.972e-07   2033     498.4   1215     113.3   -13.09       2.747
 ../results/ldsc/STAGE00DATA/mean_imputed/not_subsampled/munged/par04.sumstats.gz  ../results/ldsc/face/munged/par13.sumstats.gz -0.4897  0.1115  -4.392  1.123e-05   5717      1579   1298     242.5   -15.29       3.115
 ../results/ldsc/STAGE00DATA/mean_imputed/not_subsampled/munged/par04.sumstats.gz  ../results/ldsc/face/munged/par14.sumstats.gz  -0.771  0.2022  -3.813  0.0001372  986.3     395.8   1824       158   -14.64       2.707
 ../results/ldsc/STAGE00DATA/mean_imputed/not_subsampled/munged/par04.sumstats.gz  ../results/ldsc/face/munged/par15.sumstats.gz -0.8638  0.2042  -4.229  2.348e-05   1900     736.6   3641     247.5   -21.69       4.181
 ../results/ldsc/STAGE00DATA/mean_imputed/not_subsampled/munged/par04.sumstats.gz  ../results/ldsc/face/munged/par16.sumstats.gz      NA      NA      NA         NA -65.75     90.36  193.8     39.18   -3.821       1.028
 ../results/ldsc/STAGE00DATA/mean_imputed/not_subsampled/munged/par04.sumstats.gz  ../results/ldsc/face/munged/par17.sumstats.gz  -1.336  0.4056  -3.293  0.0009909  246.7     182.4  414.7     53.71    -5.08       1.428
 ../results/ldsc/STAGE00DATA/mean_imputed/not_subsampled/munged/par04.sumstats.gz  ../results/ldsc/face/munged/par18.sumstats.gz -0.9997  0.2294  -4.358  1.315e-05  662.3     343.2  597.1     68.19   -6.657       1.871
 ../results/ldsc/STAGE00DATA/mean_imputed/not_subsampled/munged/par04.sumstats.gz  ../results/ldsc/face/munged/par19.sumstats.gz  -1.043  0.2535  -4.114  3.891e-05  308.3     162.2  614.3     50.81   -7.574       1.667
 ../results/ldsc/STAGE00DATA/mean_imputed/not_subsampled/munged/par04.sumstats.gz  ../results/ldsc/face/munged/par20.sumstats.gz -0.5854  0.1228  -4.766   1.88e-06  733.7     218.4  268.7     43.06   -4.871       1.321
 ../results/ldsc/STAGE00DATA/mean_imputed/not_subsampled/munged/par04.sumstats.gz  ../results/ldsc/face/munged/par21.sumstats.gz -0.8984  0.2136  -4.207  2.589e-05  444.8     241.3  648.6      92.9    -8.21       2.011
 ../results/ldsc/STAGE00DATA/mean_imputed/not_subsampled/munged/par04.sumstats.gz  ../results/ldsc/face/munged/par22.sumstats.gz      NA      NA      NA         NA -826.9     629.1   2684     256.1   -13.77       3.068
 ../results/ldsc/STAGE00DATA/mean_imputed/not_subsampled/munged/par04.sumstats.gz  ../results/ldsc/face/munged/par23.sumstats.gz -0.7019  0.1688  -4.158   3.21e-05   1152       506  582.7     88.67   -5.721       1.795
 ../results/ldsc/STAGE00DATA/mean_imputed/not_subsampled/munged/par04.sumstats.gz  ../results/ldsc/face/munged/par24.sumstats.gz -0.6918  0.1614  -4.286  1.817e-05  994.1       272  856.9     64.01   -10.01       2.094
 ../results/ldsc/STAGE00DATA/mean_imputed/not_subsampled/munged/par04.sumstats.gz  ../results/ldsc/face/munged/par25.sumstats.gz  -0.681  0.1423  -4.787  1.691e-06   1220     401.4  732.9     75.75   -10.07         2.1
 ../results/ldsc/STAGE00DATA/mean_imputed/not_subsampled/munged/par04.sumstats.gz  ../results/ldsc/face/munged/par26.sumstats.gz -0.4486  0.1075  -4.174   2.99e-05   4354      1280  704.1       180    -11.7       2.456
 ../results/ldsc/STAGE00DATA/mean_imputed/not_subsampled/munged/par04.sumstats.gz  ../results/ldsc/face/munged/par27.sumstats.gz -0.5082  0.1498  -3.393  0.0006911   2068       868  744.1     148.5   -10.66       2.125
 ../results/ldsc/STAGE00DATA/mean_imputed/not_subsampled/munged/par04.sumstats.gz  ../results/ldsc/face/munged/par28.sumstats.gz -0.9835  0.3416  -2.879   0.003994  299.7     201.3  970.5      94.9   -10.28       1.895
 ../results/ldsc/STAGE00DATA/mean_imputed/not_subsampled/munged/par04.sumstats.gz  ../results/ldsc/face/munged/par29.sumstats.gz -0.7109  0.1667  -4.264  2.008e-05  671.7     229.7  901.7     61.42   -10.25       1.827
 ../results/ldsc/STAGE00DATA/mean_imputed/not_subsampled/munged/par04.sumstats.gz  ../results/ldsc/face/munged/par30.sumstats.gz -0.7797  0.1616  -4.824  1.408e-06   1490     420.5   1917     129.7   -15.03       3.036
 ../results/ldsc/STAGE00DATA/mean_imputed/not_subsampled/munged/par04.sumstats.gz  ../results/ldsc/face/munged/par31.sumstats.gz -0.9645  0.3997  -2.413    0.01581  341.2       271   1206     79.38   -12.62       2.295
 ../results/ldsc/STAGE00DATA/mean_imputed/not_subsampled/munged/par04.sumstats.gz  ../results/ldsc/face/munged/par32.sumstats.gz      NA      NA      NA         NA -132.9       151    228     64.89   -3.884       1.185
 ../results/ldsc/STAGE00DATA/mean_imputed/not_subsampled/munged/par04.sumstats.gz  ../results/ldsc/face/munged/par33.sumstats.gz      NA      NA      NA         NA     NA        NA     NA        NA       NA          NA
 ../results/ldsc/STAGE00DATA/mean_imputed/not_subsampled/munged/par04.sumstats.gz  ../results/ldsc/face/munged/par34.sumstats.gz  -1.398  0.4099   -3.41  0.0006502  250.2     179.2  412.5     49.12   -4.751       1.413
 ../results/ldsc/STAGE00DATA/mean_imputed/not_subsampled/munged/par04.sumstats.gz  ../results/ldsc/face/munged/par35.sumstats.gz  -1.519    1.05  -1.446     0.1482  43.63     61.21  177.2     18.88   -3.824      0.8867
 ../results/ldsc/STAGE00DATA/mean_imputed/not_subsampled/munged/par04.sumstats.gz  ../results/ldsc/face/munged/par36.sumstats.gz  -1.389    0.69  -2.014    0.04404  207.9     213.8    350     60.01   -4.113       1.397
 ../results/ldsc/STAGE00DATA/mean_imputed/not_subsampled/munged/par04.sumstats.gz  ../results/ldsc/face/munged/par37.sumstats.gz -0.8401  0.1533  -5.481  4.234e-08  639.8     268.8  377.5     39.24   -5.328        1.43
 ../results/ldsc/STAGE00DATA/mean_imputed/not_subsampled/munged/par04.sumstats.gz  ../results/ldsc/face/munged/par38.sumstats.gz -0.8387  0.1618  -5.185  2.164e-07  313.1     142.6  393.2     33.87   -6.469       1.381
 ../results/ldsc/STAGE00DATA/mean_imputed/not_subsampled/munged/par04.sumstats.gz  ../results/ldsc/face/munged/par39.sumstats.gz      NA      NA      NA         NA -44.55     88.16  311.1     37.11   -5.251       1.192
 ../results/ldsc/STAGE00DATA/mean_imputed/not_subsampled/munged/par04.sumstats.gz  ../results/ldsc/face/munged/par40.sumstats.gz -0.5557  0.1373  -4.049  5.143e-05  419.2     149.9  135.8     33.88   -3.466      0.9815
 ../results/ldsc/STAGE00DATA/mean_imputed/not_subsampled/munged/par04.sumstats.gz  ../results/ldsc/face/munged/par41.sumstats.gz -0.7953   0.123  -6.464  1.019e-10  250.8     102.9  154.5     20.78   -3.471        1.01
 ../results/ldsc/STAGE00DATA/mean_imputed/not_subsampled/munged/par04.sumstats.gz  ../results/ldsc/face/munged/par42.sumstats.gz -0.6939  0.1163  -5.965  2.444e-09  472.8     107.6  214.6     31.43   -5.322       1.399
 ../results/ldsc/STAGE00DATA/mean_imputed/not_subsampled/munged/par04.sumstats.gz  ../results/ldsc/face/munged/par43.sumstats.gz -0.8697  0.1882  -4.621  3.824e-06  292.3     109.9  291.5     31.82   -4.691       1.323
 ../results/ldsc/STAGE00DATA/mean_imputed/not_subsampled/munged/par04.sumstats.gz  ../results/ldsc/face/munged/par44.sumstats.gz      NA      NA      NA         NA -407.2       343   1350     145.2   -8.967       2.092
 ../results/ldsc/STAGE00DATA/mean_imputed/not_subsampled/munged/par04.sumstats.gz  ../results/ldsc/face/munged/par45.sumstats.gz      NA      NA      NA         NA     NA        NA     NA        NA       NA          NA
 ../results/ldsc/STAGE00DATA/mean_imputed/not_subsampled/munged/par04.sumstats.gz  ../results/ldsc/face/munged/par46.sumstats.gz -0.5434  0.1269  -4.283  1.844e-05  782.6     249.8  121.9     40.74   -2.694       1.055
 ../results/ldsc/STAGE00DATA/mean_imputed/not_subsampled/munged/par04.sumstats.gz  ../results/ldsc/face/munged/par47.sumstats.gz   -1.19  0.3026  -3.934  8.362e-05  244.8     159.5  347.5     40.95   -4.335       1.433
 ../results/ldsc/STAGE00DATA/mean_imputed/not_subsampled/munged/par04.sumstats.gz  ../results/ldsc/face/munged/par48.sumstats.gz -0.7881  0.1647  -4.784  1.716e-06    585     201.9    508     43.83   -7.303       1.578
 ../results/ldsc/STAGE00DATA/mean_imputed/not_subsampled/munged/par04.sumstats.gz  ../results/ldsc/face/munged/par49.sumstats.gz -0.6681  0.1511  -4.422  9.798e-06  436.7        85  325.9     25.46   -5.878       1.322
 ../results/ldsc/STAGE00DATA/mean_imputed/not_subsampled/munged/par04.sumstats.gz  ../results/ldsc/face/munged/par50.sumstats.gz  -0.795  0.1557  -5.106  3.291e-07  515.2     139.9  497.1      32.3   -8.106       1.618
 ../results/ldsc/STAGE00DATA/mean_imputed/not_subsampled/munged/par04.sumstats.gz  ../results/ldsc/face/munged/par51.sumstats.gz -0.6396  0.1588  -4.027  5.643e-05   1076       444  529.5     71.65   -8.082       1.774
 ../results/ldsc/STAGE00DATA/mean_imputed/not_subsampled/munged/par04.sumstats.gz  ../results/ldsc/face/munged/par52.sumstats.gz -0.5347  0.1036   -5.16   2.47e-07  593.1     80.98    201     16.79   -5.213       1.056
 ../results/ldsc/STAGE00DATA/mean_imputed/not_subsampled/munged/par04.sumstats.gz  ../results/ldsc/face/munged/par53.sumstats.gz -0.4425  0.1299  -3.406  0.0006585   3403      1392  498.3     208.6   -9.207       2.089
 ../results/ldsc/STAGE00DATA/mean_imputed/not_subsampled/munged/par04.sumstats.gz  ../results/ldsc/face/munged/par54.sumstats.gz  -0.557  0.1528  -3.646  0.0002665   1846     770.4  708.7     148.4   -9.346       2.017
 ../results/ldsc/STAGE00DATA/mean_imputed/not_subsampled/munged/par04.sumstats.gz  ../results/ldsc/face/munged/par55.sumstats.gz -0.5037  0.1536  -3.279   0.001043  516.4     193.3  317.3     38.55   -7.027       1.317
 ../results/ldsc/STAGE00DATA/mean_imputed/not_subsampled/munged/par04.sumstats.gz  ../results/ldsc/face/munged/par56.sumstats.gz  -0.938  0.3544  -2.647   0.008119  196.4     168.4  481.6     73.53   -6.872       1.469
 ../results/ldsc/STAGE00DATA/mean_imputed/not_subsampled/munged/par04.sumstats.gz  ../results/ldsc/face/munged/par57.sumstats.gz -0.7092  0.1704  -4.161  3.162e-05  436.6       149  677.4     64.19   -8.651       1.618
 ../results/ldsc/STAGE00DATA/mean_imputed/not_subsampled/munged/par04.sumstats.gz  ../results/ldsc/face/munged/par58.sumstats.gz -0.6347  0.2222  -2.856   0.004286  172.7     89.54  294.5     32.89   -6.188       1.169
 ../results/ldsc/STAGE00DATA/mean_imputed/not_subsampled/munged/par04.sumstats.gz  ../results/ldsc/face/munged/par59.sumstats.gz -0.6014  0.1386  -4.338   1.44e-05  344.4     109.6  352.9     35.28   -6.344       1.121
 ../results/ldsc/STAGE00DATA/mean_imputed/not_subsampled/munged/par04.sumstats.gz  ../results/ldsc/face/munged/par60.sumstats.gz -0.8626  0.1554  -5.551  2.849e-08  930.7     265.7   1192     79.16   -11.19       2.351
 ../results/ldsc/STAGE00DATA/mean_imputed/not_subsampled/munged/par04.sumstats.gz  ../results/ldsc/face/munged/par61.sumstats.gz -0.7702  0.1418  -5.433   5.55e-08    799     238.1  749.9     57.78   -9.021       1.961
 ../results/ldsc/STAGE00DATA/mean_imputed/not_subsampled/munged/par04.sumstats.gz  ../results/ldsc/face/munged/par62.sumstats.gz  -1.815   2.553 -0.7109     0.4772  88.93       181  827.7     56.51   -9.514       1.813
 ../results/ldsc/STAGE00DATA/mean_imputed/not_subsampled/munged/par04.sumstats.gz  ../results/ldsc/face/munged/par63.sumstats.gz  -1.189  0.9125  -1.303     0.1926  192.5     222.6   1037        63   -11.73       2.224

Analysis finished at Wed Mar 16 21:28:43 2022
Total time elapsed: 1.0m:19.0s
