*********************************************************************
* LD Score Regression (LDSC)
* Version 1.0.1
* (C) 2014-2019 Brendan Bulik-Sullivan and Hilary Finucane
* Broad Institute of MIT and Harvard / MIT Department of Mathematics
* GNU General Public License v3
*********************************************************************
Call: 
./ldsc.py \
--ref-ld-chr ../SAMPLE_DATA/eur_w_ld_chr/ \
--out ../results/ldsc/face/STAGE00DATA/mean_imputed/not_subsampled/rg/par13 \
--rg ../results/ldsc/STAGE00DATA/mean_imputed/not_subsampled/munged/par13.sumstats.gz,../results/ldsc/face/munged/par01.sumstats.gz,../results/ldsc/face/munged/par02.sumstats.gz,../results/ldsc/face/munged/par03.sumstats.gz,../results/ldsc/face/munged/par04.sumstats.gz,../results/ldsc/face/munged/par05.sumstats.gz,../results/ldsc/face/munged/par06.sumstats.gz,../results/ldsc/face/munged/par07.sumstats.gz,../results/ldsc/face/munged/par08.sumstats.gz,../results/ldsc/face/munged/par09.sumstats.gz,../results/ldsc/face/munged/par10.sumstats.gz,../results/ldsc/face/munged/par11.sumstats.gz,../results/ldsc/face/munged/par12.sumstats.gz,../results/ldsc/face/munged/par13.sumstats.gz,../results/ldsc/face/munged/par14.sumstats.gz,../results/ldsc/face/munged/par15.sumstats.gz,../results/ldsc/face/munged/par16.sumstats.gz,../results/ldsc/face/munged/par17.sumstats.gz,../results/ldsc/face/munged/par18.sumstats.gz,../results/ldsc/face/munged/par19.sumstats.gz,../results/ldsc/face/munged/par20.sumstats.gz,../results/ldsc/face/munged/par21.sumstats.gz,../results/ldsc/face/munged/par22.sumstats.gz,../results/ldsc/face/munged/par23.sumstats.gz,../results/ldsc/face/munged/par24.sumstats.gz,../results/ldsc/face/munged/par25.sumstats.gz,../results/ldsc/face/munged/par26.sumstats.gz,../results/ldsc/face/munged/par27.sumstats.gz,../results/ldsc/face/munged/par28.sumstats.gz,../results/ldsc/face/munged/par29.sumstats.gz,../results/ldsc/face/munged/par30.sumstats.gz,../results/ldsc/face/munged/par31.sumstats.gz,../results/ldsc/face/munged/par32.sumstats.gz,../results/ldsc/face/munged/par33.sumstats.gz,../results/ldsc/face/munged/par34.sumstats.gz,../results/ldsc/face/munged/par35.sumstats.gz,../results/ldsc/face/munged/par36.sumstats.gz,../results/ldsc/face/munged/par37.sumstats.gz,../results/ldsc/face/munged/par38.sumstats.gz,../results/ldsc/face/munged/par39.sumstats.gz,../results/ldsc/face/munged/par40.sumstats.gz,../results/ldsc/face/munged/par41.sumstats.gz,../results/ldsc/face/munged/par42.sumstats.gz,../results/ldsc/face/munged/par43.sumstats.gz,../results/ldsc/face/munged/par44.sumstats.gz,../results/ldsc/face/munged/par45.sumstats.gz,../results/ldsc/face/munged/par46.sumstats.gz,../results/ldsc/face/munged/par47.sumstats.gz,../results/ldsc/face/munged/par48.sumstats.gz,../results/ldsc/face/munged/par49.sumstats.gz,../results/ldsc/face/munged/par50.sumstats.gz,../results/ldsc/face/munged/par51.sumstats.gz,../results/ldsc/face/munged/par52.sumstats.gz,../results/ldsc/face/munged/par53.sumstats.gz,../results/ldsc/face/munged/par54.sumstats.gz,../results/ldsc/face/munged/par55.sumstats.gz,../results/ldsc/face/munged/par56.sumstats.gz,../results/ldsc/face/munged/par57.sumstats.gz,../results/ldsc/face/munged/par58.sumstats.gz,../results/ldsc/face/munged/par59.sumstats.gz,../results/ldsc/face/munged/par60.sumstats.gz,../results/ldsc/face/munged/par61.sumstats.gz,../results/ldsc/face/munged/par62.sumstats.gz,../results/ldsc/face/munged/par63.sumstats.gz \
--w-ld-chr ../SAMPLE_DATA/eur_w_ld_chr/ 

Beginning analysis at Thu Mar 17 13:41:24 2022
Reading summary statistics from ../results/ldsc/STAGE00DATA/mean_imputed/not_subsampled/munged/par13.sumstats.gz ...
Read summary statistics for 7033675 SNPs.
Reading reference panel LD Score from ../SAMPLE_DATA/eur_w_ld_chr/[1-22] ... (ldscore_fromlist)
Read reference panel LD Scores for 1290028 SNPs.
Removing partitioned LD Scores with zero variance.
Reading regression weight LD Score from ../SAMPLE_DATA/eur_w_ld_chr/[1-22] ... (ldscore_fromlist)
Read regression weight LD Scores for 1290028 SNPs.
After merging with reference panel LD, 1174774 SNPs remain.
After merging with regression SNP LD, 1174774 SNPs remain.
Computing rg for phenotype 2/64
Reading summary statistics from ../results/ldsc/face/munged/par01.sumstats.gz ...
Read summary statistics for 23709 SNPs.
After merging with summary statistics, 4516 SNPs remain.
4516 SNPs with valid alleles.
WARNING: number of SNPs less than 200k; this is almost always bad.

Heritability of phenotype 1
---------------------------
Total Observed scale h2: -0.2824 (0.1326)
Lambda GC: 0.9145
Mean Chi^2: 1.053
Intercept: 1.2783 (0.1238)
Ratio: 5.2466 (2.3345)

Heritability of phenotype 2/64
------------------------------
Total Observed scale h2: 12308.2844 (2413.3952)
Lambda GC: 26812.8364
Mean Chi^2: 14464.8793
Intercept: 10414.1905 (534.1869)
Ratio: 0.7199 (0.0369)

Genetic Covariance
------------------
Total Observed scale gencov: 21.6352 (14.0537)
Mean z1*z2: -45.9456
Intercept: -57.0353 (5.9107)

Genetic Correlation
-------------------
Genetic Correlation: nan (nan) (h2  out of bounds) 
Z-score: nan (nan) (h2  out of bounds)
P: nan (nan) (h2  out of bounds)
WARNING: One of the h2's was out of bounds.
This usually indicates a data-munging error or that h2 or N is low.

Computing rg for phenotype 3/64
Reading summary statistics from ../results/ldsc/face/munged/par02.sumstats.gz ...
Read summary statistics for 23709 SNPs.
After merging with summary statistics, 4516 SNPs remain.
4516 SNPs with valid alleles.
WARNING: number of SNPs less than 200k; this is almost always bad.

Heritability of phenotype 3/64
------------------------------
Total Observed scale h2: 2405.0061 (1236.3563)
Lambda GC: 12255.7928
Mean Chi^2: 6857.5104
Intercept: 6065.2062 (392.2183)
Ratio: 0.8844 (0.0572)

Genetic Covariance
------------------
Total Observed scale gencov: 27.9661 (7.7467)
Mean z1*z2: -30.5727
Intercept: -44.9202 (3.9999)

Genetic Correlation
-------------------
Genetic Correlation: nan (nan) (h2  out of bounds) 
Z-score: nan (nan) (h2  out of bounds)
P: nan (nan) (h2  out of bounds)
WARNING: One of the h2's was out of bounds.
This usually indicates a data-munging error or that h2 or N is low.

Computing rg for phenotype 4/64
Reading summary statistics from ../results/ldsc/face/munged/par03.sumstats.gz ...
Read summary statistics for 23709 SNPs.
After merging with summary statistics, 4516 SNPs remain.
4516 SNPs with valid alleles.
WARNING: number of SNPs less than 200k; this is almost always bad.

Heritability of phenotype 4/64
------------------------------
Total Observed scale h2: 9660.9703 (2202.8691)
Lambda GC: 17189.2352
Mean Chi^2: 9721.3873
Intercept: 6545.7668 (514.5633)
Ratio: 0.6733 (0.0529)

Genetic Covariance
------------------
Total Observed scale gencov: 12.0368 (12.494)
Mean z1*z2: -37.7072
Intercept: -43.8723 (4.8501)

Genetic Correlation
-------------------
Genetic Correlation: nan (nan) (h2  out of bounds) 
Z-score: nan (nan) (h2  out of bounds)
P: nan (nan) (h2  out of bounds)
WARNING: One of the h2's was out of bounds.
This usually indicates a data-munging error or that h2 or N is low.

Computing rg for phenotype 5/64
Reading summary statistics from ../results/ldsc/face/munged/par04.sumstats.gz ...
Read summary statistics for 23709 SNPs.
After merging with summary statistics, 4516 SNPs remain.
4516 SNPs with valid alleles.
WARNING: number of SNPs less than 200k; this is almost always bad.

Heritability of phenotype 5/64
------------------------------
Total Observed scale h2: 1367.7193 (534.2212)
Lambda GC: 3359.529
Mean Chi^2: 2172.8233
Intercept: 1721.4968 (137.3622)
Ratio: 0.7922 (0.0632)

Genetic Covariance
------------------
Total Observed scale gencov: 14.3637 (4.3916)
Mean z1*z2: -16.0091
Intercept: -23.3806 (2.0813)

Genetic Correlation
-------------------
Genetic Correlation: nan (nan) (h2  out of bounds) 
Z-score: nan (nan) (h2  out of bounds)
P: nan (nan) (h2  out of bounds)
WARNING: One of the h2's was out of bounds.
This usually indicates a data-munging error or that h2 or N is low.

Computing rg for phenotype 6/64
Reading summary statistics from ../results/ldsc/face/munged/par05.sumstats.gz ...
Read summary statistics for 23709 SNPs.
After merging with summary statistics, 4516 SNPs remain.
4516 SNPs with valid alleles.
WARNING: number of SNPs less than 200k; this is almost always bad.

Heritability of phenotype 6/64
------------------------------
Total Observed scale h2: 1003.7209 (827.5772)
Lambda GC: 6531.4677
Mean Chi^2: 4034.7274
Intercept: 3704.3843 (265.2071)
Ratio: 0.9181 (0.0657)

Genetic Covariance
------------------
Total Observed scale gencov: 21.0112 (5.8616)
Mean z1*z2: -23.2527
Intercept: -34.0301 (3.1203)

Genetic Correlation
-------------------
Genetic Correlation: nan (nan) (h2  out of bounds) 
Z-score: nan (nan) (h2  out of bounds)
P: nan (nan) (h2  out of bounds)
WARNING: One of the h2's was out of bounds.
This usually indicates a data-munging error or that h2 or N is low.

Computing rg for phenotype 7/64
Reading summary statistics from ../results/ldsc/face/munged/par06.sumstats.gz ...
Read summary statistics for 23709 SNPs.
After merging with summary statistics, 4516 SNPs remain.
4516 SNPs with valid alleles.
WARNING: number of SNPs less than 200k; this is almost always bad.

Heritability of phenotype 7/64
------------------------------
Total Observed scale h2: 6417.4307 (1545.9959)
Lambda GC: 7577.3054
Mean Chi^2: 4843.4871
Intercept: 2732.2114 (277.4232)
Ratio: 0.564 (0.0573)

Genetic Covariance
------------------
Total Observed scale gencov: 3.7456 (9.7117)
Mean z1*z2: -26.3659
Intercept: -28.2748 (3.2203)

Genetic Correlation
-------------------
Genetic Correlation: nan (nan) (h2  out of bounds) 
Z-score: nan (nan) (h2  out of bounds)
P: nan (nan) (h2  out of bounds)
WARNING: One of the h2's was out of bounds.
This usually indicates a data-munging error or that h2 or N is low.

Computing rg for phenotype 8/64
Reading summary statistics from ../results/ldsc/face/munged/par07.sumstats.gz ...
Read summary statistics for 23709 SNPs.
After merging with summary statistics, 4516 SNPs remain.
4516 SNPs with valid alleles.
WARNING: number of SNPs less than 200k; this is almost always bad.

Heritability of phenotype 8/64
------------------------------
Total Observed scale h2: 3425.6263 (971.3538)
Lambda GC: 10584.0435
Mean Chi^2: 5891.7458
Intercept: 4767.7074 (327.7594)
Ratio: 0.8092 (0.0556)

Genetic Covariance
------------------
Total Observed scale gencov: 22.2828 (8.1688)
Mean z1*z2: -27.0994
Intercept: -38.5183 (4.2322)

Genetic Correlation
-------------------
Genetic Correlation: nan (nan) (h2  out of bounds) 
Z-score: nan (nan) (h2  out of bounds)
P: nan (nan) (h2  out of bounds)
WARNING: One of the h2's was out of bounds.
This usually indicates a data-munging error or that h2 or N is low.

Computing rg for phenotype 9/64
Reading summary statistics from ../results/ldsc/face/munged/par08.sumstats.gz ...
Read summary statistics for 23709 SNPs.
After merging with summary statistics, 4516 SNPs remain.
4516 SNPs with valid alleles.
WARNING: number of SNPs less than 200k; this is almost always bad.

Heritability of phenotype 9/64
------------------------------
Total Observed scale h2: 300.2012 (315.8157)
Lambda GC: 1017.6373
Mean Chi^2: 788.7035
Intercept: 690.787 (111.8873)
Ratio: 0.8757 (0.142)

Genetic Covariance
------------------
Total Observed scale gencov: 7.2396 (2.6818)
Mean z1*z2: -9.1561
Intercept: -12.8672 (1.2246)

Genetic Correlation
-------------------
Genetic Correlation: nan (nan) (h2  out of bounds) 
Z-score: nan (nan) (h2  out of bounds)
P: nan (nan) (h2  out of bounds)
WARNING: One of the h2's was out of bounds.
This usually indicates a data-munging error or that h2 or N is low.

Computing rg for phenotype 10/64
Reading summary statistics from ../results/ldsc/face/munged/par09.sumstats.gz ...
Read summary statistics for 23709 SNPs.
After merging with summary statistics, 4516 SNPs remain.
4516 SNPs with valid alleles.
WARNING: number of SNPs less than 200k; this is almost always bad.

Heritability of phenotype 10/64
-------------------------------
Total Observed scale h2: 1120.556 (347.0833)
Lambda GC: 1752.8058
Mean Chi^2: 1296.3038
Intercept: 925.0541 (70.098)
Ratio: 0.7134 (0.0541)

Genetic Covariance
------------------
Total Observed scale gencov: 12.9519 (3.202)
Mean z1*z2: -11.2894
Intercept: -17.9364 (1.5864)

Genetic Correlation
-------------------
Genetic Correlation: nan (nan) (h2  out of bounds) 
Z-score: nan (nan) (h2  out of bounds)
P: nan (nan) (h2  out of bounds)
WARNING: One of the h2's was out of bounds.
This usually indicates a data-munging error or that h2 or N is low.

Computing rg for phenotype 11/64
Reading summary statistics from ../results/ldsc/face/munged/par10.sumstats.gz ...
Read summary statistics for 23709 SNPs.
After merging with summary statistics, 4516 SNPs remain.
4516 SNPs with valid alleles.
WARNING: number of SNPs less than 200k; this is almost always bad.

Heritability of phenotype 11/64
-------------------------------
Total Observed scale h2: 887.9025 (350.594)
Lambda GC: 1834.9139
Mean Chi^2: 1283.4583
Intercept: 991.5565 (120.5861)
Ratio: 0.7724 (0.094)

Genetic Covariance
------------------
Total Observed scale gencov: 11.9212 (3.1762)
Mean z1*z2: -11.2287
Intercept: -17.3364 (1.6313)

Genetic Correlation
-------------------
Genetic Correlation: nan (nan) (h2  out of bounds) 
Z-score: nan (nan) (h2  out of bounds)
P: nan (nan) (h2  out of bounds)
WARNING: One of the h2's was out of bounds.
This usually indicates a data-munging error or that h2 or N is low.

Computing rg for phenotype 12/64
Reading summary statistics from ../results/ldsc/face/munged/par11.sumstats.gz ...
Read summary statistics for 23709 SNPs.
After merging with summary statistics, 4516 SNPs remain.
4516 SNPs with valid alleles.
WARNING: number of SNPs less than 200k; this is almost always bad.

Heritability of phenotype 12/64
-------------------------------
Total Observed scale h2: 770.0874 (967.8728)
Lambda GC: 4898.273
Mean Chi^2: 3594.1443
Intercept: 3340.8389 (322.6703)
Ratio: 0.9295 (0.0898)

Genetic Covariance
------------------
Total Observed scale gencov: 18.6258 (5.5132)
Mean z1*z2: -21.8483
Intercept: -31.4018 (3.1453)

Genetic Correlation
-------------------
Genetic Correlation: nan (nan) (h2  out of bounds) 
Z-score: nan (nan) (h2  out of bounds)
P: nan (nan) (h2  out of bounds)
WARNING: One of the h2's was out of bounds.
This usually indicates a data-munging error or that h2 or N is low.

Computing rg for phenotype 13/64
Reading summary statistics from ../results/ldsc/face/munged/par12.sumstats.gz ...
Read summary statistics for 23709 SNPs.
After merging with summary statistics, 4516 SNPs remain.
4516 SNPs with valid alleles.
WARNING: number of SNPs less than 200k; this is almost always bad.

Heritability of phenotype 13/64
-------------------------------
Total Observed scale h2: 2032.7766 (498.4378)
Lambda GC: 3006.4334
Mean Chi^2: 1883.8072
Intercept: 1215.4318 (113.2765)
Ratio: 0.645 (0.0602)

Genetic Covariance
------------------
Total Observed scale gencov: 2.5165 (5.5106)
Mean z1*z2: -16.3542
Intercept: -17.6312 (1.9518)

Genetic Correlation
-------------------
Genetic Correlation: nan (nan) (h2  out of bounds) 
Z-score: nan (nan) (h2  out of bounds)
P: nan (nan) (h2  out of bounds)
WARNING: One of the h2's was out of bounds.
This usually indicates a data-munging error or that h2 or N is low.

Computing rg for phenotype 14/64
Reading summary statistics from ../results/ldsc/face/munged/par13.sumstats.gz ...
Read summary statistics for 23709 SNPs.
After merging with summary statistics, 4516 SNPs remain.
4516 SNPs with valid alleles.
WARNING: number of SNPs less than 200k; this is almost always bad.

Heritability of phenotype 14/64
-------------------------------
Total Observed scale h2: 5717.0931 (1579.093)
Lambda GC: 3906.7696
Mean Chi^2: 3180.754
Intercept: 1298.3214 (242.4572)
Ratio: 0.408 (0.0763)

Genetic Covariance
------------------
Total Observed scale gencov: -1.4514 (8.9263)
Mean z1*z2: -20.6807
Intercept: -19.9974 (2.618)

Genetic Correlation
-------------------
Genetic Correlation: nan (nan) (h2  out of bounds) 
Z-score: nan (nan) (h2  out of bounds)
P: nan (nan) (h2  out of bounds)
WARNING: One of the h2's was out of bounds.
This usually indicates a data-munging error or that h2 or N is low.

Computing rg for phenotype 15/64
Reading summary statistics from ../results/ldsc/face/munged/par14.sumstats.gz ...
Read summary statistics for 23709 SNPs.
After merging with summary statistics, 4516 SNPs remain.
4516 SNPs with valid alleles.
WARNING: number of SNPs less than 200k; this is almost always bad.

Heritability of phenotype 15/64
-------------------------------
Total Observed scale h2: 986.3497 (395.75)
Lambda GC: 3537.0725
Mean Chi^2: 2147.2605
Intercept: 1824.2729 (157.9586)
Ratio: 0.8495 (0.0736)

Genetic Covariance
------------------
Total Observed scale gencov: 13.5401 (4.8459)
Mean z1*z2: -16.2545
Intercept: -23.1924 (2.5426)

Genetic Correlation
-------------------
Genetic Correlation: nan (nan) (h2  out of bounds) 
Z-score: nan (nan) (h2  out of bounds)
P: nan (nan) (h2  out of bounds)
WARNING: One of the h2's was out of bounds.
This usually indicates a data-munging error or that h2 or N is low.

Computing rg for phenotype 16/64
Reading summary statistics from ../results/ldsc/face/munged/par15.sumstats.gz ...
Read summary statistics for 23709 SNPs.
After merging with summary statistics, 4516 SNPs remain.
4516 SNPs with valid alleles.
WARNING: number of SNPs less than 200k; this is almost always bad.

Heritability of phenotype 16/64
-------------------------------
Total Observed scale h2: 1900.1922 (736.5703)
Lambda GC: 7578.5912
Mean Chi^2: 4263.2583
Intercept: 3640.8415 (247.5419)
Ratio: 0.854 (0.0581)

Genetic Covariance
------------------
Total Observed scale gencov: 17.3263 (7.1104)
Mean z1*z2: -24.2697
Intercept: -33.1537 (3.6315)

Genetic Correlation
-------------------
Genetic Correlation: nan (nan) (h2  out of bounds) 
Z-score: nan (nan) (h2  out of bounds)
P: nan (nan) (h2  out of bounds)
WARNING: One of the h2's was out of bounds.
This usually indicates a data-munging error or that h2 or N is low.

Computing rg for phenotype 17/64
Reading summary statistics from ../results/ldsc/face/munged/par16.sumstats.gz ...
Read summary statistics for 23709 SNPs.
After merging with summary statistics, 4516 SNPs remain.
4516 SNPs with valid alleles.
WARNING: number of SNPs less than 200k; this is almost always bad.

Heritability of phenotype 17/64
-------------------------------
Total Observed scale h2: -65.749 (90.365)
Lambda GC: 233.1779
Mean Chi^2: 171.7591
Intercept: 193.8111 (39.1773)
Ratio: 1.1291 (0.2294)

Genetic Covariance
------------------
Total Observed scale gencov: 4.1143 (1.4518)
Mean z1*z2: -4.5788
Intercept: -6.6922 (0.7272)

Genetic Correlation
-------------------
Genetic Correlation: nan (nan) (h2  out of bounds) 
Z-score: nan (nan) (h2  out of bounds)
P: nan (nan) (h2  out of bounds)
WARNING: One of the h2's was out of bounds.
This usually indicates a data-munging error or that h2 or N is low.

Computing rg for phenotype 18/64
Reading summary statistics from ../results/ldsc/face/munged/par17.sumstats.gz ...
Read summary statistics for 23709 SNPs.
After merging with summary statistics, 4516 SNPs remain.
4516 SNPs with valid alleles.
WARNING: number of SNPs less than 200k; this is almost always bad.

Heritability of phenotype 18/64
-------------------------------
Total Observed scale h2: 246.6958 (182.3666)
Lambda GC: 594.235
Mean Chi^2: 495.6557
Intercept: 414.7438 (53.7096)
Ratio: 0.8364 (0.1086)

Genetic Covariance
------------------
Total Observed scale gencov: 5.2865 (2.1313)
Mean z1*z2: -7.2452
Intercept: -9.9566 (0.9758)

Genetic Correlation
-------------------
Genetic Correlation: nan (nan) (h2  out of bounds) 
Z-score: nan (nan) (h2  out of bounds)
P: nan (nan) (h2  out of bounds)
WARNING: One of the h2's was out of bounds.
This usually indicates a data-munging error or that h2 or N is low.

Computing rg for phenotype 19/64
Reading summary statistics from ../results/ldsc/face/munged/par18.sumstats.gz ...
Read summary statistics for 23709 SNPs.
After merging with summary statistics, 4516 SNPs remain.
4516 SNPs with valid alleles.
WARNING: number of SNPs less than 200k; this is almost always bad.

Heritability of phenotype 19/64
-------------------------------
Total Observed scale h2: 662.2909 (343.2149)
Lambda GC: 942.1249
Mean Chi^2: 814.7267
Intercept: 597.0616 (68.1948)
Ratio: 0.7325 (0.0838)

Genetic Covariance
------------------
Total Observed scale gencov: 11.837 (2.7277)
Mean z1*z2: -8.7735
Intercept: -14.862 (1.4641)

Genetic Correlation
-------------------
Genetic Correlation: nan (nan) (h2  out of bounds) 
Z-score: nan (nan) (h2  out of bounds)
P: nan (nan) (h2  out of bounds)
WARNING: One of the h2's was out of bounds.
This usually indicates a data-munging error or that h2 or N is low.

Computing rg for phenotype 20/64
Reading summary statistics from ../results/ldsc/face/munged/par19.sumstats.gz ...
Read summary statistics for 23709 SNPs.
After merging with summary statistics, 4516 SNPs remain.
4516 SNPs with valid alleles.
WARNING: number of SNPs less than 200k; this is almost always bad.

Heritability of phenotype 20/64
-------------------------------
Total Observed scale h2: 308.3425 (162.17)
Lambda GC: 1000.7241
Mean Chi^2: 717.1949
Intercept: 614.279 (50.8065)
Ratio: 0.8563 (0.0709)

Genetic Covariance
------------------
Total Observed scale gencov: 8.0277 (2.8158)
Mean z1*z2: -9.5091
Intercept: -13.6238 (1.3245)

Genetic Correlation
-------------------
Genetic Correlation: nan (nan) (h2  out of bounds) 
Z-score: nan (nan) (h2  out of bounds)
P: nan (nan) (h2  out of bounds)
WARNING: One of the h2's was out of bounds.
This usually indicates a data-munging error or that h2 or N is low.

Computing rg for phenotype 21/64
Reading summary statistics from ../results/ldsc/face/munged/par20.sumstats.gz ...
Read summary statistics for 23709 SNPs.
After merging with summary statistics, 4516 SNPs remain.
4516 SNPs with valid alleles.
WARNING: number of SNPs less than 200k; this is almost always bad.

Heritability of phenotype 21/64
-------------------------------
Total Observed scale h2: 733.7271 (218.4007)
Lambda GC: 544.8532
Mean Chi^2: 510.7502
Intercept: 268.7327 (43.056)
Ratio: 0.5252 (0.0845)

Genetic Covariance
------------------
Total Observed scale gencov: 6.1013 (2.078)
Mean z1*z2: -6.382
Intercept: -9.5063 (1.0202)

Genetic Correlation
-------------------
Genetic Correlation: nan (nan) (h2  out of bounds) 
Z-score: nan (nan) (h2  out of bounds)
P: nan (nan) (h2  out of bounds)
WARNING: One of the h2's was out of bounds.
This usually indicates a data-munging error or that h2 or N is low.

Computing rg for phenotype 22/64
Reading summary statistics from ../results/ldsc/face/munged/par21.sumstats.gz ...
Read summary statistics for 23709 SNPs.
After merging with summary statistics, 4516 SNPs remain.
4516 SNPs with valid alleles.
WARNING: number of SNPs less than 200k; this is almost always bad.

Heritability of phenotype 22/64
-------------------------------
Total Observed scale h2: 444.8274 (241.3115)
Lambda GC: 1131.616
Mean Chi^2: 794.2396
Intercept: 648.6425 (92.9031)
Ratio: 0.8165 (0.1171)

Genetic Covariance
------------------
Total Observed scale gencov: 10.1011 (2.6306)
Mean z1*z2: -8.7176
Intercept: -13.89 (1.3435)

Genetic Correlation
-------------------
Genetic Correlation: nan (nan) (h2  out of bounds) 
Z-score: nan (nan) (h2  out of bounds)
P: nan (nan) (h2  out of bounds)
WARNING: One of the h2's was out of bounds.
This usually indicates a data-munging error or that h2 or N is low.

Computing rg for phenotype 23/64
Reading summary statistics from ../results/ldsc/face/munged/par22.sumstats.gz ...
Read summary statistics for 23709 SNPs.
After merging with summary statistics, 4516 SNPs remain.
4516 SNPs with valid alleles.
WARNING: number of SNPs less than 200k; this is almost always bad.

Heritability of phenotype 23/64
-------------------------------
Total Observed scale h2: -826.8614 (629.1133)
Lambda GC: 3246.6051
Mean Chi^2: 2411.435
Intercept: 2684.0978 (256.1112)
Ratio: 1.1131 (0.1063)

Genetic Covariance
------------------
Total Observed scale gencov: 20.7496 (4.5761)
Mean z1*z2: -17.2623
Intercept: -27.9092 (2.8517)

Genetic Correlation
-------------------
Genetic Correlation: nan (nan) (h2  out of bounds) 
Z-score: nan (nan) (h2  out of bounds)
P: nan (nan) (h2  out of bounds)
WARNING: One of the h2's was out of bounds.
This usually indicates a data-munging error or that h2 or N is low.

Computing rg for phenotype 24/64
Reading summary statistics from ../results/ldsc/face/munged/par23.sumstats.gz ...
Read summary statistics for 23709 SNPs.
After merging with summary statistics, 4516 SNPs remain.
4516 SNPs with valid alleles.
WARNING: number of SNPs less than 200k; this is almost always bad.

Heritability of phenotype 24/64
-------------------------------
Total Observed scale h2: 1151.8796 (506.0417)
Lambda GC: 848.7958
Mean Chi^2: 962.5942
Intercept: 582.7422 (88.6723)
Ratio: 0.605 (0.0922)

Genetic Covariance
------------------
Total Observed scale gencov: 6.4182 (2.8984)
Mean z1*z2: -10.1866
Intercept: -13.4793 (1.4365)

Genetic Correlation
-------------------
Genetic Correlation: nan (nan) (h2  out of bounds) 
Z-score: nan (nan) (h2  out of bounds)
P: nan (nan) (h2  out of bounds)
WARNING: One of the h2's was out of bounds.
This usually indicates a data-munging error or that h2 or N is low.

Computing rg for phenotype 25/64
Reading summary statistics from ../results/ldsc/face/munged/par24.sumstats.gz ...
Read summary statistics for 23709 SNPs.
After merging with summary statistics, 4516 SNPs remain.
4516 SNPs with valid alleles.
WARNING: number of SNPs less than 200k; this is almost always bad.

Heritability of phenotype 25/64
-------------------------------
Total Observed scale h2: 994.0827 (271.9749)
Lambda GC: 2048.6617
Mean Chi^2: 1183.2827
Intercept: 856.8808 (64.0079)
Ratio: 0.7239 (0.0541)

Genetic Covariance
------------------
Total Observed scale gencov: 8.0873 (3.7176)
Mean z1*z2: -12.0119
Intercept: -16.1511 (1.545)

Genetic Correlation
-------------------
Genetic Correlation: nan (nan) (h2  out of bounds) 
Z-score: nan (nan) (h2  out of bounds)
P: nan (nan) (h2  out of bounds)
WARNING: One of the h2's was out of bounds.
This usually indicates a data-munging error or that h2 or N is low.

Computing rg for phenotype 26/64
Reading summary statistics from ../results/ldsc/face/munged/par25.sumstats.gz ...
Read summary statistics for 23709 SNPs.
After merging with summary statistics, 4516 SNPs remain.
4516 SNPs with valid alleles.
WARNING: number of SNPs less than 200k; this is almost always bad.

Heritability of phenotype 26/64
-------------------------------
Total Observed scale h2: 1220.427 (401.4288)
Lambda GC: 1633.7639
Mean Chi^2: 1135.0371
Intercept: 732.9049 (75.7544)
Ratio: 0.6454 (0.0668)

Genetic Covariance
------------------
Total Observed scale gencov: 0.0719 (4.6609)
Mean z1*z2: -12.9955
Intercept: -13.0387 (1.5406)

Genetic Correlation
-------------------
Genetic Correlation: nan (nan) (h2  out of bounds) 
Z-score: nan (nan) (h2  out of bounds)
P: nan (nan) (h2  out of bounds)
WARNING: One of the h2's was out of bounds.
This usually indicates a data-munging error or that h2 or N is low.

Computing rg for phenotype 27/64
Reading summary statistics from ../results/ldsc/face/munged/par26.sumstats.gz ...
Read summary statistics for 23709 SNPs.
After merging with summary statistics, 4516 SNPs remain.
4516 SNPs with valid alleles.
WARNING: number of SNPs less than 200k; this is almost always bad.

Heritability of phenotype 27/64
-------------------------------
Total Observed scale h2: 4354.4284 (1279.7852)
Lambda GC: 2366.9794
Mean Chi^2: 2138.0847
Intercept: 704.0707 (180.0066)
Ratio: 0.329 (0.0842)

Genetic Covariance
------------------
Total Observed scale gencov: -3.3775 (7.766)
Mean z1*z2: -16.6183
Intercept: -14.9537 (2.1969)

Genetic Correlation
-------------------
Genetic Correlation: nan (nan) (h2  out of bounds) 
Z-score: nan (nan) (h2  out of bounds)
P: nan (nan) (h2  out of bounds)
WARNING: One of the h2's was out of bounds.
This usually indicates a data-munging error or that h2 or N is low.

Computing rg for phenotype 28/64
Reading summary statistics from ../results/ldsc/face/munged/par27.sumstats.gz ...
Read summary statistics for 23709 SNPs.
After merging with summary statistics, 4516 SNPs remain.
4516 SNPs with valid alleles.
WARNING: number of SNPs less than 200k; this is almost always bad.

Heritability of phenotype 28/64
-------------------------------
Total Observed scale h2: 2068.0583 (868.0033)
Lambda GC: 1551.1887
Mean Chi^2: 1423.6224
Intercept: 744.1247 (148.4681)
Ratio: 0.5224 (0.1044)

Genetic Covariance
------------------
Total Observed scale gencov: -3.4911 (6.1446)
Mean z1*z2: -13.9528
Intercept: -12.204 (1.746)

Genetic Correlation
-------------------
Genetic Correlation: nan (nan) (h2  out of bounds) 
Z-score: nan (nan) (h2  out of bounds)
P: nan (nan) (h2  out of bounds)
WARNING: One of the h2's was out of bounds.
This usually indicates a data-munging error or that h2 or N is low.

Computing rg for phenotype 29/64
Reading summary statistics from ../results/ldsc/face/munged/par28.sumstats.gz ...
Read summary statistics for 23709 SNPs.
After merging with summary statistics, 4516 SNPs remain.
4516 SNPs with valid alleles.
WARNING: number of SNPs less than 200k; this is almost always bad.

Heritability of phenotype 29/64
-------------------------------
Total Observed scale h2: 299.6879 (201.3091)
Lambda GC: 1655.9128
Mean Chi^2: 1068.7339
Intercept: 970.5004 (94.9007)
Ratio: 0.908 (0.0889)

Genetic Covariance
------------------
Total Observed scale gencov: 10.102 (3.2428)
Mean z1*z2: -11.2388
Intercept: -16.4143 (1.6721)

Genetic Correlation
-------------------
Genetic Correlation: nan (nan) (h2  out of bounds) 
Z-score: nan (nan) (h2  out of bounds)
P: nan (nan) (h2  out of bounds)
WARNING: One of the h2's was out of bounds.
This usually indicates a data-munging error or that h2 or N is low.

Computing rg for phenotype 30/64
Reading summary statistics from ../results/ldsc/face/munged/par29.sumstats.gz ...
Read summary statistics for 23709 SNPs.
After merging with summary statistics, 4516 SNPs remain.
4516 SNPs with valid alleles.
WARNING: number of SNPs less than 200k; this is almost always bad.

Heritability of phenotype 30/64
-------------------------------
Total Observed scale h2: 671.6717 (229.7232)
Lambda GC: 1818.2769
Mean Chi^2: 1121.4462
Intercept: 901.698 (61.4245)
Ratio: 0.8039 (0.0548)

Genetic Covariance
------------------
Total Observed scale gencov: 8.679 (3.7458)
Mean z1*z2: -11.9586
Intercept: -16.4021 (2.1158)

Genetic Correlation
-------------------
Genetic Correlation: nan (nan) (h2  out of bounds) 
Z-score: nan (nan) (h2  out of bounds)
P: nan (nan) (h2  out of bounds)
WARNING: One of the h2's was out of bounds.
This usually indicates a data-munging error or that h2 or N is low.

Computing rg for phenotype 31/64
Reading summary statistics from ../results/ldsc/face/munged/par30.sumstats.gz ...
Read summary statistics for 23709 SNPs.
After merging with summary statistics, 4516 SNPs remain.
4516 SNPs with valid alleles.
WARNING: number of SNPs less than 200k; this is almost always bad.

Heritability of phenotype 31/64
-------------------------------
Total Observed scale h2: 1490.134 (420.5297)
Lambda GC: 4215.8537
Mean Chi^2: 2406.3902
Intercept: 1916.9861 (129.7182)
Ratio: 0.7965 (0.0539)

Genetic Covariance
------------------
Total Observed scale gencov: 11.2591 (5.1627)
Mean z1*z2: -17.8463
Intercept: -23.6129 (2.5078)

Genetic Correlation
-------------------
Genetic Correlation: nan (nan) (h2  out of bounds) 
Z-score: nan (nan) (h2  out of bounds)
P: nan (nan) (h2  out of bounds)
WARNING: One of the h2's was out of bounds.
This usually indicates a data-munging error or that h2 or N is low.

Computing rg for phenotype 32/64
Reading summary statistics from ../results/ldsc/face/munged/par31.sumstats.gz ...
Read summary statistics for 23709 SNPs.
After merging with summary statistics, 4516 SNPs remain.
4516 SNPs with valid alleles.
WARNING: number of SNPs less than 200k; this is almost always bad.

Heritability of phenotype 32/64
-------------------------------
Total Observed scale h2: 341.1526 (271.0225)
Lambda GC: 2135.0902
Mean Chi^2: 1317.5964
Intercept: 1206.2459 (79.3791)
Ratio: 0.9154 (0.0603)

Genetic Covariance
------------------
Total Observed scale gencov: 9.2397 (4.3326)
Mean z1*z2: -14.1464
Intercept: -18.8833 (2.352)

Genetic Correlation
-------------------
Genetic Correlation: nan (nan) (h2  out of bounds) 
Z-score: nan (nan) (h2  out of bounds)
P: nan (nan) (h2  out of bounds)
WARNING: One of the h2's was out of bounds.
This usually indicates a data-munging error or that h2 or N is low.

Computing rg for phenotype 33/64
Reading summary statistics from ../results/ldsc/face/munged/par32.sumstats.gz ...
Read summary statistics for 23709 SNPs.
After merging with summary statistics, 4516 SNPs remain.
4516 SNPs with valid alleles.
WARNING: number of SNPs less than 200k; this is almost always bad.

Heritability of phenotype 33/64
-------------------------------
Total Observed scale h2: -132.9276 (150.9723)
Lambda GC: 232.4382
Mean Chi^2: 183.7454
Intercept: 228.0025 (64.8922)
Ratio: 1.2422 (0.3551)

Genetic Covariance
------------------
Total Observed scale gencov: 5.2703 (1.5808)
Mean z1*z2: -4.5096
Intercept: -7.2119 (0.8245)

Genetic Correlation
-------------------
Genetic Correlation: nan (nan) (h2  out of bounds) 
Z-score: nan (nan) (h2  out of bounds)
P: nan (nan) (h2  out of bounds)
WARNING: One of the h2's was out of bounds.
This usually indicates a data-munging error or that h2 or N is low.

Computing rg for phenotype 34/64
Reading summary statistics from ../results/ldsc/face/munged/par33.sumstats.gz ...
Read summary statistics for 23709 SNPs.
After merging with summary statistics, 4516 SNPs remain.
4516 SNPs with valid alleles.
WARNING: number of SNPs less than 200k; this is almost always bad.

Heritability of phenotype 34/64
-------------------------------
Total Observed scale h2: 4.9708 (35.6805)
Lambda GC: 179.8297
Mean Chi^2: 127.8738
Intercept: 126.4721 (13.1638)
Ratio: 0.989 (0.1038)

Genetic Covariance
------------------
Total Observed scale gencov: 2.1404 (1.3056)
Mean z1*z2: -4.1206
Intercept: -5.2209 (0.5865)

Genetic Correlation
-------------------
Genetic Correlation: nan (nan) (h2  out of bounds) 
Z-score: nan (nan) (h2  out of bounds)
P: nan (nan) (h2  out of bounds)
WARNING: One of the h2's was out of bounds.
This usually indicates a data-munging error or that h2 or N is low.

Computing rg for phenotype 35/64
Reading summary statistics from ../results/ldsc/face/munged/par34.sumstats.gz ...
Read summary statistics for 23709 SNPs.
After merging with summary statistics, 4516 SNPs remain.
4516 SNPs with valid alleles.
WARNING: number of SNPs less than 200k; this is almost always bad.

Heritability of phenotype 35/64
-------------------------------
Total Observed scale h2: 250.1877 (179.1948)
Lambda GC: 595.2999
Mean Chi^2: 494.6211
Intercept: 412.5015 (49.1215)
Ratio: 0.8336 (0.0995)

Genetic Covariance
------------------
Total Observed scale gencov: 6.1376 (2.2477)
Mean z1*z2: -7.4238
Intercept: -10.5746 (1.0719)

Genetic Correlation
-------------------
Genetic Correlation: nan (nan) (h2  out of bounds) 
Z-score: nan (nan) (h2  out of bounds)
P: nan (nan) (h2  out of bounds)
WARNING: One of the h2's was out of bounds.
This usually indicates a data-munging error or that h2 or N is low.

Computing rg for phenotype 36/64
Reading summary statistics from ../results/ldsc/face/munged/par35.sumstats.gz ...
Read summary statistics for 23709 SNPs.
After merging with summary statistics, 4516 SNPs remain.
4516 SNPs with valid alleles.
WARNING: number of SNPs less than 200k; this is almost always bad.

Heritability of phenotype 36/64
-------------------------------
Total Observed scale h2: 43.6295 (61.2086)
Lambda GC: 256.0601
Mean Chi^2: 191.4652
Intercept: 177.2331 (18.8755)
Ratio: 0.9253 (0.0991)

Genetic Covariance
------------------
Total Observed scale gencov: 2.4925 (1.3093)
Mean z1*z2: -4.8541
Intercept: -6.1282 (0.5807)

Genetic Correlation
-------------------
Genetic Correlation: nan (nan) (h2  out of bounds) 
Z-score: nan (nan) (h2  out of bounds)
P: nan (nan) (h2  out of bounds)
WARNING: One of the h2's was out of bounds.
This usually indicates a data-munging error or that h2 or N is low.

Computing rg for phenotype 37/64
Reading summary statistics from ../results/ldsc/face/munged/par36.sumstats.gz ...
Read summary statistics for 23709 SNPs.
After merging with summary statistics, 4516 SNPs remain.
4516 SNPs with valid alleles.
WARNING: number of SNPs less than 200k; this is almost always bad.

Heritability of phenotype 37/64
-------------------------------
Total Observed scale h2: 207.9108 (213.7603)
Lambda GC: 378.5827
Mean Chi^2: 417.5526
Intercept: 349.9741 (60.0091)
Ratio: 0.8378 (0.1441)

Genetic Covariance
------------------
Total Observed scale gencov: 8.6293 (2.1785)
Mean z1*z2: -6.1241
Intercept: -10.5671 (1.2646)

Genetic Correlation
-------------------
Genetic Correlation: nan (nan) (h2  out of bounds) 
Z-score: nan (nan) (h2  out of bounds)
P: nan (nan) (h2  out of bounds)
WARNING: One of the h2's was out of bounds.
This usually indicates a data-munging error or that h2 or N is low.

Computing rg for phenotype 38/64
Reading summary statistics from ../results/ldsc/face/munged/par37.sumstats.gz ...
Read summary statistics for 23709 SNPs.
After merging with summary statistics, 4516 SNPs remain.
4516 SNPs with valid alleles.
WARNING: number of SNPs less than 200k; this is almost always bad.

Heritability of phenotype 38/64
-------------------------------
Total Observed scale h2: 639.8179 (268.84)
Lambda GC: 688.5103
Mean Chi^2: 587.7147
Intercept: 377.477 (39.2361)
Ratio: 0.6417 (0.0669)

Genetic Covariance
------------------
Total Observed scale gencov: 9.9433 (2.2459)
Mean z1*z2: -6.8881
Intercept: -12.0007 (1.1469)

Genetic Correlation
-------------------
Genetic Correlation: nan (nan) (h2  out of bounds) 
Z-score: nan (nan) (h2  out of bounds)
P: nan (nan) (h2  out of bounds)
WARNING: One of the h2's was out of bounds.
This usually indicates a data-munging error or that h2 or N is low.

Computing rg for phenotype 39/64
Reading summary statistics from ../results/ldsc/face/munged/par38.sumstats.gz ...
Read summary statistics for 23709 SNPs.
After merging with summary statistics, 4516 SNPs remain.
4516 SNPs with valid alleles.
WARNING: number of SNPs less than 200k; this is almost always bad.

Heritability of phenotype 39/64
-------------------------------
Total Observed scale h2: 313.1445 (142.6201)
Lambda GC: 613.3596
Mean Chi^2: 497.897
Intercept: 393.1703 (33.8729)
Ratio: 0.7892 (0.0682)

Genetic Covariance
------------------
Total Observed scale gencov: 6.8429 (2.1916)
Mean z1*z2: -7.3367
Intercept: -10.8524 (1.0702)

Genetic Correlation
-------------------
Genetic Correlation: nan (nan) (h2  out of bounds) 
Z-score: nan (nan) (h2  out of bounds)
P: nan (nan) (h2  out of bounds)
WARNING: One of the h2's was out of bounds.
This usually indicates a data-munging error or that h2 or N is low.

Computing rg for phenotype 40/64
Reading summary statistics from ../results/ldsc/face/munged/par39.sumstats.gz ...
Read summary statistics for 23709 SNPs.
After merging with summary statistics, 4516 SNPs remain.
4516 SNPs with valid alleles.
WARNING: number of SNPs less than 200k; this is almost always bad.

Heritability of phenotype 40/64
-------------------------------
Total Observed scale h2: -44.5454 (88.1562)
Lambda GC: 440.4853
Mean Chi^2: 296.4733
Intercept: 311.0885 (37.1111)
Ratio: 1.0495 (0.1256)

Genetic Covariance
------------------
Total Observed scale gencov: 5.2957 (1.8318)
Mean z1*z2: -6.3389
Intercept: -9.0498 (0.9044)

Genetic Correlation
-------------------
Genetic Correlation: nan (nan) (h2  out of bounds) 
Z-score: nan (nan) (h2  out of bounds)
P: nan (nan) (h2  out of bounds)
WARNING: One of the h2's was out of bounds.
This usually indicates a data-munging error or that h2 or N is low.

Computing rg for phenotype 41/64
Reading summary statistics from ../results/ldsc/face/munged/par40.sumstats.gz ...
Read summary statistics for 23709 SNPs.
After merging with summary statistics, 4516 SNPs remain.
4516 SNPs with valid alleles.
WARNING: number of SNPs less than 200k; this is almost always bad.

Heritability of phenotype 41/64
-------------------------------
Total Observed scale h2: 419.1778 (149.9029)
Lambda GC: 192.7874
Mean Chi^2: 273.2123
Intercept: 135.7977 (33.8777)
Ratio: 0.4952 (0.1245)

Genetic Covariance
------------------
Total Observed scale gencov: 2.9441 (1.5848)
Mean z1*z2: -4.5427
Intercept: -6.0507 (0.772)

Genetic Correlation
-------------------
Genetic Correlation: nan (nan) (h2  out of bounds) 
Z-score: nan (nan) (h2  out of bounds)
P: nan (nan) (h2  out of bounds)
WARNING: One of the h2's was out of bounds.
This usually indicates a data-munging error or that h2 or N is low.

Computing rg for phenotype 42/64
Reading summary statistics from ../results/ldsc/face/munged/par41.sumstats.gz ...
Read summary statistics for 23709 SNPs.
After merging with summary statistics, 4516 SNPs remain.
4516 SNPs with valid alleles.
WARNING: number of SNPs less than 200k; this is almost always bad.

Heritability of phenotype 42/64
-------------------------------
Total Observed scale h2: 250.8132 (102.9214)
Lambda GC: 225.0113
Mean Chi^2: 237.2534
Intercept: 154.5146 (20.7803)
Ratio: 0.6498 (0.088)

Genetic Covariance
------------------
Total Observed scale gencov: 4.6231 (1.3962)
Mean z1*z2: -4.275
Intercept: -6.6467 (0.7398)

Genetic Correlation
-------------------
Genetic Correlation: nan (nan) (h2  out of bounds) 
Z-score: nan (nan) (h2  out of bounds)
P: nan (nan) (h2  out of bounds)
WARNING: One of the h2's was out of bounds.
This usually indicates a data-munging error or that h2 or N is low.

Computing rg for phenotype 43/64
Reading summary statistics from ../results/ldsc/face/munged/par42.sumstats.gz ...
Read summary statistics for 23709 SNPs.
After merging with summary statistics, 4516 SNPs remain.
4516 SNPs with valid alleles.
WARNING: number of SNPs less than 200k; this is almost always bad.

Heritability of phenotype 43/64
-------------------------------
Total Observed scale h2: 472.8453 (107.5695)
Lambda GC: 498.35
Mean Chi^2: 370.1824
Intercept: 214.5643 (31.4315)
Ratio: 0.5785 (0.0851)

Genetic Covariance
------------------
Total Observed scale gencov: 5.9046 (1.8553)
Mean z1*z2: -5.9295
Intercept: -8.9422 (0.8969)

Genetic Correlation
-------------------
Genetic Correlation: nan (nan) (h2  out of bounds) 
Z-score: nan (nan) (h2  out of bounds)
P: nan (nan) (h2  out of bounds)
WARNING: One of the h2's was out of bounds.
This usually indicates a data-munging error or that h2 or N is low.

Computing rg for phenotype 44/64
Reading summary statistics from ../results/ldsc/face/munged/par43.sumstats.gz ...
Read summary statistics for 23709 SNPs.
After merging with summary statistics, 4516 SNPs remain.
4516 SNPs with valid alleles.
WARNING: number of SNPs less than 200k; this is almost always bad.

Heritability of phenotype 44/64
-------------------------------
Total Observed scale h2: 292.2558 (109.8534)
Lambda GC: 484.5873
Mean Chi^2: 387.3434
Intercept: 291.4761 (31.8212)
Ratio: 0.7519 (0.0824)

Genetic Covariance
------------------
Total Observed scale gencov: 5.2336 (1.7773)
Mean z1*z2: -5.9841
Intercept: -8.6613 (0.8744)

Genetic Correlation
-------------------
Genetic Correlation: nan (nan) (h2  out of bounds) 
Z-score: nan (nan) (h2  out of bounds)
P: nan (nan) (h2  out of bounds)
WARNING: One of the h2's was out of bounds.
This usually indicates a data-munging error or that h2 or N is low.

Computing rg for phenotype 45/64
Reading summary statistics from ../results/ldsc/face/munged/par44.sumstats.gz ...
Read summary statistics for 23709 SNPs.
After merging with summary statistics, 4516 SNPs remain.
4516 SNPs with valid alleles.
WARNING: number of SNPs less than 200k; this is almost always bad.

Heritability of phenotype 45/64
-------------------------------
Total Observed scale h2: -407.181 (342.9761)
Lambda GC: 1437.5461
Mean Chi^2: 1216.7137
Intercept: 1350.3777 (145.1623)
Ratio: 1.1099 (0.1194)

Genetic Covariance
------------------
Total Observed scale gencov: 13.775 (3.2428)
Mean z1*z2: -12.0047
Intercept: -19.0757 (1.9945)

Genetic Correlation
-------------------
Genetic Correlation: nan (nan) (h2  out of bounds) 
Z-score: nan (nan) (h2  out of bounds)
P: nan (nan) (h2  out of bounds)
WARNING: One of the h2's was out of bounds.
This usually indicates a data-munging error or that h2 or N is low.

Computing rg for phenotype 46/64
Reading summary statistics from ../results/ldsc/face/munged/par45.sumstats.gz ...
Read summary statistics for 23709 SNPs.
After merging with summary statistics, 4516 SNPs remain.
4516 SNPs with valid alleles.
WARNING: number of SNPs less than 200k; this is almost always bad.

Heritability of phenotype 46/64
-------------------------------
Total Observed scale h2: 70.6845 (262.1375)
Lambda GC: 1245.1926
Mean Chi^2: 941.3977
Intercept: 917.9269 (89.9311)
Ratio: 0.975 (0.0956)

Genetic Covariance
------------------
Total Observed scale gencov: 11.4605 (2.6225)
Mean z1*z2: -9.9925
Intercept: -15.8679 (1.5797)

Genetic Correlation
-------------------
Genetic Correlation: nan (nan) (h2  out of bounds) 
Z-score: nan (nan) (h2  out of bounds)
P: nan (nan) (h2  out of bounds)
WARNING: One of the h2's was out of bounds.
This usually indicates a data-munging error or that h2 or N is low.

Computing rg for phenotype 47/64
Reading summary statistics from ../results/ldsc/face/munged/par46.sumstats.gz ...
Read summary statistics for 23709 SNPs.
After merging with summary statistics, 4516 SNPs remain.
4516 SNPs with valid alleles.
WARNING: number of SNPs less than 200k; this is almost always bad.

Heritability of phenotype 47/64
-------------------------------
Total Observed scale h2: 782.6201 (249.7989)
Lambda GC: 242.6292
Mean Chi^2: 379.3345
Intercept: 121.932 (40.7408)
Ratio: 0.3196 (0.1077)

Genetic Covariance
------------------
Total Observed scale gencov: 2.4943 (1.8697)
Mean z1*z2: -5.3222
Intercept: -6.5901 (0.8268)

Genetic Correlation
-------------------
Genetic Correlation: nan (nan) (h2  out of bounds) 
Z-score: nan (nan) (h2  out of bounds)
P: nan (nan) (h2  out of bounds)
WARNING: One of the h2's was out of bounds.
This usually indicates a data-munging error or that h2 or N is low.

Computing rg for phenotype 48/64
Reading summary statistics from ../results/ldsc/face/munged/par47.sumstats.gz ...
Read summary statistics for 23709 SNPs.
After merging with summary statistics, 4516 SNPs remain.
4516 SNPs with valid alleles.
WARNING: number of SNPs less than 200k; this is almost always bad.

Heritability of phenotype 48/64
-------------------------------
Total Observed scale h2: 244.8136 (159.459)
Lambda GC: 411.5578
Mean Chi^2: 428.6027
Intercept: 347.459 (40.9504)
Ratio: 0.8102 (0.0958)

Genetic Covariance
------------------
Total Observed scale gencov: 4.5329 (1.9669)
Mean z1*z2: -7.0608
Intercept: -9.3804 (1.0428)

Genetic Correlation
-------------------
Genetic Correlation: nan (nan) (h2  out of bounds) 
Z-score: nan (nan) (h2  out of bounds)
P: nan (nan) (h2  out of bounds)
WARNING: One of the h2's was out of bounds.
This usually indicates a data-munging error or that h2 or N is low.

Computing rg for phenotype 49/64
Reading summary statistics from ../results/ldsc/face/munged/par48.sumstats.gz ...
Read summary statistics for 23709 SNPs.
After merging with summary statistics, 4516 SNPs remain.
4516 SNPs with valid alleles.
WARNING: number of SNPs less than 200k; this is almost always bad.

Heritability of phenotype 49/64
-------------------------------
Total Observed scale h2: 585.034 (201.9058)
Lambda GC: 1095.9332
Mean Chi^2: 699.6663
Intercept: 508.0267 (43.8345)
Ratio: 0.7257 (0.0627)

Genetic Covariance
------------------
Total Observed scale gencov: 4.9606 (2.8218)
Mean z1*z2: -9.101
Intercept: -11.639 (1.1566)

Genetic Correlation
-------------------
Genetic Correlation: nan (nan) (h2  out of bounds) 
Z-score: nan (nan) (h2  out of bounds)
P: nan (nan) (h2  out of bounds)
WARNING: One of the h2's was out of bounds.
This usually indicates a data-munging error or that h2 or N is low.

Computing rg for phenotype 50/64
Reading summary statistics from ../results/ldsc/face/munged/par49.sumstats.gz ...
Read summary statistics for 23709 SNPs.
After merging with summary statistics, 4516 SNPs remain.
4516 SNPs with valid alleles.
WARNING: number of SNPs less than 200k; this is almost always bad.

Heritability of phenotype 50/64
-------------------------------
Total Observed scale h2: 436.7001 (85.005)
Lambda GC: 750.9567
Mean Chi^2: 469.6141
Intercept: 325.8699 (25.4643)
Ratio: 0.6933 (0.0543)

Genetic Covariance
------------------
Total Observed scale gencov: 5.8019 (2.1802)
Mean z1*z2: -7.5899
Intercept: -10.5471 (0.9732)

Genetic Correlation
-------------------
Genetic Correlation: nan (nan) (h2  out of bounds) 
Z-score: nan (nan) (h2  out of bounds)
P: nan (nan) (h2  out of bounds)
WARNING: One of the h2's was out of bounds.
This usually indicates a data-munging error or that h2 or N is low.

Computing rg for phenotype 51/64
Reading summary statistics from ../results/ldsc/face/munged/par50.sumstats.gz ...
Read summary statistics for 23709 SNPs.
After merging with summary statistics, 4516 SNPs remain.
4516 SNPs with valid alleles.
WARNING: number of SNPs less than 200k; this is almost always bad.

Heritability of phenotype 51/64
-------------------------------
Total Observed scale h2: 515.2379 (139.9075)
Lambda GC: 990.2006
Mean Chi^2: 666.7886
Intercept: 497.0753 (32.2982)
Ratio: 0.7451 (0.0485)

Genetic Covariance
------------------
Total Observed scale gencov: 1.1829 (3.2137)
Mean z1*z2: -10.3957
Intercept: -10.9862 (1.2626)

Genetic Correlation
-------------------
Genetic Correlation: nan (nan) (h2  out of bounds) 
Z-score: nan (nan) (h2  out of bounds)
P: nan (nan) (h2  out of bounds)
WARNING: One of the h2's was out of bounds.
This usually indicates a data-munging error or that h2 or N is low.

Computing rg for phenotype 52/64
Reading summary statistics from ../results/ldsc/face/munged/par51.sumstats.gz ...
Read summary statistics for 23709 SNPs.
After merging with summary statistics, 4516 SNPs remain.
4516 SNPs with valid alleles.
WARNING: number of SNPs less than 200k; this is almost always bad.

Heritability of phenotype 52/64
-------------------------------
Total Observed scale h2: 1075.8787 (444.015)
Lambda GC: 1037.4832
Mean Chi^2: 883.6059
Intercept: 529.5034 (71.6465)
Ratio: 0.5988 (0.0812)

Genetic Covariance
------------------
Total Observed scale gencov: -0.7588 (4.5997)
Mean z1*z2: -11.3967
Intercept: -11.0347 (1.4122)

Genetic Correlation
-------------------
Genetic Correlation: nan (nan) (h2  out of bounds) 
Z-score: nan (nan) (h2  out of bounds)
P: nan (nan) (h2  out of bounds)
WARNING: One of the h2's was out of bounds.
This usually indicates a data-munging error or that h2 or N is low.

Computing rg for phenotype 53/64
Reading summary statistics from ../results/ldsc/face/munged/par52.sumstats.gz ...
Read summary statistics for 23709 SNPs.
After merging with summary statistics, 4516 SNPs remain.
4516 SNPs with valid alleles.
WARNING: number of SNPs less than 200k; this is almost always bad.

Heritability of phenotype 53/64
-------------------------------
Total Observed scale h2: 593.0693 (80.9802)
Lambda GC: 561.6712
Mean Chi^2: 396.7229
Intercept: 201.0372 (16.7887)
Ratio: 0.5055 (0.0424)

Genetic Covariance
------------------
Total Observed scale gencov: 2.525 (2.582)
Mean z1*z2: -6.9226
Intercept: -8.1844 (0.9216)

Genetic Correlation
-------------------
Genetic Correlation: nan (nan) (h2  out of bounds) 
Z-score: nan (nan) (h2  out of bounds)
P: nan (nan) (h2  out of bounds)
WARNING: One of the h2's was out of bounds.
This usually indicates a data-munging error or that h2 or N is low.

Computing rg for phenotype 54/64
Reading summary statistics from ../results/ldsc/face/munged/par53.sumstats.gz ...
Read summary statistics for 23709 SNPs.
After merging with summary statistics, 4516 SNPs remain.
4516 SNPs with valid alleles.
WARNING: number of SNPs less than 200k; this is almost always bad.

Heritability of phenotype 54/64
-------------------------------
Total Observed scale h2: 3403.0963 (1391.5985)
Lambda GC: 1058.6511
Mean Chi^2: 1617.8467
Intercept: 498.2963 (208.5673)
Ratio: 0.3076 (0.129)

Genetic Covariance
------------------
Total Observed scale gencov: -5.9919 (7.307)
Mean z1*z2: -13.1461
Intercept: -10.1358 (1.8829)

Genetic Correlation
-------------------
Genetic Correlation: nan (nan) (h2  out of bounds) 
Z-score: nan (nan) (h2  out of bounds)
P: nan (nan) (h2  out of bounds)
WARNING: One of the h2's was out of bounds.
This usually indicates a data-munging error or that h2 or N is low.

Computing rg for phenotype 55/64
Reading summary statistics from ../results/ldsc/face/munged/par54.sumstats.gz ...
Read summary statistics for 23709 SNPs.
After merging with summary statistics, 4516 SNPs remain.
4516 SNPs with valid alleles.
WARNING: number of SNPs less than 200k; this is almost always bad.

Heritability of phenotype 55/64
-------------------------------
Total Observed scale h2: 1845.5246 (770.4374)
Lambda GC: 1358.7829
Mean Chi^2: 1315.2603
Intercept: 708.7227 (148.4221)
Ratio: 0.5385 (0.1129)

Genetic Covariance
------------------
Total Observed scale gencov: -1.9896 (5.7354)
Mean z1*z2: -13.2717
Intercept: -12.294 (1.668)

Genetic Correlation
-------------------
Genetic Correlation: nan (nan) (h2  out of bounds) 
Z-score: nan (nan) (h2  out of bounds)
P: nan (nan) (h2  out of bounds)
WARNING: One of the h2's was out of bounds.
This usually indicates a data-munging error or that h2 or N is low.

Computing rg for phenotype 56/64
Reading summary statistics from ../results/ldsc/face/munged/par55.sumstats.gz ...
Read summary statistics for 23709 SNPs.
After merging with summary statistics, 4516 SNPs remain.
4516 SNPs with valid alleles.
WARNING: number of SNPs less than 200k; this is almost always bad.

Heritability of phenotype 56/64
-------------------------------
Total Observed scale h2: 516.4168 (193.29)
Lambda GC: 613.8569
Mean Chi^2: 487.0666
Intercept: 317.3395 (38.5529)
Ratio: 0.6508 (0.0793)

Genetic Covariance
------------------
Total Observed scale gencov: -1.304 (3.2569)
Mean z1*z2: -8.3952
Intercept: -7.7638 (0.9829)

Genetic Correlation
-------------------
Genetic Correlation: nan (nan) (h2  out of bounds) 
Z-score: nan (nan) (h2  out of bounds)
P: nan (nan) (h2  out of bounds)
WARNING: One of the h2's was out of bounds.
This usually indicates a data-munging error or that h2 or N is low.

Computing rg for phenotype 57/64
Reading summary statistics from ../results/ldsc/face/munged/par56.sumstats.gz ...
Read summary statistics for 23709 SNPs.
After merging with summary statistics, 4516 SNPs remain.
4516 SNPs with valid alleles.
WARNING: number of SNPs less than 200k; this is almost always bad.

Heritability of phenotype 57/64
-------------------------------
Total Observed scale h2: 196.4431 (168.3646)
Lambda GC: 755.9374
Mean Chi^2: 545.6178
Intercept: 481.5726 (73.5289)
Ratio: 0.8824 (0.135)

Genetic Covariance
------------------
Total Observed scale gencov: 6.9068 (2.3439)
Mean z1*z2: -7.9
Intercept: -11.4356 (1.2641)

Genetic Correlation
-------------------
Genetic Correlation: nan (nan) (h2  out of bounds) 
Z-score: nan (nan) (h2  out of bounds)
P: nan (nan) (h2  out of bounds)
WARNING: One of the h2's was out of bounds.
This usually indicates a data-munging error or that h2 or N is low.

Computing rg for phenotype 58/64
Reading summary statistics from ../results/ldsc/face/munged/par57.sumstats.gz ...
Read summary statistics for 23709 SNPs.
After merging with summary statistics, 4516 SNPs remain.
4516 SNPs with valid alleles.
WARNING: number of SNPs less than 200k; this is almost always bad.

Heritability of phenotype 58/64
-------------------------------
Total Observed scale h2: 436.5734 (149.017)
Lambda GC: 1191.8378
Mean Chi^2: 820.8143
Intercept: 677.4032 (64.1943)
Ratio: 0.8251 (0.0783)

Genetic Covariance
------------------
Total Observed scale gencov: 8.7077 (2.7714)
Mean z1*z2: -9.3743
Intercept: -13.8292 (1.4857)

Genetic Correlation
-------------------
Genetic Correlation: nan (nan) (h2  out of bounds) 
Z-score: nan (nan) (h2  out of bounds)
P: nan (nan) (h2  out of bounds)
WARNING: One of the h2's was out of bounds.
This usually indicates a data-munging error or that h2 or N is low.

Computing rg for phenotype 59/64
Reading summary statistics from ../results/ldsc/face/munged/par58.sumstats.gz ...
Read summary statistics for 23709 SNPs.
After merging with summary statistics, 4516 SNPs remain.
4516 SNPs with valid alleles.
WARNING: number of SNPs less than 200k; this is almost always bad.

Heritability of phenotype 59/64
-------------------------------
Total Observed scale h2: 172.7402 (89.5384)
Lambda GC: 523.7046
Mean Chi^2: 350.9299
Intercept: 294.5414 (32.8869)
Ratio: 0.8389 (0.094)

Genetic Covariance
------------------
Total Observed scale gencov: 3.9516 (2.8543)
Mean z1*z2: -7.3188
Intercept: -9.3397 (1.6751)

Genetic Correlation
-------------------
Genetic Correlation: nan (nan) (h2  out of bounds) 
Z-score: nan (nan) (h2  out of bounds)
P: nan (nan) (h2  out of bounds)
WARNING: One of the h2's was out of bounds.
This usually indicates a data-munging error or that h2 or N is low.

Computing rg for phenotype 60/64
Reading summary statistics from ../results/ldsc/face/munged/par59.sumstats.gz ...
Read summary statistics for 23709 SNPs.
After merging with summary statistics, 4516 SNPs remain.
4516 SNPs with valid alleles.
WARNING: number of SNPs less than 200k; this is almost always bad.

Heritability of phenotype 60/64
-------------------------------
Total Observed scale h2: 344.4194 (109.5642)
Lambda GC: 596.9792
Mean Chi^2: 465.8806
Intercept: 352.9483 (35.2752)
Ratio: 0.7571 (0.0759)

Genetic Covariance
------------------
Total Observed scale gencov: 6.0181 (2.1185)
Mean z1*z2: -6.6086
Intercept: -9.6843 (1.1872)

Genetic Correlation
-------------------
Genetic Correlation: nan (nan) (h2  out of bounds) 
Z-score: nan (nan) (h2  out of bounds)
P: nan (nan) (h2  out of bounds)
WARNING: One of the h2's was out of bounds.
This usually indicates a data-munging error or that h2 or N is low.

Computing rg for phenotype 61/64
Reading summary statistics from ../results/ldsc/face/munged/par60.sumstats.gz ...
Read summary statistics for 23709 SNPs.
After merging with summary statistics, 4516 SNPs remain.
4516 SNPs with valid alleles.
WARNING: number of SNPs less than 200k; this is almost always bad.

Heritability of phenotype 61/64
-------------------------------
Total Observed scale h2: 930.724 (265.6653)
Lambda GC: 2554.3797
Mean Chi^2: 1498.6522
Intercept: 1192.1584 (79.1636)
Ratio: 0.7954 (0.0529)

Genetic Covariance
------------------
Total Observed scale gencov: 8.2165 (4.0446)
Mean z1*z2: -14.2402
Intercept: -18.4467 (2.0444)

Genetic Correlation
-------------------
Genetic Correlation: nan (nan) (h2  out of bounds) 
Z-score: nan (nan) (h2  out of bounds)
P: nan (nan) (h2  out of bounds)
WARNING: One of the h2's was out of bounds.
This usually indicates a data-munging error or that h2 or N is low.

Computing rg for phenotype 62/64
Reading summary statistics from ../results/ldsc/face/munged/par61.sumstats.gz ...
Read summary statistics for 23709 SNPs.
After merging with summary statistics, 4516 SNPs remain.
4516 SNPs with valid alleles.
WARNING: number of SNPs less than 200k; this is almost always bad.

Heritability of phenotype 62/64
-------------------------------
Total Observed scale h2: 799.0379 (238.1486)
Lambda GC: 1645.5726
Mean Chi^2: 1012.6904
Intercept: 749.8808 (57.7849)
Ratio: 0.7402 (0.0571)

Genetic Covariance
------------------
Total Observed scale gencov: 7.7236 (3.0898)
Mean z1*z2: -11.2999
Intercept: -15.2541 (1.52)

Genetic Correlation
-------------------
Genetic Correlation: nan (nan) (h2  out of bounds) 
Z-score: nan (nan) (h2  out of bounds)
P: nan (nan) (h2  out of bounds)
WARNING: One of the h2's was out of bounds.
This usually indicates a data-munging error or that h2 or N is low.

Computing rg for phenotype 63/64
Reading summary statistics from ../results/ldsc/face/munged/par62.sumstats.gz ...
Read summary statistics for 23709 SNPs.
After merging with summary statistics, 4516 SNPs remain.
4516 SNPs with valid alleles.
WARNING: number of SNPs less than 200k; this is almost always bad.

Heritability of phenotype 63/64
-------------------------------
Total Observed scale h2: 88.9275 (181.0243)
Lambda GC: 1394.423
Mean Chi^2: 856.3814
Intercept: 827.6596 (56.506)
Ratio: 0.9664 (0.0661)

Genetic Covariance
------------------
Total Observed scale gencov: 7.6151 (3.6889)
Mean z1*z2: -11.6987
Intercept: -15.6069 (2.1883)

Genetic Correlation
-------------------
Genetic Correlation: nan (nan) (h2  out of bounds) 
Z-score: nan (nan) (h2  out of bounds)
P: nan (nan) (h2  out of bounds)
WARNING: One of the h2's was out of bounds.
This usually indicates a data-munging error or that h2 or N is low.

Computing rg for phenotype 64/64
Reading summary statistics from ../results/ldsc/face/munged/par63.sumstats.gz ...
Read summary statistics for 23709 SNPs.
After merging with summary statistics, 4516 SNPs remain.
4516 SNPs with valid alleles.
WARNING: number of SNPs less than 200k; this is almost always bad.

Heritability of phenotype 64/64
-------------------------------
Total Observed scale h2: 192.4694 (222.6075)
Lambda GC: 1823.7689
Mean Chi^2: 1100.1692
Intercept: 1037.3745 (62.9951)
Ratio: 0.9429 (0.0573)

Genetic Covariance
------------------
Total Observed scale gencov: 8.2814 (3.6529)
Mean z1*z2: -12.5238
Intercept: -16.7661 (1.7664)

Genetic Correlation
-------------------
Genetic Correlation: nan (nan) (h2  out of bounds) 
Z-score: nan (nan) (h2  out of bounds)
P: nan (nan) (h2  out of bounds)
WARNING: One of the h2's was out of bounds.
This usually indicates a data-munging error or that h2 or N is low.


Summary of Genetic Correlation Results
                                                                               p1                                             p2  rg  se   z   p      h2_obs  h2_obs_se      h2_int  h2_int_se  gcov_int  gcov_int_se
 ../results/ldsc/STAGE00DATA/mean_imputed/not_subsampled/munged/par13.sumstats.gz  ../results/ldsc/face/munged/par01.sumstats.gz  NA  NA  NA  NA  12308.2844  2413.3952  10414.1905   534.1869  -57.0353       5.9107
 ../results/ldsc/STAGE00DATA/mean_imputed/not_subsampled/munged/par13.sumstats.gz  ../results/ldsc/face/munged/par02.sumstats.gz  NA  NA  NA  NA   2405.0061  1236.3563   6065.2062   392.2183  -44.9202       3.9999
 ../results/ldsc/STAGE00DATA/mean_imputed/not_subsampled/munged/par13.sumstats.gz  ../results/ldsc/face/munged/par03.sumstats.gz  NA  NA  NA  NA   9660.9703  2202.8691   6545.7668   514.5633  -43.8723       4.8501
 ../results/ldsc/STAGE00DATA/mean_imputed/not_subsampled/munged/par13.sumstats.gz  ../results/ldsc/face/munged/par04.sumstats.gz  NA  NA  NA  NA   1367.7193   534.2212   1721.4968   137.3622  -23.3806       2.0813
 ../results/ldsc/STAGE00DATA/mean_imputed/not_subsampled/munged/par13.sumstats.gz  ../results/ldsc/face/munged/par05.sumstats.gz  NA  NA  NA  NA   1003.7209   827.5772   3704.3843   265.2071  -34.0301       3.1203
 ../results/ldsc/STAGE00DATA/mean_imputed/not_subsampled/munged/par13.sumstats.gz  ../results/ldsc/face/munged/par06.sumstats.gz  NA  NA  NA  NA   6417.4307  1545.9959   2732.2114   277.4232  -28.2748       3.2203
 ../results/ldsc/STAGE00DATA/mean_imputed/not_subsampled/munged/par13.sumstats.gz  ../results/ldsc/face/munged/par07.sumstats.gz  NA  NA  NA  NA   3425.6263   971.3538   4767.7074   327.7594  -38.5183       4.2322
 ../results/ldsc/STAGE00DATA/mean_imputed/not_subsampled/munged/par13.sumstats.gz  ../results/ldsc/face/munged/par08.sumstats.gz  NA  NA  NA  NA    300.2012   315.8157    690.7870   111.8873  -12.8672       1.2246
 ../results/ldsc/STAGE00DATA/mean_imputed/not_subsampled/munged/par13.sumstats.gz  ../results/ldsc/face/munged/par09.sumstats.gz  NA  NA  NA  NA   1120.5560   347.0833    925.0541    70.0980  -17.9364       1.5864
 ../results/ldsc/STAGE00DATA/mean_imputed/not_subsampled/munged/par13.sumstats.gz  ../results/ldsc/face/munged/par10.sumstats.gz  NA  NA  NA  NA    887.9025   350.5940    991.5565   120.5861  -17.3364       1.6313
 ../results/ldsc/STAGE00DATA/mean_imputed/not_subsampled/munged/par13.sumstats.gz  ../results/ldsc/face/munged/par11.sumstats.gz  NA  NA  NA  NA    770.0874   967.8728   3340.8389   322.6703  -31.4018       3.1453
 ../results/ldsc/STAGE00DATA/mean_imputed/not_subsampled/munged/par13.sumstats.gz  ../results/ldsc/face/munged/par12.sumstats.gz  NA  NA  NA  NA   2032.7766   498.4378   1215.4318   113.2765  -17.6312       1.9518
 ../results/ldsc/STAGE00DATA/mean_imputed/not_subsampled/munged/par13.sumstats.gz  ../results/ldsc/face/munged/par13.sumstats.gz  NA  NA  NA  NA   5717.0931  1579.0930   1298.3214   242.4572  -19.9974       2.6180
 ../results/ldsc/STAGE00DATA/mean_imputed/not_subsampled/munged/par13.sumstats.gz  ../results/ldsc/face/munged/par14.sumstats.gz  NA  NA  NA  NA    986.3497   395.7500   1824.2729   157.9586  -23.1924       2.5426
 ../results/ldsc/STAGE00DATA/mean_imputed/not_subsampled/munged/par13.sumstats.gz  ../results/ldsc/face/munged/par15.sumstats.gz  NA  NA  NA  NA   1900.1922   736.5703   3640.8415   247.5419  -33.1537       3.6315
 ../results/ldsc/STAGE00DATA/mean_imputed/not_subsampled/munged/par13.sumstats.gz  ../results/ldsc/face/munged/par16.sumstats.gz  NA  NA  NA  NA    -65.7490    90.3650    193.8111    39.1773   -6.6922       0.7272
 ../results/ldsc/STAGE00DATA/mean_imputed/not_subsampled/munged/par13.sumstats.gz  ../results/ldsc/face/munged/par17.sumstats.gz  NA  NA  NA  NA    246.6958   182.3666    414.7438    53.7096   -9.9566       0.9758
 ../results/ldsc/STAGE00DATA/mean_imputed/not_subsampled/munged/par13.sumstats.gz  ../results/ldsc/face/munged/par18.sumstats.gz  NA  NA  NA  NA    662.2909   343.2149    597.0616    68.1948  -14.8620       1.4641
 ../results/ldsc/STAGE00DATA/mean_imputed/not_subsampled/munged/par13.sumstats.gz  ../results/ldsc/face/munged/par19.sumstats.gz  NA  NA  NA  NA    308.3425   162.1700    614.2790    50.8065  -13.6238       1.3245
 ../results/ldsc/STAGE00DATA/mean_imputed/not_subsampled/munged/par13.sumstats.gz  ../results/ldsc/face/munged/par20.sumstats.gz  NA  NA  NA  NA    733.7271   218.4007    268.7327    43.0560   -9.5063       1.0202
 ../results/ldsc/STAGE00DATA/mean_imputed/not_subsampled/munged/par13.sumstats.gz  ../results/ldsc/face/munged/par21.sumstats.gz  NA  NA  NA  NA    444.8274   241.3115    648.6425    92.9031  -13.8900       1.3435
 ../results/ldsc/STAGE00DATA/mean_imputed/not_subsampled/munged/par13.sumstats.gz  ../results/ldsc/face/munged/par22.sumstats.gz  NA  NA  NA  NA   -826.8614   629.1133   2684.0978   256.1112  -27.9092       2.8517
 ../results/ldsc/STAGE00DATA/mean_imputed/not_subsampled/munged/par13.sumstats.gz  ../results/ldsc/face/munged/par23.sumstats.gz  NA  NA  NA  NA   1151.8796   506.0417    582.7422    88.6723  -13.4793       1.4365
 ../results/ldsc/STAGE00DATA/mean_imputed/not_subsampled/munged/par13.sumstats.gz  ../results/ldsc/face/munged/par24.sumstats.gz  NA  NA  NA  NA    994.0827   271.9749    856.8808    64.0079  -16.1511       1.5450
 ../results/ldsc/STAGE00DATA/mean_imputed/not_subsampled/munged/par13.sumstats.gz  ../results/ldsc/face/munged/par25.sumstats.gz  NA  NA  NA  NA   1220.4270   401.4288    732.9049    75.7544  -13.0387       1.5406
 ../results/ldsc/STAGE00DATA/mean_imputed/not_subsampled/munged/par13.sumstats.gz  ../results/ldsc/face/munged/par26.sumstats.gz  NA  NA  NA  NA   4354.4284  1279.7852    704.0707   180.0066  -14.9537       2.1969
 ../results/ldsc/STAGE00DATA/mean_imputed/not_subsampled/munged/par13.sumstats.gz  ../results/ldsc/face/munged/par27.sumstats.gz  NA  NA  NA  NA   2068.0583   868.0033    744.1247   148.4681  -12.2040       1.7460
 ../results/ldsc/STAGE00DATA/mean_imputed/not_subsampled/munged/par13.sumstats.gz  ../results/ldsc/face/munged/par28.sumstats.gz  NA  NA  NA  NA    299.6879   201.3091    970.5004    94.9007  -16.4143       1.6721
 ../results/ldsc/STAGE00DATA/mean_imputed/not_subsampled/munged/par13.sumstats.gz  ../results/ldsc/face/munged/par29.sumstats.gz  NA  NA  NA  NA    671.6717   229.7232    901.6980    61.4245  -16.4021       2.1158
 ../results/ldsc/STAGE00DATA/mean_imputed/not_subsampled/munged/par13.sumstats.gz  ../results/ldsc/face/munged/par30.sumstats.gz  NA  NA  NA  NA   1490.1340   420.5297   1916.9861   129.7182  -23.6129       2.5078
 ../results/ldsc/STAGE00DATA/mean_imputed/not_subsampled/munged/par13.sumstats.gz  ../results/ldsc/face/munged/par31.sumstats.gz  NA  NA  NA  NA    341.1526   271.0225   1206.2459    79.3791  -18.8833       2.3520
 ../results/ldsc/STAGE00DATA/mean_imputed/not_subsampled/munged/par13.sumstats.gz  ../results/ldsc/face/munged/par32.sumstats.gz  NA  NA  NA  NA   -132.9276   150.9723    228.0025    64.8922   -7.2119       0.8245
 ../results/ldsc/STAGE00DATA/mean_imputed/not_subsampled/munged/par13.sumstats.gz  ../results/ldsc/face/munged/par33.sumstats.gz  NA  NA  NA  NA      4.9708    35.6805    126.4721    13.1638   -5.2209       0.5865
 ../results/ldsc/STAGE00DATA/mean_imputed/not_subsampled/munged/par13.sumstats.gz  ../results/ldsc/face/munged/par34.sumstats.gz  NA  NA  NA  NA    250.1877   179.1948    412.5015    49.1215  -10.5746       1.0719
 ../results/ldsc/STAGE00DATA/mean_imputed/not_subsampled/munged/par13.sumstats.gz  ../results/ldsc/face/munged/par35.sumstats.gz  NA  NA  NA  NA     43.6295    61.2086    177.2331    18.8755   -6.1282       0.5807
 ../results/ldsc/STAGE00DATA/mean_imputed/not_subsampled/munged/par13.sumstats.gz  ../results/ldsc/face/munged/par36.sumstats.gz  NA  NA  NA  NA    207.9108   213.7603    349.9741    60.0091  -10.5671       1.2646
 ../results/ldsc/STAGE00DATA/mean_imputed/not_subsampled/munged/par13.sumstats.gz  ../results/ldsc/face/munged/par37.sumstats.gz  NA  NA  NA  NA    639.8179   268.8400    377.4770    39.2361  -12.0007       1.1469
 ../results/ldsc/STAGE00DATA/mean_imputed/not_subsampled/munged/par13.sumstats.gz  ../results/ldsc/face/munged/par38.sumstats.gz  NA  NA  NA  NA    313.1445   142.6201    393.1703    33.8729  -10.8524       1.0702
 ../results/ldsc/STAGE00DATA/mean_imputed/not_subsampled/munged/par13.sumstats.gz  ../results/ldsc/face/munged/par39.sumstats.gz  NA  NA  NA  NA    -44.5454    88.1562    311.0885    37.1111   -9.0498       0.9044
 ../results/ldsc/STAGE00DATA/mean_imputed/not_subsampled/munged/par13.sumstats.gz  ../results/ldsc/face/munged/par40.sumstats.gz  NA  NA  NA  NA    419.1778   149.9029    135.7977    33.8777   -6.0507       0.7720
 ../results/ldsc/STAGE00DATA/mean_imputed/not_subsampled/munged/par13.sumstats.gz  ../results/ldsc/face/munged/par41.sumstats.gz  NA  NA  NA  NA    250.8132   102.9214    154.5146    20.7803   -6.6467       0.7398
 ../results/ldsc/STAGE00DATA/mean_imputed/not_subsampled/munged/par13.sumstats.gz  ../results/ldsc/face/munged/par42.sumstats.gz  NA  NA  NA  NA    472.8453   107.5695    214.5643    31.4315   -8.9422       0.8969
 ../results/ldsc/STAGE00DATA/mean_imputed/not_subsampled/munged/par13.sumstats.gz  ../results/ldsc/face/munged/par43.sumstats.gz  NA  NA  NA  NA    292.2558   109.8534    291.4761    31.8212   -8.6613       0.8744
 ../results/ldsc/STAGE00DATA/mean_imputed/not_subsampled/munged/par13.sumstats.gz  ../results/ldsc/face/munged/par44.sumstats.gz  NA  NA  NA  NA   -407.1810   342.9761   1350.3777   145.1623  -19.0757       1.9945
 ../results/ldsc/STAGE00DATA/mean_imputed/not_subsampled/munged/par13.sumstats.gz  ../results/ldsc/face/munged/par45.sumstats.gz  NA  NA  NA  NA     70.6845   262.1375    917.9269    89.9311  -15.8679       1.5797
 ../results/ldsc/STAGE00DATA/mean_imputed/not_subsampled/munged/par13.sumstats.gz  ../results/ldsc/face/munged/par46.sumstats.gz  NA  NA  NA  NA    782.6201   249.7989    121.9320    40.7408   -6.5901       0.8268
 ../results/ldsc/STAGE00DATA/mean_imputed/not_subsampled/munged/par13.sumstats.gz  ../results/ldsc/face/munged/par47.sumstats.gz  NA  NA  NA  NA    244.8136   159.4590    347.4590    40.9504   -9.3804       1.0428
 ../results/ldsc/STAGE00DATA/mean_imputed/not_subsampled/munged/par13.sumstats.gz  ../results/ldsc/face/munged/par48.sumstats.gz  NA  NA  NA  NA    585.0340   201.9058    508.0267    43.8345  -11.6390       1.1566
 ../results/ldsc/STAGE00DATA/mean_imputed/not_subsampled/munged/par13.sumstats.gz  ../results/ldsc/face/munged/par49.sumstats.gz  NA  NA  NA  NA    436.7001    85.0050    325.8699    25.4643  -10.5471       0.9732
 ../results/ldsc/STAGE00DATA/mean_imputed/not_subsampled/munged/par13.sumstats.gz  ../results/ldsc/face/munged/par50.sumstats.gz  NA  NA  NA  NA    515.2379   139.9075    497.0753    32.2982  -10.9862       1.2626
 ../results/ldsc/STAGE00DATA/mean_imputed/not_subsampled/munged/par13.sumstats.gz  ../results/ldsc/face/munged/par51.sumstats.gz  NA  NA  NA  NA   1075.8787   444.0150    529.5034    71.6465  -11.0347       1.4122
 ../results/ldsc/STAGE00DATA/mean_imputed/not_subsampled/munged/par13.sumstats.gz  ../results/ldsc/face/munged/par52.sumstats.gz  NA  NA  NA  NA    593.0693    80.9802    201.0372    16.7887   -8.1844       0.9216
 ../results/ldsc/STAGE00DATA/mean_imputed/not_subsampled/munged/par13.sumstats.gz  ../results/ldsc/face/munged/par53.sumstats.gz  NA  NA  NA  NA   3403.0963  1391.5985    498.2963   208.5673  -10.1358       1.8829
 ../results/ldsc/STAGE00DATA/mean_imputed/not_subsampled/munged/par13.sumstats.gz  ../results/ldsc/face/munged/par54.sumstats.gz  NA  NA  NA  NA   1845.5246   770.4374    708.7227   148.4221  -12.2940       1.6680
 ../results/ldsc/STAGE00DATA/mean_imputed/not_subsampled/munged/par13.sumstats.gz  ../results/ldsc/face/munged/par55.sumstats.gz  NA  NA  NA  NA    516.4168   193.2900    317.3395    38.5529   -7.7638       0.9829
 ../results/ldsc/STAGE00DATA/mean_imputed/not_subsampled/munged/par13.sumstats.gz  ../results/ldsc/face/munged/par56.sumstats.gz  NA  NA  NA  NA    196.4431   168.3646    481.5726    73.5289  -11.4356       1.2641
 ../results/ldsc/STAGE00DATA/mean_imputed/not_subsampled/munged/par13.sumstats.gz  ../results/ldsc/face/munged/par57.sumstats.gz  NA  NA  NA  NA    436.5734   149.0170    677.4032    64.1943  -13.8292       1.4857
 ../results/ldsc/STAGE00DATA/mean_imputed/not_subsampled/munged/par13.sumstats.gz  ../results/ldsc/face/munged/par58.sumstats.gz  NA  NA  NA  NA    172.7402    89.5384    294.5414    32.8869   -9.3397       1.6751
 ../results/ldsc/STAGE00DATA/mean_imputed/not_subsampled/munged/par13.sumstats.gz  ../results/ldsc/face/munged/par59.sumstats.gz  NA  NA  NA  NA    344.4194   109.5642    352.9483    35.2752   -9.6843       1.1872
 ../results/ldsc/STAGE00DATA/mean_imputed/not_subsampled/munged/par13.sumstats.gz  ../results/ldsc/face/munged/par60.sumstats.gz  NA  NA  NA  NA    930.7240   265.6653   1192.1584    79.1636  -18.4467       2.0444
 ../results/ldsc/STAGE00DATA/mean_imputed/not_subsampled/munged/par13.sumstats.gz  ../results/ldsc/face/munged/par61.sumstats.gz  NA  NA  NA  NA    799.0379   238.1486    749.8808    57.7849  -15.2541       1.5200
 ../results/ldsc/STAGE00DATA/mean_imputed/not_subsampled/munged/par13.sumstats.gz  ../results/ldsc/face/munged/par62.sumstats.gz  NA  NA  NA  NA     88.9275   181.0243    827.6596    56.5060  -15.6069       2.1883
 ../results/ldsc/STAGE00DATA/mean_imputed/not_subsampled/munged/par13.sumstats.gz  ../results/ldsc/face/munged/par63.sumstats.gz  NA  NA  NA  NA    192.4694   222.6075   1037.3745    62.9951  -16.7661       1.7664

Analysis finished at Thu Mar 17 13:42:44 2022
Total time elapsed: 1.0m:20.17s
