*********************************************************************
* LD Score Regression (LDSC)
* Version 1.0.1
* (C) 2014-2019 Brendan Bulik-Sullivan and Hilary Finucane
* Broad Institute of MIT and Harvard / MIT Department of Mathematics
* GNU General Public License v3
*********************************************************************
Call: 
./ldsc.py \
--ref-ld-chr ../SAMPLE_DATA/eur_w_ld_chr/ \
--out ../results/ldsc/face/STAGE00DATA/mean_imputed/not_subsampled/rg/par22 \
--rg ../results/ldsc/STAGE00DATA/mean_imputed/not_subsampled/munged/par22.sumstats.gz,../results/ldsc/face/munged/par23.sumstats.gz,../results/ldsc/face/munged/par24.sumstats.gz,../results/ldsc/face/munged/par25.sumstats.gz,../results/ldsc/face/munged/par26.sumstats.gz,../results/ldsc/face/munged/par27.sumstats.gz,../results/ldsc/face/munged/par28.sumstats.gz,../results/ldsc/face/munged/par29.sumstats.gz,../results/ldsc/face/munged/par30.sumstats.gz,../results/ldsc/face/munged/par31.sumstats.gz,../results/ldsc/face/munged/par32.sumstats.gz,../results/ldsc/face/munged/par33.sumstats.gz,../results/ldsc/face/munged/par34.sumstats.gz,../results/ldsc/face/munged/par35.sumstats.gz,../results/ldsc/face/munged/par36.sumstats.gz,../results/ldsc/face/munged/par37.sumstats.gz,../results/ldsc/face/munged/par38.sumstats.gz,../results/ldsc/face/munged/par39.sumstats.gz,../results/ldsc/face/munged/par40.sumstats.gz,../results/ldsc/face/munged/par41.sumstats.gz,../results/ldsc/face/munged/par42.sumstats.gz,../results/ldsc/face/munged/par43.sumstats.gz,../results/ldsc/face/munged/par44.sumstats.gz,../results/ldsc/face/munged/par45.sumstats.gz,../results/ldsc/face/munged/par46.sumstats.gz,../results/ldsc/face/munged/par47.sumstats.gz,../results/ldsc/face/munged/par48.sumstats.gz,../results/ldsc/face/munged/par49.sumstats.gz,../results/ldsc/face/munged/par50.sumstats.gz,../results/ldsc/face/munged/par51.sumstats.gz,../results/ldsc/face/munged/par52.sumstats.gz,../results/ldsc/face/munged/par53.sumstats.gz,../results/ldsc/face/munged/par54.sumstats.gz,../results/ldsc/face/munged/par55.sumstats.gz,../results/ldsc/face/munged/par56.sumstats.gz,../results/ldsc/face/munged/par57.sumstats.gz,../results/ldsc/face/munged/par58.sumstats.gz,../results/ldsc/face/munged/par59.sumstats.gz,../results/ldsc/face/munged/par60.sumstats.gz,../results/ldsc/face/munged/par61.sumstats.gz,../results/ldsc/face/munged/par62.sumstats.gz,../results/ldsc/face/munged/par63.sumstats.gz \
--w-ld-chr ../SAMPLE_DATA/eur_w_ld_chr/ 

Beginning analysis at Wed Mar 16 21:49:05 2022
Reading summary statistics from ../results/ldsc/STAGE00DATA/mean_imputed/not_subsampled/munged/par22.sumstats.gz ...
Read summary statistics for 7033675 SNPs.
Reading reference panel LD Score from ../SAMPLE_DATA/eur_w_ld_chr/[1-22] ... (ldscore_fromlist)
Read reference panel LD Scores for 1290028 SNPs.
Removing partitioned LD Scores with zero variance.
Reading regression weight LD Score from ../SAMPLE_DATA/eur_w_ld_chr/[1-22] ... (ldscore_fromlist)
Read regression weight LD Scores for 1290028 SNPs.
After merging with reference panel LD, 1174774 SNPs remain.
After merging with regression SNP LD, 1174774 SNPs remain.
Computing rg for phenotype 2/42
Reading summary statistics from ../results/ldsc/face/munged/par23.sumstats.gz ...
Read summary statistics for 23709 SNPs.
After merging with summary statistics, 4516 SNPs remain.
4516 SNPs with valid alleles.
WARNING: number of SNPs less than 200k; this is almost always bad.

Heritability of phenotype 1
---------------------------
Total Observed scale h2: 0.4703 (0.1871)
Lambda GC: 1.4817
Mean Chi^2: 1.3858
Intercept: 1.1113 (0.1071)
Ratio: 0.2884 (0.2776)

Heritability of phenotype 2/42
------------------------------
Total Observed scale h2: 1151.8796 (506.0417)
Lambda GC: 848.7958
Mean Chi^2: 962.5942
Intercept: 582.7422 (88.6723)
Ratio: 0.605 (0.0922)

Genetic Covariance
------------------
Total Observed scale gencov: -6.4992 (4.1248)
Mean z1*z2: -14.9141
Intercept: -11.9734 (1.6663)

Genetic Correlation
-------------------
Genetic Correlation: -0.2792 (0.1409)
Z-score: -1.9822
P: 0.0475

Computing rg for phenotype 3/42
Reading summary statistics from ../results/ldsc/face/munged/par24.sumstats.gz ...
Read summary statistics for 23709 SNPs.
After merging with summary statistics, 4516 SNPs remain.
4516 SNPs with valid alleles.
WARNING: number of SNPs less than 200k; this is almost always bad.

Heritability of phenotype 3/42
------------------------------
Total Observed scale h2: 994.0827 (271.9749)
Lambda GC: 2048.6617
Mean Chi^2: 1183.2827
Intercept: 856.8808 (64.0079)
Ratio: 0.7239 (0.0541)

Genetic Covariance
------------------
Total Observed scale gencov: -5.8339 (4.3516)
Mean z1*z2: -17.9623
Intercept: -15.3193 (2.0335)

Genetic Correlation
-------------------
Genetic Correlation: -0.2698 (0.1636)
Z-score: -1.6489
P: 0.0992

Computing rg for phenotype 4/42
Reading summary statistics from ../results/ldsc/face/munged/par25.sumstats.gz ...
Read summary statistics for 23709 SNPs.
After merging with summary statistics, 4516 SNPs remain.
4516 SNPs with valid alleles.
WARNING: number of SNPs less than 200k; this is almost always bad.

Heritability of phenotype 4/42
------------------------------
Total Observed scale h2: 1220.427 (401.4288)
Lambda GC: 1633.7639
Mean Chi^2: 1135.0371
Intercept: 732.9049 (75.7544)
Ratio: 0.6454 (0.0668)

Genetic Covariance
------------------
Total Observed scale gencov: -11.1436 (5.7077)
Mean z1*z2: -19.1926
Intercept: -14.0209 (2.0711)

Genetic Correlation
-------------------
Genetic Correlation: -0.4651 (0.145)
Z-score: -3.2081
P: 0.0013

Computing rg for phenotype 5/42
Reading summary statistics from ../results/ldsc/face/munged/par26.sumstats.gz ...
Read summary statistics for 23709 SNPs.
After merging with summary statistics, 4516 SNPs remain.
4516 SNPs with valid alleles.
WARNING: number of SNPs less than 200k; this is almost always bad.

Heritability of phenotype 5/42
------------------------------
Total Observed scale h2: 4354.4284 (1279.7852)
Lambda GC: 2366.9794
Mean Chi^2: 2138.0847
Intercept: 704.0707 (180.0066)
Ratio: 0.329 (0.0842)

Genetic Covariance
------------------
Total Observed scale gencov: -22.2658 (9.0106)
Mean z1*z2: -25.7168
Intercept: -14.8951 (2.71)

Genetic Correlation
-------------------
Genetic Correlation: -0.492 (0.1109)
Z-score: -4.4381
P: 9.0746e-06

Computing rg for phenotype 6/42
Reading summary statistics from ../results/ldsc/face/munged/par27.sumstats.gz ...
Read summary statistics for 23709 SNPs.
After merging with summary statistics, 4516 SNPs remain.
4516 SNPs with valid alleles.
WARNING: number of SNPs less than 200k; this is almost always bad.

Heritability of phenotype 6/42
------------------------------
Total Observed scale h2: 2068.0583 (868.0033)
Lambda GC: 1551.1887
Mean Chi^2: 1423.6224
Intercept: 744.1247 (148.4681)
Ratio: 0.5224 (0.1044)

Genetic Covariance
------------------
Total Observed scale gencov: -15.6321 (7.5903)
Mean z1*z2: -21.4453
Intercept: -14.0129 (2.554)

Genetic Correlation
-------------------
Genetic Correlation: -0.5012 (0.1215)
Z-score: -4.1265
P: 3.6830e-05

Computing rg for phenotype 7/42
Reading summary statistics from ../results/ldsc/face/munged/par28.sumstats.gz ...
Read summary statistics for 23709 SNPs.
After merging with summary statistics, 4516 SNPs remain.
4516 SNPs with valid alleles.
WARNING: number of SNPs less than 200k; this is almost always bad.

Heritability of phenotype 7/42
------------------------------
Total Observed scale h2: 299.6879 (201.3091)
Lambda GC: 1655.9128
Mean Chi^2: 1068.7339
Intercept: 970.5004 (94.9007)
Ratio: 0.908 (0.0889)

Genetic Covariance
------------------
Total Observed scale gencov: -6.7826 (4.8766)
Mean z1*z2: -18.5408
Intercept: -15.4705 (2.1067)

Genetic Correlation
-------------------
Genetic Correlation: -0.5713 (0.2796)
Z-score: -2.0431
P: 0.041

Computing rg for phenotype 8/42
Reading summary statistics from ../results/ldsc/face/munged/par29.sumstats.gz ...
Read summary statistics for 23709 SNPs.
After merging with summary statistics, 4516 SNPs remain.
4516 SNPs with valid alleles.
WARNING: number of SNPs less than 200k; this is almost always bad.

Heritability of phenotype 8/42
------------------------------
Total Observed scale h2: 671.6717 (229.7232)
Lambda GC: 1818.2769
Mean Chi^2: 1121.4462
Intercept: 901.698 (61.4245)
Ratio: 0.8039 (0.0548)

Genetic Covariance
------------------
Total Observed scale gencov: -8.434 (5.1066)
Mean z1*z2: -19.6336
Intercept: -15.8771 (2.1101)

Genetic Correlation
-------------------
Genetic Correlation: -0.4745 (0.183)
Z-score: -2.5926
P: 0.0095

Computing rg for phenotype 9/42
Reading summary statistics from ../results/ldsc/face/munged/par30.sumstats.gz ...
Read summary statistics for 23709 SNPs.
After merging with summary statistics, 4516 SNPs remain.
4516 SNPs with valid alleles.
WARNING: number of SNPs less than 200k; this is almost always bad.

Heritability of phenotype 9/42
------------------------------
Total Observed scale h2: 1490.134 (420.5297)
Lambda GC: 4215.8537
Mean Chi^2: 2406.3902
Intercept: 1916.9861 (129.7182)
Ratio: 0.7965 (0.0539)

Genetic Covariance
------------------
Total Observed scale gencov: -10.0926 (6.8567)
Mean z1*z2: -27.7829
Intercept: -23.2281 (3.0883)

Genetic Correlation
-------------------
Genetic Correlation: -0.3812 (0.1955)
Z-score: -1.9501
P: 0.0512

Computing rg for phenotype 10/42
Reading summary statistics from ../results/ldsc/face/munged/par31.sumstats.gz ...
Read summary statistics for 23709 SNPs.
After merging with summary statistics, 4516 SNPs remain.
4516 SNPs with valid alleles.
WARNING: number of SNPs less than 200k; this is almost always bad.

Heritability of phenotype 10/42
-------------------------------
Total Observed scale h2: 341.1526 (271.0225)
Lambda GC: 2135.0902
Mean Chi^2: 1317.5964
Intercept: 1206.2459 (79.3791)
Ratio: 0.9154 (0.0603)

Genetic Covariance
------------------
Total Observed scale gencov: -2.9087 (4.8772)
Mean z1*z2: -19.6227
Intercept: -18.5742 (2.3879)

Genetic Correlation
-------------------
Genetic Correlation: -0.2296 (0.3314)
Z-score: -0.6928
P: 0.4884

Computing rg for phenotype 11/42
Reading summary statistics from ../results/ldsc/face/munged/par32.sumstats.gz ...
Read summary statistics for 23709 SNPs.
After merging with summary statistics, 4516 SNPs remain.
4516 SNPs with valid alleles.
WARNING: number of SNPs less than 200k; this is almost always bad.

Heritability of phenotype 11/42
-------------------------------
Total Observed scale h2: -132.9276 (150.9723)
Lambda GC: 232.4382
Mean Chi^2: 183.7454
Intercept: 228.0025 (64.8922)
Ratio: 1.2422 (0.3551)

Genetic Covariance
------------------
Total Observed scale gencov: 0.4427 (2.9407)
Mean z1*z2: -7.1859
Intercept: -7.4029 (1.6798)

Genetic Correlation
-------------------
Genetic Correlation: nan (nan) (h2  out of bounds) 
Z-score: nan (nan) (h2  out of bounds)
P: nan (nan) (h2  out of bounds)
WARNING: One of the h2's was out of bounds.
This usually indicates a data-munging error or that h2 or N is low.

Computing rg for phenotype 12/42
Reading summary statistics from ../results/ldsc/face/munged/par33.sumstats.gz ...
Read summary statistics for 23709 SNPs.
After merging with summary statistics, 4516 SNPs remain.
4516 SNPs with valid alleles.
WARNING: number of SNPs less than 200k; this is almost always bad.
ERROR computing rg for phenotype 12/42, from file ../results/ldsc/face/munged/par33.sumstats.gz.
Traceback (most recent call last):
  File "/usr/local/micapollo01/MIC/DATA/STUDENTS/vlemon0/code/python/ldsc/ldscore/sumstats.py", line 410, in estimate_rg
    rghat = _rg(loop, args, log, M_annot, ref_ld_cnames, w_ld_cname, i)
  File "/usr/local/micapollo01/MIC/DATA/STUDENTS/vlemon0/code/python/ldsc/ldscore/sumstats.py", line 539, in _rg
    intercept_gencov=intercepts[2], n_blocks=n_blocks, twostep=args.two_step)
  File "/usr/local/micapollo01/MIC/DATA/STUDENTS/vlemon0/code/python/ldsc/ldscore/regressions.py", line 705, in __init__
    np.multiply(hsq1.tot_delete_values, hsq2.tot_delete_values))
FloatingPointError: invalid value encountered in sqrt


Computing rg for phenotype 13/42
Reading summary statistics from ../results/ldsc/face/munged/par34.sumstats.gz ...
Read summary statistics for 23709 SNPs.
After merging with summary statistics, 4516 SNPs remain.
4516 SNPs with valid alleles.
WARNING: number of SNPs less than 200k; this is almost always bad.

Heritability of phenotype 13/42
-------------------------------
Total Observed scale h2: 250.1877 (179.1948)
Lambda GC: 595.2999
Mean Chi^2: 494.6211
Intercept: 412.5015 (49.1215)
Ratio: 0.8336 (0.0995)

Genetic Covariance
------------------
Total Observed scale gencov: -6.696 (2.9772)
Mean z1*z2: -11.9328
Intercept: -8.9175 (1.2131)

Genetic Correlation
-------------------
Genetic Correlation: -0.6173 (0.2306)
Z-score: -2.6763
P: 0.0074

Computing rg for phenotype 14/42
Reading summary statistics from ../results/ldsc/face/munged/par35.sumstats.gz ...
Read summary statistics for 23709 SNPs.
After merging with summary statistics, 4516 SNPs remain.
4516 SNPs with valid alleles.
WARNING: number of SNPs less than 200k; this is almost always bad.

Heritability of phenotype 14/42
-------------------------------
Total Observed scale h2: 43.6295 (61.2086)
Lambda GC: 256.0601
Mean Chi^2: 191.4652
Intercept: 177.2331 (18.8755)
Ratio: 0.9253 (0.0991)

Genetic Covariance
------------------
Total Observed scale gencov: -1.0138 (1.9197)
Mean z1*z2: -7.4147
Intercept: -7.0267 (0.9507)

Genetic Correlation
-------------------
Genetic Correlation: -0.2238 (0.4056)
Z-score: -0.5518
P: 0.5811

Computing rg for phenotype 15/42
Reading summary statistics from ../results/ldsc/face/munged/par36.sumstats.gz ...
Read summary statistics for 23709 SNPs.
After merging with summary statistics, 4516 SNPs remain.
4516 SNPs with valid alleles.
WARNING: number of SNPs less than 200k; this is almost always bad.

Heritability of phenotype 15/42
-------------------------------
Total Observed scale h2: 207.9108 (213.7603)
Lambda GC: 378.5827
Mean Chi^2: 417.5526
Intercept: 349.9741 (60.0091)
Ratio: 0.8378 (0.1441)

Genetic Covariance
------------------
Total Observed scale gencov: -6.6119 (2.7631)
Mean z1*z2: -10.2818
Intercept: -7.2653 (1.189)

Genetic Correlation
-------------------
Genetic Correlation: -0.6686 (0.3361)
Z-score: -1.9895
P: 0.0466

Computing rg for phenotype 16/42
Reading summary statistics from ../results/ldsc/face/munged/par37.sumstats.gz ...
Read summary statistics for 23709 SNPs.
After merging with summary statistics, 4516 SNPs remain.
4516 SNPs with valid alleles.
WARNING: number of SNPs less than 200k; this is almost always bad.

Heritability of phenotype 16/42
-------------------------------
Total Observed scale h2: 639.8179 (268.84)
Lambda GC: 688.5103
Mean Chi^2: 587.7147
Intercept: 377.477 (39.2361)
Ratio: 0.6417 (0.0669)

Genetic Covariance
------------------
Total Observed scale gencov: -8.1843 (3.2461)
Mean z1*z2: -12.6133
Intercept: -8.8291 (1.28)

Genetic Correlation
-------------------
Genetic Correlation: -0.4718 (0.1151)
Z-score: -4.0981
P: 4.1655e-05

Computing rg for phenotype 17/42
Reading summary statistics from ../results/ldsc/face/munged/par38.sumstats.gz ...
Read summary statistics for 23709 SNPs.
After merging with summary statistics, 4516 SNPs remain.
4516 SNPs with valid alleles.
WARNING: number of SNPs less than 200k; this is almost always bad.

Heritability of phenotype 17/42
-------------------------------
Total Observed scale h2: 313.1445 (142.6201)
Lambda GC: 613.3596
Mean Chi^2: 497.897
Intercept: 393.1703 (33.8729)
Ratio: 0.7892 (0.0682)

Genetic Covariance
------------------
Total Observed scale gencov: -4.0518 (2.7512)
Mean z1*z2: -10.6174
Intercept: -8.8124 (1.2099)

Genetic Correlation
-------------------
Genetic Correlation: -0.3339 (0.2241)
Z-score: -1.4899
P: 0.1362

Computing rg for phenotype 18/42
Reading summary statistics from ../results/ldsc/face/munged/par39.sumstats.gz ...
Read summary statistics for 23709 SNPs.
After merging with summary statistics, 4516 SNPs remain.
4516 SNPs with valid alleles.
WARNING: number of SNPs less than 200k; this is almost always bad.

Heritability of phenotype 18/42
-------------------------------
Total Observed scale h2: -44.5454 (88.1562)
Lambda GC: 440.4853
Mean Chi^2: 296.4733
Intercept: 311.0885 (37.1111)
Ratio: 1.0495 (0.1256)

Genetic Covariance
------------------
Total Observed scale gencov: -0.8404 (2.6853)
Mean z1*z2: -9.0855
Intercept: -8.7708 (1.4005)

Genetic Correlation
-------------------
Genetic Correlation: nan (nan) (h2  out of bounds) 
Z-score: nan (nan) (h2  out of bounds)
P: nan (nan) (h2  out of bounds)
WARNING: One of the h2's was out of bounds.
This usually indicates a data-munging error or that h2 or N is low.

Computing rg for phenotype 19/42
Reading summary statistics from ../results/ldsc/face/munged/par40.sumstats.gz ...
Read summary statistics for 23709 SNPs.
After merging with summary statistics, 4516 SNPs remain.
4516 SNPs with valid alleles.
WARNING: number of SNPs less than 200k; this is almost always bad.

Heritability of phenotype 19/42
-------------------------------
Total Observed scale h2: 419.1778 (149.9029)
Lambda GC: 192.7874
Mean Chi^2: 273.2123
Intercept: 135.7977 (33.8777)
Ratio: 0.4952 (0.1245)

Genetic Covariance
------------------
Total Observed scale gencov: -4.7107 (2.6459)
Mean z1*z2: -7.7738
Intercept: -5.5248 (1.0051)

Genetic Correlation
-------------------
Genetic Correlation: -0.3355 (0.1415)
Z-score: -2.3718
P: 0.0177

Computing rg for phenotype 20/42
Reading summary statistics from ../results/ldsc/face/munged/par41.sumstats.gz ...
Read summary statistics for 23709 SNPs.
After merging with summary statistics, 4516 SNPs remain.
4516 SNPs with valid alleles.
WARNING: number of SNPs less than 200k; this is almost always bad.

Heritability of phenotype 20/42
-------------------------------
Total Observed scale h2: 250.8132 (102.9214)
Lambda GC: 225.0113
Mean Chi^2: 237.2534
Intercept: 154.5146 (20.7803)
Ratio: 0.6498 (0.088)

Genetic Covariance
------------------
Total Observed scale gencov: -6.2276 (2.6251)
Mean z1*z2: -8.6608
Intercept: -5.7184 (0.9462)

Genetic Correlation
-------------------
Genetic Correlation: -0.5734 (0.1288)
Z-score: -4.4518
P: 8.5158e-06

Computing rg for phenotype 21/42
Reading summary statistics from ../results/ldsc/face/munged/par42.sumstats.gz ...
Read summary statistics for 23709 SNPs.
After merging with summary statistics, 4516 SNPs remain.
4516 SNPs with valid alleles.
WARNING: number of SNPs less than 200k; this is almost always bad.

Heritability of phenotype 21/42
-------------------------------
Total Observed scale h2: 472.8453 (107.5695)
Lambda GC: 498.35
Mean Chi^2: 370.1824
Intercept: 214.5643 (31.4315)
Ratio: 0.5785 (0.0851)

Genetic Covariance
------------------
Total Observed scale gencov: -3.947 (2.811)
Mean z1*z2: -10.3525
Intercept: -8.4198 (1.3045)

Genetic Correlation
-------------------
Genetic Correlation: -0.2647 (0.1434)
Z-score: -1.8455
P: 0.065

Computing rg for phenotype 22/42
Reading summary statistics from ../results/ldsc/face/munged/par43.sumstats.gz ...
Read summary statistics for 23709 SNPs.
After merging with summary statistics, 4516 SNPs remain.
4516 SNPs with valid alleles.
WARNING: number of SNPs less than 200k; this is almost always bad.

Heritability of phenotype 22/42
-------------------------------
Total Observed scale h2: 292.2558 (109.8534)
Lambda GC: 484.5873
Mean Chi^2: 387.3434
Intercept: 291.4761 (31.8212)
Ratio: 0.7519 (0.0824)

Genetic Covariance
------------------
Total Observed scale gencov: -6.2272 (2.5795)
Mean z1*z2: -10.6311
Intercept: -7.7342 (1.0672)

Genetic Correlation
-------------------
Genetic Correlation: -0.5311 (0.1427)
Z-score: -3.7227
P: 0.0002

Computing rg for phenotype 23/42
Reading summary statistics from ../results/ldsc/face/munged/par44.sumstats.gz ...
Read summary statistics for 23709 SNPs.
After merging with summary statistics, 4516 SNPs remain.
4516 SNPs with valid alleles.
WARNING: number of SNPs less than 200k; this is almost always bad.

Heritability of phenotype 23/42
-------------------------------
Total Observed scale h2: -407.181 (342.9761)
Lambda GC: 1437.5461
Mean Chi^2: 1216.7137
Intercept: 1350.3777 (145.1623)
Ratio: 1.1099 (0.1194)

Genetic Covariance
------------------
Total Observed scale gencov: -6.6587 (4.4621)
Mean z1*z2: -18.1424
Intercept: -15.2751 (2.2141)

Genetic Correlation
-------------------
Genetic Correlation: nan (nan) (h2  out of bounds) 
Z-score: nan (nan) (h2  out of bounds)
P: nan (nan) (h2  out of bounds)
WARNING: One of the h2's was out of bounds.
This usually indicates a data-munging error or that h2 or N is low.

Computing rg for phenotype 24/42
Reading summary statistics from ../results/ldsc/face/munged/par45.sumstats.gz ...
Read summary statistics for 23709 SNPs.
After merging with summary statistics, 4516 SNPs remain.
4516 SNPs with valid alleles.
WARNING: number of SNPs less than 200k; this is almost always bad.
ERROR computing rg for phenotype 24/42, from file ../results/ldsc/face/munged/par45.sumstats.gz.
Traceback (most recent call last):
  File "/usr/local/micapollo01/MIC/DATA/STUDENTS/vlemon0/code/python/ldsc/ldscore/sumstats.py", line 410, in estimate_rg
    rghat = _rg(loop, args, log, M_annot, ref_ld_cnames, w_ld_cname, i)
  File "/usr/local/micapollo01/MIC/DATA/STUDENTS/vlemon0/code/python/ldsc/ldscore/sumstats.py", line 539, in _rg
    intercept_gencov=intercepts[2], n_blocks=n_blocks, twostep=args.two_step)
  File "/usr/local/micapollo01/MIC/DATA/STUDENTS/vlemon0/code/python/ldsc/ldscore/regressions.py", line 705, in __init__
    np.multiply(hsq1.tot_delete_values, hsq2.tot_delete_values))
FloatingPointError: invalid value encountered in sqrt


Computing rg for phenotype 25/42
Reading summary statistics from ../results/ldsc/face/munged/par46.sumstats.gz ...
Read summary statistics for 23709 SNPs.
After merging with summary statistics, 4516 SNPs remain.
4516 SNPs with valid alleles.
WARNING: number of SNPs less than 200k; this is almost always bad.

Heritability of phenotype 25/42
-------------------------------
Total Observed scale h2: 782.6201 (249.7989)
Lambda GC: 242.6292
Mean Chi^2: 379.3345
Intercept: 121.932 (40.7408)
Ratio: 0.3196 (0.1077)

Genetic Covariance
------------------
Total Observed scale gencov: -6.7537 (2.7578)
Mean z1*z2: -8.9629
Intercept: -5.7454 (1.0086)

Genetic Correlation
-------------------
Genetic Correlation: -0.352 (0.105)
Z-score: -3.3523
P: 0.0008

Computing rg for phenotype 26/42
Reading summary statistics from ../results/ldsc/face/munged/par47.sumstats.gz ...
Read summary statistics for 23709 SNPs.
After merging with summary statistics, 4516 SNPs remain.
4516 SNPs with valid alleles.
WARNING: number of SNPs less than 200k; this is almost always bad.

Heritability of phenotype 26/42
-------------------------------
Total Observed scale h2: 244.8136 (159.459)
Lambda GC: 411.5578
Mean Chi^2: 428.6027
Intercept: 347.459 (40.9504)
Ratio: 0.8102 (0.0958)

Genetic Covariance
------------------
Total Observed scale gencov: -5.6984 (2.8919)
Mean z1*z2: -10.7867
Intercept: -8.1861 (1.1711)

Genetic Correlation
-------------------
Genetic Correlation: -0.5311 (0.1923)
Z-score: -2.7612
P: 0.0058

Computing rg for phenotype 27/42
Reading summary statistics from ../results/ldsc/face/munged/par48.sumstats.gz ...
Read summary statistics for 23709 SNPs.
After merging with summary statistics, 4516 SNPs remain.
4516 SNPs with valid alleles.
WARNING: number of SNPs less than 200k; this is almost always bad.

Heritability of phenotype 27/42
-------------------------------
Total Observed scale h2: 585.034 (201.9058)
Lambda GC: 1095.9332
Mean Chi^2: 699.6663
Intercept: 508.0267 (43.8345)
Ratio: 0.7257 (0.0627)

Genetic Covariance
------------------
Total Observed scale gencov: -4.1092 (3.3044)
Mean z1*z2: -13.3965
Intercept: -11.5887 (1.5312)

Genetic Correlation
-------------------
Genetic Correlation: -0.2477 (0.1673)
Z-score: -1.481
P: 0.1386

Computing rg for phenotype 28/42
Reading summary statistics from ../results/ldsc/face/munged/par49.sumstats.gz ...
Read summary statistics for 23709 SNPs.
After merging with summary statistics, 4516 SNPs remain.
4516 SNPs with valid alleles.
WARNING: number of SNPs less than 200k; this is almost always bad.

Heritability of phenotype 28/42
-------------------------------
Total Observed scale h2: 436.7001 (85.005)
Lambda GC: 750.9567
Mean Chi^2: 469.6141
Intercept: 325.8699 (25.4643)
Ratio: 0.6933 (0.0543)

Genetic Covariance
------------------
Total Observed scale gencov: -4.4883 (2.5842)
Mean z1*z2: -10.6815
Intercept: -8.5315 (1.1663)

Genetic Correlation
-------------------
Genetic Correlation: -0.3132 (0.1453)
Z-score: -2.155
P: 0.0312

Computing rg for phenotype 29/42
Reading summary statistics from ../results/ldsc/face/munged/par50.sumstats.gz ...
Read summary statistics for 23709 SNPs.
After merging with summary statistics, 4516 SNPs remain.
4516 SNPs with valid alleles.
WARNING: number of SNPs less than 200k; this is almost always bad.

Heritability of phenotype 29/42
-------------------------------
Total Observed scale h2: 515.2379 (139.9075)
Lambda GC: 990.2006
Mean Chi^2: 666.7886
Intercept: 497.0753 (32.2982)
Ratio: 0.7451 (0.0485)

Genetic Covariance
------------------
Total Observed scale gencov: -8.7872 (3.5501)
Mean z1*z2: -14.7969
Intercept: -10.7594 (1.3906)

Genetic Correlation
-------------------
Genetic Correlation: -0.5645 (0.1467)
Z-score: -3.8474
P: 0.0001

Computing rg for phenotype 30/42
Reading summary statistics from ../results/ldsc/face/munged/par51.sumstats.gz ...
Read summary statistics for 23709 SNPs.
After merging with summary statistics, 4516 SNPs remain.
4516 SNPs with valid alleles.
WARNING: number of SNPs less than 200k; this is almost always bad.

Heritability of phenotype 30/42
-------------------------------
Total Observed scale h2: 1075.8787 (444.015)
Lambda GC: 1037.4832
Mean Chi^2: 883.6059
Intercept: 529.5034 (71.6465)
Ratio: 0.5988 (0.0812)

Genetic Covariance
------------------
Total Observed scale gencov: -9.1872 (5.6053)
Mean z1*z2: -16.2029
Intercept: -11.9028 (1.8894)

Genetic Correlation
-------------------
Genetic Correlation: -0.4084 (0.1574)
Z-score: -2.5948
P: 0.0095

Computing rg for phenotype 31/42
Reading summary statistics from ../results/ldsc/face/munged/par52.sumstats.gz ...
Read summary statistics for 23709 SNPs.
After merging with summary statistics, 4516 SNPs remain.
4516 SNPs with valid alleles.
WARNING: number of SNPs less than 200k; this is almost always bad.

Heritability of phenotype 31/42
-------------------------------
Total Observed scale h2: 593.0693 (80.9802)
Lambda GC: 561.6712
Mean Chi^2: 396.7229
Intercept: 201.0372 (16.7887)
Ratio: 0.5055 (0.0424)

Genetic Covariance
------------------
Total Observed scale gencov: -7.3126 (2.6438)
Mean z1*z2: -10.8385
Intercept: -7.3797 (0.9968)

Genetic Correlation
-------------------
Genetic Correlation: -0.4378 (0.1019)
Z-score: -4.2979
P: 1.7243e-05

Computing rg for phenotype 32/42
Reading summary statistics from ../results/ldsc/face/munged/par53.sumstats.gz ...
Read summary statistics for 23709 SNPs.
After merging with summary statistics, 4516 SNPs remain.
4516 SNPs with valid alleles.
WARNING: number of SNPs less than 200k; this is almost always bad.

Heritability of phenotype 32/42
-------------------------------
Total Observed scale h2: 3403.0963 (1391.5985)
Lambda GC: 1058.6511
Mean Chi^2: 1617.8467
Intercept: 498.2963 (208.5673)
Ratio: 0.3076 (0.129)

Genetic Covariance
------------------
Total Observed scale gencov: -17.6658 (9.1144)
Mean z1*z2: -20.7593
Intercept: -12.1474 (2.8242)

Genetic Correlation
-------------------
Genetic Correlation: -0.4416 (0.1331)
Z-score: -3.3185
P: 0.0009

Computing rg for phenotype 33/42
Reading summary statistics from ../results/ldsc/face/munged/par54.sumstats.gz ...
Read summary statistics for 23709 SNPs.
After merging with summary statistics, 4516 SNPs remain.
4516 SNPs with valid alleles.
WARNING: number of SNPs less than 200k; this is almost always bad.

Heritability of phenotype 33/42
-------------------------------
Total Observed scale h2: 1845.5246 (770.4374)
Lambda GC: 1358.7829
Mean Chi^2: 1315.2603
Intercept: 708.7227 (148.4221)
Ratio: 0.5385 (0.1129)

Genetic Covariance
------------------
Total Observed scale gencov: -14.5222 (7.3531)
Mean z1*z2: -20.7762
Intercept: -13.8386 (2.6037)

Genetic Correlation
-------------------
Genetic Correlation: -0.4929 (0.1289)
Z-score: -3.8248
P: 0.0001

Computing rg for phenotype 34/42
Reading summary statistics from ../results/ldsc/face/munged/par55.sumstats.gz ...
Read summary statistics for 23709 SNPs.
After merging with summary statistics, 4516 SNPs remain.
4516 SNPs with valid alleles.
WARNING: number of SNPs less than 200k; this is almost always bad.

Heritability of phenotype 34/42
-------------------------------
Total Observed scale h2: 516.4168 (193.29)
Lambda GC: 613.8569
Mean Chi^2: 487.0666
Intercept: 317.3395 (38.5529)
Ratio: 0.6508 (0.0793)

Genetic Covariance
------------------
Total Observed scale gencov: -8.9027 (3.8514)
Mean z1*z2: -12.5434
Intercept: -8.3568 (1.3298)

Genetic Correlation
-------------------
Genetic Correlation: -0.5713 (0.1201)
Z-score: -4.7566
P: 1.9688e-06

Computing rg for phenotype 35/42
Reading summary statistics from ../results/ldsc/face/munged/par56.sumstats.gz ...
Read summary statistics for 23709 SNPs.
After merging with summary statistics, 4516 SNPs remain.
4516 SNPs with valid alleles.
WARNING: number of SNPs less than 200k; this is almost always bad.

Heritability of phenotype 35/42
-------------------------------
Total Observed scale h2: 196.4431 (168.3646)
Lambda GC: 755.9374
Mean Chi^2: 545.6178
Intercept: 481.5726 (73.5289)
Ratio: 0.8824 (0.135)

Genetic Covariance
------------------
Total Observed scale gencov: -2.5063 (3.5568)
Mean z1*z2: -12.2619
Intercept: -11.139 (1.7483)

Genetic Correlation
-------------------
Genetic Correlation: -0.2607 (0.286)
Z-score: -0.9117
P: 0.3619

Computing rg for phenotype 36/42
Reading summary statistics from ../results/ldsc/face/munged/par57.sumstats.gz ...
Read summary statistics for 23709 SNPs.
After merging with summary statistics, 4516 SNPs remain.
4516 SNPs with valid alleles.
WARNING: number of SNPs less than 200k; this is almost always bad.

Heritability of phenotype 36/42
-------------------------------
Total Observed scale h2: 436.5734 (149.017)
Lambda GC: 1191.8378
Mean Chi^2: 820.8143
Intercept: 677.4032 (64.1943)
Ratio: 0.8251 (0.0783)

Genetic Covariance
------------------
Total Observed scale gencov: -5.9371 (4.225)
Mean z1*z2: -16.2506
Intercept: -13.5905 (1.7201)

Genetic Correlation
-------------------
Genetic Correlation: -0.4143 (0.2076)
Z-score: -1.9962
P: 0.0459

Computing rg for phenotype 37/42
Reading summary statistics from ../results/ldsc/face/munged/par58.sumstats.gz ...
Read summary statistics for 23709 SNPs.
After merging with summary statistics, 4516 SNPs remain.
4516 SNPs with valid alleles.
WARNING: number of SNPs less than 200k; this is almost always bad.

Heritability of phenotype 37/42
-------------------------------
Total Observed scale h2: 172.7402 (89.5384)
Lambda GC: 523.7046
Mean Chi^2: 350.9299
Intercept: 294.5414 (32.8869)
Ratio: 0.8389 (0.094)

Genetic Covariance
------------------
Total Observed scale gencov: -3.443 (3.1031)
Mean z1*z2: -10.8757
Intercept: -9.3292 (1.5651)

Genetic Correlation
-------------------
Genetic Correlation: -0.382 (0.2296)
Z-score: -1.6636
P: 0.0962

Computing rg for phenotype 38/42
Reading summary statistics from ../results/ldsc/face/munged/par59.sumstats.gz ...
Read summary statistics for 23709 SNPs.
After merging with summary statistics, 4516 SNPs remain.
4516 SNPs with valid alleles.
WARNING: number of SNPs less than 200k; this is almost always bad.

Heritability of phenotype 38/42
-------------------------------
Total Observed scale h2: 344.4194 (109.5642)
Lambda GC: 596.9792
Mean Chi^2: 465.8806
Intercept: 352.9483 (35.2752)
Ratio: 0.7571 (0.0759)

Genetic Covariance
------------------
Total Observed scale gencov: -5.8365 (3.2589)
Mean z1*z2: -11.8815
Intercept: -9.2461 (1.1939)

Genetic Correlation
-------------------
Genetic Correlation: -0.4586 (0.1636)
Z-score: -2.8026
P: 0.0051

Computing rg for phenotype 39/42
Reading summary statistics from ../results/ldsc/face/munged/par60.sumstats.gz ...
Read summary statistics for 23709 SNPs.
After merging with summary statistics, 4516 SNPs remain.
4516 SNPs with valid alleles.
WARNING: number of SNPs less than 200k; this is almost always bad.

Heritability of phenotype 39/42
-------------------------------
Total Observed scale h2: 930.724 (265.6653)
Lambda GC: 2554.3797
Mean Chi^2: 1498.6522
Intercept: 1192.1584 (79.1636)
Ratio: 0.7954 (0.0529)

Genetic Covariance
------------------
Total Observed scale gencov: -8.6694 (5.7148)
Mean z1*z2: -22.1364
Intercept: -18.2462 (2.4306)

Genetic Correlation
-------------------
Genetic Correlation: -0.4144 (0.2014)
Z-score: -2.057
P: 0.0397

Computing rg for phenotype 40/42
Reading summary statistics from ../results/ldsc/face/munged/par61.sumstats.gz ...
Read summary statistics for 23709 SNPs.
After merging with summary statistics, 4516 SNPs remain.
4516 SNPs with valid alleles.
WARNING: number of SNPs less than 200k; this is almost always bad.

Heritability of phenotype 40/42
-------------------------------
Total Observed scale h2: 799.0379 (238.1486)
Lambda GC: 1645.5726
Mean Chi^2: 1012.6904
Intercept: 749.8808 (57.7849)
Ratio: 0.7402 (0.0571)

Genetic Covariance
------------------
Total Observed scale gencov: -6.6912 (4.3659)
Mean z1*z2: -17.1186
Intercept: -14.0734 (1.8827)

Genetic Correlation
-------------------
Genetic Correlation: -0.3452 (0.1716)
Z-score: -2.0113
P: 0.0443

Computing rg for phenotype 41/42
Reading summary statistics from ../results/ldsc/face/munged/par62.sumstats.gz ...
Read summary statistics for 23709 SNPs.
After merging with summary statistics, 4516 SNPs remain.
4516 SNPs with valid alleles.
WARNING: number of SNPs less than 200k; this is almost always bad.

Heritability of phenotype 41/42
-------------------------------
Total Observed scale h2: 88.9275 (181.0243)
Lambda GC: 1394.423
Mean Chi^2: 856.3814
Intercept: 827.6596 (56.506)
Ratio: 0.9664 (0.0661)

Genetic Covariance
------------------
Total Observed scale gencov: -1.8029 (4.3482)
Mean z1*z2: -16.6199
Intercept: -16.0847 (2.1613)

Genetic Correlation
-------------------
Genetic Correlation: -0.2788 (0.6854)
Z-score: -0.4068
P: 0.6842

Computing rg for phenotype 42/42
Reading summary statistics from ../results/ldsc/face/munged/par63.sumstats.gz ...
Read summary statistics for 23709 SNPs.
After merging with summary statistics, 4516 SNPs remain.
4516 SNPs with valid alleles.
WARNING: number of SNPs less than 200k; this is almost always bad.

Heritability of phenotype 42/42
-------------------------------
Total Observed scale h2: 192.4694 (222.6075)
Lambda GC: 1823.7689
Mean Chi^2: 1100.1692
Intercept: 1037.3745 (62.9951)
Ratio: 0.9429 (0.0573)

Genetic Covariance
------------------
Total Observed scale gencov: -4.7484 (4.2393)
Mean z1*z2: -18.339
Intercept: -16.355 (1.8638)

Genetic Correlation
-------------------
Genetic Correlation: -0.4991 (0.458)
Z-score: -1.0897
P: 0.2759


Summary of Genetic Correlation Results
                                                                               p1                                             p2      rg      se       z          p h2_obs h2_obs_se h2_int h2_int_se gcov_int gcov_int_se
 ../results/ldsc/STAGE00DATA/mean_imputed/not_subsampled/munged/par22.sumstats.gz  ../results/ldsc/face/munged/par23.sumstats.gz -0.2792  0.1409  -1.982    0.04746   1152       506  582.7     88.67   -11.97       1.666
 ../results/ldsc/STAGE00DATA/mean_imputed/not_subsampled/munged/par22.sumstats.gz  ../results/ldsc/face/munged/par24.sumstats.gz -0.2698  0.1636  -1.649    0.09916  994.1       272  856.9     64.01   -15.32       2.033
 ../results/ldsc/STAGE00DATA/mean_imputed/not_subsampled/munged/par22.sumstats.gz  ../results/ldsc/face/munged/par25.sumstats.gz -0.4651   0.145  -3.208   0.001336   1220     401.4  732.9     75.75   -14.02       2.071
 ../results/ldsc/STAGE00DATA/mean_imputed/not_subsampled/munged/par22.sumstats.gz  ../results/ldsc/face/munged/par26.sumstats.gz  -0.492  0.1109  -4.438  9.075e-06   4354      1280  704.1       180    -14.9        2.71
 ../results/ldsc/STAGE00DATA/mean_imputed/not_subsampled/munged/par22.sumstats.gz  ../results/ldsc/face/munged/par27.sumstats.gz -0.5012  0.1215  -4.127  3.683e-05   2068       868  744.1     148.5   -14.01       2.554
 ../results/ldsc/STAGE00DATA/mean_imputed/not_subsampled/munged/par22.sumstats.gz  ../results/ldsc/face/munged/par28.sumstats.gz -0.5713  0.2796  -2.043    0.04105  299.7     201.3  970.5      94.9   -15.47       2.107
 ../results/ldsc/STAGE00DATA/mean_imputed/not_subsampled/munged/par22.sumstats.gz  ../results/ldsc/face/munged/par29.sumstats.gz -0.4745   0.183  -2.593   0.009526  671.7     229.7  901.7     61.42   -15.88        2.11
 ../results/ldsc/STAGE00DATA/mean_imputed/not_subsampled/munged/par22.sumstats.gz  ../results/ldsc/face/munged/par30.sumstats.gz -0.3812  0.1955   -1.95    0.05116   1490     420.5   1917     129.7   -23.23       3.088
 ../results/ldsc/STAGE00DATA/mean_imputed/not_subsampled/munged/par22.sumstats.gz  ../results/ldsc/face/munged/par31.sumstats.gz -0.2296  0.3314 -0.6928     0.4884  341.2       271   1206     79.38   -18.57       2.388
 ../results/ldsc/STAGE00DATA/mean_imputed/not_subsampled/munged/par22.sumstats.gz  ../results/ldsc/face/munged/par32.sumstats.gz      NA      NA      NA         NA -132.9       151    228     64.89   -7.403        1.68
 ../results/ldsc/STAGE00DATA/mean_imputed/not_subsampled/munged/par22.sumstats.gz  ../results/ldsc/face/munged/par33.sumstats.gz      NA      NA      NA         NA     NA        NA     NA        NA       NA          NA
 ../results/ldsc/STAGE00DATA/mean_imputed/not_subsampled/munged/par22.sumstats.gz  ../results/ldsc/face/munged/par34.sumstats.gz -0.6173  0.2306  -2.676   0.007444  250.2     179.2  412.5     49.12   -8.918       1.213
 ../results/ldsc/STAGE00DATA/mean_imputed/not_subsampled/munged/par22.sumstats.gz  ../results/ldsc/face/munged/par35.sumstats.gz -0.2238  0.4056 -0.5518     0.5811  43.63     61.21  177.2     18.88   -7.027      0.9507
 ../results/ldsc/STAGE00DATA/mean_imputed/not_subsampled/munged/par22.sumstats.gz  ../results/ldsc/face/munged/par36.sumstats.gz -0.6686  0.3361  -1.989    0.04665  207.9     213.8    350     60.01   -7.265       1.189
 ../results/ldsc/STAGE00DATA/mean_imputed/not_subsampled/munged/par22.sumstats.gz  ../results/ldsc/face/munged/par37.sumstats.gz -0.4718  0.1151  -4.098  4.166e-05  639.8     268.8  377.5     39.24   -8.829        1.28
 ../results/ldsc/STAGE00DATA/mean_imputed/not_subsampled/munged/par22.sumstats.gz  ../results/ldsc/face/munged/par38.sumstats.gz -0.3339  0.2241   -1.49     0.1362  313.1     142.6  393.2     33.87   -8.812        1.21
 ../results/ldsc/STAGE00DATA/mean_imputed/not_subsampled/munged/par22.sumstats.gz  ../results/ldsc/face/munged/par39.sumstats.gz      NA      NA      NA         NA -44.55     88.16  311.1     37.11   -8.771       1.401
 ../results/ldsc/STAGE00DATA/mean_imputed/not_subsampled/munged/par22.sumstats.gz  ../results/ldsc/face/munged/par40.sumstats.gz -0.3355  0.1415  -2.372     0.0177  419.2     149.9  135.8     33.88   -5.525       1.005
 ../results/ldsc/STAGE00DATA/mean_imputed/not_subsampled/munged/par22.sumstats.gz  ../results/ldsc/face/munged/par41.sumstats.gz -0.5734  0.1288  -4.452  8.516e-06  250.8     102.9  154.5     20.78   -5.718      0.9462
 ../results/ldsc/STAGE00DATA/mean_imputed/not_subsampled/munged/par22.sumstats.gz  ../results/ldsc/face/munged/par42.sumstats.gz -0.2647  0.1434  -1.845    0.06497  472.8     107.6  214.6     31.43    -8.42       1.304
 ../results/ldsc/STAGE00DATA/mean_imputed/not_subsampled/munged/par22.sumstats.gz  ../results/ldsc/face/munged/par43.sumstats.gz -0.5311  0.1427  -3.723  0.0001971  292.3     109.9  291.5     31.82   -7.734       1.067
 ../results/ldsc/STAGE00DATA/mean_imputed/not_subsampled/munged/par22.sumstats.gz  ../results/ldsc/face/munged/par44.sumstats.gz      NA      NA      NA         NA -407.2       343   1350     145.2   -15.28       2.214
 ../results/ldsc/STAGE00DATA/mean_imputed/not_subsampled/munged/par22.sumstats.gz  ../results/ldsc/face/munged/par45.sumstats.gz      NA      NA      NA         NA     NA        NA     NA        NA       NA          NA
 ../results/ldsc/STAGE00DATA/mean_imputed/not_subsampled/munged/par22.sumstats.gz  ../results/ldsc/face/munged/par46.sumstats.gz  -0.352   0.105  -3.352  0.0008016  782.6     249.8  121.9     40.74   -5.745       1.009
 ../results/ldsc/STAGE00DATA/mean_imputed/not_subsampled/munged/par22.sumstats.gz  ../results/ldsc/face/munged/par47.sumstats.gz -0.5311  0.1923  -2.761   0.005759  244.8     159.5  347.5     40.95   -8.186       1.171
 ../results/ldsc/STAGE00DATA/mean_imputed/not_subsampled/munged/par22.sumstats.gz  ../results/ldsc/face/munged/par48.sumstats.gz -0.2477  0.1673  -1.481     0.1386    585     201.9    508     43.83   -11.59       1.531
 ../results/ldsc/STAGE00DATA/mean_imputed/not_subsampled/munged/par22.sumstats.gz  ../results/ldsc/face/munged/par49.sumstats.gz -0.3132  0.1453  -2.155    0.03116  436.7        85  325.9     25.46   -8.531       1.166
 ../results/ldsc/STAGE00DATA/mean_imputed/not_subsampled/munged/par22.sumstats.gz  ../results/ldsc/face/munged/par50.sumstats.gz -0.5645  0.1467  -3.847  0.0001194  515.2     139.9  497.1      32.3   -10.76       1.391
 ../results/ldsc/STAGE00DATA/mean_imputed/not_subsampled/munged/par22.sumstats.gz  ../results/ldsc/face/munged/par51.sumstats.gz -0.4084  0.1574  -2.595   0.009464   1076       444  529.5     71.65    -11.9       1.889
 ../results/ldsc/STAGE00DATA/mean_imputed/not_subsampled/munged/par22.sumstats.gz  ../results/ldsc/face/munged/par52.sumstats.gz -0.4378  0.1019  -4.298  1.724e-05  593.1     80.98    201     16.79    -7.38      0.9968
 ../results/ldsc/STAGE00DATA/mean_imputed/not_subsampled/munged/par22.sumstats.gz  ../results/ldsc/face/munged/par53.sumstats.gz -0.4416  0.1331  -3.318  0.0009052   3403      1392  498.3     208.6   -12.15       2.824
 ../results/ldsc/STAGE00DATA/mean_imputed/not_subsampled/munged/par22.sumstats.gz  ../results/ldsc/face/munged/par54.sumstats.gz -0.4929  0.1289  -3.825  0.0001309   1846     770.4  708.7     148.4   -13.84       2.604
 ../results/ldsc/STAGE00DATA/mean_imputed/not_subsampled/munged/par22.sumstats.gz  ../results/ldsc/face/munged/par55.sumstats.gz -0.5713  0.1201  -4.757  1.969e-06  516.4     193.3  317.3     38.55   -8.357        1.33
 ../results/ldsc/STAGE00DATA/mean_imputed/not_subsampled/munged/par22.sumstats.gz  ../results/ldsc/face/munged/par56.sumstats.gz -0.2607   0.286 -0.9117     0.3619  196.4     168.4  481.6     73.53   -11.14       1.748
 ../results/ldsc/STAGE00DATA/mean_imputed/not_subsampled/munged/par22.sumstats.gz  ../results/ldsc/face/munged/par57.sumstats.gz -0.4143  0.2076  -1.996    0.04592  436.6       149  677.4     64.19   -13.59        1.72
 ../results/ldsc/STAGE00DATA/mean_imputed/not_subsampled/munged/par22.sumstats.gz  ../results/ldsc/face/munged/par58.sumstats.gz  -0.382  0.2296  -1.664     0.0962  172.7     89.54  294.5     32.89   -9.329       1.565
 ../results/ldsc/STAGE00DATA/mean_imputed/not_subsampled/munged/par22.sumstats.gz  ../results/ldsc/face/munged/par59.sumstats.gz -0.4586  0.1636  -2.803    0.00507  344.4     109.6  352.9     35.28   -9.246       1.194
 ../results/ldsc/STAGE00DATA/mean_imputed/not_subsampled/munged/par22.sumstats.gz  ../results/ldsc/face/munged/par60.sumstats.gz -0.4144  0.2014  -2.057    0.03969  930.7     265.7   1192     79.16   -18.25       2.431
 ../results/ldsc/STAGE00DATA/mean_imputed/not_subsampled/munged/par22.sumstats.gz  ../results/ldsc/face/munged/par61.sumstats.gz -0.3452  0.1716  -2.011    0.04429    799     238.1  749.9     57.78   -14.07       1.883
 ../results/ldsc/STAGE00DATA/mean_imputed/not_subsampled/munged/par22.sumstats.gz  ../results/ldsc/face/munged/par62.sumstats.gz -0.2788  0.6854 -0.4068     0.6842  88.93       181  827.7     56.51   -16.08       2.161
 ../results/ldsc/STAGE00DATA/mean_imputed/not_subsampled/munged/par22.sumstats.gz  ../results/ldsc/face/munged/par63.sumstats.gz -0.4991   0.458   -1.09     0.2759  192.5     222.6   1037        63   -16.35       1.864

Analysis finished at Wed Mar 16 21:50:07 2022
Total time elapsed: 1.0m:2.27s
