*********************************************************************
* LD Score Regression (LDSC)
* Version 1.0.1
* (C) 2014-2019 Brendan Bulik-Sullivan and Hilary Finucane
* Broad Institute of MIT and Harvard / MIT Department of Mathematics
* GNU General Public License v3
*********************************************************************
Call: 
./ldsc.py \
--ref-ld-chr ../SAMPLE_DATA/eur_w_ld_chr/ \
--out ../results/asymmetry/ldsc/other_asymmetry/joinedDatasets/mean_imputed/not_subsampled/rg/par10 \
--rg ../results/asymmetry/ldsc/joinedDatasets/mean_imputed/not_subsampled/munged/par10.sumstats.gz,../SAMPLE_DATA/OTHER_ASYMMETRY_GWAS/SHA2021/munged.sumstats.gz \
--w-ld-chr ../SAMPLE_DATA/eur_w_ld_chr/ 

Beginning analysis at Mon Apr  4 13:28:55 2022
Reading summary statistics from ../results/asymmetry/ldsc/joinedDatasets/mean_imputed/not_subsampled/munged/par10.sumstats.gz ...
Read summary statistics for 1174887 SNPs.
Reading reference panel LD Score from ../SAMPLE_DATA/eur_w_ld_chr/[1-22] ... (ldscore_fromlist)
Read reference panel LD Scores for 1290028 SNPs.
Removing partitioned LD Scores with zero variance.
Reading regression weight LD Score from ../SAMPLE_DATA/eur_w_ld_chr/[1-22] ... (ldscore_fromlist)
Read regression weight LD Scores for 1290028 SNPs.
After merging with reference panel LD, 1168875 SNPs remain.
After merging with regression SNP LD, 1168875 SNPs remain.
Computing rg for phenotype 2/2
Reading summary statistics from ../SAMPLE_DATA/OTHER_ASYMMETRY_GWAS/SHA2021/munged.sumstats.gz ...
Read summary statistics for 1217311 SNPs.
After merging with summary statistics, 1168875 SNPs remain.
1168326 SNPs with valid alleles.

Heritability of phenotype 1
---------------------------
Total Observed scale h2: 0.1298 (0.0179)
Lambda GC: 1.0833
Mean Chi^2: 1.0814
Intercept: 0.9904 (0.0067)
Ratio < 0 (usually indicates GC correction).

Heritability of phenotype 2/2
-----------------------------
Total Observed scale h2: 0.276 (0.021)
Lambda GC: 1.2136
Mean Chi^2: 1.1847
Intercept: 1.007 (0.0071)
Ratio: 0.0381 (0.0387)

Genetic Covariance
------------------
Total Observed scale gencov: 0.0656 (0.0095)
Mean z1*z2: -0.1601
Intercept: -0.2015 (0.0044)

Genetic Correlation
-------------------
Genetic Correlation: 0.3467 (0.0698)
Z-score: 4.9662
P: 6.8289e-07


Summary of Genetic Correlation Results
                                                                                            p1                                                              p2      rg      se       z           p  h2_obs  h2_obs_se  h2_int  h2_int_se  gcov_int  gcov_int_se
 ../results/asymmetry/ldsc/joinedDatasets/mean_imputed/not_subsampled/munged/par10.sumstats.gz  ../SAMPLE_DATA/OTHER_ASYMMETRY_GWAS/SHA2021/munged.sumstats.gz  0.3467  0.0698  4.9662  6.8289e-07   0.276      0.021   1.007     0.0071   -0.2015       0.0044

Analysis finished at Mon Apr  4 13:29:14 2022
Total time elapsed: 18.52s
