*********************************************************************
* LD Score Regression (LDSC)
* Version 1.0.1
* (C) 2014-2019 Brendan Bulik-Sullivan and Hilary Finucane
* Broad Institute of MIT and Harvard / MIT Department of Mathematics
* GNU General Public License v3
*********************************************************************
Call: 
./ldsc.py \
--ref-ld-chr ../SAMPLE_DATA/eur_w_ld_chr/ \
--out ../results/asymmetry/ldsc/other_asymmetry/joinedDatasets/mean_imputed/not_subsampled/rg/par23 \
--rg ../results/asymmetry/ldsc/joinedDatasets/mean_imputed/not_subsampled/munged/par23.sumstats.gz,../SAMPLE_DATA/OTHER_ASYMMETRY_GWAS/SHA2021/munged.sumstats.gz \
--w-ld-chr ../SAMPLE_DATA/eur_w_ld_chr/ 

Beginning analysis at Mon Apr  4 13:32:56 2022
Reading summary statistics from ../results/asymmetry/ldsc/joinedDatasets/mean_imputed/not_subsampled/munged/par23.sumstats.gz ...
Read summary statistics for 1174887 SNPs.
Reading reference panel LD Score from ../SAMPLE_DATA/eur_w_ld_chr/[1-22] ... (ldscore_fromlist)
Read reference panel LD Scores for 1290028 SNPs.
Removing partitioned LD Scores with zero variance.
Reading regression weight LD Score from ../SAMPLE_DATA/eur_w_ld_chr/[1-22] ... (ldscore_fromlist)
Read regression weight LD Scores for 1290028 SNPs.
After merging with reference panel LD, 1168875 SNPs remain.
After merging with regression SNP LD, 1168875 SNPs remain.
Computing rg for phenotype 2/2
Reading summary statistics from ../SAMPLE_DATA/OTHER_ASYMMETRY_GWAS/SHA2021/munged.sumstats.gz ...
Read summary statistics for 1217311 SNPs.
After merging with summary statistics, 1168875 SNPs remain.
1168326 SNPs with valid alleles.

Heritability of phenotype 1
---------------------------
Total Observed scale h2: 0.0249 (0.0133)
Lambda GC: 1.0195
Mean Chi^2: 1.0209
Intercept: 1.0034 (0.0061)
Ratio: 0.1622 (0.2905)

Heritability of phenotype 2/2
-----------------------------
Total Observed scale h2: 0.276 (0.021)
Lambda GC: 1.2136
Mean Chi^2: 1.1847
Intercept: 1.007 (0.0071)
Ratio: 0.0381 (0.0387)

Genetic Covariance
------------------
Total Observed scale gencov: 0.0988 (0.0079)
Mean z1*z2: -0.1522
Intercept: -0.2167 (0.0041)

Genetic Correlation
-------------------
Genetic Correlation: 1.1912 (0.377)
Z-score: 3.1592
P: 0.0016


Summary of Genetic Correlation Results
                                                                                            p1                                                              p2      rg     se       z       p  h2_obs  h2_obs_se  h2_int  h2_int_se  gcov_int  gcov_int_se
 ../results/asymmetry/ldsc/joinedDatasets/mean_imputed/not_subsampled/munged/par23.sumstats.gz  ../SAMPLE_DATA/OTHER_ASYMMETRY_GWAS/SHA2021/munged.sumstats.gz  1.1912  0.377  3.1592  0.0016   0.276      0.021   1.007     0.0071   -0.2167       0.0041

Analysis finished at Mon Apr  4 13:33:14 2022
Total time elapsed: 17.46s
