*********************************************************************
* LD Score Regression (LDSC)
* Version 1.0.1
* (C) 2014-2019 Brendan Bulik-Sullivan and Hilary Finucane
* Broad Institute of MIT and Harvard / MIT Department of Mathematics
* GNU General Public License v3
*********************************************************************
Call: 
./ldsc.py \
--ref-ld-chr ../SAMPLE_DATA/eur_w_ld_chr/ \
--out ../results/asymmetry/ldsc/other_traits/joinedDatasets/mean_imputed/not_subsampled/rg/par07 \
--rg ../results/asymmetry/ldsc/joinedDatasets/mean_imputed/not_subsampled/munged/par07.sumstats.gz,../SAMPLE_DATA/OTHER_TRAITS_GWAS/ADHD/munged.sumstats.gz,../SAMPLE_DATA/OTHER_TRAITS_GWAS/ASD/munged.sumstats.gz,../SAMPLE_DATA/OTHER_TRAITS_GWAS/BipolarDisorderAll/munged.sumstats.gz,../SAMPLE_DATA/OTHER_TRAITS_GWAS/Handedness/munged.sumstats.gz,../SAMPLE_DATA/OTHER_TRAITS_GWAS/Intelligence/munged.sumstats.gz,../SAMPLE_DATA/OTHER_TRAITS_GWAS/LanguageFunctionalConnectivity/munged.sumstats.gz,../SAMPLE_DATA/OTHER_TRAITS_GWAS/OCD/munged.sumstats.gz,../SAMPLE_DATA/OTHER_TRAITS_GWAS/Schizophrenia/munged.sumstats.gz \
--w-ld-chr ../SAMPLE_DATA/eur_w_ld_chr/ 

Beginning analysis at Sun Apr  3 14:30:37 2022
Reading summary statistics from ../results/asymmetry/ldsc/joinedDatasets/mean_imputed/not_subsampled/munged/par07.sumstats.gz ...
Read summary statistics for 1174887 SNPs.
Reading reference panel LD Score from ../SAMPLE_DATA/eur_w_ld_chr/[1-22] ... (ldscore_fromlist)
Read reference panel LD Scores for 1290028 SNPs.
Removing partitioned LD Scores with zero variance.
Reading regression weight LD Score from ../SAMPLE_DATA/eur_w_ld_chr/[1-22] ... (ldscore_fromlist)
Read regression weight LD Scores for 1290028 SNPs.
After merging with reference panel LD, 1168875 SNPs remain.
After merging with regression SNP LD, 1168875 SNPs remain.
Computing rg for phenotype 2/9
Reading summary statistics from ../SAMPLE_DATA/OTHER_TRAITS_GWAS/ADHD/munged.sumstats.gz ...
Read summary statistics for 1217311 SNPs.
After merging with summary statistics, 1168875 SNPs remain.
1057891 SNPs with valid alleles.

Heritability of phenotype 1
---------------------------
Total Observed scale h2: 0.0809 (0.0155)
Lambda GC: 1.0588
Mean Chi^2: 1.0565
Intercept: 0.9961 (0.0079)
Ratio < 0 (usually indicates GC correction).

Heritability of phenotype 2/9
-----------------------------
Total Observed scale h2: 0.2372 (0.0155)
Lambda GC: 1.2531
Mean Chi^2: 1.2966
Intercept: 1.0318 (0.0105)
Ratio: 0.1074 (0.0353)

Genetic Covariance
------------------
Total Observed scale gencov: 0.0124 (0.0076)
Mean z1*z2: -0.0131
Intercept: -0.0244 (0.0047)

Genetic Correlation
-------------------
Genetic Correlation: 0.0896 (0.0545)
Z-score: 1.645
P: 0.1

Computing rg for phenotype 3/9
Reading summary statistics from ../SAMPLE_DATA/OTHER_TRAITS_GWAS/ASD/munged.sumstats.gz ...
Read summary statistics for 1217311 SNPs.
After merging with summary statistics, 1168875 SNPs remain.
1039703 SNPs with valid alleles.

Heritability of phenotype 3/9
-----------------------------
Total Observed scale h2: 0.1939 (0.0168)
Lambda GC: 1.1715
Mean Chi^2: 1.1999
Intercept: 1.0086 (0.0096)
Ratio: 0.043 (0.0479)

Genetic Covariance
------------------
Total Observed scale gencov: 0.0316 (0.0073)
Mean z1*z2: -0.0088
Intercept: -0.0357 (0.0046)

Genetic Correlation
-------------------
Genetic Correlation: 0.2539 (0.0607)
Z-score: 4.1853
P: 2.8480e-05

Computing rg for phenotype 4/9
Reading summary statistics from ../SAMPLE_DATA/OTHER_TRAITS_GWAS/BipolarDisorderAll/munged.sumstats.gz ...
Read summary statistics for 1217311 SNPs.
After merging with summary statistics, 1168875 SNPs remain.
1114782 SNPs with valid alleles.

Heritability of phenotype 4/9
-----------------------------
Total Observed scale h2: 0.0699 (0.0029)
Lambda GC: 1.4673
Mean Chi^2: 1.6111
Intercept: 1.0329 (0.0112)
Ratio: 0.0539 (0.0183)

Genetic Covariance
------------------
Total Observed scale gencov: 0.0026 (0.0029)
Mean z1*z2: -0.0205
Intercept: -0.0253 (0.0046)

Genetic Correlation
-------------------
Genetic Correlation: 0.0338 (0.0375)
Z-score: 0.9002
P: 0.368

Computing rg for phenotype 5/9
Reading summary statistics from ../SAMPLE_DATA/OTHER_TRAITS_GWAS/Handedness/munged.sumstats.gz ...
Read summary statistics for 1217311 SNPs.
After merging with summary statistics, 1168875 SNPs remain.
1165342 SNPs with valid alleles.

Heritability of phenotype 5/9
-----------------------------
Total Observed scale h2: 0.0126 (0.0016)
Lambda GC: 1.105
Mean Chi^2: 1.1141
Intercept: 1.0325 (0.0073)
Ratio: 0.2848 (0.0643)

Genetic Covariance
------------------
Total Observed scale gencov: 0.0022 (0.0025)
Mean z1*z2: 0.004
Intercept: -0.0005 (0.0033)

Genetic Correlation
-------------------
Genetic Correlation: 0.0673 (0.0798)
Z-score: 0.8438
P: 0.3988

Computing rg for phenotype 6/9
Reading summary statistics from ../SAMPLE_DATA/OTHER_TRAITS_GWAS/Intelligence/munged.sumstats.gz ...
Read summary statistics for 1217311 SNPs.
After merging with summary statistics, 1168875 SNPs remain.
1162630 SNPs with valid alleles.

Heritability of phenotype 6/9
-----------------------------
Total Observed scale h2: 1.5194 (0.0831)
Lambda GC: 1.2597
Mean Chi^2: 1.3011
Intercept: 1.0097 (0.0082)
Ratio: 0.0321 (0.0273)

Genetic Covariance
------------------
Total Observed scale gencov: 0.0025 (0.0157)
Mean z1*z2: 0.006
Intercept: 0.0051 (0.004)

Genetic Correlation
-------------------
Genetic Correlation: 0.0072 (0.045)
Z-score: 0.1607
P: 0.8723

Computing rg for phenotype 7/9
Reading summary statistics from ../SAMPLE_DATA/OTHER_TRAITS_GWAS/LanguageFunctionalConnectivity/munged.sumstats.gz ...
Read summary statistics for 1217311 SNPs.
After merging with summary statistics, 1168875 SNPs remain.
1168698 SNPs with valid alleles.

Heritability of phenotype 7/9
-----------------------------
Total Observed scale h2: 0.3863 (0.0261)
Lambda GC: 1.3169
Mean Chi^2: 1.259
Intercept: 1.0106 (0.0076)
Ratio: 0.0409 (0.0295)

Genetic Covariance
------------------
Total Observed scale gencov: 0.0208 (0.0067)
Mean z1*z2: -0.092
Intercept: -0.105 (0.0034)

Genetic Correlation
-------------------
Genetic Correlation: 0.1174 (0.0421)
Z-score: 2.7895
P: 0.0053

Computing rg for phenotype 8/9
Reading summary statistics from ../SAMPLE_DATA/OTHER_TRAITS_GWAS/OCD/munged.sumstats.gz ...
Read summary statistics for 1217311 SNPs.
After merging with summary statistics, 1168875 SNPs remain.
1092485 SNPs with valid alleles.

Heritability of phenotype 8/9
-----------------------------
Total Observed scale h2: 0.3131 (0.0489)
Lambda GC: 1.0527
Mean Chi^2: 1.0569
Intercept: 0.995 (0.0067)
Ratio < 0 (usually indicates GC correction).

Genetic Covariance
------------------
Total Observed scale gencov: 0.013 (0.0137)
Mean z1*z2: -0.0057
Intercept: -0.0107 (0.004)

Genetic Correlation
-------------------
Genetic Correlation: 0.0816 (0.0861)
Z-score: 0.9469
P: 0.3437

Computing rg for phenotype 9/9
Reading summary statistics from ../SAMPLE_DATA/OTHER_TRAITS_GWAS/Schizophrenia/munged.sumstats.gz ...
Read summary statistics for 1217311 SNPs.
After merging with summary statistics, 1168875 SNPs remain.
1106322 SNPs with valid alleles.

Heritability of phenotype 9/9
-----------------------------
Total Observed scale h2: 0.4414 (0.0179)
Lambda GC: 1.5957
Mean Chi^2: 1.7867
Intercept: 1.0412 (0.0122)
Ratio: 0.0524 (0.0155)

Genetic Covariance
------------------
Total Observed scale gencov: 0.0186 (0.0067)
Mean z1*z2: -0.0155
Intercept: -0.0343 (0.005)

Genetic Correlation
-------------------
Genetic Correlation: 0.0968 (0.0348)
Z-score: 2.786
P: 0.0053


Summary of Genetic Correlation Results
                                                                                            p1                                                                                  p2      rg      se       z           p  h2_obs  h2_obs_se  h2_int  h2_int_se  gcov_int  gcov_int_se
 ../results/asymmetry/ldsc/joinedDatasets/mean_imputed/not_subsampled/munged/par07.sumstats.gz                            ../SAMPLE_DATA/OTHER_TRAITS_GWAS/ADHD/munged.sumstats.gz  0.0896  0.0545  1.6450  9.9975e-02  0.2372     0.0155  1.0318     0.0105   -0.0244       0.0047
 ../results/asymmetry/ldsc/joinedDatasets/mean_imputed/not_subsampled/munged/par07.sumstats.gz                             ../SAMPLE_DATA/OTHER_TRAITS_GWAS/ASD/munged.sumstats.gz  0.2539  0.0607  4.1853  2.8480e-05  0.1939     0.0168  1.0086     0.0096   -0.0357       0.0046
 ../results/asymmetry/ldsc/joinedDatasets/mean_imputed/not_subsampled/munged/par07.sumstats.gz              ../SAMPLE_DATA/OTHER_TRAITS_GWAS/BipolarDisorderAll/munged.sumstats.gz  0.0338  0.0375  0.9002  3.6800e-01  0.0699     0.0029  1.0329     0.0112   -0.0253       0.0046
 ../results/asymmetry/ldsc/joinedDatasets/mean_imputed/not_subsampled/munged/par07.sumstats.gz                      ../SAMPLE_DATA/OTHER_TRAITS_GWAS/Handedness/munged.sumstats.gz  0.0673  0.0798  0.8438  3.9877e-01  0.0126     0.0016  1.0325     0.0073   -0.0005       0.0033
 ../results/asymmetry/ldsc/joinedDatasets/mean_imputed/not_subsampled/munged/par07.sumstats.gz                    ../SAMPLE_DATA/OTHER_TRAITS_GWAS/Intelligence/munged.sumstats.gz  0.0072  0.0450  0.1607  8.7233e-01  1.5194     0.0831  1.0097     0.0082    0.0051       0.0040
 ../results/asymmetry/ldsc/joinedDatasets/mean_imputed/not_subsampled/munged/par07.sumstats.gz  ../SAMPLE_DATA/OTHER_TRAITS_GWAS/LanguageFunctionalConnectivity/munged.sumstats.gz  0.1174  0.0421  2.7895  5.2793e-03  0.3863     0.0261  1.0106     0.0076   -0.1050       0.0034
 ../results/asymmetry/ldsc/joinedDatasets/mean_imputed/not_subsampled/munged/par07.sumstats.gz                             ../SAMPLE_DATA/OTHER_TRAITS_GWAS/OCD/munged.sumstats.gz  0.0816  0.0861  0.9469  3.4371e-01  0.3131     0.0489  0.9950     0.0067   -0.0107       0.0040
 ../results/asymmetry/ldsc/joinedDatasets/mean_imputed/not_subsampled/munged/par07.sumstats.gz                   ../SAMPLE_DATA/OTHER_TRAITS_GWAS/Schizophrenia/munged.sumstats.gz  0.0968  0.0348  2.7860  5.3367e-03  0.4414     0.0179  1.0412     0.0122   -0.0343       0.0050

Analysis finished at Sun Apr  3 14:31:29 2022
Total time elapsed: 52.44s
