*********************************************************************
* LD Score Regression (LDSC)
* Version 1.0.1
* (C) 2014-2019 Brendan Bulik-Sullivan and Hilary Finucane
* Broad Institute of MIT and Harvard / MIT Department of Mathematics
* GNU General Public License v3
*********************************************************************
Call: 
./ldsc.py \
--ref-ld-chr ../SAMPLE_DATA/eur_w_ld_chr/ \
--out ../results/asymmetry/ldsc/other_traits/joinedDatasets/mean_imputed/not_subsampled/rg/par02 \
--rg ../results/asymmetry/ldsc/joinedDatasets/mean_imputed/not_subsampled/munged/par02.sumstats.gz,../SAMPLE_DATA/OTHER_TRAITS_GWAS/ADHD/munged.sumstats.gz,../SAMPLE_DATA/OTHER_TRAITS_GWAS/AlzheimersDisease/munged.sumstats.gz,../SAMPLE_DATA/OTHER_TRAITS_GWAS/ASD/munged.sumstats.gz,../SAMPLE_DATA/OTHER_TRAITS_GWAS/BipolarDisorderAll/munged.sumstats.gz,../SAMPLE_DATA/OTHER_TRAITS_GWAS/EducationalAttainment/munged.sumstats.gz,../SAMPLE_DATA/OTHER_TRAITS_GWAS/Handedness/munged.sumstats.gz,../SAMPLE_DATA/OTHER_TRAITS_GWAS/Intelligence/munged.sumstats.gz,../SAMPLE_DATA/OTHER_TRAITS_GWAS/LanguageFunctionalConnectivity/munged.sumstats.gz,../SAMPLE_DATA/OTHER_TRAITS_GWAS/MajorDepressiveDisorder/munged.sumstats.gz,../SAMPLE_DATA/OTHER_TRAITS_GWAS/NeuroticismMeasurement/munged.sumstats.gz,../SAMPLE_DATA/OTHER_TRAITS_GWAS/OCD/munged.sumstats.gz,../SAMPLE_DATA/OTHER_TRAITS_GWAS/RedHair/munged.sumstats.gz,../SAMPLE_DATA/OTHER_TRAITS_GWAS/Schizophrenia/munged.sumstats.gz \
--w-ld-chr ../SAMPLE_DATA/eur_w_ld_chr/ 

Beginning analysis at Sun Apr 10 22:56:41 2022
Reading summary statistics from ../results/asymmetry/ldsc/joinedDatasets/mean_imputed/not_subsampled/munged/par02.sumstats.gz ...
Read summary statistics for 1174887 SNPs.
Reading reference panel LD Score from ../SAMPLE_DATA/eur_w_ld_chr/[1-22] ... (ldscore_fromlist)
Read reference panel LD Scores for 1290028 SNPs.
Removing partitioned LD Scores with zero variance.
Reading regression weight LD Score from ../SAMPLE_DATA/eur_w_ld_chr/[1-22] ... (ldscore_fromlist)
Read regression weight LD Scores for 1290028 SNPs.
After merging with reference panel LD, 1168875 SNPs remain.
After merging with regression SNP LD, 1168875 SNPs remain.
Computing rg for phenotype 2/14
Reading summary statistics from ../SAMPLE_DATA/OTHER_TRAITS_GWAS/ADHD/munged.sumstats.gz ...
Read summary statistics for 1217311 SNPs.
After merging with summary statistics, 1168875 SNPs remain.
1057891 SNPs with valid alleles.

Heritability of phenotype 1
---------------------------
Total Observed scale h2: 0.2225 (0.0225)
Lambda GC: 1.1619
Mean Chi^2: 1.1607
Intercept: 0.9925 (0.0091)
Ratio < 0 (usually indicates GC correction).

Heritability of phenotype 2/14
------------------------------
Total Observed scale h2: 0.2372 (0.0155)
Lambda GC: 1.2531
Mean Chi^2: 1.2966
Intercept: 1.0318 (0.0105)
Ratio: 0.1074 (0.0353)

Genetic Covariance
------------------
Total Observed scale gencov: 0.0005 (0.0083)
Mean z1*z2: -0.0112
Intercept: -0.0121 (0.0049)

Genetic Correlation
-------------------
Genetic Correlation: 0.0023 (0.0361)
Z-score: 0.0641
P: 0.9489

Computing rg for phenotype 3/14
Reading summary statistics from ../SAMPLE_DATA/OTHER_TRAITS_GWAS/AlzheimersDisease/munged.sumstats.gz ...
Read summary statistics for 1217311 SNPs.
After merging with summary statistics, 1168875 SNPs remain.
1163706 SNPs with valid alleles.

Heritability of phenotype 3/14
------------------------------
Total Observed scale h2: 0.0083 (0.0041)
Lambda GC: 1.0833
Mean Chi^2: 1.1241
Intercept: 1.054 (0.0508)
Ratio: 0.4356 (0.4097)

Genetic Covariance
------------------
Total Observed scale gencov: -0.0013 (0.0022)
Mean z1*z2: -0.0113
Intercept: -0.0084 (0.0041)

Genetic Correlation
-------------------
Genetic Correlation: -0.0293 (0.053)
Z-score: -0.5518
P: 0.5811

Computing rg for phenotype 4/14
Reading summary statistics from ../SAMPLE_DATA/OTHER_TRAITS_GWAS/ASD/munged.sumstats.gz ...
Read summary statistics for 1217311 SNPs.
After merging with summary statistics, 1168875 SNPs remain.
1039703 SNPs with valid alleles.

Heritability of phenotype 4/14
------------------------------
Total Observed scale h2: 0.1939 (0.0168)
Lambda GC: 1.1715
Mean Chi^2: 1.1999
Intercept: 1.0086 (0.0096)
Ratio: 0.043 (0.0479)

Genetic Covariance
------------------
Total Observed scale gencov: 0.0027 (0.0081)
Mean z1*z2: -0.0127
Intercept: -0.0143 (0.005)

Genetic Correlation
-------------------
Genetic Correlation: 0.0132 (0.039)
Z-score: 0.3378
P: 0.7355

Computing rg for phenotype 5/14
Reading summary statistics from ../SAMPLE_DATA/OTHER_TRAITS_GWAS/BipolarDisorderAll/munged.sumstats.gz ...
Read summary statistics for 1217311 SNPs.
After merging with summary statistics, 1168875 SNPs remain.
1114782 SNPs with valid alleles.

Heritability of phenotype 5/14
------------------------------
Total Observed scale h2: 0.0699 (0.0029)
Lambda GC: 1.4673
Mean Chi^2: 1.6111
Intercept: 1.0329 (0.0112)
Ratio: 0.0539 (0.0183)

Genetic Covariance
------------------
Total Observed scale gencov: 0.0014 (0.003)
Mean z1*z2: -0.0125
Intercept: -0.0128 (0.0046)

Genetic Correlation
-------------------
Genetic Correlation: 0.0116 (0.0241)
Z-score: 0.4815
P: 0.6301

Computing rg for phenotype 6/14
Reading summary statistics from ../SAMPLE_DATA/OTHER_TRAITS_GWAS/EducationalAttainment/munged.sumstats.gz ...
Read summary statistics for 1217311 SNPs.
After merging with summary statistics, 1168875 SNPs remain.
1166262 SNPs with valid alleles.

Heritability of phenotype 6/14
------------------------------
Total Observed scale h2: 0.092 (0.0033)
Lambda GC: 1.4781
Mean Chi^2: 1.6482
Intercept: 0.9266 (0.0104)
Ratio < 0 (usually indicates GC correction).

Genetic Covariance
------------------
Total Observed scale gencov: 0.0004 (0.003)
Mean z1*z2: 0.0034
Intercept: 0.0029 (0.0042)

Genetic Correlation
-------------------
Genetic Correlation: 0.0031 (0.0206)
Z-score: 0.1491
P: 0.8815

Computing rg for phenotype 7/14
Reading summary statistics from ../SAMPLE_DATA/OTHER_TRAITS_GWAS/Handedness/munged.sumstats.gz ...
Read summary statistics for 1217311 SNPs.
After merging with summary statistics, 1168875 SNPs remain.
1165342 SNPs with valid alleles.

Heritability of phenotype 7/14
------------------------------
Total Observed scale h2: 0.0126 (0.0016)
Lambda GC: 1.105
Mean Chi^2: 1.1141
Intercept: 1.0325 (0.0073)
Ratio: 0.2848 (0.0643)

Genetic Covariance
------------------
Total Observed scale gencov: 0.0032 (0.0027)
Mean z1*z2: 0.0061
Intercept: -0.0013 (0.0037)

Genetic Correlation
-------------------
Genetic Correlation: 0.0601 (0.0515)
Z-score: 1.1683
P: 0.2427

Computing rg for phenotype 8/14
Reading summary statistics from ../SAMPLE_DATA/OTHER_TRAITS_GWAS/Intelligence/munged.sumstats.gz ...
Read summary statistics for 1217311 SNPs.
After merging with summary statistics, 1168875 SNPs remain.
1162630 SNPs with valid alleles.

Heritability of phenotype 8/14
------------------------------
Total Observed scale h2: 1.5194 (0.0831)
Lambda GC: 1.2597
Mean Chi^2: 1.3011
Intercept: 1.0097 (0.0082)
Ratio: 0.0321 (0.0273)

Genetic Covariance
------------------
Total Observed scale gencov: 0.0037 (0.0171)
Mean z1*z2: 0.004
Intercept: 0.0029 (0.0039)

Genetic Correlation
-------------------
Genetic Correlation: 0.0065 (0.0295)
Z-score: 0.2195
P: 0.8262

Computing rg for phenotype 9/14
Reading summary statistics from ../SAMPLE_DATA/OTHER_TRAITS_GWAS/LanguageFunctionalConnectivity/munged.sumstats.gz ...
Read summary statistics for 1217311 SNPs.
After merging with summary statistics, 1168875 SNPs remain.
1168698 SNPs with valid alleles.

Heritability of phenotype 9/14
------------------------------
Total Observed scale h2: 0.3863 (0.0261)
Lambda GC: 1.3169
Mean Chi^2: 1.259
Intercept: 1.0106 (0.0076)
Ratio: 0.0409 (0.0295)

Genetic Covariance
------------------
Total Observed scale gencov: -8.3535e-05 (0.0102)
Mean z1*z2: -0.0666
Intercept: -0.0649 (0.0039)

Genetic Correlation
-------------------
Genetic Correlation: -0.0003 (0.0354)
Z-score: -0.0081
P: 0.9936

Computing rg for phenotype 10/14
Reading summary statistics from ../SAMPLE_DATA/OTHER_TRAITS_GWAS/MajorDepressiveDisorder/munged.sumstats.gz ...
Read summary statistics for 1217311 SNPs.
After merging with summary statistics, 1168875 SNPs remain.
254748 SNPs with valid alleles.

Heritability of phenotype 10/14
-------------------------------
Total Observed scale h2: 0.002 (0.0087)
Lambda GC: 1.0075
Mean Chi^2: 1.0105
Intercept: 1.0088 (0.0074)
Ratio: 0.8369 (0.7026)

Genetic Covariance
------------------
Total Observed scale gencov: 7.6000e-05 (0.008)
Mean z1*z2: 1.4217e-06
Intercept: -0.0002 (0.0054)

Genetic Correlation
-------------------
Genetic Correlation: 0.0036 (0.4061)
Z-score: 0.0088
P: 0.993

Computing rg for phenotype 11/14
Reading summary statistics from ../SAMPLE_DATA/OTHER_TRAITS_GWAS/NeuroticismMeasurement/munged.sumstats.gz ...
Read summary statistics for 1217311 SNPs.
After merging with summary statistics, 1168875 SNPs remain.
1168608 SNPs with valid alleles.

Heritability of phenotype 11/14
-------------------------------
Total Observed scale h2: 0.1104 (0.0054)
Lambda GC: 1.5327
Mean Chi^2: 1.7507
Intercept: 1.0114 (0.0133)
Ratio: 0.0151 (0.0177)

Genetic Covariance
------------------
Total Observed scale gencov: -0.0027 (0.0028)
Mean z1*z2: -0.0021
Intercept: 0.003 (0.0037)

Genetic Correlation
-------------------
Genetic Correlation: -0.0175 (0.0182)
Z-score: -0.9656
P: 0.3343

Computing rg for phenotype 12/14
Reading summary statistics from ../SAMPLE_DATA/OTHER_TRAITS_GWAS/OCD/munged.sumstats.gz ...
Read summary statistics for 1217311 SNPs.
After merging with summary statistics, 1168875 SNPs remain.
1092485 SNPs with valid alleles.

Heritability of phenotype 12/14
-------------------------------
Total Observed scale h2: 0.3131 (0.0489)
Lambda GC: 1.0527
Mean Chi^2: 1.0569
Intercept: 0.995 (0.0067)
Ratio < 0 (usually indicates GC correction).

Genetic Covariance
------------------
Total Observed scale gencov: 0.008 (0.0143)
Mean z1*z2: -0.0083
Intercept: -0.0109 (0.0038)

Genetic Correlation
-------------------
Genetic Correlation: 0.0304 (0.0547)
Z-score: 0.5544
P: 0.5793

Computing rg for phenotype 13/14
Reading summary statistics from ../SAMPLE_DATA/OTHER_TRAITS_GWAS/RedHair/munged.sumstats.gz ...
Read summary statistics for 1217311 SNPs.
After merging with summary statistics, 1168875 SNPs remain.
1128902 SNPs with valid alleles.

Heritability of phenotype 13/14
-------------------------------
Total Observed scale h2: 0.0511 (0.0271)
Lambda GC: 1.0436
Mean Chi^2: 1.3482
Intercept: 1.0217 (0.0893)
Ratio: 0.0623 (0.2564)

Genetic Covariance
------------------
Total Observed scale gencov: -0.0006 (0.0029)
Mean z1*z2: -0.0027
Intercept: -0.0026 (0.0039)

Genetic Correlation
-------------------
Genetic Correlation: -0.0053 (0.0296)
Z-score: -0.18
P: 0.8571

Computing rg for phenotype 14/14
Reading summary statistics from ../SAMPLE_DATA/OTHER_TRAITS_GWAS/Schizophrenia/munged.sumstats.gz ...
Read summary statistics for 1217311 SNPs.
After merging with summary statistics, 1168875 SNPs remain.
1106322 SNPs with valid alleles.

Heritability of phenotype 14/14
-------------------------------
Total Observed scale h2: 0.4414 (0.0179)
Lambda GC: 1.5957
Mean Chi^2: 1.7867
Intercept: 1.0412 (0.0122)
Ratio: 0.0524 (0.0155)

Genetic Covariance
------------------
Total Observed scale gencov: 0.011 (0.0073)
Mean z1*z2: -0.0101
Intercept: -0.0201 (0.0049)

Genetic Correlation
-------------------
Genetic Correlation: 0.0349 (0.0229)
Z-score: 1.5235
P: 0.1276


Summary of Genetic Correlation Results
                                                                                            p1                                                                                  p2      rg      se       z       p  h2_obs  h2_obs_se  h2_int  h2_int_se  gcov_int  gcov_int_se
 ../results/asymmetry/ldsc/joinedDatasets/mean_imputed/not_subsampled/munged/par02.sumstats.gz                            ../SAMPLE_DATA/OTHER_TRAITS_GWAS/ADHD/munged.sumstats.gz  0.0023  0.0361  0.0641  0.9489  0.2372     0.0155  1.0318     0.0105   -0.0121       0.0049
 ../results/asymmetry/ldsc/joinedDatasets/mean_imputed/not_subsampled/munged/par02.sumstats.gz               ../SAMPLE_DATA/OTHER_TRAITS_GWAS/AlzheimersDisease/munged.sumstats.gz -0.0293  0.0530 -0.5518  0.5811  0.0083     0.0041  1.0540     0.0508   -0.0084       0.0041
 ../results/asymmetry/ldsc/joinedDatasets/mean_imputed/not_subsampled/munged/par02.sumstats.gz                             ../SAMPLE_DATA/OTHER_TRAITS_GWAS/ASD/munged.sumstats.gz  0.0132  0.0390  0.3378  0.7355  0.1939     0.0168  1.0086     0.0096   -0.0143       0.0050
 ../results/asymmetry/ldsc/joinedDatasets/mean_imputed/not_subsampled/munged/par02.sumstats.gz              ../SAMPLE_DATA/OTHER_TRAITS_GWAS/BipolarDisorderAll/munged.sumstats.gz  0.0116  0.0241  0.4815  0.6301  0.0699     0.0029  1.0329     0.0112   -0.0128       0.0046
 ../results/asymmetry/ldsc/joinedDatasets/mean_imputed/not_subsampled/munged/par02.sumstats.gz           ../SAMPLE_DATA/OTHER_TRAITS_GWAS/EducationalAttainment/munged.sumstats.gz  0.0031  0.0206  0.1491  0.8815  0.0920     0.0033  0.9266     0.0104    0.0029       0.0042
 ../results/asymmetry/ldsc/joinedDatasets/mean_imputed/not_subsampled/munged/par02.sumstats.gz                      ../SAMPLE_DATA/OTHER_TRAITS_GWAS/Handedness/munged.sumstats.gz  0.0601  0.0515  1.1683  0.2427  0.0126     0.0016  1.0325     0.0073   -0.0013       0.0037
 ../results/asymmetry/ldsc/joinedDatasets/mean_imputed/not_subsampled/munged/par02.sumstats.gz                    ../SAMPLE_DATA/OTHER_TRAITS_GWAS/Intelligence/munged.sumstats.gz  0.0065  0.0295  0.2195  0.8262  1.5194     0.0831  1.0097     0.0082    0.0029       0.0039
 ../results/asymmetry/ldsc/joinedDatasets/mean_imputed/not_subsampled/munged/par02.sumstats.gz  ../SAMPLE_DATA/OTHER_TRAITS_GWAS/LanguageFunctionalConnectivity/munged.sumstats.gz -0.0003  0.0354 -0.0081  0.9936  0.3863     0.0261  1.0106     0.0076   -0.0649       0.0039
 ../results/asymmetry/ldsc/joinedDatasets/mean_imputed/not_subsampled/munged/par02.sumstats.gz         ../SAMPLE_DATA/OTHER_TRAITS_GWAS/MajorDepressiveDisorder/munged.sumstats.gz  0.0036  0.4061  0.0088  0.9930  0.0020     0.0087  1.0088     0.0074   -0.0002       0.0054
 ../results/asymmetry/ldsc/joinedDatasets/mean_imputed/not_subsampled/munged/par02.sumstats.gz          ../SAMPLE_DATA/OTHER_TRAITS_GWAS/NeuroticismMeasurement/munged.sumstats.gz -0.0175  0.0182 -0.9656  0.3343  0.1104     0.0054  1.0114     0.0133    0.0030       0.0037
 ../results/asymmetry/ldsc/joinedDatasets/mean_imputed/not_subsampled/munged/par02.sumstats.gz                             ../SAMPLE_DATA/OTHER_TRAITS_GWAS/OCD/munged.sumstats.gz  0.0304  0.0547  0.5544  0.5793  0.3131     0.0489  0.9950     0.0067   -0.0109       0.0038
 ../results/asymmetry/ldsc/joinedDatasets/mean_imputed/not_subsampled/munged/par02.sumstats.gz                         ../SAMPLE_DATA/OTHER_TRAITS_GWAS/RedHair/munged.sumstats.gz -0.0053  0.0296 -0.1800  0.8571  0.0511     0.0271  1.0217     0.0893   -0.0026       0.0039
 ../results/asymmetry/ldsc/joinedDatasets/mean_imputed/not_subsampled/munged/par02.sumstats.gz                   ../SAMPLE_DATA/OTHER_TRAITS_GWAS/Schizophrenia/munged.sumstats.gz  0.0349  0.0229  1.5235  0.1276  0.4414     0.0179  1.0412     0.0122   -0.0201       0.0049

Analysis finished at Sun Apr 10 22:58:01 2022
Total time elapsed: 1.0m:20.1s
