*********************************************************************
* LD Score Regression (LDSC)
* Version 1.0.1
* (C) 2014-2019 Brendan Bulik-Sullivan and Hilary Finucane
* Broad Institute of MIT and Harvard / MIT Department of Mathematics
* GNU General Public License v3
*********************************************************************
Call: 
./ldsc.py \
--ref-ld-chr ../SAMPLE_DATA/eur_w_ld_chr/ \
--out ../results/asymmetry/ldsc/other_traits/joinedDatasets/mean_imputed/not_subsampled/rg/par17 \
--rg ../results/asymmetry/ldsc/joinedDatasets/mean_imputed/not_subsampled/munged/par17.sumstats.gz,../SAMPLE_DATA/OTHER_TRAITS_GWAS/ADHD/munged.sumstats.gz,../SAMPLE_DATA/OTHER_TRAITS_GWAS/ASD/munged.sumstats.gz,../SAMPLE_DATA/OTHER_TRAITS_GWAS/BipolarDisorderAll/munged.sumstats.gz,../SAMPLE_DATA/OTHER_TRAITS_GWAS/Handedness/munged.sumstats.gz,../SAMPLE_DATA/OTHER_TRAITS_GWAS/Intelligence/munged.sumstats.gz,../SAMPLE_DATA/OTHER_TRAITS_GWAS/LanguageFunctionalConnectivity/munged.sumstats.gz,../SAMPLE_DATA/OTHER_TRAITS_GWAS/OCD/munged.sumstats.gz,../SAMPLE_DATA/OTHER_TRAITS_GWAS/Schizophrenia/munged.sumstats.gz \
--w-ld-chr ../SAMPLE_DATA/eur_w_ld_chr/ 

Beginning analysis at Sun Apr  3 14:39:36 2022
Reading summary statistics from ../results/asymmetry/ldsc/joinedDatasets/mean_imputed/not_subsampled/munged/par17.sumstats.gz ...
Read summary statistics for 1174887 SNPs.
Reading reference panel LD Score from ../SAMPLE_DATA/eur_w_ld_chr/[1-22] ... (ldscore_fromlist)
Read reference panel LD Scores for 1290028 SNPs.
Removing partitioned LD Scores with zero variance.
Reading regression weight LD Score from ../SAMPLE_DATA/eur_w_ld_chr/[1-22] ... (ldscore_fromlist)
Read regression weight LD Scores for 1290028 SNPs.
After merging with reference panel LD, 1168875 SNPs remain.
After merging with regression SNP LD, 1168875 SNPs remain.
Computing rg for phenotype 2/9
Reading summary statistics from ../SAMPLE_DATA/OTHER_TRAITS_GWAS/ADHD/munged.sumstats.gz ...
Read summary statistics for 1217311 SNPs.
After merging with summary statistics, 1168875 SNPs remain.
1057891 SNPs with valid alleles.

Heritability of phenotype 1
---------------------------
Total Observed scale h2: 0.1516 (0.0173)
Lambda GC: 1.1364
Mean Chi^2: 1.1174
Intercept: 1.0049 (0.0081)
Ratio: 0.0416 (0.069)

Heritability of phenotype 2/9
-----------------------------
Total Observed scale h2: 0.2372 (0.0155)
Lambda GC: 1.2531
Mean Chi^2: 1.2966
Intercept: 1.0318 (0.0105)
Ratio: 0.1074 (0.0353)

Genetic Covariance
------------------
Total Observed scale gencov: -0.0033 (0.0086)
Mean z1*z2: -0.0247
Intercept: -0.0214 (0.0052)

Genetic Correlation
-------------------
Genetic Correlation: -0.0175 (0.0452)
Z-score: -0.3875
P: 0.6984

Computing rg for phenotype 3/9
Reading summary statistics from ../SAMPLE_DATA/OTHER_TRAITS_GWAS/ASD/munged.sumstats.gz ...
Read summary statistics for 1217311 SNPs.
After merging with summary statistics, 1168875 SNPs remain.
1039703 SNPs with valid alleles.

Heritability of phenotype 3/9
-----------------------------
Total Observed scale h2: 0.1939 (0.0168)
Lambda GC: 1.1715
Mean Chi^2: 1.1999
Intercept: 1.0086 (0.0096)
Ratio: 0.043 (0.0479)

Genetic Covariance
------------------
Total Observed scale gencov: 0.0135 (0.0086)
Mean z1*z2: -0.016
Intercept: -0.0277 (0.0055)

Genetic Correlation
-------------------
Genetic Correlation: 0.0784 (0.0497)
Z-score: 1.5756
P: 0.1151

Computing rg for phenotype 4/9
Reading summary statistics from ../SAMPLE_DATA/OTHER_TRAITS_GWAS/BipolarDisorderAll/munged.sumstats.gz ...
Read summary statistics for 1217311 SNPs.
After merging with summary statistics, 1168875 SNPs remain.
1114782 SNPs with valid alleles.

Heritability of phenotype 4/9
-----------------------------
Total Observed scale h2: 0.0699 (0.0029)
Lambda GC: 1.4673
Mean Chi^2: 1.6111
Intercept: 1.0329 (0.0112)
Ratio: 0.0539 (0.0183)

Genetic Covariance
------------------
Total Observed scale gencov: 0.0098 (0.0031)
Mean z1*z2: -0.016
Intercept: -0.0391 (0.0049)

Genetic Correlation
-------------------
Genetic Correlation: 0.0943 (0.0295)
Z-score: 3.1966
P: 0.0014

Computing rg for phenotype 5/9
Reading summary statistics from ../SAMPLE_DATA/OTHER_TRAITS_GWAS/Handedness/munged.sumstats.gz ...
Read summary statistics for 1217311 SNPs.
After merging with summary statistics, 1168875 SNPs remain.
1165342 SNPs with valid alleles.

Heritability of phenotype 5/9
-----------------------------
Total Observed scale h2: 0.0126 (0.0016)
Lambda GC: 1.105
Mean Chi^2: 1.1141
Intercept: 1.0325 (0.0073)
Ratio: 0.2848 (0.0643)

Genetic Covariance
------------------
Total Observed scale gencov: 0.0034 (0.0028)
Mean z1*z2: 0.0081
Intercept: -0.0007 (0.0039)

Genetic Correlation
-------------------
Genetic Correlation: 0.076 (0.0625)
Z-score: 1.2162
P: 0.2239

Computing rg for phenotype 6/9
Reading summary statistics from ../SAMPLE_DATA/OTHER_TRAITS_GWAS/Intelligence/munged.sumstats.gz ...
Read summary statistics for 1217311 SNPs.
After merging with summary statistics, 1168875 SNPs remain.
1162630 SNPs with valid alleles.

Heritability of phenotype 6/9
-----------------------------
Total Observed scale h2: 1.5194 (0.0831)
Lambda GC: 1.2597
Mean Chi^2: 1.3011
Intercept: 1.0097 (0.0082)
Ratio: 0.0321 (0.0273)

Genetic Covariance
------------------
Total Observed scale gencov: 0.0069 (0.0163)
Mean z1*z2: 0.0044
Intercept: 0.0021 (0.0038)

Genetic Correlation
-------------------
Genetic Correlation: 0.0142 (0.0338)
Z-score: 0.4202
P: 0.6743

Computing rg for phenotype 7/9
Reading summary statistics from ../SAMPLE_DATA/OTHER_TRAITS_GWAS/LanguageFunctionalConnectivity/munged.sumstats.gz ...
Read summary statistics for 1217311 SNPs.
After merging with summary statistics, 1168875 SNPs remain.
1168698 SNPs with valid alleles.

Heritability of phenotype 7/9
-----------------------------
Total Observed scale h2: 0.3863 (0.0261)
Lambda GC: 1.3169
Mean Chi^2: 1.259
Intercept: 1.0106 (0.0076)
Ratio: 0.0409 (0.0295)

Genetic Covariance
------------------
Total Observed scale gencov: 0.0114 (0.0077)
Mean z1*z2: -0.1058
Intercept: -0.1127 (0.0038)

Genetic Correlation
-------------------
Genetic Correlation: 0.0467 (0.0329)
Z-score: 1.4199
P: 0.1557

Computing rg for phenotype 8/9
Reading summary statistics from ../SAMPLE_DATA/OTHER_TRAITS_GWAS/OCD/munged.sumstats.gz ...
Read summary statistics for 1217311 SNPs.
After merging with summary statistics, 1168875 SNPs remain.
1092485 SNPs with valid alleles.

Heritability of phenotype 8/9
-----------------------------
Total Observed scale h2: 0.3131 (0.0489)
Lambda GC: 1.0527
Mean Chi^2: 1.0569
Intercept: 0.995 (0.0067)
Ratio < 0 (usually indicates GC correction).

Genetic Covariance
------------------
Total Observed scale gencov: -0.0019 (0.0148)
Mean z1*z2: -0.0059
Intercept: -0.0054 (0.0039)

Genetic Correlation
-------------------
Genetic Correlation: -0.0084 (0.067)
Z-score: -0.1255
P: 0.9002

Computing rg for phenotype 9/9
Reading summary statistics from ../SAMPLE_DATA/OTHER_TRAITS_GWAS/Schizophrenia/munged.sumstats.gz ...
Read summary statistics for 1217311 SNPs.
After merging with summary statistics, 1168875 SNPs remain.
1106322 SNPs with valid alleles.

Heritability of phenotype 9/9
-----------------------------
Total Observed scale h2: 0.4414 (0.0179)
Lambda GC: 1.5957
Mean Chi^2: 1.7867
Intercept: 1.0412 (0.0122)
Ratio: 0.0524 (0.0155)

Genetic Covariance
------------------
Total Observed scale gencov: 0.0188 (0.0072)
Mean z1*z2: -0.0215
Intercept: -0.041 (0.0052)

Genetic Correlation
-------------------
Genetic Correlation: 0.0711 (0.0271)
Z-score: 2.6293
P: 0.0086


Summary of Genetic Correlation Results
                                                                                            p1                                                                                  p2      rg      se       z       p  h2_obs  h2_obs_se  h2_int  h2_int_se  gcov_int  gcov_int_se
 ../results/asymmetry/ldsc/joinedDatasets/mean_imputed/not_subsampled/munged/par17.sumstats.gz                            ../SAMPLE_DATA/OTHER_TRAITS_GWAS/ADHD/munged.sumstats.gz -0.0175  0.0452 -0.3875  0.6984  0.2372     0.0155  1.0318     0.0105   -0.0214       0.0052
 ../results/asymmetry/ldsc/joinedDatasets/mean_imputed/not_subsampled/munged/par17.sumstats.gz                             ../SAMPLE_DATA/OTHER_TRAITS_GWAS/ASD/munged.sumstats.gz  0.0784  0.0497  1.5756  0.1151  0.1939     0.0168  1.0086     0.0096   -0.0277       0.0055
 ../results/asymmetry/ldsc/joinedDatasets/mean_imputed/not_subsampled/munged/par17.sumstats.gz              ../SAMPLE_DATA/OTHER_TRAITS_GWAS/BipolarDisorderAll/munged.sumstats.gz  0.0943  0.0295  3.1966  0.0014  0.0699     0.0029  1.0329     0.0112   -0.0391       0.0049
 ../results/asymmetry/ldsc/joinedDatasets/mean_imputed/not_subsampled/munged/par17.sumstats.gz                      ../SAMPLE_DATA/OTHER_TRAITS_GWAS/Handedness/munged.sumstats.gz  0.0760  0.0625  1.2162  0.2239  0.0126     0.0016  1.0325     0.0073   -0.0007       0.0039
 ../results/asymmetry/ldsc/joinedDatasets/mean_imputed/not_subsampled/munged/par17.sumstats.gz                    ../SAMPLE_DATA/OTHER_TRAITS_GWAS/Intelligence/munged.sumstats.gz  0.0142  0.0338  0.4202  0.6743  1.5194     0.0831  1.0097     0.0082    0.0021       0.0038
 ../results/asymmetry/ldsc/joinedDatasets/mean_imputed/not_subsampled/munged/par17.sumstats.gz  ../SAMPLE_DATA/OTHER_TRAITS_GWAS/LanguageFunctionalConnectivity/munged.sumstats.gz  0.0467  0.0329  1.4199  0.1557  0.3863     0.0261  1.0106     0.0076   -0.1127       0.0038
 ../results/asymmetry/ldsc/joinedDatasets/mean_imputed/not_subsampled/munged/par17.sumstats.gz                             ../SAMPLE_DATA/OTHER_TRAITS_GWAS/OCD/munged.sumstats.gz -0.0084  0.0670 -0.1255  0.9002  0.3131     0.0489  0.9950     0.0067   -0.0054       0.0039
 ../results/asymmetry/ldsc/joinedDatasets/mean_imputed/not_subsampled/munged/par17.sumstats.gz                   ../SAMPLE_DATA/OTHER_TRAITS_GWAS/Schizophrenia/munged.sumstats.gz  0.0711  0.0271  2.6293  0.0086  0.4414     0.0179  1.0412     0.0122   -0.0410       0.0052

Analysis finished at Sun Apr  3 14:40:30 2022
Total time elapsed: 53.49s
