*********************************************************************
* LD Score Regression (LDSC)
* Version 1.0.1
* (C) 2014-2019 Brendan Bulik-Sullivan and Hilary Finucane
* Broad Institute of MIT and Harvard / MIT Department of Mathematics
* GNU General Public License v3
*********************************************************************
Call: 
./ldsc.py \
--ref-ld-chr ../SAMPLE_DATA/eur_w_ld_chr/ \
--out ../results/asymmetry/ldsc/other_traits/joinedDatasets/mean_imputed/not_subsampled/rg/par14 \
--rg ../results/asymmetry/ldsc/joinedDatasets/mean_imputed/not_subsampled/munged/par14.sumstats.gz,../SAMPLE_DATA/OTHER_TRAITS_GWAS/ADHD/munged.sumstats.gz,../SAMPLE_DATA/OTHER_TRAITS_GWAS/AlzheimersDisease/munged.sumstats.gz,../SAMPLE_DATA/OTHER_TRAITS_GWAS/ASD/munged.sumstats.gz,../SAMPLE_DATA/OTHER_TRAITS_GWAS/BipolarDisorderAll/munged.sumstats.gz,../SAMPLE_DATA/OTHER_TRAITS_GWAS/EducationalAttainment/munged.sumstats.gz,../SAMPLE_DATA/OTHER_TRAITS_GWAS/Handedness/munged.sumstats.gz,../SAMPLE_DATA/OTHER_TRAITS_GWAS/Intelligence/munged.sumstats.gz,../SAMPLE_DATA/OTHER_TRAITS_GWAS/LanguageFunctionalConnectivity/munged.sumstats.gz,../SAMPLE_DATA/OTHER_TRAITS_GWAS/MajorDepressiveDisorder/munged.sumstats.gz,../SAMPLE_DATA/OTHER_TRAITS_GWAS/NeuroticismMeasurement/munged.sumstats.gz,../SAMPLE_DATA/OTHER_TRAITS_GWAS/OCD/munged.sumstats.gz,../SAMPLE_DATA/OTHER_TRAITS_GWAS/RedHair/munged.sumstats.gz,../SAMPLE_DATA/OTHER_TRAITS_GWAS/Schizophrenia/munged.sumstats.gz \
--w-ld-chr ../SAMPLE_DATA/eur_w_ld_chr/ 

Beginning analysis at Sun Apr 10 23:12:28 2022
Reading summary statistics from ../results/asymmetry/ldsc/joinedDatasets/mean_imputed/not_subsampled/munged/par14.sumstats.gz ...
Read summary statistics for 1174887 SNPs.
Reading reference panel LD Score from ../SAMPLE_DATA/eur_w_ld_chr/[1-22] ... (ldscore_fromlist)
Read reference panel LD Scores for 1290028 SNPs.
Removing partitioned LD Scores with zero variance.
Reading regression weight LD Score from ../SAMPLE_DATA/eur_w_ld_chr/[1-22] ... (ldscore_fromlist)
Read regression weight LD Scores for 1290028 SNPs.
After merging with reference panel LD, 1168875 SNPs remain.
After merging with regression SNP LD, 1168875 SNPs remain.
Computing rg for phenotype 2/14
Reading summary statistics from ../SAMPLE_DATA/OTHER_TRAITS_GWAS/ADHD/munged.sumstats.gz ...
Read summary statistics for 1217311 SNPs.
After merging with summary statistics, 1168875 SNPs remain.
1057891 SNPs with valid alleles.

Heritability of phenotype 1
---------------------------
Total Observed scale h2: 0.0757 (0.0154)
Lambda GC: 1.0588
Mean Chi^2: 1.0521
Intercept: 0.9957 (0.0079)
Ratio < 0 (usually indicates GC correction).

Heritability of phenotype 2/14
------------------------------
Total Observed scale h2: 0.2372 (0.0155)
Lambda GC: 1.2531
Mean Chi^2: 1.2966
Intercept: 1.0318 (0.0105)
Ratio: 0.1074 (0.0353)

Genetic Covariance
------------------
Total Observed scale gencov: 0.0145 (0.0072)
Mean z1*z2: -0.016
Intercept: -0.0291 (0.0047)

Genetic Correlation
-------------------
Genetic Correlation: 0.1083 (0.054)
Z-score: 2.0041
P: 0.0451

Computing rg for phenotype 3/14
Reading summary statistics from ../SAMPLE_DATA/OTHER_TRAITS_GWAS/AlzheimersDisease/munged.sumstats.gz ...
Read summary statistics for 1217311 SNPs.
After merging with summary statistics, 1168875 SNPs remain.
1163706 SNPs with valid alleles.

Heritability of phenotype 3/14
------------------------------
Total Observed scale h2: 0.0083 (0.0041)
Lambda GC: 1.0833
Mean Chi^2: 1.1241
Intercept: 1.054 (0.0508)
Ratio: 0.4356 (0.4097)

Genetic Covariance
------------------
Total Observed scale gencov: 0.001 (0.0019)
Mean z1*z2: -0.0073
Intercept: -0.0102 (0.0033)

Genetic Correlation
-------------------
Genetic Correlation: 0.0415 (0.0742)
Z-score: 0.5597
P: 0.5757

Computing rg for phenotype 4/14
Reading summary statistics from ../SAMPLE_DATA/OTHER_TRAITS_GWAS/ASD/munged.sumstats.gz ...
Read summary statistics for 1217311 SNPs.
After merging with summary statistics, 1168875 SNPs remain.
1039703 SNPs with valid alleles.

Heritability of phenotype 4/14
------------------------------
Total Observed scale h2: 0.1939 (0.0168)
Lambda GC: 1.1715
Mean Chi^2: 1.1999
Intercept: 1.0086 (0.0096)
Ratio: 0.043 (0.0479)

Genetic Covariance
------------------
Total Observed scale gencov: 0.026 (0.0072)
Mean z1*z2: -0.0117
Intercept: -0.0337 (0.0045)

Genetic Correlation
-------------------
Genetic Correlation: 0.2162 (0.062)
Z-score: 3.489
P: 0.0005

Computing rg for phenotype 5/14
Reading summary statistics from ../SAMPLE_DATA/OTHER_TRAITS_GWAS/BipolarDisorderAll/munged.sumstats.gz ...
Read summary statistics for 1217311 SNPs.
After merging with summary statistics, 1168875 SNPs remain.
1114782 SNPs with valid alleles.

Heritability of phenotype 5/14
------------------------------
Total Observed scale h2: 0.0699 (0.0029)
Lambda GC: 1.4673
Mean Chi^2: 1.6111
Intercept: 1.0329 (0.0112)
Ratio: 0.0539 (0.0183)

Genetic Covariance
------------------
Total Observed scale gencov: 0.005 (0.0025)
Mean z1*z2: -0.022
Intercept: -0.033 (0.0041)

Genetic Correlation
-------------------
Genetic Correlation: 0.0674 (0.0339)
Z-score: 1.9857
P: 0.0471

Computing rg for phenotype 6/14
Reading summary statistics from ../SAMPLE_DATA/OTHER_TRAITS_GWAS/EducationalAttainment/munged.sumstats.gz ...
Read summary statistics for 1217311 SNPs.
After merging with summary statistics, 1168875 SNPs remain.
1166262 SNPs with valid alleles.

Heritability of phenotype 6/14
------------------------------
Total Observed scale h2: 0.092 (0.0033)
Lambda GC: 1.4781
Mean Chi^2: 1.6482
Intercept: 0.9266 (0.0104)
Ratio < 0 (usually indicates GC correction).

Genetic Covariance
------------------
Total Observed scale gencov: -0.0025 (0.0028)
Mean z1*z2: 0.0085
Intercept: 0.0141 (0.004)

Genetic Correlation
-------------------
Genetic Correlation: -0.0305 (0.0338)
Z-score: -0.9025
P: 0.3668

Computing rg for phenotype 7/14
Reading summary statistics from ../SAMPLE_DATA/OTHER_TRAITS_GWAS/Handedness/munged.sumstats.gz ...
Read summary statistics for 1217311 SNPs.
After merging with summary statistics, 1168875 SNPs remain.
1165342 SNPs with valid alleles.

Heritability of phenotype 7/14
------------------------------
Total Observed scale h2: 0.0126 (0.0016)
Lambda GC: 1.105
Mean Chi^2: 1.1141
Intercept: 1.0325 (0.0073)
Ratio: 0.2848 (0.0643)

Genetic Covariance
------------------
Total Observed scale gencov: 0.0016 (0.0024)
Mean z1*z2: 0.0037
Intercept: 8.1346e-05 (0.0032)

Genetic Correlation
-------------------
Genetic Correlation: 0.0527 (0.0792)
Z-score: 0.665
P: 0.5061

Computing rg for phenotype 8/14
Reading summary statistics from ../SAMPLE_DATA/OTHER_TRAITS_GWAS/Intelligence/munged.sumstats.gz ...
Read summary statistics for 1217311 SNPs.
After merging with summary statistics, 1168875 SNPs remain.
1162630 SNPs with valid alleles.

Heritability of phenotype 8/14
------------------------------
Total Observed scale h2: 1.5194 (0.0831)
Lambda GC: 1.2597
Mean Chi^2: 1.3011
Intercept: 1.0097 (0.0082)
Ratio: 0.0321 (0.0273)

Genetic Covariance
------------------
Total Observed scale gencov: 0.0166 (0.0157)
Mean z1*z2: 0.007
Intercept: 0.0013 (0.0037)

Genetic Correlation
-------------------
Genetic Correlation: 0.0491 (0.0471)
Z-score: 1.0421
P: 0.2974

Computing rg for phenotype 9/14
Reading summary statistics from ../SAMPLE_DATA/OTHER_TRAITS_GWAS/LanguageFunctionalConnectivity/munged.sumstats.gz ...
Read summary statistics for 1217311 SNPs.
After merging with summary statistics, 1168875 SNPs remain.
1168698 SNPs with valid alleles.

Heritability of phenotype 9/14
------------------------------
Total Observed scale h2: 0.3863 (0.0261)
Lambda GC: 1.3169
Mean Chi^2: 1.259
Intercept: 1.0106 (0.0076)
Ratio: 0.0409 (0.0295)

Genetic Covariance
------------------
Total Observed scale gencov: 0.0232 (0.0067)
Mean z1*z2: -0.0938
Intercept: -0.1074 (0.0032)

Genetic Correlation
-------------------
Genetic Correlation: 0.1353 (0.0455)
Z-score: 2.973
P: 0.0029

Computing rg for phenotype 10/14
Reading summary statistics from ../SAMPLE_DATA/OTHER_TRAITS_GWAS/MajorDepressiveDisorder/munged.sumstats.gz ...
Read summary statistics for 1217311 SNPs.
After merging with summary statistics, 1168875 SNPs remain.
254748 SNPs with valid alleles.

Heritability of phenotype 10/14
-------------------------------
Total Observed scale h2: 0.002 (0.0087)
Lambda GC: 1.0075
Mean Chi^2: 1.0105
Intercept: 1.0088 (0.0074)
Ratio: 0.8369 (0.7026)

Genetic Covariance
------------------
Total Observed scale gencov: 0.0067 (0.0073)
Mean z1*z2: 0.001
Intercept: -0.0035 (0.0052)

Genetic Correlation
-------------------
Genetic Correlation: 0.5559 (2.1067)
Z-score: 0.2639
P: 0.7919

Computing rg for phenotype 11/14
Reading summary statistics from ../SAMPLE_DATA/OTHER_TRAITS_GWAS/NeuroticismMeasurement/munged.sumstats.gz ...
Read summary statistics for 1217311 SNPs.
After merging with summary statistics, 1168875 SNPs remain.
1168608 SNPs with valid alleles.

Heritability of phenotype 11/14
-------------------------------
Total Observed scale h2: 0.1104 (0.0054)
Lambda GC: 1.5327
Mean Chi^2: 1.7507
Intercept: 1.0114 (0.0133)
Ratio: 0.0151 (0.0177)

Genetic Covariance
------------------
Total Observed scale gencov: -0.0032 (0.0029)
Mean z1*z2: -0.0028
Intercept: 0.0026 (0.0041)

Genetic Correlation
-------------------
Genetic Correlation: -0.0355 (0.0318)
Z-score: -1.1194
P: 0.263

Computing rg for phenotype 12/14
Reading summary statistics from ../SAMPLE_DATA/OTHER_TRAITS_GWAS/OCD/munged.sumstats.gz ...
Read summary statistics for 1217311 SNPs.
After merging with summary statistics, 1168875 SNPs remain.
1092485 SNPs with valid alleles.

Heritability of phenotype 12/14
-------------------------------
Total Observed scale h2: 0.3131 (0.0489)
Lambda GC: 1.0527
Mean Chi^2: 1.0569
Intercept: 0.995 (0.0067)
Ratio < 0 (usually indicates GC correction).

Genetic Covariance
------------------
Total Observed scale gencov: 0.0104 (0.0146)
Mean z1*z2: -0.0059
Intercept: -0.0098 (0.0043)

Genetic Correlation
-------------------
Genetic Correlation: 0.066 (0.0927)
Z-score: 0.7121
P: 0.4764

Computing rg for phenotype 13/14
Reading summary statistics from ../SAMPLE_DATA/OTHER_TRAITS_GWAS/RedHair/munged.sumstats.gz ...
Read summary statistics for 1217311 SNPs.
After merging with summary statistics, 1168875 SNPs remain.
1128902 SNPs with valid alleles.

Heritability of phenotype 13/14
-------------------------------
Total Observed scale h2: 0.0511 (0.0271)
Lambda GC: 1.0436
Mean Chi^2: 1.3482
Intercept: 1.0217 (0.0893)
Ratio: 0.0623 (0.2564)

Genetic Covariance
------------------
Total Observed scale gencov: 0.0047 (0.0032)
Mean z1*z2: 0.0049
Intercept: -0.0051 (0.004)

Genetic Correlation
-------------------
Genetic Correlation: 0.0747 (0.047)
Z-score: 1.591
P: 0.1116

Computing rg for phenotype 14/14
Reading summary statistics from ../SAMPLE_DATA/OTHER_TRAITS_GWAS/Schizophrenia/munged.sumstats.gz ...
Read summary statistics for 1217311 SNPs.
After merging with summary statistics, 1168875 SNPs remain.
1106322 SNPs with valid alleles.

Heritability of phenotype 14/14
-------------------------------
Total Observed scale h2: 0.4414 (0.0179)
Lambda GC: 1.5957
Mean Chi^2: 1.7867
Intercept: 1.0412 (0.0122)
Ratio: 0.0524 (0.0155)

Genetic Covariance
------------------
Total Observed scale gencov: 0.0186 (0.0066)
Mean z1*z2: -0.0205
Intercept: -0.0381 (0.0048)

Genetic Correlation
-------------------
Genetic Correlation: 0.098 (0.0355)
Z-score: 2.7629
P: 0.0057


Summary of Genetic Correlation Results
                                                                                            p1                                                                                  p2      rg      se       z       p  h2_obs  h2_obs_se  h2_int  h2_int_se    gcov_int  gcov_int_se
 ../results/asymmetry/ldsc/joinedDatasets/mean_imputed/not_subsampled/munged/par14.sumstats.gz                            ../SAMPLE_DATA/OTHER_TRAITS_GWAS/ADHD/munged.sumstats.gz  0.1083  0.0540  2.0041  0.0451  0.2372     0.0155  1.0318     0.0105 -2.9056e-02       0.0047
 ../results/asymmetry/ldsc/joinedDatasets/mean_imputed/not_subsampled/munged/par14.sumstats.gz               ../SAMPLE_DATA/OTHER_TRAITS_GWAS/AlzheimersDisease/munged.sumstats.gz  0.0415  0.0742  0.5597  0.5757  0.0083     0.0041  1.0540     0.0508 -1.0186e-02       0.0033
 ../results/asymmetry/ldsc/joinedDatasets/mean_imputed/not_subsampled/munged/par14.sumstats.gz                             ../SAMPLE_DATA/OTHER_TRAITS_GWAS/ASD/munged.sumstats.gz  0.2162  0.0620  3.4890  0.0005  0.1939     0.0168  1.0086     0.0096 -3.3677e-02       0.0045
 ../results/asymmetry/ldsc/joinedDatasets/mean_imputed/not_subsampled/munged/par14.sumstats.gz              ../SAMPLE_DATA/OTHER_TRAITS_GWAS/BipolarDisorderAll/munged.sumstats.gz  0.0674  0.0339  1.9857  0.0471  0.0699     0.0029  1.0329     0.0112 -3.3032e-02       0.0041
 ../results/asymmetry/ldsc/joinedDatasets/mean_imputed/not_subsampled/munged/par14.sumstats.gz           ../SAMPLE_DATA/OTHER_TRAITS_GWAS/EducationalAttainment/munged.sumstats.gz -0.0305  0.0338 -0.9025  0.3668  0.0920     0.0033  0.9266     0.0104  1.4092e-02       0.0040
 ../results/asymmetry/ldsc/joinedDatasets/mean_imputed/not_subsampled/munged/par14.sumstats.gz                      ../SAMPLE_DATA/OTHER_TRAITS_GWAS/Handedness/munged.sumstats.gz  0.0527  0.0792  0.6650  0.5061  0.0126     0.0016  1.0325     0.0073  8.1346e-05       0.0032
 ../results/asymmetry/ldsc/joinedDatasets/mean_imputed/not_subsampled/munged/par14.sumstats.gz                    ../SAMPLE_DATA/OTHER_TRAITS_GWAS/Intelligence/munged.sumstats.gz  0.0491  0.0471  1.0421  0.2974  1.5194     0.0831  1.0097     0.0082  1.2969e-03       0.0037
 ../results/asymmetry/ldsc/joinedDatasets/mean_imputed/not_subsampled/munged/par14.sumstats.gz  ../SAMPLE_DATA/OTHER_TRAITS_GWAS/LanguageFunctionalConnectivity/munged.sumstats.gz  0.1353  0.0455  2.9730  0.0029  0.3863     0.0261  1.0106     0.0076 -1.0742e-01       0.0032
 ../results/asymmetry/ldsc/joinedDatasets/mean_imputed/not_subsampled/munged/par14.sumstats.gz         ../SAMPLE_DATA/OTHER_TRAITS_GWAS/MajorDepressiveDisorder/munged.sumstats.gz  0.5559  2.1067  0.2639  0.7919  0.0020     0.0087  1.0088     0.0074 -3.5281e-03       0.0052
 ../results/asymmetry/ldsc/joinedDatasets/mean_imputed/not_subsampled/munged/par14.sumstats.gz          ../SAMPLE_DATA/OTHER_TRAITS_GWAS/NeuroticismMeasurement/munged.sumstats.gz -0.0355  0.0318 -1.1194  0.2630  0.1104     0.0054  1.0114     0.0133  2.6060e-03       0.0041
 ../results/asymmetry/ldsc/joinedDatasets/mean_imputed/not_subsampled/munged/par14.sumstats.gz                             ../SAMPLE_DATA/OTHER_TRAITS_GWAS/OCD/munged.sumstats.gz  0.0660  0.0927  0.7121  0.4764  0.3131     0.0489  0.9950     0.0067 -9.7776e-03       0.0043
 ../results/asymmetry/ldsc/joinedDatasets/mean_imputed/not_subsampled/munged/par14.sumstats.gz                         ../SAMPLE_DATA/OTHER_TRAITS_GWAS/RedHair/munged.sumstats.gz  0.0747  0.0470  1.5910  0.1116  0.0511     0.0271  1.0217     0.0893 -5.1324e-03       0.0040
 ../results/asymmetry/ldsc/joinedDatasets/mean_imputed/not_subsampled/munged/par14.sumstats.gz                   ../SAMPLE_DATA/OTHER_TRAITS_GWAS/Schizophrenia/munged.sumstats.gz  0.0980  0.0355  2.7629  0.0057  0.4414     0.0179  1.0412     0.0122 -3.8118e-02       0.0048

Analysis finished at Sun Apr 10 23:13:48 2022
Total time elapsed: 1.0m:19.25s
