*********************************************************************
* LD Score Regression (LDSC)
* Version 1.0.1
* (C) 2014-2019 Brendan Bulik-Sullivan and Hilary Finucane
* Broad Institute of MIT and Harvard / MIT Department of Mathematics
* GNU General Public License v3
*********************************************************************
Call: 
./ldsc.py \
--ref-ld-chr ../SAMPLE_DATA/eur_w_ld_chr/ \
--out ../results/asymmetry/ldsc/other_traits/joinedDatasets/mean_imputed/not_subsampled/rg/par15 \
--rg ../results/asymmetry/ldsc/joinedDatasets/mean_imputed/not_subsampled/munged/par15.sumstats.gz,../SAMPLE_DATA/OTHER_TRAITS_GWAS/ADHD/munged.sumstats.gz,../SAMPLE_DATA/OTHER_TRAITS_GWAS/AlzheimersDisease/munged.sumstats.gz,../SAMPLE_DATA/OTHER_TRAITS_GWAS/ASD/munged.sumstats.gz,../SAMPLE_DATA/OTHER_TRAITS_GWAS/BipolarDisorderAll/munged.sumstats.gz,../SAMPLE_DATA/OTHER_TRAITS_GWAS/EducationalAttainment/munged.sumstats.gz,../SAMPLE_DATA/OTHER_TRAITS_GWAS/Handedness/munged.sumstats.gz,../SAMPLE_DATA/OTHER_TRAITS_GWAS/Intelligence/munged.sumstats.gz,../SAMPLE_DATA/OTHER_TRAITS_GWAS/LanguageFunctionalConnectivity/munged.sumstats.gz,../SAMPLE_DATA/OTHER_TRAITS_GWAS/MajorDepressiveDisorder/munged.sumstats.gz,../SAMPLE_DATA/OTHER_TRAITS_GWAS/NeuroticismMeasurement/munged.sumstats.gz,../SAMPLE_DATA/OTHER_TRAITS_GWAS/OCD/munged.sumstats.gz,../SAMPLE_DATA/OTHER_TRAITS_GWAS/RedHair/munged.sumstats.gz,../SAMPLE_DATA/OTHER_TRAITS_GWAS/Schizophrenia/munged.sumstats.gz \
--w-ld-chr ../SAMPLE_DATA/eur_w_ld_chr/ 

Beginning analysis at Sun Apr 10 23:13:48 2022
Reading summary statistics from ../results/asymmetry/ldsc/joinedDatasets/mean_imputed/not_subsampled/munged/par15.sumstats.gz ...
Read summary statistics for 1174887 SNPs.
Reading reference panel LD Score from ../SAMPLE_DATA/eur_w_ld_chr/[1-22] ... (ldscore_fromlist)
Read reference panel LD Scores for 1290028 SNPs.
Removing partitioned LD Scores with zero variance.
Reading regression weight LD Score from ../SAMPLE_DATA/eur_w_ld_chr/[1-22] ... (ldscore_fromlist)
Read regression weight LD Scores for 1290028 SNPs.
After merging with reference panel LD, 1168875 SNPs remain.
After merging with regression SNP LD, 1168875 SNPs remain.
Computing rg for phenotype 2/14
Reading summary statistics from ../SAMPLE_DATA/OTHER_TRAITS_GWAS/ADHD/munged.sumstats.gz ...
Read summary statistics for 1217311 SNPs.
After merging with summary statistics, 1168875 SNPs remain.
1057891 SNPs with valid alleles.

Heritability of phenotype 1
---------------------------
Total Observed scale h2: 0.0214 (0.0136)
Lambda GC: 1.0255
Mean Chi^2: 1.0258
Intercept: 1.0101 (0.0077)
Ratio: 0.3898 (0.2989)

Heritability of phenotype 2/14
------------------------------
Total Observed scale h2: 0.2372 (0.0155)
Lambda GC: 1.2531
Mean Chi^2: 1.2966
Intercept: 1.0318 (0.0105)
Ratio: 0.1074 (0.0353)

Genetic Covariance
------------------
Total Observed scale gencov: 0.0093 (0.0076)
Mean z1*z2: -0.0116
Intercept: -0.0201 (0.0047)

Genetic Correlation
-------------------
Genetic Correlation: 0.1305 (0.1142)
Z-score: 1.1435
P: 0.2528

Computing rg for phenotype 3/14
Reading summary statistics from ../SAMPLE_DATA/OTHER_TRAITS_GWAS/AlzheimersDisease/munged.sumstats.gz ...
Read summary statistics for 1217311 SNPs.
After merging with summary statistics, 1168875 SNPs remain.
1163706 SNPs with valid alleles.

Heritability of phenotype 3/14
------------------------------
Total Observed scale h2: 0.0083 (0.0041)
Lambda GC: 1.0833
Mean Chi^2: 1.1241
Intercept: 1.054 (0.0508)
Ratio: 0.4356 (0.4097)

Genetic Covariance
------------------
Total Observed scale gencov: 0.001 (0.002)
Mean z1*z2: -0.0062
Intercept: -0.0091 (0.0036)

Genetic Correlation
-------------------
Genetic Correlation: 0.0714 (0.1393)
Z-score: 0.5128
P: 0.6081

Computing rg for phenotype 4/14
Reading summary statistics from ../SAMPLE_DATA/OTHER_TRAITS_GWAS/ASD/munged.sumstats.gz ...
Read summary statistics for 1217311 SNPs.
After merging with summary statistics, 1168875 SNPs remain.
1039703 SNPs with valid alleles.

Heritability of phenotype 4/14
------------------------------
Total Observed scale h2: 0.1939 (0.0168)
Lambda GC: 1.1715
Mean Chi^2: 1.1999
Intercept: 1.0086 (0.0096)
Ratio: 0.043 (0.0479)

Genetic Covariance
------------------
Total Observed scale gencov: 0.0285 (0.0078)
Mean z1*z2: -0.0099
Intercept: -0.0346 (0.0049)

Genetic Correlation
-------------------
Genetic Correlation: 0.4385 (0.1779)
Z-score: 2.4654
P: 0.0137

Computing rg for phenotype 5/14
Reading summary statistics from ../SAMPLE_DATA/OTHER_TRAITS_GWAS/BipolarDisorderAll/munged.sumstats.gz ...
Read summary statistics for 1217311 SNPs.
After merging with summary statistics, 1168875 SNPs remain.
1114782 SNPs with valid alleles.

Heritability of phenotype 5/14
------------------------------
Total Observed scale h2: 0.0699 (0.0029)
Lambda GC: 1.4673
Mean Chi^2: 1.6111
Intercept: 1.0329 (0.0112)
Ratio: 0.0539 (0.0183)

Genetic Covariance
------------------
Total Observed scale gencov: 0.0027 (0.0029)
Mean z1*z2: -0.0232
Intercept: -0.0273 (0.0046)

Genetic Correlation
-------------------
Genetic Correlation: 0.0664 (0.0744)
Z-score: 0.893
P: 0.3718

Computing rg for phenotype 6/14
Reading summary statistics from ../SAMPLE_DATA/OTHER_TRAITS_GWAS/EducationalAttainment/munged.sumstats.gz ...
Read summary statistics for 1217311 SNPs.
After merging with summary statistics, 1168875 SNPs remain.
1166262 SNPs with valid alleles.

Heritability of phenotype 6/14
------------------------------
Total Observed scale h2: 0.092 (0.0033)
Lambda GC: 1.4781
Mean Chi^2: 1.6482
Intercept: 0.9266 (0.0104)
Ratio < 0 (usually indicates GC correction).

Genetic Covariance
------------------
Total Observed scale gencov: 0.0005 (0.0028)
Mean z1*z2: 0.0063
Intercept: 0.0053 (0.0039)

Genetic Correlation
-------------------
Genetic Correlation: 0.0101 (0.0578)
Z-score: 0.1748
P: 0.8612

Computing rg for phenotype 7/14
Reading summary statistics from ../SAMPLE_DATA/OTHER_TRAITS_GWAS/Handedness/munged.sumstats.gz ...
Read summary statistics for 1217311 SNPs.
After merging with summary statistics, 1168875 SNPs remain.
1165342 SNPs with valid alleles.

Heritability of phenotype 7/14
------------------------------
Total Observed scale h2: 0.0126 (0.0016)
Lambda GC: 1.105
Mean Chi^2: 1.1141
Intercept: 1.0325 (0.0073)
Ratio: 0.2848 (0.0643)

Genetic Covariance
------------------
Total Observed scale gencov: 0.002 (0.0022)
Mean z1*z2: 0.004
Intercept: -0.0003 (0.0033)

Genetic Correlation
-------------------
Genetic Correlation: 0.1099 (0.1245)
Z-score: 0.8832
P: 0.3771

Computing rg for phenotype 8/14
Reading summary statistics from ../SAMPLE_DATA/OTHER_TRAITS_GWAS/Intelligence/munged.sumstats.gz ...
Read summary statistics for 1217311 SNPs.
After merging with summary statistics, 1168875 SNPs remain.
1162630 SNPs with valid alleles.

Heritability of phenotype 8/14
------------------------------
Total Observed scale h2: 1.5194 (0.0831)
Lambda GC: 1.2597
Mean Chi^2: 1.3011
Intercept: 1.0097 (0.0082)
Ratio: 0.0321 (0.0273)

Genetic Covariance
------------------
Total Observed scale gencov: 0.0039 (0.015)
Mean z1*z2: 0.0062
Intercept: 0.0046 (0.0039)

Genetic Correlation
-------------------
Genetic Correlation: 0.0205 (0.079)
Z-score: 0.2597
P: 0.7951

Computing rg for phenotype 9/14
Reading summary statistics from ../SAMPLE_DATA/OTHER_TRAITS_GWAS/LanguageFunctionalConnectivity/munged.sumstats.gz ...
Read summary statistics for 1217311 SNPs.
After merging with summary statistics, 1168875 SNPs remain.
1168698 SNPs with valid alleles.

Heritability of phenotype 9/14
------------------------------
Total Observed scale h2: 0.3863 (0.0261)
Lambda GC: 1.3169
Mean Chi^2: 1.259
Intercept: 1.0106 (0.0076)
Ratio: 0.0409 (0.0295)

Genetic Covariance
------------------
Total Observed scale gencov: 0.0323 (0.0062)
Mean z1*z2: -0.0939
Intercept: -0.1155 (0.0033)

Genetic Correlation
-------------------
Genetic Correlation: 0.3249 (0.1066)
Z-score: 3.0468
P: 0.0023

Computing rg for phenotype 10/14
Reading summary statistics from ../SAMPLE_DATA/OTHER_TRAITS_GWAS/MajorDepressiveDisorder/munged.sumstats.gz ...
Read summary statistics for 1217311 SNPs.
After merging with summary statistics, 1168875 SNPs remain.
254748 SNPs with valid alleles.

Heritability of phenotype 10/14
-------------------------------
Total Observed scale h2: 0.002 (0.0087)
Lambda GC: 1.0075
Mean Chi^2: 1.0105
Intercept: 1.0088 (0.0074)
Ratio: 0.8369 (0.7026)

Genetic Covariance
------------------
Total Observed scale gencov: 0.0063 (0.007)
Mean z1*z2: 0.0026
Intercept: -0.0018 (0.005)

Genetic Correlation
-------------------
Genetic Correlation: 1.0608 (4.1232)
Z-score: 0.2573
P: 0.797

Computing rg for phenotype 11/14
Reading summary statistics from ../SAMPLE_DATA/OTHER_TRAITS_GWAS/NeuroticismMeasurement/munged.sumstats.gz ...
Read summary statistics for 1217311 SNPs.
After merging with summary statistics, 1168875 SNPs remain.
1168608 SNPs with valid alleles.

Heritability of phenotype 11/14
-------------------------------
Total Observed scale h2: 0.1104 (0.0054)
Lambda GC: 1.5327
Mean Chi^2: 1.7507
Intercept: 1.0114 (0.0133)
Ratio: 0.0151 (0.0177)

Genetic Covariance
------------------
Total Observed scale gencov: -0.0009 (0.003)
Mean z1*z2: 0.0013
Intercept: 0.0011 (0.0041)

Genetic Correlation
-------------------
Genetic Correlation: -0.0171 (0.0556)
Z-score: -0.3076
P: 0.7584

Computing rg for phenotype 12/14
Reading summary statistics from ../SAMPLE_DATA/OTHER_TRAITS_GWAS/OCD/munged.sumstats.gz ...
Read summary statistics for 1217311 SNPs.
After merging with summary statistics, 1168875 SNPs remain.
1092485 SNPs with valid alleles.

Heritability of phenotype 12/14
-------------------------------
Total Observed scale h2: 0.3131 (0.0489)
Lambda GC: 1.0527
Mean Chi^2: 1.0569
Intercept: 0.995 (0.0067)
Ratio < 0 (usually indicates GC correction).

Genetic Covariance
------------------
Total Observed scale gencov: 0.0103 (0.0143)
Mean z1*z2: -0.0063
Intercept: -0.0102 (0.0042)

Genetic Correlation
-------------------
Genetic Correlation: 0.1225 (0.1707)
Z-score: 0.7175
P: 0.4731

Computing rg for phenotype 13/14
Reading summary statistics from ../SAMPLE_DATA/OTHER_TRAITS_GWAS/RedHair/munged.sumstats.gz ...
Read summary statistics for 1217311 SNPs.
After merging with summary statistics, 1168875 SNPs remain.
1128902 SNPs with valid alleles.

Heritability of phenotype 13/14
-------------------------------
Total Observed scale h2: 0.0511 (0.0271)
Lambda GC: 1.0436
Mean Chi^2: 1.3482
Intercept: 1.0217 (0.0893)
Ratio: 0.0623 (0.2564)

Genetic Covariance
------------------
Total Observed scale gencov: -0.0007 (0.0029)
Mean z1*z2: -0.0044
Intercept: -0.0029 (0.0039)

Genetic Correlation
-------------------
Genetic Correlation: -0.02 (0.0884)
Z-score: -0.226
P: 0.8212

Computing rg for phenotype 14/14
Reading summary statistics from ../SAMPLE_DATA/OTHER_TRAITS_GWAS/Schizophrenia/munged.sumstats.gz ...
Read summary statistics for 1217311 SNPs.
After merging with summary statistics, 1168875 SNPs remain.
1106322 SNPs with valid alleles.

Heritability of phenotype 14/14
-------------------------------
Total Observed scale h2: 0.4414 (0.0179)
Lambda GC: 1.5957
Mean Chi^2: 1.7867
Intercept: 1.0412 (0.0122)
Ratio: 0.0524 (0.0155)

Genetic Covariance
------------------
Total Observed scale gencov: 0.0263 (0.0068)
Mean z1*z2: -0.0178
Intercept: -0.045 (0.005)

Genetic Correlation
-------------------
Genetic Correlation: 0.2595 (0.091)
Z-score: 2.8512
P: 0.0044


Summary of Genetic Correlation Results
                                                                                            p1                                                                                  p2      rg      se       z       p  h2_obs  h2_obs_se  h2_int  h2_int_se  gcov_int  gcov_int_se
 ../results/asymmetry/ldsc/joinedDatasets/mean_imputed/not_subsampled/munged/par15.sumstats.gz                            ../SAMPLE_DATA/OTHER_TRAITS_GWAS/ADHD/munged.sumstats.gz  0.1305  0.1142  1.1435  0.2528  0.2372     0.0155  1.0318     0.0105   -0.0201       0.0047
 ../results/asymmetry/ldsc/joinedDatasets/mean_imputed/not_subsampled/munged/par15.sumstats.gz               ../SAMPLE_DATA/OTHER_TRAITS_GWAS/AlzheimersDisease/munged.sumstats.gz  0.0714  0.1393  0.5128  0.6081  0.0083     0.0041  1.0540     0.0508   -0.0091       0.0036
 ../results/asymmetry/ldsc/joinedDatasets/mean_imputed/not_subsampled/munged/par15.sumstats.gz                             ../SAMPLE_DATA/OTHER_TRAITS_GWAS/ASD/munged.sumstats.gz  0.4385  0.1779  2.4654  0.0137  0.1939     0.0168  1.0086     0.0096   -0.0346       0.0049
 ../results/asymmetry/ldsc/joinedDatasets/mean_imputed/not_subsampled/munged/par15.sumstats.gz              ../SAMPLE_DATA/OTHER_TRAITS_GWAS/BipolarDisorderAll/munged.sumstats.gz  0.0664  0.0744  0.8930  0.3718  0.0699     0.0029  1.0329     0.0112   -0.0273       0.0046
 ../results/asymmetry/ldsc/joinedDatasets/mean_imputed/not_subsampled/munged/par15.sumstats.gz           ../SAMPLE_DATA/OTHER_TRAITS_GWAS/EducationalAttainment/munged.sumstats.gz  0.0101  0.0578  0.1748  0.8612  0.0920     0.0033  0.9266     0.0104    0.0053       0.0039
 ../results/asymmetry/ldsc/joinedDatasets/mean_imputed/not_subsampled/munged/par15.sumstats.gz                      ../SAMPLE_DATA/OTHER_TRAITS_GWAS/Handedness/munged.sumstats.gz  0.1099  0.1245  0.8832  0.3771  0.0126     0.0016  1.0325     0.0073   -0.0003       0.0033
 ../results/asymmetry/ldsc/joinedDatasets/mean_imputed/not_subsampled/munged/par15.sumstats.gz                    ../SAMPLE_DATA/OTHER_TRAITS_GWAS/Intelligence/munged.sumstats.gz  0.0205  0.0790  0.2597  0.7951  1.5194     0.0831  1.0097     0.0082    0.0046       0.0039
 ../results/asymmetry/ldsc/joinedDatasets/mean_imputed/not_subsampled/munged/par15.sumstats.gz  ../SAMPLE_DATA/OTHER_TRAITS_GWAS/LanguageFunctionalConnectivity/munged.sumstats.gz  0.3249  0.1066  3.0468  0.0023  0.3863     0.0261  1.0106     0.0076   -0.1155       0.0033
 ../results/asymmetry/ldsc/joinedDatasets/mean_imputed/not_subsampled/munged/par15.sumstats.gz         ../SAMPLE_DATA/OTHER_TRAITS_GWAS/MajorDepressiveDisorder/munged.sumstats.gz  1.0608  4.1232  0.2573  0.7970  0.0020     0.0087  1.0088     0.0074   -0.0018       0.0050
 ../results/asymmetry/ldsc/joinedDatasets/mean_imputed/not_subsampled/munged/par15.sumstats.gz          ../SAMPLE_DATA/OTHER_TRAITS_GWAS/NeuroticismMeasurement/munged.sumstats.gz -0.0171  0.0556 -0.3076  0.7584  0.1104     0.0054  1.0114     0.0133    0.0011       0.0041
 ../results/asymmetry/ldsc/joinedDatasets/mean_imputed/not_subsampled/munged/par15.sumstats.gz                             ../SAMPLE_DATA/OTHER_TRAITS_GWAS/OCD/munged.sumstats.gz  0.1225  0.1707  0.7175  0.4731  0.3131     0.0489  0.9950     0.0067   -0.0102       0.0042
 ../results/asymmetry/ldsc/joinedDatasets/mean_imputed/not_subsampled/munged/par15.sumstats.gz                         ../SAMPLE_DATA/OTHER_TRAITS_GWAS/RedHair/munged.sumstats.gz -0.0200  0.0884 -0.2260  0.8212  0.0511     0.0271  1.0217     0.0893   -0.0029       0.0039
 ../results/asymmetry/ldsc/joinedDatasets/mean_imputed/not_subsampled/munged/par15.sumstats.gz                   ../SAMPLE_DATA/OTHER_TRAITS_GWAS/Schizophrenia/munged.sumstats.gz  0.2595  0.0910  2.8512  0.0044  0.4414     0.0179  1.0412     0.0122   -0.0450       0.0050

Analysis finished at Sun Apr 10 23:15:05 2022
Total time elapsed: 1.0m:16.6s
