*********************************************************************
* LD Score Regression (LDSC)
* Version 1.0.1
* (C) 2014-2019 Brendan Bulik-Sullivan and Hilary Finucane
* Broad Institute of MIT and Harvard / MIT Department of Mathematics
* GNU General Public License v3
*********************************************************************
Call: 
./ldsc.py \
--ref-ld-chr ../SAMPLE_DATA/eur_w_ld_chr/ \
--out ../results/asymmetry/ldsc/other_traits/joinedDatasets/mean_imputed/not_subsampled/rg/par25 \
--rg ../results/asymmetry/ldsc/joinedDatasets/mean_imputed/not_subsampled/munged/par25.sumstats.gz,../SAMPLE_DATA/OTHER_TRAITS_GWAS/ADHD/munged.sumstats.gz,../SAMPLE_DATA/OTHER_TRAITS_GWAS/AlzheimersDisease/munged.sumstats.gz,../SAMPLE_DATA/OTHER_TRAITS_GWAS/ASD/munged.sumstats.gz,../SAMPLE_DATA/OTHER_TRAITS_GWAS/BipolarDisorderAll/munged.sumstats.gz,../SAMPLE_DATA/OTHER_TRAITS_GWAS/EducationalAttainment/munged.sumstats.gz,../SAMPLE_DATA/OTHER_TRAITS_GWAS/Handedness/munged.sumstats.gz,../SAMPLE_DATA/OTHER_TRAITS_GWAS/Intelligence/munged.sumstats.gz,../SAMPLE_DATA/OTHER_TRAITS_GWAS/LanguageFunctionalConnectivity/munged.sumstats.gz,../SAMPLE_DATA/OTHER_TRAITS_GWAS/MajorDepressiveDisorder/munged.sumstats.gz,../SAMPLE_DATA/OTHER_TRAITS_GWAS/NeuroticismMeasurement/munged.sumstats.gz,../SAMPLE_DATA/OTHER_TRAITS_GWAS/OCD/munged.sumstats.gz,../SAMPLE_DATA/OTHER_TRAITS_GWAS/RedHair/munged.sumstats.gz,../SAMPLE_DATA/OTHER_TRAITS_GWAS/Schizophrenia/munged.sumstats.gz \
--w-ld-chr ../SAMPLE_DATA/eur_w_ld_chr/ 

Beginning analysis at Sun Apr 10 23:26:44 2022
Reading summary statistics from ../results/asymmetry/ldsc/joinedDatasets/mean_imputed/not_subsampled/munged/par25.sumstats.gz ...
Read summary statistics for 1174887 SNPs.
Reading reference panel LD Score from ../SAMPLE_DATA/eur_w_ld_chr/[1-22] ... (ldscore_fromlist)
Read reference panel LD Scores for 1290028 SNPs.
Removing partitioned LD Scores with zero variance.
Reading regression weight LD Score from ../SAMPLE_DATA/eur_w_ld_chr/[1-22] ... (ldscore_fromlist)
Read regression weight LD Scores for 1290028 SNPs.
After merging with reference panel LD, 1168875 SNPs remain.
After merging with regression SNP LD, 1168875 SNPs remain.
Computing rg for phenotype 2/14
Reading summary statistics from ../SAMPLE_DATA/OTHER_TRAITS_GWAS/ADHD/munged.sumstats.gz ...
Read summary statistics for 1217311 SNPs.
After merging with summary statistics, 1168875 SNPs remain.
1057891 SNPs with valid alleles.

Heritability of phenotype 1
---------------------------
Total Observed scale h2: 0.0342 (0.0143)
Lambda GC: 1.0165
Mean Chi^2: 1.0143
Intercept: 0.9892 (0.0071)
Ratio < 0 (usually indicates GC correction).

Heritability of phenotype 2/14
------------------------------
Total Observed scale h2: 0.2372 (0.0155)
Lambda GC: 1.2531
Mean Chi^2: 1.2966
Intercept: 1.0318 (0.0105)
Ratio: 0.1074 (0.0353)

Genetic Covariance
------------------
Total Observed scale gencov: 0.0088 (0.0073)
Mean z1*z2: -0.0182
Intercept: -0.0264 (0.0046)

Genetic Correlation
-------------------
Genetic Correlation: 0.0981 (0.0842)
Z-score: 1.1642
P: 0.2443

Computing rg for phenotype 3/14
Reading summary statistics from ../SAMPLE_DATA/OTHER_TRAITS_GWAS/AlzheimersDisease/munged.sumstats.gz ...
Read summary statistics for 1217311 SNPs.
After merging with summary statistics, 1168875 SNPs remain.
1163706 SNPs with valid alleles.

Heritability of phenotype 3/14
------------------------------
Total Observed scale h2: 0.0083 (0.0041)
Lambda GC: 1.0833
Mean Chi^2: 1.1241
Intercept: 1.054 (0.0508)
Ratio: 0.4356 (0.4097)

Genetic Covariance
------------------
Total Observed scale gencov: 0.0032 (0.0022)
Mean z1*z2: -0.0088
Intercept: -0.0173 (0.004)

Genetic Correlation
-------------------
Genetic Correlation: 0.2202 (0.1585)
Z-score: 1.3897
P: 0.1646

Computing rg for phenotype 4/14
Reading summary statistics from ../SAMPLE_DATA/OTHER_TRAITS_GWAS/ASD/munged.sumstats.gz ...
Read summary statistics for 1217311 SNPs.
After merging with summary statistics, 1168875 SNPs remain.
1039703 SNPs with valid alleles.

Heritability of phenotype 4/14
------------------------------
Total Observed scale h2: 0.1939 (0.0168)
Lambda GC: 1.1715
Mean Chi^2: 1.1999
Intercept: 1.0086 (0.0096)
Ratio: 0.043 (0.0479)

Genetic Covariance
------------------
Total Observed scale gencov: 0.025 (0.008)
Mean z1*z2: -0.0143
Intercept: -0.036 (0.0047)

Genetic Correlation
-------------------
Genetic Correlation: 0.3179 (0.1296)
Z-score: 2.4531
P: 0.0142

Computing rg for phenotype 5/14
Reading summary statistics from ../SAMPLE_DATA/OTHER_TRAITS_GWAS/BipolarDisorderAll/munged.sumstats.gz ...
Read summary statistics for 1217311 SNPs.
After merging with summary statistics, 1168875 SNPs remain.
1114782 SNPs with valid alleles.

Heritability of phenotype 5/14
------------------------------
Total Observed scale h2: 0.0699 (0.0029)
Lambda GC: 1.4673
Mean Chi^2: 1.6111
Intercept: 1.0329 (0.0112)
Ratio: 0.0539 (0.0183)

Genetic Covariance
------------------
Total Observed scale gencov: 0.0065 (0.0026)
Mean z1*z2: -0.0214
Intercept: -0.036 (0.0043)

Genetic Correlation
-------------------
Genetic Correlation: 0.1535 (0.0747)
Z-score: 2.0564
P: 0.0397

Computing rg for phenotype 6/14
Reading summary statistics from ../SAMPLE_DATA/OTHER_TRAITS_GWAS/EducationalAttainment/munged.sumstats.gz ...
Read summary statistics for 1217311 SNPs.
After merging with summary statistics, 1168875 SNPs remain.
1166262 SNPs with valid alleles.

Heritability of phenotype 6/14
------------------------------
Total Observed scale h2: 0.092 (0.0033)
Lambda GC: 1.4781
Mean Chi^2: 1.6482
Intercept: 0.9266 (0.0104)
Ratio < 0 (usually indicates GC correction).

Genetic Covariance
------------------
Total Observed scale gencov: -0.0006 (0.0028)
Mean z1*z2: 0.0072
Intercept: 0.0068 (0.0042)

Genetic Correlation
-------------------
Genetic Correlation: -0.0129 (0.0597)
Z-score: -0.2155
P: 0.8294

Computing rg for phenotype 7/14
Reading summary statistics from ../SAMPLE_DATA/OTHER_TRAITS_GWAS/Handedness/munged.sumstats.gz ...
Read summary statistics for 1217311 SNPs.
After merging with summary statistics, 1168875 SNPs remain.
1165342 SNPs with valid alleles.

Heritability of phenotype 7/14
------------------------------
Total Observed scale h2: 0.0126 (0.0016)
Lambda GC: 1.105
Mean Chi^2: 1.1141
Intercept: 1.0325 (0.0073)
Ratio: 0.2848 (0.0643)

Genetic Covariance
------------------
Total Observed scale gencov: 0.0003 (0.0022)
Mean z1*z2: 0.0053
Intercept: 0.0046 (0.0037)

Genetic Correlation
-------------------
Genetic Correlation: 0.019 (0.1271)
Z-score: 0.1497
P: 0.881

Computing rg for phenotype 8/14
Reading summary statistics from ../SAMPLE_DATA/OTHER_TRAITS_GWAS/Intelligence/munged.sumstats.gz ...
Read summary statistics for 1217311 SNPs.
After merging with summary statistics, 1168875 SNPs remain.
1162630 SNPs with valid alleles.

Heritability of phenotype 8/14
------------------------------
Total Observed scale h2: 1.5194 (0.0831)
Lambda GC: 1.2597
Mean Chi^2: 1.3011
Intercept: 1.0097 (0.0082)
Ratio: 0.0321 (0.0273)

Genetic Covariance
------------------
Total Observed scale gencov: 0.0096 (0.0155)
Mean z1*z2: 0.0056
Intercept: 0.0021 (0.004)

Genetic Correlation
-------------------
Genetic Correlation: 0.0493 (0.0809)
Z-score: 0.6091
P: 0.5424

Computing rg for phenotype 9/14
Reading summary statistics from ../SAMPLE_DATA/OTHER_TRAITS_GWAS/LanguageFunctionalConnectivity/munged.sumstats.gz ...
Read summary statistics for 1217311 SNPs.
After merging with summary statistics, 1168875 SNPs remain.
1168698 SNPs with valid alleles.

Heritability of phenotype 9/14
------------------------------
Total Observed scale h2: 0.3863 (0.0261)
Lambda GC: 1.3169
Mean Chi^2: 1.259
Intercept: 1.0106 (0.0076)
Ratio: 0.0409 (0.0295)

Genetic Covariance
------------------
Total Observed scale gencov: 0.0227 (0.0073)
Mean z1*z2: -0.0895
Intercept: -0.1035 (0.0036)

Genetic Correlation
-------------------
Genetic Correlation: 0.2349 (0.1133)
Z-score: 2.0739
P: 0.0381

Computing rg for phenotype 10/14
Reading summary statistics from ../SAMPLE_DATA/OTHER_TRAITS_GWAS/MajorDepressiveDisorder/munged.sumstats.gz ...
Read summary statistics for 1217311 SNPs.
After merging with summary statistics, 1168875 SNPs remain.
254748 SNPs with valid alleles.

Heritability of phenotype 10/14
-------------------------------
Total Observed scale h2: 0.002 (0.0087)
Lambda GC: 1.0075
Mean Chi^2: 1.0105
Intercept: 1.0088 (0.0074)
Ratio: 0.8369 (0.7026)

Genetic Covariance
------------------
Total Observed scale gencov: 5.6995e-05 (0.0071)
Mean z1*z2: 0.001
Intercept: 0.001 (0.0051)

Genetic Correlation
-------------------
Genetic Correlation: 0.0106 (1.4818)
Z-score: 0.0071
P: 0.9943

Computing rg for phenotype 11/14
Reading summary statistics from ../SAMPLE_DATA/OTHER_TRAITS_GWAS/NeuroticismMeasurement/munged.sumstats.gz ...
Read summary statistics for 1217311 SNPs.
After merging with summary statistics, 1168875 SNPs remain.
1168608 SNPs with valid alleles.

Heritability of phenotype 11/14
-------------------------------
Total Observed scale h2: 0.1104 (0.0054)
Lambda GC: 1.5327
Mean Chi^2: 1.7507
Intercept: 1.0114 (0.0133)
Ratio: 0.0151 (0.0177)

Genetic Covariance
------------------
Total Observed scale gencov: -0.0022 (0.0028)
Mean z1*z2: -0.0025
Intercept: 0.0016 (0.0039)

Genetic Correlation
-------------------
Genetic Correlation: -0.0432 (0.0538)
Z-score: -0.8034
P: 0.4217

Computing rg for phenotype 12/14
Reading summary statistics from ../SAMPLE_DATA/OTHER_TRAITS_GWAS/OCD/munged.sumstats.gz ...
Read summary statistics for 1217311 SNPs.
After merging with summary statistics, 1168875 SNPs remain.
1092485 SNPs with valid alleles.

Heritability of phenotype 12/14
-------------------------------
Total Observed scale h2: 0.3131 (0.0489)
Lambda GC: 1.0527
Mean Chi^2: 1.0569
Intercept: 0.995 (0.0067)
Ratio < 0 (usually indicates GC correction).

Genetic Covariance
------------------
Total Observed scale gencov: 0.0026 (0.0136)
Mean z1*z2: -0.0083
Intercept: -0.0088 (0.0037)

Genetic Correlation
-------------------
Genetic Correlation: 0.0309 (0.1625)
Z-score: 0.1902
P: 0.8492

Computing rg for phenotype 13/14
Reading summary statistics from ../SAMPLE_DATA/OTHER_TRAITS_GWAS/RedHair/munged.sumstats.gz ...
Read summary statistics for 1217311 SNPs.
After merging with summary statistics, 1168875 SNPs remain.
1128902 SNPs with valid alleles.

Heritability of phenotype 13/14
-------------------------------
Total Observed scale h2: 0.0511 (0.0271)
Lambda GC: 1.0436
Mean Chi^2: 1.3482
Intercept: 1.0217 (0.0893)
Ratio: 0.0623 (0.2564)

Genetic Covariance
------------------
Total Observed scale gencov: 0.0039 (0.0026)
Mean z1*z2: 0.0026
Intercept: -0.0047 (0.0043)

Genetic Correlation
-------------------
Genetic Correlation: 0.1079 (0.0844)
Z-score: 1.2775
P: 0.2014

Computing rg for phenotype 14/14
Reading summary statistics from ../SAMPLE_DATA/OTHER_TRAITS_GWAS/Schizophrenia/munged.sumstats.gz ...
Read summary statistics for 1217311 SNPs.
After merging with summary statistics, 1168875 SNPs remain.
1106322 SNPs with valid alleles.

Heritability of phenotype 14/14
-------------------------------
Total Observed scale h2: 0.4414 (0.0179)
Lambda GC: 1.5957
Mean Chi^2: 1.7867
Intercept: 1.0412 (0.0122)
Ratio: 0.0524 (0.0155)

Genetic Covariance
------------------
Total Observed scale gencov: 0.0172 (0.0063)
Mean z1*z2: -0.019
Intercept: -0.0364 (0.0047)

Genetic Correlation
-------------------
Genetic Correlation: 0.1606 (0.0784)
Z-score: 2.0488
P: 0.0405


Summary of Genetic Correlation Results
                                                                                            p1                                                                                  p2      rg      se       z       p  h2_obs  h2_obs_se  h2_int  h2_int_se  gcov_int  gcov_int_se
 ../results/asymmetry/ldsc/joinedDatasets/mean_imputed/not_subsampled/munged/par25.sumstats.gz                            ../SAMPLE_DATA/OTHER_TRAITS_GWAS/ADHD/munged.sumstats.gz  0.0981  0.0842  1.1642  0.2443  0.2372     0.0155  1.0318     0.0105   -0.0264       0.0046
 ../results/asymmetry/ldsc/joinedDatasets/mean_imputed/not_subsampled/munged/par25.sumstats.gz               ../SAMPLE_DATA/OTHER_TRAITS_GWAS/AlzheimersDisease/munged.sumstats.gz  0.2202  0.1585  1.3897  0.1646  0.0083     0.0041  1.0540     0.0508   -0.0173       0.0040
 ../results/asymmetry/ldsc/joinedDatasets/mean_imputed/not_subsampled/munged/par25.sumstats.gz                             ../SAMPLE_DATA/OTHER_TRAITS_GWAS/ASD/munged.sumstats.gz  0.3179  0.1296  2.4531  0.0142  0.1939     0.0168  1.0086     0.0096   -0.0360       0.0047
 ../results/asymmetry/ldsc/joinedDatasets/mean_imputed/not_subsampled/munged/par25.sumstats.gz              ../SAMPLE_DATA/OTHER_TRAITS_GWAS/BipolarDisorderAll/munged.sumstats.gz  0.1535  0.0747  2.0564  0.0397  0.0699     0.0029  1.0329     0.0112   -0.0360       0.0043
 ../results/asymmetry/ldsc/joinedDatasets/mean_imputed/not_subsampled/munged/par25.sumstats.gz           ../SAMPLE_DATA/OTHER_TRAITS_GWAS/EducationalAttainment/munged.sumstats.gz -0.0129  0.0597 -0.2155  0.8294  0.0920     0.0033  0.9266     0.0104    0.0068       0.0042
 ../results/asymmetry/ldsc/joinedDatasets/mean_imputed/not_subsampled/munged/par25.sumstats.gz                      ../SAMPLE_DATA/OTHER_TRAITS_GWAS/Handedness/munged.sumstats.gz  0.0190  0.1271  0.1497  0.8810  0.0126     0.0016  1.0325     0.0073    0.0046       0.0037
 ../results/asymmetry/ldsc/joinedDatasets/mean_imputed/not_subsampled/munged/par25.sumstats.gz                    ../SAMPLE_DATA/OTHER_TRAITS_GWAS/Intelligence/munged.sumstats.gz  0.0493  0.0809  0.6091  0.5424  1.5194     0.0831  1.0097     0.0082    0.0021       0.0040
 ../results/asymmetry/ldsc/joinedDatasets/mean_imputed/not_subsampled/munged/par25.sumstats.gz  ../SAMPLE_DATA/OTHER_TRAITS_GWAS/LanguageFunctionalConnectivity/munged.sumstats.gz  0.2349  0.1133  2.0739  0.0381  0.3863     0.0261  1.0106     0.0076   -0.1035       0.0036
 ../results/asymmetry/ldsc/joinedDatasets/mean_imputed/not_subsampled/munged/par25.sumstats.gz         ../SAMPLE_DATA/OTHER_TRAITS_GWAS/MajorDepressiveDisorder/munged.sumstats.gz  0.0106  1.4818  0.0071  0.9943  0.0020     0.0087  1.0088     0.0074    0.0010       0.0051
 ../results/asymmetry/ldsc/joinedDatasets/mean_imputed/not_subsampled/munged/par25.sumstats.gz          ../SAMPLE_DATA/OTHER_TRAITS_GWAS/NeuroticismMeasurement/munged.sumstats.gz -0.0432  0.0538 -0.8034  0.4217  0.1104     0.0054  1.0114     0.0133    0.0016       0.0039
 ../results/asymmetry/ldsc/joinedDatasets/mean_imputed/not_subsampled/munged/par25.sumstats.gz                             ../SAMPLE_DATA/OTHER_TRAITS_GWAS/OCD/munged.sumstats.gz  0.0309  0.1625  0.1902  0.8492  0.3131     0.0489  0.9950     0.0067   -0.0088       0.0037
 ../results/asymmetry/ldsc/joinedDatasets/mean_imputed/not_subsampled/munged/par25.sumstats.gz                         ../SAMPLE_DATA/OTHER_TRAITS_GWAS/RedHair/munged.sumstats.gz  0.1079  0.0844  1.2775  0.2014  0.0511     0.0271  1.0217     0.0893   -0.0047       0.0043
 ../results/asymmetry/ldsc/joinedDatasets/mean_imputed/not_subsampled/munged/par25.sumstats.gz                   ../SAMPLE_DATA/OTHER_TRAITS_GWAS/Schizophrenia/munged.sumstats.gz  0.1606  0.0784  2.0488  0.0405  0.4414     0.0179  1.0412     0.0122   -0.0364       0.0047

Analysis finished at Sun Apr 10 23:28:01 2022
Total time elapsed: 1.0m:16.56s
