*********************************************************************
* LD Score Regression (LDSC)
* Version 1.0.1
* (C) 2014-2019 Brendan Bulik-Sullivan and Hilary Finucane
* Broad Institute of MIT and Harvard / MIT Department of Mathematics
* GNU General Public License v3
*********************************************************************
Call: 
./ldsc.py \
--ref-ld-chr ../SAMPLE_DATA/eur_w_ld_chr/ \
--out ../results/asymmetry/ldsc/other_traits/joinedDatasets/mean_imputed/not_subsampled/rg/par23 \
--rg ../results/asymmetry/ldsc/joinedDatasets/mean_imputed/not_subsampled/munged/par23.sumstats.gz,../SAMPLE_DATA/OTHER_TRAITS_GWAS/ADHD/munged.sumstats.gz,../SAMPLE_DATA/OTHER_TRAITS_GWAS/ASD/munged.sumstats.gz,../SAMPLE_DATA/OTHER_TRAITS_GWAS/BipolarDisorderAll/munged.sumstats.gz,../SAMPLE_DATA/OTHER_TRAITS_GWAS/Handedness/munged.sumstats.gz,../SAMPLE_DATA/OTHER_TRAITS_GWAS/Intelligence/munged.sumstats.gz,../SAMPLE_DATA/OTHER_TRAITS_GWAS/LanguageFunctionalConnectivity/munged.sumstats.gz,../SAMPLE_DATA/OTHER_TRAITS_GWAS/OCD/munged.sumstats.gz,../SAMPLE_DATA/OTHER_TRAITS_GWAS/Schizophrenia/munged.sumstats.gz \
--w-ld-chr ../SAMPLE_DATA/eur_w_ld_chr/ 

Beginning analysis at Sun Apr  3 14:45:13 2022
Reading summary statistics from ../results/asymmetry/ldsc/joinedDatasets/mean_imputed/not_subsampled/munged/par23.sumstats.gz ...
Read summary statistics for 1174887 SNPs.
Reading reference panel LD Score from ../SAMPLE_DATA/eur_w_ld_chr/[1-22] ... (ldscore_fromlist)
Read reference panel LD Scores for 1290028 SNPs.
Removing partitioned LD Scores with zero variance.
Reading regression weight LD Score from ../SAMPLE_DATA/eur_w_ld_chr/[1-22] ... (ldscore_fromlist)
Read regression weight LD Scores for 1290028 SNPs.
After merging with reference panel LD, 1168875 SNPs remain.
After merging with regression SNP LD, 1168875 SNPs remain.
Computing rg for phenotype 2/9
Reading summary statistics from ../SAMPLE_DATA/OTHER_TRAITS_GWAS/ADHD/munged.sumstats.gz ...
Read summary statistics for 1217311 SNPs.
After merging with summary statistics, 1168875 SNPs remain.
1057891 SNPs with valid alleles.

Heritability of phenotype 1
---------------------------
Total Observed scale h2: 0.0221 (0.0149)
Lambda GC: 1.0195
Mean Chi^2: 1.0224
Intercept: 1.0058 (0.0073)
Ratio: 0.258 (0.3275)

Heritability of phenotype 2/9
-----------------------------
Total Observed scale h2: 0.2372 (0.0155)
Lambda GC: 1.2531
Mean Chi^2: 1.2966
Intercept: 1.0318 (0.0105)
Ratio: 0.1074 (0.0353)

Genetic Covariance
------------------
Total Observed scale gencov: 0.0093 (0.0066)
Mean z1*z2: -0.0148
Intercept: -0.0222 (0.0046)

Genetic Correlation
-------------------
Genetic Correlation: 0.128 (0.1092)
Z-score: 1.1726
P: 0.241

Computing rg for phenotype 3/9
Reading summary statistics from ../SAMPLE_DATA/OTHER_TRAITS_GWAS/ASD/munged.sumstats.gz ...
Read summary statistics for 1217311 SNPs.
After merging with summary statistics, 1168875 SNPs remain.
1039703 SNPs with valid alleles.

Heritability of phenotype 3/9
-----------------------------
Total Observed scale h2: 0.1939 (0.0168)
Lambda GC: 1.1715
Mean Chi^2: 1.1999
Intercept: 1.0086 (0.0096)
Ratio: 0.043 (0.0479)

Genetic Covariance
------------------
Total Observed scale gencov: 0.0244 (0.0069)
Mean z1*z2: -0.0115
Intercept: -0.0322 (0.0045)

Genetic Correlation
-------------------
Genetic Correlation: 0.383 (0.173)
Z-score: 2.2134
P: 0.0269

Computing rg for phenotype 4/9
Reading summary statistics from ../SAMPLE_DATA/OTHER_TRAITS_GWAS/BipolarDisorderAll/munged.sumstats.gz ...
Read summary statistics for 1217311 SNPs.
After merging with summary statistics, 1168875 SNPs remain.
1114782 SNPs with valid alleles.

Heritability of phenotype 4/9
-----------------------------
Total Observed scale h2: 0.0699 (0.0029)
Lambda GC: 1.4673
Mean Chi^2: 1.6111
Intercept: 1.0329 (0.0112)
Ratio: 0.0539 (0.0183)

Genetic Covariance
------------------
Total Observed scale gencov: 0.0117 (0.0027)
Mean z1*z2: -0.0137
Intercept: -0.0403 (0.0044)

Genetic Correlation
-------------------
Genetic Correlation: 0.2804 (0.1052)
Z-score: 2.6667
P: 0.0077

Computing rg for phenotype 5/9
Reading summary statistics from ../SAMPLE_DATA/OTHER_TRAITS_GWAS/Handedness/munged.sumstats.gz ...
Read summary statistics for 1217311 SNPs.
After merging with summary statistics, 1168875 SNPs remain.
1165342 SNPs with valid alleles.

Heritability of phenotype 5/9
-----------------------------
Total Observed scale h2: 0.0126 (0.0016)
Lambda GC: 1.105
Mean Chi^2: 1.1141
Intercept: 1.0325 (0.0073)
Ratio: 0.2848 (0.0643)

Genetic Covariance
------------------
Total Observed scale gencov: -7.0465e-05 (0.0023)
Mean z1*z2: 0.0017
Intercept: 0.0018 (0.0038)

Genetic Correlation
-------------------
Genetic Correlation: -0.004 (0.1331)
Z-score: -0.0297
P: 0.9763

Computing rg for phenotype 6/9
Reading summary statistics from ../SAMPLE_DATA/OTHER_TRAITS_GWAS/Intelligence/munged.sumstats.gz ...
Read summary statistics for 1217311 SNPs.
After merging with summary statistics, 1168875 SNPs remain.
1162630 SNPs with valid alleles.

Heritability of phenotype 6/9
-----------------------------
Total Observed scale h2: 1.5194 (0.0831)
Lambda GC: 1.2597
Mean Chi^2: 1.3011
Intercept: 1.0097 (0.0082)
Ratio: 0.0321 (0.0273)

Genetic Covariance
------------------
Total Observed scale gencov: 0.0132 (0.0144)
Mean z1*z2: 0.0076
Intercept: 0.0023 (0.0037)

Genetic Correlation
-------------------
Genetic Correlation: 0.0672 (0.0749)
Z-score: 0.8965
P: 0.37

Computing rg for phenotype 7/9
Reading summary statistics from ../SAMPLE_DATA/OTHER_TRAITS_GWAS/LanguageFunctionalConnectivity/munged.sumstats.gz ...
Read summary statistics for 1217311 SNPs.
After merging with summary statistics, 1168875 SNPs remain.
1168698 SNPs with valid alleles.

Heritability of phenotype 7/9
-----------------------------
Total Observed scale h2: 0.3863 (0.0261)
Lambda GC: 1.3169
Mean Chi^2: 1.259
Intercept: 1.0106 (0.0076)
Ratio: 0.0409 (0.0295)

Genetic Covariance
------------------
Total Observed scale gencov: 0.0373 (0.0068)
Mean z1*z2: -0.0901
Intercept: -0.1142 (0.0033)

Genetic Correlation
-------------------
Genetic Correlation: 0.3809 (0.1465)
Z-score: 2.6008
P: 0.0093

Computing rg for phenotype 8/9
Reading summary statistics from ../SAMPLE_DATA/OTHER_TRAITS_GWAS/OCD/munged.sumstats.gz ...
Read summary statistics for 1217311 SNPs.
After merging with summary statistics, 1168875 SNPs remain.
1092485 SNPs with valid alleles.

Heritability of phenotype 8/9
-----------------------------
Total Observed scale h2: 0.3131 (0.0489)
Lambda GC: 1.0527
Mean Chi^2: 1.0569
Intercept: 0.995 (0.0067)
Ratio < 0 (usually indicates GC correction).

Genetic Covariance
------------------
Total Observed scale gencov: 0.0371 (0.014)
Mean z1*z2: -0.0038
Intercept: -0.0181 (0.0041)

Genetic Correlation
-------------------
Genetic Correlation: 0.4342 (0.216)
Z-score: 2.0102
P: 0.0444

Computing rg for phenotype 9/9
Reading summary statistics from ../SAMPLE_DATA/OTHER_TRAITS_GWAS/Schizophrenia/munged.sumstats.gz ...
Read summary statistics for 1217311 SNPs.
After merging with summary statistics, 1168875 SNPs remain.
1106322 SNPs with valid alleles.

Heritability of phenotype 9/9
-----------------------------
Total Observed scale h2: 0.4414 (0.0179)
Lambda GC: 1.5957
Mean Chi^2: 1.7867
Intercept: 1.0412 (0.0122)
Ratio: 0.0524 (0.0155)

Genetic Covariance
------------------
Total Observed scale gencov: 0.0315 (0.0065)
Mean z1*z2: -0.0106
Intercept: -0.0432 (0.0048)

Genetic Correlation
-------------------
Genetic Correlation: 0.3001 (0.1013)
Z-score: 2.9623
P: 0.0031


Summary of Genetic Correlation Results
                                                                                            p1                                                                                  p2      rg      se       z       p  h2_obs  h2_obs_se  h2_int  h2_int_se  gcov_int  gcov_int_se
 ../results/asymmetry/ldsc/joinedDatasets/mean_imputed/not_subsampled/munged/par23.sumstats.gz                            ../SAMPLE_DATA/OTHER_TRAITS_GWAS/ADHD/munged.sumstats.gz  0.1280  0.1092  1.1726  0.2410  0.2372     0.0155  1.0318     0.0105   -0.0222       0.0046
 ../results/asymmetry/ldsc/joinedDatasets/mean_imputed/not_subsampled/munged/par23.sumstats.gz                             ../SAMPLE_DATA/OTHER_TRAITS_GWAS/ASD/munged.sumstats.gz  0.3830  0.1730  2.2134  0.0269  0.1939     0.0168  1.0086     0.0096   -0.0322       0.0045
 ../results/asymmetry/ldsc/joinedDatasets/mean_imputed/not_subsampled/munged/par23.sumstats.gz              ../SAMPLE_DATA/OTHER_TRAITS_GWAS/BipolarDisorderAll/munged.sumstats.gz  0.2804  0.1052  2.6667  0.0077  0.0699     0.0029  1.0329     0.0112   -0.0403       0.0044
 ../results/asymmetry/ldsc/joinedDatasets/mean_imputed/not_subsampled/munged/par23.sumstats.gz                      ../SAMPLE_DATA/OTHER_TRAITS_GWAS/Handedness/munged.sumstats.gz -0.0040  0.1331 -0.0297  0.9763  0.0126     0.0016  1.0325     0.0073    0.0018       0.0038
 ../results/asymmetry/ldsc/joinedDatasets/mean_imputed/not_subsampled/munged/par23.sumstats.gz                    ../SAMPLE_DATA/OTHER_TRAITS_GWAS/Intelligence/munged.sumstats.gz  0.0672  0.0749  0.8965  0.3700  1.5194     0.0831  1.0097     0.0082    0.0023       0.0037
 ../results/asymmetry/ldsc/joinedDatasets/mean_imputed/not_subsampled/munged/par23.sumstats.gz  ../SAMPLE_DATA/OTHER_TRAITS_GWAS/LanguageFunctionalConnectivity/munged.sumstats.gz  0.3809  0.1465  2.6008  0.0093  0.3863     0.0261  1.0106     0.0076   -0.1142       0.0033
 ../results/asymmetry/ldsc/joinedDatasets/mean_imputed/not_subsampled/munged/par23.sumstats.gz                             ../SAMPLE_DATA/OTHER_TRAITS_GWAS/OCD/munged.sumstats.gz  0.4342  0.2160  2.0102  0.0444  0.3131     0.0489  0.9950     0.0067   -0.0181       0.0041
 ../results/asymmetry/ldsc/joinedDatasets/mean_imputed/not_subsampled/munged/par23.sumstats.gz                   ../SAMPLE_DATA/OTHER_TRAITS_GWAS/Schizophrenia/munged.sumstats.gz  0.3001  0.1013  2.9623  0.0031  0.4414     0.0179  1.0412     0.0122   -0.0432       0.0048

Analysis finished at Sun Apr  3 14:46:06 2022
Total time elapsed: 52.89s
